2025-01-16 00:16:53,535 - INFO - Training with Vectorized Data 100 features. Dropout Rate 0.56. Dataset Size 2400. 128 neurons. Leanring Rate 0.001
2025-01-16 00:16:53,535 - INFO - Training for fold 1/5
2025-01-16 00:16:54,854 - INFO - Epoch [1/100], Train Accuracy: 0.6464, Val Accuracy: 0.9167
2025-01-16 00:16:54,953 - INFO - Epoch [2/100], Train Accuracy: 0.9031, Val Accuracy: 0.9062
2025-01-16 00:16:55,051 - INFO - Epoch [3/100], Train Accuracy: 0.9161, Val Accuracy: 0.9042
2025-01-16 00:16:55,158 - INFO - Epoch [4/100], Train Accuracy: 0.9276, Val Accuracy: 0.9125
2025-01-16 00:16:55,266 - INFO - Epoch [5/100], Train Accuracy: 0.9349, Val Accuracy: 0.9125
2025-01-16 00:16:55,371 - INFO - Epoch [6/100], Train Accuracy: 0.9380, Val Accuracy: 0.9167
2025-01-16 00:16:55,475 - INFO - Epoch [7/100], Train Accuracy: 0.9401, Val Accuracy: 0.9187
2025-01-16 00:16:55,578 - INFO - Epoch [8/100], Train Accuracy: 0.9448, Val Accuracy: 0.9208
2025-01-16 00:16:55,683 - INFO - Epoch [9/100], Train Accuracy: 0.9484, Val Accuracy: 0.9104
2025-01-16 00:16:55,783 - INFO - Epoch [10/100], Train Accuracy: 0.9536, Val Accuracy: 0.9229
2025-01-16 00:16:55,886 - INFO - Epoch [11/100], Train Accuracy: 0.9552, Val Accuracy: 0.9083
2025-01-16 00:16:55,985 - INFO - Epoch [12/100], Train Accuracy: 0.9573, Val Accuracy: 0.9125
2025-01-16 00:16:56,083 - INFO - Epoch [13/100], Train Accuracy: 0.9557, Val Accuracy: 0.9187
2025-01-16 00:16:56,184 - INFO - Epoch [14/100], Train Accuracy: 0.9578, Val Accuracy: 0.9104
2025-01-16 00:16:56,274 - INFO - Epoch [15/100], Train Accuracy: 0.9589, Val Accuracy: 0.9167
2025-01-16 00:16:56,380 - INFO - Epoch [16/100], Train Accuracy: 0.9604, Val Accuracy: 0.9125
2025-01-16 00:16:56,477 - INFO - Epoch [17/100], Train Accuracy: 0.9625, Val Accuracy: 0.9104
2025-01-16 00:16:56,580 - INFO - Epoch [18/100], Train Accuracy: 0.9625, Val Accuracy: 0.9125
2025-01-16 00:16:56,689 - INFO - Epoch [19/100], Train Accuracy: 0.9630, Val Accuracy: 0.9104
2025-01-16 00:16:56,789 - INFO - Epoch [20/100], Train Accuracy: 0.9651, Val Accuracy: 0.9146
2025-01-16 00:16:56,884 - INFO - Epoch [21/100], Train Accuracy: 0.9661, Val Accuracy: 0.9167
2025-01-16 00:16:56,981 - INFO - Epoch [22/100], Train Accuracy: 0.9682, Val Accuracy: 0.9146
2025-01-16 00:16:57,079 - INFO - Epoch [23/100], Train Accuracy: 0.9677, Val Accuracy: 0.9167
2025-01-16 00:16:57,168 - INFO - Epoch [24/100], Train Accuracy: 0.9677, Val Accuracy: 0.9083
2025-01-16 00:16:57,257 - INFO - Epoch [25/100], Train Accuracy: 0.9693, Val Accuracy: 0.9104
2025-01-16 00:16:57,351 - INFO - Epoch [26/100], Train Accuracy: 0.9693, Val Accuracy: 0.9104
2025-01-16 00:16:57,451 - INFO - Epoch [27/100], Train Accuracy: 0.9703, Val Accuracy: 0.9187
2025-01-16 00:16:57,548 - INFO - Epoch [28/100], Train Accuracy: 0.9708, Val Accuracy: 0.9167
2025-01-16 00:16:57,637 - INFO - Epoch [29/100], Train Accuracy: 0.9708, Val Accuracy: 0.9187
2025-01-16 00:16:57,741 - INFO - Epoch [30/100], Train Accuracy: 0.9729, Val Accuracy: 0.9167
2025-01-16 00:16:57,844 - INFO - Epoch [31/100], Train Accuracy: 0.9734, Val Accuracy: 0.9125
2025-01-16 00:16:57,945 - INFO - Epoch [32/100], Train Accuracy: 0.9734, Val Accuracy: 0.9125
2025-01-16 00:16:58,037 - INFO - Epoch [33/100], Train Accuracy: 0.9740, Val Accuracy: 0.9187
2025-01-16 00:16:58,136 - INFO - Epoch [34/100], Train Accuracy: 0.9745, Val Accuracy: 0.9146
2025-01-16 00:16:58,234 - INFO - Epoch [35/100], Train Accuracy: 0.9755, Val Accuracy: 0.9167
2025-01-16 00:16:58,339 - INFO - Epoch [36/100], Train Accuracy: 0.9760, Val Accuracy: 0.9125
2025-01-16 00:16:58,433 - INFO - Epoch [37/100], Train Accuracy: 0.9745, Val Accuracy: 0.9083
2025-01-16 00:16:58,532 - INFO - Epoch [38/100], Train Accuracy: 0.9750, Val Accuracy: 0.9146
2025-01-16 00:16:58,629 - INFO - Epoch [39/100], Train Accuracy: 0.9776, Val Accuracy: 0.9104
2025-01-16 00:16:58,724 - INFO - Epoch [40/100], Train Accuracy: 0.9781, Val Accuracy: 0.9104
2025-01-16 00:16:58,819 - INFO - Epoch [41/100], Train Accuracy: 0.9771, Val Accuracy: 0.9125
2025-01-16 00:16:58,909 - INFO - Epoch [42/100], Train Accuracy: 0.9776, Val Accuracy: 0.9062
2025-01-16 00:16:58,918 - INFO - Fold 1 Validation Accuracy: 0.9062
2025-01-16 00:16:58,919 - INFO - Training for fold 2/5
2025-01-16 00:16:59,018 - INFO - Epoch [1/100], Train Accuracy: 0.6401, Val Accuracy: 0.8708
2025-01-16 00:16:59,112 - INFO - Epoch [2/100], Train Accuracy: 0.8906, Val Accuracy: 0.8958
2025-01-16 00:16:59,200 - INFO - Epoch [3/100], Train Accuracy: 0.9104, Val Accuracy: 0.8979
2025-01-16 00:16:59,286 - INFO - Epoch [4/100], Train Accuracy: 0.9229, Val Accuracy: 0.9125
2025-01-16 00:16:59,372 - INFO - Epoch [5/100], Train Accuracy: 0.9281, Val Accuracy: 0.9229
2025-01-16 00:16:59,459 - INFO - Epoch [6/100], Train Accuracy: 0.9349, Val Accuracy: 0.9187
2025-01-16 00:16:59,546 - INFO - Epoch [7/100], Train Accuracy: 0.9380, Val Accuracy: 0.9271
2025-01-16 00:16:59,630 - INFO - Epoch [8/100], Train Accuracy: 0.9385, Val Accuracy: 0.9292
2025-01-16 00:16:59,714 - INFO - Epoch [9/100], Train Accuracy: 0.9484, Val Accuracy: 0.9271
2025-01-16 00:16:59,801 - INFO - Epoch [10/100], Train Accuracy: 0.9490, Val Accuracy: 0.9333
2025-01-16 00:16:59,884 - INFO - Epoch [11/100], Train Accuracy: 0.9510, Val Accuracy: 0.9375
2025-01-16 00:16:59,971 - INFO - Epoch [12/100], Train Accuracy: 0.9526, Val Accuracy: 0.9354
2025-01-16 00:17:00,063 - INFO - Epoch [13/100], Train Accuracy: 0.9526, Val Accuracy: 0.9271
2025-01-16 00:17:00,150 - INFO - Epoch [14/100], Train Accuracy: 0.9547, Val Accuracy: 0.9313
2025-01-16 00:17:00,236 - INFO - Epoch [15/100], Train Accuracy: 0.9578, Val Accuracy: 0.9292
2025-01-16 00:17:00,321 - INFO - Epoch [16/100], Train Accuracy: 0.9594, Val Accuracy: 0.9313
2025-01-16 00:17:00,404 - INFO - Epoch [17/100], Train Accuracy: 0.9599, Val Accuracy: 0.9250
2025-01-16 00:17:00,492 - INFO - Epoch [18/100], Train Accuracy: 0.9630, Val Accuracy: 0.9313
2025-01-16 00:17:00,577 - INFO - Epoch [19/100], Train Accuracy: 0.9646, Val Accuracy: 0.9313
2025-01-16 00:17:00,670 - INFO - Epoch [20/100], Train Accuracy: 0.9672, Val Accuracy: 0.9271
2025-01-16 00:17:00,765 - INFO - Epoch [21/100], Train Accuracy: 0.9661, Val Accuracy: 0.9271
2025-01-16 00:17:00,849 - INFO - Epoch [22/100], Train Accuracy: 0.9661, Val Accuracy: 0.9292
2025-01-16 00:17:00,936 - INFO - Epoch [23/100], Train Accuracy: 0.9651, Val Accuracy: 0.9250
2025-01-16 00:17:01,021 - INFO - Epoch [24/100], Train Accuracy: 0.9682, Val Accuracy: 0.9292
2025-01-16 00:17:01,109 - INFO - Epoch [25/100], Train Accuracy: 0.9703, Val Accuracy: 0.9250
2025-01-16 00:17:01,200 - INFO - Epoch [26/100], Train Accuracy: 0.9693, Val Accuracy: 0.9250
2025-01-16 00:17:01,291 - INFO - Epoch [27/100], Train Accuracy: 0.9708, Val Accuracy: 0.9250
2025-01-16 00:17:01,389 - INFO - Epoch [28/100], Train Accuracy: 0.9724, Val Accuracy: 0.9250
2025-01-16 00:17:01,476 - INFO - Epoch [29/100], Train Accuracy: 0.9724, Val Accuracy: 0.9271
2025-01-16 00:17:01,563 - INFO - Epoch [30/100], Train Accuracy: 0.9724, Val Accuracy: 0.9250
2025-01-16 00:17:01,646 - INFO - Epoch [31/100], Train Accuracy: 0.9724, Val Accuracy: 0.9250
2025-01-16 00:17:01,736 - INFO - Epoch [32/100], Train Accuracy: 0.9729, Val Accuracy: 0.9271
2025-01-16 00:17:01,829 - INFO - Epoch [33/100], Train Accuracy: 0.9729, Val Accuracy: 0.9271
2025-01-16 00:17:01,916 - INFO - Epoch [34/100], Train Accuracy: 0.9740, Val Accuracy: 0.9250
2025-01-16 00:17:02,008 - INFO - Epoch [35/100], Train Accuracy: 0.9760, Val Accuracy: 0.9271
2025-01-16 00:17:02,096 - INFO - Epoch [36/100], Train Accuracy: 0.9760, Val Accuracy: 0.9292
2025-01-16 00:17:02,183 - INFO - Epoch [37/100], Train Accuracy: 0.9776, Val Accuracy: 0.9271
2025-01-16 00:17:02,264 - INFO - Epoch [38/100], Train Accuracy: 0.9781, Val Accuracy: 0.9250
2025-01-16 00:17:02,350 - INFO - Epoch [39/100], Train Accuracy: 0.9781, Val Accuracy: 0.9292
2025-01-16 00:17:02,430 - INFO - Epoch [40/100], Train Accuracy: 0.9771, Val Accuracy: 0.9271
2025-01-16 00:17:02,516 - INFO - Epoch [41/100], Train Accuracy: 0.9781, Val Accuracy: 0.9250
2025-01-16 00:17:02,599 - INFO - Epoch [42/100], Train Accuracy: 0.9786, Val Accuracy: 0.9271
2025-01-16 00:17:02,682 - INFO - Epoch [43/100], Train Accuracy: 0.9786, Val Accuracy: 0.9271
2025-01-16 00:17:02,770 - INFO - Epoch [44/100], Train Accuracy: 0.9792, Val Accuracy: 0.9250
2025-01-16 00:17:02,856 - INFO - Epoch [45/100], Train Accuracy: 0.9792, Val Accuracy: 0.9292
2025-01-16 00:17:02,938 - INFO - Epoch [46/100], Train Accuracy: 0.9792, Val Accuracy: 0.9271
2025-01-16 00:17:03,029 - INFO - Epoch [47/100], Train Accuracy: 0.9797, Val Accuracy: 0.9271
2025-01-16 00:17:03,113 - INFO - Epoch [48/100], Train Accuracy: 0.9797, Val Accuracy: 0.9292
2025-01-16 00:17:03,200 - INFO - Epoch [49/100], Train Accuracy: 0.9802, Val Accuracy: 0.9271
2025-01-16 00:17:03,295 - INFO - Epoch [50/100], Train Accuracy: 0.9802, Val Accuracy: 0.9292
2025-01-16 00:17:03,379 - INFO - Epoch [51/100], Train Accuracy: 0.9802, Val Accuracy: 0.9208
2025-01-16 00:17:03,388 - INFO - Fold 2 Validation Accuracy: 0.9208
2025-01-16 00:17:03,388 - INFO - Training for fold 3/5
2025-01-16 00:17:03,500 - INFO - Epoch [1/100], Train Accuracy: 0.6297, Val Accuracy: 0.9021
2025-01-16 00:17:03,586 - INFO - Epoch [2/100], Train Accuracy: 0.9042, Val Accuracy: 0.9083
2025-01-16 00:17:03,671 - INFO - Epoch [3/100], Train Accuracy: 0.9151, Val Accuracy: 0.9167
2025-01-16 00:17:03,757 - INFO - Epoch [4/100], Train Accuracy: 0.9240, Val Accuracy: 0.9187
2025-01-16 00:17:03,851 - INFO - Epoch [5/100], Train Accuracy: 0.9292, Val Accuracy: 0.9250
2025-01-16 00:17:03,942 - INFO - Epoch [6/100], Train Accuracy: 0.9323, Val Accuracy: 0.9229
2025-01-16 00:17:04,036 - INFO - Epoch [7/100], Train Accuracy: 0.9380, Val Accuracy: 0.9271
2025-01-16 00:17:04,135 - INFO - Epoch [8/100], Train Accuracy: 0.9427, Val Accuracy: 0.9229
2025-01-16 00:17:04,226 - INFO - Epoch [9/100], Train Accuracy: 0.9448, Val Accuracy: 0.9250
2025-01-16 00:17:04,319 - INFO - Epoch [10/100], Train Accuracy: 0.9484, Val Accuracy: 0.9271
2025-01-16 00:17:04,411 - INFO - Epoch [11/100], Train Accuracy: 0.9526, Val Accuracy: 0.9229
2025-01-16 00:17:04,508 - INFO - Epoch [12/100], Train Accuracy: 0.9500, Val Accuracy: 0.9250
2025-01-16 00:17:04,603 - INFO - Epoch [13/100], Train Accuracy: 0.9531, Val Accuracy: 0.9313
2025-01-16 00:17:04,697 - INFO - Epoch [14/100], Train Accuracy: 0.9573, Val Accuracy: 0.9271
2025-01-16 00:17:04,787 - INFO - Epoch [15/100], Train Accuracy: 0.9563, Val Accuracy: 0.9250
2025-01-16 00:17:04,887 - INFO - Epoch [16/100], Train Accuracy: 0.9599, Val Accuracy: 0.9292
2025-01-16 00:17:04,986 - INFO - Epoch [17/100], Train Accuracy: 0.9594, Val Accuracy: 0.9271
2025-01-16 00:17:05,080 - INFO - Epoch [18/100], Train Accuracy: 0.9615, Val Accuracy: 0.9271
2025-01-16 00:17:05,180 - INFO - Epoch [19/100], Train Accuracy: 0.9630, Val Accuracy: 0.9271
2025-01-16 00:17:05,272 - INFO - Epoch [20/100], Train Accuracy: 0.9646, Val Accuracy: 0.9271
2025-01-16 00:17:05,369 - INFO - Epoch [21/100], Train Accuracy: 0.9667, Val Accuracy: 0.9271
2025-01-16 00:17:05,469 - INFO - Epoch [22/100], Train Accuracy: 0.9672, Val Accuracy: 0.9271
2025-01-16 00:17:05,557 - INFO - Epoch [23/100], Train Accuracy: 0.9693, Val Accuracy: 0.9271
2025-01-16 00:17:05,651 - INFO - Epoch [24/100], Train Accuracy: 0.9693, Val Accuracy: 0.9208
2025-01-16 00:17:05,746 - INFO - Epoch [25/100], Train Accuracy: 0.9698, Val Accuracy: 0.9292
2025-01-16 00:17:05,837 - INFO - Epoch [26/100], Train Accuracy: 0.9714, Val Accuracy: 0.9313
2025-01-16 00:17:05,936 - INFO - Epoch [27/100], Train Accuracy: 0.9719, Val Accuracy: 0.9229
2025-01-16 00:17:06,035 - INFO - Epoch [28/100], Train Accuracy: 0.9719, Val Accuracy: 0.9250
2025-01-16 00:17:06,129 - INFO - Epoch [29/100], Train Accuracy: 0.9729, Val Accuracy: 0.9250
2025-01-16 00:17:06,226 - INFO - Epoch [30/100], Train Accuracy: 0.9729, Val Accuracy: 0.9313
2025-01-16 00:17:06,326 - INFO - Epoch [31/100], Train Accuracy: 0.9724, Val Accuracy: 0.9250
2025-01-16 00:17:06,421 - INFO - Epoch [32/100], Train Accuracy: 0.9734, Val Accuracy: 0.9208
2025-01-16 00:17:06,517 - INFO - Epoch [33/100], Train Accuracy: 0.9750, Val Accuracy: 0.9313
2025-01-16 00:17:06,611 - INFO - Epoch [34/100], Train Accuracy: 0.9745, Val Accuracy: 0.9292
2025-01-16 00:17:06,705 - INFO - Epoch [35/100], Train Accuracy: 0.9755, Val Accuracy: 0.9271
2025-01-16 00:17:06,803 - INFO - Epoch [36/100], Train Accuracy: 0.9755, Val Accuracy: 0.9271
2025-01-16 00:17:06,899 - INFO - Epoch [37/100], Train Accuracy: 0.9766, Val Accuracy: 0.9271
2025-01-16 00:17:07,001 - INFO - Epoch [38/100], Train Accuracy: 0.9771, Val Accuracy: 0.9208
2025-01-16 00:17:07,100 - INFO - Epoch [39/100], Train Accuracy: 0.9771, Val Accuracy: 0.9229
2025-01-16 00:17:07,194 - INFO - Epoch [40/100], Train Accuracy: 0.9776, Val Accuracy: 0.9271
2025-01-16 00:17:07,287 - INFO - Epoch [41/100], Train Accuracy: 0.9781, Val Accuracy: 0.9250
2025-01-16 00:17:07,388 - INFO - Epoch [42/100], Train Accuracy: 0.9781, Val Accuracy: 0.9229
2025-01-16 00:17:07,485 - INFO - Epoch [43/100], Train Accuracy: 0.9781, Val Accuracy: 0.9271
2025-01-16 00:17:07,578 - INFO - Epoch [44/100], Train Accuracy: 0.9786, Val Accuracy: 0.9208
2025-01-16 00:17:07,669 - INFO - Epoch [45/100], Train Accuracy: 0.9797, Val Accuracy: 0.9229
2025-01-16 00:17:07,763 - INFO - Epoch [46/100], Train Accuracy: 0.9797, Val Accuracy: 0.9313
2025-01-16 00:17:07,863 - INFO - Epoch [47/100], Train Accuracy: 0.9802, Val Accuracy: 0.9271
2025-01-16 00:17:07,954 - INFO - Epoch [48/100], Train Accuracy: 0.9802, Val Accuracy: 0.9250
2025-01-16 00:17:08,060 - INFO - Epoch [49/100], Train Accuracy: 0.9802, Val Accuracy: 0.9271
2025-01-16 00:17:08,156 - INFO - Epoch [50/100], Train Accuracy: 0.9802, Val Accuracy: 0.9208
2025-01-16 00:17:08,249 - INFO - Epoch [51/100], Train Accuracy: 0.9802, Val Accuracy: 0.9250
2025-01-16 00:17:08,340 - INFO - Epoch [52/100], Train Accuracy: 0.9802, Val Accuracy: 0.9250
2025-01-16 00:17:08,428 - INFO - Epoch [53/100], Train Accuracy: 0.9802, Val Accuracy: 0.9229
2025-01-16 00:17:08,520 - INFO - Epoch [54/100], Train Accuracy: 0.9802, Val Accuracy: 0.9250
2025-01-16 00:17:08,619 - INFO - Epoch [55/100], Train Accuracy: 0.9802, Val Accuracy: 0.9229
2025-01-16 00:17:08,710 - INFO - Epoch [56/100], Train Accuracy: 0.9802, Val Accuracy: 0.9229
2025-01-16 00:17:08,801 - INFO - Epoch [57/100], Train Accuracy: 0.9802, Val Accuracy: 0.9250
2025-01-16 00:17:08,893 - INFO - Epoch [58/100], Train Accuracy: 0.9802, Val Accuracy: 0.9271
2025-01-16 00:17:08,985 - INFO - Epoch [59/100], Train Accuracy: 0.9802, Val Accuracy: 0.9250
2025-01-16 00:17:09,085 - INFO - Epoch [60/100], Train Accuracy: 0.9802, Val Accuracy: 0.9250
2025-01-16 00:17:09,174 - INFO - Epoch [61/100], Train Accuracy: 0.9802, Val Accuracy: 0.9208
2025-01-16 00:17:09,263 - INFO - Epoch [62/100], Train Accuracy: 0.9802, Val Accuracy: 0.9229
2025-01-16 00:17:09,358 - INFO - Epoch [63/100], Train Accuracy: 0.9802, Val Accuracy: 0.9229
2025-01-16 00:17:09,452 - INFO - Epoch [64/100], Train Accuracy: 0.9807, Val Accuracy: 0.9271
2025-01-16 00:17:09,541 - INFO - Epoch [65/100], Train Accuracy: 0.9807, Val Accuracy: 0.9250
2025-01-16 00:17:09,644 - INFO - Epoch [66/100], Train Accuracy: 0.9807, Val Accuracy: 0.9250
2025-01-16 00:17:09,735 - INFO - Epoch [67/100], Train Accuracy: 0.9807, Val Accuracy: 0.9271
2025-01-16 00:17:09,821 - INFO - Epoch [68/100], Train Accuracy: 0.9807, Val Accuracy: 0.9250
2025-01-16 00:17:09,914 - INFO - Epoch [69/100], Train Accuracy: 0.9807, Val Accuracy: 0.9229
2025-01-16 00:17:10,005 - INFO - Epoch [70/100], Train Accuracy: 0.9807, Val Accuracy: 0.9250
2025-01-16 00:17:10,106 - INFO - Epoch [71/100], Train Accuracy: 0.9812, Val Accuracy: 0.9250
2025-01-16 00:17:10,202 - INFO - Epoch [72/100], Train Accuracy: 0.9812, Val Accuracy: 0.9250
2025-01-16 00:17:10,289 - INFO - Epoch [73/100], Train Accuracy: 0.9812, Val Accuracy: 0.9229
2025-01-16 00:17:10,385 - INFO - Epoch [74/100], Train Accuracy: 0.9812, Val Accuracy: 0.9250
2025-01-16 00:17:10,477 - INFO - Epoch [75/100], Train Accuracy: 0.9812, Val Accuracy: 0.9229
2025-01-16 00:17:10,580 - INFO - Epoch [76/100], Train Accuracy: 0.9812, Val Accuracy: 0.9229
2025-01-16 00:17:10,687 - INFO - Epoch [77/100], Train Accuracy: 0.9812, Val Accuracy: 0.9229
2025-01-16 00:17:10,787 - INFO - Epoch [78/100], Train Accuracy: 0.9812, Val Accuracy: 0.9208
2025-01-16 00:17:10,885 - INFO - Epoch [79/100], Train Accuracy: 0.9812, Val Accuracy: 0.9229
2025-01-16 00:17:10,983 - INFO - Epoch [80/100], Train Accuracy: 0.9812, Val Accuracy: 0.9208
2025-01-16 00:17:11,078 - INFO - Epoch [81/100], Train Accuracy: 0.9812, Val Accuracy: 0.9229
2025-01-16 00:17:11,182 - INFO - Epoch [82/100], Train Accuracy: 0.9812, Val Accuracy: 0.9187
2025-01-16 00:17:11,277 - INFO - Epoch [83/100], Train Accuracy: 0.9812, Val Accuracy: 0.9208
2025-01-16 00:17:11,371 - INFO - Epoch [84/100], Train Accuracy: 0.9812, Val Accuracy: 0.9208
2025-01-16 00:17:11,472 - INFO - Epoch [85/100], Train Accuracy: 0.9812, Val Accuracy: 0.9208
2025-01-16 00:17:11,567 - INFO - Epoch [86/100], Train Accuracy: 0.9812, Val Accuracy: 0.9187
2025-01-16 00:17:11,676 - INFO - Epoch [87/100], Train Accuracy: 0.9812, Val Accuracy: 0.9229
2025-01-16 00:17:11,789 - INFO - Epoch [88/100], Train Accuracy: 0.9812, Val Accuracy: 0.9187
2025-01-16 00:17:11,895 - INFO - Epoch [89/100], Train Accuracy: 0.9812, Val Accuracy: 0.9187
2025-01-16 00:17:12,000 - INFO - Epoch [90/100], Train Accuracy: 0.9812, Val Accuracy: 0.9208
2025-01-16 00:17:12,113 - INFO - Epoch [91/100], Train Accuracy: 0.9818, Val Accuracy: 0.9208
2025-01-16 00:17:12,232 - INFO - Epoch [92/100], Train Accuracy: 0.9818, Val Accuracy: 0.9187
2025-01-16 00:17:12,344 - INFO - Epoch [93/100], Train Accuracy: 0.9818, Val Accuracy: 0.9250
2025-01-16 00:17:12,463 - INFO - Epoch [94/100], Train Accuracy: 0.9818, Val Accuracy: 0.9208
2025-01-16 00:17:12,576 - INFO - Epoch [95/100], Train Accuracy: 0.9828, Val Accuracy: 0.9208
2025-01-16 00:17:12,689 - INFO - Epoch [96/100], Train Accuracy: 0.9828, Val Accuracy: 0.9208
2025-01-16 00:17:12,803 - INFO - Epoch [97/100], Train Accuracy: 0.9828, Val Accuracy: 0.9229
2025-01-16 00:17:12,914 - INFO - Epoch [98/100], Train Accuracy: 0.9828, Val Accuracy: 0.9167
2025-01-16 00:17:13,024 - INFO - Epoch [99/100], Train Accuracy: 0.9828, Val Accuracy: 0.9208
2025-01-16 00:17:13,144 - INFO - Epoch [100/100], Train Accuracy: 0.9828, Val Accuracy: 0.9208
2025-01-16 00:17:13,158 - INFO - Fold 3 Validation Accuracy: 0.9208
2025-01-16 00:17:13,158 - INFO - Training for fold 4/5
2025-01-16 00:17:13,338 - INFO - Epoch [1/100], Train Accuracy: 0.5849, Val Accuracy: 0.8187
2025-01-16 00:17:13,453 - INFO - Epoch [2/100], Train Accuracy: 0.8708, Val Accuracy: 0.8833
2025-01-16 00:17:13,565 - INFO - Epoch [3/100], Train Accuracy: 0.9156, Val Accuracy: 0.8938
2025-01-16 00:17:13,677 - INFO - Epoch [4/100], Train Accuracy: 0.9245, Val Accuracy: 0.8896
2025-01-16 00:17:13,779 - INFO - Epoch [5/100], Train Accuracy: 0.9365, Val Accuracy: 0.8979
2025-01-16 00:17:13,892 - INFO - Epoch [6/100], Train Accuracy: 0.9391, Val Accuracy: 0.9021
2025-01-16 00:17:13,997 - INFO - Epoch [7/100], Train Accuracy: 0.9464, Val Accuracy: 0.8938
2025-01-16 00:17:14,109 - INFO - Epoch [8/100], Train Accuracy: 0.9505, Val Accuracy: 0.9021
2025-01-16 00:17:14,215 - INFO - Epoch [9/100], Train Accuracy: 0.9510, Val Accuracy: 0.9000
2025-01-16 00:17:14,328 - INFO - Epoch [10/100], Train Accuracy: 0.9510, Val Accuracy: 0.9083
2025-01-16 00:17:14,448 - INFO - Epoch [11/100], Train Accuracy: 0.9542, Val Accuracy: 0.9104
2025-01-16 00:17:14,555 - INFO - Epoch [12/100], Train Accuracy: 0.9552, Val Accuracy: 0.9042
2025-01-16 00:17:14,667 - INFO - Epoch [13/100], Train Accuracy: 0.9583, Val Accuracy: 0.9125
2025-01-16 00:17:14,779 - INFO - Epoch [14/100], Train Accuracy: 0.9609, Val Accuracy: 0.9125
2025-01-16 00:17:14,884 - INFO - Epoch [15/100], Train Accuracy: 0.9615, Val Accuracy: 0.9104
2025-01-16 00:17:14,995 - INFO - Epoch [16/100], Train Accuracy: 0.9615, Val Accuracy: 0.9167
2025-01-16 00:17:15,100 - INFO - Epoch [17/100], Train Accuracy: 0.9651, Val Accuracy: 0.9167
2025-01-16 00:17:15,206 - INFO - Epoch [18/100], Train Accuracy: 0.9672, Val Accuracy: 0.9146
2025-01-16 00:17:15,315 - INFO - Epoch [19/100], Train Accuracy: 0.9656, Val Accuracy: 0.9125
2025-01-16 00:17:15,419 - INFO - Epoch [20/100], Train Accuracy: 0.9693, Val Accuracy: 0.9146
2025-01-16 00:17:15,516 - INFO - Epoch [21/100], Train Accuracy: 0.9698, Val Accuracy: 0.9104
2025-01-16 00:17:15,627 - INFO - Epoch [22/100], Train Accuracy: 0.9708, Val Accuracy: 0.9146
2025-01-16 00:17:15,732 - INFO - Epoch [23/100], Train Accuracy: 0.9714, Val Accuracy: 0.9104
2025-01-16 00:17:15,845 - INFO - Epoch [24/100], Train Accuracy: 0.9719, Val Accuracy: 0.9104
2025-01-16 00:17:15,945 - INFO - Epoch [25/100], Train Accuracy: 0.9714, Val Accuracy: 0.9125
2025-01-16 00:17:16,061 - INFO - Epoch [26/100], Train Accuracy: 0.9729, Val Accuracy: 0.9104
2025-01-16 00:17:16,174 - INFO - Epoch [27/100], Train Accuracy: 0.9740, Val Accuracy: 0.9125
2025-01-16 00:17:16,295 - INFO - Epoch [28/100], Train Accuracy: 0.9755, Val Accuracy: 0.9083
2025-01-16 00:17:16,393 - INFO - Epoch [29/100], Train Accuracy: 0.9766, Val Accuracy: 0.9083
2025-01-16 00:17:16,485 - INFO - Epoch [30/100], Train Accuracy: 0.9750, Val Accuracy: 0.9104
2025-01-16 00:17:16,579 - INFO - Epoch [31/100], Train Accuracy: 0.9771, Val Accuracy: 0.9125
2025-01-16 00:17:16,678 - INFO - Epoch [32/100], Train Accuracy: 0.9755, Val Accuracy: 0.9104
2025-01-16 00:17:16,771 - INFO - Epoch [33/100], Train Accuracy: 0.9771, Val Accuracy: 0.9167
2025-01-16 00:17:16,867 - INFO - Epoch [34/100], Train Accuracy: 0.9760, Val Accuracy: 0.9125
2025-01-16 00:17:16,964 - INFO - Epoch [35/100], Train Accuracy: 0.9776, Val Accuracy: 0.9125
2025-01-16 00:17:17,056 - INFO - Epoch [36/100], Train Accuracy: 0.9781, Val Accuracy: 0.9125
2025-01-16 00:17:17,149 - INFO - Epoch [37/100], Train Accuracy: 0.9786, Val Accuracy: 0.9125
2025-01-16 00:17:17,246 - INFO - Epoch [38/100], Train Accuracy: 0.9781, Val Accuracy: 0.9083
2025-01-16 00:17:17,338 - INFO - Epoch [39/100], Train Accuracy: 0.9792, Val Accuracy: 0.9062
2025-01-16 00:17:17,429 - INFO - Epoch [40/100], Train Accuracy: 0.9797, Val Accuracy: 0.9104
2025-01-16 00:17:17,526 - INFO - Epoch [41/100], Train Accuracy: 0.9786, Val Accuracy: 0.9083
2025-01-16 00:17:17,617 - INFO - Epoch [42/100], Train Accuracy: 0.9797, Val Accuracy: 0.9083
2025-01-16 00:17:17,704 - INFO - Epoch [43/100], Train Accuracy: 0.9802, Val Accuracy: 0.9062
2025-01-16 00:17:17,804 - INFO - Epoch [44/100], Train Accuracy: 0.9802, Val Accuracy: 0.9062
2025-01-16 00:17:17,901 - INFO - Epoch [45/100], Train Accuracy: 0.9802, Val Accuracy: 0.9083
2025-01-16 00:17:17,993 - INFO - Epoch [46/100], Train Accuracy: 0.9802, Val Accuracy: 0.9083
2025-01-16 00:17:18,084 - INFO - Epoch [47/100], Train Accuracy: 0.9802, Val Accuracy: 0.9083
2025-01-16 00:17:18,174 - INFO - Epoch [48/100], Train Accuracy: 0.9802, Val Accuracy: 0.9083
2025-01-16 00:17:18,268 - INFO - Epoch [49/100], Train Accuracy: 0.9802, Val Accuracy: 0.9083
2025-01-16 00:17:18,364 - INFO - Epoch [50/100], Train Accuracy: 0.9802, Val Accuracy: 0.9083
2025-01-16 00:17:18,454 - INFO - Epoch [51/100], Train Accuracy: 0.9807, Val Accuracy: 0.9062
2025-01-16 00:17:18,549 - INFO - Epoch [52/100], Train Accuracy: 0.9812, Val Accuracy: 0.9062
2025-01-16 00:17:18,643 - INFO - Epoch [53/100], Train Accuracy: 0.9812, Val Accuracy: 0.9062
2025-01-16 00:17:18,732 - INFO - Epoch [54/100], Train Accuracy: 0.9812, Val Accuracy: 0.9042
2025-01-16 00:17:18,820 - INFO - Epoch [55/100], Train Accuracy: 0.9812, Val Accuracy: 0.9104
2025-01-16 00:17:18,914 - INFO - Epoch [56/100], Train Accuracy: 0.9812, Val Accuracy: 0.9062
2025-01-16 00:17:19,004 - INFO - Epoch [57/100], Train Accuracy: 0.9812, Val Accuracy: 0.9083
2025-01-16 00:17:19,097 - INFO - Epoch [58/100], Train Accuracy: 0.9812, Val Accuracy: 0.9062
2025-01-16 00:17:19,191 - INFO - Epoch [59/100], Train Accuracy: 0.9812, Val Accuracy: 0.9104
2025-01-16 00:17:19,279 - INFO - Epoch [60/100], Train Accuracy: 0.9812, Val Accuracy: 0.9083
2025-01-16 00:17:19,378 - INFO - Epoch [61/100], Train Accuracy: 0.9812, Val Accuracy: 0.9062
2025-01-16 00:17:19,464 - INFO - Epoch [62/100], Train Accuracy: 0.9812, Val Accuracy: 0.9083
2025-01-16 00:17:19,568 - INFO - Epoch [63/100], Train Accuracy: 0.9818, Val Accuracy: 0.9062
2025-01-16 00:17:19,670 - INFO - Epoch [64/100], Train Accuracy: 0.9818, Val Accuracy: 0.9062
2025-01-16 00:17:19,778 - INFO - Epoch [65/100], Train Accuracy: 0.9818, Val Accuracy: 0.9062
2025-01-16 00:17:19,884 - INFO - Epoch [66/100], Train Accuracy: 0.9818, Val Accuracy: 0.9062
2025-01-16 00:17:19,982 - INFO - Epoch [67/100], Train Accuracy: 0.9818, Val Accuracy: 0.9062
2025-01-16 00:17:20,076 - INFO - Epoch [68/100], Train Accuracy: 0.9818, Val Accuracy: 0.9062
2025-01-16 00:17:20,178 - INFO - Epoch [69/100], Train Accuracy: 0.9818, Val Accuracy: 0.9062
2025-01-16 00:17:20,270 - INFO - Epoch [70/100], Train Accuracy: 0.9823, Val Accuracy: 0.9062
2025-01-16 00:17:20,375 - INFO - Epoch [71/100], Train Accuracy: 0.9823, Val Accuracy: 0.9042
2025-01-16 00:17:20,469 - INFO - Epoch [72/100], Train Accuracy: 0.9823, Val Accuracy: 0.9062
2025-01-16 00:17:20,571 - INFO - Epoch [73/100], Train Accuracy: 0.9823, Val Accuracy: 0.9062
2025-01-16 00:17:20,667 - INFO - Epoch [74/100], Train Accuracy: 0.9823, Val Accuracy: 0.9062
2025-01-16 00:17:20,762 - INFO - Epoch [75/100], Train Accuracy: 0.9823, Val Accuracy: 0.9062
2025-01-16 00:17:20,853 - INFO - Epoch [76/100], Train Accuracy: 0.9823, Val Accuracy: 0.9083
2025-01-16 00:17:20,953 - INFO - Epoch [77/100], Train Accuracy: 0.9823, Val Accuracy: 0.9062
2025-01-16 00:17:21,044 - INFO - Epoch [78/100], Train Accuracy: 0.9823, Val Accuracy: 0.9062
2025-01-16 00:17:21,141 - INFO - Epoch [79/100], Train Accuracy: 0.9823, Val Accuracy: 0.9062
2025-01-16 00:17:21,235 - INFO - Epoch [80/100], Train Accuracy: 0.9823, Val Accuracy: 0.9062
2025-01-16 00:17:21,330 - INFO - Epoch [81/100], Train Accuracy: 0.9823, Val Accuracy: 0.9062
2025-01-16 00:17:21,420 - INFO - Epoch [82/100], Train Accuracy: 0.9823, Val Accuracy: 0.9062
2025-01-16 00:17:21,531 - INFO - Epoch [83/100], Train Accuracy: 0.9823, Val Accuracy: 0.9083
2025-01-16 00:17:21,623 - INFO - Epoch [84/100], Train Accuracy: 0.9828, Val Accuracy: 0.9062
2025-01-16 00:17:21,719 - INFO - Epoch [85/100], Train Accuracy: 0.9828, Val Accuracy: 0.9083
2025-01-16 00:17:21,820 - INFO - Epoch [86/100], Train Accuracy: 0.9828, Val Accuracy: 0.9083
2025-01-16 00:17:21,930 - INFO - Epoch [87/100], Train Accuracy: 0.9828, Val Accuracy: 0.9083
2025-01-16 00:17:22,022 - INFO - Epoch [88/100], Train Accuracy: 0.9828, Val Accuracy: 0.9083
2025-01-16 00:17:22,120 - INFO - Epoch [89/100], Train Accuracy: 0.9828, Val Accuracy: 0.9062
2025-01-16 00:17:22,225 - INFO - Epoch [90/100], Train Accuracy: 0.9828, Val Accuracy: 0.9083
2025-01-16 00:17:22,328 - INFO - Epoch [91/100], Train Accuracy: 0.9828, Val Accuracy: 0.9104
2025-01-16 00:17:22,420 - INFO - Epoch [92/100], Train Accuracy: 0.9828, Val Accuracy: 0.9083
2025-01-16 00:17:22,511 - INFO - Epoch [93/100], Train Accuracy: 0.9828, Val Accuracy: 0.9104
2025-01-16 00:17:22,606 - INFO - Epoch [94/100], Train Accuracy: 0.9828, Val Accuracy: 0.9104
2025-01-16 00:17:22,700 - INFO - Epoch [95/100], Train Accuracy: 0.9828, Val Accuracy: 0.9083
2025-01-16 00:17:22,793 - INFO - Epoch [96/100], Train Accuracy: 0.9828, Val Accuracy: 0.9104
2025-01-16 00:17:22,886 - INFO - Epoch [97/100], Train Accuracy: 0.9828, Val Accuracy: 0.9104
2025-01-16 00:17:22,980 - INFO - Epoch [98/100], Train Accuracy: 0.9828, Val Accuracy: 0.9104
2025-01-16 00:17:23,071 - INFO - Epoch [99/100], Train Accuracy: 0.9828, Val Accuracy: 0.9083
2025-01-16 00:17:23,161 - INFO - Epoch [100/100], Train Accuracy: 0.9828, Val Accuracy: 0.9062
2025-01-16 00:17:23,174 - INFO - Fold 4 Validation Accuracy: 0.9062
2025-01-16 00:17:23,174 - INFO - Training for fold 5/5
2025-01-16 00:17:23,307 - INFO - Epoch [1/100], Train Accuracy: 0.4969, Val Accuracy: 0.8250
2025-01-16 00:17:23,400 - INFO - Epoch [2/100], Train Accuracy: 0.8969, Val Accuracy: 0.9229
2025-01-16 00:17:23,491 - INFO - Epoch [3/100], Train Accuracy: 0.9099, Val Accuracy: 0.9250
2025-01-16 00:17:23,586 - INFO - Epoch [4/100], Train Accuracy: 0.9208, Val Accuracy: 0.9375
2025-01-16 00:17:23,677 - INFO - Epoch [5/100], Train Accuracy: 0.9271, Val Accuracy: 0.9333
2025-01-16 00:17:23,779 - INFO - Epoch [6/100], Train Accuracy: 0.9307, Val Accuracy: 0.9313
2025-01-16 00:17:23,868 - INFO - Epoch [7/100], Train Accuracy: 0.9349, Val Accuracy: 0.9354
2025-01-16 00:17:23,960 - INFO - Epoch [8/100], Train Accuracy: 0.9422, Val Accuracy: 0.9313
2025-01-16 00:17:24,054 - INFO - Epoch [9/100], Train Accuracy: 0.9453, Val Accuracy: 0.9292
2025-01-16 00:17:24,148 - INFO - Epoch [10/100], Train Accuracy: 0.9469, Val Accuracy: 0.9292
2025-01-16 00:17:24,238 - INFO - Epoch [11/100], Train Accuracy: 0.9469, Val Accuracy: 0.9250
2025-01-16 00:17:24,332 - INFO - Epoch [12/100], Train Accuracy: 0.9531, Val Accuracy: 0.9375
2025-01-16 00:17:24,427 - INFO - Epoch [13/100], Train Accuracy: 0.9536, Val Accuracy: 0.9187
2025-01-16 00:17:24,442 - INFO - Fold 5 Validation Accuracy: 0.9187
2025-01-16 00:17:24,443 - INFO - Average Validation Accuracy (Over 5 folds): 0.9146 

2025-01-16 00:17:24,558 - INFO - Training with Vectorized Data 100 features. Dropout Rate 0.56. Dataset Size 2400. 128 neurons. Leanring Rate 0.001
2025-01-16 00:17:24,558 - INFO - Training for fold 1/5
2025-01-16 00:17:24,684 - INFO - Epoch [1/100], Train Accuracy: 0.5776, Val Accuracy: 0.8375
2025-01-16 00:17:24,786 - INFO - Epoch [2/100], Train Accuracy: 0.8990, Val Accuracy: 0.8875
2025-01-16 00:17:24,881 - INFO - Epoch [3/100], Train Accuracy: 0.9167, Val Accuracy: 0.9042
2025-01-16 00:17:24,973 - INFO - Epoch [4/100], Train Accuracy: 0.9224, Val Accuracy: 0.9104
2025-01-16 00:17:25,075 - INFO - Epoch [5/100], Train Accuracy: 0.9344, Val Accuracy: 0.9125
2025-01-16 00:17:25,169 - INFO - Epoch [6/100], Train Accuracy: 0.9401, Val Accuracy: 0.9083
2025-01-16 00:17:25,265 - INFO - Epoch [7/100], Train Accuracy: 0.9385, Val Accuracy: 0.9187
2025-01-16 00:17:25,358 - INFO - Epoch [8/100], Train Accuracy: 0.9411, Val Accuracy: 0.9083
2025-01-16 00:17:25,451 - INFO - Epoch [9/100], Train Accuracy: 0.9469, Val Accuracy: 0.9104
2025-01-16 00:17:25,547 - INFO - Epoch [10/100], Train Accuracy: 0.9484, Val Accuracy: 0.9125
2025-01-16 00:17:25,646 - INFO - Epoch [11/100], Train Accuracy: 0.9490, Val Accuracy: 0.9208
2025-01-16 00:17:25,745 - INFO - Epoch [12/100], Train Accuracy: 0.9510, Val Accuracy: 0.9229
2025-01-16 00:17:25,836 - INFO - Epoch [13/100], Train Accuracy: 0.9531, Val Accuracy: 0.9146
2025-01-16 00:17:25,931 - INFO - Epoch [14/100], Train Accuracy: 0.9531, Val Accuracy: 0.9167
2025-01-16 00:17:26,027 - INFO - Epoch [15/100], Train Accuracy: 0.9573, Val Accuracy: 0.9187
2025-01-16 00:17:26,118 - INFO - Epoch [16/100], Train Accuracy: 0.9589, Val Accuracy: 0.9167
2025-01-16 00:17:26,212 - INFO - Epoch [17/100], Train Accuracy: 0.9594, Val Accuracy: 0.9208
2025-01-16 00:17:26,308 - INFO - Epoch [18/100], Train Accuracy: 0.9609, Val Accuracy: 0.9229
2025-01-16 00:17:26,403 - INFO - Epoch [19/100], Train Accuracy: 0.9630, Val Accuracy: 0.9229
2025-01-16 00:17:26,502 - INFO - Epoch [20/100], Train Accuracy: 0.9635, Val Accuracy: 0.9250
2025-01-16 00:17:26,596 - INFO - Epoch [21/100], Train Accuracy: 0.9672, Val Accuracy: 0.9229
2025-01-16 00:17:26,689 - INFO - Epoch [22/100], Train Accuracy: 0.9667, Val Accuracy: 0.9187
2025-01-16 00:17:26,784 - INFO - Epoch [23/100], Train Accuracy: 0.9672, Val Accuracy: 0.9208
2025-01-16 00:17:26,883 - INFO - Epoch [24/100], Train Accuracy: 0.9698, Val Accuracy: 0.9208
2025-01-16 00:17:26,979 - INFO - Epoch [25/100], Train Accuracy: 0.9698, Val Accuracy: 0.9187
2025-01-16 00:17:27,074 - INFO - Epoch [26/100], Train Accuracy: 0.9703, Val Accuracy: 0.9208
2025-01-16 00:17:27,167 - INFO - Epoch [27/100], Train Accuracy: 0.9708, Val Accuracy: 0.9187
2025-01-16 00:17:27,260 - INFO - Epoch [28/100], Train Accuracy: 0.9719, Val Accuracy: 0.9187
2025-01-16 00:17:27,351 - INFO - Epoch [29/100], Train Accuracy: 0.9724, Val Accuracy: 0.9187
2025-01-16 00:17:27,448 - INFO - Epoch [30/100], Train Accuracy: 0.9719, Val Accuracy: 0.9208
2025-01-16 00:17:27,593 - INFO - Epoch [31/100], Train Accuracy: 0.9719, Val Accuracy: 0.9208
2025-01-16 00:17:27,770 - INFO - Epoch [32/100], Train Accuracy: 0.9729, Val Accuracy: 0.9187
2025-01-16 00:17:27,943 - INFO - Epoch [33/100], Train Accuracy: 0.9734, Val Accuracy: 0.9208
2025-01-16 00:17:28,080 - INFO - Epoch [34/100], Train Accuracy: 0.9734, Val Accuracy: 0.9187
2025-01-16 00:17:28,189 - INFO - Epoch [35/100], Train Accuracy: 0.9755, Val Accuracy: 0.9187
2025-01-16 00:17:28,296 - INFO - Epoch [36/100], Train Accuracy: 0.9760, Val Accuracy: 0.9167
2025-01-16 00:17:28,388 - INFO - Epoch [37/100], Train Accuracy: 0.9766, Val Accuracy: 0.9187
2025-01-16 00:17:28,480 - INFO - Epoch [38/100], Train Accuracy: 0.9755, Val Accuracy: 0.9187
2025-01-16 00:17:28,578 - INFO - Epoch [39/100], Train Accuracy: 0.9760, Val Accuracy: 0.9167
2025-01-16 00:17:28,669 - INFO - Epoch [40/100], Train Accuracy: 0.9766, Val Accuracy: 0.9208
2025-01-16 00:17:28,768 - INFO - Epoch [41/100], Train Accuracy: 0.9760, Val Accuracy: 0.9208
2025-01-16 00:17:28,862 - INFO - Epoch [42/100], Train Accuracy: 0.9760, Val Accuracy: 0.9187
2025-01-16 00:17:28,954 - INFO - Epoch [43/100], Train Accuracy: 0.9766, Val Accuracy: 0.9187
2025-01-16 00:17:29,053 - INFO - Epoch [44/100], Train Accuracy: 0.9766, Val Accuracy: 0.9187
2025-01-16 00:17:29,149 - INFO - Epoch [45/100], Train Accuracy: 0.9771, Val Accuracy: 0.9208
2025-01-16 00:17:29,263 - INFO - Epoch [46/100], Train Accuracy: 0.9776, Val Accuracy: 0.9167
2025-01-16 00:17:29,380 - INFO - Epoch [47/100], Train Accuracy: 0.9776, Val Accuracy: 0.9187
2025-01-16 00:17:29,495 - INFO - Epoch [48/100], Train Accuracy: 0.9776, Val Accuracy: 0.9208
2025-01-16 00:17:29,606 - INFO - Epoch [49/100], Train Accuracy: 0.9776, Val Accuracy: 0.9229
2025-01-16 00:17:29,716 - INFO - Epoch [50/100], Train Accuracy: 0.9776, Val Accuracy: 0.9208
2025-01-16 00:17:29,828 - INFO - Epoch [51/100], Train Accuracy: 0.9776, Val Accuracy: 0.9229
2025-01-16 00:17:29,935 - INFO - Epoch [52/100], Train Accuracy: 0.9776, Val Accuracy: 0.9229
2025-01-16 00:17:30,046 - INFO - Epoch [53/100], Train Accuracy: 0.9776, Val Accuracy: 0.9229
2025-01-16 00:17:30,145 - INFO - Epoch [54/100], Train Accuracy: 0.9781, Val Accuracy: 0.9229
2025-01-16 00:17:30,250 - INFO - Epoch [55/100], Train Accuracy: 0.9781, Val Accuracy: 0.9208
2025-01-16 00:17:30,376 - INFO - Epoch [56/100], Train Accuracy: 0.9781, Val Accuracy: 0.9187
2025-01-16 00:17:30,496 - INFO - Epoch [57/100], Train Accuracy: 0.9781, Val Accuracy: 0.9187
2025-01-16 00:17:30,616 - INFO - Epoch [58/100], Train Accuracy: 0.9781, Val Accuracy: 0.9208
2025-01-16 00:17:30,743 - INFO - Epoch [59/100], Train Accuracy: 0.9781, Val Accuracy: 0.9208
2025-01-16 00:17:30,855 - INFO - Epoch [60/100], Train Accuracy: 0.9781, Val Accuracy: 0.9187
2025-01-16 00:17:30,954 - INFO - Epoch [61/100], Train Accuracy: 0.9781, Val Accuracy: 0.9167
2025-01-16 00:17:31,068 - INFO - Epoch [62/100], Train Accuracy: 0.9781, Val Accuracy: 0.9208
2025-01-16 00:17:31,162 - INFO - Epoch [63/100], Train Accuracy: 0.9781, Val Accuracy: 0.9187
2025-01-16 00:17:31,272 - INFO - Epoch [64/100], Train Accuracy: 0.9781, Val Accuracy: 0.9208
2025-01-16 00:17:31,390 - INFO - Epoch [65/100], Train Accuracy: 0.9781, Val Accuracy: 0.9187
2025-01-16 00:17:31,504 - INFO - Epoch [66/100], Train Accuracy: 0.9781, Val Accuracy: 0.9187
2025-01-16 00:17:31,616 - INFO - Epoch [67/100], Train Accuracy: 0.9781, Val Accuracy: 0.9187
2025-01-16 00:17:31,727 - INFO - Epoch [68/100], Train Accuracy: 0.9781, Val Accuracy: 0.9187
2025-01-16 00:17:31,849 - INFO - Epoch [69/100], Train Accuracy: 0.9781, Val Accuracy: 0.9187
2025-01-16 00:17:31,952 - INFO - Epoch [70/100], Train Accuracy: 0.9781, Val Accuracy: 0.9187
2025-01-16 00:17:32,068 - INFO - Epoch [71/100], Train Accuracy: 0.9781, Val Accuracy: 0.9187
2025-01-16 00:17:32,183 - INFO - Epoch [72/100], Train Accuracy: 0.9781, Val Accuracy: 0.9187
2025-01-16 00:17:32,293 - INFO - Epoch [73/100], Train Accuracy: 0.9781, Val Accuracy: 0.9187
2025-01-16 00:17:32,403 - INFO - Epoch [74/100], Train Accuracy: 0.9786, Val Accuracy: 0.9229
2025-01-16 00:17:32,511 - INFO - Epoch [75/100], Train Accuracy: 0.9786, Val Accuracy: 0.9208
2025-01-16 00:17:32,621 - INFO - Epoch [76/100], Train Accuracy: 0.9786, Val Accuracy: 0.9208
2025-01-16 00:17:32,746 - INFO - Epoch [77/100], Train Accuracy: 0.9786, Val Accuracy: 0.9208
2025-01-16 00:17:32,867 - INFO - Epoch [78/100], Train Accuracy: 0.9786, Val Accuracy: 0.9229
2025-01-16 00:17:32,978 - INFO - Epoch [79/100], Train Accuracy: 0.9786, Val Accuracy: 0.9229
2025-01-16 00:17:33,092 - INFO - Epoch [80/100], Train Accuracy: 0.9786, Val Accuracy: 0.9229
2025-01-16 00:17:33,198 - INFO - Epoch [81/100], Train Accuracy: 0.9786, Val Accuracy: 0.9208
2025-01-16 00:17:33,313 - INFO - Epoch [82/100], Train Accuracy: 0.9786, Val Accuracy: 0.9229
2025-01-16 00:17:33,423 - INFO - Epoch [83/100], Train Accuracy: 0.9786, Val Accuracy: 0.9229
2025-01-16 00:17:33,536 - INFO - Epoch [84/100], Train Accuracy: 0.9786, Val Accuracy: 0.9229
2025-01-16 00:17:33,646 - INFO - Epoch [85/100], Train Accuracy: 0.9786, Val Accuracy: 0.9208
2025-01-16 00:17:33,762 - INFO - Epoch [86/100], Train Accuracy: 0.9786, Val Accuracy: 0.9187
2025-01-16 00:17:33,858 - INFO - Epoch [87/100], Train Accuracy: 0.9792, Val Accuracy: 0.9229
2025-01-16 00:17:33,955 - INFO - Epoch [88/100], Train Accuracy: 0.9792, Val Accuracy: 0.9187
2025-01-16 00:17:34,050 - INFO - Epoch [89/100], Train Accuracy: 0.9792, Val Accuracy: 0.9187
2025-01-16 00:17:34,150 - INFO - Epoch [90/100], Train Accuracy: 0.9792, Val Accuracy: 0.9229
2025-01-16 00:17:34,246 - INFO - Epoch [91/100], Train Accuracy: 0.9792, Val Accuracy: 0.9208
2025-01-16 00:17:34,351 - INFO - Epoch [92/100], Train Accuracy: 0.9792, Val Accuracy: 0.9187
2025-01-16 00:17:34,452 - INFO - Epoch [93/100], Train Accuracy: 0.9792, Val Accuracy: 0.9208
2025-01-16 00:17:34,559 - INFO - Epoch [94/100], Train Accuracy: 0.9792, Val Accuracy: 0.9208
2025-01-16 00:17:34,659 - INFO - Epoch [95/100], Train Accuracy: 0.9792, Val Accuracy: 0.9187
2025-01-16 00:17:34,753 - INFO - Epoch [96/100], Train Accuracy: 0.9792, Val Accuracy: 0.9208
2025-01-16 00:17:34,868 - INFO - Epoch [97/100], Train Accuracy: 0.9792, Val Accuracy: 0.9208
2025-01-16 00:17:34,969 - INFO - Epoch [98/100], Train Accuracy: 0.9792, Val Accuracy: 0.9187
2025-01-16 00:17:35,064 - INFO - Epoch [99/100], Train Accuracy: 0.9792, Val Accuracy: 0.9208
2025-01-16 00:17:35,170 - INFO - Epoch [100/100], Train Accuracy: 0.9792, Val Accuracy: 0.9187
2025-01-16 00:17:35,183 - INFO - Fold 1 Validation Accuracy: 0.9187
2025-01-16 00:17:35,183 - INFO - Training for fold 2/5
2025-01-16 00:17:35,322 - INFO - Epoch [1/100], Train Accuracy: 0.6089, Val Accuracy: 0.8833
2025-01-16 00:17:35,419 - INFO - Epoch [2/100], Train Accuracy: 0.9120, Val Accuracy: 0.8875
2025-01-16 00:17:35,518 - INFO - Epoch [3/100], Train Accuracy: 0.9120, Val Accuracy: 0.9104
2025-01-16 00:17:35,621 - INFO - Epoch [4/100], Train Accuracy: 0.9229, Val Accuracy: 0.9083
2025-01-16 00:17:35,721 - INFO - Epoch [5/100], Train Accuracy: 0.9292, Val Accuracy: 0.9208
2025-01-16 00:17:35,816 - INFO - Epoch [6/100], Train Accuracy: 0.9391, Val Accuracy: 0.9250
2025-01-16 00:17:35,915 - INFO - Epoch [7/100], Train Accuracy: 0.9417, Val Accuracy: 0.9146
2025-01-16 00:17:36,010 - INFO - Epoch [8/100], Train Accuracy: 0.9427, Val Accuracy: 0.9208
2025-01-16 00:17:36,113 - INFO - Epoch [9/100], Train Accuracy: 0.9469, Val Accuracy: 0.9271
2025-01-16 00:17:36,214 - INFO - Epoch [10/100], Train Accuracy: 0.9484, Val Accuracy: 0.9313
2025-01-16 00:17:36,328 - INFO - Epoch [11/100], Train Accuracy: 0.9542, Val Accuracy: 0.9250
2025-01-16 00:17:36,429 - INFO - Epoch [12/100], Train Accuracy: 0.9536, Val Accuracy: 0.9271
2025-01-16 00:17:36,542 - INFO - Epoch [13/100], Train Accuracy: 0.9547, Val Accuracy: 0.9229
2025-01-16 00:17:36,636 - INFO - Epoch [14/100], Train Accuracy: 0.9578, Val Accuracy: 0.9208
2025-01-16 00:17:36,732 - INFO - Epoch [15/100], Train Accuracy: 0.9594, Val Accuracy: 0.9250
2025-01-16 00:17:36,825 - INFO - Epoch [16/100], Train Accuracy: 0.9583, Val Accuracy: 0.9167
2025-01-16 00:17:36,922 - INFO - Epoch [17/100], Train Accuracy: 0.9615, Val Accuracy: 0.9229
2025-01-16 00:17:37,016 - INFO - Epoch [18/100], Train Accuracy: 0.9630, Val Accuracy: 0.9146
2025-01-16 00:17:37,028 - INFO - Fold 2 Validation Accuracy: 0.9146
2025-01-16 00:17:37,028 - INFO - Training for fold 3/5
2025-01-16 00:17:37,160 - INFO - Epoch [1/100], Train Accuracy: 0.4844, Val Accuracy: 0.8042
2025-01-16 00:17:37,253 - INFO - Epoch [2/100], Train Accuracy: 0.8990, Val Accuracy: 0.9104
2025-01-16 00:17:37,366 - INFO - Epoch [3/100], Train Accuracy: 0.9198, Val Accuracy: 0.9000
2025-01-16 00:17:37,463 - INFO - Epoch [4/100], Train Accuracy: 0.9302, Val Accuracy: 0.9000
2025-01-16 00:17:37,560 - INFO - Epoch [5/100], Train Accuracy: 0.9339, Val Accuracy: 0.8958
2025-01-16 00:17:37,669 - INFO - Epoch [6/100], Train Accuracy: 0.9401, Val Accuracy: 0.8958
2025-01-16 00:17:37,766 - INFO - Epoch [7/100], Train Accuracy: 0.9437, Val Accuracy: 0.8958
2025-01-16 00:17:37,862 - INFO - Epoch [8/100], Train Accuracy: 0.9464, Val Accuracy: 0.9000
2025-01-16 00:17:37,951 - INFO - Epoch [9/100], Train Accuracy: 0.9490, Val Accuracy: 0.8979
2025-01-16 00:17:38,044 - INFO - Epoch [10/100], Train Accuracy: 0.9516, Val Accuracy: 0.9000
2025-01-16 00:17:38,135 - INFO - Epoch [11/100], Train Accuracy: 0.9547, Val Accuracy: 0.9062
2025-01-16 00:17:38,226 - INFO - Epoch [12/100], Train Accuracy: 0.9552, Val Accuracy: 0.8979
2025-01-16 00:17:38,318 - INFO - Epoch [13/100], Train Accuracy: 0.9547, Val Accuracy: 0.9062
2025-01-16 00:17:38,414 - INFO - Epoch [14/100], Train Accuracy: 0.9573, Val Accuracy: 0.9042
2025-01-16 00:17:38,509 - INFO - Epoch [15/100], Train Accuracy: 0.9594, Val Accuracy: 0.9021
2025-01-16 00:17:38,605 - INFO - Epoch [16/100], Train Accuracy: 0.9578, Val Accuracy: 0.9021
2025-01-16 00:17:38,700 - INFO - Epoch [17/100], Train Accuracy: 0.9604, Val Accuracy: 0.8958
2025-01-16 00:17:38,792 - INFO - Epoch [18/100], Train Accuracy: 0.9625, Val Accuracy: 0.9042
2025-01-16 00:17:38,886 - INFO - Epoch [19/100], Train Accuracy: 0.9641, Val Accuracy: 0.9083
2025-01-16 00:17:38,978 - INFO - Epoch [20/100], Train Accuracy: 0.9661, Val Accuracy: 0.9062
2025-01-16 00:17:39,069 - INFO - Epoch [21/100], Train Accuracy: 0.9688, Val Accuracy: 0.9042
2025-01-16 00:17:39,171 - INFO - Epoch [22/100], Train Accuracy: 0.9682, Val Accuracy: 0.9000
2025-01-16 00:17:39,262 - INFO - Epoch [23/100], Train Accuracy: 0.9688, Val Accuracy: 0.9062
2025-01-16 00:17:39,356 - INFO - Epoch [24/100], Train Accuracy: 0.9688, Val Accuracy: 0.9000
2025-01-16 00:17:39,455 - INFO - Epoch [25/100], Train Accuracy: 0.9714, Val Accuracy: 0.9021
2025-01-16 00:17:39,561 - INFO - Epoch [26/100], Train Accuracy: 0.9719, Val Accuracy: 0.9021
2025-01-16 00:17:39,652 - INFO - Epoch [27/100], Train Accuracy: 0.9724, Val Accuracy: 0.9062
2025-01-16 00:17:39,742 - INFO - Epoch [28/100], Train Accuracy: 0.9719, Val Accuracy: 0.9021
2025-01-16 00:17:39,831 - INFO - Epoch [29/100], Train Accuracy: 0.9729, Val Accuracy: 0.9042
2025-01-16 00:17:39,927 - INFO - Epoch [30/100], Train Accuracy: 0.9729, Val Accuracy: 0.9062
2025-01-16 00:17:40,020 - INFO - Epoch [31/100], Train Accuracy: 0.9740, Val Accuracy: 0.9000
2025-01-16 00:17:40,111 - INFO - Epoch [32/100], Train Accuracy: 0.9750, Val Accuracy: 0.9062
2025-01-16 00:17:40,208 - INFO - Epoch [33/100], Train Accuracy: 0.9734, Val Accuracy: 0.9021
2025-01-16 00:17:40,307 - INFO - Epoch [34/100], Train Accuracy: 0.9745, Val Accuracy: 0.9021
2025-01-16 00:17:40,402 - INFO - Epoch [35/100], Train Accuracy: 0.9750, Val Accuracy: 0.9042
2025-01-16 00:17:40,495 - INFO - Epoch [36/100], Train Accuracy: 0.9755, Val Accuracy: 0.9000
2025-01-16 00:17:40,584 - INFO - Epoch [37/100], Train Accuracy: 0.9766, Val Accuracy: 0.9042
2025-01-16 00:17:40,678 - INFO - Epoch [38/100], Train Accuracy: 0.9766, Val Accuracy: 0.9062
2025-01-16 00:17:40,775 - INFO - Epoch [39/100], Train Accuracy: 0.9776, Val Accuracy: 0.9042
2025-01-16 00:17:40,871 - INFO - Epoch [40/100], Train Accuracy: 0.9766, Val Accuracy: 0.9042
2025-01-16 00:17:40,966 - INFO - Epoch [41/100], Train Accuracy: 0.9771, Val Accuracy: 0.9021
2025-01-16 00:17:41,066 - INFO - Epoch [42/100], Train Accuracy: 0.9771, Val Accuracy: 0.9021
2025-01-16 00:17:41,164 - INFO - Epoch [43/100], Train Accuracy: 0.9776, Val Accuracy: 0.9021
2025-01-16 00:17:41,262 - INFO - Epoch [44/100], Train Accuracy: 0.9776, Val Accuracy: 0.9000
2025-01-16 00:17:41,360 - INFO - Epoch [45/100], Train Accuracy: 0.9776, Val Accuracy: 0.9021
2025-01-16 00:17:41,457 - INFO - Epoch [46/100], Train Accuracy: 0.9776, Val Accuracy: 0.9021
2025-01-16 00:17:41,554 - INFO - Epoch [47/100], Train Accuracy: 0.9781, Val Accuracy: 0.9021
2025-01-16 00:17:41,653 - INFO - Epoch [48/100], Train Accuracy: 0.9776, Val Accuracy: 0.9042
2025-01-16 00:17:41,749 - INFO - Epoch [49/100], Train Accuracy: 0.9781, Val Accuracy: 0.9042
2025-01-16 00:17:41,847 - INFO - Epoch [50/100], Train Accuracy: 0.9781, Val Accuracy: 0.9021
2025-01-16 00:17:41,945 - INFO - Epoch [51/100], Train Accuracy: 0.9781, Val Accuracy: 0.8979
2025-01-16 00:17:42,039 - INFO - Epoch [52/100], Train Accuracy: 0.9781, Val Accuracy: 0.9021
2025-01-16 00:17:42,130 - INFO - Epoch [53/100], Train Accuracy: 0.9781, Val Accuracy: 0.8979
2025-01-16 00:17:42,229 - INFO - Epoch [54/100], Train Accuracy: 0.9781, Val Accuracy: 0.9000
2025-01-16 00:17:42,325 - INFO - Epoch [55/100], Train Accuracy: 0.9781, Val Accuracy: 0.9021
2025-01-16 00:17:42,423 - INFO - Epoch [56/100], Train Accuracy: 0.9781, Val Accuracy: 0.9000
2025-01-16 00:17:42,518 - INFO - Epoch [57/100], Train Accuracy: 0.9781, Val Accuracy: 0.9000
2025-01-16 00:17:42,616 - INFO - Epoch [58/100], Train Accuracy: 0.9781, Val Accuracy: 0.9021
2025-01-16 00:17:42,710 - INFO - Epoch [59/100], Train Accuracy: 0.9781, Val Accuracy: 0.9000
2025-01-16 00:17:42,815 - INFO - Epoch [60/100], Train Accuracy: 0.9781, Val Accuracy: 0.9021
2025-01-16 00:17:42,920 - INFO - Epoch [61/100], Train Accuracy: 0.9781, Val Accuracy: 0.9000
2025-01-16 00:17:43,035 - INFO - Epoch [62/100], Train Accuracy: 0.9781, Val Accuracy: 0.9000
2025-01-16 00:17:43,135 - INFO - Epoch [63/100], Train Accuracy: 0.9781, Val Accuracy: 0.8979
2025-01-16 00:17:43,230 - INFO - Epoch [64/100], Train Accuracy: 0.9781, Val Accuracy: 0.9021
2025-01-16 00:17:43,332 - INFO - Epoch [65/100], Train Accuracy: 0.9781, Val Accuracy: 0.9000
2025-01-16 00:17:43,435 - INFO - Epoch [66/100], Train Accuracy: 0.9781, Val Accuracy: 0.9000
2025-01-16 00:17:43,533 - INFO - Epoch [67/100], Train Accuracy: 0.9781, Val Accuracy: 0.9021
2025-01-16 00:17:43,628 - INFO - Epoch [68/100], Train Accuracy: 0.9781, Val Accuracy: 0.9000
2025-01-16 00:17:43,728 - INFO - Epoch [69/100], Train Accuracy: 0.9781, Val Accuracy: 0.9021
2025-01-16 00:17:43,828 - INFO - Epoch [70/100], Train Accuracy: 0.9781, Val Accuracy: 0.9000
2025-01-16 00:17:43,918 - INFO - Epoch [71/100], Train Accuracy: 0.9781, Val Accuracy: 0.9000
2025-01-16 00:17:44,020 - INFO - Epoch [72/100], Train Accuracy: 0.9781, Val Accuracy: 0.9000
2025-01-16 00:17:44,116 - INFO - Epoch [73/100], Train Accuracy: 0.9781, Val Accuracy: 0.9000
2025-01-16 00:17:44,211 - INFO - Epoch [74/100], Train Accuracy: 0.9781, Val Accuracy: 0.9000
2025-01-16 00:17:44,305 - INFO - Epoch [75/100], Train Accuracy: 0.9781, Val Accuracy: 0.9000
2025-01-16 00:17:44,398 - INFO - Epoch [76/100], Train Accuracy: 0.9781, Val Accuracy: 0.9000
2025-01-16 00:17:44,492 - INFO - Epoch [77/100], Train Accuracy: 0.9781, Val Accuracy: 0.9021
2025-01-16 00:17:44,594 - INFO - Epoch [78/100], Train Accuracy: 0.9781, Val Accuracy: 0.8979
2025-01-16 00:17:44,685 - INFO - Epoch [79/100], Train Accuracy: 0.9781, Val Accuracy: 0.9000
2025-01-16 00:17:44,785 - INFO - Epoch [80/100], Train Accuracy: 0.9781, Val Accuracy: 0.9000
2025-01-16 00:17:44,880 - INFO - Epoch [81/100], Train Accuracy: 0.9781, Val Accuracy: 0.9000
2025-01-16 00:17:44,972 - INFO - Epoch [82/100], Train Accuracy: 0.9781, Val Accuracy: 0.9000
2025-01-16 00:17:45,061 - INFO - Epoch [83/100], Train Accuracy: 0.9781, Val Accuracy: 0.9021
2025-01-16 00:17:45,155 - INFO - Epoch [84/100], Train Accuracy: 0.9781, Val Accuracy: 0.9000
2025-01-16 00:17:45,259 - INFO - Epoch [85/100], Train Accuracy: 0.9781, Val Accuracy: 0.8979
2025-01-16 00:17:45,357 - INFO - Epoch [86/100], Train Accuracy: 0.9781, Val Accuracy: 0.9000
2025-01-16 00:17:45,451 - INFO - Epoch [87/100], Train Accuracy: 0.9781, Val Accuracy: 0.9000
2025-01-16 00:17:45,553 - INFO - Epoch [88/100], Train Accuracy: 0.9781, Val Accuracy: 0.9000
2025-01-16 00:17:45,648 - INFO - Epoch [89/100], Train Accuracy: 0.9781, Val Accuracy: 0.9021
2025-01-16 00:17:45,736 - INFO - Epoch [90/100], Train Accuracy: 0.9781, Val Accuracy: 0.9000
2025-01-16 00:17:45,838 - INFO - Epoch [91/100], Train Accuracy: 0.9781, Val Accuracy: 0.9021
2025-01-16 00:17:45,938 - INFO - Epoch [92/100], Train Accuracy: 0.9781, Val Accuracy: 0.8979
2025-01-16 00:17:46,031 - INFO - Epoch [93/100], Train Accuracy: 0.9781, Val Accuracy: 0.9000
2025-01-16 00:17:46,137 - INFO - Epoch [94/100], Train Accuracy: 0.9781, Val Accuracy: 0.9000
2025-01-16 00:17:46,235 - INFO - Epoch [95/100], Train Accuracy: 0.9786, Val Accuracy: 0.9021
2025-01-16 00:17:46,332 - INFO - Epoch [96/100], Train Accuracy: 0.9786, Val Accuracy: 0.9000
2025-01-16 00:17:46,435 - INFO - Epoch [97/100], Train Accuracy: 0.9786, Val Accuracy: 0.9000
2025-01-16 00:17:46,538 - INFO - Epoch [98/100], Train Accuracy: 0.9786, Val Accuracy: 0.9000
2025-01-16 00:17:46,635 - INFO - Epoch [99/100], Train Accuracy: 0.9786, Val Accuracy: 0.9000
2025-01-16 00:17:46,736 - INFO - Epoch [100/100], Train Accuracy: 0.9786, Val Accuracy: 0.9000
2025-01-16 00:17:46,749 - INFO - Fold 3 Validation Accuracy: 0.9000
2025-01-16 00:17:46,749 - INFO - Training for fold 4/5
2025-01-16 00:17:46,879 - INFO - Epoch [1/100], Train Accuracy: 0.5943, Val Accuracy: 0.8750
2025-01-16 00:17:46,984 - INFO - Epoch [2/100], Train Accuracy: 0.9005, Val Accuracy: 0.9042
2025-01-16 00:17:47,089 - INFO - Epoch [3/100], Train Accuracy: 0.9083, Val Accuracy: 0.9187
2025-01-16 00:17:47,191 - INFO - Epoch [4/100], Train Accuracy: 0.9219, Val Accuracy: 0.9104
2025-01-16 00:17:47,294 - INFO - Epoch [5/100], Train Accuracy: 0.9276, Val Accuracy: 0.9187
2025-01-16 00:17:47,394 - INFO - Epoch [6/100], Train Accuracy: 0.9354, Val Accuracy: 0.9292
2025-01-16 00:17:47,496 - INFO - Epoch [7/100], Train Accuracy: 0.9375, Val Accuracy: 0.9271
2025-01-16 00:17:47,601 - INFO - Epoch [8/100], Train Accuracy: 0.9411, Val Accuracy: 0.9250
2025-01-16 00:17:47,700 - INFO - Epoch [9/100], Train Accuracy: 0.9453, Val Accuracy: 0.9229
2025-01-16 00:17:47,809 - INFO - Epoch [10/100], Train Accuracy: 0.9505, Val Accuracy: 0.9292
2025-01-16 00:17:47,904 - INFO - Epoch [11/100], Train Accuracy: 0.9505, Val Accuracy: 0.9292
2025-01-16 00:17:48,001 - INFO - Epoch [12/100], Train Accuracy: 0.9526, Val Accuracy: 0.9271
2025-01-16 00:17:48,102 - INFO - Epoch [13/100], Train Accuracy: 0.9557, Val Accuracy: 0.9250
2025-01-16 00:17:48,215 - INFO - Epoch [14/100], Train Accuracy: 0.9589, Val Accuracy: 0.9250
2025-01-16 00:17:48,328 - INFO - Epoch [15/100], Train Accuracy: 0.9599, Val Accuracy: 0.9250
2025-01-16 00:17:48,429 - INFO - Epoch [16/100], Train Accuracy: 0.9609, Val Accuracy: 0.9229
2025-01-16 00:17:48,536 - INFO - Epoch [17/100], Train Accuracy: 0.9609, Val Accuracy: 0.9167
2025-01-16 00:17:48,639 - INFO - Epoch [18/100], Train Accuracy: 0.9641, Val Accuracy: 0.9229
2025-01-16 00:17:48,754 - INFO - Epoch [19/100], Train Accuracy: 0.9641, Val Accuracy: 0.9146
2025-01-16 00:17:48,859 - INFO - Epoch [20/100], Train Accuracy: 0.9635, Val Accuracy: 0.9229
2025-01-16 00:17:48,965 - INFO - Epoch [21/100], Train Accuracy: 0.9646, Val Accuracy: 0.9208
2025-01-16 00:17:49,070 - INFO - Epoch [22/100], Train Accuracy: 0.9646, Val Accuracy: 0.9208
2025-01-16 00:17:49,181 - INFO - Epoch [23/100], Train Accuracy: 0.9677, Val Accuracy: 0.9208
2025-01-16 00:17:49,282 - INFO - Epoch [24/100], Train Accuracy: 0.9682, Val Accuracy: 0.9250
2025-01-16 00:17:49,388 - INFO - Epoch [25/100], Train Accuracy: 0.9677, Val Accuracy: 0.9229
2025-01-16 00:17:49,486 - INFO - Epoch [26/100], Train Accuracy: 0.9682, Val Accuracy: 0.9250
2025-01-16 00:17:49,587 - INFO - Epoch [27/100], Train Accuracy: 0.9714, Val Accuracy: 0.9250
2025-01-16 00:17:49,691 - INFO - Epoch [28/100], Train Accuracy: 0.9708, Val Accuracy: 0.9250
2025-01-16 00:17:49,783 - INFO - Epoch [29/100], Train Accuracy: 0.9729, Val Accuracy: 0.9250
2025-01-16 00:17:49,899 - INFO - Epoch [30/100], Train Accuracy: 0.9734, Val Accuracy: 0.9229
2025-01-16 00:17:49,999 - INFO - Epoch [31/100], Train Accuracy: 0.9745, Val Accuracy: 0.9229
2025-01-16 00:17:50,106 - INFO - Epoch [32/100], Train Accuracy: 0.9755, Val Accuracy: 0.9229
2025-01-16 00:17:50,206 - INFO - Epoch [33/100], Train Accuracy: 0.9755, Val Accuracy: 0.9229
2025-01-16 00:17:50,311 - INFO - Epoch [34/100], Train Accuracy: 0.9755, Val Accuracy: 0.9229
2025-01-16 00:17:50,408 - INFO - Epoch [35/100], Train Accuracy: 0.9755, Val Accuracy: 0.9250
2025-01-16 00:17:50,528 - INFO - Epoch [36/100], Train Accuracy: 0.9760, Val Accuracy: 0.9229
2025-01-16 00:17:50,629 - INFO - Epoch [37/100], Train Accuracy: 0.9750, Val Accuracy: 0.9229
2025-01-16 00:17:50,719 - INFO - Epoch [38/100], Train Accuracy: 0.9760, Val Accuracy: 0.9208
2025-01-16 00:17:50,827 - INFO - Epoch [39/100], Train Accuracy: 0.9771, Val Accuracy: 0.9187
2025-01-16 00:17:50,925 - INFO - Epoch [40/100], Train Accuracy: 0.9766, Val Accuracy: 0.9229
2025-01-16 00:17:51,021 - INFO - Epoch [41/100], Train Accuracy: 0.9771, Val Accuracy: 0.9187
2025-01-16 00:17:51,131 - INFO - Epoch [42/100], Train Accuracy: 0.9781, Val Accuracy: 0.9250
2025-01-16 00:17:51,222 - INFO - Epoch [43/100], Train Accuracy: 0.9771, Val Accuracy: 0.9208
2025-01-16 00:17:51,313 - INFO - Epoch [44/100], Train Accuracy: 0.9781, Val Accuracy: 0.9208
2025-01-16 00:17:51,403 - INFO - Epoch [45/100], Train Accuracy: 0.9781, Val Accuracy: 0.9208
2025-01-16 00:17:51,489 - INFO - Epoch [46/100], Train Accuracy: 0.9776, Val Accuracy: 0.9208
2025-01-16 00:17:51,586 - INFO - Epoch [47/100], Train Accuracy: 0.9781, Val Accuracy: 0.9250
2025-01-16 00:17:51,682 - INFO - Epoch [48/100], Train Accuracy: 0.9781, Val Accuracy: 0.9208
2025-01-16 00:17:51,785 - INFO - Epoch [49/100], Train Accuracy: 0.9781, Val Accuracy: 0.9250
2025-01-16 00:17:51,876 - INFO - Epoch [50/100], Train Accuracy: 0.9781, Val Accuracy: 0.9229
2025-01-16 00:17:51,967 - INFO - Epoch [51/100], Train Accuracy: 0.9781, Val Accuracy: 0.9271
2025-01-16 00:17:52,058 - INFO - Epoch [52/100], Train Accuracy: 0.9786, Val Accuracy: 0.9271
2025-01-16 00:17:52,149 - INFO - Epoch [53/100], Train Accuracy: 0.9792, Val Accuracy: 0.9229
2025-01-16 00:17:52,243 - INFO - Epoch [54/100], Train Accuracy: 0.9786, Val Accuracy: 0.9208
2025-01-16 00:17:52,337 - INFO - Epoch [55/100], Train Accuracy: 0.9792, Val Accuracy: 0.9229
2025-01-16 00:17:52,427 - INFO - Epoch [56/100], Train Accuracy: 0.9792, Val Accuracy: 0.9229
2025-01-16 00:17:52,516 - INFO - Epoch [57/100], Train Accuracy: 0.9792, Val Accuracy: 0.9208
2025-01-16 00:17:52,610 - INFO - Epoch [58/100], Train Accuracy: 0.9792, Val Accuracy: 0.9229
2025-01-16 00:17:52,699 - INFO - Epoch [59/100], Train Accuracy: 0.9792, Val Accuracy: 0.9250
2025-01-16 00:17:52,788 - INFO - Epoch [60/100], Train Accuracy: 0.9792, Val Accuracy: 0.9250
2025-01-16 00:17:52,879 - INFO - Epoch [61/100], Train Accuracy: 0.9792, Val Accuracy: 0.9250
2025-01-16 00:17:52,967 - INFO - Epoch [62/100], Train Accuracy: 0.9792, Val Accuracy: 0.9250
2025-01-16 00:17:53,057 - INFO - Epoch [63/100], Train Accuracy: 0.9792, Val Accuracy: 0.9250
2025-01-16 00:17:53,146 - INFO - Epoch [64/100], Train Accuracy: 0.9792, Val Accuracy: 0.9229
2025-01-16 00:17:53,232 - INFO - Epoch [65/100], Train Accuracy: 0.9792, Val Accuracy: 0.9250
2025-01-16 00:17:53,319 - INFO - Epoch [66/100], Train Accuracy: 0.9792, Val Accuracy: 0.9250
2025-01-16 00:17:53,407 - INFO - Epoch [67/100], Train Accuracy: 0.9792, Val Accuracy: 0.9229
2025-01-16 00:17:53,492 - INFO - Epoch [68/100], Train Accuracy: 0.9792, Val Accuracy: 0.9250
2025-01-16 00:17:53,584 - INFO - Epoch [69/100], Train Accuracy: 0.9792, Val Accuracy: 0.9250
2025-01-16 00:17:53,673 - INFO - Epoch [70/100], Train Accuracy: 0.9792, Val Accuracy: 0.9250
2025-01-16 00:17:53,766 - INFO - Epoch [71/100], Train Accuracy: 0.9792, Val Accuracy: 0.9250
2025-01-16 00:17:53,854 - INFO - Epoch [72/100], Train Accuracy: 0.9792, Val Accuracy: 0.9208
2025-01-16 00:17:53,948 - INFO - Epoch [73/100], Train Accuracy: 0.9792, Val Accuracy: 0.9208
2025-01-16 00:17:54,037 - INFO - Epoch [74/100], Train Accuracy: 0.9792, Val Accuracy: 0.9229
2025-01-16 00:17:54,126 - INFO - Epoch [75/100], Train Accuracy: 0.9792, Val Accuracy: 0.9229
2025-01-16 00:17:54,216 - INFO - Epoch [76/100], Train Accuracy: 0.9792, Val Accuracy: 0.9250
2025-01-16 00:17:54,311 - INFO - Epoch [77/100], Train Accuracy: 0.9792, Val Accuracy: 0.9229
2025-01-16 00:17:54,397 - INFO - Epoch [78/100], Train Accuracy: 0.9792, Val Accuracy: 0.9229
2025-01-16 00:17:54,486 - INFO - Epoch [79/100], Train Accuracy: 0.9792, Val Accuracy: 0.9187
2025-01-16 00:17:54,576 - INFO - Epoch [80/100], Train Accuracy: 0.9792, Val Accuracy: 0.9208
2025-01-16 00:17:54,664 - INFO - Epoch [81/100], Train Accuracy: 0.9792, Val Accuracy: 0.9208
2025-01-16 00:17:54,760 - INFO - Epoch [82/100], Train Accuracy: 0.9792, Val Accuracy: 0.9208
2025-01-16 00:17:54,849 - INFO - Epoch [83/100], Train Accuracy: 0.9792, Val Accuracy: 0.9187
2025-01-16 00:17:54,943 - INFO - Epoch [84/100], Train Accuracy: 0.9792, Val Accuracy: 0.9187
2025-01-16 00:17:55,030 - INFO - Epoch [85/100], Train Accuracy: 0.9792, Val Accuracy: 0.9187
2025-01-16 00:17:55,130 - INFO - Epoch [86/100], Train Accuracy: 0.9792, Val Accuracy: 0.9208
2025-01-16 00:17:55,221 - INFO - Epoch [87/100], Train Accuracy: 0.9792, Val Accuracy: 0.9229
2025-01-16 00:17:55,324 - INFO - Epoch [88/100], Train Accuracy: 0.9792, Val Accuracy: 0.9187
2025-01-16 00:17:55,427 - INFO - Epoch [89/100], Train Accuracy: 0.9792, Val Accuracy: 0.9208
2025-01-16 00:17:55,536 - INFO - Epoch [90/100], Train Accuracy: 0.9792, Val Accuracy: 0.9208
2025-01-16 00:17:55,639 - INFO - Epoch [91/100], Train Accuracy: 0.9792, Val Accuracy: 0.9229
2025-01-16 00:17:55,759 - INFO - Epoch [92/100], Train Accuracy: 0.9792, Val Accuracy: 0.9187
2025-01-16 00:17:55,874 - INFO - Epoch [93/100], Train Accuracy: 0.9792, Val Accuracy: 0.9208
2025-01-16 00:17:55,978 - INFO - Epoch [94/100], Train Accuracy: 0.9792, Val Accuracy: 0.9229
2025-01-16 00:17:56,079 - INFO - Epoch [95/100], Train Accuracy: 0.9792, Val Accuracy: 0.9187
2025-01-16 00:17:56,193 - INFO - Epoch [96/100], Train Accuracy: 0.9792, Val Accuracy: 0.9208
2025-01-16 00:17:56,298 - INFO - Epoch [97/100], Train Accuracy: 0.9792, Val Accuracy: 0.9187
2025-01-16 00:17:56,407 - INFO - Epoch [98/100], Train Accuracy: 0.9792, Val Accuracy: 0.9187
2025-01-16 00:17:56,509 - INFO - Epoch [99/100], Train Accuracy: 0.9792, Val Accuracy: 0.9187
2025-01-16 00:17:56,608 - INFO - Epoch [100/100], Train Accuracy: 0.9792, Val Accuracy: 0.9229
2025-01-16 00:17:56,619 - INFO - Fold 4 Validation Accuracy: 0.9229
2025-01-16 00:17:56,619 - INFO - Training for fold 5/5
2025-01-16 00:17:56,761 - INFO - Epoch [1/100], Train Accuracy: 0.5458, Val Accuracy: 0.8667
2025-01-16 00:17:56,863 - INFO - Epoch [2/100], Train Accuracy: 0.8880, Val Accuracy: 0.9083
2025-01-16 00:17:56,960 - INFO - Epoch [3/100], Train Accuracy: 0.9115, Val Accuracy: 0.9292
2025-01-16 00:17:57,069 - INFO - Epoch [4/100], Train Accuracy: 0.9161, Val Accuracy: 0.9333
2025-01-16 00:17:57,177 - INFO - Epoch [5/100], Train Accuracy: 0.9240, Val Accuracy: 0.9333
2025-01-16 00:17:57,286 - INFO - Epoch [6/100], Train Accuracy: 0.9313, Val Accuracy: 0.9354
2025-01-16 00:17:57,383 - INFO - Epoch [7/100], Train Accuracy: 0.9396, Val Accuracy: 0.9417
2025-01-16 00:17:57,486 - INFO - Epoch [8/100], Train Accuracy: 0.9370, Val Accuracy: 0.9458
2025-01-16 00:17:57,593 - INFO - Epoch [9/100], Train Accuracy: 0.9443, Val Accuracy: 0.9354
2025-01-16 00:17:57,698 - INFO - Epoch [10/100], Train Accuracy: 0.9453, Val Accuracy: 0.9417
2025-01-16 00:17:57,799 - INFO - Epoch [11/100], Train Accuracy: 0.9495, Val Accuracy: 0.9375
2025-01-16 00:17:57,905 - INFO - Epoch [12/100], Train Accuracy: 0.9500, Val Accuracy: 0.9437
2025-01-16 00:17:57,999 - INFO - Epoch [13/100], Train Accuracy: 0.9526, Val Accuracy: 0.9396
2025-01-16 00:17:58,097 - INFO - Epoch [14/100], Train Accuracy: 0.9568, Val Accuracy: 0.9396
2025-01-16 00:17:58,196 - INFO - Epoch [15/100], Train Accuracy: 0.9583, Val Accuracy: 0.9396
2025-01-16 00:17:58,294 - INFO - Epoch [16/100], Train Accuracy: 0.9589, Val Accuracy: 0.9417
2025-01-16 00:17:58,395 - INFO - Epoch [17/100], Train Accuracy: 0.9604, Val Accuracy: 0.9375
2025-01-16 00:17:58,497 - INFO - Epoch [18/100], Train Accuracy: 0.9635, Val Accuracy: 0.9417
2025-01-16 00:17:58,594 - INFO - Epoch [19/100], Train Accuracy: 0.9641, Val Accuracy: 0.9396
2025-01-16 00:17:58,716 - INFO - Epoch [20/100], Train Accuracy: 0.9646, Val Accuracy: 0.9437
2025-01-16 00:17:58,826 - INFO - Epoch [21/100], Train Accuracy: 0.9661, Val Accuracy: 0.9375
2025-01-16 00:17:58,945 - INFO - Epoch [22/100], Train Accuracy: 0.9656, Val Accuracy: 0.9396
2025-01-16 00:17:59,053 - INFO - Epoch [23/100], Train Accuracy: 0.9698, Val Accuracy: 0.9375
2025-01-16 00:17:59,163 - INFO - Epoch [24/100], Train Accuracy: 0.9682, Val Accuracy: 0.9417
2025-01-16 00:17:59,264 - INFO - Epoch [25/100], Train Accuracy: 0.9703, Val Accuracy: 0.9333
2025-01-16 00:17:59,378 - INFO - Epoch [26/100], Train Accuracy: 0.9719, Val Accuracy: 0.9375
2025-01-16 00:17:59,482 - INFO - Epoch [27/100], Train Accuracy: 0.9714, Val Accuracy: 0.9396
2025-01-16 00:17:59,585 - INFO - Epoch [28/100], Train Accuracy: 0.9714, Val Accuracy: 0.9417
2025-01-16 00:17:59,684 - INFO - Epoch [29/100], Train Accuracy: 0.9719, Val Accuracy: 0.9396
2025-01-16 00:17:59,778 - INFO - Epoch [30/100], Train Accuracy: 0.9729, Val Accuracy: 0.9396
2025-01-16 00:17:59,875 - INFO - Epoch [31/100], Train Accuracy: 0.9729, Val Accuracy: 0.9396
2025-01-16 00:17:59,969 - INFO - Epoch [32/100], Train Accuracy: 0.9729, Val Accuracy: 0.9375
2025-01-16 00:18:00,066 - INFO - Epoch [33/100], Train Accuracy: 0.9740, Val Accuracy: 0.9354
2025-01-16 00:18:00,156 - INFO - Epoch [34/100], Train Accuracy: 0.9740, Val Accuracy: 0.9354
2025-01-16 00:18:00,248 - INFO - Epoch [35/100], Train Accuracy: 0.9745, Val Accuracy: 0.9375
2025-01-16 00:18:00,339 - INFO - Epoch [36/100], Train Accuracy: 0.9745, Val Accuracy: 0.9375
2025-01-16 00:18:00,431 - INFO - Epoch [37/100], Train Accuracy: 0.9745, Val Accuracy: 0.9354
2025-01-16 00:18:00,522 - INFO - Epoch [38/100], Train Accuracy: 0.9750, Val Accuracy: 0.9354
2025-01-16 00:18:00,609 - INFO - Epoch [39/100], Train Accuracy: 0.9745, Val Accuracy: 0.9375
2025-01-16 00:18:00,703 - INFO - Epoch [40/100], Train Accuracy: 0.9750, Val Accuracy: 0.9396
2025-01-16 00:18:00,794 - INFO - Epoch [41/100], Train Accuracy: 0.9755, Val Accuracy: 0.9313
2025-01-16 00:18:00,894 - INFO - Epoch [42/100], Train Accuracy: 0.9766, Val Accuracy: 0.9375
2025-01-16 00:18:00,985 - INFO - Epoch [43/100], Train Accuracy: 0.9766, Val Accuracy: 0.9375
2025-01-16 00:18:01,075 - INFO - Epoch [44/100], Train Accuracy: 0.9771, Val Accuracy: 0.9375
2025-01-16 00:18:01,164 - INFO - Epoch [45/100], Train Accuracy: 0.9771, Val Accuracy: 0.9375
2025-01-16 00:18:01,259 - INFO - Epoch [46/100], Train Accuracy: 0.9776, Val Accuracy: 0.9375
2025-01-16 00:18:01,356 - INFO - Epoch [47/100], Train Accuracy: 0.9786, Val Accuracy: 0.9333
2025-01-16 00:18:01,446 - INFO - Epoch [48/100], Train Accuracy: 0.9786, Val Accuracy: 0.9375
2025-01-16 00:18:01,534 - INFO - Epoch [49/100], Train Accuracy: 0.9786, Val Accuracy: 0.9437
2025-01-16 00:18:01,630 - INFO - Epoch [50/100], Train Accuracy: 0.9786, Val Accuracy: 0.9417
2025-01-16 00:18:01,720 - INFO - Epoch [51/100], Train Accuracy: 0.9786, Val Accuracy: 0.9417
2025-01-16 00:18:01,811 - INFO - Epoch [52/100], Train Accuracy: 0.9786, Val Accuracy: 0.9354
2025-01-16 00:18:01,909 - INFO - Epoch [53/100], Train Accuracy: 0.9786, Val Accuracy: 0.9354
2025-01-16 00:18:02,001 - INFO - Epoch [54/100], Train Accuracy: 0.9786, Val Accuracy: 0.9354
2025-01-16 00:18:02,094 - INFO - Epoch [55/100], Train Accuracy: 0.9792, Val Accuracy: 0.9375
2025-01-16 00:18:02,195 - INFO - Epoch [56/100], Train Accuracy: 0.9792, Val Accuracy: 0.9375
2025-01-16 00:18:02,285 - INFO - Epoch [57/100], Train Accuracy: 0.9792, Val Accuracy: 0.9396
2025-01-16 00:18:02,384 - INFO - Epoch [58/100], Train Accuracy: 0.9792, Val Accuracy: 0.9396
2025-01-16 00:18:02,474 - INFO - Epoch [59/100], Train Accuracy: 0.9792, Val Accuracy: 0.9354
2025-01-16 00:18:02,573 - INFO - Epoch [60/100], Train Accuracy: 0.9797, Val Accuracy: 0.9292
2025-01-16 00:18:02,584 - INFO - Fold 5 Validation Accuracy: 0.9292
2025-01-16 00:18:02,584 - INFO - Average Validation Accuracy (Over 5 folds): 0.9171 

2025-01-16 00:18:02,704 - INFO - Training with Vectorized Data 100 features. Dropout Rate 0.56. Dataset Size 2400. 128 neurons. Leanring Rate 0.001
2025-01-16 00:18:02,705 - INFO - Training for fold 1/5
2025-01-16 00:18:02,861 - INFO - Epoch [1/100], Train Accuracy: 0.4562, Val Accuracy: 0.6937
2025-01-16 00:18:02,948 - INFO - Epoch [2/100], Train Accuracy: 0.8578, Val Accuracy: 0.8792
2025-01-16 00:18:03,041 - INFO - Epoch [3/100], Train Accuracy: 0.9104, Val Accuracy: 0.9083
2025-01-16 00:18:03,127 - INFO - Epoch [4/100], Train Accuracy: 0.9234, Val Accuracy: 0.9083
2025-01-16 00:18:03,219 - INFO - Epoch [5/100], Train Accuracy: 0.9286, Val Accuracy: 0.9208
2025-01-16 00:18:03,313 - INFO - Epoch [6/100], Train Accuracy: 0.9380, Val Accuracy: 0.9313
2025-01-16 00:18:03,402 - INFO - Epoch [7/100], Train Accuracy: 0.9406, Val Accuracy: 0.9187
2025-01-16 00:18:03,496 - INFO - Epoch [8/100], Train Accuracy: 0.9432, Val Accuracy: 0.9208
2025-01-16 00:18:03,586 - INFO - Epoch [9/100], Train Accuracy: 0.9469, Val Accuracy: 0.9104
2025-01-16 00:18:03,599 - INFO - Fold 1 Validation Accuracy: 0.9104
2025-01-16 00:18:03,599 - INFO - Training for fold 2/5
2025-01-16 00:18:03,721 - INFO - Epoch [1/100], Train Accuracy: 0.5563, Val Accuracy: 0.8208
2025-01-16 00:18:03,812 - INFO - Epoch [2/100], Train Accuracy: 0.8859, Val Accuracy: 0.9062
2025-01-16 00:18:03,902 - INFO - Epoch [3/100], Train Accuracy: 0.9094, Val Accuracy: 0.9167
2025-01-16 00:18:03,998 - INFO - Epoch [4/100], Train Accuracy: 0.9187, Val Accuracy: 0.9187
2025-01-16 00:18:04,099 - INFO - Epoch [5/100], Train Accuracy: 0.9245, Val Accuracy: 0.9292
2025-01-16 00:18:04,204 - INFO - Epoch [6/100], Train Accuracy: 0.9302, Val Accuracy: 0.9208
2025-01-16 00:18:04,300 - INFO - Epoch [7/100], Train Accuracy: 0.9339, Val Accuracy: 0.9354
2025-01-16 00:18:04,394 - INFO - Epoch [8/100], Train Accuracy: 0.9391, Val Accuracy: 0.9354
2025-01-16 00:18:04,500 - INFO - Epoch [9/100], Train Accuracy: 0.9411, Val Accuracy: 0.9333
2025-01-16 00:18:04,603 - INFO - Epoch [10/100], Train Accuracy: 0.9448, Val Accuracy: 0.9333
2025-01-16 00:18:04,705 - INFO - Epoch [11/100], Train Accuracy: 0.9490, Val Accuracy: 0.9354
2025-01-16 00:18:04,819 - INFO - Epoch [12/100], Train Accuracy: 0.9500, Val Accuracy: 0.9375
2025-01-16 00:18:04,916 - INFO - Epoch [13/100], Train Accuracy: 0.9521, Val Accuracy: 0.9354
2025-01-16 00:18:05,027 - INFO - Epoch [14/100], Train Accuracy: 0.9521, Val Accuracy: 0.9375
2025-01-16 00:18:05,126 - INFO - Epoch [15/100], Train Accuracy: 0.9568, Val Accuracy: 0.9333
2025-01-16 00:18:05,229 - INFO - Epoch [16/100], Train Accuracy: 0.9568, Val Accuracy: 0.9292
2025-01-16 00:18:05,329 - INFO - Epoch [17/100], Train Accuracy: 0.9620, Val Accuracy: 0.9292
2025-01-16 00:18:05,422 - INFO - Epoch [18/100], Train Accuracy: 0.9635, Val Accuracy: 0.9271
2025-01-16 00:18:05,522 - INFO - Epoch [19/100], Train Accuracy: 0.9656, Val Accuracy: 0.9292
2025-01-16 00:18:05,630 - INFO - Epoch [20/100], Train Accuracy: 0.9667, Val Accuracy: 0.9250
2025-01-16 00:18:05,733 - INFO - Epoch [21/100], Train Accuracy: 0.9661, Val Accuracy: 0.9271
2025-01-16 00:18:05,831 - INFO - Epoch [22/100], Train Accuracy: 0.9661, Val Accuracy: 0.9187
2025-01-16 00:18:05,841 - INFO - Fold 2 Validation Accuracy: 0.9187
2025-01-16 00:18:05,841 - INFO - Training for fold 3/5
2025-01-16 00:18:05,975 - INFO - Epoch [1/100], Train Accuracy: 0.5911, Val Accuracy: 0.8375
2025-01-16 00:18:06,067 - INFO - Epoch [2/100], Train Accuracy: 0.8818, Val Accuracy: 0.8729
2025-01-16 00:18:06,176 - INFO - Epoch [3/100], Train Accuracy: 0.9115, Val Accuracy: 0.8812
2025-01-16 00:18:06,278 - INFO - Epoch [4/100], Train Accuracy: 0.9229, Val Accuracy: 0.8958
2025-01-16 00:18:06,398 - INFO - Epoch [5/100], Train Accuracy: 0.9328, Val Accuracy: 0.9000
2025-01-16 00:18:06,504 - INFO - Epoch [6/100], Train Accuracy: 0.9406, Val Accuracy: 0.9021
2025-01-16 00:18:06,609 - INFO - Epoch [7/100], Train Accuracy: 0.9448, Val Accuracy: 0.9104
2025-01-16 00:18:06,694 - INFO - Epoch [8/100], Train Accuracy: 0.9469, Val Accuracy: 0.9083
2025-01-16 00:18:06,798 - INFO - Epoch [9/100], Train Accuracy: 0.9536, Val Accuracy: 0.9125
2025-01-16 00:18:06,899 - INFO - Epoch [10/100], Train Accuracy: 0.9552, Val Accuracy: 0.9042
2025-01-16 00:18:07,005 - INFO - Epoch [11/100], Train Accuracy: 0.9547, Val Accuracy: 0.9125
2025-01-16 00:18:07,102 - INFO - Epoch [12/100], Train Accuracy: 0.9589, Val Accuracy: 0.9021
2025-01-16 00:18:07,208 - INFO - Epoch [13/100], Train Accuracy: 0.9557, Val Accuracy: 0.9104
2025-01-16 00:18:07,302 - INFO - Epoch [14/100], Train Accuracy: 0.9609, Val Accuracy: 0.9146
2025-01-16 00:18:07,399 - INFO - Epoch [15/100], Train Accuracy: 0.9625, Val Accuracy: 0.9083
2025-01-16 00:18:07,495 - INFO - Epoch [16/100], Train Accuracy: 0.9646, Val Accuracy: 0.9104
2025-01-16 00:18:07,595 - INFO - Epoch [17/100], Train Accuracy: 0.9641, Val Accuracy: 0.9104
2025-01-16 00:18:07,696 - INFO - Epoch [18/100], Train Accuracy: 0.9661, Val Accuracy: 0.9125
2025-01-16 00:18:07,792 - INFO - Epoch [19/100], Train Accuracy: 0.9677, Val Accuracy: 0.9062
2025-01-16 00:18:07,896 - INFO - Epoch [20/100], Train Accuracy: 0.9672, Val Accuracy: 0.9083
2025-01-16 00:18:07,992 - INFO - Epoch [21/100], Train Accuracy: 0.9708, Val Accuracy: 0.9104
2025-01-16 00:18:08,084 - INFO - Epoch [22/100], Train Accuracy: 0.9714, Val Accuracy: 0.9104
2025-01-16 00:18:08,182 - INFO - Epoch [23/100], Train Accuracy: 0.9708, Val Accuracy: 0.9104
2025-01-16 00:18:08,276 - INFO - Epoch [24/100], Train Accuracy: 0.9724, Val Accuracy: 0.9062
2025-01-16 00:18:08,376 - INFO - Epoch [25/100], Train Accuracy: 0.9714, Val Accuracy: 0.9062
2025-01-16 00:18:08,473 - INFO - Epoch [26/100], Train Accuracy: 0.9729, Val Accuracy: 0.9083
2025-01-16 00:18:08,558 - INFO - Epoch [27/100], Train Accuracy: 0.9745, Val Accuracy: 0.9083
2025-01-16 00:18:08,652 - INFO - Epoch [28/100], Train Accuracy: 0.9745, Val Accuracy: 0.9062
2025-01-16 00:18:08,743 - INFO - Epoch [29/100], Train Accuracy: 0.9760, Val Accuracy: 0.9062
2025-01-16 00:18:08,842 - INFO - Epoch [30/100], Train Accuracy: 0.9760, Val Accuracy: 0.9021
2025-01-16 00:18:08,938 - INFO - Epoch [31/100], Train Accuracy: 0.9766, Val Accuracy: 0.9062
2025-01-16 00:18:09,034 - INFO - Epoch [32/100], Train Accuracy: 0.9766, Val Accuracy: 0.9062
2025-01-16 00:18:09,129 - INFO - Epoch [33/100], Train Accuracy: 0.9776, Val Accuracy: 0.9083
2025-01-16 00:18:09,221 - INFO - Epoch [34/100], Train Accuracy: 0.9781, Val Accuracy: 0.9021
2025-01-16 00:18:09,316 - INFO - Epoch [35/100], Train Accuracy: 0.9792, Val Accuracy: 0.9083
2025-01-16 00:18:09,411 - INFO - Epoch [36/100], Train Accuracy: 0.9786, Val Accuracy: 0.9062
2025-01-16 00:18:09,507 - INFO - Epoch [37/100], Train Accuracy: 0.9792, Val Accuracy: 0.9146
2025-01-16 00:18:09,607 - INFO - Epoch [38/100], Train Accuracy: 0.9786, Val Accuracy: 0.9021
2025-01-16 00:18:09,700 - INFO - Epoch [39/100], Train Accuracy: 0.9802, Val Accuracy: 0.9125
2025-01-16 00:18:09,798 - INFO - Epoch [40/100], Train Accuracy: 0.9812, Val Accuracy: 0.9062
2025-01-16 00:18:09,887 - INFO - Epoch [41/100], Train Accuracy: 0.9812, Val Accuracy: 0.9062
2025-01-16 00:18:09,983 - INFO - Epoch [42/100], Train Accuracy: 0.9818, Val Accuracy: 0.9083
2025-01-16 00:18:10,081 - INFO - Epoch [43/100], Train Accuracy: 0.9818, Val Accuracy: 0.9083
2025-01-16 00:18:10,173 - INFO - Epoch [44/100], Train Accuracy: 0.9823, Val Accuracy: 0.9062
2025-01-16 00:18:10,266 - INFO - Epoch [45/100], Train Accuracy: 0.9823, Val Accuracy: 0.9104
2025-01-16 00:18:10,363 - INFO - Epoch [46/100], Train Accuracy: 0.9823, Val Accuracy: 0.9062
2025-01-16 00:18:10,461 - INFO - Epoch [47/100], Train Accuracy: 0.9823, Val Accuracy: 0.9104
2025-01-16 00:18:10,556 - INFO - Epoch [48/100], Train Accuracy: 0.9828, Val Accuracy: 0.9083
2025-01-16 00:18:10,649 - INFO - Epoch [49/100], Train Accuracy: 0.9828, Val Accuracy: 0.9062
2025-01-16 00:18:10,743 - INFO - Epoch [50/100], Train Accuracy: 0.9828, Val Accuracy: 0.9042
2025-01-16 00:18:10,836 - INFO - Epoch [51/100], Train Accuracy: 0.9833, Val Accuracy: 0.9062
2025-01-16 00:18:10,926 - INFO - Epoch [52/100], Train Accuracy: 0.9833, Val Accuracy: 0.9021
2025-01-16 00:18:11,027 - INFO - Epoch [53/100], Train Accuracy: 0.9833, Val Accuracy: 0.9021
2025-01-16 00:18:11,125 - INFO - Epoch [54/100], Train Accuracy: 0.9833, Val Accuracy: 0.9042
2025-01-16 00:18:11,216 - INFO - Epoch [55/100], Train Accuracy: 0.9833, Val Accuracy: 0.9062
2025-01-16 00:18:11,313 - INFO - Epoch [56/100], Train Accuracy: 0.9839, Val Accuracy: 0.9062
2025-01-16 00:18:11,409 - INFO - Epoch [57/100], Train Accuracy: 0.9839, Val Accuracy: 0.9021
2025-01-16 00:18:11,514 - INFO - Epoch [58/100], Train Accuracy: 0.9839, Val Accuracy: 0.9042
2025-01-16 00:18:11,621 - INFO - Epoch [59/100], Train Accuracy: 0.9839, Val Accuracy: 0.9021
2025-01-16 00:18:11,713 - INFO - Epoch [60/100], Train Accuracy: 0.9839, Val Accuracy: 0.9021
2025-01-16 00:18:11,811 - INFO - Epoch [61/100], Train Accuracy: 0.9839, Val Accuracy: 0.9042
2025-01-16 00:18:11,915 - INFO - Epoch [62/100], Train Accuracy: 0.9839, Val Accuracy: 0.9062
2025-01-16 00:18:12,007 - INFO - Epoch [63/100], Train Accuracy: 0.9839, Val Accuracy: 0.9062
2025-01-16 00:18:12,110 - INFO - Epoch [64/100], Train Accuracy: 0.9839, Val Accuracy: 0.9021
2025-01-16 00:18:12,291 - INFO - Epoch [65/100], Train Accuracy: 0.9839, Val Accuracy: 0.9062
2025-01-16 00:18:12,476 - INFO - Epoch [66/100], Train Accuracy: 0.9839, Val Accuracy: 0.9062
2025-01-16 00:18:12,591 - INFO - Epoch [67/100], Train Accuracy: 0.9839, Val Accuracy: 0.9042
2025-01-16 00:18:12,712 - INFO - Epoch [68/100], Train Accuracy: 0.9839, Val Accuracy: 0.9021
2025-01-16 00:18:12,815 - INFO - Epoch [69/100], Train Accuracy: 0.9839, Val Accuracy: 0.9062
2025-01-16 00:18:12,909 - INFO - Epoch [70/100], Train Accuracy: 0.9844, Val Accuracy: 0.9042
2025-01-16 00:18:13,003 - INFO - Epoch [71/100], Train Accuracy: 0.9844, Val Accuracy: 0.9021
2025-01-16 00:18:13,094 - INFO - Epoch [72/100], Train Accuracy: 0.9844, Val Accuracy: 0.9021
2025-01-16 00:18:13,188 - INFO - Epoch [73/100], Train Accuracy: 0.9844, Val Accuracy: 0.9021
2025-01-16 00:18:13,278 - INFO - Epoch [74/100], Train Accuracy: 0.9844, Val Accuracy: 0.8979
2025-01-16 00:18:13,291 - INFO - Fold 3 Validation Accuracy: 0.8979
2025-01-16 00:18:13,292 - INFO - Training for fold 4/5
2025-01-16 00:18:13,422 - INFO - Epoch [1/100], Train Accuracy: 0.6396, Val Accuracy: 0.8500
2025-01-16 00:18:13,514 - INFO - Epoch [2/100], Train Accuracy: 0.9078, Val Accuracy: 0.9062
2025-01-16 00:18:13,614 - INFO - Epoch [3/100], Train Accuracy: 0.9167, Val Accuracy: 0.9167
2025-01-16 00:18:13,708 - INFO - Epoch [4/100], Train Accuracy: 0.9234, Val Accuracy: 0.9167
2025-01-16 00:18:13,803 - INFO - Epoch [5/100], Train Accuracy: 0.9323, Val Accuracy: 0.9187
2025-01-16 00:18:13,903 - INFO - Epoch [6/100], Train Accuracy: 0.9385, Val Accuracy: 0.9271
2025-01-16 00:18:13,996 - INFO - Epoch [7/100], Train Accuracy: 0.9432, Val Accuracy: 0.9250
2025-01-16 00:18:14,085 - INFO - Epoch [8/100], Train Accuracy: 0.9443, Val Accuracy: 0.9271
2025-01-16 00:18:14,180 - INFO - Epoch [9/100], Train Accuracy: 0.9484, Val Accuracy: 0.9250
2025-01-16 00:18:14,272 - INFO - Epoch [10/100], Train Accuracy: 0.9500, Val Accuracy: 0.9271
2025-01-16 00:18:14,364 - INFO - Epoch [11/100], Train Accuracy: 0.9516, Val Accuracy: 0.9292
2025-01-16 00:18:14,456 - INFO - Epoch [12/100], Train Accuracy: 0.9516, Val Accuracy: 0.9271
2025-01-16 00:18:14,555 - INFO - Epoch [13/100], Train Accuracy: 0.9552, Val Accuracy: 0.9292
2025-01-16 00:18:14,642 - INFO - Epoch [14/100], Train Accuracy: 0.9573, Val Accuracy: 0.9313
2025-01-16 00:18:14,738 - INFO - Epoch [15/100], Train Accuracy: 0.9609, Val Accuracy: 0.9313
2025-01-16 00:18:14,832 - INFO - Epoch [16/100], Train Accuracy: 0.9620, Val Accuracy: 0.9333
2025-01-16 00:18:14,931 - INFO - Epoch [17/100], Train Accuracy: 0.9630, Val Accuracy: 0.9333
2025-01-16 00:18:15,036 - INFO - Epoch [18/100], Train Accuracy: 0.9630, Val Accuracy: 0.9354
2025-01-16 00:18:15,146 - INFO - Epoch [19/100], Train Accuracy: 0.9630, Val Accuracy: 0.9333
2025-01-16 00:18:15,247 - INFO - Epoch [20/100], Train Accuracy: 0.9661, Val Accuracy: 0.9354
2025-01-16 00:18:15,353 - INFO - Epoch [21/100], Train Accuracy: 0.9661, Val Accuracy: 0.9333
2025-01-16 00:18:15,454 - INFO - Epoch [22/100], Train Accuracy: 0.9661, Val Accuracy: 0.9313
2025-01-16 00:18:15,548 - INFO - Epoch [23/100], Train Accuracy: 0.9667, Val Accuracy: 0.9333
2025-01-16 00:18:15,646 - INFO - Epoch [24/100], Train Accuracy: 0.9672, Val Accuracy: 0.9333
2025-01-16 00:18:15,742 - INFO - Epoch [25/100], Train Accuracy: 0.9698, Val Accuracy: 0.9333
2025-01-16 00:18:15,848 - INFO - Epoch [26/100], Train Accuracy: 0.9693, Val Accuracy: 0.9313
2025-01-16 00:18:15,952 - INFO - Epoch [27/100], Train Accuracy: 0.9703, Val Accuracy: 0.9375
2025-01-16 00:18:16,043 - INFO - Epoch [28/100], Train Accuracy: 0.9714, Val Accuracy: 0.9354
2025-01-16 00:18:16,143 - INFO - Epoch [29/100], Train Accuracy: 0.9708, Val Accuracy: 0.9333
2025-01-16 00:18:16,231 - INFO - Epoch [30/100], Train Accuracy: 0.9719, Val Accuracy: 0.9354
2025-01-16 00:18:16,327 - INFO - Epoch [31/100], Train Accuracy: 0.9724, Val Accuracy: 0.9313
2025-01-16 00:18:16,431 - INFO - Epoch [32/100], Train Accuracy: 0.9724, Val Accuracy: 0.9313
2025-01-16 00:18:16,528 - INFO - Epoch [33/100], Train Accuracy: 0.9740, Val Accuracy: 0.9250
