2025-01-16 00:27:06,119 - INFO - Training with Vectorized Data 2000 features. Dropout Rate 0.56. Dataset Size 2400. 128 neurons. Leanring Rate 0.0017
2025-01-16 00:27:06,119 - INFO - Training for fold 1/5
2025-01-16 00:27:07,521 - INFO - Epoch [1/100], Train Accuracy: 0.6510, Val Accuracy: 0.8812
2025-01-16 00:27:07,616 - INFO - Epoch [2/100], Train Accuracy: 0.9224, Val Accuracy: 0.9042
2025-01-16 00:27:07,721 - INFO - Epoch [3/100], Train Accuracy: 0.9646, Val Accuracy: 0.9271
2025-01-16 00:27:07,826 - INFO - Epoch [4/100], Train Accuracy: 0.9854, Val Accuracy: 0.9271
2025-01-16 00:27:07,932 - INFO - Epoch [5/100], Train Accuracy: 0.9943, Val Accuracy: 0.9313
2025-01-16 00:27:08,043 - INFO - Epoch [6/100], Train Accuracy: 0.9974, Val Accuracy: 0.9250
2025-01-16 00:27:08,054 - INFO - Fold 1 Validation Accuracy: 0.9250
2025-01-16 00:27:08,054 - INFO - Training for fold 2/5
2025-01-16 00:27:08,183 - INFO - Epoch [1/100], Train Accuracy: 0.6302, Val Accuracy: 0.8542
2025-01-16 00:27:08,283 - INFO - Epoch [2/100], Train Accuracy: 0.9177, Val Accuracy: 0.9167
2025-01-16 00:27:08,394 - INFO - Epoch [3/100], Train Accuracy: 0.9641, Val Accuracy: 0.9250
2025-01-16 00:27:08,496 - INFO - Epoch [4/100], Train Accuracy: 0.9839, Val Accuracy: 0.9354
2025-01-16 00:27:08,601 - INFO - Epoch [5/100], Train Accuracy: 0.9927, Val Accuracy: 0.9271
2025-01-16 00:27:08,614 - INFO - Fold 2 Validation Accuracy: 0.9271
2025-01-16 00:27:08,614 - INFO - Training for fold 3/5
2025-01-16 00:27:08,732 - INFO - Epoch [1/100], Train Accuracy: 0.6385, Val Accuracy: 0.8938
2025-01-16 00:27:08,838 - INFO - Epoch [2/100], Train Accuracy: 0.9177, Val Accuracy: 0.9042
2025-01-16 00:27:08,948 - INFO - Epoch [3/100], Train Accuracy: 0.9635, Val Accuracy: 0.9125
2025-01-16 00:27:09,058 - INFO - Epoch [4/100], Train Accuracy: 0.9833, Val Accuracy: 0.9208
2025-01-16 00:27:09,167 - INFO - Epoch [5/100], Train Accuracy: 0.9927, Val Accuracy: 0.9104
2025-01-16 00:27:09,180 - INFO - Fold 3 Validation Accuracy: 0.9104
2025-01-16 00:27:09,180 - INFO - Training for fold 4/5
2025-01-16 00:27:09,301 - INFO - Epoch [1/100], Train Accuracy: 0.6844, Val Accuracy: 0.8771
2025-01-16 00:27:09,413 - INFO - Epoch [2/100], Train Accuracy: 0.9234, Val Accuracy: 0.9104
2025-01-16 00:27:09,515 - INFO - Epoch [3/100], Train Accuracy: 0.9635, Val Accuracy: 0.9125
2025-01-16 00:27:09,630 - INFO - Epoch [4/100], Train Accuracy: 0.9875, Val Accuracy: 0.9229
2025-01-16 00:27:09,739 - INFO - Epoch [5/100], Train Accuracy: 0.9948, Val Accuracy: 0.9167
2025-01-16 00:27:09,750 - INFO - Fold 4 Validation Accuracy: 0.9167
2025-01-16 00:27:09,750 - INFO - Training for fold 5/5
2025-01-16 00:27:09,875 - INFO - Epoch [1/100], Train Accuracy: 0.6490, Val Accuracy: 0.8542
2025-01-16 00:27:09,993 - INFO - Epoch [2/100], Train Accuracy: 0.9214, Val Accuracy: 0.8833
2025-01-16 00:27:10,099 - INFO - Epoch [3/100], Train Accuracy: 0.9724, Val Accuracy: 0.8854
2025-01-16 00:27:10,212 - INFO - Epoch [4/100], Train Accuracy: 0.9880, Val Accuracy: 0.9042
2025-01-16 00:27:10,318 - INFO - Epoch [5/100], Train Accuracy: 0.9938, Val Accuracy: 0.9000
2025-01-16 00:27:10,329 - INFO - Fold 5 Validation Accuracy: 0.9000
2025-01-16 00:27:10,330 - INFO - Average Validation Accuracy (Over 5 folds): 0.9158 

2025-01-16 00:27:10,489 - INFO - Training with Vectorized Data 2000 features. Dropout Rate 0.56. Dataset Size 2400. 128 neurons. Leanring Rate 0.0017
2025-01-16 00:27:10,489 - INFO - Training for fold 1/5
2025-01-16 00:27:10,605 - INFO - Epoch [1/100], Train Accuracy: 0.6802, Val Accuracy: 0.8979
2025-01-16 00:27:10,710 - INFO - Epoch [2/100], Train Accuracy: 0.9198, Val Accuracy: 0.9104
2025-01-16 00:27:10,816 - INFO - Epoch [3/100], Train Accuracy: 0.9672, Val Accuracy: 0.9375
2025-01-16 00:27:10,929 - INFO - Epoch [4/100], Train Accuracy: 0.9854, Val Accuracy: 0.9333
2025-01-16 00:27:11,034 - INFO - Epoch [5/100], Train Accuracy: 0.9938, Val Accuracy: 0.9396
2025-01-16 00:27:11,139 - INFO - Epoch [6/100], Train Accuracy: 0.9948, Val Accuracy: 0.9354
2025-01-16 00:27:11,150 - INFO - Fold 1 Validation Accuracy: 0.9354
2025-01-16 00:27:11,150 - INFO - Training for fold 2/5
2025-01-16 00:27:11,260 - INFO - Epoch [1/100], Train Accuracy: 0.6594, Val Accuracy: 0.8646
2025-01-16 00:27:11,353 - INFO - Epoch [2/100], Train Accuracy: 0.9203, Val Accuracy: 0.8896
2025-01-16 00:27:11,451 - INFO - Epoch [3/100], Train Accuracy: 0.9651, Val Accuracy: 0.9187
2025-01-16 00:27:11,549 - INFO - Epoch [4/100], Train Accuracy: 0.9844, Val Accuracy: 0.9271
2025-01-16 00:27:11,646 - INFO - Epoch [5/100], Train Accuracy: 0.9927, Val Accuracy: 0.9187
2025-01-16 00:27:11,656 - INFO - Fold 2 Validation Accuracy: 0.9187
2025-01-16 00:27:11,656 - INFO - Training for fold 3/5
2025-01-16 00:27:11,767 - INFO - Epoch [1/100], Train Accuracy: 0.6557, Val Accuracy: 0.8500
2025-01-16 00:27:11,856 - INFO - Epoch [2/100], Train Accuracy: 0.9219, Val Accuracy: 0.8917
2025-01-16 00:27:11,949 - INFO - Epoch [3/100], Train Accuracy: 0.9688, Val Accuracy: 0.9104
2025-01-16 00:27:12,053 - INFO - Epoch [4/100], Train Accuracy: 0.9880, Val Accuracy: 0.9042
2025-01-16 00:27:12,150 - INFO - Epoch [5/100], Train Accuracy: 0.9922, Val Accuracy: 0.9125
2025-01-16 00:27:12,250 - INFO - Epoch [6/100], Train Accuracy: 0.9964, Val Accuracy: 0.9187
2025-01-16 00:27:12,353 - INFO - Epoch [7/100], Train Accuracy: 0.9974, Val Accuracy: 0.9146
2025-01-16 00:27:12,365 - INFO - Fold 3 Validation Accuracy: 0.9146
2025-01-16 00:27:12,365 - INFO - Training for fold 4/5
2025-01-16 00:27:12,490 - INFO - Epoch [1/100], Train Accuracy: 0.7281, Val Accuracy: 0.8646
2025-01-16 00:27:12,586 - INFO - Epoch [2/100], Train Accuracy: 0.9172, Val Accuracy: 0.8917
2025-01-16 00:27:12,684 - INFO - Epoch [3/100], Train Accuracy: 0.9641, Val Accuracy: 0.9062
2025-01-16 00:27:12,777 - INFO - Epoch [4/100], Train Accuracy: 0.9859, Val Accuracy: 0.9104
2025-01-16 00:27:12,874 - INFO - Epoch [5/100], Train Accuracy: 0.9938, Val Accuracy: 0.9021
2025-01-16 00:27:12,884 - INFO - Fold 4 Validation Accuracy: 0.9021
2025-01-16 00:27:12,885 - INFO - Training for fold 5/5
2025-01-16 00:27:13,015 - INFO - Epoch [1/100], Train Accuracy: 0.6599, Val Accuracy: 0.8812
2025-01-16 00:27:13,111 - INFO - Epoch [2/100], Train Accuracy: 0.9214, Val Accuracy: 0.9167
2025-01-16 00:27:13,212 - INFO - Epoch [3/100], Train Accuracy: 0.9625, Val Accuracy: 0.9292
2025-01-16 00:27:13,309 - INFO - Epoch [4/100], Train Accuracy: 0.9849, Val Accuracy: 0.9313
2025-01-16 00:27:13,406 - INFO - Epoch [5/100], Train Accuracy: 0.9943, Val Accuracy: 0.9313
2025-01-16 00:27:13,513 - INFO - Epoch [6/100], Train Accuracy: 0.9974, Val Accuracy: 0.9292
2025-01-16 00:27:13,524 - INFO - Fold 5 Validation Accuracy: 0.9292
2025-01-16 00:27:13,524 - INFO - Average Validation Accuracy (Over 5 folds): 0.9200 

2025-01-16 00:27:13,662 - INFO - Training with Vectorized Data 2000 features. Dropout Rate 0.56. Dataset Size 2400. 128 neurons. Leanring Rate 0.0017
2025-01-16 00:27:13,663 - INFO - Training for fold 1/5
2025-01-16 00:27:13,803 - INFO - Epoch [1/100], Train Accuracy: 0.5880, Val Accuracy: 0.8521
2025-01-16 00:27:13,907 - INFO - Epoch [2/100], Train Accuracy: 0.9240, Val Accuracy: 0.8875
2025-01-16 00:27:14,019 - INFO - Epoch [3/100], Train Accuracy: 0.9677, Val Accuracy: 0.9083
2025-01-16 00:27:14,120 - INFO - Epoch [4/100], Train Accuracy: 0.9849, Val Accuracy: 0.9042
2025-01-16 00:27:14,229 - INFO - Epoch [5/100], Train Accuracy: 0.9948, Val Accuracy: 0.9021
2025-01-16 00:27:14,238 - INFO - Fold 1 Validation Accuracy: 0.9021
2025-01-16 00:27:14,239 - INFO - Training for fold 2/5
2025-01-16 00:27:14,365 - INFO - Epoch [1/100], Train Accuracy: 0.6464, Val Accuracy: 0.8229
2025-01-16 00:27:14,469 - INFO - Epoch [2/100], Train Accuracy: 0.9187, Val Accuracy: 0.8896
2025-01-16 00:27:14,579 - INFO - Epoch [3/100], Train Accuracy: 0.9688, Val Accuracy: 0.9000
2025-01-16 00:27:14,690 - INFO - Epoch [4/100], Train Accuracy: 0.9880, Val Accuracy: 0.9042
2025-01-16 00:27:14,793 - INFO - Epoch [5/100], Train Accuracy: 0.9943, Val Accuracy: 0.9104
2025-01-16 00:27:14,896 - INFO - Epoch [6/100], Train Accuracy: 0.9964, Val Accuracy: 0.9042
2025-01-16 00:27:14,907 - INFO - Fold 2 Validation Accuracy: 0.9042
2025-01-16 00:27:14,908 - INFO - Training for fold 3/5
2025-01-16 00:27:15,044 - INFO - Epoch [1/100], Train Accuracy: 0.6703, Val Accuracy: 0.8771
2025-01-16 00:27:15,146 - INFO - Epoch [2/100], Train Accuracy: 0.9245, Val Accuracy: 0.8979
2025-01-16 00:27:15,256 - INFO - Epoch [3/100], Train Accuracy: 0.9661, Val Accuracy: 0.9167
2025-01-16 00:27:15,364 - INFO - Epoch [4/100], Train Accuracy: 0.9849, Val Accuracy: 0.9146
2025-01-16 00:27:15,465 - INFO - Epoch [5/100], Train Accuracy: 0.9927, Val Accuracy: 0.9187
2025-01-16 00:27:15,572 - INFO - Epoch [6/100], Train Accuracy: 0.9964, Val Accuracy: 0.9167
2025-01-16 00:27:15,585 - INFO - Fold 3 Validation Accuracy: 0.9167
2025-01-16 00:27:15,585 - INFO - Training for fold 4/5
2025-01-16 00:27:15,720 - INFO - Epoch [1/100], Train Accuracy: 0.6453, Val Accuracy: 0.8646
2025-01-16 00:27:15,824 - INFO - Epoch [2/100], Train Accuracy: 0.9198, Val Accuracy: 0.9229
2025-01-16 00:27:15,923 - INFO - Epoch [3/100], Train Accuracy: 0.9672, Val Accuracy: 0.9208
2025-01-16 00:27:16,030 - INFO - Epoch [4/100], Train Accuracy: 0.9865, Val Accuracy: 0.9208
2025-01-16 00:27:16,143 - INFO - Epoch [5/100], Train Accuracy: 0.9948, Val Accuracy: 0.9208
2025-01-16 00:27:16,155 - INFO - Fold 4 Validation Accuracy: 0.9208
2025-01-16 00:27:16,155 - INFO - Training for fold 5/5
2025-01-16 00:27:16,286 - INFO - Epoch [1/100], Train Accuracy: 0.6760, Val Accuracy: 0.8688
2025-01-16 00:27:16,392 - INFO - Epoch [2/100], Train Accuracy: 0.9177, Val Accuracy: 0.9229
2025-01-16 00:27:16,499 - INFO - Epoch [3/100], Train Accuracy: 0.9693, Val Accuracy: 0.9417
2025-01-16 00:27:16,604 - INFO - Epoch [4/100], Train Accuracy: 0.9849, Val Accuracy: 0.9458
2025-01-16 00:27:16,711 - INFO - Epoch [5/100], Train Accuracy: 0.9948, Val Accuracy: 0.9396
2025-01-16 00:27:16,721 - INFO - Fold 5 Validation Accuracy: 0.9396
2025-01-16 00:27:16,721 - INFO - Average Validation Accuracy (Over 5 folds): 0.9167 

2025-01-16 00:27:16,919 - INFO - Training with Vectorized Data 2000 features. Dropout Rate 0.56. Dataset Size 2400. 128 neurons. Leanring Rate 0.0017
2025-01-16 00:27:16,920 - INFO - Training for fold 1/5
2025-01-16 00:27:17,065 - INFO - Epoch [1/100], Train Accuracy: 0.7135, Val Accuracy: 0.8833
2025-01-16 00:27:17,168 - INFO - Epoch [2/100], Train Accuracy: 0.9161, Val Accuracy: 0.9083
2025-01-16 00:27:17,276 - INFO - Epoch [3/100], Train Accuracy: 0.9672, Val Accuracy: 0.9208
2025-01-16 00:27:17,379 - INFO - Epoch [4/100], Train Accuracy: 0.9844, Val Accuracy: 0.9167
2025-01-16 00:27:17,487 - INFO - Epoch [5/100], Train Accuracy: 0.9927, Val Accuracy: 0.9146
2025-01-16 00:27:17,504 - INFO - Fold 1 Validation Accuracy: 0.9146
2025-01-16 00:27:17,504 - INFO - Training for fold 2/5
2025-01-16 00:27:17,655 - INFO - Epoch [1/100], Train Accuracy: 0.7359, Val Accuracy: 0.8958
2025-01-16 00:27:17,761 - INFO - Epoch [2/100], Train Accuracy: 0.9214, Val Accuracy: 0.9062
2025-01-16 00:27:17,867 - INFO - Epoch [3/100], Train Accuracy: 0.9646, Val Accuracy: 0.9167
2025-01-16 00:27:17,972 - INFO - Epoch [4/100], Train Accuracy: 0.9870, Val Accuracy: 0.9229
2025-01-16 00:27:18,078 - INFO - Epoch [5/100], Train Accuracy: 0.9958, Val Accuracy: 0.9250
2025-01-16 00:27:18,178 - INFO - Epoch [6/100], Train Accuracy: 0.9974, Val Accuracy: 0.9229
2025-01-16 00:27:18,187 - INFO - Fold 2 Validation Accuracy: 0.9229
2025-01-16 00:27:18,188 - INFO - Training for fold 3/5
2025-01-16 00:27:18,324 - INFO - Epoch [1/100], Train Accuracy: 0.7104, Val Accuracy: 0.8792
2025-01-16 00:27:18,430 - INFO - Epoch [2/100], Train Accuracy: 0.9260, Val Accuracy: 0.8917
2025-01-16 00:27:18,544 - INFO - Epoch [3/100], Train Accuracy: 0.9688, Val Accuracy: 0.9229
2025-01-16 00:27:18,649 - INFO - Epoch [4/100], Train Accuracy: 0.9859, Val Accuracy: 0.9229
2025-01-16 00:27:18,752 - INFO - Epoch [5/100], Train Accuracy: 0.9948, Val Accuracy: 0.9229
2025-01-16 00:27:18,872 - INFO - Epoch [6/100], Train Accuracy: 0.9969, Val Accuracy: 0.9167
2025-01-16 00:27:18,883 - INFO - Fold 3 Validation Accuracy: 0.9167
2025-01-16 00:27:18,884 - INFO - Training for fold 4/5
2025-01-16 00:27:19,022 - INFO - Epoch [1/100], Train Accuracy: 0.6641, Val Accuracy: 0.8688
2025-01-16 00:27:19,122 - INFO - Epoch [2/100], Train Accuracy: 0.9281, Val Accuracy: 0.9042
2025-01-16 00:27:19,250 - INFO - Epoch [3/100], Train Accuracy: 0.9714, Val Accuracy: 0.9208
2025-01-16 00:27:19,353 - INFO - Epoch [4/100], Train Accuracy: 0.9865, Val Accuracy: 0.9250
2025-01-16 00:27:19,451 - INFO - Epoch [5/100], Train Accuracy: 0.9943, Val Accuracy: 0.9271
2025-01-16 00:27:19,563 - INFO - Epoch [6/100], Train Accuracy: 0.9964, Val Accuracy: 0.9271
2025-01-16 00:27:19,671 - INFO - Epoch [7/100], Train Accuracy: 0.9984, Val Accuracy: 0.9313
2025-01-16 00:27:19,776 - INFO - Epoch [8/100], Train Accuracy: 0.9990, Val Accuracy: 0.9229
2025-01-16 00:27:19,788 - INFO - Fold 4 Validation Accuracy: 0.9229
2025-01-16 00:27:19,788 - INFO - Training for fold 5/5
2025-01-16 00:27:19,920 - INFO - Epoch [1/100], Train Accuracy: 0.6776, Val Accuracy: 0.8500
2025-01-16 00:27:20,035 - INFO - Epoch [2/100], Train Accuracy: 0.9156, Val Accuracy: 0.8854
2025-01-16 00:27:20,132 - INFO - Epoch [3/100], Train Accuracy: 0.9609, Val Accuracy: 0.9000
2025-01-16 00:27:20,235 - INFO - Epoch [4/100], Train Accuracy: 0.9823, Val Accuracy: 0.9000
2025-01-16 00:27:20,334 - INFO - Epoch [5/100], Train Accuracy: 0.9911, Val Accuracy: 0.9062
2025-01-16 00:27:20,438 - INFO - Epoch [6/100], Train Accuracy: 0.9958, Val Accuracy: 0.9021
2025-01-16 00:27:20,452 - INFO - Fold 5 Validation Accuracy: 0.9021
2025-01-16 00:27:20,452 - INFO - Average Validation Accuracy (Over 5 folds): 0.9158 

2025-01-16 00:27:20,597 - INFO - Training with Vectorized Data 2000 features. Dropout Rate 0.56. Dataset Size 2400. 128 neurons. Leanring Rate 0.0017
2025-01-16 00:27:20,598 - INFO - Training for fold 1/5
2025-01-16 00:27:20,737 - INFO - Epoch [1/100], Train Accuracy: 0.7182, Val Accuracy: 0.8292
2025-01-16 00:27:20,843 - INFO - Epoch [2/100], Train Accuracy: 0.9125, Val Accuracy: 0.9062
2025-01-16 00:27:20,947 - INFO - Epoch [3/100], Train Accuracy: 0.9651, Val Accuracy: 0.9208
2025-01-16 00:27:21,051 - INFO - Epoch [4/100], Train Accuracy: 0.9849, Val Accuracy: 0.9292
2025-01-16 00:27:21,150 - INFO - Epoch [5/100], Train Accuracy: 0.9927, Val Accuracy: 0.9333
2025-01-16 00:27:21,255 - INFO - Epoch [6/100], Train Accuracy: 0.9964, Val Accuracy: 0.9375
2025-01-16 00:27:21,362 - INFO - Epoch [7/100], Train Accuracy: 0.9974, Val Accuracy: 0.9354
2025-01-16 00:27:21,379 - INFO - Fold 1 Validation Accuracy: 0.9354
2025-01-16 00:27:21,379 - INFO - Training for fold 2/5
2025-01-16 00:27:21,521 - INFO - Epoch [1/100], Train Accuracy: 0.6646, Val Accuracy: 0.9021
2025-01-16 00:27:21,628 - INFO - Epoch [2/100], Train Accuracy: 0.9234, Val Accuracy: 0.9146
2025-01-16 00:27:21,729 - INFO - Epoch [3/100], Train Accuracy: 0.9646, Val Accuracy: 0.9229
2025-01-16 00:27:21,832 - INFO - Epoch [4/100], Train Accuracy: 0.9870, Val Accuracy: 0.9271
2025-01-16 00:27:21,930 - INFO - Epoch [5/100], Train Accuracy: 0.9932, Val Accuracy: 0.9271
2025-01-16 00:27:22,033 - INFO - Epoch [6/100], Train Accuracy: 0.9964, Val Accuracy: 0.9271
2025-01-16 00:27:22,131 - INFO - Epoch [7/100], Train Accuracy: 0.9979, Val Accuracy: 0.9271
2025-01-16 00:27:22,233 - INFO - Epoch [8/100], Train Accuracy: 0.9990, Val Accuracy: 0.9229
2025-01-16 00:27:22,246 - INFO - Fold 2 Validation Accuracy: 0.9229
2025-01-16 00:27:22,246 - INFO - Training for fold 3/5
2025-01-16 00:27:22,380 - INFO - Epoch [1/100], Train Accuracy: 0.6714, Val Accuracy: 0.8896
2025-01-16 00:27:22,476 - INFO - Epoch [2/100], Train Accuracy: 0.9193, Val Accuracy: 0.9146
2025-01-16 00:27:22,583 - INFO - Epoch [3/100], Train Accuracy: 0.9672, Val Accuracy: 0.9292
2025-01-16 00:27:22,684 - INFO - Epoch [4/100], Train Accuracy: 0.9849, Val Accuracy: 0.9313
2025-01-16 00:27:22,786 - INFO - Epoch [5/100], Train Accuracy: 0.9943, Val Accuracy: 0.9187
2025-01-16 00:27:22,798 - INFO - Fold 3 Validation Accuracy: 0.9187
2025-01-16 00:27:22,799 - INFO - Training for fold 4/5
2025-01-16 00:27:22,946 - INFO - Epoch [1/100], Train Accuracy: 0.7146, Val Accuracy: 0.8646
2025-01-16 00:27:23,049 - INFO - Epoch [2/100], Train Accuracy: 0.9156, Val Accuracy: 0.8875
2025-01-16 00:27:23,154 - INFO - Epoch [3/100], Train Accuracy: 0.9615, Val Accuracy: 0.9062
2025-01-16 00:27:23,258 - INFO - Epoch [4/100], Train Accuracy: 0.9844, Val Accuracy: 0.8958
2025-01-16 00:27:23,357 - INFO - Epoch [5/100], Train Accuracy: 0.9932, Val Accuracy: 0.8938
2025-01-16 00:27:23,367 - INFO - Fold 4 Validation Accuracy: 0.8938
2025-01-16 00:27:23,367 - INFO - Training for fold 5/5
2025-01-16 00:27:23,499 - INFO - Epoch [1/100], Train Accuracy: 0.6984, Val Accuracy: 0.8688
2025-01-16 00:27:23,613 - INFO - Epoch [2/100], Train Accuracy: 0.9260, Val Accuracy: 0.8896
2025-01-16 00:27:23,724 - INFO - Epoch [3/100], Train Accuracy: 0.9661, Val Accuracy: 0.8938
2025-01-16 00:27:23,848 - INFO - Epoch [4/100], Train Accuracy: 0.9865, Val Accuracy: 0.8917
2025-01-16 00:27:23,976 - INFO - Epoch [5/100], Train Accuracy: 0.9953, Val Accuracy: 0.8938
2025-01-16 00:27:24,107 - INFO - Epoch [6/100], Train Accuracy: 0.9964, Val Accuracy: 0.8958
2025-01-16 00:27:24,239 - INFO - Epoch [7/100], Train Accuracy: 0.9984, Val Accuracy: 0.8938
2025-01-16 00:27:24,253 - INFO - Fold 5 Validation Accuracy: 0.8938
2025-01-16 00:27:24,253 - INFO - Average Validation Accuracy (Over 5 folds): 0.9129 

2025-01-16 00:27:24,391 - INFO - Training with Vectorized Data 2000 features. Dropout Rate 0.56. Dataset Size 2400. 128 neurons. Leanring Rate 0.0017
2025-01-16 00:27:24,392 - INFO - Training for fold 1/5
2025-01-16 00:27:24,544 - INFO - Epoch [1/100], Train Accuracy: 0.6932, Val Accuracy: 0.8708
2025-01-16 00:27:24,673 - INFO - Epoch [2/100], Train Accuracy: 0.9193, Val Accuracy: 0.9146
2025-01-16 00:27:24,801 - INFO - Epoch [3/100], Train Accuracy: 0.9703, Val Accuracy: 0.9250
2025-01-16 00:27:24,921 - INFO - Epoch [4/100], Train Accuracy: 0.9849, Val Accuracy: 0.9271
2025-01-16 00:27:25,044 - INFO - Epoch [5/100], Train Accuracy: 0.9938, Val Accuracy: 0.9187
2025-01-16 00:27:25,061 - INFO - Fold 1 Validation Accuracy: 0.9187
2025-01-16 00:27:25,061 - INFO - Training for fold 2/5
2025-01-16 00:27:25,203 - INFO - Epoch [1/100], Train Accuracy: 0.5427, Val Accuracy: 0.8479
2025-01-16 00:27:25,316 - INFO - Epoch [2/100], Train Accuracy: 0.9130, Val Accuracy: 0.9062
2025-01-16 00:27:25,429 - INFO - Epoch [3/100], Train Accuracy: 0.9667, Val Accuracy: 0.9229
2025-01-16 00:27:25,551 - INFO - Epoch [4/100], Train Accuracy: 0.9828, Val Accuracy: 0.9333
2025-01-16 00:27:25,680 - INFO - Epoch [5/100], Train Accuracy: 0.9927, Val Accuracy: 0.9271
2025-01-16 00:27:25,690 - INFO - Fold 2 Validation Accuracy: 0.9271
2025-01-16 00:27:25,690 - INFO - Training for fold 3/5
2025-01-16 00:27:25,845 - INFO - Epoch [1/100], Train Accuracy: 0.6135, Val Accuracy: 0.8812
2025-01-16 00:27:25,956 - INFO - Epoch [2/100], Train Accuracy: 0.9286, Val Accuracy: 0.9042
2025-01-16 00:27:26,077 - INFO - Epoch [3/100], Train Accuracy: 0.9656, Val Accuracy: 0.9083
2025-01-16 00:27:26,188 - INFO - Epoch [4/100], Train Accuracy: 0.9854, Val Accuracy: 0.9208
2025-01-16 00:27:26,315 - INFO - Epoch [5/100], Train Accuracy: 0.9948, Val Accuracy: 0.9104
2025-01-16 00:27:26,331 - INFO - Fold 3 Validation Accuracy: 0.9104
2025-01-16 00:27:26,331 - INFO - Training for fold 4/5
2025-01-16 00:27:26,479 - INFO - Epoch [1/100], Train Accuracy: 0.7349, Val Accuracy: 0.8750
2025-01-16 00:27:26,604 - INFO - Epoch [2/100], Train Accuracy: 0.9214, Val Accuracy: 0.8979
2025-01-16 00:27:26,732 - INFO - Epoch [3/100], Train Accuracy: 0.9708, Val Accuracy: 0.9125
2025-01-16 00:27:26,930 - INFO - Epoch [4/100], Train Accuracy: 0.9849, Val Accuracy: 0.9083
2025-01-16 00:27:27,121 - INFO - Epoch [5/100], Train Accuracy: 0.9958, Val Accuracy: 0.9083
2025-01-16 00:27:27,133 - INFO - Fold 4 Validation Accuracy: 0.9083
2025-01-16 00:27:27,134 - INFO - Training for fold 5/5
2025-01-16 00:27:27,311 - INFO - Epoch [1/100], Train Accuracy: 0.6708, Val Accuracy: 0.8750
2025-01-16 00:27:27,438 - INFO - Epoch [2/100], Train Accuracy: 0.9198, Val Accuracy: 0.8792
2025-01-16 00:27:27,559 - INFO - Epoch [3/100], Train Accuracy: 0.9667, Val Accuracy: 0.9062
2025-01-16 00:27:27,686 - INFO - Epoch [4/100], Train Accuracy: 0.9839, Val Accuracy: 0.9125
2025-01-16 00:27:27,813 - INFO - Epoch [5/100], Train Accuracy: 0.9906, Val Accuracy: 0.9083
2025-01-16 00:27:27,829 - INFO - Fold 5 Validation Accuracy: 0.9083
2025-01-16 00:27:27,829 - INFO - Average Validation Accuracy (Over 5 folds): 0.9146 

2025-01-16 00:27:27,985 - INFO - Training with Vectorized Data 2000 features. Dropout Rate 0.56. Dataset Size 2400. 128 neurons. Leanring Rate 0.0017
2025-01-16 00:27:27,985 - INFO - Training for fold 1/5
2025-01-16 00:27:28,122 - INFO - Epoch [1/100], Train Accuracy: 0.6792, Val Accuracy: 0.8958
2025-01-16 00:27:28,221 - INFO - Epoch [2/100], Train Accuracy: 0.9151, Val Accuracy: 0.9167
2025-01-16 00:27:28,327 - INFO - Epoch [3/100], Train Accuracy: 0.9609, Val Accuracy: 0.9208
2025-01-16 00:27:28,431 - INFO - Epoch [4/100], Train Accuracy: 0.9849, Val Accuracy: 0.9187
2025-01-16 00:27:28,541 - INFO - Epoch [5/100], Train Accuracy: 0.9922, Val Accuracy: 0.9167
2025-01-16 00:27:28,551 - INFO - Fold 1 Validation Accuracy: 0.9167
2025-01-16 00:27:28,552 - INFO - Training for fold 2/5
2025-01-16 00:27:28,689 - INFO - Epoch [1/100], Train Accuracy: 0.6490, Val Accuracy: 0.8750
2025-01-16 00:27:28,793 - INFO - Epoch [2/100], Train Accuracy: 0.9193, Val Accuracy: 0.9083
2025-01-16 00:27:28,895 - INFO - Epoch [3/100], Train Accuracy: 0.9641, Val Accuracy: 0.9250
2025-01-16 00:27:29,001 - INFO - Epoch [4/100], Train Accuracy: 0.9839, Val Accuracy: 0.9396
2025-01-16 00:27:29,109 - INFO - Epoch [5/100], Train Accuracy: 0.9922, Val Accuracy: 0.9417
2025-01-16 00:27:29,213 - INFO - Epoch [6/100], Train Accuracy: 0.9958, Val Accuracy: 0.9479
2025-01-16 00:27:29,312 - INFO - Epoch [7/100], Train Accuracy: 0.9974, Val Accuracy: 0.9437
2025-01-16 00:27:29,328 - INFO - Fold 2 Validation Accuracy: 0.9437
2025-01-16 00:27:29,328 - INFO - Training for fold 3/5
2025-01-16 00:27:29,473 - INFO - Epoch [1/100], Train Accuracy: 0.6760, Val Accuracy: 0.8833
2025-01-16 00:27:29,585 - INFO - Epoch [2/100], Train Accuracy: 0.9219, Val Accuracy: 0.9208
2025-01-16 00:27:29,686 - INFO - Epoch [3/100], Train Accuracy: 0.9693, Val Accuracy: 0.9250
2025-01-16 00:27:29,795 - INFO - Epoch [4/100], Train Accuracy: 0.9849, Val Accuracy: 0.9208
2025-01-16 00:27:29,894 - INFO - Epoch [5/100], Train Accuracy: 0.9938, Val Accuracy: 0.9187
2025-01-16 00:27:29,904 - INFO - Fold 3 Validation Accuracy: 0.9187
2025-01-16 00:27:29,904 - INFO - Training for fold 4/5
2025-01-16 00:27:30,038 - INFO - Epoch [1/100], Train Accuracy: 0.6813, Val Accuracy: 0.8688
2025-01-16 00:27:30,140 - INFO - Epoch [2/100], Train Accuracy: 0.9219, Val Accuracy: 0.9021
2025-01-16 00:27:30,236 - INFO - Epoch [3/100], Train Accuracy: 0.9693, Val Accuracy: 0.9125
2025-01-16 00:27:30,341 - INFO - Epoch [4/100], Train Accuracy: 0.9859, Val Accuracy: 0.9229
2025-01-16 00:27:30,439 - INFO - Epoch [5/100], Train Accuracy: 0.9932, Val Accuracy: 0.9187
2025-01-16 00:27:30,450 - INFO - Fold 4 Validation Accuracy: 0.9187
2025-01-16 00:27:30,450 - INFO - Training for fold 5/5
2025-01-16 00:27:30,590 - INFO - Epoch [1/100], Train Accuracy: 0.7099, Val Accuracy: 0.8479
2025-01-16 00:27:30,694 - INFO - Epoch [2/100], Train Accuracy: 0.9307, Val Accuracy: 0.8854
2025-01-16 00:27:30,793 - INFO - Epoch [3/100], Train Accuracy: 0.9693, Val Accuracy: 0.9000
2025-01-16 00:27:30,889 - INFO - Epoch [4/100], Train Accuracy: 0.9880, Val Accuracy: 0.8958
2025-01-16 00:27:30,998 - INFO - Epoch [5/100], Train Accuracy: 0.9958, Val Accuracy: 0.9021
2025-01-16 00:27:31,099 - INFO - Epoch [6/100], Train Accuracy: 0.9964, Val Accuracy: 0.8979
2025-01-16 00:27:31,113 - INFO - Fold 5 Validation Accuracy: 0.8979
2025-01-16 00:27:31,113 - INFO - Average Validation Accuracy (Over 5 folds): 0.9192 

2025-01-16 00:27:31,267 - INFO - Training with Vectorized Data 2000 features. Dropout Rate 0.56. Dataset Size 2400. 128 neurons. Leanring Rate 0.0017
2025-01-16 00:27:31,268 - INFO - Training for fold 1/5
2025-01-16 00:27:31,415 - INFO - Epoch [1/100], Train Accuracy: 0.6953, Val Accuracy: 0.8500
2025-01-16 00:27:31,529 - INFO - Epoch [2/100], Train Accuracy: 0.9182, Val Accuracy: 0.9104
2025-01-16 00:27:31,633 - INFO - Epoch [3/100], Train Accuracy: 0.9651, Val Accuracy: 0.9292
2025-01-16 00:27:31,733 - INFO - Epoch [4/100], Train Accuracy: 0.9854, Val Accuracy: 0.9292
2025-01-16 00:27:31,834 - INFO - Epoch [5/100], Train Accuracy: 0.9927, Val Accuracy: 0.9208
2025-01-16 00:27:31,847 - INFO - Fold 1 Validation Accuracy: 0.9208
2025-01-16 00:27:31,847 - INFO - Training for fold 2/5
2025-01-16 00:27:31,973 - INFO - Epoch [1/100], Train Accuracy: 0.6693, Val Accuracy: 0.8583
2025-01-16 00:27:32,074 - INFO - Epoch [2/100], Train Accuracy: 0.9224, Val Accuracy: 0.8917
2025-01-16 00:27:32,180 - INFO - Epoch [3/100], Train Accuracy: 0.9667, Val Accuracy: 0.9083
2025-01-16 00:27:32,281 - INFO - Epoch [4/100], Train Accuracy: 0.9891, Val Accuracy: 0.9083
2025-01-16 00:27:32,391 - INFO - Epoch [5/100], Train Accuracy: 0.9953, Val Accuracy: 0.9083
2025-01-16 00:27:32,494 - INFO - Epoch [6/100], Train Accuracy: 0.9974, Val Accuracy: 0.9083
2025-01-16 00:27:32,606 - INFO - Epoch [7/100], Train Accuracy: 0.9979, Val Accuracy: 0.9021
2025-01-16 00:27:32,620 - INFO - Fold 2 Validation Accuracy: 0.9021
2025-01-16 00:27:32,620 - INFO - Training for fold 3/5
2025-01-16 00:27:32,752 - INFO - Epoch [1/100], Train Accuracy: 0.6354, Val Accuracy: 0.8688
2025-01-16 00:27:32,869 - INFO - Epoch [2/100], Train Accuracy: 0.9224, Val Accuracy: 0.9104
2025-01-16 00:27:32,974 - INFO - Epoch [3/100], Train Accuracy: 0.9682, Val Accuracy: 0.9187
2025-01-16 00:27:33,072 - INFO - Epoch [4/100], Train Accuracy: 0.9844, Val Accuracy: 0.9271
2025-01-16 00:27:33,174 - INFO - Epoch [5/100], Train Accuracy: 0.9943, Val Accuracy: 0.9354
2025-01-16 00:27:33,278 - INFO - Epoch [6/100], Train Accuracy: 0.9979, Val Accuracy: 0.9292
2025-01-16 00:27:33,290 - INFO - Fold 3 Validation Accuracy: 0.9292
2025-01-16 00:27:33,290 - INFO - Training for fold 4/5
2025-01-16 00:27:33,411 - INFO - Epoch [1/100], Train Accuracy: 0.6948, Val Accuracy: 0.8792
2025-01-16 00:27:33,517 - INFO - Epoch [2/100], Train Accuracy: 0.9146, Val Accuracy: 0.9104
2025-01-16 00:27:33,627 - INFO - Epoch [3/100], Train Accuracy: 0.9625, Val Accuracy: 0.9208
2025-01-16 00:27:33,736 - INFO - Epoch [4/100], Train Accuracy: 0.9849, Val Accuracy: 0.9313
2025-01-16 00:27:33,838 - INFO - Epoch [5/100], Train Accuracy: 0.9938, Val Accuracy: 0.9333
2025-01-16 00:27:33,936 - INFO - Epoch [6/100], Train Accuracy: 0.9974, Val Accuracy: 0.9333
2025-01-16 00:27:34,037 - INFO - Epoch [7/100], Train Accuracy: 0.9974, Val Accuracy: 0.9313
2025-01-16 00:27:34,050 - INFO - Fold 4 Validation Accuracy: 0.9313
2025-01-16 00:27:34,050 - INFO - Training for fold 5/5
2025-01-16 00:27:34,186 - INFO - Epoch [1/100], Train Accuracy: 0.6099, Val Accuracy: 0.8500
2025-01-16 00:27:34,290 - INFO - Epoch [2/100], Train Accuracy: 0.9193, Val Accuracy: 0.8938
2025-01-16 00:27:34,394 - INFO - Epoch [3/100], Train Accuracy: 0.9688, Val Accuracy: 0.9021
2025-01-16 00:27:34,516 - INFO - Epoch [4/100], Train Accuracy: 0.9859, Val Accuracy: 0.9062
2025-01-16 00:27:34,633 - INFO - Epoch [5/100], Train Accuracy: 0.9917, Val Accuracy: 0.9042
2025-01-16 00:27:34,645 - INFO - Fold 5 Validation Accuracy: 0.9042
2025-01-16 00:27:34,646 - INFO - Average Validation Accuracy (Over 5 folds): 0.9175 

2025-01-16 00:27:34,789 - INFO - Training with Vectorized Data 2000 features. Dropout Rate 0.56. Dataset Size 2400. 128 neurons. Leanring Rate 0.0017
2025-01-16 00:27:34,789 - INFO - Training for fold 1/5
2025-01-16 00:27:34,926 - INFO - Epoch [1/100], Train Accuracy: 0.6245, Val Accuracy: 0.8708
2025-01-16 00:27:35,032 - INFO - Epoch [2/100], Train Accuracy: 0.9219, Val Accuracy: 0.9083
2025-01-16 00:27:35,135 - INFO - Epoch [3/100], Train Accuracy: 0.9682, Val Accuracy: 0.9333
2025-01-16 00:27:35,233 - INFO - Epoch [4/100], Train Accuracy: 0.9854, Val Accuracy: 0.9333
2025-01-16 00:27:35,332 - INFO - Epoch [5/100], Train Accuracy: 0.9922, Val Accuracy: 0.9292
2025-01-16 00:27:35,344 - INFO - Fold 1 Validation Accuracy: 0.9292
2025-01-16 00:27:35,344 - INFO - Training for fold 2/5
2025-01-16 00:27:35,475 - INFO - Epoch [1/100], Train Accuracy: 0.6109, Val Accuracy: 0.8583
2025-01-16 00:27:35,572 - INFO - Epoch [2/100], Train Accuracy: 0.9203, Val Accuracy: 0.9062
2025-01-16 00:27:35,678 - INFO - Epoch [3/100], Train Accuracy: 0.9620, Val Accuracy: 0.9208
2025-01-16 00:27:35,781 - INFO - Epoch [4/100], Train Accuracy: 0.9854, Val Accuracy: 0.9187
2025-01-16 00:27:35,885 - INFO - Epoch [5/100], Train Accuracy: 0.9932, Val Accuracy: 0.9187
2025-01-16 00:27:35,897 - INFO - Fold 2 Validation Accuracy: 0.9187
2025-01-16 00:27:35,898 - INFO - Training for fold 3/5
2025-01-16 00:27:36,037 - INFO - Epoch [1/100], Train Accuracy: 0.6266, Val Accuracy: 0.8458
2025-01-16 00:27:36,137 - INFO - Epoch [2/100], Train Accuracy: 0.9182, Val Accuracy: 0.8792
2025-01-16 00:27:36,238 - INFO - Epoch [3/100], Train Accuracy: 0.9651, Val Accuracy: 0.8938
2025-01-16 00:27:36,341 - INFO - Epoch [4/100], Train Accuracy: 0.9859, Val Accuracy: 0.9125
2025-01-16 00:27:36,438 - INFO - Epoch [5/100], Train Accuracy: 0.9948, Val Accuracy: 0.9083
2025-01-16 00:27:36,451 - INFO - Fold 3 Validation Accuracy: 0.9083
2025-01-16 00:27:36,451 - INFO - Training for fold 4/5
2025-01-16 00:27:36,580 - INFO - Epoch [1/100], Train Accuracy: 0.6792, Val Accuracy: 0.8833
2025-01-16 00:27:36,682 - INFO - Epoch [2/100], Train Accuracy: 0.9141, Val Accuracy: 0.9000
2025-01-16 00:27:36,785 - INFO - Epoch [3/100], Train Accuracy: 0.9641, Val Accuracy: 0.9229
2025-01-16 00:27:36,884 - INFO - Epoch [4/100], Train Accuracy: 0.9839, Val Accuracy: 0.9292
2025-01-16 00:27:36,997 - INFO - Epoch [5/100], Train Accuracy: 0.9917, Val Accuracy: 0.9313
2025-01-16 00:27:37,104 - INFO - Epoch [6/100], Train Accuracy: 0.9958, Val Accuracy: 0.9333
2025-01-16 00:27:37,211 - INFO - Epoch [7/100], Train Accuracy: 0.9979, Val Accuracy: 0.9313
2025-01-16 00:27:37,221 - INFO - Fold 4 Validation Accuracy: 0.9313
2025-01-16 00:27:37,221 - INFO - Training for fold 5/5
2025-01-16 00:27:37,351 - INFO - Epoch [1/100], Train Accuracy: 0.6693, Val Accuracy: 0.9146
2025-01-16 00:27:37,459 - INFO - Epoch [2/100], Train Accuracy: 0.9208, Val Accuracy: 0.9333
2025-01-16 00:27:37,574 - INFO - Epoch [3/100], Train Accuracy: 0.9646, Val Accuracy: 0.9417
2025-01-16 00:27:37,698 - INFO - Epoch [4/100], Train Accuracy: 0.9849, Val Accuracy: 0.9375
2025-01-16 00:27:37,802 - INFO - Epoch [5/100], Train Accuracy: 0.9932, Val Accuracy: 0.9437
2025-01-16 00:27:37,918 - INFO - Epoch [6/100], Train Accuracy: 0.9969, Val Accuracy: 0.9417
2025-01-16 00:27:37,934 - INFO - Fold 5 Validation Accuracy: 0.9417
2025-01-16 00:27:37,934 - INFO - Average Validation Accuracy (Over 5 folds): 0.9258 

2025-01-16 00:27:38,078 - INFO - Training with Vectorized Data 2000 features. Dropout Rate 0.56. Dataset Size 2400. 128 neurons. Leanring Rate 0.0017
2025-01-16 00:27:38,078 - INFO - Training for fold 1/5
2025-01-16 00:27:38,213 - INFO - Epoch [1/100], Train Accuracy: 0.6469, Val Accuracy: 0.8292
2025-01-16 00:27:38,320 - INFO - Epoch [2/100], Train Accuracy: 0.9193, Val Accuracy: 0.8833
2025-01-16 00:27:38,430 - INFO - Epoch [3/100], Train Accuracy: 0.9708, Val Accuracy: 0.9208
2025-01-16 00:27:38,535 - INFO - Epoch [4/100], Train Accuracy: 0.9854, Val Accuracy: 0.9208
2025-01-16 00:27:38,637 - INFO - Epoch [5/100], Train Accuracy: 0.9911, Val Accuracy: 0.9271
2025-01-16 00:27:38,740 - INFO - Epoch [6/100], Train Accuracy: 0.9953, Val Accuracy: 0.9208
2025-01-16 00:27:38,751 - INFO - Fold 1 Validation Accuracy: 0.9208
2025-01-16 00:27:38,752 - INFO - Training for fold 2/5
2025-01-16 00:27:38,887 - INFO - Epoch [1/100], Train Accuracy: 0.7005, Val Accuracy: 0.8750
2025-01-16 00:27:38,987 - INFO - Epoch [2/100], Train Accuracy: 0.9182, Val Accuracy: 0.8833
2025-01-16 00:27:39,089 - INFO - Epoch [3/100], Train Accuracy: 0.9651, Val Accuracy: 0.9187
2025-01-16 00:27:39,188 - INFO - Epoch [4/100], Train Accuracy: 0.9854, Val Accuracy: 0.9187
2025-01-16 00:27:39,290 - INFO - Epoch [5/100], Train Accuracy: 0.9938, Val Accuracy: 0.9104
2025-01-16 00:27:39,303 - INFO - Fold 2 Validation Accuracy: 0.9104
2025-01-16 00:27:39,304 - INFO - Training for fold 3/5
2025-01-16 00:27:39,435 - INFO - Epoch [1/100], Train Accuracy: 0.6609, Val Accuracy: 0.8750
2025-01-16 00:27:39,537 - INFO - Epoch [2/100], Train Accuracy: 0.9240, Val Accuracy: 0.8958
2025-01-16 00:27:39,636 - INFO - Epoch [3/100], Train Accuracy: 0.9661, Val Accuracy: 0.9021
2025-01-16 00:27:39,739 - INFO - Epoch [4/100], Train Accuracy: 0.9854, Val Accuracy: 0.9208
2025-01-16 00:27:39,838 - INFO - Epoch [5/100], Train Accuracy: 0.9938, Val Accuracy: 0.9229
2025-01-16 00:27:39,938 - INFO - Epoch [6/100], Train Accuracy: 0.9964, Val Accuracy: 0.9187
2025-01-16 00:27:39,949 - INFO - Fold 3 Validation Accuracy: 0.9187
2025-01-16 00:27:39,949 - INFO - Training for fold 4/5
2025-01-16 00:27:40,082 - INFO - Epoch [1/100], Train Accuracy: 0.5938, Val Accuracy: 0.8979
2025-01-16 00:27:40,187 - INFO - Epoch [2/100], Train Accuracy: 0.9260, Val Accuracy: 0.9104
2025-01-16 00:27:40,291 - INFO - Epoch [3/100], Train Accuracy: 0.9667, Val Accuracy: 0.9187
2025-01-16 00:27:40,388 - INFO - Epoch [4/100], Train Accuracy: 0.9849, Val Accuracy: 0.9187
2025-01-16 00:27:40,491 - INFO - Epoch [5/100], Train Accuracy: 0.9922, Val Accuracy: 0.9146
2025-01-16 00:27:40,502 - INFO - Fold 4 Validation Accuracy: 0.9146
2025-01-16 00:27:40,502 - INFO - Training for fold 5/5
2025-01-16 00:27:40,648 - INFO - Epoch [1/100], Train Accuracy: 0.7214, Val Accuracy: 0.8750
2025-01-16 00:27:40,763 - INFO - Epoch [2/100], Train Accuracy: 0.9161, Val Accuracy: 0.9042
2025-01-16 00:27:40,866 - INFO - Epoch [3/100], Train Accuracy: 0.9708, Val Accuracy: 0.9167
2025-01-16 00:27:40,975 - INFO - Epoch [4/100], Train Accuracy: 0.9880, Val Accuracy: 0.9104
2025-01-16 00:27:41,095 - INFO - Epoch [5/100], Train Accuracy: 0.9943, Val Accuracy: 0.9146
2025-01-16 00:27:41,106 - INFO - Fold 5 Validation Accuracy: 0.9146
2025-01-16 00:27:41,106 - INFO - Average Validation Accuracy (Over 5 folds): 0.9158 

2025-01-16 00:27:41,237 - INFO - Training with Vectorized Data 2000 features. Dropout Rate 0.56. Dataset Size 2400. 128 neurons. Leanring Rate 0.0017
2025-01-16 00:27:41,237 - INFO - Training for fold 1/5
2025-01-16 00:27:41,390 - INFO - Epoch [1/100], Train Accuracy: 0.7000, Val Accuracy: 0.8833
2025-01-16 00:27:41,505 - INFO - Epoch [2/100], Train Accuracy: 0.9167, Val Accuracy: 0.8896
2025-01-16 00:27:41,614 - INFO - Epoch [3/100], Train Accuracy: 0.9656, Val Accuracy: 0.9167
2025-01-16 00:27:41,723 - INFO - Epoch [4/100], Train Accuracy: 0.9854, Val Accuracy: 0.9229
2025-01-16 00:27:41,840 - INFO - Epoch [5/100], Train Accuracy: 0.9938, Val Accuracy: 0.9292
2025-01-16 00:27:41,955 - INFO - Epoch [6/100], Train Accuracy: 0.9969, Val Accuracy: 0.9271
2025-01-16 00:27:41,970 - INFO - Fold 1 Validation Accuracy: 0.9271
2025-01-16 00:27:41,970 - INFO - Training for fold 2/5
2025-01-16 00:27:42,105 - INFO - Epoch [1/100], Train Accuracy: 0.7094, Val Accuracy: 0.8646
2025-01-16 00:27:42,217 - INFO - Epoch [2/100], Train Accuracy: 0.9135, Val Accuracy: 0.9167
2025-01-16 00:27:42,329 - INFO - Epoch [3/100], Train Accuracy: 0.9703, Val Accuracy: 0.9229
2025-01-16 00:27:42,447 - INFO - Epoch [4/100], Train Accuracy: 0.9885, Val Accuracy: 0.9250
2025-01-16 00:27:42,553 - INFO - Epoch [5/100], Train Accuracy: 0.9938, Val Accuracy: 0.9146
2025-01-16 00:27:42,569 - INFO - Fold 2 Validation Accuracy: 0.9146
2025-01-16 00:27:42,570 - INFO - Training for fold 3/5
2025-01-16 00:27:42,701 - INFO - Epoch [1/100], Train Accuracy: 0.7052, Val Accuracy: 0.9083
2025-01-16 00:27:42,813 - INFO - Epoch [2/100], Train Accuracy: 0.9203, Val Accuracy: 0.9167
2025-01-16 00:27:42,919 - INFO - Epoch [3/100], Train Accuracy: 0.9646, Val Accuracy: 0.9354
2025-01-16 00:27:43,028 - INFO - Epoch [4/100], Train Accuracy: 0.9859, Val Accuracy: 0.9437
2025-01-16 00:27:43,142 - INFO - Epoch [5/100], Train Accuracy: 0.9922, Val Accuracy: 0.9396
2025-01-16 00:27:43,153 - INFO - Fold 3 Validation Accuracy: 0.9396
2025-01-16 00:27:43,154 - INFO - Training for fold 4/5
2025-01-16 00:27:43,284 - INFO - Epoch [1/100], Train Accuracy: 0.6745, Val Accuracy: 0.8000
2025-01-16 00:27:43,384 - INFO - Epoch [2/100], Train Accuracy: 0.9276, Val Accuracy: 0.8688
2025-01-16 00:27:43,494 - INFO - Epoch [3/100], Train Accuracy: 0.9703, Val Accuracy: 0.8979
2025-01-16 00:27:43,595 - INFO - Epoch [4/100], Train Accuracy: 0.9854, Val Accuracy: 0.9083
2025-01-16 00:27:43,706 - INFO - Epoch [5/100], Train Accuracy: 0.9943, Val Accuracy: 0.9104
2025-01-16 00:27:43,817 - INFO - Epoch [6/100], Train Accuracy: 0.9984, Val Accuracy: 0.9083
2025-01-16 00:27:43,828 - INFO - Fold 4 Validation Accuracy: 0.9083
2025-01-16 00:27:43,829 - INFO - Training for fold 5/5
2025-01-16 00:27:43,959 - INFO - Epoch [1/100], Train Accuracy: 0.5260, Val Accuracy: 0.8750
2025-01-16 00:27:44,060 - INFO - Epoch [2/100], Train Accuracy: 0.9172, Val Accuracy: 0.9021
2025-01-16 00:27:44,155 - INFO - Epoch [3/100], Train Accuracy: 0.9656, Val Accuracy: 0.9062
2025-01-16 00:27:44,267 - INFO - Epoch [4/100], Train Accuracy: 0.9844, Val Accuracy: 0.9208
2025-01-16 00:27:44,378 - INFO - Epoch [5/100], Train Accuracy: 0.9922, Val Accuracy: 0.9292
2025-01-16 00:27:44,485 - INFO - Epoch [6/100], Train Accuracy: 0.9964, Val Accuracy: 0.9271
2025-01-16 00:27:44,498 - INFO - Fold 5 Validation Accuracy: 0.9271
2025-01-16 00:27:44,498 - INFO - Average Validation Accuracy (Over 5 folds): 0.9233 

2025-01-16 00:27:44,647 - INFO - Training with Vectorized Data 2000 features. Dropout Rate 0.56. Dataset Size 2400. 128 neurons. Leanring Rate 0.0017
2025-01-16 00:27:44,647 - INFO - Training for fold 1/5
2025-01-16 00:27:44,784 - INFO - Epoch [1/100], Train Accuracy: 0.6599, Val Accuracy: 0.8583
2025-01-16 00:27:44,902 - INFO - Epoch [2/100], Train Accuracy: 0.9130, Val Accuracy: 0.9271
2025-01-16 00:27:45,014 - INFO - Epoch [3/100], Train Accuracy: 0.9688, Val Accuracy: 0.9375
2025-01-16 00:27:45,128 - INFO - Epoch [4/100], Train Accuracy: 0.9870, Val Accuracy: 0.9396
2025-01-16 00:27:45,228 - INFO - Epoch [5/100], Train Accuracy: 0.9922, Val Accuracy: 0.9292
2025-01-16 00:27:45,239 - INFO - Fold 1 Validation Accuracy: 0.9292
2025-01-16 00:27:45,239 - INFO - Training for fold 2/5
2025-01-16 00:27:45,380 - INFO - Epoch [1/100], Train Accuracy: 0.6589, Val Accuracy: 0.8875
2025-01-16 00:27:45,502 - INFO - Epoch [2/100], Train Accuracy: 0.9214, Val Accuracy: 0.8958
2025-01-16 00:27:45,612 - INFO - Epoch [3/100], Train Accuracy: 0.9724, Val Accuracy: 0.9083
2025-01-16 00:27:45,708 - INFO - Epoch [4/100], Train Accuracy: 0.9880, Val Accuracy: 0.9208
2025-01-16 00:27:45,809 - INFO - Epoch [5/100], Train Accuracy: 0.9911, Val Accuracy: 0.9229
2025-01-16 00:27:45,910 - INFO - Epoch [6/100], Train Accuracy: 0.9969, Val Accuracy: 0.9229
2025-01-16 00:27:46,025 - INFO - Epoch [7/100], Train Accuracy: 0.9979, Val Accuracy: 0.9167
2025-01-16 00:27:46,039 - INFO - Fold 2 Validation Accuracy: 0.9167
2025-01-16 00:27:46,039 - INFO - Training for fold 3/5
2025-01-16 00:27:46,175 - INFO - Epoch [1/100], Train Accuracy: 0.6620, Val Accuracy: 0.8875
2025-01-16 00:27:46,283 - INFO - Epoch [2/100], Train Accuracy: 0.9203, Val Accuracy: 0.9042
2025-01-16 00:27:46,393 - INFO - Epoch [3/100], Train Accuracy: 0.9563, Val Accuracy: 0.9333
2025-01-16 00:27:46,501 - INFO - Epoch [4/100], Train Accuracy: 0.9844, Val Accuracy: 0.9292
2025-01-16 00:27:46,598 - INFO - Epoch [5/100], Train Accuracy: 0.9948, Val Accuracy: 0.9333
2025-01-16 00:27:46,703 - INFO - Epoch [6/100], Train Accuracy: 0.9964, Val Accuracy: 0.9271
2025-01-16 00:27:46,716 - INFO - Fold 3 Validation Accuracy: 0.9271
2025-01-16 00:27:46,716 - INFO - Training for fold 4/5
2025-01-16 00:27:46,859 - INFO - Epoch [1/100], Train Accuracy: 0.6427, Val Accuracy: 0.8646
2025-01-16 00:27:46,969 - INFO - Epoch [2/100], Train Accuracy: 0.9224, Val Accuracy: 0.8750
2025-01-16 00:27:47,081 - INFO - Epoch [3/100], Train Accuracy: 0.9661, Val Accuracy: 0.8875
2025-01-16 00:27:47,193 - INFO - Epoch [4/100], Train Accuracy: 0.9844, Val Accuracy: 0.8875
2025-01-16 00:27:47,311 - INFO - Epoch [5/100], Train Accuracy: 0.9943, Val Accuracy: 0.8896
2025-01-16 00:27:47,428 - INFO - Epoch [6/100], Train Accuracy: 0.9969, Val Accuracy: 0.8917
2025-01-16 00:27:47,528 - INFO - Epoch [7/100], Train Accuracy: 0.9974, Val Accuracy: 0.8958
2025-01-16 00:27:47,624 - INFO - Epoch [8/100], Train Accuracy: 0.9979, Val Accuracy: 0.8979
2025-01-16 00:27:47,728 - INFO - Epoch [9/100], Train Accuracy: 0.9984, Val Accuracy: 0.8958
2025-01-16 00:27:47,741 - INFO - Fold 4 Validation Accuracy: 0.8958
2025-01-16 00:27:47,741 - INFO - Training for fold 5/5
2025-01-16 00:27:47,879 - INFO - Epoch [1/100], Train Accuracy: 0.6323, Val Accuracy: 0.8458
2025-01-16 00:27:47,991 - INFO - Epoch [2/100], Train Accuracy: 0.9151, Val Accuracy: 0.9000
2025-01-16 00:27:48,100 - INFO - Epoch [3/100], Train Accuracy: 0.9672, Val Accuracy: 0.9104
2025-01-16 00:27:48,194 - INFO - Epoch [4/100], Train Accuracy: 0.9833, Val Accuracy: 0.9125
2025-01-16 00:27:48,290 - INFO - Epoch [5/100], Train Accuracy: 0.9922, Val Accuracy: 0.9125
2025-01-16 00:27:48,401 - INFO - Epoch [6/100], Train Accuracy: 0.9964, Val Accuracy: 0.9167
2025-01-16 00:27:48,502 - INFO - Epoch [7/100], Train Accuracy: 0.9979, Val Accuracy: 0.9125
2025-01-16 00:27:48,518 - INFO - Fold 5 Validation Accuracy: 0.9125
2025-01-16 00:27:48,518 - INFO - Average Validation Accuracy (Over 5 folds): 0.9163 

2025-01-16 00:27:48,654 - INFO - Training with Vectorized Data 2000 features. Dropout Rate 0.56. Dataset Size 2400. 128 neurons. Leanring Rate 0.0017
2025-01-16 00:27:48,654 - INFO - Training for fold 1/5
2025-01-16 00:27:48,801 - INFO - Epoch [1/100], Train Accuracy: 0.6677, Val Accuracy: 0.8187
2025-01-16 00:27:48,900 - INFO - Epoch [2/100], Train Accuracy: 0.9078, Val Accuracy: 0.9313
2025-01-16 00:27:48,999 - INFO - Epoch [3/100], Train Accuracy: 0.9578, Val Accuracy: 0.9313
2025-01-16 00:27:49,113 - INFO - Epoch [4/100], Train Accuracy: 0.9849, Val Accuracy: 0.9208
2025-01-16 00:27:49,210 - INFO - Epoch [5/100], Train Accuracy: 0.9932, Val Accuracy: 0.9208
2025-01-16 00:27:49,221 - INFO - Fold 1 Validation Accuracy: 0.9208
2025-01-16 00:27:49,221 - INFO - Training for fold 2/5
2025-01-16 00:27:49,344 - INFO - Epoch [1/100], Train Accuracy: 0.6203, Val Accuracy: 0.8646
2025-01-16 00:27:49,442 - INFO - Epoch [2/100], Train Accuracy: 0.9214, Val Accuracy: 0.8958
2025-01-16 00:27:49,543 - INFO - Epoch [3/100], Train Accuracy: 0.9714, Val Accuracy: 0.9042
2025-01-16 00:27:49,642 - INFO - Epoch [4/100], Train Accuracy: 0.9885, Val Accuracy: 0.9146
2025-01-16 00:27:49,744 - INFO - Epoch [5/100], Train Accuracy: 0.9932, Val Accuracy: 0.9062
2025-01-16 00:27:49,755 - INFO - Fold 2 Validation Accuracy: 0.9062
2025-01-16 00:27:49,755 - INFO - Training for fold 3/5
2025-01-16 00:27:49,885 - INFO - Epoch [1/100], Train Accuracy: 0.6661, Val Accuracy: 0.8917
2025-01-16 00:27:49,987 - INFO - Epoch [2/100], Train Accuracy: 0.9161, Val Accuracy: 0.9146
2025-01-16 00:27:50,087 - INFO - Epoch [3/100], Train Accuracy: 0.9708, Val Accuracy: 0.9208
2025-01-16 00:27:50,187 - INFO - Epoch [4/100], Train Accuracy: 0.9865, Val Accuracy: 0.9208
2025-01-16 00:27:50,289 - INFO - Epoch [5/100], Train Accuracy: 0.9932, Val Accuracy: 0.9104
2025-01-16 00:27:50,301 - INFO - Fold 3 Validation Accuracy: 0.9104
2025-01-16 00:27:50,301 - INFO - Training for fold 4/5
2025-01-16 00:27:50,431 - INFO - Epoch [1/100], Train Accuracy: 0.6833, Val Accuracy: 0.8667
2025-01-16 00:27:50,535 - INFO - Epoch [2/100], Train Accuracy: 0.9214, Val Accuracy: 0.8958
2025-01-16 00:27:50,633 - INFO - Epoch [3/100], Train Accuracy: 0.9651, Val Accuracy: 0.9146
2025-01-16 00:27:50,735 - INFO - Epoch [4/100], Train Accuracy: 0.9854, Val Accuracy: 0.9146
2025-01-16 00:27:50,841 - INFO - Epoch [5/100], Train Accuracy: 0.9917, Val Accuracy: 0.9146
2025-01-16 00:27:50,939 - INFO - Epoch [6/100], Train Accuracy: 0.9969, Val Accuracy: 0.9000
2025-01-16 00:27:50,950 - INFO - Fold 4 Validation Accuracy: 0.9000
2025-01-16 00:27:50,951 - INFO - Training for fold 5/5
2025-01-16 00:27:51,078 - INFO - Epoch [1/100], Train Accuracy: 0.7156, Val Accuracy: 0.8729
2025-01-16 00:27:51,172 - INFO - Epoch [2/100], Train Accuracy: 0.9146, Val Accuracy: 0.9062
2025-01-16 00:27:51,269 - INFO - Epoch [3/100], Train Accuracy: 0.9641, Val Accuracy: 0.9208
2025-01-16 00:27:51,371 - INFO - Epoch [4/100], Train Accuracy: 0.9854, Val Accuracy: 0.9167
2025-01-16 00:27:51,469 - INFO - Epoch [5/100], Train Accuracy: 0.9938, Val Accuracy: 0.9229
2025-01-16 00:27:51,568 - INFO - Epoch [6/100], Train Accuracy: 0.9969, Val Accuracy: 0.9229
2025-01-16 00:27:51,670 - INFO - Epoch [7/100], Train Accuracy: 0.9984, Val Accuracy: 0.9271
2025-01-16 00:27:51,771 - INFO - Epoch [8/100], Train Accuracy: 0.9984, Val Accuracy: 0.9229
2025-01-16 00:27:51,784 - INFO - Fold 5 Validation Accuracy: 0.9229
2025-01-16 00:27:51,784 - INFO - Average Validation Accuracy (Over 5 folds): 0.9121 

2025-01-16 00:27:51,948 - INFO - Training with Vectorized Data 2000 features. Dropout Rate 0.56. Dataset Size 2400. 128 neurons. Leanring Rate 0.0017
2025-01-16 00:27:51,948 - INFO - Training for fold 1/5
2025-01-16 00:27:52,078 - INFO - Epoch [1/100], Train Accuracy: 0.7005, Val Accuracy: 0.8875
2025-01-16 00:27:52,181 - INFO - Epoch [2/100], Train Accuracy: 0.9115, Val Accuracy: 0.9042
2025-01-16 00:27:52,280 - INFO - Epoch [3/100], Train Accuracy: 0.9620, Val Accuracy: 0.9146
2025-01-16 00:27:52,386 - INFO - Epoch [4/100], Train Accuracy: 0.9865, Val Accuracy: 0.9229
2025-01-16 00:27:52,488 - INFO - Epoch [5/100], Train Accuracy: 0.9922, Val Accuracy: 0.9229
2025-01-16 00:27:52,597 - INFO - Epoch [6/100], Train Accuracy: 0.9964, Val Accuracy: 0.9208
2025-01-16 00:27:52,611 - INFO - Fold 1 Validation Accuracy: 0.9208
2025-01-16 00:27:52,611 - INFO - Training for fold 2/5
2025-01-16 00:27:52,734 - INFO - Epoch [1/100], Train Accuracy: 0.6458, Val Accuracy: 0.8417
2025-01-16 00:27:52,832 - INFO - Epoch [2/100], Train Accuracy: 0.9229, Val Accuracy: 0.8958
2025-01-16 00:27:52,932 - INFO - Epoch [3/100], Train Accuracy: 0.9594, Val Accuracy: 0.9167
2025-01-16 00:27:53,045 - INFO - Epoch [4/100], Train Accuracy: 0.9849, Val Accuracy: 0.9229
2025-01-16 00:27:53,162 - INFO - Epoch [5/100], Train Accuracy: 0.9922, Val Accuracy: 0.9229
2025-01-16 00:27:53,279 - INFO - Epoch [6/100], Train Accuracy: 0.9953, Val Accuracy: 0.9208
2025-01-16 00:27:53,299 - INFO - Fold 2 Validation Accuracy: 0.9208
2025-01-16 00:27:53,299 - INFO - Training for fold 3/5
2025-01-16 00:27:53,444 - INFO - Epoch [1/100], Train Accuracy: 0.7161, Val Accuracy: 0.8708
2025-01-16 00:27:53,561 - INFO - Epoch [2/100], Train Accuracy: 0.9208, Val Accuracy: 0.8896
2025-01-16 00:27:53,674 - INFO - Epoch [3/100], Train Accuracy: 0.9688, Val Accuracy: 0.9271
2025-01-16 00:27:53,793 - INFO - Epoch [4/100], Train Accuracy: 0.9844, Val Accuracy: 0.9250
2025-01-16 00:27:53,912 - INFO - Epoch [5/100], Train Accuracy: 0.9943, Val Accuracy: 0.9250
2025-01-16 00:27:53,921 - INFO - Fold 3 Validation Accuracy: 0.9250
2025-01-16 00:27:53,922 - INFO - Training for fold 4/5
2025-01-16 00:27:54,069 - INFO - Epoch [1/100], Train Accuracy: 0.6005, Val Accuracy: 0.8812
2025-01-16 00:27:54,196 - INFO - Epoch [2/100], Train Accuracy: 0.9224, Val Accuracy: 0.8875
2025-01-16 00:27:54,312 - INFO - Epoch [3/100], Train Accuracy: 0.9688, Val Accuracy: 0.9167
2025-01-16 00:27:54,423 - INFO - Epoch [4/100], Train Accuracy: 0.9844, Val Accuracy: 0.9125
2025-01-16 00:27:54,536 - INFO - Epoch [5/100], Train Accuracy: 0.9948, Val Accuracy: 0.9125
2025-01-16 00:27:54,550 - INFO - Fold 4 Validation Accuracy: 0.9125
2025-01-16 00:27:54,550 - INFO - Training for fold 5/5
2025-01-16 00:27:54,700 - INFO - Epoch [1/100], Train Accuracy: 0.6745, Val Accuracy: 0.8875
2025-01-16 00:27:54,814 - INFO - Epoch [2/100], Train Accuracy: 0.9234, Val Accuracy: 0.9042
2025-01-16 00:27:54,905 - INFO - Epoch [3/100], Train Accuracy: 0.9682, Val Accuracy: 0.9146
2025-01-16 00:27:55,003 - INFO - Epoch [4/100], Train Accuracy: 0.9865, Val Accuracy: 0.9208
2025-01-16 00:27:55,101 - INFO - Epoch [5/100], Train Accuracy: 0.9932, Val Accuracy: 0.9167
2025-01-16 00:27:55,114 - INFO - Fold 5 Validation Accuracy: 0.9167
2025-01-16 00:27:55,115 - INFO - Average Validation Accuracy (Over 5 folds): 0.9192 

2025-01-16 00:27:55,314 - INFO - Training with Vectorized Data 2000 features. Dropout Rate 0.56. Dataset Size 2400. 128 neurons. Leanring Rate 0.0017
2025-01-16 00:27:55,314 - INFO - Training for fold 1/5
2025-01-16 00:27:55,440 - INFO - Epoch [1/100], Train Accuracy: 0.7208, Val Accuracy: 0.8667
2025-01-16 00:27:55,544 - INFO - Epoch [2/100], Train Accuracy: 0.9125, Val Accuracy: 0.8875
2025-01-16 00:27:55,649 - INFO - Epoch [3/100], Train Accuracy: 0.9771, Val Accuracy: 0.9000
2025-01-16 00:27:55,747 - INFO - Epoch [4/100], Train Accuracy: 0.9901, Val Accuracy: 0.8979
2025-01-16 00:27:55,761 - INFO - Fold 1 Validation Accuracy: 0.8979
2025-01-16 00:27:55,761 - INFO - Training for fold 2/5
2025-01-16 00:27:55,890 - INFO - Epoch [1/100], Train Accuracy: 0.6979, Val Accuracy: 0.8562
2025-01-16 00:27:55,984 - INFO - Epoch [2/100], Train Accuracy: 0.9214, Val Accuracy: 0.8917
2025-01-16 00:27:56,089 - INFO - Epoch [3/100], Train Accuracy: 0.9641, Val Accuracy: 0.9167
2025-01-16 00:27:56,185 - INFO - Epoch [4/100], Train Accuracy: 0.9859, Val Accuracy: 0.9167
2025-01-16 00:27:56,283 - INFO - Epoch [5/100], Train Accuracy: 0.9927, Val Accuracy: 0.9146
2025-01-16 00:27:56,295 - INFO - Fold 2 Validation Accuracy: 0.9146
2025-01-16 00:27:56,295 - INFO - Training for fold 3/5
2025-01-16 00:27:56,420 - INFO - Epoch [1/100], Train Accuracy: 0.6870, Val Accuracy: 0.8854
2025-01-16 00:27:56,518 - INFO - Epoch [2/100], Train Accuracy: 0.9224, Val Accuracy: 0.9083
2025-01-16 00:27:56,618 - INFO - Epoch [3/100], Train Accuracy: 0.9672, Val Accuracy: 0.9125
2025-01-16 00:27:56,730 - INFO - Epoch [4/100], Train Accuracy: 0.9839, Val Accuracy: 0.9250
2025-01-16 00:27:56,827 - INFO - Epoch [5/100], Train Accuracy: 0.9938, Val Accuracy: 0.9292
2025-01-16 00:27:56,931 - INFO - Epoch [6/100], Train Accuracy: 0.9958, Val Accuracy: 0.9208
2025-01-16 00:27:56,944 - INFO - Fold 3 Validation Accuracy: 0.9208
2025-01-16 00:27:56,944 - INFO - Training for fold 4/5
2025-01-16 00:27:57,072 - INFO - Epoch [1/100], Train Accuracy: 0.6828, Val Accuracy: 0.8604
2025-01-16 00:27:57,170 - INFO - Epoch [2/100], Train Accuracy: 0.9156, Val Accuracy: 0.9042
2025-01-16 00:27:57,272 - INFO - Epoch [3/100], Train Accuracy: 0.9635, Val Accuracy: 0.9187
2025-01-16 00:27:57,384 - INFO - Epoch [4/100], Train Accuracy: 0.9844, Val Accuracy: 0.9146
2025-01-16 00:27:57,487 - INFO - Epoch [5/100], Train Accuracy: 0.9917, Val Accuracy: 0.9146
2025-01-16 00:27:57,499 - INFO - Fold 4 Validation Accuracy: 0.9146
2025-01-16 00:27:57,499 - INFO - Training for fold 5/5
2025-01-16 00:27:57,647 - INFO - Epoch [1/100], Train Accuracy: 0.6745, Val Accuracy: 0.8688
2025-01-16 00:27:57,752 - INFO - Epoch [2/100], Train Accuracy: 0.9208, Val Accuracy: 0.9104
2025-01-16 00:27:57,864 - INFO - Epoch [3/100], Train Accuracy: 0.9698, Val Accuracy: 0.9208
2025-01-16 00:27:57,964 - INFO - Epoch [4/100], Train Accuracy: 0.9849, Val Accuracy: 0.9292
2025-01-16 00:27:58,069 - INFO - Epoch [5/100], Train Accuracy: 0.9953, Val Accuracy: 0.9292
2025-01-16 00:27:58,172 - INFO - Epoch [6/100], Train Accuracy: 0.9964, Val Accuracy: 0.9229
2025-01-16 00:27:58,184 - INFO - Fold 5 Validation Accuracy: 0.9229
2025-01-16 00:27:58,185 - INFO - Average Validation Accuracy (Over 5 folds): 0.9142 

2025-01-16 00:27:58,321 - INFO - Training with Vectorized Data 2000 features. Dropout Rate 0.56. Dataset Size 2400. 128 neurons. Leanring Rate 0.0017
2025-01-16 00:27:58,322 - INFO - Training for fold 1/5
2025-01-16 00:27:58,440 - INFO - Epoch [1/100], Train Accuracy: 0.7104, Val Accuracy: 0.8833
2025-01-16 00:27:58,547 - INFO - Epoch [2/100], Train Accuracy: 0.9240, Val Accuracy: 0.9062
2025-01-16 00:27:58,647 - INFO - Epoch [3/100], Train Accuracy: 0.9641, Val Accuracy: 0.9083
2025-01-16 00:27:58,755 - INFO - Epoch [4/100], Train Accuracy: 0.9854, Val Accuracy: 0.9250
2025-01-16 00:27:58,860 - INFO - Epoch [5/100], Train Accuracy: 0.9927, Val Accuracy: 0.9187
2025-01-16 00:27:58,869 - INFO - Fold 1 Validation Accuracy: 0.9187
2025-01-16 00:27:58,870 - INFO - Training for fold 2/5
2025-01-16 00:27:59,004 - INFO - Epoch [1/100], Train Accuracy: 0.6781, Val Accuracy: 0.8896
2025-01-16 00:27:59,103 - INFO - Epoch [2/100], Train Accuracy: 0.9224, Val Accuracy: 0.8979
2025-01-16 00:27:59,213 - INFO - Epoch [3/100], Train Accuracy: 0.9604, Val Accuracy: 0.9167
2025-01-16 00:27:59,325 - INFO - Epoch [4/100], Train Accuracy: 0.9865, Val Accuracy: 0.9208
2025-01-16 00:27:59,426 - INFO - Epoch [5/100], Train Accuracy: 0.9943, Val Accuracy: 0.9208
2025-01-16 00:27:59,538 - INFO - Epoch [6/100], Train Accuracy: 0.9974, Val Accuracy: 0.9250
2025-01-16 00:27:59,644 - INFO - Epoch [7/100], Train Accuracy: 0.9984, Val Accuracy: 0.9229
2025-01-16 00:27:59,656 - INFO - Fold 2 Validation Accuracy: 0.9229
2025-01-16 00:27:59,656 - INFO - Training for fold 3/5
2025-01-16 00:27:59,782 - INFO - Epoch [1/100], Train Accuracy: 0.7094, Val Accuracy: 0.8771
2025-01-16 00:27:59,887 - INFO - Epoch [2/100], Train Accuracy: 0.9229, Val Accuracy: 0.9021
2025-01-16 00:27:59,986 - INFO - Epoch [3/100], Train Accuracy: 0.9661, Val Accuracy: 0.9062
2025-01-16 00:28:00,094 - INFO - Epoch [4/100], Train Accuracy: 0.9859, Val Accuracy: 0.9125
2025-01-16 00:28:00,194 - INFO - Epoch [5/100], Train Accuracy: 0.9932, Val Accuracy: 0.9125
2025-01-16 00:28:00,296 - INFO - Epoch [6/100], Train Accuracy: 0.9964, Val Accuracy: 0.9083
2025-01-16 00:28:00,307 - INFO - Fold 3 Validation Accuracy: 0.9083
2025-01-16 00:28:00,308 - INFO - Training for fold 4/5
2025-01-16 00:28:00,445 - INFO - Epoch [1/100], Train Accuracy: 0.6031, Val Accuracy: 0.8250
2025-01-16 00:28:00,553 - INFO - Epoch [2/100], Train Accuracy: 0.9146, Val Accuracy: 0.9146
2025-01-16 00:28:00,654 - INFO - Epoch [3/100], Train Accuracy: 0.9667, Val Accuracy: 0.9187
2025-01-16 00:28:00,760 - INFO - Epoch [4/100], Train Accuracy: 0.9854, Val Accuracy: 0.9313
2025-01-16 00:28:00,874 - INFO - Epoch [5/100], Train Accuracy: 0.9932, Val Accuracy: 0.9333
2025-01-16 00:28:00,982 - INFO - Epoch [6/100], Train Accuracy: 0.9974, Val Accuracy: 0.9313
2025-01-16 00:28:00,994 - INFO - Fold 4 Validation Accuracy: 0.9313
2025-01-16 00:28:00,995 - INFO - Training for fold 5/5
2025-01-16 00:28:01,122 - INFO - Epoch [1/100], Train Accuracy: 0.7318, Val Accuracy: 0.8583
2025-01-16 00:28:01,231 - INFO - Epoch [2/100], Train Accuracy: 0.9151, Val Accuracy: 0.9021
2025-01-16 00:28:01,335 - INFO - Epoch [3/100], Train Accuracy: 0.9708, Val Accuracy: 0.9208
2025-01-16 00:28:01,439 - INFO - Epoch [4/100], Train Accuracy: 0.9859, Val Accuracy: 0.9292
2025-01-16 00:28:01,542 - INFO - Epoch [5/100], Train Accuracy: 0.9911, Val Accuracy: 0.9271
2025-01-16 00:28:01,559 - INFO - Fold 5 Validation Accuracy: 0.9271
2025-01-16 00:28:01,559 - INFO - Average Validation Accuracy (Over 5 folds): 0.9217 

2025-01-16 00:28:01,732 - INFO - Training with Vectorized Data 2000 features. Dropout Rate 0.56. Dataset Size 2400. 128 neurons. Leanring Rate 0.0017
2025-01-16 00:28:01,732 - INFO - Training for fold 1/5
2025-01-16 00:28:01,860 - INFO - Epoch [1/100], Train Accuracy: 0.7302, Val Accuracy: 0.8750
2025-01-16 00:28:01,959 - INFO - Epoch [2/100], Train Accuracy: 0.9245, Val Accuracy: 0.9042
2025-01-16 00:28:02,055 - INFO - Epoch [3/100], Train Accuracy: 0.9698, Val Accuracy: 0.9167
2025-01-16 00:28:02,155 - INFO - Epoch [4/100], Train Accuracy: 0.9870, Val Accuracy: 0.9167
2025-01-16 00:28:02,252 - INFO - Epoch [5/100], Train Accuracy: 0.9938, Val Accuracy: 0.9208
2025-01-16 00:28:02,355 - INFO - Epoch [6/100], Train Accuracy: 0.9969, Val Accuracy: 0.9229
2025-01-16 00:28:02,459 - INFO - Epoch [7/100], Train Accuracy: 0.9974, Val Accuracy: 0.9187
2025-01-16 00:28:02,471 - INFO - Fold 1 Validation Accuracy: 0.9187
2025-01-16 00:28:02,471 - INFO - Training for fold 2/5
2025-01-16 00:28:02,603 - INFO - Epoch [1/100], Train Accuracy: 0.6818, Val Accuracy: 0.8521
2025-01-16 00:28:02,701 - INFO - Epoch [2/100], Train Accuracy: 0.9161, Val Accuracy: 0.9062
2025-01-16 00:28:02,803 - INFO - Epoch [3/100], Train Accuracy: 0.9646, Val Accuracy: 0.9271
2025-01-16 00:28:02,907 - INFO - Epoch [4/100], Train Accuracy: 0.9839, Val Accuracy: 0.9229
2025-01-16 00:28:03,011 - INFO - Epoch [5/100], Train Accuracy: 0.9927, Val Accuracy: 0.9250
2025-01-16 00:28:03,024 - INFO - Fold 2 Validation Accuracy: 0.9250
2025-01-16 00:28:03,026 - INFO - Training for fold 3/5
2025-01-16 00:28:03,153 - INFO - Epoch [1/100], Train Accuracy: 0.7344, Val Accuracy: 0.8271
2025-01-16 00:28:03,248 - INFO - Epoch [2/100], Train Accuracy: 0.9151, Val Accuracy: 0.8833
2025-01-16 00:28:03,347 - INFO - Epoch [3/100], Train Accuracy: 0.9698, Val Accuracy: 0.8896
2025-01-16 00:28:03,444 - INFO - Epoch [4/100], Train Accuracy: 0.9880, Val Accuracy: 0.9021
2025-01-16 00:28:03,546 - INFO - Epoch [5/100], Train Accuracy: 0.9953, Val Accuracy: 0.9083
2025-01-16 00:28:03,645 - INFO - Epoch [6/100], Train Accuracy: 0.9969, Val Accuracy: 0.9042
2025-01-16 00:28:03,657 - INFO - Fold 3 Validation Accuracy: 0.9042
2025-01-16 00:28:03,657 - INFO - Training for fold 4/5
2025-01-16 00:28:03,780 - INFO - Epoch [1/100], Train Accuracy: 0.7286, Val Accuracy: 0.8375
2025-01-16 00:28:03,888 - INFO - Epoch [2/100], Train Accuracy: 0.9135, Val Accuracy: 0.9042
2025-01-16 00:28:03,991 - INFO - Epoch [3/100], Train Accuracy: 0.9630, Val Accuracy: 0.9187
2025-01-16 00:28:04,091 - INFO - Epoch [4/100], Train Accuracy: 0.9854, Val Accuracy: 0.9229
2025-01-16 00:28:04,188 - INFO - Epoch [5/100], Train Accuracy: 0.9938, Val Accuracy: 0.9146
2025-01-16 00:28:04,202 - INFO - Fold 4 Validation Accuracy: 0.9146
2025-01-16 00:28:04,202 - INFO - Training for fold 5/5
2025-01-16 00:28:04,330 - INFO - Epoch [1/100], Train Accuracy: 0.6854, Val Accuracy: 0.9000
2025-01-16 00:28:04,427 - INFO - Epoch [2/100], Train Accuracy: 0.9187, Val Accuracy: 0.9125
2025-01-16 00:28:04,528 - INFO - Epoch [3/100], Train Accuracy: 0.9661, Val Accuracy: 0.9250
2025-01-16 00:28:04,631 - INFO - Epoch [4/100], Train Accuracy: 0.9875, Val Accuracy: 0.9271
2025-01-16 00:28:04,732 - INFO - Epoch [5/100], Train Accuracy: 0.9943, Val Accuracy: 0.9292
2025-01-16 00:28:04,830 - INFO - Epoch [6/100], Train Accuracy: 0.9969, Val Accuracy: 0.9271
2025-01-16 00:28:04,841 - INFO - Fold 5 Validation Accuracy: 0.9271
2025-01-16 00:28:04,841 - INFO - Average Validation Accuracy (Over 5 folds): 0.9179 

2025-01-16 00:28:05,010 - INFO - Training with Vectorized Data 2000 features. Dropout Rate 0.56. Dataset Size 2400. 128 neurons. Leanring Rate 0.0017
2025-01-16 00:28:05,010 - INFO - Training for fold 1/5
2025-01-16 00:28:05,128 - INFO - Epoch [1/100], Train Accuracy: 0.6432, Val Accuracy: 0.9000
2025-01-16 00:28:05,223 - INFO - Epoch [2/100], Train Accuracy: 0.9229, Val Accuracy: 0.9208
2025-01-16 00:28:05,320 - INFO - Epoch [3/100], Train Accuracy: 0.9667, Val Accuracy: 0.9271
2025-01-16 00:28:05,421 - INFO - Epoch [4/100], Train Accuracy: 0.9839, Val Accuracy: 0.9292
2025-01-16 00:28:05,521 - INFO - Epoch [5/100], Train Accuracy: 0.9922, Val Accuracy: 0.9271
2025-01-16 00:28:05,533 - INFO - Fold 1 Validation Accuracy: 0.9271
2025-01-16 00:28:05,533 - INFO - Training for fold 2/5
2025-01-16 00:28:05,662 - INFO - Epoch [1/100], Train Accuracy: 0.6854, Val Accuracy: 0.9125
2025-01-16 00:28:05,759 - INFO - Epoch [2/100], Train Accuracy: 0.9203, Val Accuracy: 0.9187
2025-01-16 00:28:05,861 - INFO - Epoch [3/100], Train Accuracy: 0.9667, Val Accuracy: 0.9187
2025-01-16 00:28:05,955 - INFO - Epoch [4/100], Train Accuracy: 0.9849, Val Accuracy: 0.9187
2025-01-16 00:28:06,075 - INFO - Epoch [5/100], Train Accuracy: 0.9917, Val Accuracy: 0.9187
2025-01-16 00:28:06,187 - INFO - Epoch [6/100], Train Accuracy: 0.9953, Val Accuracy: 0.9208
2025-01-16 00:28:06,310 - INFO - Epoch [7/100], Train Accuracy: 0.9974, Val Accuracy: 0.9271
2025-01-16 00:28:06,428 - INFO - Epoch [8/100], Train Accuracy: 0.9984, Val Accuracy: 0.9229
2025-01-16 00:28:06,441 - INFO - Fold 2 Validation Accuracy: 0.9229
2025-01-16 00:28:06,441 - INFO - Training for fold 3/5
2025-01-16 00:28:06,564 - INFO - Epoch [1/100], Train Accuracy: 0.6813, Val Accuracy: 0.8625
2025-01-16 00:28:06,682 - INFO - Epoch [2/100], Train Accuracy: 0.9193, Val Accuracy: 0.8875
2025-01-16 00:28:06,801 - INFO - Epoch [3/100], Train Accuracy: 0.9625, Val Accuracy: 0.8979
2025-01-16 00:28:06,920 - INFO - Epoch [4/100], Train Accuracy: 0.9859, Val Accuracy: 0.9021
2025-01-16 00:28:07,028 - INFO - Epoch [5/100], Train Accuracy: 0.9932, Val Accuracy: 0.9021
2025-01-16 00:28:07,141 - INFO - Epoch [6/100], Train Accuracy: 0.9953, Val Accuracy: 0.9042
2025-01-16 00:28:07,260 - INFO - Epoch [7/100], Train Accuracy: 0.9979, Val Accuracy: 0.9062
2025-01-16 00:28:07,364 - INFO - Epoch [8/100], Train Accuracy: 0.9979, Val Accuracy: 0.9104
2025-01-16 00:28:07,485 - INFO - Epoch [9/100], Train Accuracy: 0.9979, Val Accuracy: 0.9104
2025-01-16 00:28:07,598 - INFO - Epoch [10/100], Train Accuracy: 0.9979, Val Accuracy: 0.9104
2025-01-16 00:28:07,698 - INFO - Epoch [11/100], Train Accuracy: 0.9984, Val Accuracy: 0.9104
2025-01-16 00:28:07,814 - INFO - Epoch [12/100], Train Accuracy: 0.9990, Val Accuracy: 0.9104
2025-01-16 00:28:07,916 - INFO - Epoch [13/100], Train Accuracy: 0.9990, Val Accuracy: 0.9104
2025-01-16 00:28:08,043 - INFO - Epoch [14/100], Train Accuracy: 0.9990, Val Accuracy: 0.9125
2025-01-16 00:28:08,166 - INFO - Epoch [15/100], Train Accuracy: 0.9990, Val Accuracy: 0.9104
2025-01-16 00:28:08,177 - INFO - Fold 3 Validation Accuracy: 0.9104
2025-01-16 00:28:08,177 - INFO - Training for fold 4/5
2025-01-16 00:28:08,319 - INFO - Epoch [1/100], Train Accuracy: 0.7188, Val Accuracy: 0.8646
2025-01-16 00:28:08,433 - INFO - Epoch [2/100], Train Accuracy: 0.9276, Val Accuracy: 0.8917
2025-01-16 00:28:08,552 - INFO - Epoch [3/100], Train Accuracy: 0.9688, Val Accuracy: 0.9187
2025-01-16 00:28:08,675 - INFO - Epoch [4/100], Train Accuracy: 0.9870, Val Accuracy: 0.9125
2025-01-16 00:28:08,794 - INFO - Epoch [5/100], Train Accuracy: 0.9932, Val Accuracy: 0.9125
2025-01-16 00:28:08,805 - INFO - Fold 4 Validation Accuracy: 0.9125
2025-01-16 00:28:08,805 - INFO - Training for fold 5/5
2025-01-16 00:28:08,954 - INFO - Epoch [1/100], Train Accuracy: 0.6703, Val Accuracy: 0.8583
2025-01-16 00:28:09,063 - INFO - Epoch [2/100], Train Accuracy: 0.9245, Val Accuracy: 0.8938
2025-01-16 00:28:09,180 - INFO - Epoch [3/100], Train Accuracy: 0.9667, Val Accuracy: 0.9021
2025-01-16 00:28:09,301 - INFO - Epoch [4/100], Train Accuracy: 0.9875, Val Accuracy: 0.9062
2025-01-16 00:28:09,410 - INFO - Epoch [5/100], Train Accuracy: 0.9953, Val Accuracy: 0.9021
2025-01-16 00:28:09,421 - INFO - Fold 5 Validation Accuracy: 0.9021
2025-01-16 00:28:09,422 - INFO - Average Validation Accuracy (Over 5 folds): 0.9150 

2025-01-16 00:28:09,568 - INFO - Training with Vectorized Data 2000 features. Dropout Rate 0.56. Dataset Size 2400. 128 neurons. Leanring Rate 0.0017
2025-01-16 00:28:09,568 - INFO - Training for fold 1/5
2025-01-16 00:28:09,719 - INFO - Epoch [1/100], Train Accuracy: 0.7078, Val Accuracy: 0.9042
2025-01-16 00:28:09,834 - INFO - Epoch [2/100], Train Accuracy: 0.9198, Val Accuracy: 0.9062
2025-01-16 00:28:09,943 - INFO - Epoch [3/100], Train Accuracy: 0.9661, Val Accuracy: 0.9333
2025-01-16 00:28:10,061 - INFO - Epoch [4/100], Train Accuracy: 0.9844, Val Accuracy: 0.9271
2025-01-16 00:28:10,165 - INFO - Epoch [5/100], Train Accuracy: 0.9943, Val Accuracy: 0.9292
2025-01-16 00:28:10,178 - INFO - Fold 1 Validation Accuracy: 0.9292
2025-01-16 00:28:10,178 - INFO - Training for fold 2/5
2025-01-16 00:28:10,314 - INFO - Epoch [1/100], Train Accuracy: 0.6609, Val Accuracy: 0.8792
2025-01-16 00:28:10,425 - INFO - Epoch [2/100], Train Accuracy: 0.9182, Val Accuracy: 0.9125
2025-01-16 00:28:10,524 - INFO - Epoch [3/100], Train Accuracy: 0.9635, Val Accuracy: 0.9229
2025-01-16 00:28:10,631 - INFO - Epoch [4/100], Train Accuracy: 0.9839, Val Accuracy: 0.9313
2025-01-16 00:28:10,731 - INFO - Epoch [5/100], Train Accuracy: 0.9927, Val Accuracy: 0.9292
2025-01-16 00:28:10,742 - INFO - Fold 2 Validation Accuracy: 0.9292
2025-01-16 00:28:10,742 - INFO - Training for fold 3/5
2025-01-16 00:28:10,866 - INFO - Epoch [1/100], Train Accuracy: 0.7229, Val Accuracy: 0.8438
2025-01-16 00:28:10,975 - INFO - Epoch [2/100], Train Accuracy: 0.9187, Val Accuracy: 0.8833
2025-01-16 00:28:11,070 - INFO - Epoch [3/100], Train Accuracy: 0.9708, Val Accuracy: 0.8958
2025-01-16 00:28:11,168 - INFO - Epoch [4/100], Train Accuracy: 0.9891, Val Accuracy: 0.9000
2025-01-16 00:28:11,268 - INFO - Epoch [5/100], Train Accuracy: 0.9938, Val Accuracy: 0.9021
2025-01-16 00:28:11,363 - INFO - Epoch [6/100], Train Accuracy: 0.9974, Val Accuracy: 0.9042
2025-01-16 00:28:11,469 - INFO - Epoch [7/100], Train Accuracy: 0.9979, Val Accuracy: 0.8938
2025-01-16 00:28:11,482 - INFO - Fold 3 Validation Accuracy: 0.8938
2025-01-16 00:28:11,482 - INFO - Training for fold 4/5
2025-01-16 00:28:11,613 - INFO - Epoch [1/100], Train Accuracy: 0.6615, Val Accuracy: 0.8313
2025-01-16 00:28:11,714 - INFO - Epoch [2/100], Train Accuracy: 0.9094, Val Accuracy: 0.9000
2025-01-16 00:28:11,814 - INFO - Epoch [3/100], Train Accuracy: 0.9661, Val Accuracy: 0.9208
2025-01-16 00:28:11,916 - INFO - Epoch [4/100], Train Accuracy: 0.9859, Val Accuracy: 0.9187
2025-01-16 00:28:12,021 - INFO - Epoch [5/100], Train Accuracy: 0.9927, Val Accuracy: 0.9292
2025-01-16 00:28:12,116 - INFO - Epoch [6/100], Train Accuracy: 0.9969, Val Accuracy: 0.9333
2025-01-16 00:28:12,220 - INFO - Epoch [7/100], Train Accuracy: 0.9984, Val Accuracy: 0.9229
2025-01-16 00:28:12,231 - INFO - Fold 4 Validation Accuracy: 0.9229
2025-01-16 00:28:12,231 - INFO - Training for fold 5/5
2025-01-16 00:28:12,361 - INFO - Epoch [1/100], Train Accuracy: 0.6125, Val Accuracy: 0.8646
2025-01-16 00:28:12,459 - INFO - Epoch [2/100], Train Accuracy: 0.9255, Val Accuracy: 0.9125
2025-01-16 00:28:12,563 - INFO - Epoch [3/100], Train Accuracy: 0.9635, Val Accuracy: 0.9250
2025-01-16 00:28:12,664 - INFO - Epoch [4/100], Train Accuracy: 0.9828, Val Accuracy: 0.9313
2025-01-16 00:28:12,765 - INFO - Epoch [5/100], Train Accuracy: 0.9922, Val Accuracy: 0.9271
2025-01-16 00:28:12,779 - INFO - Fold 5 Validation Accuracy: 0.9271
2025-01-16 00:28:12,780 - INFO - Average Validation Accuracy (Over 5 folds): 0.9204 

2025-01-16 00:28:12,918 - INFO - Training with Vectorized Data 2000 features. Dropout Rate 0.56. Dataset Size 2400. 128 neurons. Leanring Rate 0.0017
2025-01-16 00:28:12,918 - INFO - Training for fold 1/5
2025-01-16 00:28:13,048 - INFO - Epoch [1/100], Train Accuracy: 0.6583, Val Accuracy: 0.8792
2025-01-16 00:28:13,146 - INFO - Epoch [2/100], Train Accuracy: 0.9203, Val Accuracy: 0.9104
2025-01-16 00:28:13,245 - INFO - Epoch [3/100], Train Accuracy: 0.9651, Val Accuracy: 0.9167
2025-01-16 00:28:13,347 - INFO - Epoch [4/100], Train Accuracy: 0.9833, Val Accuracy: 0.9271
2025-01-16 00:28:13,449 - INFO - Epoch [5/100], Train Accuracy: 0.9917, Val Accuracy: 0.9271
2025-01-16 00:28:13,555 - INFO - Epoch [6/100], Train Accuracy: 0.9948, Val Accuracy: 0.9292
2025-01-16 00:28:13,651 - INFO - Epoch [7/100], Train Accuracy: 0.9958, Val Accuracy: 0.9271
2025-01-16 00:28:13,663 - INFO - Fold 1 Validation Accuracy: 0.9271
2025-01-16 00:28:13,663 - INFO - Training for fold 2/5
2025-01-16 00:28:13,782 - INFO - Epoch [1/100], Train Accuracy: 0.7109, Val Accuracy: 0.8833
2025-01-16 00:28:13,934 - INFO - Epoch [2/100], Train Accuracy: 0.9302, Val Accuracy: 0.8917
2025-01-16 00:28:14,109 - INFO - Epoch [3/100], Train Accuracy: 0.9708, Val Accuracy: 0.9042
2025-01-16 00:28:14,275 - INFO - Epoch [4/100], Train Accuracy: 0.9870, Val Accuracy: 0.9104
2025-01-16 00:28:14,408 - INFO - Epoch [5/100], Train Accuracy: 0.9943, Val Accuracy: 0.9104
2025-01-16 00:28:14,519 - INFO - Epoch [6/100], Train Accuracy: 0.9958, Val Accuracy: 0.9062
2025-01-16 00:28:14,532 - INFO - Fold 2 Validation Accuracy: 0.9062
2025-01-16 00:28:14,532 - INFO - Training for fold 3/5
2025-01-16 00:28:14,669 - INFO - Epoch [1/100], Train Accuracy: 0.7068, Val Accuracy: 0.8583
2025-01-16 00:28:14,777 - INFO - Epoch [2/100], Train Accuracy: 0.9224, Val Accuracy: 0.9062
2025-01-16 00:28:14,891 - INFO - Epoch [3/100], Train Accuracy: 0.9688, Val Accuracy: 0.9208
2025-01-16 00:28:15,000 - INFO - Epoch [4/100], Train Accuracy: 0.9885, Val Accuracy: 0.9250
2025-01-16 00:28:15,114 - INFO - Epoch [5/100], Train Accuracy: 0.9932, Val Accuracy: 0.9146
2025-01-16 00:28:15,126 - INFO - Fold 3 Validation Accuracy: 0.9146
2025-01-16 00:28:15,126 - INFO - Training for fold 4/5
2025-01-16 00:28:15,259 - INFO - Epoch [1/100], Train Accuracy: 0.6833, Val Accuracy: 0.8875
2025-01-16 00:28:15,374 - INFO - Epoch [2/100], Train Accuracy: 0.9260, Val Accuracy: 0.9083
2025-01-16 00:28:15,489 - INFO - Epoch [3/100], Train Accuracy: 0.9661, Val Accuracy: 0.9187
2025-01-16 00:28:15,603 - INFO - Epoch [4/100], Train Accuracy: 0.9828, Val Accuracy: 0.9208
2025-01-16 00:28:15,707 - INFO - Epoch [5/100], Train Accuracy: 0.9943, Val Accuracy: 0.9250
2025-01-16 00:28:15,813 - INFO - Epoch [6/100], Train Accuracy: 0.9969, Val Accuracy: 0.9208
2025-01-16 00:28:15,826 - INFO - Fold 4 Validation Accuracy: 0.9208
2025-01-16 00:28:15,827 - INFO - Training for fold 5/5
2025-01-16 00:28:15,979 - INFO - Epoch [1/100], Train Accuracy: 0.6870, Val Accuracy: 0.8688
2025-01-16 00:28:16,086 - INFO - Epoch [2/100], Train Accuracy: 0.9208, Val Accuracy: 0.9146
2025-01-16 00:28:16,190 - INFO - Epoch [3/100], Train Accuracy: 0.9677, Val Accuracy: 0.9250
2025-01-16 00:28:16,302 - INFO - Epoch [4/100], Train Accuracy: 0.9880, Val Accuracy: 0.9313
2025-01-16 00:28:16,406 - INFO - Epoch [5/100], Train Accuracy: 0.9943, Val Accuracy: 0.9313
2025-01-16 00:28:16,516 - INFO - Epoch [6/100], Train Accuracy: 0.9969, Val Accuracy: 0.9292
2025-01-16 00:28:16,529 - INFO - Fold 5 Validation Accuracy: 0.9292
2025-01-16 00:28:16,529 - INFO - Average Validation Accuracy (Over 5 folds): 0.9196 

