2025-01-16 00:25:39,635 - INFO - Training with Vectorized Data 2000 features. Dropout Rate 0.56. Dataset Size 2400. 128 neurons. Leanring Rate 0.0015
2025-01-16 00:25:39,636 - INFO - Training for fold 1/5
2025-01-16 00:25:40,789 - INFO - Epoch [1/100], Train Accuracy: 0.6948, Val Accuracy: 0.8500
2025-01-16 00:25:40,893 - INFO - Epoch [2/100], Train Accuracy: 0.9104, Val Accuracy: 0.9000
2025-01-16 00:25:40,987 - INFO - Epoch [3/100], Train Accuracy: 0.9620, Val Accuracy: 0.9146
2025-01-16 00:25:41,082 - INFO - Epoch [4/100], Train Accuracy: 0.9828, Val Accuracy: 0.9125
2025-01-16 00:25:41,180 - INFO - Epoch [5/100], Train Accuracy: 0.9922, Val Accuracy: 0.9271
2025-01-16 00:25:41,270 - INFO - Epoch [6/100], Train Accuracy: 0.9953, Val Accuracy: 0.9229
2025-01-16 00:25:41,280 - INFO - Fold 1 Validation Accuracy: 0.9229
2025-01-16 00:25:41,280 - INFO - Training for fold 2/5
2025-01-16 00:25:41,382 - INFO - Epoch [1/100], Train Accuracy: 0.6302, Val Accuracy: 0.7917
2025-01-16 00:25:41,475 - INFO - Epoch [2/100], Train Accuracy: 0.9224, Val Accuracy: 0.9062
2025-01-16 00:25:41,569 - INFO - Epoch [3/100], Train Accuracy: 0.9651, Val Accuracy: 0.9208
2025-01-16 00:25:41,671 - INFO - Epoch [4/100], Train Accuracy: 0.9854, Val Accuracy: 0.9208
2025-01-16 00:25:41,765 - INFO - Epoch [5/100], Train Accuracy: 0.9927, Val Accuracy: 0.9083
2025-01-16 00:25:41,778 - INFO - Fold 2 Validation Accuracy: 0.9083
2025-01-16 00:25:41,778 - INFO - Training for fold 3/5
2025-01-16 00:25:41,886 - INFO - Epoch [1/100], Train Accuracy: 0.6922, Val Accuracy: 0.8917
2025-01-16 00:25:41,983 - INFO - Epoch [2/100], Train Accuracy: 0.9172, Val Accuracy: 0.8979
2025-01-16 00:25:42,083 - INFO - Epoch [3/100], Train Accuracy: 0.9651, Val Accuracy: 0.9250
2025-01-16 00:25:42,185 - INFO - Epoch [4/100], Train Accuracy: 0.9865, Val Accuracy: 0.9271
2025-01-16 00:25:42,278 - INFO - Epoch [5/100], Train Accuracy: 0.9922, Val Accuracy: 0.9229
2025-01-16 00:25:42,286 - INFO - Fold 3 Validation Accuracy: 0.9229
2025-01-16 00:25:42,287 - INFO - Training for fold 4/5
2025-01-16 00:25:42,397 - INFO - Epoch [1/100], Train Accuracy: 0.6604, Val Accuracy: 0.8771
2025-01-16 00:25:42,490 - INFO - Epoch [2/100], Train Accuracy: 0.9214, Val Accuracy: 0.9000
2025-01-16 00:25:42,589 - INFO - Epoch [3/100], Train Accuracy: 0.9594, Val Accuracy: 0.9208
2025-01-16 00:25:42,685 - INFO - Epoch [4/100], Train Accuracy: 0.9833, Val Accuracy: 0.9292
2025-01-16 00:25:42,779 - INFO - Epoch [5/100], Train Accuracy: 0.9943, Val Accuracy: 0.9271
2025-01-16 00:25:42,788 - INFO - Fold 4 Validation Accuracy: 0.9271
2025-01-16 00:25:42,788 - INFO - Training for fold 5/5
2025-01-16 00:25:42,895 - INFO - Epoch [1/100], Train Accuracy: 0.6807, Val Accuracy: 0.8250
2025-01-16 00:25:42,984 - INFO - Epoch [2/100], Train Accuracy: 0.9141, Val Accuracy: 0.8896
2025-01-16 00:25:43,087 - INFO - Epoch [3/100], Train Accuracy: 0.9630, Val Accuracy: 0.9083
2025-01-16 00:25:43,184 - INFO - Epoch [4/100], Train Accuracy: 0.9833, Val Accuracy: 0.9125
2025-01-16 00:25:43,277 - INFO - Epoch [5/100], Train Accuracy: 0.9927, Val Accuracy: 0.9292
2025-01-16 00:25:43,372 - INFO - Epoch [6/100], Train Accuracy: 0.9969, Val Accuracy: 0.9229
2025-01-16 00:25:43,380 - INFO - Fold 5 Validation Accuracy: 0.9229
2025-01-16 00:25:43,381 - INFO - Average Validation Accuracy (Over 5 folds): 0.9208 

2025-01-16 00:25:43,508 - INFO - Training with Vectorized Data 2000 features. Dropout Rate 0.56. Dataset Size 2400. 128 neurons. Leanring Rate 0.0015
2025-01-16 00:25:43,509 - INFO - Training for fold 1/5
2025-01-16 00:25:43,613 - INFO - Epoch [1/100], Train Accuracy: 0.6859, Val Accuracy: 0.8875
2025-01-16 00:25:43,708 - INFO - Epoch [2/100], Train Accuracy: 0.9208, Val Accuracy: 0.9125
2025-01-16 00:25:43,807 - INFO - Epoch [3/100], Train Accuracy: 0.9609, Val Accuracy: 0.9354
2025-01-16 00:25:43,899 - INFO - Epoch [4/100], Train Accuracy: 0.9833, Val Accuracy: 0.9375
2025-01-16 00:25:43,994 - INFO - Epoch [5/100], Train Accuracy: 0.9917, Val Accuracy: 0.9271
2025-01-16 00:25:44,003 - INFO - Fold 1 Validation Accuracy: 0.9271
2025-01-16 00:25:44,003 - INFO - Training for fold 2/5
2025-01-16 00:25:44,113 - INFO - Epoch [1/100], Train Accuracy: 0.6568, Val Accuracy: 0.8875
2025-01-16 00:25:44,216 - INFO - Epoch [2/100], Train Accuracy: 0.9224, Val Accuracy: 0.9021
2025-01-16 00:25:44,313 - INFO - Epoch [3/100], Train Accuracy: 0.9594, Val Accuracy: 0.9250
2025-01-16 00:25:44,416 - INFO - Epoch [4/100], Train Accuracy: 0.9823, Val Accuracy: 0.9313
2025-01-16 00:25:44,517 - INFO - Epoch [5/100], Train Accuracy: 0.9911, Val Accuracy: 0.9292
2025-01-16 00:25:44,526 - INFO - Fold 2 Validation Accuracy: 0.9292
2025-01-16 00:25:44,526 - INFO - Training for fold 3/5
2025-01-16 00:25:44,632 - INFO - Epoch [1/100], Train Accuracy: 0.7000, Val Accuracy: 0.8667
2025-01-16 00:25:44,733 - INFO - Epoch [2/100], Train Accuracy: 0.9203, Val Accuracy: 0.8979
2025-01-16 00:25:44,826 - INFO - Epoch [3/100], Train Accuracy: 0.9672, Val Accuracy: 0.9146
2025-01-16 00:25:44,919 - INFO - Epoch [4/100], Train Accuracy: 0.9823, Val Accuracy: 0.9167
2025-01-16 00:25:45,021 - INFO - Epoch [5/100], Train Accuracy: 0.9927, Val Accuracy: 0.9250
2025-01-16 00:25:45,122 - INFO - Epoch [6/100], Train Accuracy: 0.9948, Val Accuracy: 0.9250
2025-01-16 00:25:45,221 - INFO - Epoch [7/100], Train Accuracy: 0.9979, Val Accuracy: 0.9229
2025-01-16 00:25:45,235 - INFO - Fold 3 Validation Accuracy: 0.9229
2025-01-16 00:25:45,236 - INFO - Training for fold 4/5
2025-01-16 00:25:45,347 - INFO - Epoch [1/100], Train Accuracy: 0.6474, Val Accuracy: 0.8542
2025-01-16 00:25:45,436 - INFO - Epoch [2/100], Train Accuracy: 0.9224, Val Accuracy: 0.8708
2025-01-16 00:25:45,517 - INFO - Epoch [3/100], Train Accuracy: 0.9615, Val Accuracy: 0.9021
2025-01-16 00:25:45,604 - INFO - Epoch [4/100], Train Accuracy: 0.9849, Val Accuracy: 0.9062
2025-01-16 00:25:45,690 - INFO - Epoch [5/100], Train Accuracy: 0.9932, Val Accuracy: 0.9125
2025-01-16 00:25:45,776 - INFO - Epoch [6/100], Train Accuracy: 0.9958, Val Accuracy: 0.9146
2025-01-16 00:25:45,861 - INFO - Epoch [7/100], Train Accuracy: 0.9979, Val Accuracy: 0.9187
2025-01-16 00:25:45,947 - INFO - Epoch [8/100], Train Accuracy: 0.9984, Val Accuracy: 0.9187
2025-01-16 00:25:46,039 - INFO - Epoch [9/100], Train Accuracy: 0.9990, Val Accuracy: 0.9208
2025-01-16 00:25:46,141 - INFO - Epoch [10/100], Train Accuracy: 0.9990, Val Accuracy: 0.9229
2025-01-16 00:25:46,232 - INFO - Epoch [11/100], Train Accuracy: 0.9995, Val Accuracy: 0.9208
2025-01-16 00:25:46,242 - INFO - Fold 4 Validation Accuracy: 0.9208
2025-01-16 00:25:46,242 - INFO - Training for fold 5/5
2025-01-16 00:25:46,334 - INFO - Epoch [1/100], Train Accuracy: 0.5667, Val Accuracy: 0.8771
2025-01-16 00:25:46,420 - INFO - Epoch [2/100], Train Accuracy: 0.9208, Val Accuracy: 0.8979
2025-01-16 00:25:46,511 - INFO - Epoch [3/100], Train Accuracy: 0.9641, Val Accuracy: 0.9062
2025-01-16 00:25:46,593 - INFO - Epoch [4/100], Train Accuracy: 0.9839, Val Accuracy: 0.9125
2025-01-16 00:25:46,681 - INFO - Epoch [5/100], Train Accuracy: 0.9943, Val Accuracy: 0.9104
2025-01-16 00:25:46,692 - INFO - Fold 5 Validation Accuracy: 0.9104
2025-01-16 00:25:46,692 - INFO - Average Validation Accuracy (Over 5 folds): 0.9221 

2025-01-16 00:25:46,811 - INFO - Training with Vectorized Data 2000 features. Dropout Rate 0.56. Dataset Size 2400. 128 neurons. Leanring Rate 0.0015
2025-01-16 00:25:46,811 - INFO - Training for fold 1/5
2025-01-16 00:25:46,907 - INFO - Epoch [1/100], Train Accuracy: 0.5844, Val Accuracy: 0.9000
2025-01-16 00:25:46,997 - INFO - Epoch [2/100], Train Accuracy: 0.9167, Val Accuracy: 0.9187
2025-01-16 00:25:47,082 - INFO - Epoch [3/100], Train Accuracy: 0.9589, Val Accuracy: 0.9187
2025-01-16 00:25:47,163 - INFO - Epoch [4/100], Train Accuracy: 0.9812, Val Accuracy: 0.9292
2025-01-16 00:25:47,255 - INFO - Epoch [5/100], Train Accuracy: 0.9917, Val Accuracy: 0.9292
2025-01-16 00:25:47,342 - INFO - Epoch [6/100], Train Accuracy: 0.9979, Val Accuracy: 0.9271
2025-01-16 00:25:47,351 - INFO - Fold 1 Validation Accuracy: 0.9271
2025-01-16 00:25:47,352 - INFO - Training for fold 2/5
2025-01-16 00:25:47,442 - INFO - Epoch [1/100], Train Accuracy: 0.6875, Val Accuracy: 0.8646
2025-01-16 00:25:47,527 - INFO - Epoch [2/100], Train Accuracy: 0.9167, Val Accuracy: 0.9021
2025-01-16 00:25:47,620 - INFO - Epoch [3/100], Train Accuracy: 0.9609, Val Accuracy: 0.9250
2025-01-16 00:25:47,710 - INFO - Epoch [4/100], Train Accuracy: 0.9844, Val Accuracy: 0.9146
2025-01-16 00:25:47,795 - INFO - Epoch [5/100], Train Accuracy: 0.9911, Val Accuracy: 0.9187
2025-01-16 00:25:47,805 - INFO - Fold 2 Validation Accuracy: 0.9187
2025-01-16 00:25:47,805 - INFO - Training for fold 3/5
2025-01-16 00:25:47,912 - INFO - Epoch [1/100], Train Accuracy: 0.6500, Val Accuracy: 0.8667
2025-01-16 00:25:47,992 - INFO - Epoch [2/100], Train Accuracy: 0.9161, Val Accuracy: 0.8896
2025-01-16 00:25:48,078 - INFO - Epoch [3/100], Train Accuracy: 0.9609, Val Accuracy: 0.9167
2025-01-16 00:25:48,166 - INFO - Epoch [4/100], Train Accuracy: 0.9870, Val Accuracy: 0.9167
2025-01-16 00:25:48,254 - INFO - Epoch [5/100], Train Accuracy: 0.9932, Val Accuracy: 0.9167
2025-01-16 00:25:48,347 - INFO - Epoch [6/100], Train Accuracy: 0.9969, Val Accuracy: 0.9146
2025-01-16 00:25:48,358 - INFO - Fold 3 Validation Accuracy: 0.9146
2025-01-16 00:25:48,358 - INFO - Training for fold 4/5
2025-01-16 00:25:48,455 - INFO - Epoch [1/100], Train Accuracy: 0.6828, Val Accuracy: 0.8708
2025-01-16 00:25:48,548 - INFO - Epoch [2/100], Train Accuracy: 0.9276, Val Accuracy: 0.8812
2025-01-16 00:25:48,634 - INFO - Epoch [3/100], Train Accuracy: 0.9646, Val Accuracy: 0.9083
2025-01-16 00:25:48,717 - INFO - Epoch [4/100], Train Accuracy: 0.9854, Val Accuracy: 0.9125
2025-01-16 00:25:48,802 - INFO - Epoch [5/100], Train Accuracy: 0.9932, Val Accuracy: 0.9125
2025-01-16 00:25:48,891 - INFO - Epoch [6/100], Train Accuracy: 0.9974, Val Accuracy: 0.9187
2025-01-16 00:25:48,975 - INFO - Epoch [7/100], Train Accuracy: 0.9995, Val Accuracy: 0.9229
2025-01-16 00:25:48,985 - INFO - Fold 4 Validation Accuracy: 0.9229
2025-01-16 00:25:48,985 - INFO - Training for fold 5/5
2025-01-16 00:25:49,083 - INFO - Epoch [1/100], Train Accuracy: 0.7052, Val Accuracy: 0.8625
2025-01-16 00:25:49,174 - INFO - Epoch [2/100], Train Accuracy: 0.9125, Val Accuracy: 0.8812
2025-01-16 00:25:49,264 - INFO - Epoch [3/100], Train Accuracy: 0.9693, Val Accuracy: 0.9042
2025-01-16 00:25:49,352 - INFO - Epoch [4/100], Train Accuracy: 0.9854, Val Accuracy: 0.9062
2025-01-16 00:25:49,441 - INFO - Epoch [5/100], Train Accuracy: 0.9927, Val Accuracy: 0.9083
2025-01-16 00:25:49,528 - INFO - Epoch [6/100], Train Accuracy: 0.9969, Val Accuracy: 0.9083
2025-01-16 00:25:49,630 - INFO - Epoch [7/100], Train Accuracy: 0.9984, Val Accuracy: 0.9083
2025-01-16 00:25:49,718 - INFO - Epoch [8/100], Train Accuracy: 1.0000, Val Accuracy: 0.9062
2025-01-16 00:25:49,727 - INFO - Fold 5 Validation Accuracy: 0.9062
2025-01-16 00:25:49,727 - INFO - Average Validation Accuracy (Over 5 folds): 0.9179 

2025-01-16 00:25:49,845 - INFO - Training with Vectorized Data 2000 features. Dropout Rate 0.56. Dataset Size 2400. 128 neurons. Leanring Rate 0.0015
2025-01-16 00:25:49,846 - INFO - Training for fold 1/5
2025-01-16 00:25:49,943 - INFO - Epoch [1/100], Train Accuracy: 0.6542, Val Accuracy: 0.8708
2025-01-16 00:25:50,029 - INFO - Epoch [2/100], Train Accuracy: 0.9094, Val Accuracy: 0.8979
2025-01-16 00:25:50,120 - INFO - Epoch [3/100], Train Accuracy: 0.9641, Val Accuracy: 0.9229
2025-01-16 00:25:50,209 - INFO - Epoch [4/100], Train Accuracy: 0.9849, Val Accuracy: 0.9229
2025-01-16 00:25:50,294 - INFO - Epoch [5/100], Train Accuracy: 0.9922, Val Accuracy: 0.9271
2025-01-16 00:25:50,376 - INFO - Epoch [6/100], Train Accuracy: 0.9958, Val Accuracy: 0.9292
2025-01-16 00:25:50,470 - INFO - Epoch [7/100], Train Accuracy: 0.9974, Val Accuracy: 0.9292
2025-01-16 00:25:50,564 - INFO - Epoch [8/100], Train Accuracy: 0.9984, Val Accuracy: 0.9208
2025-01-16 00:25:50,574 - INFO - Fold 1 Validation Accuracy: 0.9208
2025-01-16 00:25:50,575 - INFO - Training for fold 2/5
2025-01-16 00:25:50,676 - INFO - Epoch [1/100], Train Accuracy: 0.6719, Val Accuracy: 0.8521
2025-01-16 00:25:50,761 - INFO - Epoch [2/100], Train Accuracy: 0.9042, Val Accuracy: 0.8979
2025-01-16 00:25:50,852 - INFO - Epoch [3/100], Train Accuracy: 0.9573, Val Accuracy: 0.9250
2025-01-16 00:25:50,948 - INFO - Epoch [4/100], Train Accuracy: 0.9844, Val Accuracy: 0.9333
2025-01-16 00:25:51,034 - INFO - Epoch [5/100], Train Accuracy: 0.9922, Val Accuracy: 0.9250
2025-01-16 00:25:51,044 - INFO - Fold 2 Validation Accuracy: 0.9250
2025-01-16 00:25:51,044 - INFO - Training for fold 3/5
2025-01-16 00:25:51,154 - INFO - Epoch [1/100], Train Accuracy: 0.6687, Val Accuracy: 0.8812
2025-01-16 00:25:51,252 - INFO - Epoch [2/100], Train Accuracy: 0.9250, Val Accuracy: 0.8958
2025-01-16 00:25:51,336 - INFO - Epoch [3/100], Train Accuracy: 0.9609, Val Accuracy: 0.9208
2025-01-16 00:25:51,424 - INFO - Epoch [4/100], Train Accuracy: 0.9839, Val Accuracy: 0.9229
2025-01-16 00:25:51,510 - INFO - Epoch [5/100], Train Accuracy: 0.9932, Val Accuracy: 0.9292
2025-01-16 00:25:51,601 - INFO - Epoch [6/100], Train Accuracy: 0.9964, Val Accuracy: 0.9292
2025-01-16 00:25:51,702 - INFO - Epoch [7/100], Train Accuracy: 0.9979, Val Accuracy: 0.9271
2025-01-16 00:25:51,712 - INFO - Fold 3 Validation Accuracy: 0.9271
2025-01-16 00:25:51,712 - INFO - Training for fold 4/5
2025-01-16 00:25:51,811 - INFO - Epoch [1/100], Train Accuracy: 0.7281, Val Accuracy: 0.8875
2025-01-16 00:25:51,900 - INFO - Epoch [2/100], Train Accuracy: 0.9130, Val Accuracy: 0.9062
2025-01-16 00:25:51,983 - INFO - Epoch [3/100], Train Accuracy: 0.9599, Val Accuracy: 0.9250
2025-01-16 00:25:52,072 - INFO - Epoch [4/100], Train Accuracy: 0.9823, Val Accuracy: 0.9417
2025-01-16 00:25:52,161 - INFO - Epoch [5/100], Train Accuracy: 0.9938, Val Accuracy: 0.9375
2025-01-16 00:25:52,171 - INFO - Fold 4 Validation Accuracy: 0.9375
2025-01-16 00:25:52,171 - INFO - Training for fold 5/5
2025-01-16 00:25:52,269 - INFO - Epoch [1/100], Train Accuracy: 0.6870, Val Accuracy: 0.8792
2025-01-16 00:25:52,357 - INFO - Epoch [2/100], Train Accuracy: 0.9203, Val Accuracy: 0.8833
2025-01-16 00:25:52,454 - INFO - Epoch [3/100], Train Accuracy: 0.9646, Val Accuracy: 0.9042
2025-01-16 00:25:52,555 - INFO - Epoch [4/100], Train Accuracy: 0.9828, Val Accuracy: 0.9042
2025-01-16 00:25:52,651 - INFO - Epoch [5/100], Train Accuracy: 0.9922, Val Accuracy: 0.9042
2025-01-16 00:25:52,752 - INFO - Epoch [6/100], Train Accuracy: 0.9969, Val Accuracy: 0.9062
2025-01-16 00:25:52,848 - INFO - Epoch [7/100], Train Accuracy: 0.9974, Val Accuracy: 0.9000
2025-01-16 00:25:52,860 - INFO - Fold 5 Validation Accuracy: 0.9000
2025-01-16 00:25:52,860 - INFO - Average Validation Accuracy (Over 5 folds): 0.9221 

2025-01-16 00:25:52,988 - INFO - Training with Vectorized Data 2000 features. Dropout Rate 0.56. Dataset Size 2400. 128 neurons. Leanring Rate 0.0015
2025-01-16 00:25:52,988 - INFO - Training for fold 1/5
2025-01-16 00:25:53,104 - INFO - Epoch [1/100], Train Accuracy: 0.7167, Val Accuracy: 0.8771
2025-01-16 00:25:53,200 - INFO - Epoch [2/100], Train Accuracy: 0.9104, Val Accuracy: 0.9104
2025-01-16 00:25:53,292 - INFO - Epoch [3/100], Train Accuracy: 0.9583, Val Accuracy: 0.9292
2025-01-16 00:25:53,396 - INFO - Epoch [4/100], Train Accuracy: 0.9844, Val Accuracy: 0.9313
2025-01-16 00:25:53,486 - INFO - Epoch [5/100], Train Accuracy: 0.9927, Val Accuracy: 0.9229
2025-01-16 00:25:53,496 - INFO - Fold 1 Validation Accuracy: 0.9229
2025-01-16 00:25:53,496 - INFO - Training for fold 2/5
2025-01-16 00:25:53,593 - INFO - Epoch [1/100], Train Accuracy: 0.5526, Val Accuracy: 0.8479
2025-01-16 00:25:53,687 - INFO - Epoch [2/100], Train Accuracy: 0.9245, Val Accuracy: 0.8604
2025-01-16 00:25:53,770 - INFO - Epoch [3/100], Train Accuracy: 0.9688, Val Accuracy: 0.8958
2025-01-16 00:25:53,854 - INFO - Epoch [4/100], Train Accuracy: 0.9875, Val Accuracy: 0.8958
2025-01-16 00:25:53,945 - INFO - Epoch [5/100], Train Accuracy: 0.9943, Val Accuracy: 0.9000
2025-01-16 00:25:54,036 - INFO - Epoch [6/100], Train Accuracy: 0.9984, Val Accuracy: 0.9083
2025-01-16 00:25:54,124 - INFO - Epoch [7/100], Train Accuracy: 0.9990, Val Accuracy: 0.9042
2025-01-16 00:25:54,138 - INFO - Fold 2 Validation Accuracy: 0.9042
2025-01-16 00:25:54,139 - INFO - Training for fold 3/5
2025-01-16 00:25:54,232 - INFO - Epoch [1/100], Train Accuracy: 0.6417, Val Accuracy: 0.8854
2025-01-16 00:25:54,320 - INFO - Epoch [2/100], Train Accuracy: 0.9198, Val Accuracy: 0.9125
2025-01-16 00:25:54,409 - INFO - Epoch [3/100], Train Accuracy: 0.9641, Val Accuracy: 0.9187
2025-01-16 00:25:54,493 - INFO - Epoch [4/100], Train Accuracy: 0.9870, Val Accuracy: 0.9229
2025-01-16 00:25:54,574 - INFO - Epoch [5/100], Train Accuracy: 0.9917, Val Accuracy: 0.9208
2025-01-16 00:25:54,584 - INFO - Fold 3 Validation Accuracy: 0.9208
2025-01-16 00:25:54,585 - INFO - Training for fold 4/5
2025-01-16 00:25:54,681 - INFO - Epoch [1/100], Train Accuracy: 0.6599, Val Accuracy: 0.8938
2025-01-16 00:25:54,768 - INFO - Epoch [2/100], Train Accuracy: 0.9167, Val Accuracy: 0.9000
2025-01-16 00:25:54,856 - INFO - Epoch [3/100], Train Accuracy: 0.9583, Val Accuracy: 0.9146
2025-01-16 00:25:54,942 - INFO - Epoch [4/100], Train Accuracy: 0.9807, Val Accuracy: 0.9313
2025-01-16 00:25:55,031 - INFO - Epoch [5/100], Train Accuracy: 0.9917, Val Accuracy: 0.9333
2025-01-16 00:25:55,128 - INFO - Epoch [6/100], Train Accuracy: 0.9948, Val Accuracy: 0.9396
2025-01-16 00:25:55,225 - INFO - Epoch [7/100], Train Accuracy: 0.9984, Val Accuracy: 0.9479
2025-01-16 00:25:55,309 - INFO - Epoch [8/100], Train Accuracy: 0.9984, Val Accuracy: 0.9458
2025-01-16 00:25:55,320 - INFO - Fold 4 Validation Accuracy: 0.9458
2025-01-16 00:25:55,320 - INFO - Training for fold 5/5
2025-01-16 00:25:55,416 - INFO - Epoch [1/100], Train Accuracy: 0.6917, Val Accuracy: 0.8771
2025-01-16 00:25:55,503 - INFO - Epoch [2/100], Train Accuracy: 0.9078, Val Accuracy: 0.9062
2025-01-16 00:25:55,587 - INFO - Epoch [3/100], Train Accuracy: 0.9568, Val Accuracy: 0.9250
2025-01-16 00:25:55,683 - INFO - Epoch [4/100], Train Accuracy: 0.9844, Val Accuracy: 0.9417
2025-01-16 00:25:55,771 - INFO - Epoch [5/100], Train Accuracy: 0.9901, Val Accuracy: 0.9417
2025-01-16 00:25:55,855 - INFO - Epoch [6/100], Train Accuracy: 0.9953, Val Accuracy: 0.9333
2025-01-16 00:25:55,866 - INFO - Fold 5 Validation Accuracy: 0.9333
2025-01-16 00:25:55,866 - INFO - Average Validation Accuracy (Over 5 folds): 0.9254 

2025-01-16 00:25:55,986 - INFO - Training with Vectorized Data 2000 features. Dropout Rate 0.56. Dataset Size 2400. 128 neurons. Leanring Rate 0.0015
2025-01-16 00:25:55,987 - INFO - Training for fold 1/5
2025-01-16 00:25:56,099 - INFO - Epoch [1/100], Train Accuracy: 0.5609, Val Accuracy: 0.9000
2025-01-16 00:25:56,204 - INFO - Epoch [2/100], Train Accuracy: 0.9214, Val Accuracy: 0.9083
2025-01-16 00:25:56,292 - INFO - Epoch [3/100], Train Accuracy: 0.9604, Val Accuracy: 0.9208
2025-01-16 00:25:56,378 - INFO - Epoch [4/100], Train Accuracy: 0.9818, Val Accuracy: 0.9250
2025-01-16 00:25:56,460 - INFO - Epoch [5/100], Train Accuracy: 0.9917, Val Accuracy: 0.9271
2025-01-16 00:25:56,561 - INFO - Epoch [6/100], Train Accuracy: 0.9964, Val Accuracy: 0.9271
2025-01-16 00:25:56,647 - INFO - Epoch [7/100], Train Accuracy: 0.9974, Val Accuracy: 0.9250
2025-01-16 00:25:56,657 - INFO - Fold 1 Validation Accuracy: 0.9250
2025-01-16 00:25:56,657 - INFO - Training for fold 2/5
2025-01-16 00:25:56,758 - INFO - Epoch [1/100], Train Accuracy: 0.5740, Val Accuracy: 0.8542
2025-01-16 00:25:56,856 - INFO - Epoch [2/100], Train Accuracy: 0.9219, Val Accuracy: 0.8958
2025-01-16 00:25:56,945 - INFO - Epoch [3/100], Train Accuracy: 0.9557, Val Accuracy: 0.9208
2025-01-16 00:25:57,037 - INFO - Epoch [4/100], Train Accuracy: 0.9828, Val Accuracy: 0.9208
2025-01-16 00:25:57,124 - INFO - Epoch [5/100], Train Accuracy: 0.9911, Val Accuracy: 0.9229
2025-01-16 00:25:57,213 - INFO - Epoch [6/100], Train Accuracy: 0.9948, Val Accuracy: 0.9250
2025-01-16 00:25:57,302 - INFO - Epoch [7/100], Train Accuracy: 0.9974, Val Accuracy: 0.9187
2025-01-16 00:25:57,313 - INFO - Fold 2 Validation Accuracy: 0.9187
2025-01-16 00:25:57,313 - INFO - Training for fold 3/5
2025-01-16 00:25:57,414 - INFO - Epoch [1/100], Train Accuracy: 0.6438, Val Accuracy: 0.8750
2025-01-16 00:25:57,503 - INFO - Epoch [2/100], Train Accuracy: 0.9203, Val Accuracy: 0.9000
2025-01-16 00:25:57,591 - INFO - Epoch [3/100], Train Accuracy: 0.9630, Val Accuracy: 0.9125
2025-01-16 00:25:57,677 - INFO - Epoch [4/100], Train Accuracy: 0.9870, Val Accuracy: 0.9167
2025-01-16 00:25:57,770 - INFO - Epoch [5/100], Train Accuracy: 0.9948, Val Accuracy: 0.9187
2025-01-16 00:25:57,856 - INFO - Epoch [6/100], Train Accuracy: 0.9969, Val Accuracy: 0.9229
2025-01-16 00:25:57,950 - INFO - Epoch [7/100], Train Accuracy: 0.9995, Val Accuracy: 0.9146
2025-01-16 00:25:57,960 - INFO - Fold 3 Validation Accuracy: 0.9146
2025-01-16 00:25:57,960 - INFO - Training for fold 4/5
2025-01-16 00:25:58,082 - INFO - Epoch [1/100], Train Accuracy: 0.6484, Val Accuracy: 0.8875
2025-01-16 00:25:58,199 - INFO - Epoch [2/100], Train Accuracy: 0.9161, Val Accuracy: 0.8979
2025-01-16 00:25:58,311 - INFO - Epoch [3/100], Train Accuracy: 0.9620, Val Accuracy: 0.9292
2025-01-16 00:25:58,429 - INFO - Epoch [4/100], Train Accuracy: 0.9854, Val Accuracy: 0.9292
2025-01-16 00:25:58,525 - INFO - Epoch [5/100], Train Accuracy: 0.9917, Val Accuracy: 0.9313
2025-01-16 00:25:58,638 - INFO - Epoch [6/100], Train Accuracy: 0.9969, Val Accuracy: 0.9271
2025-01-16 00:25:58,649 - INFO - Fold 4 Validation Accuracy: 0.9271
2025-01-16 00:25:58,649 - INFO - Training for fold 5/5
2025-01-16 00:25:58,777 - INFO - Epoch [1/100], Train Accuracy: 0.6385, Val Accuracy: 0.8708
2025-01-16 00:25:58,894 - INFO - Epoch [2/100], Train Accuracy: 0.9224, Val Accuracy: 0.9042
2025-01-16 00:25:59,011 - INFO - Epoch [3/100], Train Accuracy: 0.9688, Val Accuracy: 0.9042
2025-01-16 00:25:59,129 - INFO - Epoch [4/100], Train Accuracy: 0.9839, Val Accuracy: 0.9104
2025-01-16 00:25:59,246 - INFO - Epoch [5/100], Train Accuracy: 0.9948, Val Accuracy: 0.9125
2025-01-16 00:25:59,368 - INFO - Epoch [6/100], Train Accuracy: 0.9974, Val Accuracy: 0.9167
2025-01-16 00:25:59,468 - INFO - Epoch [7/100], Train Accuracy: 0.9979, Val Accuracy: 0.9187
2025-01-16 00:25:59,600 - INFO - Epoch [8/100], Train Accuracy: 0.9990, Val Accuracy: 0.9125
2025-01-16 00:25:59,614 - INFO - Fold 5 Validation Accuracy: 0.9125
2025-01-16 00:25:59,615 - INFO - Average Validation Accuracy (Over 5 folds): 0.9196 

2025-01-16 00:25:59,757 - INFO - Training with Vectorized Data 2000 features. Dropout Rate 0.56. Dataset Size 2400. 128 neurons. Leanring Rate 0.0015
2025-01-16 00:25:59,757 - INFO - Training for fold 1/5
2025-01-16 00:25:59,882 - INFO - Epoch [1/100], Train Accuracy: 0.7047, Val Accuracy: 0.9042
2025-01-16 00:26:00,016 - INFO - Epoch [2/100], Train Accuracy: 0.9229, Val Accuracy: 0.9187
2025-01-16 00:26:00,159 - INFO - Epoch [3/100], Train Accuracy: 0.9646, Val Accuracy: 0.9354
2025-01-16 00:26:00,307 - INFO - Epoch [4/100], Train Accuracy: 0.9823, Val Accuracy: 0.9354
2025-01-16 00:26:00,435 - INFO - Epoch [5/100], Train Accuracy: 0.9927, Val Accuracy: 0.9313
2025-01-16 00:26:00,447 - INFO - Fold 1 Validation Accuracy: 0.9313
2025-01-16 00:26:00,448 - INFO - Training for fold 2/5
2025-01-16 00:26:00,581 - INFO - Epoch [1/100], Train Accuracy: 0.7016, Val Accuracy: 0.8667
2025-01-16 00:26:00,712 - INFO - Epoch [2/100], Train Accuracy: 0.9224, Val Accuracy: 0.8896
2025-01-16 00:26:00,847 - INFO - Epoch [3/100], Train Accuracy: 0.9594, Val Accuracy: 0.9208
2025-01-16 00:26:00,974 - INFO - Epoch [4/100], Train Accuracy: 0.9812, Val Accuracy: 0.9125
2025-01-16 00:26:01,096 - INFO - Epoch [5/100], Train Accuracy: 0.9911, Val Accuracy: 0.9208
2025-01-16 00:26:01,221 - INFO - Epoch [6/100], Train Accuracy: 0.9958, Val Accuracy: 0.9250
2025-01-16 00:26:01,351 - INFO - Epoch [7/100], Train Accuracy: 0.9974, Val Accuracy: 0.9208
2025-01-16 00:26:01,366 - INFO - Fold 2 Validation Accuracy: 0.9208
2025-01-16 00:26:01,366 - INFO - Training for fold 3/5
2025-01-16 00:26:01,508 - INFO - Epoch [1/100], Train Accuracy: 0.6214, Val Accuracy: 0.8771
2025-01-16 00:26:01,648 - INFO - Epoch [2/100], Train Accuracy: 0.9286, Val Accuracy: 0.8958
2025-01-16 00:26:01,785 - INFO - Epoch [3/100], Train Accuracy: 0.9677, Val Accuracy: 0.9042
2025-01-16 00:26:01,916 - INFO - Epoch [4/100], Train Accuracy: 0.9870, Val Accuracy: 0.9104
2025-01-16 00:26:02,047 - INFO - Epoch [5/100], Train Accuracy: 0.9927, Val Accuracy: 0.9229
2025-01-16 00:26:02,173 - INFO - Epoch [6/100], Train Accuracy: 0.9948, Val Accuracy: 0.9146
2025-01-16 00:26:02,186 - INFO - Fold 3 Validation Accuracy: 0.9146
2025-01-16 00:26:02,187 - INFO - Training for fold 4/5
2025-01-16 00:26:02,334 - INFO - Epoch [1/100], Train Accuracy: 0.6755, Val Accuracy: 0.8812
2025-01-16 00:26:02,461 - INFO - Epoch [2/100], Train Accuracy: 0.9208, Val Accuracy: 0.9062
2025-01-16 00:26:02,589 - INFO - Epoch [3/100], Train Accuracy: 0.9604, Val Accuracy: 0.9104
2025-01-16 00:26:02,701 - INFO - Epoch [4/100], Train Accuracy: 0.9844, Val Accuracy: 0.9167
2025-01-16 00:26:02,815 - INFO - Epoch [5/100], Train Accuracy: 0.9917, Val Accuracy: 0.9187
2025-01-16 00:26:02,930 - INFO - Epoch [6/100], Train Accuracy: 0.9964, Val Accuracy: 0.9208
2025-01-16 00:26:03,038 - INFO - Epoch [7/100], Train Accuracy: 0.9979, Val Accuracy: 0.9187
2025-01-16 00:26:03,052 - INFO - Fold 4 Validation Accuracy: 0.9187
2025-01-16 00:26:03,052 - INFO - Training for fold 5/5
2025-01-16 00:26:03,163 - INFO - Epoch [1/100], Train Accuracy: 0.6526, Val Accuracy: 0.8688
2025-01-16 00:26:03,266 - INFO - Epoch [2/100], Train Accuracy: 0.9198, Val Accuracy: 0.8917
2025-01-16 00:26:03,355 - INFO - Epoch [3/100], Train Accuracy: 0.9630, Val Accuracy: 0.9021
2025-01-16 00:26:03,451 - INFO - Epoch [4/100], Train Accuracy: 0.9833, Val Accuracy: 0.9125
2025-01-16 00:26:03,571 - INFO - Epoch [5/100], Train Accuracy: 0.9938, Val Accuracy: 0.9187
2025-01-16 00:26:03,693 - INFO - Epoch [6/100], Train Accuracy: 0.9974, Val Accuracy: 0.9208
2025-01-16 00:26:03,816 - INFO - Epoch [7/100], Train Accuracy: 0.9990, Val Accuracy: 0.9187
2025-01-16 00:26:03,830 - INFO - Fold 5 Validation Accuracy: 0.9187
2025-01-16 00:26:03,830 - INFO - Average Validation Accuracy (Over 5 folds): 0.9208 

2025-01-16 00:26:03,968 - INFO - Training with Vectorized Data 2000 features. Dropout Rate 0.56. Dataset Size 2400. 128 neurons. Leanring Rate 0.0015
2025-01-16 00:26:03,968 - INFO - Training for fold 1/5
2025-01-16 00:26:04,098 - INFO - Epoch [1/100], Train Accuracy: 0.6438, Val Accuracy: 0.8917
2025-01-16 00:26:04,220 - INFO - Epoch [2/100], Train Accuracy: 0.9193, Val Accuracy: 0.9083
2025-01-16 00:26:04,342 - INFO - Epoch [3/100], Train Accuracy: 0.9563, Val Accuracy: 0.9271
2025-01-16 00:26:04,476 - INFO - Epoch [4/100], Train Accuracy: 0.9823, Val Accuracy: 0.9313
2025-01-16 00:26:04,609 - INFO - Epoch [5/100], Train Accuracy: 0.9901, Val Accuracy: 0.9354
2025-01-16 00:26:04,709 - INFO - Epoch [6/100], Train Accuracy: 0.9958, Val Accuracy: 0.9333
2025-01-16 00:26:04,722 - INFO - Fold 1 Validation Accuracy: 0.9333
2025-01-16 00:26:04,722 - INFO - Training for fold 2/5
2025-01-16 00:26:04,857 - INFO - Epoch [1/100], Train Accuracy: 0.6802, Val Accuracy: 0.8896
2025-01-16 00:26:04,968 - INFO - Epoch [2/100], Train Accuracy: 0.9161, Val Accuracy: 0.9042
2025-01-16 00:26:05,068 - INFO - Epoch [3/100], Train Accuracy: 0.9609, Val Accuracy: 0.9187
2025-01-16 00:26:05,157 - INFO - Epoch [4/100], Train Accuracy: 0.9823, Val Accuracy: 0.9187
2025-01-16 00:26:05,247 - INFO - Epoch [5/100], Train Accuracy: 0.9917, Val Accuracy: 0.9208
2025-01-16 00:26:05,342 - INFO - Epoch [6/100], Train Accuracy: 0.9964, Val Accuracy: 0.9187
2025-01-16 00:26:05,357 - INFO - Fold 2 Validation Accuracy: 0.9187
2025-01-16 00:26:05,357 - INFO - Training for fold 3/5
2025-01-16 00:26:05,468 - INFO - Epoch [1/100], Train Accuracy: 0.6458, Val Accuracy: 0.8625
2025-01-16 00:26:05,571 - INFO - Epoch [2/100], Train Accuracy: 0.9172, Val Accuracy: 0.8854
2025-01-16 00:26:05,666 - INFO - Epoch [3/100], Train Accuracy: 0.9641, Val Accuracy: 0.9083
2025-01-16 00:26:05,769 - INFO - Epoch [4/100], Train Accuracy: 0.9833, Val Accuracy: 0.9062
2025-01-16 00:26:05,872 - INFO - Epoch [5/100], Train Accuracy: 0.9906, Val Accuracy: 0.9042
2025-01-16 00:26:05,882 - INFO - Fold 3 Validation Accuracy: 0.9042
2025-01-16 00:26:05,882 - INFO - Training for fold 4/5
2025-01-16 00:26:05,984 - INFO - Epoch [1/100], Train Accuracy: 0.5219, Val Accuracy: 0.8063
2025-01-16 00:26:06,097 - INFO - Epoch [2/100], Train Accuracy: 0.9078, Val Accuracy: 0.8979
2025-01-16 00:26:06,202 - INFO - Epoch [3/100], Train Accuracy: 0.9661, Val Accuracy: 0.9167
2025-01-16 00:26:06,310 - INFO - Epoch [4/100], Train Accuracy: 0.9849, Val Accuracy: 0.9187
2025-01-16 00:26:06,397 - INFO - Epoch [5/100], Train Accuracy: 0.9932, Val Accuracy: 0.9146
2025-01-16 00:26:06,409 - INFO - Fold 4 Validation Accuracy: 0.9146
2025-01-16 00:26:06,409 - INFO - Training for fold 5/5
2025-01-16 00:26:06,508 - INFO - Epoch [1/100], Train Accuracy: 0.7312, Val Accuracy: 0.8688
2025-01-16 00:26:06,615 - INFO - Epoch [2/100], Train Accuracy: 0.9255, Val Accuracy: 0.8812
2025-01-16 00:26:06,713 - INFO - Epoch [3/100], Train Accuracy: 0.9609, Val Accuracy: 0.9000
2025-01-16 00:26:06,805 - INFO - Epoch [4/100], Train Accuracy: 0.9839, Val Accuracy: 0.9146
2025-01-16 00:26:06,902 - INFO - Epoch [5/100], Train Accuracy: 0.9943, Val Accuracy: 0.9187
2025-01-16 00:26:07,001 - INFO - Epoch [6/100], Train Accuracy: 0.9974, Val Accuracy: 0.9250
2025-01-16 00:26:07,114 - INFO - Epoch [7/100], Train Accuracy: 0.9984, Val Accuracy: 0.9146
2025-01-16 00:26:07,125 - INFO - Fold 5 Validation Accuracy: 0.9146
2025-01-16 00:26:07,126 - INFO - Average Validation Accuracy (Over 5 folds): 0.9171 

2025-01-16 00:26:07,280 - INFO - Training with Vectorized Data 2000 features. Dropout Rate 0.56. Dataset Size 2400. 128 neurons. Leanring Rate 0.0015
2025-01-16 00:26:07,280 - INFO - Training for fold 1/5
2025-01-16 00:26:07,377 - INFO - Epoch [1/100], Train Accuracy: 0.5417, Val Accuracy: 0.8854
2025-01-16 00:26:07,475 - INFO - Epoch [2/100], Train Accuracy: 0.9240, Val Accuracy: 0.9000
2025-01-16 00:26:07,568 - INFO - Epoch [3/100], Train Accuracy: 0.9641, Val Accuracy: 0.9333
2025-01-16 00:26:07,657 - INFO - Epoch [4/100], Train Accuracy: 0.9854, Val Accuracy: 0.9313
2025-01-16 00:26:07,761 - INFO - Epoch [5/100], Train Accuracy: 0.9922, Val Accuracy: 0.9292
2025-01-16 00:26:07,776 - INFO - Fold 1 Validation Accuracy: 0.9292
2025-01-16 00:26:07,777 - INFO - Training for fold 2/5
2025-01-16 00:26:07,898 - INFO - Epoch [1/100], Train Accuracy: 0.6443, Val Accuracy: 0.8208
2025-01-16 00:26:08,003 - INFO - Epoch [2/100], Train Accuracy: 0.9010, Val Accuracy: 0.8792
2025-01-16 00:26:08,101 - INFO - Epoch [3/100], Train Accuracy: 0.9646, Val Accuracy: 0.9083
2025-01-16 00:26:08,189 - INFO - Epoch [4/100], Train Accuracy: 0.9849, Val Accuracy: 0.9146
2025-01-16 00:26:08,280 - INFO - Epoch [5/100], Train Accuracy: 0.9922, Val Accuracy: 0.9083
2025-01-16 00:26:08,291 - INFO - Fold 2 Validation Accuracy: 0.9083
2025-01-16 00:26:08,292 - INFO - Training for fold 3/5
2025-01-16 00:26:08,393 - INFO - Epoch [1/100], Train Accuracy: 0.6724, Val Accuracy: 0.8979
2025-01-16 00:26:08,491 - INFO - Epoch [2/100], Train Accuracy: 0.9146, Val Accuracy: 0.9208
2025-01-16 00:26:08,586 - INFO - Epoch [3/100], Train Accuracy: 0.9625, Val Accuracy: 0.9229
2025-01-16 00:26:08,673 - INFO - Epoch [4/100], Train Accuracy: 0.9828, Val Accuracy: 0.9187
2025-01-16 00:26:08,764 - INFO - Epoch [5/100], Train Accuracy: 0.9948, Val Accuracy: 0.9167
2025-01-16 00:26:08,776 - INFO - Fold 3 Validation Accuracy: 0.9167
2025-01-16 00:26:08,776 - INFO - Training for fold 4/5
2025-01-16 00:26:08,873 - INFO - Epoch [1/100], Train Accuracy: 0.6490, Val Accuracy: 0.8500
2025-01-16 00:26:08,956 - INFO - Epoch [2/100], Train Accuracy: 0.9260, Val Accuracy: 0.8896
2025-01-16 00:26:09,052 - INFO - Epoch [3/100], Train Accuracy: 0.9635, Val Accuracy: 0.9000
2025-01-16 00:26:09,161 - INFO - Epoch [4/100], Train Accuracy: 0.9870, Val Accuracy: 0.9146
2025-01-16 00:26:09,267 - INFO - Epoch [5/100], Train Accuracy: 0.9922, Val Accuracy: 0.9187
2025-01-16 00:26:09,378 - INFO - Epoch [6/100], Train Accuracy: 0.9948, Val Accuracy: 0.9229
2025-01-16 00:26:09,466 - INFO - Epoch [7/100], Train Accuracy: 0.9984, Val Accuracy: 0.9167
2025-01-16 00:26:09,477 - INFO - Fold 4 Validation Accuracy: 0.9167
2025-01-16 00:26:09,477 - INFO - Training for fold 5/5
2025-01-16 00:26:09,594 - INFO - Epoch [1/100], Train Accuracy: 0.6042, Val Accuracy: 0.8750
2025-01-16 00:26:09,687 - INFO - Epoch [2/100], Train Accuracy: 0.9302, Val Accuracy: 0.8812
2025-01-16 00:26:09,773 - INFO - Epoch [3/100], Train Accuracy: 0.9620, Val Accuracy: 0.8917
2025-01-16 00:26:09,873 - INFO - Epoch [4/100], Train Accuracy: 0.9823, Val Accuracy: 0.8958
2025-01-16 00:26:09,979 - INFO - Epoch [5/100], Train Accuracy: 0.9922, Val Accuracy: 0.9083
2025-01-16 00:26:10,083 - INFO - Epoch [6/100], Train Accuracy: 0.9964, Val Accuracy: 0.9104
2025-01-16 00:26:10,178 - INFO - Epoch [7/100], Train Accuracy: 0.9979, Val Accuracy: 0.9167
2025-01-16 00:26:10,282 - INFO - Epoch [8/100], Train Accuracy: 0.9984, Val Accuracy: 0.9187
2025-01-16 00:26:10,380 - INFO - Epoch [9/100], Train Accuracy: 0.9990, Val Accuracy: 0.9208
2025-01-16 00:26:10,505 - INFO - Epoch [10/100], Train Accuracy: 0.9990, Val Accuracy: 0.9208
2025-01-16 00:26:10,632 - INFO - Epoch [11/100], Train Accuracy: 0.9990, Val Accuracy: 0.9208
2025-01-16 00:26:10,753 - INFO - Epoch [12/100], Train Accuracy: 0.9990, Val Accuracy: 0.9187
2025-01-16 00:26:10,768 - INFO - Fold 5 Validation Accuracy: 0.9187
2025-01-16 00:26:10,768 - INFO - Average Validation Accuracy (Over 5 folds): 0.9179 

2025-01-16 00:26:10,910 - INFO - Training with Vectorized Data 2000 features. Dropout Rate 0.56. Dataset Size 2400. 128 neurons. Leanring Rate 0.0015
2025-01-16 00:26:10,911 - INFO - Training for fold 1/5
2025-01-16 00:26:11,072 - INFO - Epoch [1/100], Train Accuracy: 0.5839, Val Accuracy: 0.8625
2025-01-16 00:26:11,196 - INFO - Epoch [2/100], Train Accuracy: 0.9167, Val Accuracy: 0.9000
2025-01-16 00:26:11,320 - INFO - Epoch [3/100], Train Accuracy: 0.9563, Val Accuracy: 0.9187
2025-01-16 00:26:11,454 - INFO - Epoch [4/100], Train Accuracy: 0.9849, Val Accuracy: 0.9229
2025-01-16 00:26:11,570 - INFO - Epoch [5/100], Train Accuracy: 0.9885, Val Accuracy: 0.9229
2025-01-16 00:26:11,681 - INFO - Epoch [6/100], Train Accuracy: 0.9969, Val Accuracy: 0.9167
2025-01-16 00:26:11,696 - INFO - Fold 1 Validation Accuracy: 0.9167
2025-01-16 00:26:11,696 - INFO - Training for fold 2/5
2025-01-16 00:26:11,817 - INFO - Epoch [1/100], Train Accuracy: 0.5896, Val Accuracy: 0.8562
2025-01-16 00:26:11,953 - INFO - Epoch [2/100], Train Accuracy: 0.9172, Val Accuracy: 0.8812
2025-01-16 00:26:12,099 - INFO - Epoch [3/100], Train Accuracy: 0.9641, Val Accuracy: 0.8938
2025-01-16 00:26:12,285 - INFO - Epoch [4/100], Train Accuracy: 0.9839, Val Accuracy: 0.9021
2025-01-16 00:26:12,456 - INFO - Epoch [5/100], Train Accuracy: 0.9917, Val Accuracy: 0.9187
2025-01-16 00:26:12,586 - INFO - Epoch [6/100], Train Accuracy: 0.9964, Val Accuracy: 0.9187
2025-01-16 00:26:12,783 - INFO - Epoch [7/100], Train Accuracy: 0.9974, Val Accuracy: 0.9250
2025-01-16 00:26:12,974 - INFO - Epoch [8/100], Train Accuracy: 0.9984, Val Accuracy: 0.9229
2025-01-16 00:26:12,990 - INFO - Fold 2 Validation Accuracy: 0.9229
2025-01-16 00:26:12,991 - INFO - Training for fold 3/5
2025-01-16 00:26:13,231 - INFO - Epoch [1/100], Train Accuracy: 0.6318, Val Accuracy: 0.8667
2025-01-16 00:26:13,464 - INFO - Epoch [2/100], Train Accuracy: 0.9109, Val Accuracy: 0.8896
2025-01-16 00:26:13,753 - INFO - Epoch [3/100], Train Accuracy: 0.9609, Val Accuracy: 0.9042
2025-01-16 00:26:13,908 - INFO - Epoch [4/100], Train Accuracy: 0.9849, Val Accuracy: 0.9125
2025-01-16 00:26:14,025 - INFO - Epoch [5/100], Train Accuracy: 0.9927, Val Accuracy: 0.9208
2025-01-16 00:26:14,181 - INFO - Epoch [6/100], Train Accuracy: 0.9964, Val Accuracy: 0.9229
2025-01-16 00:26:14,363 - INFO - Epoch [7/100], Train Accuracy: 0.9984, Val Accuracy: 0.9229
2025-01-16 00:26:14,496 - INFO - Epoch [8/100], Train Accuracy: 0.9990, Val Accuracy: 0.9250
2025-01-16 00:26:14,624 - INFO - Epoch [9/100], Train Accuracy: 0.9990, Val Accuracy: 0.9250
2025-01-16 00:26:14,739 - INFO - Epoch [10/100], Train Accuracy: 0.9990, Val Accuracy: 0.9250
2025-01-16 00:26:14,941 - INFO - Epoch [11/100], Train Accuracy: 0.9990, Val Accuracy: 0.9250
2025-01-16 00:26:15,115 - INFO - Epoch [12/100], Train Accuracy: 0.9990, Val Accuracy: 0.9250
2025-01-16 00:26:15,216 - INFO - Epoch [13/100], Train Accuracy: 0.9990, Val Accuracy: 0.9229
2025-01-16 00:26:15,227 - INFO - Fold 3 Validation Accuracy: 0.9229
2025-01-16 00:26:15,228 - INFO - Training for fold 4/5
2025-01-16 00:26:15,356 - INFO - Epoch [1/100], Train Accuracy: 0.6323, Val Accuracy: 0.8812
2025-01-16 00:26:15,466 - INFO - Epoch [2/100], Train Accuracy: 0.9219, Val Accuracy: 0.8979
2025-01-16 00:26:15,609 - INFO - Epoch [3/100], Train Accuracy: 0.9646, Val Accuracy: 0.9146
2025-01-16 00:26:15,704 - INFO - Epoch [4/100], Train Accuracy: 0.9844, Val Accuracy: 0.9167
2025-01-16 00:26:15,801 - INFO - Epoch [5/100], Train Accuracy: 0.9901, Val Accuracy: 0.9208
2025-01-16 00:26:15,911 - INFO - Epoch [6/100], Train Accuracy: 0.9974, Val Accuracy: 0.9146
2025-01-16 00:26:15,921 - INFO - Fold 4 Validation Accuracy: 0.9146
2025-01-16 00:26:15,921 - INFO - Training for fold 5/5
2025-01-16 00:26:16,034 - INFO - Epoch [1/100], Train Accuracy: 0.6411, Val Accuracy: 0.8688
2025-01-16 00:26:16,164 - INFO - Epoch [2/100], Train Accuracy: 0.9208, Val Accuracy: 0.9062
2025-01-16 00:26:16,271 - INFO - Epoch [3/100], Train Accuracy: 0.9609, Val Accuracy: 0.9125
2025-01-16 00:26:16,388 - INFO - Epoch [4/100], Train Accuracy: 0.9849, Val Accuracy: 0.9167
2025-01-16 00:26:16,489 - INFO - Epoch [5/100], Train Accuracy: 0.9932, Val Accuracy: 0.9167
2025-01-16 00:26:16,590 - INFO - Epoch [6/100], Train Accuracy: 0.9969, Val Accuracy: 0.9146
2025-01-16 00:26:16,601 - INFO - Fold 5 Validation Accuracy: 0.9146
2025-01-16 00:26:16,602 - INFO - Average Validation Accuracy (Over 5 folds): 0.9183 

2025-01-16 00:26:16,745 - INFO - Training with Vectorized Data 2000 features. Dropout Rate 0.56. Dataset Size 2400. 128 neurons. Leanring Rate 0.0015
2025-01-16 00:26:16,745 - INFO - Training for fold 1/5
2025-01-16 00:26:16,864 - INFO - Epoch [1/100], Train Accuracy: 0.6453, Val Accuracy: 0.8708
2025-01-16 00:26:16,969 - INFO - Epoch [2/100], Train Accuracy: 0.9240, Val Accuracy: 0.8833
2025-01-16 00:26:17,077 - INFO - Epoch [3/100], Train Accuracy: 0.9625, Val Accuracy: 0.9083
2025-01-16 00:26:17,191 - INFO - Epoch [4/100], Train Accuracy: 0.9818, Val Accuracy: 0.9187
2025-01-16 00:26:17,304 - INFO - Epoch [5/100], Train Accuracy: 0.9911, Val Accuracy: 0.9146
2025-01-16 00:26:17,315 - INFO - Fold 1 Validation Accuracy: 0.9146
2025-01-16 00:26:17,315 - INFO - Training for fold 2/5
2025-01-16 00:26:17,452 - INFO - Epoch [1/100], Train Accuracy: 0.7125, Val Accuracy: 0.8625
2025-01-16 00:26:17,566 - INFO - Epoch [2/100], Train Accuracy: 0.9203, Val Accuracy: 0.9104
2025-01-16 00:26:17,673 - INFO - Epoch [3/100], Train Accuracy: 0.9609, Val Accuracy: 0.9208
2025-01-16 00:26:17,794 - INFO - Epoch [4/100], Train Accuracy: 0.9849, Val Accuracy: 0.9250
2025-01-16 00:26:17,913 - INFO - Epoch [5/100], Train Accuracy: 0.9927, Val Accuracy: 0.9271
2025-01-16 00:26:18,036 - INFO - Epoch [6/100], Train Accuracy: 0.9974, Val Accuracy: 0.9292
2025-01-16 00:26:18,155 - INFO - Epoch [7/100], Train Accuracy: 0.9995, Val Accuracy: 0.9292
2025-01-16 00:26:18,166 - INFO - Fold 2 Validation Accuracy: 0.9292
2025-01-16 00:26:18,168 - INFO - Training for fold 3/5
2025-01-16 00:26:18,314 - INFO - Epoch [1/100], Train Accuracy: 0.6068, Val Accuracy: 0.8688
2025-01-16 00:26:18,424 - INFO - Epoch [2/100], Train Accuracy: 0.9141, Val Accuracy: 0.8917
2025-01-16 00:26:18,538 - INFO - Epoch [3/100], Train Accuracy: 0.9667, Val Accuracy: 0.9104
2025-01-16 00:26:18,644 - INFO - Epoch [4/100], Train Accuracy: 0.9839, Val Accuracy: 0.9250
2025-01-16 00:26:18,751 - INFO - Epoch [5/100], Train Accuracy: 0.9922, Val Accuracy: 0.9187
2025-01-16 00:26:18,764 - INFO - Fold 3 Validation Accuracy: 0.9187
2025-01-16 00:26:18,764 - INFO - Training for fold 4/5
2025-01-16 00:26:18,900 - INFO - Epoch [1/100], Train Accuracy: 0.6500, Val Accuracy: 0.8333
2025-01-16 00:26:19,020 - INFO - Epoch [2/100], Train Accuracy: 0.9146, Val Accuracy: 0.9167
2025-01-16 00:26:19,140 - INFO - Epoch [3/100], Train Accuracy: 0.9641, Val Accuracy: 0.9313
2025-01-16 00:26:19,291 - INFO - Epoch [4/100], Train Accuracy: 0.9818, Val Accuracy: 0.9354
2025-01-16 00:26:19,399 - INFO - Epoch [5/100], Train Accuracy: 0.9901, Val Accuracy: 0.9271
2025-01-16 00:26:19,412 - INFO - Fold 4 Validation Accuracy: 0.9271
2025-01-16 00:26:19,412 - INFO - Training for fold 5/5
2025-01-16 00:26:19,546 - INFO - Epoch [1/100], Train Accuracy: 0.6818, Val Accuracy: 0.8479
2025-01-16 00:26:19,665 - INFO - Epoch [2/100], Train Accuracy: 0.9234, Val Accuracy: 0.9042
2025-01-16 00:26:19,767 - INFO - Epoch [3/100], Train Accuracy: 0.9656, Val Accuracy: 0.9104
2025-01-16 00:26:19,888 - INFO - Epoch [4/100], Train Accuracy: 0.9844, Val Accuracy: 0.9000
2025-01-16 00:26:20,012 - INFO - Epoch [5/100], Train Accuracy: 0.9932, Val Accuracy: 0.9146
2025-01-16 00:26:20,132 - INFO - Epoch [6/100], Train Accuracy: 0.9969, Val Accuracy: 0.9083
2025-01-16 00:26:20,142 - INFO - Fold 5 Validation Accuracy: 0.9083
2025-01-16 00:26:20,142 - INFO - Average Validation Accuracy (Over 5 folds): 0.9196 

2025-01-16 00:26:20,296 - INFO - Training with Vectorized Data 2000 features. Dropout Rate 0.56. Dataset Size 2400. 128 neurons. Leanring Rate 0.0015
2025-01-16 00:26:20,296 - INFO - Training for fold 1/5
2025-01-16 00:26:20,435 - INFO - Epoch [1/100], Train Accuracy: 0.6266, Val Accuracy: 0.8729
2025-01-16 00:26:20,540 - INFO - Epoch [2/100], Train Accuracy: 0.9141, Val Accuracy: 0.8833
2025-01-16 00:26:20,658 - INFO - Epoch [3/100], Train Accuracy: 0.9604, Val Accuracy: 0.8979
2025-01-16 00:26:20,781 - INFO - Epoch [4/100], Train Accuracy: 0.9818, Val Accuracy: 0.9125
2025-01-16 00:26:20,885 - INFO - Epoch [5/100], Train Accuracy: 0.9917, Val Accuracy: 0.9104
2025-01-16 00:26:20,896 - INFO - Fold 1 Validation Accuracy: 0.9104
2025-01-16 00:26:20,896 - INFO - Training for fold 2/5
2025-01-16 00:26:21,029 - INFO - Epoch [1/100], Train Accuracy: 0.7354, Val Accuracy: 0.8688
2025-01-16 00:26:21,151 - INFO - Epoch [2/100], Train Accuracy: 0.9177, Val Accuracy: 0.8875
2025-01-16 00:26:21,253 - INFO - Epoch [3/100], Train Accuracy: 0.9667, Val Accuracy: 0.9042
2025-01-16 00:26:21,369 - INFO - Epoch [4/100], Train Accuracy: 0.9859, Val Accuracy: 0.9146
2025-01-16 00:26:21,481 - INFO - Epoch [5/100], Train Accuracy: 0.9938, Val Accuracy: 0.9167
2025-01-16 00:26:21,613 - INFO - Epoch [6/100], Train Accuracy: 0.9969, Val Accuracy: 0.9125
2025-01-16 00:26:21,624 - INFO - Fold 2 Validation Accuracy: 0.9125
2025-01-16 00:26:21,624 - INFO - Training for fold 3/5
2025-01-16 00:26:21,755 - INFO - Epoch [1/100], Train Accuracy: 0.6484, Val Accuracy: 0.8667
2025-01-16 00:26:21,882 - INFO - Epoch [2/100], Train Accuracy: 0.9021, Val Accuracy: 0.8958
2025-01-16 00:26:21,994 - INFO - Epoch [3/100], Train Accuracy: 0.9625, Val Accuracy: 0.9167
2025-01-16 00:26:22,104 - INFO - Epoch [4/100], Train Accuracy: 0.9839, Val Accuracy: 0.9229
2025-01-16 00:26:22,211 - INFO - Epoch [5/100], Train Accuracy: 0.9906, Val Accuracy: 0.9208
2025-01-16 00:26:22,223 - INFO - Fold 3 Validation Accuracy: 0.9208
2025-01-16 00:26:22,223 - INFO - Training for fold 4/5
2025-01-16 00:26:22,348 - INFO - Epoch [1/100], Train Accuracy: 0.7250, Val Accuracy: 0.8646
2025-01-16 00:26:22,463 - INFO - Epoch [2/100], Train Accuracy: 0.9104, Val Accuracy: 0.9042
2025-01-16 00:26:22,579 - INFO - Epoch [3/100], Train Accuracy: 0.9604, Val Accuracy: 0.9250
2025-01-16 00:26:22,682 - INFO - Epoch [4/100], Train Accuracy: 0.9859, Val Accuracy: 0.9187
2025-01-16 00:26:22,787 - INFO - Epoch [5/100], Train Accuracy: 0.9927, Val Accuracy: 0.9333
2025-01-16 00:26:22,907 - INFO - Epoch [6/100], Train Accuracy: 0.9964, Val Accuracy: 0.9271
2025-01-16 00:26:22,921 - INFO - Fold 4 Validation Accuracy: 0.9271
2025-01-16 00:26:22,921 - INFO - Training for fold 5/5
2025-01-16 00:26:23,067 - INFO - Epoch [1/100], Train Accuracy: 0.6078, Val Accuracy: 0.8708
2025-01-16 00:26:23,182 - INFO - Epoch [2/100], Train Accuracy: 0.9250, Val Accuracy: 0.8938
2025-01-16 00:26:23,285 - INFO - Epoch [3/100], Train Accuracy: 0.9635, Val Accuracy: 0.9125
2025-01-16 00:26:23,404 - INFO - Epoch [4/100], Train Accuracy: 0.9828, Val Accuracy: 0.9167
2025-01-16 00:26:23,518 - INFO - Epoch [5/100], Train Accuracy: 0.9896, Val Accuracy: 0.9104
2025-01-16 00:26:23,638 - INFO - Epoch [6/100], Train Accuracy: 0.9953, Val Accuracy: 0.9104
2025-01-16 00:26:23,650 - INFO - Fold 5 Validation Accuracy: 0.9104
2025-01-16 00:26:23,651 - INFO - Average Validation Accuracy (Over 5 folds): 0.9163 

2025-01-16 00:26:23,799 - INFO - Training with Vectorized Data 2000 features. Dropout Rate 0.56. Dataset Size 2400. 128 neurons. Leanring Rate 0.0015
2025-01-16 00:26:23,799 - INFO - Training for fold 1/5
2025-01-16 00:26:23,934 - INFO - Epoch [1/100], Train Accuracy: 0.7000, Val Accuracy: 0.8604
2025-01-16 00:26:24,051 - INFO - Epoch [2/100], Train Accuracy: 0.9344, Val Accuracy: 0.8833
2025-01-16 00:26:24,164 - INFO - Epoch [3/100], Train Accuracy: 0.9646, Val Accuracy: 0.8979
2025-01-16 00:26:24,280 - INFO - Epoch [4/100], Train Accuracy: 0.9833, Val Accuracy: 0.9083
2025-01-16 00:26:24,384 - INFO - Epoch [5/100], Train Accuracy: 0.9911, Val Accuracy: 0.9146
2025-01-16 00:26:24,483 - INFO - Epoch [6/100], Train Accuracy: 0.9958, Val Accuracy: 0.9104
2025-01-16 00:26:24,498 - INFO - Fold 1 Validation Accuracy: 0.9104
2025-01-16 00:26:24,499 - INFO - Training for fold 2/5
2025-01-16 00:26:24,631 - INFO - Epoch [1/100], Train Accuracy: 0.6979, Val Accuracy: 0.8750
2025-01-16 00:26:24,728 - INFO - Epoch [2/100], Train Accuracy: 0.9177, Val Accuracy: 0.9000
2025-01-16 00:26:24,828 - INFO - Epoch [3/100], Train Accuracy: 0.9661, Val Accuracy: 0.9229
2025-01-16 00:26:24,931 - INFO - Epoch [4/100], Train Accuracy: 0.9833, Val Accuracy: 0.9208
2025-01-16 00:26:25,033 - INFO - Epoch [5/100], Train Accuracy: 0.9943, Val Accuracy: 0.9229
2025-01-16 00:26:25,135 - INFO - Epoch [6/100], Train Accuracy: 0.9984, Val Accuracy: 0.9187
2025-01-16 00:26:25,148 - INFO - Fold 2 Validation Accuracy: 0.9187
2025-01-16 00:26:25,148 - INFO - Training for fold 3/5
2025-01-16 00:26:25,270 - INFO - Epoch [1/100], Train Accuracy: 0.6260, Val Accuracy: 0.8833
2025-01-16 00:26:25,372 - INFO - Epoch [2/100], Train Accuracy: 0.9208, Val Accuracy: 0.8958
2025-01-16 00:26:25,472 - INFO - Epoch [3/100], Train Accuracy: 0.9630, Val Accuracy: 0.9167
2025-01-16 00:26:25,582 - INFO - Epoch [4/100], Train Accuracy: 0.9833, Val Accuracy: 0.9292
2025-01-16 00:26:25,686 - INFO - Epoch [5/100], Train Accuracy: 0.9922, Val Accuracy: 0.9313
2025-01-16 00:26:25,784 - INFO - Epoch [6/100], Train Accuracy: 0.9969, Val Accuracy: 0.9292
2025-01-16 00:26:25,801 - INFO - Fold 3 Validation Accuracy: 0.9292
2025-01-16 00:26:25,801 - INFO - Training for fold 4/5
2025-01-16 00:26:25,931 - INFO - Epoch [1/100], Train Accuracy: 0.5865, Val Accuracy: 0.8458
2025-01-16 00:26:26,031 - INFO - Epoch [2/100], Train Accuracy: 0.9125, Val Accuracy: 0.8854
2025-01-16 00:26:26,133 - INFO - Epoch [3/100], Train Accuracy: 0.9635, Val Accuracy: 0.8938
2025-01-16 00:26:26,229 - INFO - Epoch [4/100], Train Accuracy: 0.9833, Val Accuracy: 0.9000
2025-01-16 00:26:26,332 - INFO - Epoch [5/100], Train Accuracy: 0.9911, Val Accuracy: 0.9021
2025-01-16 00:26:26,453 - INFO - Epoch [6/100], Train Accuracy: 0.9953, Val Accuracy: 0.9000
2025-01-16 00:26:26,466 - INFO - Fold 4 Validation Accuracy: 0.9000
2025-01-16 00:26:26,466 - INFO - Training for fold 5/5
2025-01-16 00:26:26,603 - INFO - Epoch [1/100], Train Accuracy: 0.5344, Val Accuracy: 0.8271
2025-01-16 00:26:26,706 - INFO - Epoch [2/100], Train Accuracy: 0.9078, Val Accuracy: 0.9104
2025-01-16 00:26:26,805 - INFO - Epoch [3/100], Train Accuracy: 0.9604, Val Accuracy: 0.9313
2025-01-16 00:26:26,907 - INFO - Epoch [4/100], Train Accuracy: 0.9859, Val Accuracy: 0.9354
2025-01-16 00:26:27,004 - INFO - Epoch [5/100], Train Accuracy: 0.9922, Val Accuracy: 0.9375
2025-01-16 00:26:27,104 - INFO - Epoch [6/100], Train Accuracy: 0.9974, Val Accuracy: 0.9208
2025-01-16 00:26:27,118 - INFO - Fold 5 Validation Accuracy: 0.9208
2025-01-16 00:26:27,118 - INFO - Average Validation Accuracy (Over 5 folds): 0.9158 

2025-01-16 00:26:27,266 - INFO - Training with Vectorized Data 2000 features. Dropout Rate 0.56. Dataset Size 2400. 128 neurons. Leanring Rate 0.0015
2025-01-16 00:26:27,266 - INFO - Training for fold 1/5
2025-01-16 00:26:27,397 - INFO - Epoch [1/100], Train Accuracy: 0.7115, Val Accuracy: 0.8708
2025-01-16 00:26:27,507 - INFO - Epoch [2/100], Train Accuracy: 0.9156, Val Accuracy: 0.8854
2025-01-16 00:26:27,615 - INFO - Epoch [3/100], Train Accuracy: 0.9604, Val Accuracy: 0.9187
2025-01-16 00:26:27,717 - INFO - Epoch [4/100], Train Accuracy: 0.9854, Val Accuracy: 0.9167
2025-01-16 00:26:27,820 - INFO - Epoch [5/100], Train Accuracy: 0.9906, Val Accuracy: 0.9187
2025-01-16 00:26:27,924 - INFO - Epoch [6/100], Train Accuracy: 0.9974, Val Accuracy: 0.9125
2025-01-16 00:26:27,934 - INFO - Fold 1 Validation Accuracy: 0.9125
2025-01-16 00:26:27,935 - INFO - Training for fold 2/5
2025-01-16 00:26:28,065 - INFO - Epoch [1/100], Train Accuracy: 0.7302, Val Accuracy: 0.8958
2025-01-16 00:26:28,167 - INFO - Epoch [2/100], Train Accuracy: 0.9214, Val Accuracy: 0.8979
2025-01-16 00:26:28,271 - INFO - Epoch [3/100], Train Accuracy: 0.9656, Val Accuracy: 0.9062
2025-01-16 00:26:28,373 - INFO - Epoch [4/100], Train Accuracy: 0.9818, Val Accuracy: 0.9125
2025-01-16 00:26:28,479 - INFO - Epoch [5/100], Train Accuracy: 0.9927, Val Accuracy: 0.9062
2025-01-16 00:26:28,491 - INFO - Fold 2 Validation Accuracy: 0.9062
2025-01-16 00:26:28,491 - INFO - Training for fold 3/5
2025-01-16 00:26:28,624 - INFO - Epoch [1/100], Train Accuracy: 0.7125, Val Accuracy: 0.8854
2025-01-16 00:26:28,740 - INFO - Epoch [2/100], Train Accuracy: 0.9198, Val Accuracy: 0.9167
2025-01-16 00:26:28,847 - INFO - Epoch [3/100], Train Accuracy: 0.9609, Val Accuracy: 0.9208
2025-01-16 00:26:28,947 - INFO - Epoch [4/100], Train Accuracy: 0.9828, Val Accuracy: 0.9167
2025-01-16 00:26:29,056 - INFO - Epoch [5/100], Train Accuracy: 0.9927, Val Accuracy: 0.9187
2025-01-16 00:26:29,068 - INFO - Fold 3 Validation Accuracy: 0.9187
2025-01-16 00:26:29,068 - INFO - Training for fold 4/5
2025-01-16 00:26:29,201 - INFO - Epoch [1/100], Train Accuracy: 0.6333, Val Accuracy: 0.8625
2025-01-16 00:26:29,307 - INFO - Epoch [2/100], Train Accuracy: 0.9151, Val Accuracy: 0.8833
2025-01-16 00:26:29,403 - INFO - Epoch [3/100], Train Accuracy: 0.9594, Val Accuracy: 0.9042
2025-01-16 00:26:29,508 - INFO - Epoch [4/100], Train Accuracy: 0.9828, Val Accuracy: 0.9062
2025-01-16 00:26:29,609 - INFO - Epoch [5/100], Train Accuracy: 0.9927, Val Accuracy: 0.9229
2025-01-16 00:26:29,708 - INFO - Epoch [6/100], Train Accuracy: 0.9964, Val Accuracy: 0.9167
2025-01-16 00:26:29,721 - INFO - Fold 4 Validation Accuracy: 0.9167
2025-01-16 00:26:29,721 - INFO - Training for fold 5/5
2025-01-16 00:26:29,859 - INFO - Epoch [1/100], Train Accuracy: 0.6177, Val Accuracy: 0.9021
2025-01-16 00:26:29,957 - INFO - Epoch [2/100], Train Accuracy: 0.9167, Val Accuracy: 0.9146
2025-01-16 00:26:30,063 - INFO - Epoch [3/100], Train Accuracy: 0.9599, Val Accuracy: 0.9208
2025-01-16 00:26:30,159 - INFO - Epoch [4/100], Train Accuracy: 0.9828, Val Accuracy: 0.9333
2025-01-16 00:26:30,258 - INFO - Epoch [5/100], Train Accuracy: 0.9927, Val Accuracy: 0.9313
2025-01-16 00:26:30,270 - INFO - Fold 5 Validation Accuracy: 0.9313
2025-01-16 00:26:30,270 - INFO - Average Validation Accuracy (Over 5 folds): 0.9171 

2025-01-16 00:26:30,414 - INFO - Training with Vectorized Data 2000 features. Dropout Rate 0.56. Dataset Size 2400. 128 neurons. Leanring Rate 0.0015
2025-01-16 00:26:30,415 - INFO - Training for fold 1/5
2025-01-16 00:26:30,543 - INFO - Epoch [1/100], Train Accuracy: 0.7422, Val Accuracy: 0.8104
2025-01-16 00:26:30,648 - INFO - Epoch [2/100], Train Accuracy: 0.8948, Val Accuracy: 0.9042
2025-01-16 00:26:30,746 - INFO - Epoch [3/100], Train Accuracy: 0.9620, Val Accuracy: 0.9208
2025-01-16 00:26:30,841 - INFO - Epoch [4/100], Train Accuracy: 0.9854, Val Accuracy: 0.9271
2025-01-16 00:26:30,950 - INFO - Epoch [5/100], Train Accuracy: 0.9906, Val Accuracy: 0.9271
2025-01-16 00:26:31,054 - INFO - Epoch [6/100], Train Accuracy: 0.9984, Val Accuracy: 0.9271
2025-01-16 00:26:31,166 - INFO - Epoch [7/100], Train Accuracy: 0.9995, Val Accuracy: 0.9250
2025-01-16 00:26:31,176 - INFO - Fold 1 Validation Accuracy: 0.9250
2025-01-16 00:26:31,177 - INFO - Training for fold 2/5
2025-01-16 00:26:31,311 - INFO - Epoch [1/100], Train Accuracy: 0.6562, Val Accuracy: 0.8771
2025-01-16 00:26:31,411 - INFO - Epoch [2/100], Train Accuracy: 0.9219, Val Accuracy: 0.8917
2025-01-16 00:26:31,507 - INFO - Epoch [3/100], Train Accuracy: 0.9635, Val Accuracy: 0.9021
2025-01-16 00:26:31,612 - INFO - Epoch [4/100], Train Accuracy: 0.9849, Val Accuracy: 0.9083
2025-01-16 00:26:31,707 - INFO - Epoch [5/100], Train Accuracy: 0.9938, Val Accuracy: 0.9146
2025-01-16 00:26:31,807 - INFO - Epoch [6/100], Train Accuracy: 0.9974, Val Accuracy: 0.9104
2025-01-16 00:26:31,819 - INFO - Fold 2 Validation Accuracy: 0.9104
2025-01-16 00:26:31,820 - INFO - Training for fold 3/5
2025-01-16 00:26:31,949 - INFO - Epoch [1/100], Train Accuracy: 0.6651, Val Accuracy: 0.8958
2025-01-16 00:26:32,054 - INFO - Epoch [2/100], Train Accuracy: 0.9198, Val Accuracy: 0.9208
2025-01-16 00:26:32,154 - INFO - Epoch [3/100], Train Accuracy: 0.9583, Val Accuracy: 0.9292
2025-01-16 00:26:32,252 - INFO - Epoch [4/100], Train Accuracy: 0.9833, Val Accuracy: 0.9458
2025-01-16 00:26:32,351 - INFO - Epoch [5/100], Train Accuracy: 0.9922, Val Accuracy: 0.9437
2025-01-16 00:26:32,362 - INFO - Fold 3 Validation Accuracy: 0.9437
2025-01-16 00:26:32,362 - INFO - Training for fold 4/5
2025-01-16 00:26:32,495 - INFO - Epoch [1/100], Train Accuracy: 0.5891, Val Accuracy: 0.8250
2025-01-16 00:26:32,597 - INFO - Epoch [2/100], Train Accuracy: 0.9156, Val Accuracy: 0.8812
2025-01-16 00:26:32,700 - INFO - Epoch [3/100], Train Accuracy: 0.9667, Val Accuracy: 0.8979
2025-01-16 00:26:32,804 - INFO - Epoch [4/100], Train Accuracy: 0.9854, Val Accuracy: 0.9021
2025-01-16 00:26:32,906 - INFO - Epoch [5/100], Train Accuracy: 0.9927, Val Accuracy: 0.9021
2025-01-16 00:26:33,013 - INFO - Epoch [6/100], Train Accuracy: 0.9964, Val Accuracy: 0.9062
2025-01-16 00:26:33,121 - INFO - Epoch [7/100], Train Accuracy: 0.9979, Val Accuracy: 0.9104
2025-01-16 00:26:33,224 - INFO - Epoch [8/100], Train Accuracy: 0.9979, Val Accuracy: 0.9083
2025-01-16 00:26:33,238 - INFO - Fold 4 Validation Accuracy: 0.9083
2025-01-16 00:26:33,238 - INFO - Training for fold 5/5
2025-01-16 00:26:33,366 - INFO - Epoch [1/100], Train Accuracy: 0.6583, Val Accuracy: 0.8854
2025-01-16 00:26:33,470 - INFO - Epoch [2/100], Train Accuracy: 0.9120, Val Accuracy: 0.8958
2025-01-16 00:26:33,581 - INFO - Epoch [3/100], Train Accuracy: 0.9568, Val Accuracy: 0.9229
2025-01-16 00:26:33,678 - INFO - Epoch [4/100], Train Accuracy: 0.9833, Val Accuracy: 0.9271
2025-01-16 00:26:33,784 - INFO - Epoch [5/100], Train Accuracy: 0.9927, Val Accuracy: 0.9250
2025-01-16 00:26:33,798 - INFO - Fold 5 Validation Accuracy: 0.9250
2025-01-16 00:26:33,798 - INFO - Average Validation Accuracy (Over 5 folds): 0.9225 

2025-01-16 00:26:33,942 - INFO - Training with Vectorized Data 2000 features. Dropout Rate 0.56. Dataset Size 2400. 128 neurons. Leanring Rate 0.0015
2025-01-16 00:26:33,942 - INFO - Training for fold 1/5
2025-01-16 00:26:34,082 - INFO - Epoch [1/100], Train Accuracy: 0.7354, Val Accuracy: 0.8833
2025-01-16 00:26:34,188 - INFO - Epoch [2/100], Train Accuracy: 0.9224, Val Accuracy: 0.9062
2025-01-16 00:26:34,303 - INFO - Epoch [3/100], Train Accuracy: 0.9641, Val Accuracy: 0.9292
2025-01-16 00:26:34,406 - INFO - Epoch [4/100], Train Accuracy: 0.9859, Val Accuracy: 0.9375
2025-01-16 00:26:34,529 - INFO - Epoch [5/100], Train Accuracy: 0.9932, Val Accuracy: 0.9354
2025-01-16 00:26:34,539 - INFO - Fold 1 Validation Accuracy: 0.9354
2025-01-16 00:26:34,539 - INFO - Training for fold 2/5
2025-01-16 00:26:34,679 - INFO - Epoch [1/100], Train Accuracy: 0.6599, Val Accuracy: 0.8313
2025-01-16 00:26:34,786 - INFO - Epoch [2/100], Train Accuracy: 0.9167, Val Accuracy: 0.8833
2025-01-16 00:26:34,902 - INFO - Epoch [3/100], Train Accuracy: 0.9609, Val Accuracy: 0.9000
2025-01-16 00:26:35,012 - INFO - Epoch [4/100], Train Accuracy: 0.9818, Val Accuracy: 0.9104
2025-01-16 00:26:35,121 - INFO - Epoch [5/100], Train Accuracy: 0.9927, Val Accuracy: 0.9104
2025-01-16 00:26:35,224 - INFO - Epoch [6/100], Train Accuracy: 0.9969, Val Accuracy: 0.9062
2025-01-16 00:26:35,236 - INFO - Fold 2 Validation Accuracy: 0.9062
2025-01-16 00:26:35,236 - INFO - Training for fold 3/5
2025-01-16 00:26:35,371 - INFO - Epoch [1/100], Train Accuracy: 0.6687, Val Accuracy: 0.8688
2025-01-16 00:26:35,483 - INFO - Epoch [2/100], Train Accuracy: 0.9182, Val Accuracy: 0.9042
2025-01-16 00:26:35,592 - INFO - Epoch [3/100], Train Accuracy: 0.9667, Val Accuracy: 0.9167
2025-01-16 00:26:35,695 - INFO - Epoch [4/100], Train Accuracy: 0.9859, Val Accuracy: 0.9187
2025-01-16 00:26:35,809 - INFO - Epoch [5/100], Train Accuracy: 0.9922, Val Accuracy: 0.9083
2025-01-16 00:26:35,821 - INFO - Fold 3 Validation Accuracy: 0.9083
2025-01-16 00:26:35,822 - INFO - Training for fold 4/5
2025-01-16 00:26:35,955 - INFO - Epoch [1/100], Train Accuracy: 0.6599, Val Accuracy: 0.8958
2025-01-16 00:26:36,069 - INFO - Epoch [2/100], Train Accuracy: 0.9208, Val Accuracy: 0.9146
2025-01-16 00:26:36,177 - INFO - Epoch [3/100], Train Accuracy: 0.9563, Val Accuracy: 0.9229
2025-01-16 00:26:36,286 - INFO - Epoch [4/100], Train Accuracy: 0.9828, Val Accuracy: 0.9271
2025-01-16 00:26:36,390 - INFO - Epoch [5/100], Train Accuracy: 0.9917, Val Accuracy: 0.9250
2025-01-16 00:26:36,402 - INFO - Fold 4 Validation Accuracy: 0.9250
2025-01-16 00:26:36,403 - INFO - Training for fold 5/5
2025-01-16 00:26:36,552 - INFO - Epoch [1/100], Train Accuracy: 0.6521, Val Accuracy: 0.8479
2025-01-16 00:26:36,664 - INFO - Epoch [2/100], Train Accuracy: 0.9214, Val Accuracy: 0.8812
2025-01-16 00:26:36,768 - INFO - Epoch [3/100], Train Accuracy: 0.9604, Val Accuracy: 0.9000
2025-01-16 00:26:36,872 - INFO - Epoch [4/100], Train Accuracy: 0.9844, Val Accuracy: 0.9083
2025-01-16 00:26:36,974 - INFO - Epoch [5/100], Train Accuracy: 0.9911, Val Accuracy: 0.9000
2025-01-16 00:26:36,986 - INFO - Fold 5 Validation Accuracy: 0.9000
2025-01-16 00:26:36,986 - INFO - Average Validation Accuracy (Over 5 folds): 0.9150 

2025-01-16 00:26:37,133 - INFO - Training with Vectorized Data 2000 features. Dropout Rate 0.56. Dataset Size 2400. 128 neurons. Leanring Rate 0.0015
2025-01-16 00:26:37,133 - INFO - Training for fold 1/5
2025-01-16 00:26:37,260 - INFO - Epoch [1/100], Train Accuracy: 0.5901, Val Accuracy: 0.8396
2025-01-16 00:26:37,359 - INFO - Epoch [2/100], Train Accuracy: 0.9125, Val Accuracy: 0.9021
2025-01-16 00:26:37,457 - INFO - Epoch [3/100], Train Accuracy: 0.9599, Val Accuracy: 0.9208
2025-01-16 00:26:37,564 - INFO - Epoch [4/100], Train Accuracy: 0.9833, Val Accuracy: 0.9271
2025-01-16 00:26:37,662 - INFO - Epoch [5/100], Train Accuracy: 0.9943, Val Accuracy: 0.9292
2025-01-16 00:26:37,758 - INFO - Epoch [6/100], Train Accuracy: 0.9979, Val Accuracy: 0.9271
2025-01-16 00:26:37,771 - INFO - Fold 1 Validation Accuracy: 0.9271
2025-01-16 00:26:37,771 - INFO - Training for fold 2/5
2025-01-16 00:26:37,902 - INFO - Epoch [1/100], Train Accuracy: 0.5745, Val Accuracy: 0.8479
2025-01-16 00:26:38,004 - INFO - Epoch [2/100], Train Accuracy: 0.9151, Val Accuracy: 0.8958
2025-01-16 00:26:38,105 - INFO - Epoch [3/100], Train Accuracy: 0.9615, Val Accuracy: 0.9125
2025-01-16 00:26:38,203 - INFO - Epoch [4/100], Train Accuracy: 0.9839, Val Accuracy: 0.9167
2025-01-16 00:26:38,304 - INFO - Epoch [5/100], Train Accuracy: 0.9922, Val Accuracy: 0.9208
2025-01-16 00:26:38,407 - INFO - Epoch [6/100], Train Accuracy: 0.9964, Val Accuracy: 0.9250
2025-01-16 00:26:38,513 - INFO - Epoch [7/100], Train Accuracy: 0.9979, Val Accuracy: 0.9250
2025-01-16 00:26:38,615 - INFO - Epoch [8/100], Train Accuracy: 0.9995, Val Accuracy: 0.9250
2025-01-16 00:26:38,629 - INFO - Fold 2 Validation Accuracy: 0.9250
2025-01-16 00:26:38,629 - INFO - Training for fold 3/5
2025-01-16 00:26:38,749 - INFO - Epoch [1/100], Train Accuracy: 0.6604, Val Accuracy: 0.8458
2025-01-16 00:26:38,850 - INFO - Epoch [2/100], Train Accuracy: 0.9130, Val Accuracy: 0.8938
2025-01-16 00:26:38,949 - INFO - Epoch [3/100], Train Accuracy: 0.9615, Val Accuracy: 0.9146
2025-01-16 00:26:39,047 - INFO - Epoch [4/100], Train Accuracy: 0.9839, Val Accuracy: 0.9083
2025-01-16 00:26:39,153 - INFO - Epoch [5/100], Train Accuracy: 0.9932, Val Accuracy: 0.9062
2025-01-16 00:26:39,165 - INFO - Fold 3 Validation Accuracy: 0.9062
2025-01-16 00:26:39,165 - INFO - Training for fold 4/5
2025-01-16 00:26:39,288 - INFO - Epoch [1/100], Train Accuracy: 0.6865, Val Accuracy: 0.8938
2025-01-16 00:26:39,388 - INFO - Epoch [2/100], Train Accuracy: 0.9203, Val Accuracy: 0.9125
2025-01-16 00:26:39,488 - INFO - Epoch [3/100], Train Accuracy: 0.9641, Val Accuracy: 0.9250
2025-01-16 00:26:39,596 - INFO - Epoch [4/100], Train Accuracy: 0.9828, Val Accuracy: 0.9167
2025-01-16 00:26:39,695 - INFO - Epoch [5/100], Train Accuracy: 0.9911, Val Accuracy: 0.9250
2025-01-16 00:26:39,796 - INFO - Epoch [6/100], Train Accuracy: 0.9964, Val Accuracy: 0.9292
2025-01-16 00:26:39,897 - INFO - Epoch [7/100], Train Accuracy: 0.9979, Val Accuracy: 0.9313
2025-01-16 00:26:39,998 - INFO - Epoch [8/100], Train Accuracy: 0.9984, Val Accuracy: 0.9292
2025-01-16 00:26:40,014 - INFO - Fold 4 Validation Accuracy: 0.9292
2025-01-16 00:26:40,014 - INFO - Training for fold 5/5
2025-01-16 00:26:40,141 - INFO - Epoch [1/100], Train Accuracy: 0.6484, Val Accuracy: 0.8812
2025-01-16 00:26:40,240 - INFO - Epoch [2/100], Train Accuracy: 0.9167, Val Accuracy: 0.8938
2025-01-16 00:26:40,343 - INFO - Epoch [3/100], Train Accuracy: 0.9557, Val Accuracy: 0.9021
2025-01-16 00:26:40,444 - INFO - Epoch [4/100], Train Accuracy: 0.9792, Val Accuracy: 0.9146
2025-01-16 00:26:40,544 - INFO - Epoch [5/100], Train Accuracy: 0.9932, Val Accuracy: 0.9125
2025-01-16 00:26:40,555 - INFO - Fold 5 Validation Accuracy: 0.9125
2025-01-16 00:26:40,555 - INFO - Average Validation Accuracy (Over 5 folds): 0.9200 

2025-01-16 00:26:40,697 - INFO - Training with Vectorized Data 2000 features. Dropout Rate 0.56. Dataset Size 2400. 128 neurons. Leanring Rate 0.0015
2025-01-16 00:26:40,697 - INFO - Training for fold 1/5
2025-01-16 00:26:40,818 - INFO - Epoch [1/100], Train Accuracy: 0.5687, Val Accuracy: 0.8833
2025-01-16 00:26:40,919 - INFO - Epoch [2/100], Train Accuracy: 0.9125, Val Accuracy: 0.9229
2025-01-16 00:26:41,028 - INFO - Epoch [3/100], Train Accuracy: 0.9615, Val Accuracy: 0.9271
2025-01-16 00:26:41,147 - INFO - Epoch [4/100], Train Accuracy: 0.9823, Val Accuracy: 0.9271
2025-01-16 00:26:41,275 - INFO - Epoch [5/100], Train Accuracy: 0.9932, Val Accuracy: 0.9229
2025-01-16 00:26:41,286 - INFO - Fold 1 Validation Accuracy: 0.9229
2025-01-16 00:26:41,287 - INFO - Training for fold 2/5
2025-01-16 00:26:41,433 - INFO - Epoch [1/100], Train Accuracy: 0.6375, Val Accuracy: 0.8708
2025-01-16 00:26:41,553 - INFO - Epoch [2/100], Train Accuracy: 0.9292, Val Accuracy: 0.8854
2025-01-16 00:26:41,672 - INFO - Epoch [3/100], Train Accuracy: 0.9615, Val Accuracy: 0.9125
2025-01-16 00:26:41,786 - INFO - Epoch [4/100], Train Accuracy: 0.9823, Val Accuracy: 0.9083
2025-01-16 00:26:41,907 - INFO - Epoch [5/100], Train Accuracy: 0.9917, Val Accuracy: 0.9125
2025-01-16 00:26:42,019 - INFO - Epoch [6/100], Train Accuracy: 0.9964, Val Accuracy: 0.9187
2025-01-16 00:26:42,135 - INFO - Epoch [7/100], Train Accuracy: 0.9979, Val Accuracy: 0.9146
2025-01-16 00:26:42,148 - INFO - Fold 2 Validation Accuracy: 0.9146
2025-01-16 00:26:42,148 - INFO - Training for fold 3/5
2025-01-16 00:26:42,289 - INFO - Epoch [1/100], Train Accuracy: 0.6620, Val Accuracy: 0.8833
2025-01-16 00:26:42,410 - INFO - Epoch [2/100], Train Accuracy: 0.9141, Val Accuracy: 0.9125
2025-01-16 00:26:42,526 - INFO - Epoch [3/100], Train Accuracy: 0.9630, Val Accuracy: 0.9313
2025-01-16 00:26:42,655 - INFO - Epoch [4/100], Train Accuracy: 0.9833, Val Accuracy: 0.9417
2025-01-16 00:26:42,779 - INFO - Epoch [5/100], Train Accuracy: 0.9927, Val Accuracy: 0.9313
2025-01-16 00:26:42,790 - INFO - Fold 3 Validation Accuracy: 0.9313
2025-01-16 00:26:42,790 - INFO - Training for fold 4/5
2025-01-16 00:26:42,933 - INFO - Epoch [1/100], Train Accuracy: 0.6266, Val Accuracy: 0.8875
2025-01-16 00:26:43,052 - INFO - Epoch [2/100], Train Accuracy: 0.9276, Val Accuracy: 0.8938
2025-01-16 00:26:43,172 - INFO - Epoch [3/100], Train Accuracy: 0.9625, Val Accuracy: 0.9250
2025-01-16 00:26:43,290 - INFO - Epoch [4/100], Train Accuracy: 0.9885, Val Accuracy: 0.9271
2025-01-16 00:26:43,417 - INFO - Epoch [5/100], Train Accuracy: 0.9922, Val Accuracy: 0.9313
2025-01-16 00:26:43,539 - INFO - Epoch [6/100], Train Accuracy: 0.9953, Val Accuracy: 0.9313
2025-01-16 00:26:43,659 - INFO - Epoch [7/100], Train Accuracy: 0.9990, Val Accuracy: 0.9313
2025-01-16 00:26:43,772 - INFO - Epoch [8/100], Train Accuracy: 0.9990, Val Accuracy: 0.9292
2025-01-16 00:26:43,785 - INFO - Fold 4 Validation Accuracy: 0.9292
2025-01-16 00:26:43,785 - INFO - Training for fold 5/5
2025-01-16 00:26:43,920 - INFO - Epoch [1/100], Train Accuracy: 0.6776, Val Accuracy: 0.8771
2025-01-16 00:26:44,047 - INFO - Epoch [2/100], Train Accuracy: 0.9182, Val Accuracy: 0.8875
2025-01-16 00:26:44,168 - INFO - Epoch [3/100], Train Accuracy: 0.9677, Val Accuracy: 0.9000
2025-01-16 00:26:44,285 - INFO - Epoch [4/100], Train Accuracy: 0.9823, Val Accuracy: 0.9125
2025-01-16 00:26:44,416 - INFO - Epoch [5/100], Train Accuracy: 0.9927, Val Accuracy: 0.9187
2025-01-16 00:26:44,541 - INFO - Epoch [6/100], Train Accuracy: 0.9958, Val Accuracy: 0.9187
2025-01-16 00:26:44,671 - INFO - Epoch [7/100], Train Accuracy: 0.9990, Val Accuracy: 0.9187
2025-01-16 00:26:44,797 - INFO - Epoch [8/100], Train Accuracy: 1.0000, Val Accuracy: 0.9250
2025-01-16 00:26:44,809 - INFO - Fold 5 Validation Accuracy: 0.9250
2025-01-16 00:26:44,810 - INFO - Average Validation Accuracy (Over 5 folds): 0.9246 

2025-01-16 00:26:44,955 - INFO - Training with Vectorized Data 2000 features. Dropout Rate 0.56. Dataset Size 2400. 128 neurons. Leanring Rate 0.0015
2025-01-16 00:26:44,955 - INFO - Training for fold 1/5
2025-01-16 00:26:45,109 - INFO - Epoch [1/100], Train Accuracy: 0.5964, Val Accuracy: 0.9062
2025-01-16 00:26:45,229 - INFO - Epoch [2/100], Train Accuracy: 0.9214, Val Accuracy: 0.9083
2025-01-16 00:26:45,336 - INFO - Epoch [3/100], Train Accuracy: 0.9667, Val Accuracy: 0.9187
2025-01-16 00:26:45,453 - INFO - Epoch [4/100], Train Accuracy: 0.9875, Val Accuracy: 0.9104
2025-01-16 00:26:45,567 - INFO - Epoch [5/100], Train Accuracy: 0.9938, Val Accuracy: 0.9104
2025-01-16 00:26:45,582 - INFO - Fold 1 Validation Accuracy: 0.9104
2025-01-16 00:26:45,582 - INFO - Training for fold 2/5
2025-01-16 00:26:45,717 - INFO - Epoch [1/100], Train Accuracy: 0.6557, Val Accuracy: 0.8458
2025-01-16 00:26:45,819 - INFO - Epoch [2/100], Train Accuracy: 0.9187, Val Accuracy: 0.8667
2025-01-16 00:26:45,921 - INFO - Epoch [3/100], Train Accuracy: 0.9641, Val Accuracy: 0.8854
2025-01-16 00:26:46,022 - INFO - Epoch [4/100], Train Accuracy: 0.9833, Val Accuracy: 0.9000
2025-01-16 00:26:46,124 - INFO - Epoch [5/100], Train Accuracy: 0.9906, Val Accuracy: 0.8958
2025-01-16 00:26:46,136 - INFO - Fold 2 Validation Accuracy: 0.8958
2025-01-16 00:26:46,136 - INFO - Training for fold 3/5
2025-01-16 00:26:46,261 - INFO - Epoch [1/100], Train Accuracy: 0.6260, Val Accuracy: 0.8917
2025-01-16 00:26:46,362 - INFO - Epoch [2/100], Train Accuracy: 0.9130, Val Accuracy: 0.9187
2025-01-16 00:26:46,466 - INFO - Epoch [3/100], Train Accuracy: 0.9547, Val Accuracy: 0.9250
2025-01-16 00:26:46,674 - INFO - Epoch [4/100], Train Accuracy: 0.9833, Val Accuracy: 0.9292
2025-01-16 00:26:46,861 - INFO - Epoch [5/100], Train Accuracy: 0.9911, Val Accuracy: 0.9271
2025-01-16 00:26:46,886 - INFO - Fold 3 Validation Accuracy: 0.9271
2025-01-16 00:26:46,887 - INFO - Training for fold 4/5
2025-01-16 00:26:47,064 - INFO - Epoch [1/100], Train Accuracy: 0.6604, Val Accuracy: 0.8979
2025-01-16 00:26:47,165 - INFO - Epoch [2/100], Train Accuracy: 0.9146, Val Accuracy: 0.9104
2025-01-16 00:26:47,270 - INFO - Epoch [3/100], Train Accuracy: 0.9615, Val Accuracy: 0.9333
2025-01-16 00:26:47,367 - INFO - Epoch [4/100], Train Accuracy: 0.9839, Val Accuracy: 0.9292
2025-01-16 00:26:47,467 - INFO - Epoch [5/100], Train Accuracy: 0.9911, Val Accuracy: 0.9313
2025-01-16 00:26:47,480 - INFO - Fold 4 Validation Accuracy: 0.9313
2025-01-16 00:26:47,480 - INFO - Training for fold 5/5
2025-01-16 00:26:47,601 - INFO - Epoch [1/100], Train Accuracy: 0.5411, Val Accuracy: 0.8688
2025-01-16 00:26:47,702 - INFO - Epoch [2/100], Train Accuracy: 0.9167, Val Accuracy: 0.8875
2025-01-16 00:26:47,815 - INFO - Epoch [3/100], Train Accuracy: 0.9589, Val Accuracy: 0.9021
2025-01-16 00:26:47,913 - INFO - Epoch [4/100], Train Accuracy: 0.9828, Val Accuracy: 0.9187
2025-01-16 00:26:48,015 - INFO - Epoch [5/100], Train Accuracy: 0.9922, Val Accuracy: 0.9229
2025-01-16 00:26:48,113 - INFO - Epoch [6/100], Train Accuracy: 0.9969, Val Accuracy: 0.9250
2025-01-16 00:26:48,212 - INFO - Epoch [7/100], Train Accuracy: 0.9984, Val Accuracy: 0.9250
2025-01-16 00:26:48,310 - INFO - Epoch [8/100], Train Accuracy: 0.9990, Val Accuracy: 0.9208
2025-01-16 00:26:48,323 - INFO - Fold 5 Validation Accuracy: 0.9208
2025-01-16 00:26:48,324 - INFO - Average Validation Accuracy (Over 5 folds): 0.9171 

2025-01-16 00:26:48,465 - INFO - Training with Vectorized Data 2000 features. Dropout Rate 0.56. Dataset Size 2400. 128 neurons. Leanring Rate 0.0015
2025-01-16 00:26:48,465 - INFO - Training for fold 1/5
2025-01-16 00:26:48,591 - INFO - Epoch [1/100], Train Accuracy: 0.6531, Val Accuracy: 0.8708
2025-01-16 00:26:48,688 - INFO - Epoch [2/100], Train Accuracy: 0.9219, Val Accuracy: 0.8958
2025-01-16 00:26:48,790 - INFO - Epoch [3/100], Train Accuracy: 0.9630, Val Accuracy: 0.9146
2025-01-16 00:26:48,894 - INFO - Epoch [4/100], Train Accuracy: 0.9854, Val Accuracy: 0.9146
2025-01-16 00:26:48,997 - INFO - Epoch [5/100], Train Accuracy: 0.9922, Val Accuracy: 0.9229
2025-01-16 00:26:49,100 - INFO - Epoch [6/100], Train Accuracy: 0.9958, Val Accuracy: 0.9167
2025-01-16 00:26:49,112 - INFO - Fold 1 Validation Accuracy: 0.9167
2025-01-16 00:26:49,112 - INFO - Training for fold 2/5
2025-01-16 00:26:49,244 - INFO - Epoch [1/100], Train Accuracy: 0.6786, Val Accuracy: 0.8646
2025-01-16 00:26:49,347 - INFO - Epoch [2/100], Train Accuracy: 0.9234, Val Accuracy: 0.8958
2025-01-16 00:26:49,444 - INFO - Epoch [3/100], Train Accuracy: 0.9620, Val Accuracy: 0.8917
2025-01-16 00:26:49,546 - INFO - Epoch [4/100], Train Accuracy: 0.9875, Val Accuracy: 0.8917
2025-01-16 00:26:49,656 - INFO - Epoch [5/100], Train Accuracy: 0.9948, Val Accuracy: 0.9021
2025-01-16 00:26:49,761 - INFO - Epoch [6/100], Train Accuracy: 0.9979, Val Accuracy: 0.8938
2025-01-16 00:26:49,772 - INFO - Fold 2 Validation Accuracy: 0.8938
2025-01-16 00:26:49,772 - INFO - Training for fold 3/5
2025-01-16 00:26:49,902 - INFO - Epoch [1/100], Train Accuracy: 0.6677, Val Accuracy: 0.8917
2025-01-16 00:26:50,002 - INFO - Epoch [2/100], Train Accuracy: 0.9240, Val Accuracy: 0.9104
2025-01-16 00:26:50,103 - INFO - Epoch [3/100], Train Accuracy: 0.9625, Val Accuracy: 0.9125
2025-01-16 00:26:50,204 - INFO - Epoch [4/100], Train Accuracy: 0.9828, Val Accuracy: 0.9208
2025-01-16 00:26:50,312 - INFO - Epoch [5/100], Train Accuracy: 0.9901, Val Accuracy: 0.9208
2025-01-16 00:26:50,421 - INFO - Epoch [6/100], Train Accuracy: 0.9964, Val Accuracy: 0.9250
2025-01-16 00:26:50,523 - INFO - Epoch [7/100], Train Accuracy: 0.9969, Val Accuracy: 0.9250
2025-01-16 00:26:50,634 - INFO - Epoch [8/100], Train Accuracy: 0.9974, Val Accuracy: 0.9229
2025-01-16 00:26:50,649 - INFO - Fold 3 Validation Accuracy: 0.9229
2025-01-16 00:26:50,650 - INFO - Training for fold 4/5
2025-01-16 00:26:50,781 - INFO - Epoch [1/100], Train Accuracy: 0.6854, Val Accuracy: 0.8896
2025-01-16 00:26:50,887 - INFO - Epoch [2/100], Train Accuracy: 0.9172, Val Accuracy: 0.9083
2025-01-16 00:26:50,992 - INFO - Epoch [3/100], Train Accuracy: 0.9651, Val Accuracy: 0.9229
2025-01-16 00:26:51,098 - INFO - Epoch [4/100], Train Accuracy: 0.9859, Val Accuracy: 0.9250
2025-01-16 00:26:51,207 - INFO - Epoch [5/100], Train Accuracy: 0.9927, Val Accuracy: 0.9292
2025-01-16 00:26:51,321 - INFO - Epoch [6/100], Train Accuracy: 0.9964, Val Accuracy: 0.9250
2025-01-16 00:26:51,332 - INFO - Fold 4 Validation Accuracy: 0.9250
2025-01-16 00:26:51,332 - INFO - Training for fold 5/5
2025-01-16 00:26:51,464 - INFO - Epoch [1/100], Train Accuracy: 0.6214, Val Accuracy: 0.8771
2025-01-16 00:26:51,569 - INFO - Epoch [2/100], Train Accuracy: 0.9203, Val Accuracy: 0.8958
2025-01-16 00:26:51,679 - INFO - Epoch [3/100], Train Accuracy: 0.9609, Val Accuracy: 0.9250
2025-01-16 00:26:51,793 - INFO - Epoch [4/100], Train Accuracy: 0.9844, Val Accuracy: 0.9167
2025-01-16 00:26:51,896 - INFO - Epoch [5/100], Train Accuracy: 0.9943, Val Accuracy: 0.9292
2025-01-16 00:26:52,003 - INFO - Epoch [6/100], Train Accuracy: 0.9984, Val Accuracy: 0.9292
2025-01-16 00:26:52,100 - INFO - Epoch [7/100], Train Accuracy: 0.9990, Val Accuracy: 0.9292
2025-01-16 00:26:52,208 - INFO - Epoch [8/100], Train Accuracy: 0.9990, Val Accuracy: 0.9292
2025-01-16 00:26:52,320 - INFO - Epoch [9/100], Train Accuracy: 0.9990, Val Accuracy: 0.9292
2025-01-16 00:26:52,423 - INFO - Epoch [10/100], Train Accuracy: 0.9990, Val Accuracy: 0.9292
2025-01-16 00:26:52,540 - INFO - Epoch [11/100], Train Accuracy: 0.9990, Val Accuracy: 0.9292
2025-01-16 00:26:52,638 - INFO - Epoch [12/100], Train Accuracy: 0.9990, Val Accuracy: 0.9292
2025-01-16 00:26:52,751 - INFO - Epoch [13/100], Train Accuracy: 0.9990, Val Accuracy: 0.9313
2025-01-16 00:26:52,856 - INFO - Epoch [14/100], Train Accuracy: 0.9990, Val Accuracy: 0.9333
2025-01-16 00:26:52,959 - INFO - Epoch [15/100], Train Accuracy: 0.9995, Val Accuracy: 0.9333
2025-01-16 00:26:52,971 - INFO - Fold 5 Validation Accuracy: 0.9333
2025-01-16 00:26:52,971 - INFO - Average Validation Accuracy (Over 5 folds): 0.9183 

