2025-01-16 00:23:19,135 - INFO - Training with Vectorized Data 2000 features. Dropout Rate 0.56. Dataset Size 2400. 128 neurons. Leanring Rate 0.0019
2025-01-16 00:23:19,136 - INFO - Training for fold 1/5
2025-01-16 00:23:20,311 - INFO - Epoch [1/100], Train Accuracy: 0.7156, Val Accuracy: 0.8708
2025-01-16 00:23:20,405 - INFO - Epoch [2/100], Train Accuracy: 0.9240, Val Accuracy: 0.9083
2025-01-16 00:23:20,491 - INFO - Epoch [3/100], Train Accuracy: 0.9714, Val Accuracy: 0.9167
2025-01-16 00:23:20,582 - INFO - Epoch [4/100], Train Accuracy: 0.9875, Val Accuracy: 0.9208
2025-01-16 00:23:20,671 - INFO - Epoch [5/100], Train Accuracy: 0.9943, Val Accuracy: 0.9250
2025-01-16 00:23:20,764 - INFO - Epoch [6/100], Train Accuracy: 0.9974, Val Accuracy: 0.9146
2025-01-16 00:23:20,774 - INFO - Fold 1 Validation Accuracy: 0.9146
2025-01-16 00:23:20,775 - INFO - Training for fold 2/5
2025-01-16 00:23:20,870 - INFO - Epoch [1/100], Train Accuracy: 0.7031, Val Accuracy: 0.8500
2025-01-16 00:23:20,960 - INFO - Epoch [2/100], Train Accuracy: 0.9318, Val Accuracy: 0.9021
2025-01-16 00:23:21,052 - INFO - Epoch [3/100], Train Accuracy: 0.9750, Val Accuracy: 0.9042
2025-01-16 00:23:21,138 - INFO - Epoch [4/100], Train Accuracy: 0.9917, Val Accuracy: 0.9062
2025-01-16 00:23:21,239 - INFO - Epoch [5/100], Train Accuracy: 0.9974, Val Accuracy: 0.9021
2025-01-16 00:23:21,249 - INFO - Fold 2 Validation Accuracy: 0.9021
2025-01-16 00:23:21,249 - INFO - Training for fold 3/5
2025-01-16 00:23:21,343 - INFO - Epoch [1/100], Train Accuracy: 0.6719, Val Accuracy: 0.9042
2025-01-16 00:23:21,444 - INFO - Epoch [2/100], Train Accuracy: 0.9177, Val Accuracy: 0.9208
2025-01-16 00:23:21,531 - INFO - Epoch [3/100], Train Accuracy: 0.9708, Val Accuracy: 0.9375
2025-01-16 00:23:21,621 - INFO - Epoch [4/100], Train Accuracy: 0.9891, Val Accuracy: 0.9333
2025-01-16 00:23:21,722 - INFO - Epoch [5/100], Train Accuracy: 0.9969, Val Accuracy: 0.9292
2025-01-16 00:23:21,735 - INFO - Fold 3 Validation Accuracy: 0.9292
2025-01-16 00:23:21,735 - INFO - Training for fold 4/5
2025-01-16 00:23:21,833 - INFO - Epoch [1/100], Train Accuracy: 0.6880, Val Accuracy: 0.8812
2025-01-16 00:23:21,921 - INFO - Epoch [2/100], Train Accuracy: 0.9302, Val Accuracy: 0.8812
2025-01-16 00:23:22,009 - INFO - Epoch [3/100], Train Accuracy: 0.9703, Val Accuracy: 0.9062
2025-01-16 00:23:22,101 - INFO - Epoch [4/100], Train Accuracy: 0.9891, Val Accuracy: 0.9021
2025-01-16 00:23:22,195 - INFO - Epoch [5/100], Train Accuracy: 0.9953, Val Accuracy: 0.8979
2025-01-16 00:23:22,209 - INFO - Fold 4 Validation Accuracy: 0.8979
2025-01-16 00:23:22,209 - INFO - Training for fold 5/5
2025-01-16 00:23:22,312 - INFO - Epoch [1/100], Train Accuracy: 0.6672, Val Accuracy: 0.8938
2025-01-16 00:23:22,397 - INFO - Epoch [2/100], Train Accuracy: 0.9271, Val Accuracy: 0.9125
2025-01-16 00:23:22,493 - INFO - Epoch [3/100], Train Accuracy: 0.9698, Val Accuracy: 0.9104
2025-01-16 00:23:22,586 - INFO - Epoch [4/100], Train Accuracy: 0.9880, Val Accuracy: 0.9104
2025-01-16 00:23:22,672 - INFO - Epoch [5/100], Train Accuracy: 0.9969, Val Accuracy: 0.9083
2025-01-16 00:23:22,680 - INFO - Fold 5 Validation Accuracy: 0.9083
2025-01-16 00:23:22,680 - INFO - Average Validation Accuracy (Over 5 folds): 0.9104 

2025-01-16 00:23:22,811 - INFO - Training with Vectorized Data 2000 features. Dropout Rate 0.56. Dataset Size 2400. 128 neurons. Leanring Rate 0.0019
2025-01-16 00:23:22,811 - INFO - Training for fold 1/5
2025-01-16 00:23:22,926 - INFO - Epoch [1/100], Train Accuracy: 0.6578, Val Accuracy: 0.8771
2025-01-16 00:23:23,013 - INFO - Epoch [2/100], Train Accuracy: 0.9151, Val Accuracy: 0.9187
2025-01-16 00:23:23,101 - INFO - Epoch [3/100], Train Accuracy: 0.9719, Val Accuracy: 0.9271
2025-01-16 00:23:23,187 - INFO - Epoch [4/100], Train Accuracy: 0.9885, Val Accuracy: 0.9313
2025-01-16 00:23:23,278 - INFO - Epoch [5/100], Train Accuracy: 0.9958, Val Accuracy: 0.9375
2025-01-16 00:23:23,380 - INFO - Epoch [6/100], Train Accuracy: 0.9969, Val Accuracy: 0.9354
2025-01-16 00:23:23,394 - INFO - Fold 1 Validation Accuracy: 0.9354
2025-01-16 00:23:23,394 - INFO - Training for fold 2/5
2025-01-16 00:23:23,494 - INFO - Epoch [1/100], Train Accuracy: 0.6682, Val Accuracy: 0.8917
2025-01-16 00:23:23,583 - INFO - Epoch [2/100], Train Accuracy: 0.9219, Val Accuracy: 0.9146
2025-01-16 00:23:23,674 - INFO - Epoch [3/100], Train Accuracy: 0.9714, Val Accuracy: 0.9313
2025-01-16 00:23:23,760 - INFO - Epoch [4/100], Train Accuracy: 0.9901, Val Accuracy: 0.9271
2025-01-16 00:23:23,770 - INFO - Fold 2 Validation Accuracy: 0.9271
2025-01-16 00:23:23,770 - INFO - Training for fold 3/5
2025-01-16 00:23:23,871 - INFO - Epoch [1/100], Train Accuracy: 0.6172, Val Accuracy: 0.9000
2025-01-16 00:23:23,967 - INFO - Epoch [2/100], Train Accuracy: 0.9276, Val Accuracy: 0.9104
2025-01-16 00:23:24,060 - INFO - Epoch [3/100], Train Accuracy: 0.9755, Val Accuracy: 0.9146
2025-01-16 00:23:24,146 - INFO - Epoch [4/100], Train Accuracy: 0.9885, Val Accuracy: 0.9187
2025-01-16 00:23:24,237 - INFO - Epoch [5/100], Train Accuracy: 0.9969, Val Accuracy: 0.9187
2025-01-16 00:23:24,323 - INFO - Epoch [6/100], Train Accuracy: 0.9995, Val Accuracy: 0.9187
2025-01-16 00:23:24,334 - INFO - Fold 3 Validation Accuracy: 0.9187
2025-01-16 00:23:24,334 - INFO - Training for fold 4/5
2025-01-16 00:23:24,434 - INFO - Epoch [1/100], Train Accuracy: 0.7604, Val Accuracy: 0.8938
2025-01-16 00:23:24,518 - INFO - Epoch [2/100], Train Accuracy: 0.9208, Val Accuracy: 0.9167
2025-01-16 00:23:24,596 - INFO - Epoch [3/100], Train Accuracy: 0.9724, Val Accuracy: 0.9250
2025-01-16 00:23:24,683 - INFO - Epoch [4/100], Train Accuracy: 0.9906, Val Accuracy: 0.9250
2025-01-16 00:23:24,772 - INFO - Epoch [5/100], Train Accuracy: 0.9948, Val Accuracy: 0.9187
2025-01-16 00:23:24,782 - INFO - Fold 4 Validation Accuracy: 0.9187
2025-01-16 00:23:24,782 - INFO - Training for fold 5/5
2025-01-16 00:23:24,899 - INFO - Epoch [1/100], Train Accuracy: 0.6661, Val Accuracy: 0.8854
2025-01-16 00:23:24,984 - INFO - Epoch [2/100], Train Accuracy: 0.9292, Val Accuracy: 0.8917
2025-01-16 00:23:25,068 - INFO - Epoch [3/100], Train Accuracy: 0.9719, Val Accuracy: 0.9062
2025-01-16 00:23:25,159 - INFO - Epoch [4/100], Train Accuracy: 0.9880, Val Accuracy: 0.9125
2025-01-16 00:23:25,248 - INFO - Epoch [5/100], Train Accuracy: 0.9943, Val Accuracy: 0.9062
2025-01-16 00:23:25,256 - INFO - Fold 5 Validation Accuracy: 0.9062
2025-01-16 00:23:25,256 - INFO - Average Validation Accuracy (Over 5 folds): 0.9213 

2025-01-16 00:23:25,390 - INFO - Training with Vectorized Data 2000 features. Dropout Rate 0.56. Dataset Size 2400. 128 neurons. Leanring Rate 0.0019
2025-01-16 00:23:25,390 - INFO - Training for fold 1/5
2025-01-16 00:23:25,488 - INFO - Epoch [1/100], Train Accuracy: 0.6766, Val Accuracy: 0.8771
2025-01-16 00:23:25,572 - INFO - Epoch [2/100], Train Accuracy: 0.9224, Val Accuracy: 0.9062
2025-01-16 00:23:25,655 - INFO - Epoch [3/100], Train Accuracy: 0.9703, Val Accuracy: 0.9292
2025-01-16 00:23:25,742 - INFO - Epoch [4/100], Train Accuracy: 0.9896, Val Accuracy: 0.9250
2025-01-16 00:23:25,827 - INFO - Epoch [5/100], Train Accuracy: 0.9958, Val Accuracy: 0.9229
2025-01-16 00:23:25,837 - INFO - Fold 1 Validation Accuracy: 0.9229
2025-01-16 00:23:25,838 - INFO - Training for fold 2/5
2025-01-16 00:23:25,935 - INFO - Epoch [1/100], Train Accuracy: 0.6453, Val Accuracy: 0.8833
2025-01-16 00:23:26,042 - INFO - Epoch [2/100], Train Accuracy: 0.9339, Val Accuracy: 0.9146
2025-01-16 00:23:26,133 - INFO - Epoch [3/100], Train Accuracy: 0.9750, Val Accuracy: 0.9208
2025-01-16 00:23:26,222 - INFO - Epoch [4/100], Train Accuracy: 0.9875, Val Accuracy: 0.9313
2025-01-16 00:23:26,319 - INFO - Epoch [5/100], Train Accuracy: 0.9958, Val Accuracy: 0.9167
2025-01-16 00:23:26,329 - INFO - Fold 2 Validation Accuracy: 0.9167
2025-01-16 00:23:26,329 - INFO - Training for fold 3/5
2025-01-16 00:23:26,433 - INFO - Epoch [1/100], Train Accuracy: 0.6307, Val Accuracy: 0.8583
2025-01-16 00:23:26,527 - INFO - Epoch [2/100], Train Accuracy: 0.9318, Val Accuracy: 0.9000
2025-01-16 00:23:26,622 - INFO - Epoch [3/100], Train Accuracy: 0.9745, Val Accuracy: 0.9062
2025-01-16 00:23:26,713 - INFO - Epoch [4/100], Train Accuracy: 0.9885, Val Accuracy: 0.9104
2025-01-16 00:23:26,804 - INFO - Epoch [5/100], Train Accuracy: 0.9953, Val Accuracy: 0.9000
2025-01-16 00:23:26,814 - INFO - Fold 3 Validation Accuracy: 0.9000
2025-01-16 00:23:26,814 - INFO - Training for fold 4/5
2025-01-16 00:23:26,919 - INFO - Epoch [1/100], Train Accuracy: 0.7010, Val Accuracy: 0.8708
2025-01-16 00:23:27,009 - INFO - Epoch [2/100], Train Accuracy: 0.9271, Val Accuracy: 0.9062
2025-01-16 00:23:27,107 - INFO - Epoch [3/100], Train Accuracy: 0.9724, Val Accuracy: 0.9250
2025-01-16 00:23:27,193 - INFO - Epoch [4/100], Train Accuracy: 0.9922, Val Accuracy: 0.9167
2025-01-16 00:23:27,205 - INFO - Fold 4 Validation Accuracy: 0.9167
2025-01-16 00:23:27,205 - INFO - Training for fold 5/5
2025-01-16 00:23:27,313 - INFO - Epoch [1/100], Train Accuracy: 0.7443, Val Accuracy: 0.8729
2025-01-16 00:23:27,410 - INFO - Epoch [2/100], Train Accuracy: 0.9245, Val Accuracy: 0.9167
2025-01-16 00:23:27,502 - INFO - Epoch [3/100], Train Accuracy: 0.9729, Val Accuracy: 0.9229
2025-01-16 00:23:27,593 - INFO - Epoch [4/100], Train Accuracy: 0.9865, Val Accuracy: 0.9208
2025-01-16 00:23:27,689 - INFO - Epoch [5/100], Train Accuracy: 0.9953, Val Accuracy: 0.9250
2025-01-16 00:23:27,779 - INFO - Epoch [6/100], Train Accuracy: 0.9974, Val Accuracy: 0.9313
2025-01-16 00:23:27,870 - INFO - Epoch [7/100], Train Accuracy: 0.9979, Val Accuracy: 0.9229
2025-01-16 00:23:27,881 - INFO - Fold 5 Validation Accuracy: 0.9229
2025-01-16 00:23:27,881 - INFO - Average Validation Accuracy (Over 5 folds): 0.9158 

2025-01-16 00:23:28,003 - INFO - Training with Vectorized Data 2000 features. Dropout Rate 0.56. Dataset Size 2400. 128 neurons. Leanring Rate 0.0019
2025-01-16 00:23:28,003 - INFO - Training for fold 1/5
2025-01-16 00:23:28,118 - INFO - Epoch [1/100], Train Accuracy: 0.7104, Val Accuracy: 0.8646
2025-01-16 00:23:28,212 - INFO - Epoch [2/100], Train Accuracy: 0.9198, Val Accuracy: 0.9250
2025-01-16 00:23:28,304 - INFO - Epoch [3/100], Train Accuracy: 0.9719, Val Accuracy: 0.9313
2025-01-16 00:23:28,403 - INFO - Epoch [4/100], Train Accuracy: 0.9896, Val Accuracy: 0.9292
2025-01-16 00:23:28,495 - INFO - Epoch [5/100], Train Accuracy: 0.9964, Val Accuracy: 0.9208
2025-01-16 00:23:28,508 - INFO - Fold 1 Validation Accuracy: 0.9208
2025-01-16 00:23:28,508 - INFO - Training for fold 2/5
2025-01-16 00:23:28,619 - INFO - Epoch [1/100], Train Accuracy: 0.7573, Val Accuracy: 0.8604
2025-01-16 00:23:28,709 - INFO - Epoch [2/100], Train Accuracy: 0.9260, Val Accuracy: 0.8917
2025-01-16 00:23:28,794 - INFO - Epoch [3/100], Train Accuracy: 0.9766, Val Accuracy: 0.9042
2025-01-16 00:23:28,894 - INFO - Epoch [4/100], Train Accuracy: 0.9880, Val Accuracy: 0.9000
2025-01-16 00:23:28,994 - INFO - Epoch [5/100], Train Accuracy: 0.9953, Val Accuracy: 0.9000
2025-01-16 00:23:29,007 - INFO - Fold 2 Validation Accuracy: 0.9000
2025-01-16 00:23:29,007 - INFO - Training for fold 3/5
2025-01-16 00:23:29,109 - INFO - Epoch [1/100], Train Accuracy: 0.7198, Val Accuracy: 0.8667
2025-01-16 00:23:29,202 - INFO - Epoch [2/100], Train Accuracy: 0.9208, Val Accuracy: 0.9104
2025-01-16 00:23:29,292 - INFO - Epoch [3/100], Train Accuracy: 0.9719, Val Accuracy: 0.9313
2025-01-16 00:23:29,406 - INFO - Epoch [4/100], Train Accuracy: 0.9891, Val Accuracy: 0.9333
2025-01-16 00:23:29,516 - INFO - Epoch [5/100], Train Accuracy: 0.9958, Val Accuracy: 0.9292
2025-01-16 00:23:29,526 - INFO - Fold 3 Validation Accuracy: 0.9292
2025-01-16 00:23:29,527 - INFO - Training for fold 4/5
2025-01-16 00:23:29,631 - INFO - Epoch [1/100], Train Accuracy: 0.6328, Val Accuracy: 0.8896
2025-01-16 00:23:29,724 - INFO - Epoch [2/100], Train Accuracy: 0.9214, Val Accuracy: 0.9125
2025-01-16 00:23:29,815 - INFO - Epoch [3/100], Train Accuracy: 0.9724, Val Accuracy: 0.9208
2025-01-16 00:23:29,910 - INFO - Epoch [4/100], Train Accuracy: 0.9875, Val Accuracy: 0.9313
2025-01-16 00:23:30,002 - INFO - Epoch [5/100], Train Accuracy: 0.9943, Val Accuracy: 0.9333
2025-01-16 00:23:30,100 - INFO - Epoch [6/100], Train Accuracy: 0.9984, Val Accuracy: 0.9313
2025-01-16 00:23:30,111 - INFO - Fold 4 Validation Accuracy: 0.9313
2025-01-16 00:23:30,111 - INFO - Training for fold 5/5
2025-01-16 00:23:30,218 - INFO - Epoch [1/100], Train Accuracy: 0.6734, Val Accuracy: 0.8625
2025-01-16 00:23:30,309 - INFO - Epoch [2/100], Train Accuracy: 0.9276, Val Accuracy: 0.8750
2025-01-16 00:23:30,405 - INFO - Epoch [3/100], Train Accuracy: 0.9708, Val Accuracy: 0.9021
2025-01-16 00:23:30,494 - INFO - Epoch [4/100], Train Accuracy: 0.9870, Val Accuracy: 0.9021
2025-01-16 00:23:30,593 - INFO - Epoch [5/100], Train Accuracy: 0.9943, Val Accuracy: 0.9104
2025-01-16 00:23:30,688 - INFO - Epoch [6/100], Train Accuracy: 0.9969, Val Accuracy: 0.9083
2025-01-16 00:23:30,701 - INFO - Fold 5 Validation Accuracy: 0.9083
2025-01-16 00:23:30,701 - INFO - Average Validation Accuracy (Over 5 folds): 0.9179 

2025-01-16 00:23:30,845 - INFO - Training with Vectorized Data 2000 features. Dropout Rate 0.56. Dataset Size 2400. 128 neurons. Leanring Rate 0.0019
2025-01-16 00:23:30,846 - INFO - Training for fold 1/5
2025-01-16 00:23:30,972 - INFO - Epoch [1/100], Train Accuracy: 0.6323, Val Accuracy: 0.8875
2025-01-16 00:23:31,071 - INFO - Epoch [2/100], Train Accuracy: 0.9297, Val Accuracy: 0.9083
2025-01-16 00:23:31,178 - INFO - Epoch [3/100], Train Accuracy: 0.9755, Val Accuracy: 0.9187
2025-01-16 00:23:31,282 - INFO - Epoch [4/100], Train Accuracy: 0.9891, Val Accuracy: 0.9167
2025-01-16 00:23:31,384 - INFO - Epoch [5/100], Train Accuracy: 0.9948, Val Accuracy: 0.9229
2025-01-16 00:23:31,487 - INFO - Epoch [6/100], Train Accuracy: 0.9990, Val Accuracy: 0.9229
2025-01-16 00:23:31,587 - INFO - Epoch [7/100], Train Accuracy: 0.9990, Val Accuracy: 0.9229
2025-01-16 00:23:31,686 - INFO - Epoch [8/100], Train Accuracy: 0.9990, Val Accuracy: 0.9229
2025-01-16 00:23:31,790 - INFO - Epoch [9/100], Train Accuracy: 0.9995, Val Accuracy: 0.9250
2025-01-16 00:23:31,804 - INFO - Fold 1 Validation Accuracy: 0.9250
2025-01-16 00:23:31,805 - INFO - Training for fold 2/5
2025-01-16 00:23:31,920 - INFO - Epoch [1/100], Train Accuracy: 0.6813, Val Accuracy: 0.8771
2025-01-16 00:23:32,025 - INFO - Epoch [2/100], Train Accuracy: 0.9250, Val Accuracy: 0.9167
2025-01-16 00:23:32,126 - INFO - Epoch [3/100], Train Accuracy: 0.9729, Val Accuracy: 0.9437
2025-01-16 00:23:32,224 - INFO - Epoch [4/100], Train Accuracy: 0.9880, Val Accuracy: 0.9396
2025-01-16 00:23:32,338 - INFO - Epoch [5/100], Train Accuracy: 0.9943, Val Accuracy: 0.9354
2025-01-16 00:23:32,350 - INFO - Fold 2 Validation Accuracy: 0.9354
2025-01-16 00:23:32,350 - INFO - Training for fold 3/5
2025-01-16 00:23:32,454 - INFO - Epoch [1/100], Train Accuracy: 0.6391, Val Accuracy: 0.8979
2025-01-16 00:23:32,548 - INFO - Epoch [2/100], Train Accuracy: 0.9266, Val Accuracy: 0.9125
2025-01-16 00:23:32,641 - INFO - Epoch [3/100], Train Accuracy: 0.9703, Val Accuracy: 0.9354
2025-01-16 00:23:32,738 - INFO - Epoch [4/100], Train Accuracy: 0.9901, Val Accuracy: 0.9250
2025-01-16 00:23:32,748 - INFO - Fold 3 Validation Accuracy: 0.9250
2025-01-16 00:23:32,749 - INFO - Training for fold 4/5
2025-01-16 00:23:32,856 - INFO - Epoch [1/100], Train Accuracy: 0.6245, Val Accuracy: 0.8854
2025-01-16 00:23:32,950 - INFO - Epoch [2/100], Train Accuracy: 0.9234, Val Accuracy: 0.9062
2025-01-16 00:23:33,041 - INFO - Epoch [3/100], Train Accuracy: 0.9740, Val Accuracy: 0.9229
2025-01-16 00:23:33,134 - INFO - Epoch [4/100], Train Accuracy: 0.9885, Val Accuracy: 0.9187
2025-01-16 00:23:33,227 - INFO - Epoch [5/100], Train Accuracy: 0.9958, Val Accuracy: 0.9167
2025-01-16 00:23:33,238 - INFO - Fold 4 Validation Accuracy: 0.9167
2025-01-16 00:23:33,239 - INFO - Training for fold 5/5
2025-01-16 00:23:33,344 - INFO - Epoch [1/100], Train Accuracy: 0.7484, Val Accuracy: 0.8833
2025-01-16 00:23:33,436 - INFO - Epoch [2/100], Train Accuracy: 0.9234, Val Accuracy: 0.8979
2025-01-16 00:23:33,529 - INFO - Epoch [3/100], Train Accuracy: 0.9688, Val Accuracy: 0.9187
2025-01-16 00:23:33,622 - INFO - Epoch [4/100], Train Accuracy: 0.9885, Val Accuracy: 0.9167
2025-01-16 00:23:33,711 - INFO - Epoch [5/100], Train Accuracy: 0.9943, Val Accuracy: 0.9125
2025-01-16 00:23:33,722 - INFO - Fold 5 Validation Accuracy: 0.9125
2025-01-16 00:23:33,722 - INFO - Average Validation Accuracy (Over 5 folds): 0.9229 

2025-01-16 00:23:33,859 - INFO - Training with Vectorized Data 2000 features. Dropout Rate 0.56. Dataset Size 2400. 128 neurons. Leanring Rate 0.0019
2025-01-16 00:23:33,859 - INFO - Training for fold 1/5
2025-01-16 00:23:33,968 - INFO - Epoch [1/100], Train Accuracy: 0.7302, Val Accuracy: 0.8833
2025-01-16 00:23:34,062 - INFO - Epoch [2/100], Train Accuracy: 0.9234, Val Accuracy: 0.9167
2025-01-16 00:23:34,154 - INFO - Epoch [3/100], Train Accuracy: 0.9766, Val Accuracy: 0.9187
2025-01-16 00:23:34,248 - INFO - Epoch [4/100], Train Accuracy: 0.9901, Val Accuracy: 0.9208
2025-01-16 00:23:34,344 - INFO - Epoch [5/100], Train Accuracy: 0.9953, Val Accuracy: 0.9187
2025-01-16 00:23:34,355 - INFO - Fold 1 Validation Accuracy: 0.9187
2025-01-16 00:23:34,355 - INFO - Training for fold 2/5
2025-01-16 00:23:34,457 - INFO - Epoch [1/100], Train Accuracy: 0.7224, Val Accuracy: 0.8812
2025-01-16 00:23:34,549 - INFO - Epoch [2/100], Train Accuracy: 0.9281, Val Accuracy: 0.8979
2025-01-16 00:23:34,645 - INFO - Epoch [3/100], Train Accuracy: 0.9766, Val Accuracy: 0.9208
2025-01-16 00:23:34,740 - INFO - Epoch [4/100], Train Accuracy: 0.9911, Val Accuracy: 0.9146
2025-01-16 00:23:34,750 - INFO - Fold 2 Validation Accuracy: 0.9146
2025-01-16 00:23:34,750 - INFO - Training for fold 3/5
2025-01-16 00:23:34,858 - INFO - Epoch [1/100], Train Accuracy: 0.6146, Val Accuracy: 0.8625
2025-01-16 00:23:34,954 - INFO - Epoch [2/100], Train Accuracy: 0.9234, Val Accuracy: 0.9021
2025-01-16 00:23:35,045 - INFO - Epoch [3/100], Train Accuracy: 0.9734, Val Accuracy: 0.9104
2025-01-16 00:23:35,140 - INFO - Epoch [4/100], Train Accuracy: 0.9891, Val Accuracy: 0.9146
2025-01-16 00:23:35,235 - INFO - Epoch [5/100], Train Accuracy: 0.9964, Val Accuracy: 0.9125
2025-01-16 00:23:35,244 - INFO - Fold 3 Validation Accuracy: 0.9125
2025-01-16 00:23:35,245 - INFO - Training for fold 4/5
2025-01-16 00:23:35,351 - INFO - Epoch [1/100], Train Accuracy: 0.7021, Val Accuracy: 0.8938
2025-01-16 00:23:35,444 - INFO - Epoch [2/100], Train Accuracy: 0.9260, Val Accuracy: 0.9146
2025-01-16 00:23:35,538 - INFO - Epoch [3/100], Train Accuracy: 0.9651, Val Accuracy: 0.9354
2025-01-16 00:23:35,630 - INFO - Epoch [4/100], Train Accuracy: 0.9870, Val Accuracy: 0.9396
2025-01-16 00:23:35,726 - INFO - Epoch [5/100], Train Accuracy: 0.9938, Val Accuracy: 0.9354
2025-01-16 00:23:35,739 - INFO - Fold 4 Validation Accuracy: 0.9354
2025-01-16 00:23:35,739 - INFO - Training for fold 5/5
2025-01-16 00:23:35,850 - INFO - Epoch [1/100], Train Accuracy: 0.6734, Val Accuracy: 0.8917
2025-01-16 00:23:35,947 - INFO - Epoch [2/100], Train Accuracy: 0.9328, Val Accuracy: 0.9021
2025-01-16 00:23:36,041 - INFO - Epoch [3/100], Train Accuracy: 0.9734, Val Accuracy: 0.9146
2025-01-16 00:23:36,141 - INFO - Epoch [4/100], Train Accuracy: 0.9891, Val Accuracy: 0.9271
2025-01-16 00:23:36,240 - INFO - Epoch [5/100], Train Accuracy: 0.9943, Val Accuracy: 0.9271
2025-01-16 00:23:36,332 - INFO - Epoch [6/100], Train Accuracy: 0.9979, Val Accuracy: 0.9271
2025-01-16 00:23:36,424 - INFO - Epoch [7/100], Train Accuracy: 0.9995, Val Accuracy: 0.9229
2025-01-16 00:23:36,436 - INFO - Fold 5 Validation Accuracy: 0.9229
2025-01-16 00:23:36,437 - INFO - Average Validation Accuracy (Over 5 folds): 0.9208 

2025-01-16 00:23:36,571 - INFO - Training with Vectorized Data 2000 features. Dropout Rate 0.56. Dataset Size 2400. 128 neurons. Leanring Rate 0.0019
2025-01-16 00:23:36,572 - INFO - Training for fold 1/5
2025-01-16 00:23:36,682 - INFO - Epoch [1/100], Train Accuracy: 0.6865, Val Accuracy: 0.8979
2025-01-16 00:23:36,792 - INFO - Epoch [2/100], Train Accuracy: 0.9255, Val Accuracy: 0.9167
2025-01-16 00:23:36,911 - INFO - Epoch [3/100], Train Accuracy: 0.9693, Val Accuracy: 0.9313
2025-01-16 00:23:37,029 - INFO - Epoch [4/100], Train Accuracy: 0.9891, Val Accuracy: 0.9292
2025-01-16 00:23:37,128 - INFO - Epoch [5/100], Train Accuracy: 0.9958, Val Accuracy: 0.9292
2025-01-16 00:23:37,140 - INFO - Fold 1 Validation Accuracy: 0.9292
2025-01-16 00:23:37,141 - INFO - Training for fold 2/5
2025-01-16 00:23:37,274 - INFO - Epoch [1/100], Train Accuracy: 0.6724, Val Accuracy: 0.8646
2025-01-16 00:23:37,374 - INFO - Epoch [2/100], Train Accuracy: 0.9156, Val Accuracy: 0.9125
2025-01-16 00:23:37,494 - INFO - Epoch [3/100], Train Accuracy: 0.9688, Val Accuracy: 0.9125
2025-01-16 00:23:37,616 - INFO - Epoch [4/100], Train Accuracy: 0.9880, Val Accuracy: 0.9042
2025-01-16 00:23:37,737 - INFO - Epoch [5/100], Train Accuracy: 0.9953, Val Accuracy: 0.9187
2025-01-16 00:23:37,850 - INFO - Epoch [6/100], Train Accuracy: 0.9984, Val Accuracy: 0.9208
2025-01-16 00:23:37,958 - INFO - Epoch [7/100], Train Accuracy: 0.9995, Val Accuracy: 0.9187
2025-01-16 00:23:37,972 - INFO - Fold 2 Validation Accuracy: 0.9187
2025-01-16 00:23:37,972 - INFO - Training for fold 3/5
2025-01-16 00:23:38,107 - INFO - Epoch [1/100], Train Accuracy: 0.7016, Val Accuracy: 0.8938
2025-01-16 00:23:38,205 - INFO - Epoch [2/100], Train Accuracy: 0.9214, Val Accuracy: 0.9042
2025-01-16 00:23:38,323 - INFO - Epoch [3/100], Train Accuracy: 0.9724, Val Accuracy: 0.9333
2025-01-16 00:23:38,440 - INFO - Epoch [4/100], Train Accuracy: 0.9901, Val Accuracy: 0.9271
2025-01-16 00:23:38,454 - INFO - Fold 3 Validation Accuracy: 0.9271
2025-01-16 00:23:38,454 - INFO - Training for fold 4/5
2025-01-16 00:23:38,595 - INFO - Epoch [1/100], Train Accuracy: 0.6141, Val Accuracy: 0.8750
2025-01-16 00:23:38,713 - INFO - Epoch [2/100], Train Accuracy: 0.9266, Val Accuracy: 0.9062
2025-01-16 00:23:38,825 - INFO - Epoch [3/100], Train Accuracy: 0.9771, Val Accuracy: 0.9083
2025-01-16 00:23:38,930 - INFO - Epoch [4/100], Train Accuracy: 0.9901, Val Accuracy: 0.9042
2025-01-16 00:23:38,943 - INFO - Fold 4 Validation Accuracy: 0.9042
2025-01-16 00:23:38,943 - INFO - Training for fold 5/5
2025-01-16 00:23:39,074 - INFO - Epoch [1/100], Train Accuracy: 0.7156, Val Accuracy: 0.8771
2025-01-16 00:23:39,184 - INFO - Epoch [2/100], Train Accuracy: 0.9240, Val Accuracy: 0.9021
2025-01-16 00:23:39,296 - INFO - Epoch [3/100], Train Accuracy: 0.9734, Val Accuracy: 0.9208
2025-01-16 00:23:39,416 - INFO - Epoch [4/100], Train Accuracy: 0.9885, Val Accuracy: 0.9208
2025-01-16 00:23:39,523 - INFO - Epoch [5/100], Train Accuracy: 0.9932, Val Accuracy: 0.9229
2025-01-16 00:23:39,648 - INFO - Epoch [6/100], Train Accuracy: 0.9969, Val Accuracy: 0.9250
2025-01-16 00:23:39,762 - INFO - Epoch [7/100], Train Accuracy: 0.9984, Val Accuracy: 0.9250
2025-01-16 00:23:39,877 - INFO - Epoch [8/100], Train Accuracy: 0.9995, Val Accuracy: 0.9271
2025-01-16 00:23:39,888 - INFO - Fold 5 Validation Accuracy: 0.9271
2025-01-16 00:23:39,889 - INFO - Average Validation Accuracy (Over 5 folds): 0.9213 

2025-01-16 00:23:40,036 - INFO - Training with Vectorized Data 2000 features. Dropout Rate 0.56. Dataset Size 2400. 128 neurons. Leanring Rate 0.0019
2025-01-16 00:23:40,037 - INFO - Training for fold 1/5
2025-01-16 00:23:40,177 - INFO - Epoch [1/100], Train Accuracy: 0.7073, Val Accuracy: 0.9021
2025-01-16 00:23:40,279 - INFO - Epoch [2/100], Train Accuracy: 0.9172, Val Accuracy: 0.9271
2025-01-16 00:23:40,398 - INFO - Epoch [3/100], Train Accuracy: 0.9677, Val Accuracy: 0.9396
2025-01-16 00:23:40,523 - INFO - Epoch [4/100], Train Accuracy: 0.9896, Val Accuracy: 0.9500
2025-01-16 00:23:40,645 - INFO - Epoch [5/100], Train Accuracy: 0.9974, Val Accuracy: 0.9500
2025-01-16 00:23:40,767 - INFO - Epoch [6/100], Train Accuracy: 0.9979, Val Accuracy: 0.9479
2025-01-16 00:23:40,777 - INFO - Fold 1 Validation Accuracy: 0.9479
2025-01-16 00:23:40,777 - INFO - Training for fold 2/5
2025-01-16 00:23:40,917 - INFO - Epoch [1/100], Train Accuracy: 0.7172, Val Accuracy: 0.8854
2025-01-16 00:23:41,040 - INFO - Epoch [2/100], Train Accuracy: 0.9297, Val Accuracy: 0.9021
2025-01-16 00:23:41,155 - INFO - Epoch [3/100], Train Accuracy: 0.9714, Val Accuracy: 0.9250
2025-01-16 00:23:41,272 - INFO - Epoch [4/100], Train Accuracy: 0.9901, Val Accuracy: 0.9250
2025-01-16 00:23:41,380 - INFO - Epoch [5/100], Train Accuracy: 0.9953, Val Accuracy: 0.9229
2025-01-16 00:23:41,393 - INFO - Fold 2 Validation Accuracy: 0.9229
2025-01-16 00:23:41,394 - INFO - Training for fold 3/5
2025-01-16 00:23:41,503 - INFO - Epoch [1/100], Train Accuracy: 0.6875, Val Accuracy: 0.8583
2025-01-16 00:23:41,592 - INFO - Epoch [2/100], Train Accuracy: 0.9333, Val Accuracy: 0.8792
2025-01-16 00:23:41,691 - INFO - Epoch [3/100], Train Accuracy: 0.9740, Val Accuracy: 0.8938
2025-01-16 00:23:41,782 - INFO - Epoch [4/100], Train Accuracy: 0.9911, Val Accuracy: 0.9146
2025-01-16 00:23:41,883 - INFO - Epoch [5/100], Train Accuracy: 0.9948, Val Accuracy: 0.9125
2025-01-16 00:23:41,894 - INFO - Fold 3 Validation Accuracy: 0.9125
2025-01-16 00:23:41,894 - INFO - Training for fold 4/5
2025-01-16 00:23:42,002 - INFO - Epoch [1/100], Train Accuracy: 0.7203, Val Accuracy: 0.8583
2025-01-16 00:23:42,103 - INFO - Epoch [2/100], Train Accuracy: 0.9271, Val Accuracy: 0.8917
2025-01-16 00:23:42,206 - INFO - Epoch [3/100], Train Accuracy: 0.9719, Val Accuracy: 0.9187
2025-01-16 00:23:42,293 - INFO - Epoch [4/100], Train Accuracy: 0.9865, Val Accuracy: 0.9167
2025-01-16 00:23:42,392 - INFO - Epoch [5/100], Train Accuracy: 0.9932, Val Accuracy: 0.9187
2025-01-16 00:23:42,491 - INFO - Epoch [6/100], Train Accuracy: 0.9974, Val Accuracy: 0.9167
2025-01-16 00:23:42,504 - INFO - Fold 4 Validation Accuracy: 0.9167
2025-01-16 00:23:42,504 - INFO - Training for fold 5/5
2025-01-16 00:23:42,610 - INFO - Epoch [1/100], Train Accuracy: 0.7297, Val Accuracy: 0.8896
2025-01-16 00:23:42,701 - INFO - Epoch [2/100], Train Accuracy: 0.9297, Val Accuracy: 0.9208
2025-01-16 00:23:42,790 - INFO - Epoch [3/100], Train Accuracy: 0.9745, Val Accuracy: 0.9167
2025-01-16 00:23:42,894 - INFO - Epoch [4/100], Train Accuracy: 0.9885, Val Accuracy: 0.9167
2025-01-16 00:23:42,992 - INFO - Epoch [5/100], Train Accuracy: 0.9958, Val Accuracy: 0.9187
2025-01-16 00:23:43,006 - INFO - Fold 5 Validation Accuracy: 0.9187
2025-01-16 00:23:43,006 - INFO - Average Validation Accuracy (Over 5 folds): 0.9237 

2025-01-16 00:23:43,151 - INFO - Training with Vectorized Data 2000 features. Dropout Rate 0.56. Dataset Size 2400. 128 neurons. Leanring Rate 0.0019
2025-01-16 00:23:43,151 - INFO - Training for fold 1/5
2025-01-16 00:23:43,274 - INFO - Epoch [1/100], Train Accuracy: 0.6781, Val Accuracy: 0.8646
2025-01-16 00:23:43,369 - INFO - Epoch [2/100], Train Accuracy: 0.9281, Val Accuracy: 0.9000
2025-01-16 00:23:43,472 - INFO - Epoch [3/100], Train Accuracy: 0.9729, Val Accuracy: 0.9167
2025-01-16 00:23:43,568 - INFO - Epoch [4/100], Train Accuracy: 0.9896, Val Accuracy: 0.9208
2025-01-16 00:23:43,659 - INFO - Epoch [5/100], Train Accuracy: 0.9964, Val Accuracy: 0.9167
2025-01-16 00:23:43,671 - INFO - Fold 1 Validation Accuracy: 0.9167
2025-01-16 00:23:43,672 - INFO - Training for fold 2/5
2025-01-16 00:23:43,776 - INFO - Epoch [1/100], Train Accuracy: 0.6714, Val Accuracy: 0.8771
2025-01-16 00:23:43,864 - INFO - Epoch [2/100], Train Accuracy: 0.9292, Val Accuracy: 0.9062
2025-01-16 00:23:43,953 - INFO - Epoch [3/100], Train Accuracy: 0.9703, Val Accuracy: 0.9229
2025-01-16 00:23:44,058 - INFO - Epoch [4/100], Train Accuracy: 0.9885, Val Accuracy: 0.9146
2025-01-16 00:23:44,152 - INFO - Epoch [5/100], Train Accuracy: 0.9948, Val Accuracy: 0.9125
2025-01-16 00:23:44,163 - INFO - Fold 2 Validation Accuracy: 0.9125
2025-01-16 00:23:44,163 - INFO - Training for fold 3/5
2025-01-16 00:23:44,270 - INFO - Epoch [1/100], Train Accuracy: 0.7297, Val Accuracy: 0.8771
2025-01-16 00:23:44,359 - INFO - Epoch [2/100], Train Accuracy: 0.9266, Val Accuracy: 0.8917
2025-01-16 00:23:44,452 - INFO - Epoch [3/100], Train Accuracy: 0.9729, Val Accuracy: 0.9042
2025-01-16 00:23:44,544 - INFO - Epoch [4/100], Train Accuracy: 0.9891, Val Accuracy: 0.9125
2025-01-16 00:23:44,643 - INFO - Epoch [5/100], Train Accuracy: 0.9953, Val Accuracy: 0.9125
2025-01-16 00:23:44,741 - INFO - Epoch [6/100], Train Accuracy: 0.9974, Val Accuracy: 0.9104
2025-01-16 00:23:44,751 - INFO - Fold 3 Validation Accuracy: 0.9104
2025-01-16 00:23:44,751 - INFO - Training for fold 4/5
2025-01-16 00:23:44,860 - INFO - Epoch [1/100], Train Accuracy: 0.6297, Val Accuracy: 0.8979
2025-01-16 00:23:44,957 - INFO - Epoch [2/100], Train Accuracy: 0.9292, Val Accuracy: 0.9313
2025-01-16 00:23:45,052 - INFO - Epoch [3/100], Train Accuracy: 0.9714, Val Accuracy: 0.9271
2025-01-16 00:23:45,142 - INFO - Epoch [4/100], Train Accuracy: 0.9896, Val Accuracy: 0.9229
2025-01-16 00:23:45,240 - INFO - Epoch [5/100], Train Accuracy: 0.9958, Val Accuracy: 0.9167
2025-01-16 00:23:45,249 - INFO - Fold 4 Validation Accuracy: 0.9167
2025-01-16 00:23:45,250 - INFO - Training for fold 5/5
2025-01-16 00:23:45,352 - INFO - Epoch [1/100], Train Accuracy: 0.6672, Val Accuracy: 0.8958
2025-01-16 00:23:45,448 - INFO - Epoch [2/100], Train Accuracy: 0.9271, Val Accuracy: 0.9146
2025-01-16 00:23:45,542 - INFO - Epoch [3/100], Train Accuracy: 0.9714, Val Accuracy: 0.9250
2025-01-16 00:23:45,632 - INFO - Epoch [4/100], Train Accuracy: 0.9875, Val Accuracy: 0.9292
2025-01-16 00:23:45,731 - INFO - Epoch [5/100], Train Accuracy: 0.9943, Val Accuracy: 0.9375
2025-01-16 00:23:45,820 - INFO - Epoch [6/100], Train Accuracy: 0.9984, Val Accuracy: 0.9271
2025-01-16 00:23:45,831 - INFO - Fold 5 Validation Accuracy: 0.9271
2025-01-16 00:23:45,831 - INFO - Average Validation Accuracy (Over 5 folds): 0.9167 

2025-01-16 00:23:45,954 - INFO - Training with Vectorized Data 2000 features. Dropout Rate 0.56. Dataset Size 2400. 128 neurons. Leanring Rate 0.0019
2025-01-16 00:23:45,954 - INFO - Training for fold 1/5
2025-01-16 00:23:46,059 - INFO - Epoch [1/100], Train Accuracy: 0.6469, Val Accuracy: 0.8708
2025-01-16 00:23:46,153 - INFO - Epoch [2/100], Train Accuracy: 0.9297, Val Accuracy: 0.9187
2025-01-16 00:23:46,247 - INFO - Epoch [3/100], Train Accuracy: 0.9729, Val Accuracy: 0.9313
2025-01-16 00:23:46,344 - INFO - Epoch [4/100], Train Accuracy: 0.9891, Val Accuracy: 0.9354
2025-01-16 00:23:46,438 - INFO - Epoch [5/100], Train Accuracy: 0.9964, Val Accuracy: 0.9313
2025-01-16 00:23:46,452 - INFO - Fold 1 Validation Accuracy: 0.9313
2025-01-16 00:23:46,452 - INFO - Training for fold 2/5
2025-01-16 00:23:46,556 - INFO - Epoch [1/100], Train Accuracy: 0.7167, Val Accuracy: 0.8792
2025-01-16 00:23:46,643 - INFO - Epoch [2/100], Train Accuracy: 0.9286, Val Accuracy: 0.9104
2025-01-16 00:23:46,729 - INFO - Epoch [3/100], Train Accuracy: 0.9698, Val Accuracy: 0.9146
2025-01-16 00:23:46,823 - INFO - Epoch [4/100], Train Accuracy: 0.9901, Val Accuracy: 0.9187
2025-01-16 00:23:46,912 - INFO - Epoch [5/100], Train Accuracy: 0.9958, Val Accuracy: 0.9187
2025-01-16 00:23:47,005 - INFO - Epoch [6/100], Train Accuracy: 0.9990, Val Accuracy: 0.9250
2025-01-16 00:23:47,092 - INFO - Epoch [7/100], Train Accuracy: 1.0000, Val Accuracy: 0.9042
2025-01-16 00:23:47,104 - INFO - Fold 2 Validation Accuracy: 0.9042
2025-01-16 00:23:47,104 - INFO - Training for fold 3/5
2025-01-16 00:23:47,218 - INFO - Epoch [1/100], Train Accuracy: 0.6557, Val Accuracy: 0.8938
2025-01-16 00:23:47,313 - INFO - Epoch [2/100], Train Accuracy: 0.9250, Val Accuracy: 0.9146
2025-01-16 00:23:47,406 - INFO - Epoch [3/100], Train Accuracy: 0.9719, Val Accuracy: 0.9208
2025-01-16 00:23:47,497 - INFO - Epoch [4/100], Train Accuracy: 0.9880, Val Accuracy: 0.9250
2025-01-16 00:23:47,593 - INFO - Epoch [5/100], Train Accuracy: 0.9953, Val Accuracy: 0.9313
2025-01-16 00:23:47,684 - INFO - Epoch [6/100], Train Accuracy: 0.9974, Val Accuracy: 0.9250
2025-01-16 00:23:47,695 - INFO - Fold 3 Validation Accuracy: 0.9250
2025-01-16 00:23:47,696 - INFO - Training for fold 4/5
2025-01-16 00:23:47,807 - INFO - Epoch [1/100], Train Accuracy: 0.6760, Val Accuracy: 0.8729
2025-01-16 00:23:47,904 - INFO - Epoch [2/100], Train Accuracy: 0.9286, Val Accuracy: 0.8938
2025-01-16 00:23:47,994 - INFO - Epoch [3/100], Train Accuracy: 0.9708, Val Accuracy: 0.9167
2025-01-16 00:23:48,086 - INFO - Epoch [4/100], Train Accuracy: 0.9849, Val Accuracy: 0.9250
2025-01-16 00:23:48,189 - INFO - Epoch [5/100], Train Accuracy: 0.9953, Val Accuracy: 0.9187
2025-01-16 00:23:48,204 - INFO - Fold 4 Validation Accuracy: 0.9187
2025-01-16 00:23:48,204 - INFO - Training for fold 5/5
2025-01-16 00:23:48,316 - INFO - Epoch [1/100], Train Accuracy: 0.6562, Val Accuracy: 0.8562
2025-01-16 00:23:48,413 - INFO - Epoch [2/100], Train Accuracy: 0.9318, Val Accuracy: 0.9062
2025-01-16 00:23:48,507 - INFO - Epoch [3/100], Train Accuracy: 0.9719, Val Accuracy: 0.9104
2025-01-16 00:23:48,604 - INFO - Epoch [4/100], Train Accuracy: 0.9865, Val Accuracy: 0.9208
2025-01-16 00:23:48,697 - INFO - Epoch [5/100], Train Accuracy: 0.9958, Val Accuracy: 0.9146
2025-01-16 00:23:48,711 - INFO - Fold 5 Validation Accuracy: 0.9146
2025-01-16 00:23:48,711 - INFO - Average Validation Accuracy (Over 5 folds): 0.9187 

2025-01-16 00:23:48,843 - INFO - Training with Vectorized Data 2000 features. Dropout Rate 0.56. Dataset Size 2400. 128 neurons. Leanring Rate 0.0019
2025-01-16 00:23:48,843 - INFO - Training for fold 1/5
2025-01-16 00:23:48,949 - INFO - Epoch [1/100], Train Accuracy: 0.6521, Val Accuracy: 0.8812
2025-01-16 00:23:49,041 - INFO - Epoch [2/100], Train Accuracy: 0.9260, Val Accuracy: 0.8958
2025-01-16 00:23:49,136 - INFO - Epoch [3/100], Train Accuracy: 0.9734, Val Accuracy: 0.9187
2025-01-16 00:23:49,228 - INFO - Epoch [4/100], Train Accuracy: 0.9896, Val Accuracy: 0.9146
2025-01-16 00:23:49,356 - INFO - Epoch [5/100], Train Accuracy: 0.9964, Val Accuracy: 0.9208
2025-01-16 00:23:49,449 - INFO - Epoch [6/100], Train Accuracy: 0.9990, Val Accuracy: 0.9125
2025-01-16 00:23:49,459 - INFO - Fold 1 Validation Accuracy: 0.9125
2025-01-16 00:23:49,459 - INFO - Training for fold 2/5
2025-01-16 00:23:49,573 - INFO - Epoch [1/100], Train Accuracy: 0.6224, Val Accuracy: 0.8938
2025-01-16 00:23:49,672 - INFO - Epoch [2/100], Train Accuracy: 0.9245, Val Accuracy: 0.9229
2025-01-16 00:23:49,767 - INFO - Epoch [3/100], Train Accuracy: 0.9672, Val Accuracy: 0.9396
2025-01-16 00:23:49,860 - INFO - Epoch [4/100], Train Accuracy: 0.9875, Val Accuracy: 0.9437
2025-01-16 00:23:49,952 - INFO - Epoch [5/100], Train Accuracy: 0.9958, Val Accuracy: 0.9437
2025-01-16 00:23:50,047 - INFO - Epoch [6/100], Train Accuracy: 0.9984, Val Accuracy: 0.9417
2025-01-16 00:23:50,057 - INFO - Fold 2 Validation Accuracy: 0.9417
2025-01-16 00:23:50,057 - INFO - Training for fold 3/5
2025-01-16 00:23:50,176 - INFO - Epoch [1/100], Train Accuracy: 0.6620, Val Accuracy: 0.8792
2025-01-16 00:23:50,270 - INFO - Epoch [2/100], Train Accuracy: 0.9307, Val Accuracy: 0.9167
2025-01-16 00:23:50,363 - INFO - Epoch [3/100], Train Accuracy: 0.9729, Val Accuracy: 0.9271
2025-01-16 00:23:50,456 - INFO - Epoch [4/100], Train Accuracy: 0.9875, Val Accuracy: 0.9187
2025-01-16 00:23:50,555 - INFO - Epoch [5/100], Train Accuracy: 0.9948, Val Accuracy: 0.9229
2025-01-16 00:23:50,568 - INFO - Fold 3 Validation Accuracy: 0.9229
2025-01-16 00:23:50,568 - INFO - Training for fold 4/5
2025-01-16 00:23:50,678 - INFO - Epoch [1/100], Train Accuracy: 0.6979, Val Accuracy: 0.8896
2025-01-16 00:23:50,782 - INFO - Epoch [2/100], Train Accuracy: 0.9307, Val Accuracy: 0.9042
2025-01-16 00:23:50,880 - INFO - Epoch [3/100], Train Accuracy: 0.9714, Val Accuracy: 0.9146
2025-01-16 00:23:50,972 - INFO - Epoch [4/100], Train Accuracy: 0.9880, Val Accuracy: 0.9167
2025-01-16 00:23:51,065 - INFO - Epoch [5/100], Train Accuracy: 0.9958, Val Accuracy: 0.9125
2025-01-16 00:23:51,076 - INFO - Fold 4 Validation Accuracy: 0.9125
2025-01-16 00:23:51,077 - INFO - Training for fold 5/5
2025-01-16 00:23:51,185 - INFO - Epoch [1/100], Train Accuracy: 0.7495, Val Accuracy: 0.8833
2025-01-16 00:23:51,288 - INFO - Epoch [2/100], Train Accuracy: 0.9318, Val Accuracy: 0.9146
2025-01-16 00:23:51,390 - INFO - Epoch [3/100], Train Accuracy: 0.9740, Val Accuracy: 0.9229
2025-01-16 00:23:51,492 - INFO - Epoch [4/100], Train Accuracy: 0.9891, Val Accuracy: 0.9167
2025-01-16 00:23:51,593 - INFO - Epoch [5/100], Train Accuracy: 0.9938, Val Accuracy: 0.9187
2025-01-16 00:23:51,606 - INFO - Fold 5 Validation Accuracy: 0.9187
2025-01-16 00:23:51,606 - INFO - Average Validation Accuracy (Over 5 folds): 0.9217 

2025-01-16 00:23:51,736 - INFO - Training with Vectorized Data 2000 features. Dropout Rate 0.56. Dataset Size 2400. 128 neurons. Leanring Rate 0.0019
2025-01-16 00:23:51,736 - INFO - Training for fold 1/5
2025-01-16 00:23:51,865 - INFO - Epoch [1/100], Train Accuracy: 0.7490, Val Accuracy: 0.8896
2025-01-16 00:23:51,967 - INFO - Epoch [2/100], Train Accuracy: 0.9297, Val Accuracy: 0.9125
2025-01-16 00:23:52,080 - INFO - Epoch [3/100], Train Accuracy: 0.9703, Val Accuracy: 0.9208
2025-01-16 00:23:52,183 - INFO - Epoch [4/100], Train Accuracy: 0.9891, Val Accuracy: 0.9104
2025-01-16 00:23:52,282 - INFO - Epoch [5/100], Train Accuracy: 0.9964, Val Accuracy: 0.9042
2025-01-16 00:23:52,292 - INFO - Fold 1 Validation Accuracy: 0.9042
2025-01-16 00:23:52,293 - INFO - Training for fold 2/5
2025-01-16 00:23:52,401 - INFO - Epoch [1/100], Train Accuracy: 0.6177, Val Accuracy: 0.8917
2025-01-16 00:23:52,494 - INFO - Epoch [2/100], Train Accuracy: 0.9339, Val Accuracy: 0.9083
2025-01-16 00:23:52,587 - INFO - Epoch [3/100], Train Accuracy: 0.9719, Val Accuracy: 0.9208
2025-01-16 00:23:52,684 - INFO - Epoch [4/100], Train Accuracy: 0.9880, Val Accuracy: 0.9167
2025-01-16 00:23:52,778 - INFO - Epoch [5/100], Train Accuracy: 0.9943, Val Accuracy: 0.9187
2025-01-16 00:23:52,788 - INFO - Fold 2 Validation Accuracy: 0.9187
2025-01-16 00:23:52,788 - INFO - Training for fold 3/5
2025-01-16 00:23:52,901 - INFO - Epoch [1/100], Train Accuracy: 0.6896, Val Accuracy: 0.8667
2025-01-16 00:23:52,996 - INFO - Epoch [2/100], Train Accuracy: 0.9224, Val Accuracy: 0.8854
2025-01-16 00:23:53,096 - INFO - Epoch [3/100], Train Accuracy: 0.9714, Val Accuracy: 0.9167
2025-01-16 00:23:53,191 - INFO - Epoch [4/100], Train Accuracy: 0.9896, Val Accuracy: 0.9313
2025-01-16 00:23:53,290 - INFO - Epoch [5/100], Train Accuracy: 0.9958, Val Accuracy: 0.9250
2025-01-16 00:23:53,302 - INFO - Fold 3 Validation Accuracy: 0.9250
2025-01-16 00:23:53,303 - INFO - Training for fold 4/5
2025-01-16 00:23:53,411 - INFO - Epoch [1/100], Train Accuracy: 0.6010, Val Accuracy: 0.9000
2025-01-16 00:23:53,516 - INFO - Epoch [2/100], Train Accuracy: 0.9297, Val Accuracy: 0.9125
2025-01-16 00:23:53,617 - INFO - Epoch [3/100], Train Accuracy: 0.9729, Val Accuracy: 0.9354
2025-01-16 00:23:53,715 - INFO - Epoch [4/100], Train Accuracy: 0.9891, Val Accuracy: 0.9187
2025-01-16 00:23:53,730 - INFO - Fold 4 Validation Accuracy: 0.9187
2025-01-16 00:23:53,731 - INFO - Training for fold 5/5
2025-01-16 00:23:53,850 - INFO - Epoch [1/100], Train Accuracy: 0.6927, Val Accuracy: 0.8688
2025-01-16 00:23:53,943 - INFO - Epoch [2/100], Train Accuracy: 0.9297, Val Accuracy: 0.9042
2025-01-16 00:23:54,040 - INFO - Epoch [3/100], Train Accuracy: 0.9729, Val Accuracy: 0.9104
2025-01-16 00:23:54,150 - INFO - Epoch [4/100], Train Accuracy: 0.9896, Val Accuracy: 0.9062
2025-01-16 00:23:54,256 - INFO - Epoch [5/100], Train Accuracy: 0.9958, Val Accuracy: 0.9125
2025-01-16 00:23:54,352 - INFO - Epoch [6/100], Train Accuracy: 0.9979, Val Accuracy: 0.9125
2025-01-16 00:23:54,446 - INFO - Epoch [7/100], Train Accuracy: 0.9990, Val Accuracy: 0.9083
2025-01-16 00:23:54,457 - INFO - Fold 5 Validation Accuracy: 0.9083
2025-01-16 00:23:54,457 - INFO - Average Validation Accuracy (Over 5 folds): 0.9150 

2025-01-16 00:23:54,584 - INFO - Training with Vectorized Data 2000 features. Dropout Rate 0.56. Dataset Size 2400. 128 neurons. Leanring Rate 0.0019
2025-01-16 00:23:54,584 - INFO - Training for fold 1/5
2025-01-16 00:23:54,715 - INFO - Epoch [1/100], Train Accuracy: 0.6156, Val Accuracy: 0.8979
2025-01-16 00:23:54,821 - INFO - Epoch [2/100], Train Accuracy: 0.9281, Val Accuracy: 0.9187
2025-01-16 00:23:54,922 - INFO - Epoch [3/100], Train Accuracy: 0.9677, Val Accuracy: 0.9333
2025-01-16 00:23:55,031 - INFO - Epoch [4/100], Train Accuracy: 0.9880, Val Accuracy: 0.9333
2025-01-16 00:23:55,134 - INFO - Epoch [5/100], Train Accuracy: 0.9938, Val Accuracy: 0.9250
2025-01-16 00:23:55,145 - INFO - Fold 1 Validation Accuracy: 0.9250
2025-01-16 00:23:55,145 - INFO - Training for fold 2/5
2025-01-16 00:23:55,260 - INFO - Epoch [1/100], Train Accuracy: 0.6719, Val Accuracy: 0.8896
2025-01-16 00:23:55,362 - INFO - Epoch [2/100], Train Accuracy: 0.9271, Val Accuracy: 0.9167
2025-01-16 00:23:55,476 - INFO - Epoch [3/100], Train Accuracy: 0.9719, Val Accuracy: 0.9229
2025-01-16 00:23:55,572 - INFO - Epoch [4/100], Train Accuracy: 0.9891, Val Accuracy: 0.9229
2025-01-16 00:23:55,682 - INFO - Epoch [5/100], Train Accuracy: 0.9948, Val Accuracy: 0.9167
2025-01-16 00:23:55,692 - INFO - Fold 2 Validation Accuracy: 0.9167
2025-01-16 00:23:55,692 - INFO - Training for fold 3/5
2025-01-16 00:23:55,813 - INFO - Epoch [1/100], Train Accuracy: 0.6635, Val Accuracy: 0.9000
2025-01-16 00:23:55,918 - INFO - Epoch [2/100], Train Accuracy: 0.9286, Val Accuracy: 0.9104
2025-01-16 00:23:56,031 - INFO - Epoch [3/100], Train Accuracy: 0.9740, Val Accuracy: 0.9250
2025-01-16 00:23:56,134 - INFO - Epoch [4/100], Train Accuracy: 0.9865, Val Accuracy: 0.9250
2025-01-16 00:23:56,237 - INFO - Epoch [5/100], Train Accuracy: 0.9958, Val Accuracy: 0.9250
2025-01-16 00:23:56,340 - INFO - Epoch [6/100], Train Accuracy: 0.9984, Val Accuracy: 0.9250
2025-01-16 00:23:56,454 - INFO - Epoch [7/100], Train Accuracy: 0.9990, Val Accuracy: 0.9250
2025-01-16 00:23:56,570 - INFO - Epoch [8/100], Train Accuracy: 0.9995, Val Accuracy: 0.9229
2025-01-16 00:23:56,581 - INFO - Fold 3 Validation Accuracy: 0.9229
2025-01-16 00:23:56,581 - INFO - Training for fold 4/5
2025-01-16 00:23:56,714 - INFO - Epoch [1/100], Train Accuracy: 0.6953, Val Accuracy: 0.8146
2025-01-16 00:23:56,828 - INFO - Epoch [2/100], Train Accuracy: 0.9240, Val Accuracy: 0.8833
2025-01-16 00:23:56,939 - INFO - Epoch [3/100], Train Accuracy: 0.9698, Val Accuracy: 0.9021
2025-01-16 00:23:57,054 - INFO - Epoch [4/100], Train Accuracy: 0.9885, Val Accuracy: 0.9042
2025-01-16 00:23:57,172 - INFO - Epoch [5/100], Train Accuracy: 0.9953, Val Accuracy: 0.9021
2025-01-16 00:23:57,182 - INFO - Fold 4 Validation Accuracy: 0.9021
2025-01-16 00:23:57,183 - INFO - Training for fold 5/5
2025-01-16 00:23:57,321 - INFO - Epoch [1/100], Train Accuracy: 0.7505, Val Accuracy: 0.8771
2025-01-16 00:23:57,434 - INFO - Epoch [2/100], Train Accuracy: 0.9307, Val Accuracy: 0.8958
2025-01-16 00:23:57,543 - INFO - Epoch [3/100], Train Accuracy: 0.9745, Val Accuracy: 0.9062
2025-01-16 00:23:57,653 - INFO - Epoch [4/100], Train Accuracy: 0.9906, Val Accuracy: 0.9021
2025-01-16 00:23:57,668 - INFO - Fold 5 Validation Accuracy: 0.9021
2025-01-16 00:23:57,668 - INFO - Average Validation Accuracy (Over 5 folds): 0.9138 

2025-01-16 00:23:57,797 - INFO - Training with Vectorized Data 2000 features. Dropout Rate 0.56. Dataset Size 2400. 128 neurons. Leanring Rate 0.0019
2025-01-16 00:23:57,798 - INFO - Training for fold 1/5
2025-01-16 00:23:57,913 - INFO - Epoch [1/100], Train Accuracy: 0.6521, Val Accuracy: 0.9000
2025-01-16 00:23:58,014 - INFO - Epoch [2/100], Train Accuracy: 0.9292, Val Accuracy: 0.9167
2025-01-16 00:23:58,130 - INFO - Epoch [3/100], Train Accuracy: 0.9766, Val Accuracy: 0.9313
2025-01-16 00:23:58,238 - INFO - Epoch [4/100], Train Accuracy: 0.9917, Val Accuracy: 0.9354
2025-01-16 00:23:58,335 - INFO - Epoch [5/100], Train Accuracy: 0.9943, Val Accuracy: 0.9333
2025-01-16 00:23:58,347 - INFO - Fold 1 Validation Accuracy: 0.9333
2025-01-16 00:23:58,347 - INFO - Training for fold 2/5
2025-01-16 00:23:58,477 - INFO - Epoch [1/100], Train Accuracy: 0.6589, Val Accuracy: 0.8979
2025-01-16 00:23:58,593 - INFO - Epoch [2/100], Train Accuracy: 0.9255, Val Accuracy: 0.9313
2025-01-16 00:23:58,707 - INFO - Epoch [3/100], Train Accuracy: 0.9698, Val Accuracy: 0.9292
2025-01-16 00:23:58,809 - INFO - Epoch [4/100], Train Accuracy: 0.9885, Val Accuracy: 0.9354
2025-01-16 00:23:58,909 - INFO - Epoch [5/100], Train Accuracy: 0.9953, Val Accuracy: 0.9313
2025-01-16 00:23:58,920 - INFO - Fold 2 Validation Accuracy: 0.9313
2025-01-16 00:23:58,920 - INFO - Training for fold 3/5
2025-01-16 00:23:59,052 - INFO - Epoch [1/100], Train Accuracy: 0.6161, Val Accuracy: 0.8792
2025-01-16 00:23:59,152 - INFO - Epoch [2/100], Train Accuracy: 0.9266, Val Accuracy: 0.9062
2025-01-16 00:23:59,254 - INFO - Epoch [3/100], Train Accuracy: 0.9719, Val Accuracy: 0.9208
2025-01-16 00:23:59,371 - INFO - Epoch [4/100], Train Accuracy: 0.9896, Val Accuracy: 0.9125
2025-01-16 00:23:59,477 - INFO - Epoch [5/100], Train Accuracy: 0.9958, Val Accuracy: 0.9021
2025-01-16 00:23:59,488 - INFO - Fold 3 Validation Accuracy: 0.9021
2025-01-16 00:23:59,488 - INFO - Training for fold 4/5
2025-01-16 00:23:59,606 - INFO - Epoch [1/100], Train Accuracy: 0.7125, Val Accuracy: 0.8833
2025-01-16 00:23:59,704 - INFO - Epoch [2/100], Train Accuracy: 0.9307, Val Accuracy: 0.8958
2025-01-16 00:23:59,800 - INFO - Epoch [3/100], Train Accuracy: 0.9703, Val Accuracy: 0.9104
2025-01-16 00:23:59,889 - INFO - Epoch [4/100], Train Accuracy: 0.9891, Val Accuracy: 0.9104
2025-01-16 00:23:59,982 - INFO - Epoch [5/100], Train Accuracy: 0.9958, Val Accuracy: 0.9167
2025-01-16 00:24:00,084 - INFO - Epoch [6/100], Train Accuracy: 0.9990, Val Accuracy: 0.9062
2025-01-16 00:24:00,094 - INFO - Fold 4 Validation Accuracy: 0.9062
2025-01-16 00:24:00,094 - INFO - Training for fold 5/5
2025-01-16 00:24:00,211 - INFO - Epoch [1/100], Train Accuracy: 0.6984, Val Accuracy: 0.8750
2025-01-16 00:24:00,304 - INFO - Epoch [2/100], Train Accuracy: 0.9307, Val Accuracy: 0.8958
2025-01-16 00:24:00,408 - INFO - Epoch [3/100], Train Accuracy: 0.9745, Val Accuracy: 0.9021
2025-01-16 00:24:00,533 - INFO - Epoch [4/100], Train Accuracy: 0.9896, Val Accuracy: 0.9062
2025-01-16 00:24:00,650 - INFO - Epoch [5/100], Train Accuracy: 0.9974, Val Accuracy: 0.9000
2025-01-16 00:24:00,668 - INFO - Fold 5 Validation Accuracy: 0.9000
2025-01-16 00:24:00,668 - INFO - Average Validation Accuracy (Over 5 folds): 0.9146 

2025-01-16 00:24:00,800 - INFO - Training with Vectorized Data 2000 features. Dropout Rate 0.56. Dataset Size 2400. 128 neurons. Leanring Rate 0.0019
2025-01-16 00:24:00,800 - INFO - Training for fold 1/5
2025-01-16 00:24:00,908 - INFO - Epoch [1/100], Train Accuracy: 0.7042, Val Accuracy: 0.8521
2025-01-16 00:24:01,009 - INFO - Epoch [2/100], Train Accuracy: 0.9276, Val Accuracy: 0.9083
2025-01-16 00:24:01,120 - INFO - Epoch [3/100], Train Accuracy: 0.9745, Val Accuracy: 0.9187
2025-01-16 00:24:01,215 - INFO - Epoch [4/100], Train Accuracy: 0.9875, Val Accuracy: 0.9271
2025-01-16 00:24:01,310 - INFO - Epoch [5/100], Train Accuracy: 0.9943, Val Accuracy: 0.9354
2025-01-16 00:24:01,414 - INFO - Epoch [6/100], Train Accuracy: 0.9969, Val Accuracy: 0.9354
2025-01-16 00:24:01,516 - INFO - Epoch [7/100], Train Accuracy: 0.9979, Val Accuracy: 0.9333
2025-01-16 00:24:01,526 - INFO - Fold 1 Validation Accuracy: 0.9333
2025-01-16 00:24:01,527 - INFO - Training for fold 2/5
2025-01-16 00:24:01,644 - INFO - Epoch [1/100], Train Accuracy: 0.7156, Val Accuracy: 0.8500
2025-01-16 00:24:01,737 - INFO - Epoch [2/100], Train Accuracy: 0.9193, Val Accuracy: 0.9208
2025-01-16 00:24:01,842 - INFO - Epoch [3/100], Train Accuracy: 0.9729, Val Accuracy: 0.9333
2025-01-16 00:24:01,942 - INFO - Epoch [4/100], Train Accuracy: 0.9885, Val Accuracy: 0.9271
2025-01-16 00:24:02,041 - INFO - Epoch [5/100], Train Accuracy: 0.9953, Val Accuracy: 0.9167
2025-01-16 00:24:02,051 - INFO - Fold 2 Validation Accuracy: 0.9167
2025-01-16 00:24:02,051 - INFO - Training for fold 3/5
2025-01-16 00:24:02,158 - INFO - Epoch [1/100], Train Accuracy: 0.6911, Val Accuracy: 0.8875
2025-01-16 00:24:02,250 - INFO - Epoch [2/100], Train Accuracy: 0.9260, Val Accuracy: 0.8979
2025-01-16 00:24:02,339 - INFO - Epoch [3/100], Train Accuracy: 0.9677, Val Accuracy: 0.9229
2025-01-16 00:24:02,440 - INFO - Epoch [4/100], Train Accuracy: 0.9891, Val Accuracy: 0.9229
2025-01-16 00:24:02,549 - INFO - Epoch [5/100], Train Accuracy: 0.9958, Val Accuracy: 0.9313
2025-01-16 00:24:02,643 - INFO - Epoch [6/100], Train Accuracy: 0.9990, Val Accuracy: 0.9208
2025-01-16 00:24:02,654 - INFO - Fold 3 Validation Accuracy: 0.9208
2025-01-16 00:24:02,654 - INFO - Training for fold 4/5
2025-01-16 00:24:02,764 - INFO - Epoch [1/100], Train Accuracy: 0.6693, Val Accuracy: 0.8917
2025-01-16 00:24:02,861 - INFO - Epoch [2/100], Train Accuracy: 0.9307, Val Accuracy: 0.9208
2025-01-16 00:24:02,957 - INFO - Epoch [3/100], Train Accuracy: 0.9698, Val Accuracy: 0.9146
2025-01-16 00:24:03,054 - INFO - Epoch [4/100], Train Accuracy: 0.9875, Val Accuracy: 0.9208
2025-01-16 00:24:03,152 - INFO - Epoch [5/100], Train Accuracy: 0.9943, Val Accuracy: 0.9187
2025-01-16 00:24:03,161 - INFO - Fold 4 Validation Accuracy: 0.9187
2025-01-16 00:24:03,162 - INFO - Training for fold 5/5
2025-01-16 00:24:03,268 - INFO - Epoch [1/100], Train Accuracy: 0.6604, Val Accuracy: 0.8854
2025-01-16 00:24:03,360 - INFO - Epoch [2/100], Train Accuracy: 0.9297, Val Accuracy: 0.8812
2025-01-16 00:24:03,477 - INFO - Epoch [3/100], Train Accuracy: 0.9703, Val Accuracy: 0.9229
2025-01-16 00:24:03,589 - INFO - Epoch [4/100], Train Accuracy: 0.9885, Val Accuracy: 0.9229
2025-01-16 00:24:03,686 - INFO - Epoch [5/100], Train Accuracy: 0.9948, Val Accuracy: 0.9333
2025-01-16 00:24:03,782 - INFO - Epoch [6/100], Train Accuracy: 0.9979, Val Accuracy: 0.9271
2025-01-16 00:24:03,795 - INFO - Fold 5 Validation Accuracy: 0.9271
2025-01-16 00:24:03,795 - INFO - Average Validation Accuracy (Over 5 folds): 0.9233 

2025-01-16 00:24:03,927 - INFO - Training with Vectorized Data 2000 features. Dropout Rate 0.56. Dataset Size 2400. 128 neurons. Leanring Rate 0.0019
2025-01-16 00:24:03,928 - INFO - Training for fold 1/5
2025-01-16 00:24:04,028 - INFO - Epoch [1/100], Train Accuracy: 0.6323, Val Accuracy: 0.8938
2025-01-16 00:24:04,126 - INFO - Epoch [2/100], Train Accuracy: 0.9276, Val Accuracy: 0.9208
2025-01-16 00:24:04,221 - INFO - Epoch [3/100], Train Accuracy: 0.9750, Val Accuracy: 0.9250
2025-01-16 00:24:04,326 - INFO - Epoch [4/100], Train Accuracy: 0.9880, Val Accuracy: 0.9333
2025-01-16 00:24:04,421 - INFO - Epoch [5/100], Train Accuracy: 0.9943, Val Accuracy: 0.9229
2025-01-16 00:24:04,434 - INFO - Fold 1 Validation Accuracy: 0.9229
2025-01-16 00:24:04,434 - INFO - Training for fold 2/5
2025-01-16 00:24:04,547 - INFO - Epoch [1/100], Train Accuracy: 0.7188, Val Accuracy: 0.8833
2025-01-16 00:24:04,643 - INFO - Epoch [2/100], Train Accuracy: 0.9260, Val Accuracy: 0.9229
2025-01-16 00:24:04,737 - INFO - Epoch [3/100], Train Accuracy: 0.9693, Val Accuracy: 0.9354
2025-01-16 00:24:04,827 - INFO - Epoch [4/100], Train Accuracy: 0.9932, Val Accuracy: 0.9208
2025-01-16 00:24:04,841 - INFO - Fold 2 Validation Accuracy: 0.9208
2025-01-16 00:24:04,842 - INFO - Training for fold 3/5
2025-01-16 00:24:04,952 - INFO - Epoch [1/100], Train Accuracy: 0.6937, Val Accuracy: 0.8854
2025-01-16 00:24:05,044 - INFO - Epoch [2/100], Train Accuracy: 0.9276, Val Accuracy: 0.8979
2025-01-16 00:24:05,145 - INFO - Epoch [3/100], Train Accuracy: 0.9740, Val Accuracy: 0.9104
2025-01-16 00:24:05,241 - INFO - Epoch [4/100], Train Accuracy: 0.9891, Val Accuracy: 0.9104
2025-01-16 00:24:05,338 - INFO - Epoch [5/100], Train Accuracy: 0.9948, Val Accuracy: 0.9104
2025-01-16 00:24:05,437 - INFO - Epoch [6/100], Train Accuracy: 0.9974, Val Accuracy: 0.9083
2025-01-16 00:24:05,447 - INFO - Fold 3 Validation Accuracy: 0.9083
2025-01-16 00:24:05,447 - INFO - Training for fold 4/5
2025-01-16 00:24:05,559 - INFO - Epoch [1/100], Train Accuracy: 0.6906, Val Accuracy: 0.8708
2025-01-16 00:24:05,654 - INFO - Epoch [2/100], Train Accuracy: 0.9260, Val Accuracy: 0.8979
2025-01-16 00:24:05,752 - INFO - Epoch [3/100], Train Accuracy: 0.9682, Val Accuracy: 0.9021
2025-01-16 00:24:05,852 - INFO - Epoch [4/100], Train Accuracy: 0.9885, Val Accuracy: 0.9125
2025-01-16 00:24:05,951 - INFO - Epoch [5/100], Train Accuracy: 0.9974, Val Accuracy: 0.9083
2025-01-16 00:24:05,961 - INFO - Fold 4 Validation Accuracy: 0.9083
2025-01-16 00:24:05,962 - INFO - Training for fold 5/5
2025-01-16 00:24:06,070 - INFO - Epoch [1/100], Train Accuracy: 0.6229, Val Accuracy: 0.8688
2025-01-16 00:24:06,181 - INFO - Epoch [2/100], Train Accuracy: 0.9260, Val Accuracy: 0.8833
2025-01-16 00:24:06,281 - INFO - Epoch [3/100], Train Accuracy: 0.9729, Val Accuracy: 0.9167
2025-01-16 00:24:06,379 - INFO - Epoch [4/100], Train Accuracy: 0.9870, Val Accuracy: 0.9146
2025-01-16 00:24:06,480 - INFO - Epoch [5/100], Train Accuracy: 0.9948, Val Accuracy: 0.9104
2025-01-16 00:24:06,491 - INFO - Fold 5 Validation Accuracy: 0.9104
2025-01-16 00:24:06,491 - INFO - Average Validation Accuracy (Over 5 folds): 0.9142 

2025-01-16 00:24:06,617 - INFO - Training with Vectorized Data 2000 features. Dropout Rate 0.56. Dataset Size 2400. 128 neurons. Leanring Rate 0.0019
2025-01-16 00:24:06,617 - INFO - Training for fold 1/5
2025-01-16 00:24:06,723 - INFO - Epoch [1/100], Train Accuracy: 0.7078, Val Accuracy: 0.8812
2025-01-16 00:24:06,820 - INFO - Epoch [2/100], Train Accuracy: 0.9370, Val Accuracy: 0.9208
2025-01-16 00:24:06,918 - INFO - Epoch [3/100], Train Accuracy: 0.9688, Val Accuracy: 0.9313
2025-01-16 00:24:07,020 - INFO - Epoch [4/100], Train Accuracy: 0.9896, Val Accuracy: 0.9292
2025-01-16 00:24:07,120 - INFO - Epoch [5/100], Train Accuracy: 0.9948, Val Accuracy: 0.9208
2025-01-16 00:24:07,138 - INFO - Fold 1 Validation Accuracy: 0.9208
2025-01-16 00:24:07,139 - INFO - Training for fold 2/5
2025-01-16 00:24:07,253 - INFO - Epoch [1/100], Train Accuracy: 0.7250, Val Accuracy: 0.8833
2025-01-16 00:24:07,358 - INFO - Epoch [2/100], Train Accuracy: 0.9276, Val Accuracy: 0.8979
2025-01-16 00:24:07,456 - INFO - Epoch [3/100], Train Accuracy: 0.9656, Val Accuracy: 0.9292
2025-01-16 00:24:07,556 - INFO - Epoch [4/100], Train Accuracy: 0.9885, Val Accuracy: 0.9250
2025-01-16 00:24:07,661 - INFO - Epoch [5/100], Train Accuracy: 0.9943, Val Accuracy: 0.9313
2025-01-16 00:24:07,771 - INFO - Epoch [6/100], Train Accuracy: 0.9969, Val Accuracy: 0.9271
2025-01-16 00:24:07,782 - INFO - Fold 2 Validation Accuracy: 0.9271
2025-01-16 00:24:07,783 - INFO - Training for fold 3/5
2025-01-16 00:24:07,908 - INFO - Epoch [1/100], Train Accuracy: 0.7094, Val Accuracy: 0.8542
2025-01-16 00:24:08,013 - INFO - Epoch [2/100], Train Accuracy: 0.9271, Val Accuracy: 0.9021
2025-01-16 00:24:08,119 - INFO - Epoch [3/100], Train Accuracy: 0.9703, Val Accuracy: 0.9250
2025-01-16 00:24:08,234 - INFO - Epoch [4/100], Train Accuracy: 0.9885, Val Accuracy: 0.9229
2025-01-16 00:24:08,339 - INFO - Epoch [5/100], Train Accuracy: 0.9969, Val Accuracy: 0.9125
2025-01-16 00:24:08,350 - INFO - Fold 3 Validation Accuracy: 0.9125
2025-01-16 00:24:08,350 - INFO - Training for fold 4/5
2025-01-16 00:24:08,460 - INFO - Epoch [1/100], Train Accuracy: 0.7323, Val Accuracy: 0.7833
2025-01-16 00:24:08,576 - INFO - Epoch [2/100], Train Accuracy: 0.9167, Val Accuracy: 0.9146
2025-01-16 00:24:08,680 - INFO - Epoch [3/100], Train Accuracy: 0.9729, Val Accuracy: 0.9292
2025-01-16 00:24:08,781 - INFO - Epoch [4/100], Train Accuracy: 0.9906, Val Accuracy: 0.9208
2025-01-16 00:24:08,792 - INFO - Fold 4 Validation Accuracy: 0.9208
2025-01-16 00:24:08,792 - INFO - Training for fold 5/5
2025-01-16 00:24:08,935 - INFO - Epoch [1/100], Train Accuracy: 0.6823, Val Accuracy: 0.9021
2025-01-16 00:24:09,041 - INFO - Epoch [2/100], Train Accuracy: 0.9328, Val Accuracy: 0.9104
2025-01-16 00:24:09,150 - INFO - Epoch [3/100], Train Accuracy: 0.9729, Val Accuracy: 0.9146
2025-01-16 00:24:09,255 - INFO - Epoch [4/100], Train Accuracy: 0.9885, Val Accuracy: 0.9187
2025-01-16 00:24:09,360 - INFO - Epoch [5/100], Train Accuracy: 0.9953, Val Accuracy: 0.9125
2025-01-16 00:24:09,373 - INFO - Fold 5 Validation Accuracy: 0.9125
2025-01-16 00:24:09,373 - INFO - Average Validation Accuracy (Over 5 folds): 0.9187 

2025-01-16 00:24:09,499 - INFO - Training with Vectorized Data 2000 features. Dropout Rate 0.56. Dataset Size 2400. 128 neurons. Leanring Rate 0.0019
2025-01-16 00:24:09,500 - INFO - Training for fold 1/5
2025-01-16 00:24:09,612 - INFO - Epoch [1/100], Train Accuracy: 0.6250, Val Accuracy: 0.8750
2025-01-16 00:24:09,711 - INFO - Epoch [2/100], Train Accuracy: 0.9328, Val Accuracy: 0.9125
2025-01-16 00:24:09,811 - INFO - Epoch [3/100], Train Accuracy: 0.9698, Val Accuracy: 0.9104
2025-01-16 00:24:09,917 - INFO - Epoch [4/100], Train Accuracy: 0.9885, Val Accuracy: 0.9000
2025-01-16 00:24:10,015 - INFO - Epoch [5/100], Train Accuracy: 0.9948, Val Accuracy: 0.9062
2025-01-16 00:24:10,025 - INFO - Fold 1 Validation Accuracy: 0.9062
2025-01-16 00:24:10,025 - INFO - Training for fold 2/5
2025-01-16 00:24:10,143 - INFO - Epoch [1/100], Train Accuracy: 0.6318, Val Accuracy: 0.8917
2025-01-16 00:24:10,240 - INFO - Epoch [2/100], Train Accuracy: 0.9339, Val Accuracy: 0.9083
2025-01-16 00:24:10,343 - INFO - Epoch [3/100], Train Accuracy: 0.9760, Val Accuracy: 0.9146
2025-01-16 00:24:10,440 - INFO - Epoch [4/100], Train Accuracy: 0.9906, Val Accuracy: 0.9271
2025-01-16 00:24:10,535 - INFO - Epoch [5/100], Train Accuracy: 0.9958, Val Accuracy: 0.9292
2025-01-16 00:24:10,636 - INFO - Epoch [6/100], Train Accuracy: 0.9990, Val Accuracy: 0.9271
2025-01-16 00:24:10,646 - INFO - Fold 2 Validation Accuracy: 0.9271
2025-01-16 00:24:10,646 - INFO - Training for fold 3/5
2025-01-16 00:24:10,765 - INFO - Epoch [1/100], Train Accuracy: 0.6943, Val Accuracy: 0.8750
2025-01-16 00:24:10,862 - INFO - Epoch [2/100], Train Accuracy: 0.9245, Val Accuracy: 0.8979
2025-01-16 00:24:10,958 - INFO - Epoch [3/100], Train Accuracy: 0.9724, Val Accuracy: 0.9167
2025-01-16 00:24:11,071 - INFO - Epoch [4/100], Train Accuracy: 0.9880, Val Accuracy: 0.9187
2025-01-16 00:24:11,166 - INFO - Epoch [5/100], Train Accuracy: 0.9953, Val Accuracy: 0.9208
2025-01-16 00:24:11,268 - INFO - Epoch [6/100], Train Accuracy: 0.9969, Val Accuracy: 0.9208
2025-01-16 00:24:11,374 - INFO - Epoch [7/100], Train Accuracy: 0.9990, Val Accuracy: 0.9208
2025-01-16 00:24:11,475 - INFO - Epoch [8/100], Train Accuracy: 0.9995, Val Accuracy: 0.9187
2025-01-16 00:24:11,490 - INFO - Fold 3 Validation Accuracy: 0.9187
2025-01-16 00:24:11,490 - INFO - Training for fold 4/5
2025-01-16 00:24:11,616 - INFO - Epoch [1/100], Train Accuracy: 0.7151, Val Accuracy: 0.8854
2025-01-16 00:24:11,723 - INFO - Epoch [2/100], Train Accuracy: 0.9156, Val Accuracy: 0.9250
2025-01-16 00:24:11,834 - INFO - Epoch [3/100], Train Accuracy: 0.9677, Val Accuracy: 0.9417
2025-01-16 00:24:11,945 - INFO - Epoch [4/100], Train Accuracy: 0.9865, Val Accuracy: 0.9521
2025-01-16 00:24:12,054 - INFO - Epoch [5/100], Train Accuracy: 0.9932, Val Accuracy: 0.9458
2025-01-16 00:24:12,067 - INFO - Fold 4 Validation Accuracy: 0.9458
2025-01-16 00:24:12,067 - INFO - Training for fold 5/5
2025-01-16 00:24:12,192 - INFO - Epoch [1/100], Train Accuracy: 0.7078, Val Accuracy: 0.8458
2025-01-16 00:24:12,321 - INFO - Epoch [2/100], Train Accuracy: 0.9286, Val Accuracy: 0.8729
2025-01-16 00:24:12,425 - INFO - Epoch [3/100], Train Accuracy: 0.9750, Val Accuracy: 0.9062
2025-01-16 00:24:12,526 - INFO - Epoch [4/100], Train Accuracy: 0.9901, Val Accuracy: 0.9062
2025-01-16 00:24:12,632 - INFO - Epoch [5/100], Train Accuracy: 0.9964, Val Accuracy: 0.9083
2025-01-16 00:24:12,727 - INFO - Epoch [6/100], Train Accuracy: 0.9990, Val Accuracy: 0.9104
2025-01-16 00:24:12,823 - INFO - Epoch [7/100], Train Accuracy: 0.9995, Val Accuracy: 0.9062
2025-01-16 00:24:12,836 - INFO - Fold 5 Validation Accuracy: 0.9062
2025-01-16 00:24:12,836 - INFO - Average Validation Accuracy (Over 5 folds): 0.9208 

2025-01-16 00:24:12,962 - INFO - Training with Vectorized Data 2000 features. Dropout Rate 0.56. Dataset Size 2400. 128 neurons. Leanring Rate 0.0019
2025-01-16 00:24:12,962 - INFO - Training for fold 1/5
2025-01-16 00:24:13,074 - INFO - Epoch [1/100], Train Accuracy: 0.6458, Val Accuracy: 0.8229
2025-01-16 00:24:13,171 - INFO - Epoch [2/100], Train Accuracy: 0.9224, Val Accuracy: 0.8958
2025-01-16 00:24:13,270 - INFO - Epoch [3/100], Train Accuracy: 0.9760, Val Accuracy: 0.9167
2025-01-16 00:24:13,375 - INFO - Epoch [4/100], Train Accuracy: 0.9896, Val Accuracy: 0.9167
2025-01-16 00:24:13,475 - INFO - Epoch [5/100], Train Accuracy: 0.9969, Val Accuracy: 0.9083
2025-01-16 00:24:13,490 - INFO - Fold 1 Validation Accuracy: 0.9083
2025-01-16 00:24:13,490 - INFO - Training for fold 2/5
2025-01-16 00:24:13,605 - INFO - Epoch [1/100], Train Accuracy: 0.6969, Val Accuracy: 0.8792
2025-01-16 00:24:13,717 - INFO - Epoch [2/100], Train Accuracy: 0.9349, Val Accuracy: 0.9146
2025-01-16 00:24:13,817 - INFO - Epoch [3/100], Train Accuracy: 0.9672, Val Accuracy: 0.9437
2025-01-16 00:24:13,926 - INFO - Epoch [4/100], Train Accuracy: 0.9901, Val Accuracy: 0.9396
2025-01-16 00:24:13,941 - INFO - Fold 2 Validation Accuracy: 0.9396
2025-01-16 00:24:13,941 - INFO - Training for fold 3/5
2025-01-16 00:24:14,052 - INFO - Epoch [1/100], Train Accuracy: 0.6333, Val Accuracy: 0.8625
2025-01-16 00:24:14,151 - INFO - Epoch [2/100], Train Accuracy: 0.9313, Val Accuracy: 0.8771
2025-01-16 00:24:14,251 - INFO - Epoch [3/100], Train Accuracy: 0.9755, Val Accuracy: 0.8979
2025-01-16 00:24:14,353 - INFO - Epoch [4/100], Train Accuracy: 0.9927, Val Accuracy: 0.8854
2025-01-16 00:24:14,367 - INFO - Fold 3 Validation Accuracy: 0.8854
2025-01-16 00:24:14,367 - INFO - Training for fold 4/5
2025-01-16 00:24:14,485 - INFO - Epoch [1/100], Train Accuracy: 0.7172, Val Accuracy: 0.8833
2025-01-16 00:24:14,600 - INFO - Epoch [2/100], Train Accuracy: 0.9255, Val Accuracy: 0.8979
2025-01-16 00:24:14,697 - INFO - Epoch [3/100], Train Accuracy: 0.9661, Val Accuracy: 0.9208
2025-01-16 00:24:14,801 - INFO - Epoch [4/100], Train Accuracy: 0.9849, Val Accuracy: 0.9187
2025-01-16 00:24:14,906 - INFO - Epoch [5/100], Train Accuracy: 0.9938, Val Accuracy: 0.9313
2025-01-16 00:24:15,019 - INFO - Epoch [6/100], Train Accuracy: 0.9974, Val Accuracy: 0.9229
2025-01-16 00:24:15,030 - INFO - Fold 4 Validation Accuracy: 0.9229
2025-01-16 00:24:15,030 - INFO - Training for fold 5/5
2025-01-16 00:24:15,152 - INFO - Epoch [1/100], Train Accuracy: 0.6365, Val Accuracy: 0.8958
2025-01-16 00:24:15,258 - INFO - Epoch [2/100], Train Accuracy: 0.9302, Val Accuracy: 0.9354
2025-01-16 00:24:15,352 - INFO - Epoch [3/100], Train Accuracy: 0.9703, Val Accuracy: 0.9417
2025-01-16 00:24:15,444 - INFO - Epoch [4/100], Train Accuracy: 0.9885, Val Accuracy: 0.9375
2025-01-16 00:24:15,539 - INFO - Epoch [5/100], Train Accuracy: 0.9932, Val Accuracy: 0.9375
2025-01-16 00:24:15,550 - INFO - Fold 5 Validation Accuracy: 0.9375
2025-01-16 00:24:15,550 - INFO - Average Validation Accuracy (Over 5 folds): 0.9187 

2025-01-16 00:24:15,680 - INFO - Training with Vectorized Data 2000 features. Dropout Rate 0.56. Dataset Size 2400. 128 neurons. Leanring Rate 0.0019
2025-01-16 00:24:15,680 - INFO - Training for fold 1/5
2025-01-16 00:24:15,788 - INFO - Epoch [1/100], Train Accuracy: 0.7380, Val Accuracy: 0.8750
2025-01-16 00:24:15,881 - INFO - Epoch [2/100], Train Accuracy: 0.9328, Val Accuracy: 0.8958
2025-01-16 00:24:15,973 - INFO - Epoch [3/100], Train Accuracy: 0.9719, Val Accuracy: 0.9104
2025-01-16 00:24:16,069 - INFO - Epoch [4/100], Train Accuracy: 0.9875, Val Accuracy: 0.9187
2025-01-16 00:24:16,159 - INFO - Epoch [5/100], Train Accuracy: 0.9922, Val Accuracy: 0.9167
2025-01-16 00:24:16,171 - INFO - Fold 1 Validation Accuracy: 0.9167
2025-01-16 00:24:16,172 - INFO - Training for fold 2/5
2025-01-16 00:24:16,277 - INFO - Epoch [1/100], Train Accuracy: 0.7172, Val Accuracy: 0.8771
2025-01-16 00:24:16,372 - INFO - Epoch [2/100], Train Accuracy: 0.9250, Val Accuracy: 0.9104
2025-01-16 00:24:16,458 - INFO - Epoch [3/100], Train Accuracy: 0.9693, Val Accuracy: 0.9104
2025-01-16 00:24:16,546 - INFO - Epoch [4/100], Train Accuracy: 0.9891, Val Accuracy: 0.9104
2025-01-16 00:24:16,640 - INFO - Epoch [5/100], Train Accuracy: 0.9969, Val Accuracy: 0.9062
2025-01-16 00:24:16,650 - INFO - Fold 2 Validation Accuracy: 0.9062
2025-01-16 00:24:16,650 - INFO - Training for fold 3/5
2025-01-16 00:24:16,756 - INFO - Epoch [1/100], Train Accuracy: 0.6953, Val Accuracy: 0.8854
2025-01-16 00:24:16,847 - INFO - Epoch [2/100], Train Accuracy: 0.9193, Val Accuracy: 0.9250
2025-01-16 00:24:16,940 - INFO - Epoch [3/100], Train Accuracy: 0.9734, Val Accuracy: 0.9354
2025-01-16 00:24:17,027 - INFO - Epoch [4/100], Train Accuracy: 0.9896, Val Accuracy: 0.9375
2025-01-16 00:24:17,117 - INFO - Epoch [5/100], Train Accuracy: 0.9958, Val Accuracy: 0.9396
2025-01-16 00:24:17,207 - INFO - Epoch [6/100], Train Accuracy: 0.9990, Val Accuracy: 0.9417
2025-01-16 00:24:17,293 - INFO - Epoch [7/100], Train Accuracy: 0.9990, Val Accuracy: 0.9375
2025-01-16 00:24:17,306 - INFO - Fold 3 Validation Accuracy: 0.9375
2025-01-16 00:24:17,306 - INFO - Training for fold 4/5
2025-01-16 00:24:17,414 - INFO - Epoch [1/100], Train Accuracy: 0.6802, Val Accuracy: 0.8667
2025-01-16 00:24:17,509 - INFO - Epoch [2/100], Train Accuracy: 0.9281, Val Accuracy: 0.9000
2025-01-16 00:24:17,604 - INFO - Epoch [3/100], Train Accuracy: 0.9703, Val Accuracy: 0.9104
2025-01-16 00:24:17,702 - INFO - Epoch [4/100], Train Accuracy: 0.9896, Val Accuracy: 0.9062
2025-01-16 00:24:17,791 - INFO - Epoch [5/100], Train Accuracy: 0.9958, Val Accuracy: 0.9104
2025-01-16 00:24:17,886 - INFO - Epoch [6/100], Train Accuracy: 0.9979, Val Accuracy: 0.9042
2025-01-16 00:24:17,897 - INFO - Fold 4 Validation Accuracy: 0.9042
2025-01-16 00:24:17,897 - INFO - Training for fold 5/5
2025-01-16 00:24:18,005 - INFO - Epoch [1/100], Train Accuracy: 0.6651, Val Accuracy: 0.9083
2025-01-16 00:24:18,098 - INFO - Epoch [2/100], Train Accuracy: 0.9250, Val Accuracy: 0.9208
2025-01-16 00:24:18,193 - INFO - Epoch [3/100], Train Accuracy: 0.9734, Val Accuracy: 0.9396
2025-01-16 00:24:18,283 - INFO - Epoch [4/100], Train Accuracy: 0.9901, Val Accuracy: 0.9354
2025-01-16 00:24:18,294 - INFO - Fold 5 Validation Accuracy: 0.9354
2025-01-16 00:24:18,294 - INFO - Average Validation Accuracy (Over 5 folds): 0.9200 

