2025-01-16 00:37:27,156 - INFO - Training with Vectorized Data 1000 features. Dropout Rate 0.56. Dataset Size 2400. 128 neurons. Leanring Rate 0.0025
2025-01-16 00:37:27,157 - INFO - Training for fold 1/5
2025-01-16 00:37:28,489 - INFO - Epoch [1/100], Train Accuracy: 0.6870, Val Accuracy: 0.8917
2025-01-16 00:37:28,599 - INFO - Epoch [2/100], Train Accuracy: 0.9276, Val Accuracy: 0.8958
2025-01-16 00:37:28,707 - INFO - Epoch [3/100], Train Accuracy: 0.9688, Val Accuracy: 0.9187
2025-01-16 00:37:28,806 - INFO - Epoch [4/100], Train Accuracy: 0.9839, Val Accuracy: 0.9250
2025-01-16 00:37:28,907 - INFO - Epoch [5/100], Train Accuracy: 0.9927, Val Accuracy: 0.9187
2025-01-16 00:37:28,917 - INFO - Fold 1 Validation Accuracy: 0.9187
2025-01-16 00:37:28,918 - INFO - Training for fold 2/5
2025-01-16 00:37:29,032 - INFO - Epoch [1/100], Train Accuracy: 0.7005, Val Accuracy: 0.8979
2025-01-16 00:37:29,134 - INFO - Epoch [2/100], Train Accuracy: 0.9292, Val Accuracy: 0.9187
2025-01-16 00:37:29,231 - INFO - Epoch [3/100], Train Accuracy: 0.9703, Val Accuracy: 0.9187
2025-01-16 00:37:29,332 - INFO - Epoch [4/100], Train Accuracy: 0.9839, Val Accuracy: 0.9104
2025-01-16 00:37:29,434 - INFO - Epoch [5/100], Train Accuracy: 0.9911, Val Accuracy: 0.9125
2025-01-16 00:37:29,443 - INFO - Fold 2 Validation Accuracy: 0.9125
2025-01-16 00:37:29,443 - INFO - Training for fold 3/5
2025-01-16 00:37:29,563 - INFO - Epoch [1/100], Train Accuracy: 0.6911, Val Accuracy: 0.8896
2025-01-16 00:37:29,662 - INFO - Epoch [2/100], Train Accuracy: 0.9276, Val Accuracy: 0.9104
2025-01-16 00:37:29,766 - INFO - Epoch [3/100], Train Accuracy: 0.9693, Val Accuracy: 0.9417
2025-01-16 00:37:29,862 - INFO - Epoch [4/100], Train Accuracy: 0.9812, Val Accuracy: 0.9333
2025-01-16 00:37:29,965 - INFO - Epoch [5/100], Train Accuracy: 0.9911, Val Accuracy: 0.9313
2025-01-16 00:37:29,975 - INFO - Fold 3 Validation Accuracy: 0.9313
2025-01-16 00:37:29,975 - INFO - Training for fold 4/5
2025-01-16 00:37:30,094 - INFO - Epoch [1/100], Train Accuracy: 0.7458, Val Accuracy: 0.8750
2025-01-16 00:37:30,190 - INFO - Epoch [2/100], Train Accuracy: 0.9224, Val Accuracy: 0.9187
2025-01-16 00:37:30,289 - INFO - Epoch [3/100], Train Accuracy: 0.9682, Val Accuracy: 0.9271
2025-01-16 00:37:30,378 - INFO - Epoch [4/100], Train Accuracy: 0.9875, Val Accuracy: 0.9208
2025-01-16 00:37:30,477 - INFO - Epoch [5/100], Train Accuracy: 0.9927, Val Accuracy: 0.9292
2025-01-16 00:37:30,571 - INFO - Epoch [6/100], Train Accuracy: 0.9948, Val Accuracy: 0.9167
2025-01-16 00:37:30,581 - INFO - Fold 4 Validation Accuracy: 0.9167
2025-01-16 00:37:30,581 - INFO - Training for fold 5/5
2025-01-16 00:37:30,686 - INFO - Epoch [1/100], Train Accuracy: 0.6594, Val Accuracy: 0.8729
2025-01-16 00:37:30,783 - INFO - Epoch [2/100], Train Accuracy: 0.9271, Val Accuracy: 0.9062
2025-01-16 00:37:30,886 - INFO - Epoch [3/100], Train Accuracy: 0.9677, Val Accuracy: 0.9271
2025-01-16 00:37:30,989 - INFO - Epoch [4/100], Train Accuracy: 0.9854, Val Accuracy: 0.9250
2025-01-16 00:37:31,090 - INFO - Epoch [5/100], Train Accuracy: 0.9911, Val Accuracy: 0.9187
2025-01-16 00:37:31,098 - INFO - Fold 5 Validation Accuracy: 0.9187
2025-01-16 00:37:31,099 - INFO - Average Validation Accuracy (Over 5 folds): 0.9196 

2025-01-16 00:37:31,221 - INFO - Training with Vectorized Data 1000 features. Dropout Rate 0.56. Dataset Size 2400. 128 neurons. Leanring Rate 0.0025
2025-01-16 00:37:31,222 - INFO - Training for fold 1/5
2025-01-16 00:37:31,350 - INFO - Epoch [1/100], Train Accuracy: 0.7516, Val Accuracy: 0.9000
2025-01-16 00:37:31,444 - INFO - Epoch [2/100], Train Accuracy: 0.9354, Val Accuracy: 0.9187
2025-01-16 00:37:31,541 - INFO - Epoch [3/100], Train Accuracy: 0.9719, Val Accuracy: 0.9375
2025-01-16 00:37:31,637 - INFO - Epoch [4/100], Train Accuracy: 0.9849, Val Accuracy: 0.9313
2025-01-16 00:37:31,736 - INFO - Epoch [5/100], Train Accuracy: 0.9906, Val Accuracy: 0.9313
2025-01-16 00:37:31,746 - INFO - Fold 1 Validation Accuracy: 0.9313
2025-01-16 00:37:31,746 - INFO - Training for fold 2/5
2025-01-16 00:37:31,863 - INFO - Epoch [1/100], Train Accuracy: 0.7365, Val Accuracy: 0.9125
2025-01-16 00:37:31,967 - INFO - Epoch [2/100], Train Accuracy: 0.9229, Val Accuracy: 0.9062
2025-01-16 00:37:32,062 - INFO - Epoch [3/100], Train Accuracy: 0.9646, Val Accuracy: 0.9354
2025-01-16 00:37:32,154 - INFO - Epoch [4/100], Train Accuracy: 0.9833, Val Accuracy: 0.9250
2025-01-16 00:37:32,250 - INFO - Epoch [5/100], Train Accuracy: 0.9911, Val Accuracy: 0.9313
2025-01-16 00:37:32,259 - INFO - Fold 2 Validation Accuracy: 0.9313
2025-01-16 00:37:32,259 - INFO - Training for fold 3/5
2025-01-16 00:37:32,368 - INFO - Epoch [1/100], Train Accuracy: 0.6339, Val Accuracy: 0.8625
2025-01-16 00:37:32,467 - INFO - Epoch [2/100], Train Accuracy: 0.9359, Val Accuracy: 0.8979
2025-01-16 00:37:32,559 - INFO - Epoch [3/100], Train Accuracy: 0.9719, Val Accuracy: 0.9000
2025-01-16 00:37:32,653 - INFO - Epoch [4/100], Train Accuracy: 0.9880, Val Accuracy: 0.9042
2025-01-16 00:37:32,768 - INFO - Epoch [5/100], Train Accuracy: 0.9938, Val Accuracy: 0.9000
2025-01-16 00:37:32,779 - INFO - Fold 3 Validation Accuracy: 0.9000
2025-01-16 00:37:32,779 - INFO - Training for fold 4/5
2025-01-16 00:37:32,882 - INFO - Epoch [1/100], Train Accuracy: 0.7052, Val Accuracy: 0.8708
2025-01-16 00:37:32,987 - INFO - Epoch [2/100], Train Accuracy: 0.9255, Val Accuracy: 0.9083
2025-01-16 00:37:33,083 - INFO - Epoch [3/100], Train Accuracy: 0.9667, Val Accuracy: 0.9354
2025-01-16 00:37:33,184 - INFO - Epoch [4/100], Train Accuracy: 0.9880, Val Accuracy: 0.9250
2025-01-16 00:37:33,277 - INFO - Epoch [5/100], Train Accuracy: 0.9948, Val Accuracy: 0.9292
2025-01-16 00:37:33,286 - INFO - Fold 4 Validation Accuracy: 0.9292
2025-01-16 00:37:33,286 - INFO - Training for fold 5/5
2025-01-16 00:37:33,401 - INFO - Epoch [1/100], Train Accuracy: 0.7000, Val Accuracy: 0.8979
2025-01-16 00:37:33,507 - INFO - Epoch [2/100], Train Accuracy: 0.9307, Val Accuracy: 0.8958
2025-01-16 00:37:33,604 - INFO - Epoch [3/100], Train Accuracy: 0.9708, Val Accuracy: 0.9187
2025-01-16 00:37:33,703 - INFO - Epoch [4/100], Train Accuracy: 0.9854, Val Accuracy: 0.9146
2025-01-16 00:37:33,792 - INFO - Epoch [5/100], Train Accuracy: 0.9917, Val Accuracy: 0.9083
2025-01-16 00:37:33,801 - INFO - Fold 5 Validation Accuracy: 0.9083
2025-01-16 00:37:33,801 - INFO - Average Validation Accuracy (Over 5 folds): 0.9200 

2025-01-16 00:37:33,927 - INFO - Training with Vectorized Data 1000 features. Dropout Rate 0.56. Dataset Size 2400. 128 neurons. Leanring Rate 0.0025
2025-01-16 00:37:33,928 - INFO - Training for fold 1/5
2025-01-16 00:37:34,043 - INFO - Epoch [1/100], Train Accuracy: 0.7401, Val Accuracy: 0.8938
2025-01-16 00:37:34,134 - INFO - Epoch [2/100], Train Accuracy: 0.9313, Val Accuracy: 0.9146
2025-01-16 00:37:34,225 - INFO - Epoch [3/100], Train Accuracy: 0.9708, Val Accuracy: 0.9250
2025-01-16 00:37:34,321 - INFO - Epoch [4/100], Train Accuracy: 0.9891, Val Accuracy: 0.9229
2025-01-16 00:37:34,424 - INFO - Epoch [5/100], Train Accuracy: 0.9948, Val Accuracy: 0.9229
2025-01-16 00:37:34,436 - INFO - Fold 1 Validation Accuracy: 0.9229
2025-01-16 00:37:34,436 - INFO - Training for fold 2/5
2025-01-16 00:37:34,557 - INFO - Epoch [1/100], Train Accuracy: 0.7005, Val Accuracy: 0.8646
2025-01-16 00:37:34,653 - INFO - Epoch [2/100], Train Accuracy: 0.9281, Val Accuracy: 0.9083
2025-01-16 00:37:34,765 - INFO - Epoch [3/100], Train Accuracy: 0.9677, Val Accuracy: 0.9271
2025-01-16 00:37:34,875 - INFO - Epoch [4/100], Train Accuracy: 0.9865, Val Accuracy: 0.9271
2025-01-16 00:37:34,970 - INFO - Epoch [5/100], Train Accuracy: 0.9911, Val Accuracy: 0.9250
2025-01-16 00:37:34,981 - INFO - Fold 2 Validation Accuracy: 0.9250
2025-01-16 00:37:34,981 - INFO - Training for fold 3/5
2025-01-16 00:37:35,106 - INFO - Epoch [1/100], Train Accuracy: 0.6818, Val Accuracy: 0.8854
2025-01-16 00:37:35,201 - INFO - Epoch [2/100], Train Accuracy: 0.9250, Val Accuracy: 0.9083
2025-01-16 00:37:35,298 - INFO - Epoch [3/100], Train Accuracy: 0.9672, Val Accuracy: 0.9187
2025-01-16 00:37:35,393 - INFO - Epoch [4/100], Train Accuracy: 0.9849, Val Accuracy: 0.9250
2025-01-16 00:37:35,487 - INFO - Epoch [5/100], Train Accuracy: 0.9917, Val Accuracy: 0.9208
2025-01-16 00:37:35,498 - INFO - Fold 3 Validation Accuracy: 0.9208
2025-01-16 00:37:35,498 - INFO - Training for fold 4/5
2025-01-16 00:37:35,640 - INFO - Epoch [1/100], Train Accuracy: 0.7531, Val Accuracy: 0.8812
2025-01-16 00:37:35,734 - INFO - Epoch [2/100], Train Accuracy: 0.9245, Val Accuracy: 0.9250
2025-01-16 00:37:35,826 - INFO - Epoch [3/100], Train Accuracy: 0.9667, Val Accuracy: 0.9333
2025-01-16 00:37:35,918 - INFO - Epoch [4/100], Train Accuracy: 0.9833, Val Accuracy: 0.9375
2025-01-16 00:37:36,007 - INFO - Epoch [5/100], Train Accuracy: 0.9901, Val Accuracy: 0.9354
2025-01-16 00:37:36,017 - INFO - Fold 4 Validation Accuracy: 0.9354
2025-01-16 00:37:36,017 - INFO - Training for fold 5/5
2025-01-16 00:37:36,149 - INFO - Epoch [1/100], Train Accuracy: 0.7240, Val Accuracy: 0.8917
2025-01-16 00:37:36,246 - INFO - Epoch [2/100], Train Accuracy: 0.9359, Val Accuracy: 0.8875
2025-01-16 00:37:36,341 - INFO - Epoch [3/100], Train Accuracy: 0.9698, Val Accuracy: 0.9229
2025-01-16 00:37:36,443 - INFO - Epoch [4/100], Train Accuracy: 0.9833, Val Accuracy: 0.9167
2025-01-16 00:37:36,536 - INFO - Epoch [5/100], Train Accuracy: 0.9927, Val Accuracy: 0.9187
2025-01-16 00:37:36,546 - INFO - Fold 5 Validation Accuracy: 0.9187
2025-01-16 00:37:36,546 - INFO - Average Validation Accuracy (Over 5 folds): 0.9246 

2025-01-16 00:37:36,671 - INFO - Training with Vectorized Data 1000 features. Dropout Rate 0.56. Dataset Size 2400. 128 neurons. Leanring Rate 0.0025
2025-01-16 00:37:36,672 - INFO - Training for fold 1/5
2025-01-16 00:37:36,791 - INFO - Epoch [1/100], Train Accuracy: 0.6990, Val Accuracy: 0.9000
2025-01-16 00:37:36,883 - INFO - Epoch [2/100], Train Accuracy: 0.9286, Val Accuracy: 0.9271
2025-01-16 00:37:36,986 - INFO - Epoch [3/100], Train Accuracy: 0.9651, Val Accuracy: 0.9292
2025-01-16 00:37:37,087 - INFO - Epoch [4/100], Train Accuracy: 0.9875, Val Accuracy: 0.9375
2025-01-16 00:37:37,185 - INFO - Epoch [5/100], Train Accuracy: 0.9922, Val Accuracy: 0.9313
2025-01-16 00:37:37,196 - INFO - Fold 1 Validation Accuracy: 0.9313
2025-01-16 00:37:37,196 - INFO - Training for fold 2/5
2025-01-16 00:37:37,309 - INFO - Epoch [1/100], Train Accuracy: 0.6630, Val Accuracy: 0.8875
2025-01-16 00:37:37,404 - INFO - Epoch [2/100], Train Accuracy: 0.9297, Val Accuracy: 0.9313
2025-01-16 00:37:37,506 - INFO - Epoch [3/100], Train Accuracy: 0.9672, Val Accuracy: 0.9396
2025-01-16 00:37:37,607 - INFO - Epoch [4/100], Train Accuracy: 0.9833, Val Accuracy: 0.9437
2025-01-16 00:37:37,707 - INFO - Epoch [5/100], Train Accuracy: 0.9922, Val Accuracy: 0.9396
2025-01-16 00:37:37,717 - INFO - Fold 2 Validation Accuracy: 0.9396
2025-01-16 00:37:37,717 - INFO - Training for fold 3/5
2025-01-16 00:37:37,844 - INFO - Epoch [1/100], Train Accuracy: 0.7557, Val Accuracy: 0.8812
2025-01-16 00:37:37,934 - INFO - Epoch [2/100], Train Accuracy: 0.9333, Val Accuracy: 0.9208
2025-01-16 00:37:38,032 - INFO - Epoch [3/100], Train Accuracy: 0.9724, Val Accuracy: 0.9208
2025-01-16 00:37:38,130 - INFO - Epoch [4/100], Train Accuracy: 0.9865, Val Accuracy: 0.9146
2025-01-16 00:37:38,235 - INFO - Epoch [5/100], Train Accuracy: 0.9906, Val Accuracy: 0.9146
2025-01-16 00:37:38,248 - INFO - Fold 3 Validation Accuracy: 0.9146
2025-01-16 00:37:38,248 - INFO - Training for fold 4/5
2025-01-16 00:37:38,382 - INFO - Epoch [1/100], Train Accuracy: 0.7443, Val Accuracy: 0.8792
2025-01-16 00:37:38,488 - INFO - Epoch [2/100], Train Accuracy: 0.9286, Val Accuracy: 0.9083
2025-01-16 00:37:38,589 - INFO - Epoch [3/100], Train Accuracy: 0.9688, Val Accuracy: 0.9104
2025-01-16 00:37:38,699 - INFO - Epoch [4/100], Train Accuracy: 0.9854, Val Accuracy: 0.9104
2025-01-16 00:37:38,800 - INFO - Epoch [5/100], Train Accuracy: 0.9943, Val Accuracy: 0.9146
2025-01-16 00:37:38,904 - INFO - Epoch [6/100], Train Accuracy: 0.9964, Val Accuracy: 0.9167
2025-01-16 00:37:38,999 - INFO - Epoch [7/100], Train Accuracy: 0.9974, Val Accuracy: 0.9146
2025-01-16 00:37:39,009 - INFO - Fold 4 Validation Accuracy: 0.9146
2025-01-16 00:37:39,010 - INFO - Training for fold 5/5
2025-01-16 00:37:39,131 - INFO - Epoch [1/100], Train Accuracy: 0.6948, Val Accuracy: 0.8750
2025-01-16 00:37:39,222 - INFO - Epoch [2/100], Train Accuracy: 0.9375, Val Accuracy: 0.9062
2025-01-16 00:37:39,318 - INFO - Epoch [3/100], Train Accuracy: 0.9698, Val Accuracy: 0.9042
2025-01-16 00:37:39,420 - INFO - Epoch [4/100], Train Accuracy: 0.9885, Val Accuracy: 0.9062
2025-01-16 00:37:39,522 - INFO - Epoch [5/100], Train Accuracy: 0.9948, Val Accuracy: 0.9021
2025-01-16 00:37:39,533 - INFO - Fold 5 Validation Accuracy: 0.9021
2025-01-16 00:37:39,533 - INFO - Average Validation Accuracy (Over 5 folds): 0.9204 

2025-01-16 00:37:39,661 - INFO - Training with Vectorized Data 1000 features. Dropout Rate 0.56. Dataset Size 2400. 128 neurons. Leanring Rate 0.0025
2025-01-16 00:37:39,662 - INFO - Training for fold 1/5
2025-01-16 00:37:39,792 - INFO - Epoch [1/100], Train Accuracy: 0.6750, Val Accuracy: 0.8812
2025-01-16 00:37:39,890 - INFO - Epoch [2/100], Train Accuracy: 0.9318, Val Accuracy: 0.9042
2025-01-16 00:37:39,986 - INFO - Epoch [3/100], Train Accuracy: 0.9682, Val Accuracy: 0.9104
2025-01-16 00:37:40,089 - INFO - Epoch [4/100], Train Accuracy: 0.9870, Val Accuracy: 0.9062
2025-01-16 00:37:40,188 - INFO - Epoch [5/100], Train Accuracy: 0.9927, Val Accuracy: 0.9083
2025-01-16 00:37:40,201 - INFO - Fold 1 Validation Accuracy: 0.9083
2025-01-16 00:37:40,202 - INFO - Training for fold 2/5
2025-01-16 00:37:40,346 - INFO - Epoch [1/100], Train Accuracy: 0.6698, Val Accuracy: 0.9000
2025-01-16 00:37:40,446 - INFO - Epoch [2/100], Train Accuracy: 0.9271, Val Accuracy: 0.9354
2025-01-16 00:37:40,545 - INFO - Epoch [3/100], Train Accuracy: 0.9635, Val Accuracy: 0.9375
2025-01-16 00:37:40,644 - INFO - Epoch [4/100], Train Accuracy: 0.9844, Val Accuracy: 0.9417
2025-01-16 00:37:40,740 - INFO - Epoch [5/100], Train Accuracy: 0.9911, Val Accuracy: 0.9396
2025-01-16 00:37:40,751 - INFO - Fold 2 Validation Accuracy: 0.9396
2025-01-16 00:37:40,752 - INFO - Training for fold 3/5
2025-01-16 00:37:40,891 - INFO - Epoch [1/100], Train Accuracy: 0.7208, Val Accuracy: 0.8896
2025-01-16 00:37:40,990 - INFO - Epoch [2/100], Train Accuracy: 0.9271, Val Accuracy: 0.9146
2025-01-16 00:37:41,090 - INFO - Epoch [3/100], Train Accuracy: 0.9719, Val Accuracy: 0.9271
2025-01-16 00:37:41,192 - INFO - Epoch [4/100], Train Accuracy: 0.9875, Val Accuracy: 0.9250
2025-01-16 00:37:41,299 - INFO - Epoch [5/100], Train Accuracy: 0.9938, Val Accuracy: 0.9208
2025-01-16 00:37:41,309 - INFO - Fold 3 Validation Accuracy: 0.9208
2025-01-16 00:37:41,310 - INFO - Training for fold 4/5
2025-01-16 00:37:41,457 - INFO - Epoch [1/100], Train Accuracy: 0.7417, Val Accuracy: 0.8792
2025-01-16 00:37:41,548 - INFO - Epoch [2/100], Train Accuracy: 0.9255, Val Accuracy: 0.9104
2025-01-16 00:37:41,638 - INFO - Epoch [3/100], Train Accuracy: 0.9672, Val Accuracy: 0.9333
2025-01-16 00:37:41,733 - INFO - Epoch [4/100], Train Accuracy: 0.9844, Val Accuracy: 0.9292
2025-01-16 00:37:41,822 - INFO - Epoch [5/100], Train Accuracy: 0.9932, Val Accuracy: 0.9167
2025-01-16 00:37:41,834 - INFO - Fold 4 Validation Accuracy: 0.9167
2025-01-16 00:37:41,834 - INFO - Training for fold 5/5
2025-01-16 00:37:41,950 - INFO - Epoch [1/100], Train Accuracy: 0.6042, Val Accuracy: 0.8938
2025-01-16 00:37:42,041 - INFO - Epoch [2/100], Train Accuracy: 0.9255, Val Accuracy: 0.9167
2025-01-16 00:37:42,132 - INFO - Epoch [3/100], Train Accuracy: 0.9719, Val Accuracy: 0.9250
2025-01-16 00:37:42,222 - INFO - Epoch [4/100], Train Accuracy: 0.9849, Val Accuracy: 0.9229
2025-01-16 00:37:42,316 - INFO - Epoch [5/100], Train Accuracy: 0.9901, Val Accuracy: 0.9208
2025-01-16 00:37:42,330 - INFO - Fold 5 Validation Accuracy: 0.9208
2025-01-16 00:37:42,330 - INFO - Average Validation Accuracy (Over 5 folds): 0.9212 

2025-01-16 00:37:42,462 - INFO - Training with Vectorized Data 1000 features. Dropout Rate 0.56. Dataset Size 2400. 128 neurons. Leanring Rate 0.0025
2025-01-16 00:37:42,462 - INFO - Training for fold 1/5
2025-01-16 00:37:42,583 - INFO - Epoch [1/100], Train Accuracy: 0.7375, Val Accuracy: 0.8583
2025-01-16 00:37:42,673 - INFO - Epoch [2/100], Train Accuracy: 0.9411, Val Accuracy: 0.8938
2025-01-16 00:37:42,773 - INFO - Epoch [3/100], Train Accuracy: 0.9698, Val Accuracy: 0.9146
2025-01-16 00:37:42,896 - INFO - Epoch [4/100], Train Accuracy: 0.9870, Val Accuracy: 0.9208
2025-01-16 00:37:42,990 - INFO - Epoch [5/100], Train Accuracy: 0.9922, Val Accuracy: 0.9187
2025-01-16 00:37:43,002 - INFO - Fold 1 Validation Accuracy: 0.9187
2025-01-16 00:37:43,002 - INFO - Training for fold 2/5
2025-01-16 00:37:43,123 - INFO - Epoch [1/100], Train Accuracy: 0.7016, Val Accuracy: 0.8875
2025-01-16 00:37:43,219 - INFO - Epoch [2/100], Train Accuracy: 0.9245, Val Accuracy: 0.9208
2025-01-16 00:37:43,314 - INFO - Epoch [3/100], Train Accuracy: 0.9693, Val Accuracy: 0.9292
2025-01-16 00:37:43,410 - INFO - Epoch [4/100], Train Accuracy: 0.9828, Val Accuracy: 0.9313
2025-01-16 00:37:43,506 - INFO - Epoch [5/100], Train Accuracy: 0.9917, Val Accuracy: 0.9313
2025-01-16 00:37:43,599 - INFO - Epoch [6/100], Train Accuracy: 0.9948, Val Accuracy: 0.9292
2025-01-16 00:37:43,609 - INFO - Fold 2 Validation Accuracy: 0.9292
2025-01-16 00:37:43,610 - INFO - Training for fold 3/5
2025-01-16 00:37:43,733 - INFO - Epoch [1/100], Train Accuracy: 0.6807, Val Accuracy: 0.9083
2025-01-16 00:37:43,832 - INFO - Epoch [2/100], Train Accuracy: 0.9302, Val Accuracy: 0.9146
2025-01-16 00:37:43,922 - INFO - Epoch [3/100], Train Accuracy: 0.9698, Val Accuracy: 0.9292
2025-01-16 00:37:44,016 - INFO - Epoch [4/100], Train Accuracy: 0.9818, Val Accuracy: 0.9313
2025-01-16 00:37:44,111 - INFO - Epoch [5/100], Train Accuracy: 0.9932, Val Accuracy: 0.9313
2025-01-16 00:37:44,204 - INFO - Epoch [6/100], Train Accuracy: 0.9964, Val Accuracy: 0.9271
2025-01-16 00:37:44,214 - INFO - Fold 3 Validation Accuracy: 0.9271
2025-01-16 00:37:44,215 - INFO - Training for fold 4/5
2025-01-16 00:37:44,334 - INFO - Epoch [1/100], Train Accuracy: 0.6823, Val Accuracy: 0.8979
2025-01-16 00:37:44,432 - INFO - Epoch [2/100], Train Accuracy: 0.9240, Val Accuracy: 0.9146
2025-01-16 00:37:44,543 - INFO - Epoch [3/100], Train Accuracy: 0.9693, Val Accuracy: 0.9271
2025-01-16 00:37:44,638 - INFO - Epoch [4/100], Train Accuracy: 0.9875, Val Accuracy: 0.9167
2025-01-16 00:37:44,754 - INFO - Epoch [5/100], Train Accuracy: 0.9922, Val Accuracy: 0.9083
2025-01-16 00:37:44,766 - INFO - Fold 4 Validation Accuracy: 0.9083
2025-01-16 00:37:44,766 - INFO - Training for fold 5/5
2025-01-16 00:37:44,907 - INFO - Epoch [1/100], Train Accuracy: 0.7250, Val Accuracy: 0.8771
2025-01-16 00:37:45,027 - INFO - Epoch [2/100], Train Accuracy: 0.9318, Val Accuracy: 0.9062
2025-01-16 00:37:45,146 - INFO - Epoch [3/100], Train Accuracy: 0.9688, Val Accuracy: 0.9021
2025-01-16 00:37:45,259 - INFO - Epoch [4/100], Train Accuracy: 0.9875, Val Accuracy: 0.8917
2025-01-16 00:37:45,371 - INFO - Epoch [5/100], Train Accuracy: 0.9948, Val Accuracy: 0.8896
2025-01-16 00:37:45,381 - INFO - Fold 5 Validation Accuracy: 0.8896
2025-01-16 00:37:45,382 - INFO - Average Validation Accuracy (Over 5 folds): 0.9146 

2025-01-16 00:37:45,513 - INFO - Training with Vectorized Data 1000 features. Dropout Rate 0.56. Dataset Size 2400. 128 neurons. Leanring Rate 0.0025
2025-01-16 00:37:45,514 - INFO - Training for fold 1/5
2025-01-16 00:37:45,644 - INFO - Epoch [1/100], Train Accuracy: 0.7620, Val Accuracy: 0.8979
2025-01-16 00:37:45,764 - INFO - Epoch [2/100], Train Accuracy: 0.9302, Val Accuracy: 0.9250
2025-01-16 00:37:45,881 - INFO - Epoch [3/100], Train Accuracy: 0.9714, Val Accuracy: 0.9250
2025-01-16 00:37:45,994 - INFO - Epoch [4/100], Train Accuracy: 0.9839, Val Accuracy: 0.9229
2025-01-16 00:37:46,106 - INFO - Epoch [5/100], Train Accuracy: 0.9927, Val Accuracy: 0.9208
2025-01-16 00:37:46,118 - INFO - Fold 1 Validation Accuracy: 0.9208
2025-01-16 00:37:46,118 - INFO - Training for fold 2/5
2025-01-16 00:37:46,249 - INFO - Epoch [1/100], Train Accuracy: 0.7266, Val Accuracy: 0.8875
2025-01-16 00:37:46,356 - INFO - Epoch [2/100], Train Accuracy: 0.9349, Val Accuracy: 0.9271
2025-01-16 00:37:46,457 - INFO - Epoch [3/100], Train Accuracy: 0.9734, Val Accuracy: 0.9292
2025-01-16 00:37:46,564 - INFO - Epoch [4/100], Train Accuracy: 0.9870, Val Accuracy: 0.9229
2025-01-16 00:37:46,679 - INFO - Epoch [5/100], Train Accuracy: 0.9932, Val Accuracy: 0.9187
2025-01-16 00:37:46,689 - INFO - Fold 2 Validation Accuracy: 0.9187
2025-01-16 00:37:46,689 - INFO - Training for fold 3/5
2025-01-16 00:37:46,830 - INFO - Epoch [1/100], Train Accuracy: 0.7521, Val Accuracy: 0.8833
2025-01-16 00:37:46,949 - INFO - Epoch [2/100], Train Accuracy: 0.9260, Val Accuracy: 0.8917
2025-01-16 00:37:47,067 - INFO - Epoch [3/100], Train Accuracy: 0.9677, Val Accuracy: 0.9000
2025-01-16 00:37:47,184 - INFO - Epoch [4/100], Train Accuracy: 0.9880, Val Accuracy: 0.9021
2025-01-16 00:37:47,302 - INFO - Epoch [5/100], Train Accuracy: 0.9964, Val Accuracy: 0.9000
2025-01-16 00:37:47,314 - INFO - Fold 3 Validation Accuracy: 0.9000
2025-01-16 00:37:47,314 - INFO - Training for fold 4/5
2025-01-16 00:37:47,463 - INFO - Epoch [1/100], Train Accuracy: 0.6953, Val Accuracy: 0.8896
2025-01-16 00:37:47,583 - INFO - Epoch [2/100], Train Accuracy: 0.9307, Val Accuracy: 0.9187
2025-01-16 00:37:47,697 - INFO - Epoch [3/100], Train Accuracy: 0.9688, Val Accuracy: 0.9333
2025-01-16 00:37:47,814 - INFO - Epoch [4/100], Train Accuracy: 0.9844, Val Accuracy: 0.9229
2025-01-16 00:37:47,928 - INFO - Epoch [5/100], Train Accuracy: 0.9927, Val Accuracy: 0.9187
2025-01-16 00:37:47,942 - INFO - Fold 4 Validation Accuracy: 0.9187
2025-01-16 00:37:47,942 - INFO - Training for fold 5/5
2025-01-16 00:37:48,078 - INFO - Epoch [1/100], Train Accuracy: 0.6781, Val Accuracy: 0.8812
2025-01-16 00:37:48,191 - INFO - Epoch [2/100], Train Accuracy: 0.9323, Val Accuracy: 0.9208
2025-01-16 00:37:48,302 - INFO - Epoch [3/100], Train Accuracy: 0.9677, Val Accuracy: 0.9208
2025-01-16 00:37:48,402 - INFO - Epoch [4/100], Train Accuracy: 0.9828, Val Accuracy: 0.9271
2025-01-16 00:37:48,509 - INFO - Epoch [5/100], Train Accuracy: 0.9911, Val Accuracy: 0.9250
2025-01-16 00:37:48,519 - INFO - Fold 5 Validation Accuracy: 0.9250
2025-01-16 00:37:48,519 - INFO - Average Validation Accuracy (Over 5 folds): 0.9167 

2025-01-16 00:37:48,658 - INFO - Training with Vectorized Data 1000 features. Dropout Rate 0.56. Dataset Size 2400. 128 neurons. Leanring Rate 0.0025
2025-01-16 00:37:48,659 - INFO - Training for fold 1/5
2025-01-16 00:37:48,804 - INFO - Epoch [1/100], Train Accuracy: 0.7328, Val Accuracy: 0.8729
2025-01-16 00:37:48,928 - INFO - Epoch [2/100], Train Accuracy: 0.9313, Val Accuracy: 0.9021
2025-01-16 00:37:49,049 - INFO - Epoch [3/100], Train Accuracy: 0.9760, Val Accuracy: 0.9125
2025-01-16 00:37:49,171 - INFO - Epoch [4/100], Train Accuracy: 0.9844, Val Accuracy: 0.9167
2025-01-16 00:37:49,297 - INFO - Epoch [5/100], Train Accuracy: 0.9922, Val Accuracy: 0.9229
2025-01-16 00:37:49,398 - INFO - Epoch [6/100], Train Accuracy: 0.9958, Val Accuracy: 0.9167
2025-01-16 00:37:49,412 - INFO - Fold 1 Validation Accuracy: 0.9167
2025-01-16 00:37:49,412 - INFO - Training for fold 2/5
2025-01-16 00:37:49,531 - INFO - Epoch [1/100], Train Accuracy: 0.7781, Val Accuracy: 0.8917
2025-01-16 00:37:49,629 - INFO - Epoch [2/100], Train Accuracy: 0.9281, Val Accuracy: 0.9292
2025-01-16 00:37:49,722 - INFO - Epoch [3/100], Train Accuracy: 0.9677, Val Accuracy: 0.9271
2025-01-16 00:37:49,828 - INFO - Epoch [4/100], Train Accuracy: 0.9875, Val Accuracy: 0.9250
2025-01-16 00:37:49,923 - INFO - Epoch [5/100], Train Accuracy: 0.9938, Val Accuracy: 0.9187
2025-01-16 00:37:49,932 - INFO - Fold 2 Validation Accuracy: 0.9187
2025-01-16 00:37:49,933 - INFO - Training for fold 3/5
2025-01-16 00:37:50,055 - INFO - Epoch [1/100], Train Accuracy: 0.7406, Val Accuracy: 0.8958
2025-01-16 00:37:50,153 - INFO - Epoch [2/100], Train Accuracy: 0.9307, Val Accuracy: 0.9146
2025-01-16 00:37:50,253 - INFO - Epoch [3/100], Train Accuracy: 0.9651, Val Accuracy: 0.9313
2025-01-16 00:37:50,349 - INFO - Epoch [4/100], Train Accuracy: 0.9849, Val Accuracy: 0.9354
2025-01-16 00:37:50,450 - INFO - Epoch [5/100], Train Accuracy: 0.9943, Val Accuracy: 0.9229
2025-01-16 00:37:50,460 - INFO - Fold 3 Validation Accuracy: 0.9229
2025-01-16 00:37:50,461 - INFO - Training for fold 4/5
2025-01-16 00:37:50,582 - INFO - Epoch [1/100], Train Accuracy: 0.7422, Val Accuracy: 0.8771
2025-01-16 00:37:50,681 - INFO - Epoch [2/100], Train Accuracy: 0.9250, Val Accuracy: 0.9229
2025-01-16 00:37:50,776 - INFO - Epoch [3/100], Train Accuracy: 0.9656, Val Accuracy: 0.9313
2025-01-16 00:37:50,869 - INFO - Epoch [4/100], Train Accuracy: 0.9828, Val Accuracy: 0.9313
2025-01-16 00:37:50,966 - INFO - Epoch [5/100], Train Accuracy: 0.9901, Val Accuracy: 0.9313
2025-01-16 00:37:51,060 - INFO - Epoch [6/100], Train Accuracy: 0.9938, Val Accuracy: 0.9333
2025-01-16 00:37:51,157 - INFO - Epoch [7/100], Train Accuracy: 0.9953, Val Accuracy: 0.9271
2025-01-16 00:37:51,168 - INFO - Fold 4 Validation Accuracy: 0.9271
2025-01-16 00:37:51,169 - INFO - Training for fold 5/5
2025-01-16 00:37:51,292 - INFO - Epoch [1/100], Train Accuracy: 0.7677, Val Accuracy: 0.8812
2025-01-16 00:37:51,390 - INFO - Epoch [2/100], Train Accuracy: 0.9380, Val Accuracy: 0.9250
2025-01-16 00:37:51,490 - INFO - Epoch [3/100], Train Accuracy: 0.9714, Val Accuracy: 0.9042
2025-01-16 00:37:51,503 - INFO - Fold 5 Validation Accuracy: 0.9042
2025-01-16 00:37:51,503 - INFO - Average Validation Accuracy (Over 5 folds): 0.9179 

2025-01-16 00:37:51,628 - INFO - Training with Vectorized Data 1000 features. Dropout Rate 0.56. Dataset Size 2400. 128 neurons. Leanring Rate 0.0025
2025-01-16 00:37:51,629 - INFO - Training for fold 1/5
2025-01-16 00:37:51,754 - INFO - Epoch [1/100], Train Accuracy: 0.6885, Val Accuracy: 0.9062
2025-01-16 00:37:51,851 - INFO - Epoch [2/100], Train Accuracy: 0.9307, Val Accuracy: 0.9167
2025-01-16 00:37:51,953 - INFO - Epoch [3/100], Train Accuracy: 0.9667, Val Accuracy: 0.9229
2025-01-16 00:37:52,048 - INFO - Epoch [4/100], Train Accuracy: 0.9849, Val Accuracy: 0.9250
2025-01-16 00:37:52,148 - INFO - Epoch [5/100], Train Accuracy: 0.9911, Val Accuracy: 0.9229
2025-01-16 00:37:52,158 - INFO - Fold 1 Validation Accuracy: 0.9229
2025-01-16 00:37:52,159 - INFO - Training for fold 2/5
2025-01-16 00:37:52,304 - INFO - Epoch [1/100], Train Accuracy: 0.6911, Val Accuracy: 0.8917
2025-01-16 00:37:52,418 - INFO - Epoch [2/100], Train Accuracy: 0.9318, Val Accuracy: 0.9250
2025-01-16 00:37:52,539 - INFO - Epoch [3/100], Train Accuracy: 0.9672, Val Accuracy: 0.9375
2025-01-16 00:37:52,646 - INFO - Epoch [4/100], Train Accuracy: 0.9865, Val Accuracy: 0.9292
2025-01-16 00:37:52,764 - INFO - Epoch [5/100], Train Accuracy: 0.9906, Val Accuracy: 0.9333
2025-01-16 00:37:52,778 - INFO - Fold 2 Validation Accuracy: 0.9333
2025-01-16 00:37:52,778 - INFO - Training for fold 3/5
2025-01-16 00:37:52,903 - INFO - Epoch [1/100], Train Accuracy: 0.6828, Val Accuracy: 0.8750
2025-01-16 00:37:53,027 - INFO - Epoch [2/100], Train Accuracy: 0.9307, Val Accuracy: 0.9083
2025-01-16 00:37:53,123 - INFO - Epoch [3/100], Train Accuracy: 0.9698, Val Accuracy: 0.9187
2025-01-16 00:37:53,221 - INFO - Epoch [4/100], Train Accuracy: 0.9854, Val Accuracy: 0.9208
2025-01-16 00:37:53,319 - INFO - Epoch [5/100], Train Accuracy: 0.9932, Val Accuracy: 0.9104
2025-01-16 00:37:53,332 - INFO - Fold 3 Validation Accuracy: 0.9104
2025-01-16 00:37:53,332 - INFO - Training for fold 4/5
2025-01-16 00:37:53,463 - INFO - Epoch [1/100], Train Accuracy: 0.7339, Val Accuracy: 0.9062
2025-01-16 00:37:53,559 - INFO - Epoch [2/100], Train Accuracy: 0.9318, Val Accuracy: 0.9187
2025-01-16 00:37:53,664 - INFO - Epoch [3/100], Train Accuracy: 0.9682, Val Accuracy: 0.9229
2025-01-16 00:37:53,776 - INFO - Epoch [4/100], Train Accuracy: 0.9875, Val Accuracy: 0.9229
2025-01-16 00:37:53,875 - INFO - Epoch [5/100], Train Accuracy: 0.9917, Val Accuracy: 0.9250
2025-01-16 00:37:53,985 - INFO - Epoch [6/100], Train Accuracy: 0.9953, Val Accuracy: 0.9167
2025-01-16 00:37:54,001 - INFO - Fold 4 Validation Accuracy: 0.9167
2025-01-16 00:37:54,001 - INFO - Training for fold 5/5
2025-01-16 00:37:54,119 - INFO - Epoch [1/100], Train Accuracy: 0.6443, Val Accuracy: 0.8792
2025-01-16 00:37:54,216 - INFO - Epoch [2/100], Train Accuracy: 0.9297, Val Accuracy: 0.9021
2025-01-16 00:37:54,316 - INFO - Epoch [3/100], Train Accuracy: 0.9698, Val Accuracy: 0.9146
2025-01-16 00:37:54,417 - INFO - Epoch [4/100], Train Accuracy: 0.9891, Val Accuracy: 0.9083
2025-01-16 00:37:54,515 - INFO - Epoch [5/100], Train Accuracy: 0.9927, Val Accuracy: 0.9083
2025-01-16 00:37:54,524 - INFO - Fold 5 Validation Accuracy: 0.9083
2025-01-16 00:37:54,526 - INFO - Average Validation Accuracy (Over 5 folds): 0.9183 

2025-01-16 00:37:54,665 - INFO - Training with Vectorized Data 1000 features. Dropout Rate 0.56. Dataset Size 2400. 128 neurons. Leanring Rate 0.0025
2025-01-16 00:37:54,665 - INFO - Training for fold 1/5
2025-01-16 00:37:54,789 - INFO - Epoch [1/100], Train Accuracy: 0.6411, Val Accuracy: 0.8875
2025-01-16 00:37:54,888 - INFO - Epoch [2/100], Train Accuracy: 0.9318, Val Accuracy: 0.9125
2025-01-16 00:37:54,990 - INFO - Epoch [3/100], Train Accuracy: 0.9682, Val Accuracy: 0.9208
2025-01-16 00:37:55,088 - INFO - Epoch [4/100], Train Accuracy: 0.9839, Val Accuracy: 0.9208
2025-01-16 00:37:55,190 - INFO - Epoch [5/100], Train Accuracy: 0.9885, Val Accuracy: 0.9208
2025-01-16 00:37:55,288 - INFO - Epoch [6/100], Train Accuracy: 0.9948, Val Accuracy: 0.9125
2025-01-16 00:37:55,302 - INFO - Fold 1 Validation Accuracy: 0.9125
2025-01-16 00:37:55,302 - INFO - Training for fold 2/5
2025-01-16 00:37:55,422 - INFO - Epoch [1/100], Train Accuracy: 0.6349, Val Accuracy: 0.8896
2025-01-16 00:37:55,528 - INFO - Epoch [2/100], Train Accuracy: 0.9203, Val Accuracy: 0.9146
2025-01-16 00:37:55,622 - INFO - Epoch [3/100], Train Accuracy: 0.9688, Val Accuracy: 0.9313
2025-01-16 00:37:55,717 - INFO - Epoch [4/100], Train Accuracy: 0.9828, Val Accuracy: 0.9313
2025-01-16 00:37:55,814 - INFO - Epoch [5/100], Train Accuracy: 0.9917, Val Accuracy: 0.9313
2025-01-16 00:37:55,908 - INFO - Epoch [6/100], Train Accuracy: 0.9948, Val Accuracy: 0.9313
2025-01-16 00:37:56,002 - INFO - Epoch [7/100], Train Accuracy: 0.9958, Val Accuracy: 0.9354
2025-01-16 00:37:56,100 - INFO - Epoch [8/100], Train Accuracy: 0.9964, Val Accuracy: 0.9333
2025-01-16 00:37:56,112 - INFO - Fold 2 Validation Accuracy: 0.9333
2025-01-16 00:37:56,113 - INFO - Training for fold 3/5
2025-01-16 00:37:56,249 - INFO - Epoch [1/100], Train Accuracy: 0.7318, Val Accuracy: 0.8604
2025-01-16 00:37:56,350 - INFO - Epoch [2/100], Train Accuracy: 0.9370, Val Accuracy: 0.9021
2025-01-16 00:37:56,450 - INFO - Epoch [3/100], Train Accuracy: 0.9714, Val Accuracy: 0.9146
2025-01-16 00:37:56,543 - INFO - Epoch [4/100], Train Accuracy: 0.9896, Val Accuracy: 0.9042
2025-01-16 00:37:56,641 - INFO - Epoch [5/100], Train Accuracy: 0.9938, Val Accuracy: 0.9021
2025-01-16 00:37:56,653 - INFO - Fold 3 Validation Accuracy: 0.9021
2025-01-16 00:37:56,653 - INFO - Training for fold 4/5
2025-01-16 00:37:56,782 - INFO - Epoch [1/100], Train Accuracy: 0.6865, Val Accuracy: 0.8917
2025-01-16 00:37:56,878 - INFO - Epoch [2/100], Train Accuracy: 0.9297, Val Accuracy: 0.9187
2025-01-16 00:37:56,977 - INFO - Epoch [3/100], Train Accuracy: 0.9615, Val Accuracy: 0.9250
2025-01-16 00:37:57,072 - INFO - Epoch [4/100], Train Accuracy: 0.9844, Val Accuracy: 0.9250
2025-01-16 00:37:57,176 - INFO - Epoch [5/100], Train Accuracy: 0.9922, Val Accuracy: 0.9229
2025-01-16 00:37:57,191 - INFO - Fold 4 Validation Accuracy: 0.9229
2025-01-16 00:37:57,191 - INFO - Training for fold 5/5
2025-01-16 00:37:57,310 - INFO - Epoch [1/100], Train Accuracy: 0.7016, Val Accuracy: 0.8812
2025-01-16 00:37:57,402 - INFO - Epoch [2/100], Train Accuracy: 0.9255, Val Accuracy: 0.9271
2025-01-16 00:37:57,507 - INFO - Epoch [3/100], Train Accuracy: 0.9677, Val Accuracy: 0.9250
2025-01-16 00:37:57,601 - INFO - Epoch [4/100], Train Accuracy: 0.9859, Val Accuracy: 0.9313
2025-01-16 00:37:57,701 - INFO - Epoch [5/100], Train Accuracy: 0.9938, Val Accuracy: 0.9292
2025-01-16 00:37:57,714 - INFO - Fold 5 Validation Accuracy: 0.9292
2025-01-16 00:37:57,716 - INFO - Average Validation Accuracy (Over 5 folds): 0.9200 

2025-01-16 00:37:57,843 - INFO - Training with Vectorized Data 1000 features. Dropout Rate 0.56. Dataset Size 2400. 128 neurons. Leanring Rate 0.0025
2025-01-16 00:37:57,844 - INFO - Training for fold 1/5
2025-01-16 00:37:57,973 - INFO - Epoch [1/100], Train Accuracy: 0.7495, Val Accuracy: 0.8812
2025-01-16 00:37:58,064 - INFO - Epoch [2/100], Train Accuracy: 0.9302, Val Accuracy: 0.9208
2025-01-16 00:37:58,158 - INFO - Epoch [3/100], Train Accuracy: 0.9698, Val Accuracy: 0.9292
2025-01-16 00:37:58,254 - INFO - Epoch [4/100], Train Accuracy: 0.9839, Val Accuracy: 0.9271
2025-01-16 00:37:58,354 - INFO - Epoch [5/100], Train Accuracy: 0.9927, Val Accuracy: 0.9229
2025-01-16 00:37:58,366 - INFO - Fold 1 Validation Accuracy: 0.9229
2025-01-16 00:37:58,366 - INFO - Training for fold 2/5
2025-01-16 00:37:58,486 - INFO - Epoch [1/100], Train Accuracy: 0.6990, Val Accuracy: 0.9125
2025-01-16 00:37:58,580 - INFO - Epoch [2/100], Train Accuracy: 0.9250, Val Accuracy: 0.9375
2025-01-16 00:37:58,675 - INFO - Epoch [3/100], Train Accuracy: 0.9641, Val Accuracy: 0.9313
2025-01-16 00:37:58,772 - INFO - Epoch [4/100], Train Accuracy: 0.9812, Val Accuracy: 0.9313
2025-01-16 00:37:58,871 - INFO - Epoch [5/100], Train Accuracy: 0.9938, Val Accuracy: 0.9250
2025-01-16 00:37:58,883 - INFO - Fold 2 Validation Accuracy: 0.9250
2025-01-16 00:37:58,883 - INFO - Training for fold 3/5
2025-01-16 00:37:59,000 - INFO - Epoch [1/100], Train Accuracy: 0.6432, Val Accuracy: 0.8896
2025-01-16 00:37:59,095 - INFO - Epoch [2/100], Train Accuracy: 0.9286, Val Accuracy: 0.9083
2025-01-16 00:37:59,269 - INFO - Epoch [3/100], Train Accuracy: 0.9677, Val Accuracy: 0.9271
2025-01-16 00:37:59,443 - INFO - Epoch [4/100], Train Accuracy: 0.9880, Val Accuracy: 0.9250
2025-01-16 00:37:59,592 - INFO - Epoch [5/100], Train Accuracy: 0.9943, Val Accuracy: 0.9229
2025-01-16 00:37:59,603 - INFO - Fold 3 Validation Accuracy: 0.9229
2025-01-16 00:37:59,604 - INFO - Training for fold 4/5
2025-01-16 00:37:59,751 - INFO - Epoch [1/100], Train Accuracy: 0.6276, Val Accuracy: 0.8708
2025-01-16 00:37:59,851 - INFO - Epoch [2/100], Train Accuracy: 0.9370, Val Accuracy: 0.8938
2025-01-16 00:37:59,948 - INFO - Epoch [3/100], Train Accuracy: 0.9729, Val Accuracy: 0.9083
2025-01-16 00:38:00,050 - INFO - Epoch [4/100], Train Accuracy: 0.9875, Val Accuracy: 0.9104
2025-01-16 00:38:00,153 - INFO - Epoch [5/100], Train Accuracy: 0.9917, Val Accuracy: 0.9021
2025-01-16 00:38:00,167 - INFO - Fold 4 Validation Accuracy: 0.9021
2025-01-16 00:38:00,167 - INFO - Training for fold 5/5
2025-01-16 00:38:00,290 - INFO - Epoch [1/100], Train Accuracy: 0.7359, Val Accuracy: 0.8771
2025-01-16 00:38:00,390 - INFO - Epoch [2/100], Train Accuracy: 0.9344, Val Accuracy: 0.9104
2025-01-16 00:38:00,495 - INFO - Epoch [3/100], Train Accuracy: 0.9698, Val Accuracy: 0.9271
2025-01-16 00:38:00,596 - INFO - Epoch [4/100], Train Accuracy: 0.9870, Val Accuracy: 0.9208
2025-01-16 00:38:00,697 - INFO - Epoch [5/100], Train Accuracy: 0.9938, Val Accuracy: 0.9250
2025-01-16 00:38:00,707 - INFO - Fold 5 Validation Accuracy: 0.9250
2025-01-16 00:38:00,708 - INFO - Average Validation Accuracy (Over 5 folds): 0.9196 

2025-01-16 00:38:00,833 - INFO - Training with Vectorized Data 1000 features. Dropout Rate 0.56. Dataset Size 2400. 128 neurons. Leanring Rate 0.0025
2025-01-16 00:38:00,833 - INFO - Training for fold 1/5
2025-01-16 00:38:00,946 - INFO - Epoch [1/100], Train Accuracy: 0.7271, Val Accuracy: 0.8708
2025-01-16 00:38:01,041 - INFO - Epoch [2/100], Train Accuracy: 0.9266, Val Accuracy: 0.9187
2025-01-16 00:38:01,137 - INFO - Epoch [3/100], Train Accuracy: 0.9661, Val Accuracy: 0.9354
2025-01-16 00:38:01,235 - INFO - Epoch [4/100], Train Accuracy: 0.9870, Val Accuracy: 0.9292
2025-01-16 00:38:01,332 - INFO - Epoch [5/100], Train Accuracy: 0.9917, Val Accuracy: 0.9167
2025-01-16 00:38:01,342 - INFO - Fold 1 Validation Accuracy: 0.9167
2025-01-16 00:38:01,342 - INFO - Training for fold 2/5
2025-01-16 00:38:01,465 - INFO - Epoch [1/100], Train Accuracy: 0.7312, Val Accuracy: 0.9062
2025-01-16 00:38:01,569 - INFO - Epoch [2/100], Train Accuracy: 0.9313, Val Accuracy: 0.9042
2025-01-16 00:38:01,664 - INFO - Epoch [3/100], Train Accuracy: 0.9703, Val Accuracy: 0.9167
2025-01-16 00:38:01,759 - INFO - Epoch [4/100], Train Accuracy: 0.9844, Val Accuracy: 0.8979
2025-01-16 00:38:01,769 - INFO - Fold 2 Validation Accuracy: 0.8979
2025-01-16 00:38:01,769 - INFO - Training for fold 3/5
2025-01-16 00:38:01,895 - INFO - Epoch [1/100], Train Accuracy: 0.7042, Val Accuracy: 0.8542
2025-01-16 00:38:01,992 - INFO - Epoch [2/100], Train Accuracy: 0.9339, Val Accuracy: 0.8896
2025-01-16 00:38:02,093 - INFO - Epoch [3/100], Train Accuracy: 0.9719, Val Accuracy: 0.8875
2025-01-16 00:38:02,201 - INFO - Epoch [4/100], Train Accuracy: 0.9891, Val Accuracy: 0.8938
2025-01-16 00:38:02,315 - INFO - Epoch [5/100], Train Accuracy: 0.9964, Val Accuracy: 0.8917
2025-01-16 00:38:02,331 - INFO - Fold 3 Validation Accuracy: 0.8917
2025-01-16 00:38:02,331 - INFO - Training for fold 4/5
2025-01-16 00:38:02,476 - INFO - Epoch [1/100], Train Accuracy: 0.7792, Val Accuracy: 0.8938
2025-01-16 00:38:02,581 - INFO - Epoch [2/100], Train Accuracy: 0.9281, Val Accuracy: 0.9167
2025-01-16 00:38:02,681 - INFO - Epoch [3/100], Train Accuracy: 0.9693, Val Accuracy: 0.9208
2025-01-16 00:38:02,790 - INFO - Epoch [4/100], Train Accuracy: 0.9812, Val Accuracy: 0.9167
2025-01-16 00:38:02,904 - INFO - Epoch [5/100], Train Accuracy: 0.9922, Val Accuracy: 0.9229
2025-01-16 00:38:03,014 - INFO - Epoch [6/100], Train Accuracy: 0.9953, Val Accuracy: 0.9187
2025-01-16 00:38:03,023 - INFO - Fold 4 Validation Accuracy: 0.9187
2025-01-16 00:38:03,023 - INFO - Training for fold 5/5
2025-01-16 00:38:03,152 - INFO - Epoch [1/100], Train Accuracy: 0.7146, Val Accuracy: 0.8729
2025-01-16 00:38:03,259 - INFO - Epoch [2/100], Train Accuracy: 0.9234, Val Accuracy: 0.9375
2025-01-16 00:38:03,370 - INFO - Epoch [3/100], Train Accuracy: 0.9698, Val Accuracy: 0.9417
2025-01-16 00:38:03,497 - INFO - Epoch [4/100], Train Accuracy: 0.9823, Val Accuracy: 0.9417
2025-01-16 00:38:03,607 - INFO - Epoch [5/100], Train Accuracy: 0.9927, Val Accuracy: 0.9396
2025-01-16 00:38:03,618 - INFO - Fold 5 Validation Accuracy: 0.9396
2025-01-16 00:38:03,618 - INFO - Average Validation Accuracy (Over 5 folds): 0.9129 

2025-01-16 00:38:03,749 - INFO - Training with Vectorized Data 1000 features. Dropout Rate 0.56. Dataset Size 2400. 128 neurons. Leanring Rate 0.0025
2025-01-16 00:38:03,750 - INFO - Training for fold 1/5
2025-01-16 00:38:03,916 - INFO - Epoch [1/100], Train Accuracy: 0.7578, Val Accuracy: 0.8958
2025-01-16 00:38:04,051 - INFO - Epoch [2/100], Train Accuracy: 0.9260, Val Accuracy: 0.9208
2025-01-16 00:38:04,224 - INFO - Epoch [3/100], Train Accuracy: 0.9750, Val Accuracy: 0.9208
2025-01-16 00:38:04,417 - INFO - Epoch [4/100], Train Accuracy: 0.9854, Val Accuracy: 0.9250
2025-01-16 00:38:04,543 - INFO - Epoch [5/100], Train Accuracy: 0.9917, Val Accuracy: 0.9229
2025-01-16 00:38:04,554 - INFO - Fold 1 Validation Accuracy: 0.9229
2025-01-16 00:38:04,554 - INFO - Training for fold 2/5
2025-01-16 00:38:04,688 - INFO - Epoch [1/100], Train Accuracy: 0.6750, Val Accuracy: 0.8688
2025-01-16 00:38:04,791 - INFO - Epoch [2/100], Train Accuracy: 0.9323, Val Accuracy: 0.8896
2025-01-16 00:38:04,901 - INFO - Epoch [3/100], Train Accuracy: 0.9703, Val Accuracy: 0.9083
2025-01-16 00:38:05,027 - INFO - Epoch [4/100], Train Accuracy: 0.9859, Val Accuracy: 0.9021
2025-01-16 00:38:05,151 - INFO - Epoch [5/100], Train Accuracy: 0.9927, Val Accuracy: 0.9000
2025-01-16 00:38:05,166 - INFO - Fold 2 Validation Accuracy: 0.9000
2025-01-16 00:38:05,166 - INFO - Training for fold 3/5
2025-01-16 00:38:05,287 - INFO - Epoch [1/100], Train Accuracy: 0.6422, Val Accuracy: 0.8917
2025-01-16 00:38:05,393 - INFO - Epoch [2/100], Train Accuracy: 0.9271, Val Accuracy: 0.9229
2025-01-16 00:38:05,523 - INFO - Epoch [3/100], Train Accuracy: 0.9667, Val Accuracy: 0.9333
2025-01-16 00:38:05,640 - INFO - Epoch [4/100], Train Accuracy: 0.9885, Val Accuracy: 0.9375
2025-01-16 00:38:05,749 - INFO - Epoch [5/100], Train Accuracy: 0.9948, Val Accuracy: 0.9292
2025-01-16 00:38:05,760 - INFO - Fold 3 Validation Accuracy: 0.9292
2025-01-16 00:38:05,760 - INFO - Training for fold 4/5
2025-01-16 00:38:05,873 - INFO - Epoch [1/100], Train Accuracy: 0.6750, Val Accuracy: 0.9000
2025-01-16 00:38:05,977 - INFO - Epoch [2/100], Train Accuracy: 0.9224, Val Accuracy: 0.9021
2025-01-16 00:38:06,069 - INFO - Epoch [3/100], Train Accuracy: 0.9661, Val Accuracy: 0.9333
2025-01-16 00:38:06,196 - INFO - Epoch [4/100], Train Accuracy: 0.9859, Val Accuracy: 0.9292
2025-01-16 00:38:06,298 - INFO - Epoch [5/100], Train Accuracy: 0.9943, Val Accuracy: 0.9229
2025-01-16 00:38:06,308 - INFO - Fold 4 Validation Accuracy: 0.9229
2025-01-16 00:38:06,308 - INFO - Training for fold 5/5
2025-01-16 00:38:06,433 - INFO - Epoch [1/100], Train Accuracy: 0.7604, Val Accuracy: 0.8979
2025-01-16 00:38:06,554 - INFO - Epoch [2/100], Train Accuracy: 0.9266, Val Accuracy: 0.9313
2025-01-16 00:38:06,686 - INFO - Epoch [3/100], Train Accuracy: 0.9677, Val Accuracy: 0.9292
2025-01-16 00:38:06,780 - INFO - Epoch [4/100], Train Accuracy: 0.9859, Val Accuracy: 0.9271
2025-01-16 00:38:06,879 - INFO - Epoch [5/100], Train Accuracy: 0.9927, Val Accuracy: 0.9292
2025-01-16 00:38:06,890 - INFO - Fold 5 Validation Accuracy: 0.9292
2025-01-16 00:38:06,890 - INFO - Average Validation Accuracy (Over 5 folds): 0.9208 

2025-01-16 00:38:07,027 - INFO - Training with Vectorized Data 1000 features. Dropout Rate 0.56. Dataset Size 2400. 128 neurons. Leanring Rate 0.0025
2025-01-16 00:38:07,028 - INFO - Training for fold 1/5
2025-01-16 00:38:07,144 - INFO - Epoch [1/100], Train Accuracy: 0.7328, Val Accuracy: 0.8771
2025-01-16 00:38:07,260 - INFO - Epoch [2/100], Train Accuracy: 0.9323, Val Accuracy: 0.8875
2025-01-16 00:38:07,374 - INFO - Epoch [3/100], Train Accuracy: 0.9693, Val Accuracy: 0.9167
2025-01-16 00:38:07,492 - INFO - Epoch [4/100], Train Accuracy: 0.9854, Val Accuracy: 0.9187
2025-01-16 00:38:07,594 - INFO - Epoch [5/100], Train Accuracy: 0.9932, Val Accuracy: 0.9187
2025-01-16 00:38:07,706 - INFO - Epoch [6/100], Train Accuracy: 0.9964, Val Accuracy: 0.9167
2025-01-16 00:38:07,717 - INFO - Fold 1 Validation Accuracy: 0.9167
2025-01-16 00:38:07,717 - INFO - Training for fold 2/5
2025-01-16 00:38:07,846 - INFO - Epoch [1/100], Train Accuracy: 0.6589, Val Accuracy: 0.8958
2025-01-16 00:38:07,940 - INFO - Epoch [2/100], Train Accuracy: 0.9318, Val Accuracy: 0.9167
2025-01-16 00:38:08,049 - INFO - Epoch [3/100], Train Accuracy: 0.9698, Val Accuracy: 0.9250
2025-01-16 00:38:08,159 - INFO - Epoch [4/100], Train Accuracy: 0.9875, Val Accuracy: 0.9208
2025-01-16 00:38:08,268 - INFO - Epoch [5/100], Train Accuracy: 0.9927, Val Accuracy: 0.9229
2025-01-16 00:38:08,286 - INFO - Fold 2 Validation Accuracy: 0.9229
2025-01-16 00:38:08,286 - INFO - Training for fold 3/5
2025-01-16 00:38:08,449 - INFO - Epoch [1/100], Train Accuracy: 0.6438, Val Accuracy: 0.8812
2025-01-16 00:38:08,603 - INFO - Epoch [2/100], Train Accuracy: 0.9286, Val Accuracy: 0.8958
2025-01-16 00:38:08,751 - INFO - Epoch [3/100], Train Accuracy: 0.9677, Val Accuracy: 0.9167
2025-01-16 00:38:08,897 - INFO - Epoch [4/100], Train Accuracy: 0.9828, Val Accuracy: 0.9062
2025-01-16 00:38:09,014 - INFO - Epoch [5/100], Train Accuracy: 0.9896, Val Accuracy: 0.9021
2025-01-16 00:38:09,136 - INFO - Epoch [6/100], Train Accuracy: 0.9943, Val Accuracy: 0.9042
2025-01-16 00:38:09,151 - INFO - Fold 3 Validation Accuracy: 0.9042
2025-01-16 00:38:09,151 - INFO - Training for fold 4/5
2025-01-16 00:38:09,290 - INFO - Epoch [1/100], Train Accuracy: 0.6589, Val Accuracy: 0.9000
2025-01-16 00:38:09,400 - INFO - Epoch [2/100], Train Accuracy: 0.9266, Val Accuracy: 0.9437
2025-01-16 00:38:09,506 - INFO - Epoch [3/100], Train Accuracy: 0.9714, Val Accuracy: 0.9333
2025-01-16 00:38:09,613 - INFO - Epoch [4/100], Train Accuracy: 0.9880, Val Accuracy: 0.9333
2025-01-16 00:38:09,732 - INFO - Epoch [5/100], Train Accuracy: 0.9948, Val Accuracy: 0.9271
2025-01-16 00:38:09,744 - INFO - Fold 4 Validation Accuracy: 0.9271
2025-01-16 00:38:09,744 - INFO - Training for fold 5/5
2025-01-16 00:38:09,883 - INFO - Epoch [1/100], Train Accuracy: 0.7083, Val Accuracy: 0.9000
2025-01-16 00:38:09,989 - INFO - Epoch [2/100], Train Accuracy: 0.9234, Val Accuracy: 0.9104
2025-01-16 00:38:10,112 - INFO - Epoch [3/100], Train Accuracy: 0.9693, Val Accuracy: 0.9333
2025-01-16 00:38:10,233 - INFO - Epoch [4/100], Train Accuracy: 0.9865, Val Accuracy: 0.9271
2025-01-16 00:38:10,370 - INFO - Epoch [5/100], Train Accuracy: 0.9917, Val Accuracy: 0.9313
2025-01-16 00:38:10,382 - INFO - Fold 5 Validation Accuracy: 0.9313
2025-01-16 00:38:10,383 - INFO - Average Validation Accuracy (Over 5 folds): 0.9204 

2025-01-16 00:38:10,516 - INFO - Training with Vectorized Data 1000 features. Dropout Rate 0.56. Dataset Size 2400. 128 neurons. Leanring Rate 0.0025
2025-01-16 00:38:10,516 - INFO - Training for fold 1/5
2025-01-16 00:38:10,646 - INFO - Epoch [1/100], Train Accuracy: 0.7370, Val Accuracy: 0.8771
2025-01-16 00:38:10,746 - INFO - Epoch [2/100], Train Accuracy: 0.9271, Val Accuracy: 0.9104
2025-01-16 00:38:10,849 - INFO - Epoch [3/100], Train Accuracy: 0.9677, Val Accuracy: 0.9187
2025-01-16 00:38:10,948 - INFO - Epoch [4/100], Train Accuracy: 0.9844, Val Accuracy: 0.9208
2025-01-16 00:38:11,041 - INFO - Epoch [5/100], Train Accuracy: 0.9911, Val Accuracy: 0.9167
2025-01-16 00:38:11,055 - INFO - Fold 1 Validation Accuracy: 0.9167
2025-01-16 00:38:11,055 - INFO - Training for fold 2/5
2025-01-16 00:38:11,195 - INFO - Epoch [1/100], Train Accuracy: 0.6729, Val Accuracy: 0.9000
2025-01-16 00:38:11,295 - INFO - Epoch [2/100], Train Accuracy: 0.9260, Val Accuracy: 0.9271
2025-01-16 00:38:11,396 - INFO - Epoch [3/100], Train Accuracy: 0.9682, Val Accuracy: 0.9396
2025-01-16 00:38:11,499 - INFO - Epoch [4/100], Train Accuracy: 0.9854, Val Accuracy: 0.9333
2025-01-16 00:38:11,599 - INFO - Epoch [5/100], Train Accuracy: 0.9927, Val Accuracy: 0.9292
2025-01-16 00:38:11,612 - INFO - Fold 2 Validation Accuracy: 0.9292
2025-01-16 00:38:11,612 - INFO - Training for fold 3/5
2025-01-16 00:38:11,752 - INFO - Epoch [1/100], Train Accuracy: 0.7177, Val Accuracy: 0.9083
2025-01-16 00:38:11,849 - INFO - Epoch [2/100], Train Accuracy: 0.9255, Val Accuracy: 0.9271
2025-01-16 00:38:11,948 - INFO - Epoch [3/100], Train Accuracy: 0.9651, Val Accuracy: 0.9292
2025-01-16 00:38:12,047 - INFO - Epoch [4/100], Train Accuracy: 0.9818, Val Accuracy: 0.9354
2025-01-16 00:38:12,146 - INFO - Epoch [5/100], Train Accuracy: 0.9927, Val Accuracy: 0.9313
2025-01-16 00:38:12,156 - INFO - Fold 3 Validation Accuracy: 0.9313
2025-01-16 00:38:12,157 - INFO - Training for fold 4/5
2025-01-16 00:38:12,298 - INFO - Epoch [1/100], Train Accuracy: 0.6870, Val Accuracy: 0.8667
2025-01-16 00:38:12,396 - INFO - Epoch [2/100], Train Accuracy: 0.9297, Val Accuracy: 0.8917
2025-01-16 00:38:12,496 - INFO - Epoch [3/100], Train Accuracy: 0.9755, Val Accuracy: 0.9146
2025-01-16 00:38:12,600 - INFO - Epoch [4/100], Train Accuracy: 0.9865, Val Accuracy: 0.9021
2025-01-16 00:38:12,702 - INFO - Epoch [5/100], Train Accuracy: 0.9922, Val Accuracy: 0.9042
2025-01-16 00:38:12,722 - INFO - Fold 4 Validation Accuracy: 0.9042
2025-01-16 00:38:12,722 - INFO - Training for fold 5/5
2025-01-16 00:38:12,855 - INFO - Epoch [1/100], Train Accuracy: 0.6766, Val Accuracy: 0.8854
2025-01-16 00:38:12,949 - INFO - Epoch [2/100], Train Accuracy: 0.9297, Val Accuracy: 0.9104
2025-01-16 00:38:13,044 - INFO - Epoch [3/100], Train Accuracy: 0.9682, Val Accuracy: 0.9250
2025-01-16 00:38:13,169 - INFO - Epoch [4/100], Train Accuracy: 0.9865, Val Accuracy: 0.9167
2025-01-16 00:38:13,271 - INFO - Epoch [5/100], Train Accuracy: 0.9927, Val Accuracy: 0.9208
2025-01-16 00:38:13,292 - INFO - Fold 5 Validation Accuracy: 0.9208
2025-01-16 00:38:13,292 - INFO - Average Validation Accuracy (Over 5 folds): 0.9204 

2025-01-16 00:38:13,442 - INFO - Training with Vectorized Data 1000 features. Dropout Rate 0.56. Dataset Size 2400. 128 neurons. Leanring Rate 0.0025
2025-01-16 00:38:13,442 - INFO - Training for fold 1/5
2025-01-16 00:38:13,556 - INFO - Epoch [1/100], Train Accuracy: 0.6776, Val Accuracy: 0.8917
2025-01-16 00:38:13,658 - INFO - Epoch [2/100], Train Accuracy: 0.9297, Val Accuracy: 0.9187
2025-01-16 00:38:13,753 - INFO - Epoch [3/100], Train Accuracy: 0.9714, Val Accuracy: 0.9396
2025-01-16 00:38:13,850 - INFO - Epoch [4/100], Train Accuracy: 0.9854, Val Accuracy: 0.9354
2025-01-16 00:38:13,945 - INFO - Epoch [5/100], Train Accuracy: 0.9917, Val Accuracy: 0.9375
2025-01-16 00:38:13,954 - INFO - Fold 1 Validation Accuracy: 0.9375
2025-01-16 00:38:13,954 - INFO - Training for fold 2/5
2025-01-16 00:38:14,071 - INFO - Epoch [1/100], Train Accuracy: 0.6505, Val Accuracy: 0.9208
2025-01-16 00:38:14,166 - INFO - Epoch [2/100], Train Accuracy: 0.9245, Val Accuracy: 0.9333
2025-01-16 00:38:14,266 - INFO - Epoch [3/100], Train Accuracy: 0.9646, Val Accuracy: 0.9354
2025-01-16 00:38:14,419 - INFO - Epoch [4/100], Train Accuracy: 0.9839, Val Accuracy: 0.9417
2025-01-16 00:38:14,556 - INFO - Epoch [5/100], Train Accuracy: 0.9922, Val Accuracy: 0.9500
2025-01-16 00:38:14,685 - INFO - Epoch [6/100], Train Accuracy: 0.9958, Val Accuracy: 0.9458
2025-01-16 00:38:14,700 - INFO - Fold 2 Validation Accuracy: 0.9458
2025-01-16 00:38:14,701 - INFO - Training for fold 3/5
2025-01-16 00:38:14,847 - INFO - Epoch [1/100], Train Accuracy: 0.7135, Val Accuracy: 0.8896
2025-01-16 00:38:14,951 - INFO - Epoch [2/100], Train Accuracy: 0.9297, Val Accuracy: 0.9271
2025-01-16 00:38:15,053 - INFO - Epoch [3/100], Train Accuracy: 0.9677, Val Accuracy: 0.9167
2025-01-16 00:38:15,152 - INFO - Epoch [4/100], Train Accuracy: 0.9854, Val Accuracy: 0.9125
2025-01-16 00:38:15,257 - INFO - Epoch [5/100], Train Accuracy: 0.9922, Val Accuracy: 0.9104
2025-01-16 00:38:15,270 - INFO - Fold 3 Validation Accuracy: 0.9104
2025-01-16 00:38:15,270 - INFO - Training for fold 4/5
2025-01-16 00:38:15,402 - INFO - Epoch [1/100], Train Accuracy: 0.7521, Val Accuracy: 0.8438
2025-01-16 00:38:15,522 - INFO - Epoch [2/100], Train Accuracy: 0.9286, Val Accuracy: 0.8979
2025-01-16 00:38:15,633 - INFO - Epoch [3/100], Train Accuracy: 0.9703, Val Accuracy: 0.8938
2025-01-16 00:38:15,734 - INFO - Epoch [4/100], Train Accuracy: 0.9865, Val Accuracy: 0.9042
2025-01-16 00:38:15,831 - INFO - Epoch [5/100], Train Accuracy: 0.9927, Val Accuracy: 0.9062
2025-01-16 00:38:15,946 - INFO - Epoch [6/100], Train Accuracy: 0.9953, Val Accuracy: 0.9125
2025-01-16 00:38:16,049 - INFO - Epoch [7/100], Train Accuracy: 0.9958, Val Accuracy: 0.9062
2025-01-16 00:38:16,061 - INFO - Fold 4 Validation Accuracy: 0.9062
2025-01-16 00:38:16,061 - INFO - Training for fold 5/5
2025-01-16 00:38:16,182 - INFO - Epoch [1/100], Train Accuracy: 0.6677, Val Accuracy: 0.8812
2025-01-16 00:38:16,284 - INFO - Epoch [2/100], Train Accuracy: 0.9318, Val Accuracy: 0.9104
2025-01-16 00:38:16,411 - INFO - Epoch [3/100], Train Accuracy: 0.9703, Val Accuracy: 0.9229
2025-01-16 00:38:16,513 - INFO - Epoch [4/100], Train Accuracy: 0.9880, Val Accuracy: 0.9271
2025-01-16 00:38:16,618 - INFO - Epoch [5/100], Train Accuracy: 0.9948, Val Accuracy: 0.9187
2025-01-16 00:38:16,639 - INFO - Fold 5 Validation Accuracy: 0.9187
2025-01-16 00:38:16,639 - INFO - Average Validation Accuracy (Over 5 folds): 0.9238 

2025-01-16 00:38:16,771 - INFO - Training with Vectorized Data 1000 features. Dropout Rate 0.56. Dataset Size 2400. 128 neurons. Leanring Rate 0.0025
2025-01-16 00:38:16,771 - INFO - Training for fold 1/5
2025-01-16 00:38:16,895 - INFO - Epoch [1/100], Train Accuracy: 0.6693, Val Accuracy: 0.9208
2025-01-16 00:38:16,991 - INFO - Epoch [2/100], Train Accuracy: 0.9229, Val Accuracy: 0.9437
2025-01-16 00:38:17,089 - INFO - Epoch [3/100], Train Accuracy: 0.9677, Val Accuracy: 0.9354
2025-01-16 00:38:17,203 - INFO - Epoch [4/100], Train Accuracy: 0.9849, Val Accuracy: 0.9313
2025-01-16 00:38:17,307 - INFO - Epoch [5/100], Train Accuracy: 0.9927, Val Accuracy: 0.9292
2025-01-16 00:38:17,321 - INFO - Fold 1 Validation Accuracy: 0.9292
2025-01-16 00:38:17,321 - INFO - Training for fold 2/5
2025-01-16 00:38:17,461 - INFO - Epoch [1/100], Train Accuracy: 0.6797, Val Accuracy: 0.8542
2025-01-16 00:38:17,566 - INFO - Epoch [2/100], Train Accuracy: 0.9245, Val Accuracy: 0.9000
2025-01-16 00:38:17,671 - INFO - Epoch [3/100], Train Accuracy: 0.9688, Val Accuracy: 0.9146
2025-01-16 00:38:17,769 - INFO - Epoch [4/100], Train Accuracy: 0.9859, Val Accuracy: 0.9125
2025-01-16 00:38:17,877 - INFO - Epoch [5/100], Train Accuracy: 0.9906, Val Accuracy: 0.9167
2025-01-16 00:38:17,998 - INFO - Epoch [6/100], Train Accuracy: 0.9948, Val Accuracy: 0.9146
2025-01-16 00:38:18,014 - INFO - Fold 2 Validation Accuracy: 0.9146
2025-01-16 00:38:18,015 - INFO - Training for fold 3/5
2025-01-16 00:38:18,152 - INFO - Epoch [1/100], Train Accuracy: 0.7422, Val Accuracy: 0.8771
2025-01-16 00:38:18,267 - INFO - Epoch [2/100], Train Accuracy: 0.9323, Val Accuracy: 0.9125
2025-01-16 00:38:18,386 - INFO - Epoch [3/100], Train Accuracy: 0.9688, Val Accuracy: 0.9187
2025-01-16 00:38:18,485 - INFO - Epoch [4/100], Train Accuracy: 0.9880, Val Accuracy: 0.9146
2025-01-16 00:38:18,603 - INFO - Epoch [5/100], Train Accuracy: 0.9927, Val Accuracy: 0.9167
2025-01-16 00:38:18,619 - INFO - Fold 3 Validation Accuracy: 0.9167
2025-01-16 00:38:18,619 - INFO - Training for fold 4/5
2025-01-16 00:38:18,747 - INFO - Epoch [1/100], Train Accuracy: 0.7323, Val Accuracy: 0.8854
2025-01-16 00:38:18,849 - INFO - Epoch [2/100], Train Accuracy: 0.9349, Val Accuracy: 0.9250
2025-01-16 00:38:18,957 - INFO - Epoch [3/100], Train Accuracy: 0.9698, Val Accuracy: 0.9229
2025-01-16 00:38:19,053 - INFO - Epoch [4/100], Train Accuracy: 0.9839, Val Accuracy: 0.9187
2025-01-16 00:38:19,151 - INFO - Epoch [5/100], Train Accuracy: 0.9932, Val Accuracy: 0.9208
2025-01-16 00:38:19,162 - INFO - Fold 4 Validation Accuracy: 0.9208
2025-01-16 00:38:19,163 - INFO - Training for fold 5/5
2025-01-16 00:38:19,296 - INFO - Epoch [1/100], Train Accuracy: 0.7057, Val Accuracy: 0.8875
2025-01-16 00:38:19,416 - INFO - Epoch [2/100], Train Accuracy: 0.9260, Val Accuracy: 0.9146
2025-01-16 00:38:19,548 - INFO - Epoch [3/100], Train Accuracy: 0.9688, Val Accuracy: 0.9396
2025-01-16 00:38:19,699 - INFO - Epoch [4/100], Train Accuracy: 0.9859, Val Accuracy: 0.9208
2025-01-16 00:38:19,714 - INFO - Fold 5 Validation Accuracy: 0.9208
2025-01-16 00:38:19,714 - INFO - Average Validation Accuracy (Over 5 folds): 0.9204 

2025-01-16 00:38:19,857 - INFO - Training with Vectorized Data 1000 features. Dropout Rate 0.56. Dataset Size 2400. 128 neurons. Leanring Rate 0.0025
2025-01-16 00:38:19,858 - INFO - Training for fold 1/5
2025-01-16 00:38:20,054 - INFO - Epoch [1/100], Train Accuracy: 0.6589, Val Accuracy: 0.8812
2025-01-16 00:38:20,172 - INFO - Epoch [2/100], Train Accuracy: 0.9307, Val Accuracy: 0.9208
2025-01-16 00:38:20,287 - INFO - Epoch [3/100], Train Accuracy: 0.9719, Val Accuracy: 0.9229
2025-01-16 00:38:20,392 - INFO - Epoch [4/100], Train Accuracy: 0.9844, Val Accuracy: 0.9208
2025-01-16 00:38:20,513 - INFO - Epoch [5/100], Train Accuracy: 0.9917, Val Accuracy: 0.9229
2025-01-16 00:38:20,623 - INFO - Epoch [6/100], Train Accuracy: 0.9938, Val Accuracy: 0.9271
2025-01-16 00:38:20,730 - INFO - Epoch [7/100], Train Accuracy: 0.9948, Val Accuracy: 0.9208
2025-01-16 00:38:20,740 - INFO - Fold 1 Validation Accuracy: 0.9208
2025-01-16 00:38:20,740 - INFO - Training for fold 2/5
2025-01-16 00:38:20,887 - INFO - Epoch [1/100], Train Accuracy: 0.6594, Val Accuracy: 0.8771
2025-01-16 00:38:20,990 - INFO - Epoch [2/100], Train Accuracy: 0.9240, Val Accuracy: 0.9250
2025-01-16 00:38:21,090 - INFO - Epoch [3/100], Train Accuracy: 0.9708, Val Accuracy: 0.9333
2025-01-16 00:38:21,198 - INFO - Epoch [4/100], Train Accuracy: 0.9854, Val Accuracy: 0.9271
2025-01-16 00:38:21,302 - INFO - Epoch [5/100], Train Accuracy: 0.9927, Val Accuracy: 0.9250
2025-01-16 00:38:21,318 - INFO - Fold 2 Validation Accuracy: 0.9250
2025-01-16 00:38:21,318 - INFO - Training for fold 3/5
2025-01-16 00:38:21,452 - INFO - Epoch [1/100], Train Accuracy: 0.6615, Val Accuracy: 0.8896
2025-01-16 00:38:21,589 - INFO - Epoch [2/100], Train Accuracy: 0.9281, Val Accuracy: 0.9125
2025-01-16 00:38:21,727 - INFO - Epoch [3/100], Train Accuracy: 0.9703, Val Accuracy: 0.9229
2025-01-16 00:38:21,887 - INFO - Epoch [4/100], Train Accuracy: 0.9870, Val Accuracy: 0.9229
2025-01-16 00:38:22,040 - INFO - Epoch [5/100], Train Accuracy: 0.9922, Val Accuracy: 0.9208
2025-01-16 00:38:22,052 - INFO - Fold 3 Validation Accuracy: 0.9208
2025-01-16 00:38:22,052 - INFO - Training for fold 4/5
2025-01-16 00:38:22,196 - INFO - Epoch [1/100], Train Accuracy: 0.7484, Val Accuracy: 0.9021
2025-01-16 00:38:22,321 - INFO - Epoch [2/100], Train Accuracy: 0.9276, Val Accuracy: 0.9271
2025-01-16 00:38:22,435 - INFO - Epoch [3/100], Train Accuracy: 0.9672, Val Accuracy: 0.9208
2025-01-16 00:38:22,549 - INFO - Epoch [4/100], Train Accuracy: 0.9839, Val Accuracy: 0.9271
2025-01-16 00:38:22,656 - INFO - Epoch [5/100], Train Accuracy: 0.9896, Val Accuracy: 0.9250
2025-01-16 00:38:22,773 - INFO - Epoch [6/100], Train Accuracy: 0.9948, Val Accuracy: 0.9271
2025-01-16 00:38:22,880 - INFO - Epoch [7/100], Train Accuracy: 0.9964, Val Accuracy: 0.9292
2025-01-16 00:38:22,978 - INFO - Epoch [8/100], Train Accuracy: 0.9964, Val Accuracy: 0.9333
2025-01-16 00:38:23,086 - INFO - Epoch [9/100], Train Accuracy: 0.9969, Val Accuracy: 0.9313
2025-01-16 00:38:23,098 - INFO - Fold 4 Validation Accuracy: 0.9313
2025-01-16 00:38:23,098 - INFO - Training for fold 5/5
2025-01-16 00:38:23,215 - INFO - Epoch [1/100], Train Accuracy: 0.7151, Val Accuracy: 0.8646
2025-01-16 00:38:23,333 - INFO - Epoch [2/100], Train Accuracy: 0.9307, Val Accuracy: 0.9104
2025-01-16 00:38:23,434 - INFO - Epoch [3/100], Train Accuracy: 0.9734, Val Accuracy: 0.9187
2025-01-16 00:38:23,548 - INFO - Epoch [4/100], Train Accuracy: 0.9875, Val Accuracy: 0.9167
2025-01-16 00:38:23,669 - INFO - Epoch [5/100], Train Accuracy: 0.9917, Val Accuracy: 0.9146
2025-01-16 00:38:23,682 - INFO - Fold 5 Validation Accuracy: 0.9146
2025-01-16 00:38:23,682 - INFO - Average Validation Accuracy (Over 5 folds): 0.9225 

2025-01-16 00:38:23,813 - INFO - Training with Vectorized Data 1000 features. Dropout Rate 0.56. Dataset Size 2400. 128 neurons. Leanring Rate 0.0025
2025-01-16 00:38:23,814 - INFO - Training for fold 1/5
2025-01-16 00:38:23,945 - INFO - Epoch [1/100], Train Accuracy: 0.6750, Val Accuracy: 0.8979
2025-01-16 00:38:24,039 - INFO - Epoch [2/100], Train Accuracy: 0.9333, Val Accuracy: 0.9208
2025-01-16 00:38:24,134 - INFO - Epoch [3/100], Train Accuracy: 0.9703, Val Accuracy: 0.9271
2025-01-16 00:38:24,232 - INFO - Epoch [4/100], Train Accuracy: 0.9870, Val Accuracy: 0.9250
2025-01-16 00:38:24,324 - INFO - Epoch [5/100], Train Accuracy: 0.9938, Val Accuracy: 0.9333
2025-01-16 00:38:24,428 - INFO - Epoch [6/100], Train Accuracy: 0.9948, Val Accuracy: 0.9333
2025-01-16 00:38:24,530 - INFO - Epoch [7/100], Train Accuracy: 0.9953, Val Accuracy: 0.9333
2025-01-16 00:38:24,628 - INFO - Epoch [8/100], Train Accuracy: 0.9958, Val Accuracy: 0.9313
2025-01-16 00:38:24,638 - INFO - Fold 1 Validation Accuracy: 0.9313
2025-01-16 00:38:24,638 - INFO - Training for fold 2/5
2025-01-16 00:38:24,766 - INFO - Epoch [1/100], Train Accuracy: 0.7057, Val Accuracy: 0.9021
2025-01-16 00:38:24,858 - INFO - Epoch [2/100], Train Accuracy: 0.9339, Val Accuracy: 0.9187
2025-01-16 00:38:24,951 - INFO - Epoch [3/100], Train Accuracy: 0.9719, Val Accuracy: 0.9313
2025-01-16 00:38:25,049 - INFO - Epoch [4/100], Train Accuracy: 0.9885, Val Accuracy: 0.9187
2025-01-16 00:38:25,150 - INFO - Epoch [5/100], Train Accuracy: 0.9927, Val Accuracy: 0.9208
2025-01-16 00:38:25,162 - INFO - Fold 2 Validation Accuracy: 0.9208
2025-01-16 00:38:25,162 - INFO - Training for fold 3/5
2025-01-16 00:38:25,281 - INFO - Epoch [1/100], Train Accuracy: 0.7469, Val Accuracy: 0.8792
2025-01-16 00:38:25,379 - INFO - Epoch [2/100], Train Accuracy: 0.9365, Val Accuracy: 0.9042
2025-01-16 00:38:25,474 - INFO - Epoch [3/100], Train Accuracy: 0.9714, Val Accuracy: 0.9167
2025-01-16 00:38:25,571 - INFO - Epoch [4/100], Train Accuracy: 0.9875, Val Accuracy: 0.9104
2025-01-16 00:38:25,671 - INFO - Epoch [5/100], Train Accuracy: 0.9927, Val Accuracy: 0.9062
2025-01-16 00:38:25,684 - INFO - Fold 3 Validation Accuracy: 0.9062
2025-01-16 00:38:25,684 - INFO - Training for fold 4/5
2025-01-16 00:38:25,827 - INFO - Epoch [1/100], Train Accuracy: 0.7219, Val Accuracy: 0.8875
2025-01-16 00:38:25,924 - INFO - Epoch [2/100], Train Accuracy: 0.9271, Val Accuracy: 0.9187
2025-01-16 00:38:26,019 - INFO - Epoch [3/100], Train Accuracy: 0.9682, Val Accuracy: 0.9313
2025-01-16 00:38:26,113 - INFO - Epoch [4/100], Train Accuracy: 0.9859, Val Accuracy: 0.9292
2025-01-16 00:38:26,205 - INFO - Epoch [5/100], Train Accuracy: 0.9917, Val Accuracy: 0.9292
2025-01-16 00:38:26,217 - INFO - Fold 4 Validation Accuracy: 0.9292
2025-01-16 00:38:26,218 - INFO - Training for fold 5/5
2025-01-16 00:38:26,327 - INFO - Epoch [1/100], Train Accuracy: 0.6797, Val Accuracy: 0.9062
2025-01-16 00:38:26,419 - INFO - Epoch [2/100], Train Accuracy: 0.9240, Val Accuracy: 0.9333
2025-01-16 00:38:26,517 - INFO - Epoch [3/100], Train Accuracy: 0.9682, Val Accuracy: 0.9271
2025-01-16 00:38:26,619 - INFO - Epoch [4/100], Train Accuracy: 0.9854, Val Accuracy: 0.9229
2025-01-16 00:38:26,713 - INFO - Epoch [5/100], Train Accuracy: 0.9911, Val Accuracy: 0.9313
2025-01-16 00:38:26,728 - INFO - Fold 5 Validation Accuracy: 0.9313
2025-01-16 00:38:26,728 - INFO - Average Validation Accuracy (Over 5 folds): 0.9238 

2025-01-16 00:38:26,851 - INFO - Training with Vectorized Data 1000 features. Dropout Rate 0.56. Dataset Size 2400. 128 neurons. Leanring Rate 0.0025
2025-01-16 00:38:26,851 - INFO - Training for fold 1/5
2025-01-16 00:38:26,979 - INFO - Epoch [1/100], Train Accuracy: 0.7500, Val Accuracy: 0.8896
2025-01-16 00:38:27,074 - INFO - Epoch [2/100], Train Accuracy: 0.9271, Val Accuracy: 0.9333
2025-01-16 00:38:27,167 - INFO - Epoch [3/100], Train Accuracy: 0.9635, Val Accuracy: 0.9333
2025-01-16 00:38:27,258 - INFO - Epoch [4/100], Train Accuracy: 0.9839, Val Accuracy: 0.9437
2025-01-16 00:38:27,356 - INFO - Epoch [5/100], Train Accuracy: 0.9932, Val Accuracy: 0.9333
2025-01-16 00:38:27,368 - INFO - Fold 1 Validation Accuracy: 0.9333
2025-01-16 00:38:27,368 - INFO - Training for fold 2/5
2025-01-16 00:38:27,497 - INFO - Epoch [1/100], Train Accuracy: 0.6844, Val Accuracy: 0.8812
2025-01-16 00:38:27,599 - INFO - Epoch [2/100], Train Accuracy: 0.9286, Val Accuracy: 0.9208
2025-01-16 00:38:27,704 - INFO - Epoch [3/100], Train Accuracy: 0.9724, Val Accuracy: 0.9250
2025-01-16 00:38:27,814 - INFO - Epoch [4/100], Train Accuracy: 0.9865, Val Accuracy: 0.9187
2025-01-16 00:38:27,907 - INFO - Epoch [5/100], Train Accuracy: 0.9911, Val Accuracy: 0.9187
2025-01-16 00:38:27,918 - INFO - Fold 2 Validation Accuracy: 0.9187
2025-01-16 00:38:27,918 - INFO - Training for fold 3/5
2025-01-16 00:38:28,061 - INFO - Epoch [1/100], Train Accuracy: 0.7401, Val Accuracy: 0.8938
2025-01-16 00:38:28,183 - INFO - Epoch [2/100], Train Accuracy: 0.9318, Val Accuracy: 0.9021
2025-01-16 00:38:28,301 - INFO - Epoch [3/100], Train Accuracy: 0.9703, Val Accuracy: 0.9167
2025-01-16 00:38:28,415 - INFO - Epoch [4/100], Train Accuracy: 0.9854, Val Accuracy: 0.9146
2025-01-16 00:38:28,521 - INFO - Epoch [5/100], Train Accuracy: 0.9932, Val Accuracy: 0.9000
2025-01-16 00:38:28,535 - INFO - Fold 3 Validation Accuracy: 0.9000
2025-01-16 00:38:28,536 - INFO - Training for fold 4/5
2025-01-16 00:38:28,669 - INFO - Epoch [1/100], Train Accuracy: 0.7125, Val Accuracy: 0.8812
2025-01-16 00:38:28,787 - INFO - Epoch [2/100], Train Accuracy: 0.9406, Val Accuracy: 0.8938
2025-01-16 00:38:28,902 - INFO - Epoch [3/100], Train Accuracy: 0.9750, Val Accuracy: 0.9104
2025-01-16 00:38:29,019 - INFO - Epoch [4/100], Train Accuracy: 0.9849, Val Accuracy: 0.9167
2025-01-16 00:38:29,130 - INFO - Epoch [5/100], Train Accuracy: 0.9927, Val Accuracy: 0.9125
2025-01-16 00:38:29,140 - INFO - Fold 4 Validation Accuracy: 0.9125
2025-01-16 00:38:29,140 - INFO - Training for fold 5/5
2025-01-16 00:38:29,281 - INFO - Epoch [1/100], Train Accuracy: 0.6557, Val Accuracy: 0.8625
2025-01-16 00:38:29,396 - INFO - Epoch [2/100], Train Accuracy: 0.9234, Val Accuracy: 0.9229
2025-01-16 00:38:29,512 - INFO - Epoch [3/100], Train Accuracy: 0.9661, Val Accuracy: 0.9354
2025-01-16 00:38:29,630 - INFO - Epoch [4/100], Train Accuracy: 0.9839, Val Accuracy: 0.9437
2025-01-16 00:38:29,749 - INFO - Epoch [5/100], Train Accuracy: 0.9896, Val Accuracy: 0.9292
2025-01-16 00:38:29,845 - INFO - Epoch [6/100], Train Accuracy: 0.9969, Val Accuracy: 0.9333
2025-01-16 00:38:29,855 - INFO - Fold 5 Validation Accuracy: 0.9333
2025-01-16 00:38:29,855 - INFO - Average Validation Accuracy (Over 5 folds): 0.9196 

