2025-01-16 00:35:55,287 - INFO - Training with Vectorized Data 1000 features. Dropout Rate 0.56. Dataset Size 2400. 128 neurons. Leanring Rate 0.002
2025-01-16 00:35:55,287 - INFO - Training for fold 1/5
2025-01-16 00:35:56,753 - INFO - Epoch [1/100], Train Accuracy: 0.7401, Val Accuracy: 0.9208
2025-01-16 00:35:56,858 - INFO - Epoch [2/100], Train Accuracy: 0.9193, Val Accuracy: 0.9458
2025-01-16 00:35:56,954 - INFO - Epoch [3/100], Train Accuracy: 0.9620, Val Accuracy: 0.9396
2025-01-16 00:35:57,050 - INFO - Epoch [4/100], Train Accuracy: 0.9802, Val Accuracy: 0.9333
2025-01-16 00:35:57,148 - INFO - Epoch [5/100], Train Accuracy: 0.9917, Val Accuracy: 0.9354
2025-01-16 00:35:57,156 - INFO - Fold 1 Validation Accuracy: 0.9354
2025-01-16 00:35:57,157 - INFO - Training for fold 2/5
2025-01-16 00:35:57,272 - INFO - Epoch [1/100], Train Accuracy: 0.6969, Val Accuracy: 0.8688
2025-01-16 00:35:57,373 - INFO - Epoch [2/100], Train Accuracy: 0.9286, Val Accuracy: 0.9042
2025-01-16 00:35:57,473 - INFO - Epoch [3/100], Train Accuracy: 0.9641, Val Accuracy: 0.9125
2025-01-16 00:35:57,574 - INFO - Epoch [4/100], Train Accuracy: 0.9823, Val Accuracy: 0.9229
2025-01-16 00:35:57,671 - INFO - Epoch [5/100], Train Accuracy: 0.9917, Val Accuracy: 0.9208
2025-01-16 00:35:57,681 - INFO - Fold 2 Validation Accuracy: 0.9208
2025-01-16 00:35:57,682 - INFO - Training for fold 3/5
2025-01-16 00:35:57,791 - INFO - Epoch [1/100], Train Accuracy: 0.7156, Val Accuracy: 0.8854
2025-01-16 00:35:57,887 - INFO - Epoch [2/100], Train Accuracy: 0.9214, Val Accuracy: 0.9146
2025-01-16 00:35:57,984 - INFO - Epoch [3/100], Train Accuracy: 0.9599, Val Accuracy: 0.9271
2025-01-16 00:35:58,082 - INFO - Epoch [4/100], Train Accuracy: 0.9807, Val Accuracy: 0.9271
2025-01-16 00:35:58,178 - INFO - Epoch [5/100], Train Accuracy: 0.9901, Val Accuracy: 0.9271
2025-01-16 00:35:58,285 - INFO - Epoch [6/100], Train Accuracy: 0.9958, Val Accuracy: 0.9271
2025-01-16 00:35:58,386 - INFO - Epoch [7/100], Train Accuracy: 0.9969, Val Accuracy: 0.9167
2025-01-16 00:35:58,394 - INFO - Fold 3 Validation Accuracy: 0.9167
2025-01-16 00:35:58,395 - INFO - Training for fold 4/5
2025-01-16 00:35:58,509 - INFO - Epoch [1/100], Train Accuracy: 0.7026, Val Accuracy: 0.8938
2025-01-16 00:35:58,608 - INFO - Epoch [2/100], Train Accuracy: 0.9224, Val Accuracy: 0.9062
2025-01-16 00:35:58,710 - INFO - Epoch [3/100], Train Accuracy: 0.9573, Val Accuracy: 0.9125
2025-01-16 00:35:58,810 - INFO - Epoch [4/100], Train Accuracy: 0.9802, Val Accuracy: 0.9104
2025-01-16 00:35:58,919 - INFO - Epoch [5/100], Train Accuracy: 0.9922, Val Accuracy: 0.9187
2025-01-16 00:35:59,019 - INFO - Epoch [6/100], Train Accuracy: 0.9953, Val Accuracy: 0.9208
2025-01-16 00:35:59,121 - INFO - Epoch [7/100], Train Accuracy: 0.9974, Val Accuracy: 0.9208
2025-01-16 00:35:59,218 - INFO - Epoch [8/100], Train Accuracy: 0.9974, Val Accuracy: 0.9208
2025-01-16 00:35:59,317 - INFO - Epoch [9/100], Train Accuracy: 0.9990, Val Accuracy: 0.9208
2025-01-16 00:35:59,417 - INFO - Epoch [10/100], Train Accuracy: 0.9990, Val Accuracy: 0.9208
2025-01-16 00:35:59,516 - INFO - Epoch [11/100], Train Accuracy: 0.9990, Val Accuracy: 0.9208
2025-01-16 00:35:59,619 - INFO - Epoch [12/100], Train Accuracy: 0.9990, Val Accuracy: 0.9208
2025-01-16 00:35:59,710 - INFO - Epoch [13/100], Train Accuracy: 0.9990, Val Accuracy: 0.9208
2025-01-16 00:35:59,809 - INFO - Epoch [14/100], Train Accuracy: 0.9990, Val Accuracy: 0.9229
2025-01-16 00:35:59,919 - INFO - Epoch [15/100], Train Accuracy: 0.9990, Val Accuracy: 0.9229
2025-01-16 00:36:00,021 - INFO - Epoch [16/100], Train Accuracy: 0.9990, Val Accuracy: 0.9229
2025-01-16 00:36:00,126 - INFO - Epoch [17/100], Train Accuracy: 0.9990, Val Accuracy: 0.9167
2025-01-16 00:36:00,135 - INFO - Fold 4 Validation Accuracy: 0.9167
2025-01-16 00:36:00,136 - INFO - Training for fold 5/5
2025-01-16 00:36:00,244 - INFO - Epoch [1/100], Train Accuracy: 0.6495, Val Accuracy: 0.8521
2025-01-16 00:36:00,346 - INFO - Epoch [2/100], Train Accuracy: 0.9240, Val Accuracy: 0.9125
2025-01-16 00:36:00,459 - INFO - Epoch [3/100], Train Accuracy: 0.9641, Val Accuracy: 0.9271
2025-01-16 00:36:00,553 - INFO - Epoch [4/100], Train Accuracy: 0.9865, Val Accuracy: 0.9313
2025-01-16 00:36:00,644 - INFO - Epoch [5/100], Train Accuracy: 0.9938, Val Accuracy: 0.9313
2025-01-16 00:36:00,744 - INFO - Epoch [6/100], Train Accuracy: 0.9958, Val Accuracy: 0.9229
2025-01-16 00:36:00,753 - INFO - Fold 5 Validation Accuracy: 0.9229
2025-01-16 00:36:00,753 - INFO - Average Validation Accuracy (Over 5 folds): 0.9225 

2025-01-16 00:36:00,900 - INFO - Training with Vectorized Data 1000 features. Dropout Rate 0.56. Dataset Size 2400. 128 neurons. Leanring Rate 0.002
2025-01-16 00:36:00,900 - INFO - Training for fold 1/5
2025-01-16 00:36:01,035 - INFO - Epoch [1/100], Train Accuracy: 0.6479, Val Accuracy: 0.8896
2025-01-16 00:36:01,138 - INFO - Epoch [2/100], Train Accuracy: 0.9161, Val Accuracy: 0.9271
2025-01-16 00:36:01,230 - INFO - Epoch [3/100], Train Accuracy: 0.9609, Val Accuracy: 0.9250
2025-01-16 00:36:01,330 - INFO - Epoch [4/100], Train Accuracy: 0.9823, Val Accuracy: 0.9313
2025-01-16 00:36:01,425 - INFO - Epoch [5/100], Train Accuracy: 0.9911, Val Accuracy: 0.9417
2025-01-16 00:36:01,525 - INFO - Epoch [6/100], Train Accuracy: 0.9943, Val Accuracy: 0.9396
2025-01-16 00:36:01,536 - INFO - Fold 1 Validation Accuracy: 0.9396
2025-01-16 00:36:01,536 - INFO - Training for fold 2/5
2025-01-16 00:36:01,648 - INFO - Epoch [1/100], Train Accuracy: 0.6292, Val Accuracy: 0.8854
2025-01-16 00:36:01,751 - INFO - Epoch [2/100], Train Accuracy: 0.9255, Val Accuracy: 0.9062
2025-01-16 00:36:01,844 - INFO - Epoch [3/100], Train Accuracy: 0.9630, Val Accuracy: 0.9396
2025-01-16 00:36:01,959 - INFO - Epoch [4/100], Train Accuracy: 0.9802, Val Accuracy: 0.9333
2025-01-16 00:36:02,060 - INFO - Epoch [5/100], Train Accuracy: 0.9917, Val Accuracy: 0.9354
2025-01-16 00:36:02,071 - INFO - Fold 2 Validation Accuracy: 0.9354
2025-01-16 00:36:02,071 - INFO - Training for fold 3/5
2025-01-16 00:36:02,193 - INFO - Epoch [1/100], Train Accuracy: 0.7198, Val Accuracy: 0.9000
2025-01-16 00:36:02,292 - INFO - Epoch [2/100], Train Accuracy: 0.9245, Val Accuracy: 0.9125
2025-01-16 00:36:02,391 - INFO - Epoch [3/100], Train Accuracy: 0.9646, Val Accuracy: 0.9271
2025-01-16 00:36:02,486 - INFO - Epoch [4/100], Train Accuracy: 0.9849, Val Accuracy: 0.9167
2025-01-16 00:36:02,583 - INFO - Epoch [5/100], Train Accuracy: 0.9932, Val Accuracy: 0.9229
2025-01-16 00:36:02,593 - INFO - Fold 3 Validation Accuracy: 0.9229
2025-01-16 00:36:02,593 - INFO - Training for fold 4/5
2025-01-16 00:36:02,719 - INFO - Epoch [1/100], Train Accuracy: 0.6990, Val Accuracy: 0.8792
2025-01-16 00:36:02,819 - INFO - Epoch [2/100], Train Accuracy: 0.9234, Val Accuracy: 0.9125
2025-01-16 00:36:02,918 - INFO - Epoch [3/100], Train Accuracy: 0.9641, Val Accuracy: 0.9146
2025-01-16 00:36:03,012 - INFO - Epoch [4/100], Train Accuracy: 0.9807, Val Accuracy: 0.9229
2025-01-16 00:36:03,106 - INFO - Epoch [5/100], Train Accuracy: 0.9885, Val Accuracy: 0.9208
2025-01-16 00:36:03,203 - INFO - Epoch [6/100], Train Accuracy: 0.9953, Val Accuracy: 0.9208
2025-01-16 00:36:03,215 - INFO - Fold 4 Validation Accuracy: 0.9208
2025-01-16 00:36:03,215 - INFO - Training for fold 5/5
2025-01-16 00:36:03,348 - INFO - Epoch [1/100], Train Accuracy: 0.6630, Val Accuracy: 0.8896
2025-01-16 00:36:03,444 - INFO - Epoch [2/100], Train Accuracy: 0.9292, Val Accuracy: 0.9146
2025-01-16 00:36:03,545 - INFO - Epoch [3/100], Train Accuracy: 0.9651, Val Accuracy: 0.9313
2025-01-16 00:36:03,642 - INFO - Epoch [4/100], Train Accuracy: 0.9833, Val Accuracy: 0.9167
2025-01-16 00:36:03,743 - INFO - Epoch [5/100], Train Accuracy: 0.9911, Val Accuracy: 0.9208
2025-01-16 00:36:03,759 - INFO - Fold 5 Validation Accuracy: 0.9208
2025-01-16 00:36:03,760 - INFO - Average Validation Accuracy (Over 5 folds): 0.9279 

2025-01-16 00:36:03,889 - INFO - Training with Vectorized Data 1000 features. Dropout Rate 0.56. Dataset Size 2400. 128 neurons. Leanring Rate 0.002
2025-01-16 00:36:03,889 - INFO - Training for fold 1/5
2025-01-16 00:36:04,016 - INFO - Epoch [1/100], Train Accuracy: 0.6833, Val Accuracy: 0.8875
2025-01-16 00:36:04,118 - INFO - Epoch [2/100], Train Accuracy: 0.9255, Val Accuracy: 0.9042
2025-01-16 00:36:04,216 - INFO - Epoch [3/100], Train Accuracy: 0.9651, Val Accuracy: 0.9021
2025-01-16 00:36:04,320 - INFO - Epoch [4/100], Train Accuracy: 0.9818, Val Accuracy: 0.9104
2025-01-16 00:36:04,422 - INFO - Epoch [5/100], Train Accuracy: 0.9917, Val Accuracy: 0.9104
2025-01-16 00:36:04,524 - INFO - Epoch [6/100], Train Accuracy: 0.9953, Val Accuracy: 0.9146
2025-01-16 00:36:04,619 - INFO - Epoch [7/100], Train Accuracy: 0.9964, Val Accuracy: 0.9104
2025-01-16 00:36:04,630 - INFO - Fold 1 Validation Accuracy: 0.9104
2025-01-16 00:36:04,630 - INFO - Training for fold 2/5
2025-01-16 00:36:04,761 - INFO - Epoch [1/100], Train Accuracy: 0.7193, Val Accuracy: 0.8854
2025-01-16 00:36:04,862 - INFO - Epoch [2/100], Train Accuracy: 0.9203, Val Accuracy: 0.9146
2025-01-16 00:36:04,969 - INFO - Epoch [3/100], Train Accuracy: 0.9615, Val Accuracy: 0.9208
2025-01-16 00:36:05,067 - INFO - Epoch [4/100], Train Accuracy: 0.9812, Val Accuracy: 0.9250
2025-01-16 00:36:05,166 - INFO - Epoch [5/100], Train Accuracy: 0.9901, Val Accuracy: 0.9313
2025-01-16 00:36:05,282 - INFO - Epoch [6/100], Train Accuracy: 0.9953, Val Accuracy: 0.9271
2025-01-16 00:36:05,293 - INFO - Fold 2 Validation Accuracy: 0.9271
2025-01-16 00:36:05,293 - INFO - Training for fold 3/5
2025-01-16 00:36:05,416 - INFO - Epoch [1/100], Train Accuracy: 0.7568, Val Accuracy: 0.9083
2025-01-16 00:36:05,533 - INFO - Epoch [2/100], Train Accuracy: 0.9224, Val Accuracy: 0.9375
2025-01-16 00:36:05,631 - INFO - Epoch [3/100], Train Accuracy: 0.9615, Val Accuracy: 0.9313
2025-01-16 00:36:05,724 - INFO - Epoch [4/100], Train Accuracy: 0.9802, Val Accuracy: 0.9292
2025-01-16 00:36:05,820 - INFO - Epoch [5/100], Train Accuracy: 0.9896, Val Accuracy: 0.9437
2025-01-16 00:36:05,910 - INFO - Epoch [6/100], Train Accuracy: 0.9938, Val Accuracy: 0.9396
2025-01-16 00:36:05,923 - INFO - Fold 3 Validation Accuracy: 0.9396
2025-01-16 00:36:05,923 - INFO - Training for fold 4/5
2025-01-16 00:36:06,049 - INFO - Epoch [1/100], Train Accuracy: 0.7208, Val Accuracy: 0.8604
2025-01-16 00:36:06,142 - INFO - Epoch [2/100], Train Accuracy: 0.9271, Val Accuracy: 0.8875
2025-01-16 00:36:06,236 - INFO - Epoch [3/100], Train Accuracy: 0.9594, Val Accuracy: 0.9229
2025-01-16 00:36:06,333 - INFO - Epoch [4/100], Train Accuracy: 0.9797, Val Accuracy: 0.9229
2025-01-16 00:36:06,425 - INFO - Epoch [5/100], Train Accuracy: 0.9906, Val Accuracy: 0.9375
2025-01-16 00:36:06,532 - INFO - Epoch [6/100], Train Accuracy: 0.9932, Val Accuracy: 0.9375
2025-01-16 00:36:06,626 - INFO - Epoch [7/100], Train Accuracy: 0.9948, Val Accuracy: 0.9417
2025-01-16 00:36:06,719 - INFO - Epoch [8/100], Train Accuracy: 0.9979, Val Accuracy: 0.9354
2025-01-16 00:36:06,731 - INFO - Fold 4 Validation Accuracy: 0.9354
2025-01-16 00:36:06,731 - INFO - Training for fold 5/5
2025-01-16 00:36:06,868 - INFO - Epoch [1/100], Train Accuracy: 0.6552, Val Accuracy: 0.8792
2025-01-16 00:36:06,959 - INFO - Epoch [2/100], Train Accuracy: 0.9125, Val Accuracy: 0.8958
2025-01-16 00:36:07,054 - INFO - Epoch [3/100], Train Accuracy: 0.9604, Val Accuracy: 0.9146
2025-01-16 00:36:07,149 - INFO - Epoch [4/100], Train Accuracy: 0.9792, Val Accuracy: 0.9167
2025-01-16 00:36:07,238 - INFO - Epoch [5/100], Train Accuracy: 0.9917, Val Accuracy: 0.9125
2025-01-16 00:36:07,250 - INFO - Fold 5 Validation Accuracy: 0.9125
2025-01-16 00:36:07,250 - INFO - Average Validation Accuracy (Over 5 folds): 0.9250 

2025-01-16 00:36:07,402 - INFO - Training with Vectorized Data 1000 features. Dropout Rate 0.56. Dataset Size 2400. 128 neurons. Leanring Rate 0.002
2025-01-16 00:36:07,403 - INFO - Training for fold 1/5
2025-01-16 00:36:07,536 - INFO - Epoch [1/100], Train Accuracy: 0.6677, Val Accuracy: 0.8854
2025-01-16 00:36:07,650 - INFO - Epoch [2/100], Train Accuracy: 0.9286, Val Accuracy: 0.9104
2025-01-16 00:36:07,750 - INFO - Epoch [3/100], Train Accuracy: 0.9604, Val Accuracy: 0.9146
2025-01-16 00:36:07,855 - INFO - Epoch [4/100], Train Accuracy: 0.9828, Val Accuracy: 0.9229
2025-01-16 00:36:07,953 - INFO - Epoch [5/100], Train Accuracy: 0.9911, Val Accuracy: 0.9187
2025-01-16 00:36:07,962 - INFO - Fold 1 Validation Accuracy: 0.9187
2025-01-16 00:36:07,962 - INFO - Training for fold 2/5
2025-01-16 00:36:08,097 - INFO - Epoch [1/100], Train Accuracy: 0.6380, Val Accuracy: 0.8771
2025-01-16 00:36:08,206 - INFO - Epoch [2/100], Train Accuracy: 0.9229, Val Accuracy: 0.8938
2025-01-16 00:36:08,301 - INFO - Epoch [3/100], Train Accuracy: 0.9625, Val Accuracy: 0.9271
2025-01-16 00:36:08,394 - INFO - Epoch [4/100], Train Accuracy: 0.9818, Val Accuracy: 0.9313
2025-01-16 00:36:08,490 - INFO - Epoch [5/100], Train Accuracy: 0.9911, Val Accuracy: 0.9375
2025-01-16 00:36:08,594 - INFO - Epoch [6/100], Train Accuracy: 0.9958, Val Accuracy: 0.9354
2025-01-16 00:36:08,606 - INFO - Fold 2 Validation Accuracy: 0.9354
2025-01-16 00:36:08,607 - INFO - Training for fold 3/5
2025-01-16 00:36:08,736 - INFO - Epoch [1/100], Train Accuracy: 0.6339, Val Accuracy: 0.8875
2025-01-16 00:36:08,836 - INFO - Epoch [2/100], Train Accuracy: 0.9177, Val Accuracy: 0.9104
2025-01-16 00:36:08,936 - INFO - Epoch [3/100], Train Accuracy: 0.9599, Val Accuracy: 0.9229
2025-01-16 00:36:09,033 - INFO - Epoch [4/100], Train Accuracy: 0.9792, Val Accuracy: 0.9229
2025-01-16 00:36:09,136 - INFO - Epoch [5/100], Train Accuracy: 0.9917, Val Accuracy: 0.9292
2025-01-16 00:36:09,233 - INFO - Epoch [6/100], Train Accuracy: 0.9943, Val Accuracy: 0.9271
2025-01-16 00:36:09,243 - INFO - Fold 3 Validation Accuracy: 0.9271
2025-01-16 00:36:09,243 - INFO - Training for fold 4/5
2025-01-16 00:36:09,373 - INFO - Epoch [1/100], Train Accuracy: 0.6781, Val Accuracy: 0.8917
2025-01-16 00:36:09,472 - INFO - Epoch [2/100], Train Accuracy: 0.9208, Val Accuracy: 0.9187
2025-01-16 00:36:09,567 - INFO - Epoch [3/100], Train Accuracy: 0.9599, Val Accuracy: 0.9271
2025-01-16 00:36:09,665 - INFO - Epoch [4/100], Train Accuracy: 0.9807, Val Accuracy: 0.9333
2025-01-16 00:36:09,766 - INFO - Epoch [5/100], Train Accuracy: 0.9891, Val Accuracy: 0.9271
2025-01-16 00:36:09,860 - INFO - Epoch [6/100], Train Accuracy: 0.9932, Val Accuracy: 0.9250
2025-01-16 00:36:09,871 - INFO - Fold 4 Validation Accuracy: 0.9250
2025-01-16 00:36:09,871 - INFO - Training for fold 5/5
2025-01-16 00:36:10,001 - INFO - Epoch [1/100], Train Accuracy: 0.6974, Val Accuracy: 0.8917
2025-01-16 00:36:10,092 - INFO - Epoch [2/100], Train Accuracy: 0.9271, Val Accuracy: 0.9042
2025-01-16 00:36:10,193 - INFO - Epoch [3/100], Train Accuracy: 0.9646, Val Accuracy: 0.9167
2025-01-16 00:36:10,303 - INFO - Epoch [4/100], Train Accuracy: 0.9854, Val Accuracy: 0.9146
2025-01-16 00:36:10,401 - INFO - Epoch [5/100], Train Accuracy: 0.9932, Val Accuracy: 0.9104
2025-01-16 00:36:10,410 - INFO - Fold 5 Validation Accuracy: 0.9104
2025-01-16 00:36:10,410 - INFO - Average Validation Accuracy (Over 5 folds): 0.9233 

2025-01-16 00:36:10,548 - INFO - Training with Vectorized Data 1000 features. Dropout Rate 0.56. Dataset Size 2400. 128 neurons. Leanring Rate 0.002
2025-01-16 00:36:10,549 - INFO - Training for fold 1/5
2025-01-16 00:36:10,678 - INFO - Epoch [1/100], Train Accuracy: 0.6182, Val Accuracy: 0.9021
2025-01-16 00:36:10,774 - INFO - Epoch [2/100], Train Accuracy: 0.9307, Val Accuracy: 0.9250
2025-01-16 00:36:10,870 - INFO - Epoch [3/100], Train Accuracy: 0.9651, Val Accuracy: 0.9375
2025-01-16 00:36:10,974 - INFO - Epoch [4/100], Train Accuracy: 0.9839, Val Accuracy: 0.9354
2025-01-16 00:36:11,076 - INFO - Epoch [5/100], Train Accuracy: 0.9927, Val Accuracy: 0.9354
2025-01-16 00:36:11,090 - INFO - Fold 1 Validation Accuracy: 0.9354
2025-01-16 00:36:11,090 - INFO - Training for fold 2/5
2025-01-16 00:36:11,215 - INFO - Epoch [1/100], Train Accuracy: 0.6677, Val Accuracy: 0.8708
2025-01-16 00:36:11,314 - INFO - Epoch [2/100], Train Accuracy: 0.9323, Val Accuracy: 0.8854
2025-01-16 00:36:11,404 - INFO - Epoch [3/100], Train Accuracy: 0.9656, Val Accuracy: 0.9000
2025-01-16 00:36:11,504 - INFO - Epoch [4/100], Train Accuracy: 0.9818, Val Accuracy: 0.9021
2025-01-16 00:36:11,605 - INFO - Epoch [5/100], Train Accuracy: 0.9896, Val Accuracy: 0.9083
2025-01-16 00:36:11,702 - INFO - Epoch [6/100], Train Accuracy: 0.9922, Val Accuracy: 0.9062
2025-01-16 00:36:11,712 - INFO - Fold 2 Validation Accuracy: 0.9062
2025-01-16 00:36:11,712 - INFO - Training for fold 3/5
2025-01-16 00:36:11,831 - INFO - Epoch [1/100], Train Accuracy: 0.7000, Val Accuracy: 0.9062
2025-01-16 00:36:11,921 - INFO - Epoch [2/100], Train Accuracy: 0.9161, Val Accuracy: 0.9250
2025-01-16 00:36:12,019 - INFO - Epoch [3/100], Train Accuracy: 0.9594, Val Accuracy: 0.9417
2025-01-16 00:36:12,123 - INFO - Epoch [4/100], Train Accuracy: 0.9797, Val Accuracy: 0.9396
2025-01-16 00:36:12,221 - INFO - Epoch [5/100], Train Accuracy: 0.9896, Val Accuracy: 0.9437
2025-01-16 00:36:12,318 - INFO - Epoch [6/100], Train Accuracy: 0.9943, Val Accuracy: 0.9396
2025-01-16 00:36:12,328 - INFO - Fold 3 Validation Accuracy: 0.9396
2025-01-16 00:36:12,329 - INFO - Training for fold 4/5
2025-01-16 00:36:12,460 - INFO - Epoch [1/100], Train Accuracy: 0.7125, Val Accuracy: 0.8979
2025-01-16 00:36:12,556 - INFO - Epoch [2/100], Train Accuracy: 0.9229, Val Accuracy: 0.9208
2025-01-16 00:36:12,655 - INFO - Epoch [3/100], Train Accuracy: 0.9609, Val Accuracy: 0.9229
2025-01-16 00:36:12,774 - INFO - Epoch [4/100], Train Accuracy: 0.9797, Val Accuracy: 0.9354
2025-01-16 00:36:12,878 - INFO - Epoch [5/100], Train Accuracy: 0.9917, Val Accuracy: 0.9333
2025-01-16 00:36:12,893 - INFO - Fold 4 Validation Accuracy: 0.9333
2025-01-16 00:36:12,894 - INFO - Training for fold 5/5
2025-01-16 00:36:13,049 - INFO - Epoch [1/100], Train Accuracy: 0.7172, Val Accuracy: 0.9083
2025-01-16 00:36:13,171 - INFO - Epoch [2/100], Train Accuracy: 0.9250, Val Accuracy: 0.9062
2025-01-16 00:36:13,287 - INFO - Epoch [3/100], Train Accuracy: 0.9604, Val Accuracy: 0.9313
2025-01-16 00:36:13,404 - INFO - Epoch [4/100], Train Accuracy: 0.9802, Val Accuracy: 0.9271
2025-01-16 00:36:13,520 - INFO - Epoch [5/100], Train Accuracy: 0.9911, Val Accuracy: 0.9271
2025-01-16 00:36:13,532 - INFO - Fold 5 Validation Accuracy: 0.9271
2025-01-16 00:36:13,532 - INFO - Average Validation Accuracy (Over 5 folds): 0.9283 

2025-01-16 00:36:13,659 - INFO - Training with Vectorized Data 1000 features. Dropout Rate 0.56. Dataset Size 2400. 128 neurons. Leanring Rate 0.002
2025-01-16 00:36:13,659 - INFO - Training for fold 1/5
2025-01-16 00:36:13,805 - INFO - Epoch [1/100], Train Accuracy: 0.7276, Val Accuracy: 0.8979
2025-01-16 00:36:13,914 - INFO - Epoch [2/100], Train Accuracy: 0.9214, Val Accuracy: 0.9354
2025-01-16 00:36:14,033 - INFO - Epoch [3/100], Train Accuracy: 0.9630, Val Accuracy: 0.9417
2025-01-16 00:36:14,153 - INFO - Epoch [4/100], Train Accuracy: 0.9833, Val Accuracy: 0.9417
2025-01-16 00:36:14,273 - INFO - Epoch [5/100], Train Accuracy: 0.9906, Val Accuracy: 0.9375
2025-01-16 00:36:14,285 - INFO - Fold 1 Validation Accuracy: 0.9375
2025-01-16 00:36:14,285 - INFO - Training for fold 2/5
2025-01-16 00:36:14,433 - INFO - Epoch [1/100], Train Accuracy: 0.6661, Val Accuracy: 0.9042
2025-01-16 00:36:14,544 - INFO - Epoch [2/100], Train Accuracy: 0.9250, Val Accuracy: 0.9167
2025-01-16 00:36:14,649 - INFO - Epoch [3/100], Train Accuracy: 0.9646, Val Accuracy: 0.9292
2025-01-16 00:36:14,765 - INFO - Epoch [4/100], Train Accuracy: 0.9818, Val Accuracy: 0.9187
2025-01-16 00:36:14,880 - INFO - Epoch [5/100], Train Accuracy: 0.9917, Val Accuracy: 0.9292
2025-01-16 00:36:14,986 - INFO - Epoch [6/100], Train Accuracy: 0.9948, Val Accuracy: 0.9250
2025-01-16 00:36:14,997 - INFO - Fold 2 Validation Accuracy: 0.9250
2025-01-16 00:36:14,997 - INFO - Training for fold 3/5
2025-01-16 00:36:15,131 - INFO - Epoch [1/100], Train Accuracy: 0.7312, Val Accuracy: 0.8271
2025-01-16 00:36:15,244 - INFO - Epoch [2/100], Train Accuracy: 0.9234, Val Accuracy: 0.9062
2025-01-16 00:36:15,358 - INFO - Epoch [3/100], Train Accuracy: 0.9635, Val Accuracy: 0.9083
2025-01-16 00:36:15,477 - INFO - Epoch [4/100], Train Accuracy: 0.9833, Val Accuracy: 0.9208
2025-01-16 00:36:15,592 - INFO - Epoch [5/100], Train Accuracy: 0.9891, Val Accuracy: 0.9167
2025-01-16 00:36:15,714 - INFO - Epoch [6/100], Train Accuracy: 0.9958, Val Accuracy: 0.9292
2025-01-16 00:36:15,824 - INFO - Epoch [7/100], Train Accuracy: 0.9984, Val Accuracy: 0.9229
2025-01-16 00:36:15,835 - INFO - Fold 3 Validation Accuracy: 0.9229
2025-01-16 00:36:15,835 - INFO - Training for fold 4/5
2025-01-16 00:36:15,972 - INFO - Epoch [1/100], Train Accuracy: 0.7458, Val Accuracy: 0.8979
2025-01-16 00:36:16,093 - INFO - Epoch [2/100], Train Accuracy: 0.9229, Val Accuracy: 0.9146
2025-01-16 00:36:16,214 - INFO - Epoch [3/100], Train Accuracy: 0.9651, Val Accuracy: 0.9187
2025-01-16 00:36:16,334 - INFO - Epoch [4/100], Train Accuracy: 0.9833, Val Accuracy: 0.9208
2025-01-16 00:36:16,451 - INFO - Epoch [5/100], Train Accuracy: 0.9922, Val Accuracy: 0.9146
2025-01-16 00:36:16,461 - INFO - Fold 4 Validation Accuracy: 0.9146
2025-01-16 00:36:16,461 - INFO - Training for fold 5/5
2025-01-16 00:36:16,599 - INFO - Epoch [1/100], Train Accuracy: 0.6583, Val Accuracy: 0.8729
2025-01-16 00:36:16,720 - INFO - Epoch [2/100], Train Accuracy: 0.9141, Val Accuracy: 0.9000
2025-01-16 00:36:16,836 - INFO - Epoch [3/100], Train Accuracy: 0.9635, Val Accuracy: 0.9062
2025-01-16 00:36:16,951 - INFO - Epoch [4/100], Train Accuracy: 0.9812, Val Accuracy: 0.9104
2025-01-16 00:36:17,070 - INFO - Epoch [5/100], Train Accuracy: 0.9891, Val Accuracy: 0.9146
2025-01-16 00:36:17,184 - INFO - Epoch [6/100], Train Accuracy: 0.9953, Val Accuracy: 0.9042
2025-01-16 00:36:17,195 - INFO - Fold 5 Validation Accuracy: 0.9042
2025-01-16 00:36:17,195 - INFO - Average Validation Accuracy (Over 5 folds): 0.9208 

2025-01-16 00:36:17,333 - INFO - Training with Vectorized Data 1000 features. Dropout Rate 0.56. Dataset Size 2400. 128 neurons. Leanring Rate 0.002
2025-01-16 00:36:17,334 - INFO - Training for fold 1/5
2025-01-16 00:36:17,472 - INFO - Epoch [1/100], Train Accuracy: 0.5729, Val Accuracy: 0.8729
2025-01-16 00:36:17,576 - INFO - Epoch [2/100], Train Accuracy: 0.9156, Val Accuracy: 0.9187
2025-01-16 00:36:17,671 - INFO - Epoch [3/100], Train Accuracy: 0.9599, Val Accuracy: 0.9313
2025-01-16 00:36:17,774 - INFO - Epoch [4/100], Train Accuracy: 0.9781, Val Accuracy: 0.9333
2025-01-16 00:36:17,873 - INFO - Epoch [5/100], Train Accuracy: 0.9880, Val Accuracy: 0.9313
2025-01-16 00:36:17,974 - INFO - Epoch [6/100], Train Accuracy: 0.9943, Val Accuracy: 0.9271
2025-01-16 00:36:17,985 - INFO - Fold 1 Validation Accuracy: 0.9271
2025-01-16 00:36:17,986 - INFO - Training for fold 2/5
2025-01-16 00:36:18,107 - INFO - Epoch [1/100], Train Accuracy: 0.6750, Val Accuracy: 0.8708
2025-01-16 00:36:18,206 - INFO - Epoch [2/100], Train Accuracy: 0.9229, Val Accuracy: 0.9104
2025-01-16 00:36:18,304 - INFO - Epoch [3/100], Train Accuracy: 0.9578, Val Accuracy: 0.9042
2025-01-16 00:36:18,410 - INFO - Epoch [4/100], Train Accuracy: 0.9802, Val Accuracy: 0.9271
2025-01-16 00:36:18,507 - INFO - Epoch [5/100], Train Accuracy: 0.9906, Val Accuracy: 0.9313
2025-01-16 00:36:18,606 - INFO - Epoch [6/100], Train Accuracy: 0.9943, Val Accuracy: 0.9375
2025-01-16 00:36:18,707 - INFO - Epoch [7/100], Train Accuracy: 0.9958, Val Accuracy: 0.9250
2025-01-16 00:36:18,719 - INFO - Fold 2 Validation Accuracy: 0.9250
2025-01-16 00:36:18,719 - INFO - Training for fold 3/5
2025-01-16 00:36:18,852 - INFO - Epoch [1/100], Train Accuracy: 0.7302, Val Accuracy: 0.8812
2025-01-16 00:36:18,952 - INFO - Epoch [2/100], Train Accuracy: 0.9250, Val Accuracy: 0.8979
2025-01-16 00:36:19,048 - INFO - Epoch [3/100], Train Accuracy: 0.9609, Val Accuracy: 0.9208
2025-01-16 00:36:19,139 - INFO - Epoch [4/100], Train Accuracy: 0.9802, Val Accuracy: 0.9208
2025-01-16 00:36:19,246 - INFO - Epoch [5/100], Train Accuracy: 0.9917, Val Accuracy: 0.9062
2025-01-16 00:36:19,259 - INFO - Fold 3 Validation Accuracy: 0.9062
2025-01-16 00:36:19,259 - INFO - Training for fold 4/5
2025-01-16 00:36:19,390 - INFO - Epoch [1/100], Train Accuracy: 0.7630, Val Accuracy: 0.8896
2025-01-16 00:36:19,500 - INFO - Epoch [2/100], Train Accuracy: 0.9203, Val Accuracy: 0.9062
2025-01-16 00:36:19,642 - INFO - Epoch [3/100], Train Accuracy: 0.9625, Val Accuracy: 0.9250
2025-01-16 00:36:19,836 - INFO - Epoch [4/100], Train Accuracy: 0.9828, Val Accuracy: 0.9229
2025-01-16 00:36:20,006 - INFO - Epoch [5/100], Train Accuracy: 0.9917, Val Accuracy: 0.9208
2025-01-16 00:36:20,021 - INFO - Fold 4 Validation Accuracy: 0.9208
2025-01-16 00:36:20,021 - INFO - Training for fold 5/5
2025-01-16 00:36:20,179 - INFO - Epoch [1/100], Train Accuracy: 0.6781, Val Accuracy: 0.8917
2025-01-16 00:36:20,290 - INFO - Epoch [2/100], Train Accuracy: 0.9260, Val Accuracy: 0.9104
2025-01-16 00:36:20,398 - INFO - Epoch [3/100], Train Accuracy: 0.9651, Val Accuracy: 0.9167
2025-01-16 00:36:20,506 - INFO - Epoch [4/100], Train Accuracy: 0.9839, Val Accuracy: 0.9229
2025-01-16 00:36:20,616 - INFO - Epoch [5/100], Train Accuracy: 0.9911, Val Accuracy: 0.9229
2025-01-16 00:36:20,722 - INFO - Epoch [6/100], Train Accuracy: 0.9953, Val Accuracy: 0.9187
2025-01-16 00:36:20,737 - INFO - Fold 5 Validation Accuracy: 0.9187
2025-01-16 00:36:20,737 - INFO - Average Validation Accuracy (Over 5 folds): 0.9196 

2025-01-16 00:36:20,870 - INFO - Training with Vectorized Data 1000 features. Dropout Rate 0.56. Dataset Size 2400. 128 neurons. Leanring Rate 0.002
2025-01-16 00:36:20,870 - INFO - Training for fold 1/5
2025-01-16 00:36:21,027 - INFO - Epoch [1/100], Train Accuracy: 0.7516, Val Accuracy: 0.9125
2025-01-16 00:36:21,199 - INFO - Epoch [2/100], Train Accuracy: 0.9250, Val Accuracy: 0.9146
2025-01-16 00:36:21,328 - INFO - Epoch [3/100], Train Accuracy: 0.9641, Val Accuracy: 0.9271
2025-01-16 00:36:21,466 - INFO - Epoch [4/100], Train Accuracy: 0.9833, Val Accuracy: 0.9229
2025-01-16 00:36:21,587 - INFO - Epoch [5/100], Train Accuracy: 0.9927, Val Accuracy: 0.9271
2025-01-16 00:36:21,720 - INFO - Epoch [6/100], Train Accuracy: 0.9964, Val Accuracy: 0.9146
2025-01-16 00:36:21,736 - INFO - Fold 1 Validation Accuracy: 0.9146
2025-01-16 00:36:21,736 - INFO - Training for fold 2/5
2025-01-16 00:36:21,877 - INFO - Epoch [1/100], Train Accuracy: 0.6339, Val Accuracy: 0.8354
2025-01-16 00:36:21,977 - INFO - Epoch [2/100], Train Accuracy: 0.9255, Val Accuracy: 0.8896
2025-01-16 00:36:22,081 - INFO - Epoch [3/100], Train Accuracy: 0.9609, Val Accuracy: 0.9042
2025-01-16 00:36:22,206 - INFO - Epoch [4/100], Train Accuracy: 0.9823, Val Accuracy: 0.9083
2025-01-16 00:36:22,301 - INFO - Epoch [5/100], Train Accuracy: 0.9911, Val Accuracy: 0.9104
2025-01-16 00:36:22,391 - INFO - Epoch [6/100], Train Accuracy: 0.9932, Val Accuracy: 0.9104
2025-01-16 00:36:22,487 - INFO - Epoch [7/100], Train Accuracy: 0.9964, Val Accuracy: 0.9146
2025-01-16 00:36:22,590 - INFO - Epoch [8/100], Train Accuracy: 0.9969, Val Accuracy: 0.9104
2025-01-16 00:36:22,607 - INFO - Fold 2 Validation Accuracy: 0.9104
2025-01-16 00:36:22,607 - INFO - Training for fold 3/5
2025-01-16 00:36:22,710 - INFO - Epoch [1/100], Train Accuracy: 0.6682, Val Accuracy: 0.8500
2025-01-16 00:36:22,806 - INFO - Epoch [2/100], Train Accuracy: 0.9260, Val Accuracy: 0.9042
2025-01-16 00:36:22,910 - INFO - Epoch [3/100], Train Accuracy: 0.9656, Val Accuracy: 0.9062
2025-01-16 00:36:23,011 - INFO - Epoch [4/100], Train Accuracy: 0.9807, Val Accuracy: 0.9146
2025-01-16 00:36:23,113 - INFO - Epoch [5/100], Train Accuracy: 0.9906, Val Accuracy: 0.9125
2025-01-16 00:36:23,124 - INFO - Fold 3 Validation Accuracy: 0.9125
2025-01-16 00:36:23,124 - INFO - Training for fold 4/5
2025-01-16 00:36:23,234 - INFO - Epoch [1/100], Train Accuracy: 0.6635, Val Accuracy: 0.8750
2025-01-16 00:36:23,331 - INFO - Epoch [2/100], Train Accuracy: 0.9187, Val Accuracy: 0.8917
2025-01-16 00:36:23,424 - INFO - Epoch [3/100], Train Accuracy: 0.9594, Val Accuracy: 0.9167
2025-01-16 00:36:23,518 - INFO - Epoch [4/100], Train Accuracy: 0.9807, Val Accuracy: 0.9313
2025-01-16 00:36:23,614 - INFO - Epoch [5/100], Train Accuracy: 0.9901, Val Accuracy: 0.9271
2025-01-16 00:36:23,628 - INFO - Fold 4 Validation Accuracy: 0.9271
2025-01-16 00:36:23,628 - INFO - Training for fold 5/5
2025-01-16 00:36:23,768 - INFO - Epoch [1/100], Train Accuracy: 0.7417, Val Accuracy: 0.9250
2025-01-16 00:36:23,876 - INFO - Epoch [2/100], Train Accuracy: 0.9130, Val Accuracy: 0.9333
2025-01-16 00:36:23,987 - INFO - Epoch [3/100], Train Accuracy: 0.9599, Val Accuracy: 0.9354
2025-01-16 00:36:24,089 - INFO - Epoch [4/100], Train Accuracy: 0.9839, Val Accuracy: 0.9333
2025-01-16 00:36:24,188 - INFO - Epoch [5/100], Train Accuracy: 0.9906, Val Accuracy: 0.9333
2025-01-16 00:36:24,201 - INFO - Fold 5 Validation Accuracy: 0.9333
2025-01-16 00:36:24,201 - INFO - Average Validation Accuracy (Over 5 folds): 0.9196 

2025-01-16 00:36:24,349 - INFO - Training with Vectorized Data 1000 features. Dropout Rate 0.56. Dataset Size 2400. 128 neurons. Leanring Rate 0.002
2025-01-16 00:36:24,349 - INFO - Training for fold 1/5
2025-01-16 00:36:24,504 - INFO - Epoch [1/100], Train Accuracy: 0.6745, Val Accuracy: 0.8417
2025-01-16 00:36:24,604 - INFO - Epoch [2/100], Train Accuracy: 0.9250, Val Accuracy: 0.9021
2025-01-16 00:36:24,719 - INFO - Epoch [3/100], Train Accuracy: 0.9656, Val Accuracy: 0.9333
2025-01-16 00:36:24,927 - INFO - Epoch [4/100], Train Accuracy: 0.9818, Val Accuracy: 0.9271
2025-01-16 00:36:25,090 - INFO - Epoch [5/100], Train Accuracy: 0.9896, Val Accuracy: 0.9354
2025-01-16 00:36:25,221 - INFO - Epoch [6/100], Train Accuracy: 0.9948, Val Accuracy: 0.9250
2025-01-16 00:36:25,234 - INFO - Fold 1 Validation Accuracy: 0.9250
2025-01-16 00:36:25,234 - INFO - Training for fold 2/5
2025-01-16 00:36:25,354 - INFO - Epoch [1/100], Train Accuracy: 0.6552, Val Accuracy: 0.8938
2025-01-16 00:36:25,461 - INFO - Epoch [2/100], Train Accuracy: 0.9240, Val Accuracy: 0.9187
2025-01-16 00:36:25,564 - INFO - Epoch [3/100], Train Accuracy: 0.9615, Val Accuracy: 0.9333
2025-01-16 00:36:25,671 - INFO - Epoch [4/100], Train Accuracy: 0.9844, Val Accuracy: 0.9396
2025-01-16 00:36:25,777 - INFO - Epoch [5/100], Train Accuracy: 0.9917, Val Accuracy: 0.9354
2025-01-16 00:36:25,790 - INFO - Fold 2 Validation Accuracy: 0.9354
2025-01-16 00:36:25,791 - INFO - Training for fold 3/5
2025-01-16 00:36:25,897 - INFO - Epoch [1/100], Train Accuracy: 0.6302, Val Accuracy: 0.8938
2025-01-16 00:36:26,004 - INFO - Epoch [2/100], Train Accuracy: 0.9198, Val Accuracy: 0.9167
2025-01-16 00:36:26,106 - INFO - Epoch [3/100], Train Accuracy: 0.9688, Val Accuracy: 0.9125
2025-01-16 00:36:26,209 - INFO - Epoch [4/100], Train Accuracy: 0.9828, Val Accuracy: 0.9146
2025-01-16 00:36:26,313 - INFO - Epoch [5/100], Train Accuracy: 0.9917, Val Accuracy: 0.9104
2025-01-16 00:36:26,324 - INFO - Fold 3 Validation Accuracy: 0.9104
2025-01-16 00:36:26,324 - INFO - Training for fold 4/5
2025-01-16 00:36:26,451 - INFO - Epoch [1/100], Train Accuracy: 0.7651, Val Accuracy: 0.8646
2025-01-16 00:36:26,559 - INFO - Epoch [2/100], Train Accuracy: 0.9260, Val Accuracy: 0.8958
2025-01-16 00:36:26,668 - INFO - Epoch [3/100], Train Accuracy: 0.9625, Val Accuracy: 0.9042
2025-01-16 00:36:26,778 - INFO - Epoch [4/100], Train Accuracy: 0.9844, Val Accuracy: 0.9062
2025-01-16 00:36:26,887 - INFO - Epoch [5/100], Train Accuracy: 0.9922, Val Accuracy: 0.9125
2025-01-16 00:36:26,987 - INFO - Epoch [6/100], Train Accuracy: 0.9974, Val Accuracy: 0.9146
2025-01-16 00:36:27,088 - INFO - Epoch [7/100], Train Accuracy: 0.9974, Val Accuracy: 0.9146
2025-01-16 00:36:27,192 - INFO - Epoch [8/100], Train Accuracy: 0.9984, Val Accuracy: 0.9146
2025-01-16 00:36:27,304 - INFO - Epoch [9/100], Train Accuracy: 0.9990, Val Accuracy: 0.9146
2025-01-16 00:36:27,452 - INFO - Epoch [10/100], Train Accuracy: 0.9990, Val Accuracy: 0.9125
2025-01-16 00:36:27,474 - INFO - Fold 4 Validation Accuracy: 0.9125
2025-01-16 00:36:27,474 - INFO - Training for fold 5/5
2025-01-16 00:36:27,686 - INFO - Epoch [1/100], Train Accuracy: 0.5839, Val Accuracy: 0.9000
2025-01-16 00:36:27,815 - INFO - Epoch [2/100], Train Accuracy: 0.9203, Val Accuracy: 0.9083
2025-01-16 00:36:27,950 - INFO - Epoch [3/100], Train Accuracy: 0.9578, Val Accuracy: 0.9229
2025-01-16 00:36:28,081 - INFO - Epoch [4/100], Train Accuracy: 0.9807, Val Accuracy: 0.9229
2025-01-16 00:36:28,196 - INFO - Epoch [5/100], Train Accuracy: 0.9885, Val Accuracy: 0.9208
2025-01-16 00:36:28,317 - INFO - Epoch [6/100], Train Accuracy: 0.9948, Val Accuracy: 0.9208
2025-01-16 00:36:28,328 - INFO - Fold 5 Validation Accuracy: 0.9208
2025-01-16 00:36:28,328 - INFO - Average Validation Accuracy (Over 5 folds): 0.9208 

2025-01-16 00:36:28,470 - INFO - Training with Vectorized Data 1000 features. Dropout Rate 0.56. Dataset Size 2400. 128 neurons. Leanring Rate 0.002
2025-01-16 00:36:28,471 - INFO - Training for fold 1/5
2025-01-16 00:36:28,614 - INFO - Epoch [1/100], Train Accuracy: 0.6708, Val Accuracy: 0.9042
2025-01-16 00:36:28,732 - INFO - Epoch [2/100], Train Accuracy: 0.9240, Val Accuracy: 0.9313
2025-01-16 00:36:28,844 - INFO - Epoch [3/100], Train Accuracy: 0.9651, Val Accuracy: 0.9271
2025-01-16 00:36:28,943 - INFO - Epoch [4/100], Train Accuracy: 0.9823, Val Accuracy: 0.9292
2025-01-16 00:36:29,066 - INFO - Epoch [5/100], Train Accuracy: 0.9927, Val Accuracy: 0.9354
2025-01-16 00:36:29,185 - INFO - Epoch [6/100], Train Accuracy: 0.9938, Val Accuracy: 0.9333
2025-01-16 00:36:29,197 - INFO - Fold 1 Validation Accuracy: 0.9333
2025-01-16 00:36:29,197 - INFO - Training for fold 2/5
2025-01-16 00:36:29,308 - INFO - Epoch [1/100], Train Accuracy: 0.7005, Val Accuracy: 0.9229
2025-01-16 00:36:29,406 - INFO - Epoch [2/100], Train Accuracy: 0.9187, Val Accuracy: 0.9250
2025-01-16 00:36:29,520 - INFO - Epoch [3/100], Train Accuracy: 0.9604, Val Accuracy: 0.9333
2025-01-16 00:36:29,626 - INFO - Epoch [4/100], Train Accuracy: 0.9818, Val Accuracy: 0.9375
2025-01-16 00:36:29,738 - INFO - Epoch [5/100], Train Accuracy: 0.9906, Val Accuracy: 0.9333
2025-01-16 00:36:29,750 - INFO - Fold 2 Validation Accuracy: 0.9333
2025-01-16 00:36:29,750 - INFO - Training for fold 3/5
2025-01-16 00:36:29,865 - INFO - Epoch [1/100], Train Accuracy: 0.6188, Val Accuracy: 0.8792
2025-01-16 00:36:29,960 - INFO - Epoch [2/100], Train Accuracy: 0.9286, Val Accuracy: 0.9208
2025-01-16 00:36:30,058 - INFO - Epoch [3/100], Train Accuracy: 0.9615, Val Accuracy: 0.9396
2025-01-16 00:36:30,183 - INFO - Epoch [4/100], Train Accuracy: 0.9844, Val Accuracy: 0.9354
2025-01-16 00:36:30,286 - INFO - Epoch [5/100], Train Accuracy: 0.9922, Val Accuracy: 0.9313
2025-01-16 00:36:30,299 - INFO - Fold 3 Validation Accuracy: 0.9313
2025-01-16 00:36:30,299 - INFO - Training for fold 4/5
2025-01-16 00:36:30,449 - INFO - Epoch [1/100], Train Accuracy: 0.6698, Val Accuracy: 0.8729
2025-01-16 00:36:30,585 - INFO - Epoch [2/100], Train Accuracy: 0.9219, Val Accuracy: 0.9104
2025-01-16 00:36:30,733 - INFO - Epoch [3/100], Train Accuracy: 0.9630, Val Accuracy: 0.9208
2025-01-16 00:36:30,839 - INFO - Epoch [4/100], Train Accuracy: 0.9812, Val Accuracy: 0.9250
2025-01-16 00:36:30,943 - INFO - Epoch [5/100], Train Accuracy: 0.9901, Val Accuracy: 0.9187
2025-01-16 00:36:30,954 - INFO - Fold 4 Validation Accuracy: 0.9187
2025-01-16 00:36:30,954 - INFO - Training for fold 5/5
2025-01-16 00:36:31,088 - INFO - Epoch [1/100], Train Accuracy: 0.6427, Val Accuracy: 0.8438
2025-01-16 00:36:31,200 - INFO - Epoch [2/100], Train Accuracy: 0.9281, Val Accuracy: 0.8917
2025-01-16 00:36:31,324 - INFO - Epoch [3/100], Train Accuracy: 0.9615, Val Accuracy: 0.9021
2025-01-16 00:36:31,445 - INFO - Epoch [4/100], Train Accuracy: 0.9802, Val Accuracy: 0.9146
2025-01-16 00:36:31,570 - INFO - Epoch [5/100], Train Accuracy: 0.9896, Val Accuracy: 0.9125
2025-01-16 00:36:31,677 - INFO - Epoch [6/100], Train Accuracy: 0.9938, Val Accuracy: 0.9042
2025-01-16 00:36:31,689 - INFO - Fold 5 Validation Accuracy: 0.9042
2025-01-16 00:36:31,690 - INFO - Average Validation Accuracy (Over 5 folds): 0.9242 

2025-01-16 00:36:31,841 - INFO - Training with Vectorized Data 1000 features. Dropout Rate 0.56. Dataset Size 2400. 128 neurons. Leanring Rate 0.002
2025-01-16 00:36:31,841 - INFO - Training for fold 1/5
2025-01-16 00:36:31,984 - INFO - Epoch [1/100], Train Accuracy: 0.7057, Val Accuracy: 0.8750
2025-01-16 00:36:32,103 - INFO - Epoch [2/100], Train Accuracy: 0.9203, Val Accuracy: 0.8875
2025-01-16 00:36:32,203 - INFO - Epoch [3/100], Train Accuracy: 0.9604, Val Accuracy: 0.9042
2025-01-16 00:36:32,311 - INFO - Epoch [4/100], Train Accuracy: 0.9839, Val Accuracy: 0.9062
2025-01-16 00:36:32,425 - INFO - Epoch [5/100], Train Accuracy: 0.9911, Val Accuracy: 0.9083
2025-01-16 00:36:32,541 - INFO - Epoch [6/100], Train Accuracy: 0.9948, Val Accuracy: 0.9104
2025-01-16 00:36:32,654 - INFO - Epoch [7/100], Train Accuracy: 0.9969, Val Accuracy: 0.9125
2025-01-16 00:36:32,770 - INFO - Epoch [8/100], Train Accuracy: 0.9984, Val Accuracy: 0.9062
2025-01-16 00:36:32,785 - INFO - Fold 1 Validation Accuracy: 0.9062
2025-01-16 00:36:32,785 - INFO - Training for fold 2/5
2025-01-16 00:36:32,916 - INFO - Epoch [1/100], Train Accuracy: 0.7078, Val Accuracy: 0.8521
2025-01-16 00:36:33,042 - INFO - Epoch [2/100], Train Accuracy: 0.9177, Val Accuracy: 0.9083
2025-01-16 00:36:33,150 - INFO - Epoch [3/100], Train Accuracy: 0.9589, Val Accuracy: 0.9375
2025-01-16 00:36:33,259 - INFO - Epoch [4/100], Train Accuracy: 0.9812, Val Accuracy: 0.9292
2025-01-16 00:36:33,391 - INFO - Epoch [5/100], Train Accuracy: 0.9917, Val Accuracy: 0.9292
2025-01-16 00:36:33,404 - INFO - Fold 2 Validation Accuracy: 0.9292
2025-01-16 00:36:33,406 - INFO - Training for fold 3/5
2025-01-16 00:36:33,546 - INFO - Epoch [1/100], Train Accuracy: 0.6828, Val Accuracy: 0.9125
2025-01-16 00:36:33,648 - INFO - Epoch [2/100], Train Accuracy: 0.9224, Val Accuracy: 0.9333
2025-01-16 00:36:33,789 - INFO - Epoch [3/100], Train Accuracy: 0.9630, Val Accuracy: 0.9354
2025-01-16 00:36:33,907 - INFO - Epoch [4/100], Train Accuracy: 0.9812, Val Accuracy: 0.9333
2025-01-16 00:36:34,041 - INFO - Epoch [5/100], Train Accuracy: 0.9906, Val Accuracy: 0.9229
2025-01-16 00:36:34,056 - INFO - Fold 3 Validation Accuracy: 0.9229
2025-01-16 00:36:34,056 - INFO - Training for fold 4/5
2025-01-16 00:36:34,203 - INFO - Epoch [1/100], Train Accuracy: 0.7479, Val Accuracy: 0.8875
2025-01-16 00:36:34,313 - INFO - Epoch [2/100], Train Accuracy: 0.9234, Val Accuracy: 0.9062
2025-01-16 00:36:34,443 - INFO - Epoch [3/100], Train Accuracy: 0.9630, Val Accuracy: 0.9208
2025-01-16 00:36:34,549 - INFO - Epoch [4/100], Train Accuracy: 0.9807, Val Accuracy: 0.9271
2025-01-16 00:36:34,660 - INFO - Epoch [5/100], Train Accuracy: 0.9885, Val Accuracy: 0.9354
2025-01-16 00:36:34,782 - INFO - Epoch [6/100], Train Accuracy: 0.9948, Val Accuracy: 0.9354
2025-01-16 00:36:34,947 - INFO - Epoch [7/100], Train Accuracy: 0.9964, Val Accuracy: 0.9313
2025-01-16 00:36:34,959 - INFO - Fold 4 Validation Accuracy: 0.9313
2025-01-16 00:36:34,959 - INFO - Training for fold 5/5
2025-01-16 00:36:35,124 - INFO - Epoch [1/100], Train Accuracy: 0.6510, Val Accuracy: 0.8792
2025-01-16 00:36:35,232 - INFO - Epoch [2/100], Train Accuracy: 0.9224, Val Accuracy: 0.9021
2025-01-16 00:36:35,347 - INFO - Epoch [3/100], Train Accuracy: 0.9651, Val Accuracy: 0.9187
2025-01-16 00:36:35,472 - INFO - Epoch [4/100], Train Accuracy: 0.9797, Val Accuracy: 0.9292
2025-01-16 00:36:35,591 - INFO - Epoch [5/100], Train Accuracy: 0.9891, Val Accuracy: 0.9250
2025-01-16 00:36:35,707 - INFO - Epoch [6/100], Train Accuracy: 0.9953, Val Accuracy: 0.9187
2025-01-16 00:36:35,718 - INFO - Fold 5 Validation Accuracy: 0.9187
2025-01-16 00:36:35,718 - INFO - Average Validation Accuracy (Over 5 folds): 0.9217 

2025-01-16 00:36:35,851 - INFO - Training with Vectorized Data 1000 features. Dropout Rate 0.56. Dataset Size 2400. 128 neurons. Leanring Rate 0.002
2025-01-16 00:36:35,852 - INFO - Training for fold 1/5
2025-01-16 00:36:35,984 - INFO - Epoch [1/100], Train Accuracy: 0.7422, Val Accuracy: 0.8542
2025-01-16 00:36:36,104 - INFO - Epoch [2/100], Train Accuracy: 0.9240, Val Accuracy: 0.8875
2025-01-16 00:36:36,215 - INFO - Epoch [3/100], Train Accuracy: 0.9667, Val Accuracy: 0.9021
2025-01-16 00:36:36,328 - INFO - Epoch [4/100], Train Accuracy: 0.9844, Val Accuracy: 0.9104
2025-01-16 00:36:36,445 - INFO - Epoch [5/100], Train Accuracy: 0.9906, Val Accuracy: 0.9083
2025-01-16 00:36:36,458 - INFO - Fold 1 Validation Accuracy: 0.9083
2025-01-16 00:36:36,459 - INFO - Training for fold 2/5
2025-01-16 00:36:36,603 - INFO - Epoch [1/100], Train Accuracy: 0.7339, Val Accuracy: 0.9083
2025-01-16 00:36:36,717 - INFO - Epoch [2/100], Train Accuracy: 0.9276, Val Accuracy: 0.9167
2025-01-16 00:36:36,877 - INFO - Epoch [3/100], Train Accuracy: 0.9573, Val Accuracy: 0.9271
2025-01-16 00:36:37,011 - INFO - Epoch [4/100], Train Accuracy: 0.9802, Val Accuracy: 0.9333
2025-01-16 00:36:37,152 - INFO - Epoch [5/100], Train Accuracy: 0.9901, Val Accuracy: 0.9458
2025-01-16 00:36:37,267 - INFO - Epoch [6/100], Train Accuracy: 0.9948, Val Accuracy: 0.9354
2025-01-16 00:36:37,279 - INFO - Fold 2 Validation Accuracy: 0.9354
2025-01-16 00:36:37,280 - INFO - Training for fold 3/5
2025-01-16 00:36:37,400 - INFO - Epoch [1/100], Train Accuracy: 0.6255, Val Accuracy: 0.8771
2025-01-16 00:36:37,509 - INFO - Epoch [2/100], Train Accuracy: 0.9219, Val Accuracy: 0.9083
2025-01-16 00:36:37,614 - INFO - Epoch [3/100], Train Accuracy: 0.9646, Val Accuracy: 0.9229
2025-01-16 00:36:37,724 - INFO - Epoch [4/100], Train Accuracy: 0.9849, Val Accuracy: 0.9187
2025-01-16 00:36:37,847 - INFO - Epoch [5/100], Train Accuracy: 0.9938, Val Accuracy: 0.9208
2025-01-16 00:36:37,859 - INFO - Fold 3 Validation Accuracy: 0.9208
2025-01-16 00:36:37,860 - INFO - Training for fold 4/5
2025-01-16 00:36:37,977 - INFO - Epoch [1/100], Train Accuracy: 0.7229, Val Accuracy: 0.8917
2025-01-16 00:36:38,074 - INFO - Epoch [2/100], Train Accuracy: 0.9271, Val Accuracy: 0.9167
2025-01-16 00:36:38,218 - INFO - Epoch [3/100], Train Accuracy: 0.9620, Val Accuracy: 0.9250
2025-01-16 00:36:38,361 - INFO - Epoch [4/100], Train Accuracy: 0.9818, Val Accuracy: 0.9313
2025-01-16 00:36:38,485 - INFO - Epoch [5/100], Train Accuracy: 0.9922, Val Accuracy: 0.9271
2025-01-16 00:36:38,499 - INFO - Fold 4 Validation Accuracy: 0.9271
2025-01-16 00:36:38,500 - INFO - Training for fold 5/5
2025-01-16 00:36:38,650 - INFO - Epoch [1/100], Train Accuracy: 0.7531, Val Accuracy: 0.8729
2025-01-16 00:36:38,757 - INFO - Epoch [2/100], Train Accuracy: 0.9167, Val Accuracy: 0.9167
2025-01-16 00:36:38,856 - INFO - Epoch [3/100], Train Accuracy: 0.9620, Val Accuracy: 0.9250
2025-01-16 00:36:38,971 - INFO - Epoch [4/100], Train Accuracy: 0.9833, Val Accuracy: 0.9271
2025-01-16 00:36:39,129 - INFO - Epoch [5/100], Train Accuracy: 0.9906, Val Accuracy: 0.9250
2025-01-16 00:36:39,154 - INFO - Fold 5 Validation Accuracy: 0.9250
2025-01-16 00:36:39,154 - INFO - Average Validation Accuracy (Over 5 folds): 0.9233 

2025-01-16 00:36:39,299 - INFO - Training with Vectorized Data 1000 features. Dropout Rate 0.56. Dataset Size 2400. 128 neurons. Leanring Rate 0.002
2025-01-16 00:36:39,299 - INFO - Training for fold 1/5
2025-01-16 00:36:39,481 - INFO - Epoch [1/100], Train Accuracy: 0.6229, Val Accuracy: 0.9062
2025-01-16 00:36:39,622 - INFO - Epoch [2/100], Train Accuracy: 0.9234, Val Accuracy: 0.9271
2025-01-16 00:36:39,731 - INFO - Epoch [3/100], Train Accuracy: 0.9609, Val Accuracy: 0.9396
2025-01-16 00:36:39,834 - INFO - Epoch [4/100], Train Accuracy: 0.9812, Val Accuracy: 0.9354
2025-01-16 00:36:39,940 - INFO - Epoch [5/100], Train Accuracy: 0.9906, Val Accuracy: 0.9396
2025-01-16 00:36:40,043 - INFO - Epoch [6/100], Train Accuracy: 0.9948, Val Accuracy: 0.9417
2025-01-16 00:36:40,154 - INFO - Epoch [7/100], Train Accuracy: 0.9974, Val Accuracy: 0.9375
2025-01-16 00:36:40,166 - INFO - Fold 1 Validation Accuracy: 0.9375
2025-01-16 00:36:40,166 - INFO - Training for fold 2/5
2025-01-16 00:36:40,281 - INFO - Epoch [1/100], Train Accuracy: 0.7422, Val Accuracy: 0.8792
2025-01-16 00:36:40,375 - INFO - Epoch [2/100], Train Accuracy: 0.9224, Val Accuracy: 0.9167
2025-01-16 00:36:40,487 - INFO - Epoch [3/100], Train Accuracy: 0.9672, Val Accuracy: 0.9208
2025-01-16 00:36:40,609 - INFO - Epoch [4/100], Train Accuracy: 0.9839, Val Accuracy: 0.9104
2025-01-16 00:36:40,714 - INFO - Epoch [5/100], Train Accuracy: 0.9911, Val Accuracy: 0.9125
2025-01-16 00:36:40,724 - INFO - Fold 2 Validation Accuracy: 0.9125
2025-01-16 00:36:40,724 - INFO - Training for fold 3/5
2025-01-16 00:36:40,854 - INFO - Epoch [1/100], Train Accuracy: 0.7354, Val Accuracy: 0.8646
2025-01-16 00:36:40,962 - INFO - Epoch [2/100], Train Accuracy: 0.9250, Val Accuracy: 0.9104
2025-01-16 00:36:41,067 - INFO - Epoch [3/100], Train Accuracy: 0.9609, Val Accuracy: 0.9250
2025-01-16 00:36:41,173 - INFO - Epoch [4/100], Train Accuracy: 0.9823, Val Accuracy: 0.9292
2025-01-16 00:36:41,282 - INFO - Epoch [5/100], Train Accuracy: 0.9906, Val Accuracy: 0.9271
2025-01-16 00:36:41,294 - INFO - Fold 3 Validation Accuracy: 0.9271
2025-01-16 00:36:41,296 - INFO - Training for fold 4/5
2025-01-16 00:36:41,413 - INFO - Epoch [1/100], Train Accuracy: 0.6802, Val Accuracy: 0.8708
2025-01-16 00:36:41,548 - INFO - Epoch [2/100], Train Accuracy: 0.9182, Val Accuracy: 0.9000
2025-01-16 00:36:41,674 - INFO - Epoch [3/100], Train Accuracy: 0.9656, Val Accuracy: 0.9229
2025-01-16 00:36:41,790 - INFO - Epoch [4/100], Train Accuracy: 0.9802, Val Accuracy: 0.9271
2025-01-16 00:36:41,899 - INFO - Epoch [5/100], Train Accuracy: 0.9911, Val Accuracy: 0.9229
2025-01-16 00:36:41,908 - INFO - Fold 4 Validation Accuracy: 0.9229
2025-01-16 00:36:41,909 - INFO - Training for fold 5/5
2025-01-16 00:36:42,047 - INFO - Epoch [1/100], Train Accuracy: 0.6615, Val Accuracy: 0.8771
2025-01-16 00:36:42,180 - INFO - Epoch [2/100], Train Accuracy: 0.9214, Val Accuracy: 0.9000
2025-01-16 00:36:42,294 - INFO - Epoch [3/100], Train Accuracy: 0.9656, Val Accuracy: 0.9125
2025-01-16 00:36:42,408 - INFO - Epoch [4/100], Train Accuracy: 0.9854, Val Accuracy: 0.9208
2025-01-16 00:36:42,514 - INFO - Epoch [5/100], Train Accuracy: 0.9917, Val Accuracy: 0.9167
2025-01-16 00:36:42,530 - INFO - Fold 5 Validation Accuracy: 0.9167
2025-01-16 00:36:42,531 - INFO - Average Validation Accuracy (Over 5 folds): 0.9233 

2025-01-16 00:36:42,657 - INFO - Training with Vectorized Data 1000 features. Dropout Rate 0.56. Dataset Size 2400. 128 neurons. Leanring Rate 0.002
2025-01-16 00:36:42,658 - INFO - Training for fold 1/5
2025-01-16 00:36:42,782 - INFO - Epoch [1/100], Train Accuracy: 0.7151, Val Accuracy: 0.8854
2025-01-16 00:36:42,879 - INFO - Epoch [2/100], Train Accuracy: 0.9286, Val Accuracy: 0.9021
2025-01-16 00:36:42,994 - INFO - Epoch [3/100], Train Accuracy: 0.9672, Val Accuracy: 0.9083
2025-01-16 00:36:43,165 - INFO - Epoch [4/100], Train Accuracy: 0.9812, Val Accuracy: 0.9000
2025-01-16 00:36:43,298 - INFO - Epoch [5/100], Train Accuracy: 0.9927, Val Accuracy: 0.9083
2025-01-16 00:36:43,393 - INFO - Epoch [6/100], Train Accuracy: 0.9969, Val Accuracy: 0.9021
2025-01-16 00:36:43,404 - INFO - Fold 1 Validation Accuracy: 0.9021
2025-01-16 00:36:43,405 - INFO - Training for fold 2/5
2025-01-16 00:36:43,535 - INFO - Epoch [1/100], Train Accuracy: 0.6833, Val Accuracy: 0.9062
2025-01-16 00:36:43,636 - INFO - Epoch [2/100], Train Accuracy: 0.9266, Val Accuracy: 0.9146
2025-01-16 00:36:43,734 - INFO - Epoch [3/100], Train Accuracy: 0.9646, Val Accuracy: 0.9271
2025-01-16 00:36:43,866 - INFO - Epoch [4/100], Train Accuracy: 0.9828, Val Accuracy: 0.9208
2025-01-16 00:36:43,963 - INFO - Epoch [5/100], Train Accuracy: 0.9906, Val Accuracy: 0.9250
2025-01-16 00:36:43,973 - INFO - Fold 2 Validation Accuracy: 0.9250
2025-01-16 00:36:43,974 - INFO - Training for fold 3/5
2025-01-16 00:36:44,085 - INFO - Epoch [1/100], Train Accuracy: 0.6745, Val Accuracy: 0.8792
2025-01-16 00:36:44,183 - INFO - Epoch [2/100], Train Accuracy: 0.9172, Val Accuracy: 0.9021
2025-01-16 00:36:44,279 - INFO - Epoch [3/100], Train Accuracy: 0.9568, Val Accuracy: 0.9208
2025-01-16 00:36:44,381 - INFO - Epoch [4/100], Train Accuracy: 0.9771, Val Accuracy: 0.9229
2025-01-16 00:36:44,483 - INFO - Epoch [5/100], Train Accuracy: 0.9880, Val Accuracy: 0.9229
2025-01-16 00:36:44,646 - INFO - Epoch [6/100], Train Accuracy: 0.9927, Val Accuracy: 0.9292
2025-01-16 00:36:44,769 - INFO - Epoch [7/100], Train Accuracy: 0.9958, Val Accuracy: 0.9313
2025-01-16 00:36:44,867 - INFO - Epoch [8/100], Train Accuracy: 0.9979, Val Accuracy: 0.9313
2025-01-16 00:36:44,981 - INFO - Epoch [9/100], Train Accuracy: 0.9979, Val Accuracy: 0.9292
2025-01-16 00:36:44,991 - INFO - Fold 3 Validation Accuracy: 0.9292
2025-01-16 00:36:44,991 - INFO - Training for fold 4/5
2025-01-16 00:36:45,134 - INFO - Epoch [1/100], Train Accuracy: 0.7365, Val Accuracy: 0.9042
2025-01-16 00:36:45,231 - INFO - Epoch [2/100], Train Accuracy: 0.9240, Val Accuracy: 0.9146
2025-01-16 00:36:45,366 - INFO - Epoch [3/100], Train Accuracy: 0.9609, Val Accuracy: 0.9250
2025-01-16 00:36:45,489 - INFO - Epoch [4/100], Train Accuracy: 0.9823, Val Accuracy: 0.9333
2025-01-16 00:36:45,593 - INFO - Epoch [5/100], Train Accuracy: 0.9901, Val Accuracy: 0.9313
2025-01-16 00:36:45,604 - INFO - Fold 4 Validation Accuracy: 0.9313
2025-01-16 00:36:45,604 - INFO - Training for fold 5/5
2025-01-16 00:36:45,724 - INFO - Epoch [1/100], Train Accuracy: 0.6974, Val Accuracy: 0.9146
2025-01-16 00:36:45,818 - INFO - Epoch [2/100], Train Accuracy: 0.9208, Val Accuracy: 0.9292
2025-01-16 00:36:45,923 - INFO - Epoch [3/100], Train Accuracy: 0.9625, Val Accuracy: 0.9354
2025-01-16 00:36:46,050 - INFO - Epoch [4/100], Train Accuracy: 0.9828, Val Accuracy: 0.9417
2025-01-16 00:36:46,160 - INFO - Epoch [5/100], Train Accuracy: 0.9885, Val Accuracy: 0.9417
2025-01-16 00:36:46,272 - INFO - Epoch [6/100], Train Accuracy: 0.9943, Val Accuracy: 0.9354
2025-01-16 00:36:46,286 - INFO - Fold 5 Validation Accuracy: 0.9354
2025-01-16 00:36:46,287 - INFO - Average Validation Accuracy (Over 5 folds): 0.9246 

2025-01-16 00:36:46,413 - INFO - Training with Vectorized Data 1000 features. Dropout Rate 0.56. Dataset Size 2400. 128 neurons. Leanring Rate 0.002
2025-01-16 00:36:46,413 - INFO - Training for fold 1/5
2025-01-16 00:36:46,543 - INFO - Epoch [1/100], Train Accuracy: 0.6599, Val Accuracy: 0.8729
2025-01-16 00:36:46,671 - INFO - Epoch [2/100], Train Accuracy: 0.9271, Val Accuracy: 0.8938
2025-01-16 00:36:46,786 - INFO - Epoch [3/100], Train Accuracy: 0.9641, Val Accuracy: 0.9021
2025-01-16 00:36:46,894 - INFO - Epoch [4/100], Train Accuracy: 0.9797, Val Accuracy: 0.9000
2025-01-16 00:36:46,991 - INFO - Epoch [5/100], Train Accuracy: 0.9906, Val Accuracy: 0.8938
2025-01-16 00:36:47,004 - INFO - Fold 1 Validation Accuracy: 0.8938
2025-01-16 00:36:47,004 - INFO - Training for fold 2/5
2025-01-16 00:36:47,124 - INFO - Epoch [1/100], Train Accuracy: 0.7359, Val Accuracy: 0.8688
2025-01-16 00:36:47,231 - INFO - Epoch [2/100], Train Accuracy: 0.9203, Val Accuracy: 0.9000
2025-01-16 00:36:47,336 - INFO - Epoch [3/100], Train Accuracy: 0.9615, Val Accuracy: 0.9250
2025-01-16 00:36:47,461 - INFO - Epoch [4/100], Train Accuracy: 0.9812, Val Accuracy: 0.9250
2025-01-16 00:36:47,569 - INFO - Epoch [5/100], Train Accuracy: 0.9906, Val Accuracy: 0.9313
2025-01-16 00:36:47,687 - INFO - Epoch [6/100], Train Accuracy: 0.9938, Val Accuracy: 0.9250
2025-01-16 00:36:47,698 - INFO - Fold 2 Validation Accuracy: 0.9250
2025-01-16 00:36:47,699 - INFO - Training for fold 3/5
2025-01-16 00:36:47,811 - INFO - Epoch [1/100], Train Accuracy: 0.6344, Val Accuracy: 0.9021
2025-01-16 00:36:47,908 - INFO - Epoch [2/100], Train Accuracy: 0.9167, Val Accuracy: 0.9208
2025-01-16 00:36:48,032 - INFO - Epoch [3/100], Train Accuracy: 0.9599, Val Accuracy: 0.9333
2025-01-16 00:36:48,126 - INFO - Epoch [4/100], Train Accuracy: 0.9818, Val Accuracy: 0.9354
2025-01-16 00:36:48,239 - INFO - Epoch [5/100], Train Accuracy: 0.9922, Val Accuracy: 0.9333
2025-01-16 00:36:48,251 - INFO - Fold 3 Validation Accuracy: 0.9333
2025-01-16 00:36:48,252 - INFO - Training for fold 4/5
2025-01-16 00:36:48,365 - INFO - Epoch [1/100], Train Accuracy: 0.5651, Val Accuracy: 0.8875
2025-01-16 00:36:48,462 - INFO - Epoch [2/100], Train Accuracy: 0.9250, Val Accuracy: 0.9375
2025-01-16 00:36:48,570 - INFO - Epoch [3/100], Train Accuracy: 0.9630, Val Accuracy: 0.9417
2025-01-16 00:36:48,674 - INFO - Epoch [4/100], Train Accuracy: 0.9849, Val Accuracy: 0.9229
2025-01-16 00:36:48,687 - INFO - Fold 4 Validation Accuracy: 0.9229
2025-01-16 00:36:48,687 - INFO - Training for fold 5/5
2025-01-16 00:36:48,800 - INFO - Epoch [1/100], Train Accuracy: 0.7141, Val Accuracy: 0.8896
2025-01-16 00:36:48,938 - INFO - Epoch [2/100], Train Accuracy: 0.9219, Val Accuracy: 0.8938
2025-01-16 00:36:49,050 - INFO - Epoch [3/100], Train Accuracy: 0.9651, Val Accuracy: 0.9146
2025-01-16 00:36:49,154 - INFO - Epoch [4/100], Train Accuracy: 0.9818, Val Accuracy: 0.9187
2025-01-16 00:36:49,289 - INFO - Epoch [5/100], Train Accuracy: 0.9901, Val Accuracy: 0.9208
2025-01-16 00:36:49,417 - INFO - Epoch [6/100], Train Accuracy: 0.9958, Val Accuracy: 0.9271
2025-01-16 00:36:49,523 - INFO - Epoch [7/100], Train Accuracy: 0.9969, Val Accuracy: 0.9229
2025-01-16 00:36:49,538 - INFO - Fold 5 Validation Accuracy: 0.9229
2025-01-16 00:36:49,538 - INFO - Average Validation Accuracy (Over 5 folds): 0.9196 

2025-01-16 00:36:49,662 - INFO - Training with Vectorized Data 1000 features. Dropout Rate 0.56. Dataset Size 2400. 128 neurons. Leanring Rate 0.002
2025-01-16 00:36:49,663 - INFO - Training for fold 1/5
2025-01-16 00:36:49,777 - INFO - Epoch [1/100], Train Accuracy: 0.7484, Val Accuracy: 0.9042
2025-01-16 00:36:49,876 - INFO - Epoch [2/100], Train Accuracy: 0.9240, Val Accuracy: 0.9229
2025-01-16 00:36:49,980 - INFO - Epoch [3/100], Train Accuracy: 0.9589, Val Accuracy: 0.9333
2025-01-16 00:36:50,096 - INFO - Epoch [4/100], Train Accuracy: 0.9823, Val Accuracy: 0.9292
2025-01-16 00:36:50,214 - INFO - Epoch [5/100], Train Accuracy: 0.9911, Val Accuracy: 0.9292
2025-01-16 00:36:50,227 - INFO - Fold 1 Validation Accuracy: 0.9292
2025-01-16 00:36:50,227 - INFO - Training for fold 2/5
2025-01-16 00:36:50,377 - INFO - Epoch [1/100], Train Accuracy: 0.7026, Val Accuracy: 0.8875
2025-01-16 00:36:50,488 - INFO - Epoch [2/100], Train Accuracy: 0.9307, Val Accuracy: 0.9000
2025-01-16 00:36:50,610 - INFO - Epoch [3/100], Train Accuracy: 0.9609, Val Accuracy: 0.9167
2025-01-16 00:36:50,729 - INFO - Epoch [4/100], Train Accuracy: 0.9833, Val Accuracy: 0.9208
2025-01-16 00:36:50,860 - INFO - Epoch [5/100], Train Accuracy: 0.9917, Val Accuracy: 0.9083
2025-01-16 00:36:50,872 - INFO - Fold 2 Validation Accuracy: 0.9083
2025-01-16 00:36:50,873 - INFO - Training for fold 3/5
2025-01-16 00:36:50,989 - INFO - Epoch [1/100], Train Accuracy: 0.6734, Val Accuracy: 0.8708
2025-01-16 00:36:51,091 - INFO - Epoch [2/100], Train Accuracy: 0.9229, Val Accuracy: 0.9167
2025-01-16 00:36:51,194 - INFO - Epoch [3/100], Train Accuracy: 0.9615, Val Accuracy: 0.9354
2025-01-16 00:36:51,301 - INFO - Epoch [4/100], Train Accuracy: 0.9802, Val Accuracy: 0.9354
2025-01-16 00:36:51,421 - INFO - Epoch [5/100], Train Accuracy: 0.9896, Val Accuracy: 0.9417
2025-01-16 00:36:51,540 - INFO - Epoch [6/100], Train Accuracy: 0.9943, Val Accuracy: 0.9292
2025-01-16 00:36:51,552 - INFO - Fold 3 Validation Accuracy: 0.9292
2025-01-16 00:36:51,552 - INFO - Training for fold 4/5
2025-01-16 00:36:51,684 - INFO - Epoch [1/100], Train Accuracy: 0.7474, Val Accuracy: 0.8854
2025-01-16 00:36:51,799 - INFO - Epoch [2/100], Train Accuracy: 0.9281, Val Accuracy: 0.9021
2025-01-16 00:36:51,917 - INFO - Epoch [3/100], Train Accuracy: 0.9661, Val Accuracy: 0.9083
2025-01-16 00:36:52,024 - INFO - Epoch [4/100], Train Accuracy: 0.9828, Val Accuracy: 0.9125
2025-01-16 00:36:52,152 - INFO - Epoch [5/100], Train Accuracy: 0.9901, Val Accuracy: 0.9083
2025-01-16 00:36:52,166 - INFO - Fold 4 Validation Accuracy: 0.9083
2025-01-16 00:36:52,166 - INFO - Training for fold 5/5
2025-01-16 00:36:52,282 - INFO - Epoch [1/100], Train Accuracy: 0.6396, Val Accuracy: 0.8917
2025-01-16 00:36:52,385 - INFO - Epoch [2/100], Train Accuracy: 0.9187, Val Accuracy: 0.9021
2025-01-16 00:36:52,489 - INFO - Epoch [3/100], Train Accuracy: 0.9615, Val Accuracy: 0.9187
2025-01-16 00:36:52,593 - INFO - Epoch [4/100], Train Accuracy: 0.9812, Val Accuracy: 0.9146
2025-01-16 00:36:52,689 - INFO - Epoch [5/100], Train Accuracy: 0.9906, Val Accuracy: 0.9104
2025-01-16 00:36:52,702 - INFO - Fold 5 Validation Accuracy: 0.9104
2025-01-16 00:36:52,702 - INFO - Average Validation Accuracy (Over 5 folds): 0.9171 

2025-01-16 00:36:52,827 - INFO - Training with Vectorized Data 1000 features. Dropout Rate 0.56. Dataset Size 2400. 128 neurons. Leanring Rate 0.002
2025-01-16 00:36:52,827 - INFO - Training for fold 1/5
2025-01-16 00:36:52,943 - INFO - Epoch [1/100], Train Accuracy: 0.6802, Val Accuracy: 0.8812
2025-01-16 00:36:53,046 - INFO - Epoch [2/100], Train Accuracy: 0.9203, Val Accuracy: 0.9167
2025-01-16 00:36:53,151 - INFO - Epoch [3/100], Train Accuracy: 0.9635, Val Accuracy: 0.9229
2025-01-16 00:36:53,251 - INFO - Epoch [4/100], Train Accuracy: 0.9792, Val Accuracy: 0.9292
2025-01-16 00:36:53,356 - INFO - Epoch [5/100], Train Accuracy: 0.9922, Val Accuracy: 0.9271
2025-01-16 00:36:53,368 - INFO - Fold 1 Validation Accuracy: 0.9271
2025-01-16 00:36:53,368 - INFO - Training for fold 2/5
2025-01-16 00:36:53,484 - INFO - Epoch [1/100], Train Accuracy: 0.7203, Val Accuracy: 0.8854
2025-01-16 00:36:53,583 - INFO - Epoch [2/100], Train Accuracy: 0.9286, Val Accuracy: 0.9062
2025-01-16 00:36:53,679 - INFO - Epoch [3/100], Train Accuracy: 0.9635, Val Accuracy: 0.9229
2025-01-16 00:36:53,781 - INFO - Epoch [4/100], Train Accuracy: 0.9786, Val Accuracy: 0.9354
2025-01-16 00:36:53,876 - INFO - Epoch [5/100], Train Accuracy: 0.9870, Val Accuracy: 0.9417
2025-01-16 00:36:53,987 - INFO - Epoch [6/100], Train Accuracy: 0.9932, Val Accuracy: 0.9354
2025-01-16 00:36:54,001 - INFO - Fold 2 Validation Accuracy: 0.9354
2025-01-16 00:36:54,001 - INFO - Training for fold 3/5
2025-01-16 00:36:54,114 - INFO - Epoch [1/100], Train Accuracy: 0.7370, Val Accuracy: 0.8917
2025-01-16 00:36:54,205 - INFO - Epoch [2/100], Train Accuracy: 0.9229, Val Accuracy: 0.9062
2025-01-16 00:36:54,303 - INFO - Epoch [3/100], Train Accuracy: 0.9604, Val Accuracy: 0.9208
2025-01-16 00:36:54,398 - INFO - Epoch [4/100], Train Accuracy: 0.9849, Val Accuracy: 0.9208
2025-01-16 00:36:54,493 - INFO - Epoch [5/100], Train Accuracy: 0.9943, Val Accuracy: 0.9167
2025-01-16 00:36:54,505 - INFO - Fold 3 Validation Accuracy: 0.9167
2025-01-16 00:36:54,505 - INFO - Training for fold 4/5
2025-01-16 00:36:54,616 - INFO - Epoch [1/100], Train Accuracy: 0.7422, Val Accuracy: 0.8896
2025-01-16 00:36:54,710 - INFO - Epoch [2/100], Train Accuracy: 0.9146, Val Accuracy: 0.9125
2025-01-16 00:36:54,803 - INFO - Epoch [3/100], Train Accuracy: 0.9557, Val Accuracy: 0.9313
2025-01-16 00:36:54,899 - INFO - Epoch [4/100], Train Accuracy: 0.9818, Val Accuracy: 0.9271
2025-01-16 00:36:55,007 - INFO - Epoch [5/100], Train Accuracy: 0.9896, Val Accuracy: 0.9271
2025-01-16 00:36:55,112 - INFO - Epoch [6/100], Train Accuracy: 0.9943, Val Accuracy: 0.9208
2025-01-16 00:36:55,123 - INFO - Fold 4 Validation Accuracy: 0.9208
2025-01-16 00:36:55,123 - INFO - Training for fold 5/5
2025-01-16 00:36:55,259 - INFO - Epoch [1/100], Train Accuracy: 0.6740, Val Accuracy: 0.8729
2025-01-16 00:36:55,360 - INFO - Epoch [2/100], Train Accuracy: 0.9219, Val Accuracy: 0.8979
2025-01-16 00:36:55,498 - INFO - Epoch [3/100], Train Accuracy: 0.9599, Val Accuracy: 0.9187
2025-01-16 00:36:55,590 - INFO - Epoch [4/100], Train Accuracy: 0.9797, Val Accuracy: 0.9292
2025-01-16 00:36:55,693 - INFO - Epoch [5/100], Train Accuracy: 0.9875, Val Accuracy: 0.9333
2025-01-16 00:36:55,791 - INFO - Epoch [6/100], Train Accuracy: 0.9953, Val Accuracy: 0.9292
2025-01-16 00:36:55,804 - INFO - Fold 5 Validation Accuracy: 0.9292
2025-01-16 00:36:55,804 - INFO - Average Validation Accuracy (Over 5 folds): 0.9258 

2025-01-16 00:36:55,932 - INFO - Training with Vectorized Data 1000 features. Dropout Rate 0.56. Dataset Size 2400. 128 neurons. Leanring Rate 0.002
2025-01-16 00:36:55,932 - INFO - Training for fold 1/5
2025-01-16 00:36:56,065 - INFO - Epoch [1/100], Train Accuracy: 0.7365, Val Accuracy: 0.8708
2025-01-16 00:36:56,166 - INFO - Epoch [2/100], Train Accuracy: 0.9260, Val Accuracy: 0.9250
2025-01-16 00:36:56,267 - INFO - Epoch [3/100], Train Accuracy: 0.9667, Val Accuracy: 0.9333
2025-01-16 00:36:56,364 - INFO - Epoch [4/100], Train Accuracy: 0.9812, Val Accuracy: 0.9375
2025-01-16 00:36:56,483 - INFO - Epoch [5/100], Train Accuracy: 0.9932, Val Accuracy: 0.9292
2025-01-16 00:36:56,494 - INFO - Fold 1 Validation Accuracy: 0.9292
2025-01-16 00:36:56,494 - INFO - Training for fold 2/5
2025-01-16 00:36:56,618 - INFO - Epoch [1/100], Train Accuracy: 0.7646, Val Accuracy: 0.8917
2025-01-16 00:36:56,724 - INFO - Epoch [2/100], Train Accuracy: 0.9255, Val Accuracy: 0.9083
2025-01-16 00:36:56,823 - INFO - Epoch [3/100], Train Accuracy: 0.9615, Val Accuracy: 0.9271
2025-01-16 00:36:56,926 - INFO - Epoch [4/100], Train Accuracy: 0.9786, Val Accuracy: 0.9146
2025-01-16 00:36:57,028 - INFO - Epoch [5/100], Train Accuracy: 0.9896, Val Accuracy: 0.9229
2025-01-16 00:36:57,136 - INFO - Epoch [6/100], Train Accuracy: 0.9948, Val Accuracy: 0.9229
2025-01-16 00:36:57,147 - INFO - Fold 2 Validation Accuracy: 0.9229
2025-01-16 00:36:57,147 - INFO - Training for fold 3/5
2025-01-16 00:36:57,251 - INFO - Epoch [1/100], Train Accuracy: 0.6208, Val Accuracy: 0.9125
2025-01-16 00:36:57,347 - INFO - Epoch [2/100], Train Accuracy: 0.9141, Val Accuracy: 0.9250
2025-01-16 00:36:57,453 - INFO - Epoch [3/100], Train Accuracy: 0.9589, Val Accuracy: 0.9417
2025-01-16 00:36:57,550 - INFO - Epoch [4/100], Train Accuracy: 0.9839, Val Accuracy: 0.9333
2025-01-16 00:36:57,647 - INFO - Epoch [5/100], Train Accuracy: 0.9911, Val Accuracy: 0.9313
2025-01-16 00:36:57,658 - INFO - Fold 3 Validation Accuracy: 0.9313
2025-01-16 00:36:57,658 - INFO - Training for fold 4/5
2025-01-16 00:36:57,783 - INFO - Epoch [1/100], Train Accuracy: 0.6807, Val Accuracy: 0.8854
2025-01-16 00:36:57,891 - INFO - Epoch [2/100], Train Accuracy: 0.9255, Val Accuracy: 0.8812
2025-01-16 00:36:57,998 - INFO - Epoch [3/100], Train Accuracy: 0.9641, Val Accuracy: 0.9000
2025-01-16 00:36:58,099 - INFO - Epoch [4/100], Train Accuracy: 0.9802, Val Accuracy: 0.9062
2025-01-16 00:36:58,197 - INFO - Epoch [5/100], Train Accuracy: 0.9891, Val Accuracy: 0.9021
2025-01-16 00:36:58,316 - INFO - Epoch [6/100], Train Accuracy: 0.9943, Val Accuracy: 0.9000
2025-01-16 00:36:58,326 - INFO - Fold 4 Validation Accuracy: 0.9000
2025-01-16 00:36:58,326 - INFO - Training for fold 5/5
2025-01-16 00:36:58,453 - INFO - Epoch [1/100], Train Accuracy: 0.6365, Val Accuracy: 0.8771
2025-01-16 00:36:58,573 - INFO - Epoch [2/100], Train Accuracy: 0.9260, Val Accuracy: 0.9104
2025-01-16 00:36:58,682 - INFO - Epoch [3/100], Train Accuracy: 0.9641, Val Accuracy: 0.9146
2025-01-16 00:36:58,794 - INFO - Epoch [4/100], Train Accuracy: 0.9859, Val Accuracy: 0.9146
2025-01-16 00:36:58,953 - INFO - Epoch [5/100], Train Accuracy: 0.9911, Val Accuracy: 0.9000
2025-01-16 00:36:58,967 - INFO - Fold 5 Validation Accuracy: 0.9000
2025-01-16 00:36:58,968 - INFO - Average Validation Accuracy (Over 5 folds): 0.9167 

2025-01-16 00:36:59,097 - INFO - Training with Vectorized Data 1000 features. Dropout Rate 0.56. Dataset Size 2400. 128 neurons. Leanring Rate 0.002
2025-01-16 00:36:59,097 - INFO - Training for fold 1/5
2025-01-16 00:36:59,273 - INFO - Epoch [1/100], Train Accuracy: 0.7479, Val Accuracy: 0.8958
2025-01-16 00:36:59,385 - INFO - Epoch [2/100], Train Accuracy: 0.9245, Val Accuracy: 0.9000
2025-01-16 00:36:59,489 - INFO - Epoch [3/100], Train Accuracy: 0.9672, Val Accuracy: 0.9104
2025-01-16 00:36:59,602 - INFO - Epoch [4/100], Train Accuracy: 0.9828, Val Accuracy: 0.9021
2025-01-16 00:36:59,707 - INFO - Epoch [5/100], Train Accuracy: 0.9911, Val Accuracy: 0.9062
2025-01-16 00:36:59,725 - INFO - Fold 1 Validation Accuracy: 0.9062
2025-01-16 00:36:59,726 - INFO - Training for fold 2/5
2025-01-16 00:36:59,884 - INFO - Epoch [1/100], Train Accuracy: 0.6266, Val Accuracy: 0.9062
2025-01-16 00:36:59,999 - INFO - Epoch [2/100], Train Accuracy: 0.9161, Val Accuracy: 0.9229
2025-01-16 00:37:00,117 - INFO - Epoch [3/100], Train Accuracy: 0.9615, Val Accuracy: 0.9313
2025-01-16 00:37:00,224 - INFO - Epoch [4/100], Train Accuracy: 0.9818, Val Accuracy: 0.9271
2025-01-16 00:37:00,352 - INFO - Epoch [5/100], Train Accuracy: 0.9922, Val Accuracy: 0.9375
2025-01-16 00:37:00,466 - INFO - Epoch [6/100], Train Accuracy: 0.9958, Val Accuracy: 0.9354
2025-01-16 00:37:00,482 - INFO - Fold 2 Validation Accuracy: 0.9354
2025-01-16 00:37:00,482 - INFO - Training for fold 3/5
2025-01-16 00:37:00,671 - INFO - Epoch [1/100], Train Accuracy: 0.7245, Val Accuracy: 0.8938
2025-01-16 00:37:00,876 - INFO - Epoch [2/100], Train Accuracy: 0.9260, Val Accuracy: 0.9062
2025-01-16 00:37:01,069 - INFO - Epoch [3/100], Train Accuracy: 0.9661, Val Accuracy: 0.9146
2025-01-16 00:37:01,232 - INFO - Epoch [4/100], Train Accuracy: 0.9807, Val Accuracy: 0.9125
2025-01-16 00:37:01,358 - INFO - Epoch [5/100], Train Accuracy: 0.9906, Val Accuracy: 0.9125
2025-01-16 00:37:01,370 - INFO - Fold 3 Validation Accuracy: 0.9125
2025-01-16 00:37:01,370 - INFO - Training for fold 4/5
2025-01-16 00:37:01,492 - INFO - Epoch [1/100], Train Accuracy: 0.6802, Val Accuracy: 0.8938
2025-01-16 00:37:01,597 - INFO - Epoch [2/100], Train Accuracy: 0.9208, Val Accuracy: 0.9250
2025-01-16 00:37:01,699 - INFO - Epoch [3/100], Train Accuracy: 0.9604, Val Accuracy: 0.9271
2025-01-16 00:37:01,804 - INFO - Epoch [4/100], Train Accuracy: 0.9823, Val Accuracy: 0.9396
2025-01-16 00:37:01,904 - INFO - Epoch [5/100], Train Accuracy: 0.9917, Val Accuracy: 0.9292
2025-01-16 00:37:01,920 - INFO - Fold 4 Validation Accuracy: 0.9292
2025-01-16 00:37:01,920 - INFO - Training for fold 5/5
2025-01-16 00:37:02,039 - INFO - Epoch [1/100], Train Accuracy: 0.7229, Val Accuracy: 0.8458
2025-01-16 00:37:02,156 - INFO - Epoch [2/100], Train Accuracy: 0.9156, Val Accuracy: 0.9042
2025-01-16 00:37:02,284 - INFO - Epoch [3/100], Train Accuracy: 0.9573, Val Accuracy: 0.9187
2025-01-16 00:37:02,414 - INFO - Epoch [4/100], Train Accuracy: 0.9792, Val Accuracy: 0.9292
2025-01-16 00:37:02,554 - INFO - Epoch [5/100], Train Accuracy: 0.9896, Val Accuracy: 0.9333
2025-01-16 00:37:02,653 - INFO - Epoch [6/100], Train Accuracy: 0.9943, Val Accuracy: 0.9313
2025-01-16 00:37:02,666 - INFO - Fold 5 Validation Accuracy: 0.9313
2025-01-16 00:37:02,666 - INFO - Average Validation Accuracy (Over 5 folds): 0.9229 

2025-01-16 00:37:02,803 - INFO - Training with Vectorized Data 1000 features. Dropout Rate 0.56. Dataset Size 2400. 128 neurons. Leanring Rate 0.002
2025-01-16 00:37:02,804 - INFO - Training for fold 1/5
2025-01-16 00:37:02,919 - INFO - Epoch [1/100], Train Accuracy: 0.6599, Val Accuracy: 0.8792
2025-01-16 00:37:03,025 - INFO - Epoch [2/100], Train Accuracy: 0.9255, Val Accuracy: 0.9042
2025-01-16 00:37:03,140 - INFO - Epoch [3/100], Train Accuracy: 0.9609, Val Accuracy: 0.9104
2025-01-16 00:37:03,240 - INFO - Epoch [4/100], Train Accuracy: 0.9823, Val Accuracy: 0.9125
2025-01-16 00:37:03,353 - INFO - Epoch [5/100], Train Accuracy: 0.9896, Val Accuracy: 0.9167
2025-01-16 00:37:03,458 - INFO - Epoch [6/100], Train Accuracy: 0.9958, Val Accuracy: 0.9125
2025-01-16 00:37:03,469 - INFO - Fold 1 Validation Accuracy: 0.9125
2025-01-16 00:37:03,469 - INFO - Training for fold 2/5
2025-01-16 00:37:03,604 - INFO - Epoch [1/100], Train Accuracy: 0.6495, Val Accuracy: 0.8688
2025-01-16 00:37:03,715 - INFO - Epoch [2/100], Train Accuracy: 0.9214, Val Accuracy: 0.9167
2025-01-16 00:37:03,818 - INFO - Epoch [3/100], Train Accuracy: 0.9615, Val Accuracy: 0.9375
2025-01-16 00:37:03,941 - INFO - Epoch [4/100], Train Accuracy: 0.9839, Val Accuracy: 0.9396
2025-01-16 00:37:04,070 - INFO - Epoch [5/100], Train Accuracy: 0.9911, Val Accuracy: 0.9354
2025-01-16 00:37:04,084 - INFO - Fold 2 Validation Accuracy: 0.9354
2025-01-16 00:37:04,084 - INFO - Training for fold 3/5
2025-01-16 00:37:04,191 - INFO - Epoch [1/100], Train Accuracy: 0.7161, Val Accuracy: 0.8729
2025-01-16 00:37:04,298 - INFO - Epoch [2/100], Train Accuracy: 0.9224, Val Accuracy: 0.8917
2025-01-16 00:37:04,398 - INFO - Epoch [3/100], Train Accuracy: 0.9641, Val Accuracy: 0.9125
2025-01-16 00:37:04,501 - INFO - Epoch [4/100], Train Accuracy: 0.9823, Val Accuracy: 0.9187
2025-01-16 00:37:04,620 - INFO - Epoch [5/100], Train Accuracy: 0.9911, Val Accuracy: 0.9125
2025-01-16 00:37:04,631 - INFO - Fold 3 Validation Accuracy: 0.9125
2025-01-16 00:37:04,631 - INFO - Training for fold 4/5
2025-01-16 00:37:04,740 - INFO - Epoch [1/100], Train Accuracy: 0.6917, Val Accuracy: 0.8708
2025-01-16 00:37:04,841 - INFO - Epoch [2/100], Train Accuracy: 0.9297, Val Accuracy: 0.9000
2025-01-16 00:37:04,938 - INFO - Epoch [3/100], Train Accuracy: 0.9630, Val Accuracy: 0.9167
2025-01-16 00:37:05,034 - INFO - Epoch [4/100], Train Accuracy: 0.9828, Val Accuracy: 0.9167
2025-01-16 00:37:05,140 - INFO - Epoch [5/100], Train Accuracy: 0.9922, Val Accuracy: 0.9125
2025-01-16 00:37:05,151 - INFO - Fold 4 Validation Accuracy: 0.9125
2025-01-16 00:37:05,151 - INFO - Training for fold 5/5
2025-01-16 00:37:05,257 - INFO - Epoch [1/100], Train Accuracy: 0.6531, Val Accuracy: 0.9042
2025-01-16 00:37:05,356 - INFO - Epoch [2/100], Train Accuracy: 0.9219, Val Accuracy: 0.9271
2025-01-16 00:37:05,454 - INFO - Epoch [3/100], Train Accuracy: 0.9604, Val Accuracy: 0.9354
2025-01-16 00:37:05,559 - INFO - Epoch [4/100], Train Accuracy: 0.9760, Val Accuracy: 0.9396
2025-01-16 00:37:05,662 - INFO - Epoch [5/100], Train Accuracy: 0.9891, Val Accuracy: 0.9375
2025-01-16 00:37:05,761 - INFO - Epoch [6/100], Train Accuracy: 0.9938, Val Accuracy: 0.9333
2025-01-16 00:37:05,775 - INFO - Fold 5 Validation Accuracy: 0.9333
2025-01-16 00:37:05,775 - INFO - Average Validation Accuracy (Over 5 folds): 0.9213 

