2025-01-16 00:45:08,142 - INFO - Training with Vectorized Data 1000 features. Dropout Rate 0.70. Dataset Size 2400. 128 neurons. Leanring Rate 0.002
2025-01-16 00:45:08,142 - INFO - Training for fold 1/5
2025-01-16 00:45:09,482 - INFO - Epoch [1/100], Train Accuracy: 0.6849, Val Accuracy: 0.8688
2025-01-16 00:45:09,583 - INFO - Epoch [2/100], Train Accuracy: 0.9198, Val Accuracy: 0.9250
2025-01-16 00:45:09,680 - INFO - Epoch [3/100], Train Accuracy: 0.9589, Val Accuracy: 0.9333
2025-01-16 00:45:09,773 - INFO - Epoch [4/100], Train Accuracy: 0.9823, Val Accuracy: 0.9333
2025-01-16 00:45:09,876 - INFO - Epoch [5/100], Train Accuracy: 0.9885, Val Accuracy: 0.9354
2025-01-16 00:45:09,974 - INFO - Epoch [6/100], Train Accuracy: 0.9943, Val Accuracy: 0.9333
2025-01-16 00:45:09,988 - INFO - Fold 1 Validation Accuracy: 0.9333
2025-01-16 00:45:09,988 - INFO - Training for fold 2/5
2025-01-16 00:45:10,090 - INFO - Epoch [1/100], Train Accuracy: 0.7047, Val Accuracy: 0.8854
2025-01-16 00:45:10,182 - INFO - Epoch [2/100], Train Accuracy: 0.9266, Val Accuracy: 0.9021
2025-01-16 00:45:10,276 - INFO - Epoch [3/100], Train Accuracy: 0.9667, Val Accuracy: 0.9042
2025-01-16 00:45:10,367 - INFO - Epoch [4/100], Train Accuracy: 0.9844, Val Accuracy: 0.9146
2025-01-16 00:45:10,459 - INFO - Epoch [5/100], Train Accuracy: 0.9922, Val Accuracy: 0.9062
2025-01-16 00:45:10,471 - INFO - Fold 2 Validation Accuracy: 0.9062
2025-01-16 00:45:10,471 - INFO - Training for fold 3/5
2025-01-16 00:45:10,582 - INFO - Epoch [1/100], Train Accuracy: 0.6552, Val Accuracy: 0.8812
2025-01-16 00:45:10,669 - INFO - Epoch [2/100], Train Accuracy: 0.9276, Val Accuracy: 0.9083
2025-01-16 00:45:10,763 - INFO - Epoch [3/100], Train Accuracy: 0.9599, Val Accuracy: 0.9187
2025-01-16 00:45:10,860 - INFO - Epoch [4/100], Train Accuracy: 0.9802, Val Accuracy: 0.9187
2025-01-16 00:45:10,959 - INFO - Epoch [5/100], Train Accuracy: 0.9906, Val Accuracy: 0.9208
2025-01-16 00:45:11,057 - INFO - Epoch [6/100], Train Accuracy: 0.9958, Val Accuracy: 0.9167
2025-01-16 00:45:11,070 - INFO - Fold 3 Validation Accuracy: 0.9167
2025-01-16 00:45:11,070 - INFO - Training for fold 4/5
2025-01-16 00:45:11,200 - INFO - Epoch [1/100], Train Accuracy: 0.6620, Val Accuracy: 0.9104
2025-01-16 00:45:11,297 - INFO - Epoch [2/100], Train Accuracy: 0.9208, Val Accuracy: 0.9208
2025-01-16 00:45:11,401 - INFO - Epoch [3/100], Train Accuracy: 0.9589, Val Accuracy: 0.9354
2025-01-16 00:45:11,500 - INFO - Epoch [4/100], Train Accuracy: 0.9807, Val Accuracy: 0.9375
2025-01-16 00:45:11,599 - INFO - Epoch [5/100], Train Accuracy: 0.9875, Val Accuracy: 0.9313
2025-01-16 00:45:11,694 - INFO - Epoch [6/100], Train Accuracy: 0.9917, Val Accuracy: 0.9354
2025-01-16 00:45:11,705 - INFO - Fold 4 Validation Accuracy: 0.9354
2025-01-16 00:45:11,705 - INFO - Training for fold 5/5
2025-01-16 00:45:11,817 - INFO - Epoch [1/100], Train Accuracy: 0.6625, Val Accuracy: 0.8896
2025-01-16 00:45:11,909 - INFO - Epoch [2/100], Train Accuracy: 0.9255, Val Accuracy: 0.9104
2025-01-16 00:45:12,003 - INFO - Epoch [3/100], Train Accuracy: 0.9615, Val Accuracy: 0.9125
2025-01-16 00:45:12,092 - INFO - Epoch [4/100], Train Accuracy: 0.9807, Val Accuracy: 0.9313
2025-01-16 00:45:12,188 - INFO - Epoch [5/100], Train Accuracy: 0.9896, Val Accuracy: 0.9250
2025-01-16 00:45:12,289 - INFO - Epoch [6/100], Train Accuracy: 0.9917, Val Accuracy: 0.9250
2025-01-16 00:45:12,299 - INFO - Fold 5 Validation Accuracy: 0.9250
2025-01-16 00:45:12,300 - INFO - Average Validation Accuracy (Over 5 folds): 0.9233 

2025-01-16 00:45:12,437 - INFO - Training with Vectorized Data 1000 features. Dropout Rate 0.70. Dataset Size 2400. 128 neurons. Leanring Rate 0.002
2025-01-16 00:45:12,438 - INFO - Training for fold 1/5
2025-01-16 00:45:12,552 - INFO - Epoch [1/100], Train Accuracy: 0.6068, Val Accuracy: 0.8729
2025-01-16 00:45:12,650 - INFO - Epoch [2/100], Train Accuracy: 0.9281, Val Accuracy: 0.9042
2025-01-16 00:45:12,743 - INFO - Epoch [3/100], Train Accuracy: 0.9615, Val Accuracy: 0.9167
2025-01-16 00:45:12,839 - INFO - Epoch [4/100], Train Accuracy: 0.9797, Val Accuracy: 0.9208
2025-01-16 00:45:12,927 - INFO - Epoch [5/100], Train Accuracy: 0.9906, Val Accuracy: 0.9146
2025-01-16 00:45:12,937 - INFO - Fold 1 Validation Accuracy: 0.9146
2025-01-16 00:45:12,938 - INFO - Training for fold 2/5
2025-01-16 00:45:13,043 - INFO - Epoch [1/100], Train Accuracy: 0.6807, Val Accuracy: 0.8792
2025-01-16 00:45:13,132 - INFO - Epoch [2/100], Train Accuracy: 0.9214, Val Accuracy: 0.9187
2025-01-16 00:45:13,227 - INFO - Epoch [3/100], Train Accuracy: 0.9630, Val Accuracy: 0.9354
2025-01-16 00:45:13,323 - INFO - Epoch [4/100], Train Accuracy: 0.9818, Val Accuracy: 0.9271
2025-01-16 00:45:13,410 - INFO - Epoch [5/100], Train Accuracy: 0.9891, Val Accuracy: 0.9333
2025-01-16 00:45:13,502 - INFO - Epoch [6/100], Train Accuracy: 0.9943, Val Accuracy: 0.9271
2025-01-16 00:45:13,511 - INFO - Fold 2 Validation Accuracy: 0.9271
2025-01-16 00:45:13,511 - INFO - Training for fold 3/5
2025-01-16 00:45:13,621 - INFO - Epoch [1/100], Train Accuracy: 0.6599, Val Accuracy: 0.8896
2025-01-16 00:45:13,706 - INFO - Epoch [2/100], Train Accuracy: 0.9240, Val Accuracy: 0.9167
2025-01-16 00:45:13,803 - INFO - Epoch [3/100], Train Accuracy: 0.9568, Val Accuracy: 0.9229
2025-01-16 00:45:13,894 - INFO - Epoch [4/100], Train Accuracy: 0.9818, Val Accuracy: 0.9313
2025-01-16 00:45:13,986 - INFO - Epoch [5/100], Train Accuracy: 0.9906, Val Accuracy: 0.9292
2025-01-16 00:45:13,994 - INFO - Fold 3 Validation Accuracy: 0.9292
2025-01-16 00:45:13,996 - INFO - Training for fold 4/5
2025-01-16 00:45:14,098 - INFO - Epoch [1/100], Train Accuracy: 0.6948, Val Accuracy: 0.9042
2025-01-16 00:45:14,189 - INFO - Epoch [2/100], Train Accuracy: 0.9255, Val Accuracy: 0.9146
2025-01-16 00:45:14,278 - INFO - Epoch [3/100], Train Accuracy: 0.9646, Val Accuracy: 0.9292
2025-01-16 00:45:14,366 - INFO - Epoch [4/100], Train Accuracy: 0.9839, Val Accuracy: 0.9250
2025-01-16 00:45:14,461 - INFO - Epoch [5/100], Train Accuracy: 0.9922, Val Accuracy: 0.9208
2025-01-16 00:45:14,472 - INFO - Fold 4 Validation Accuracy: 0.9208
2025-01-16 00:45:14,472 - INFO - Training for fold 5/5
2025-01-16 00:45:14,581 - INFO - Epoch [1/100], Train Accuracy: 0.6349, Val Accuracy: 0.8479
2025-01-16 00:45:14,673 - INFO - Epoch [2/100], Train Accuracy: 0.9099, Val Accuracy: 0.9042
2025-01-16 00:45:14,760 - INFO - Epoch [3/100], Train Accuracy: 0.9583, Val Accuracy: 0.9292
2025-01-16 00:45:14,851 - INFO - Epoch [4/100], Train Accuracy: 0.9833, Val Accuracy: 0.9208
2025-01-16 00:45:14,942 - INFO - Epoch [5/100], Train Accuracy: 0.9906, Val Accuracy: 0.9167
2025-01-16 00:45:14,954 - INFO - Fold 5 Validation Accuracy: 0.9167
2025-01-16 00:45:14,954 - INFO - Average Validation Accuracy (Over 5 folds): 0.9217 

2025-01-16 00:45:15,086 - INFO - Training with Vectorized Data 1000 features. Dropout Rate 0.70. Dataset Size 2400. 128 neurons. Leanring Rate 0.002
2025-01-16 00:45:15,087 - INFO - Training for fold 1/5
2025-01-16 00:45:15,209 - INFO - Epoch [1/100], Train Accuracy: 0.7151, Val Accuracy: 0.9187
2025-01-16 00:45:15,303 - INFO - Epoch [2/100], Train Accuracy: 0.9177, Val Accuracy: 0.9271
2025-01-16 00:45:15,394 - INFO - Epoch [3/100], Train Accuracy: 0.9609, Val Accuracy: 0.9396
2025-01-16 00:45:15,492 - INFO - Epoch [4/100], Train Accuracy: 0.9802, Val Accuracy: 0.9417
2025-01-16 00:45:15,587 - INFO - Epoch [5/100], Train Accuracy: 0.9875, Val Accuracy: 0.9354
2025-01-16 00:45:15,686 - INFO - Epoch [6/100], Train Accuracy: 0.9938, Val Accuracy: 0.9396
2025-01-16 00:45:15,694 - INFO - Fold 1 Validation Accuracy: 0.9396
2025-01-16 00:45:15,694 - INFO - Training for fold 2/5
2025-01-16 00:45:15,816 - INFO - Epoch [1/100], Train Accuracy: 0.6635, Val Accuracy: 0.8708
2025-01-16 00:45:15,913 - INFO - Epoch [2/100], Train Accuracy: 0.9255, Val Accuracy: 0.8896
2025-01-16 00:45:16,010 - INFO - Epoch [3/100], Train Accuracy: 0.9615, Val Accuracy: 0.8979
2025-01-16 00:45:16,104 - INFO - Epoch [4/100], Train Accuracy: 0.9854, Val Accuracy: 0.9000
2025-01-16 00:45:16,205 - INFO - Epoch [5/100], Train Accuracy: 0.9906, Val Accuracy: 0.9042
2025-01-16 00:45:16,303 - INFO - Epoch [6/100], Train Accuracy: 0.9958, Val Accuracy: 0.9042
2025-01-16 00:45:16,403 - INFO - Epoch [7/100], Train Accuracy: 0.9979, Val Accuracy: 0.9104
2025-01-16 00:45:16,507 - INFO - Epoch [8/100], Train Accuracy: 0.9979, Val Accuracy: 0.9104
2025-01-16 00:45:16,604 - INFO - Epoch [9/100], Train Accuracy: 0.9984, Val Accuracy: 0.9104
2025-01-16 00:45:16,698 - INFO - Epoch [10/100], Train Accuracy: 0.9990, Val Accuracy: 0.9083
2025-01-16 00:45:16,709 - INFO - Fold 2 Validation Accuracy: 0.9083
2025-01-16 00:45:16,710 - INFO - Training for fold 3/5
2025-01-16 00:45:16,842 - INFO - Epoch [1/100], Train Accuracy: 0.6630, Val Accuracy: 0.8604
2025-01-16 00:45:16,937 - INFO - Epoch [2/100], Train Accuracy: 0.9271, Val Accuracy: 0.8833
2025-01-16 00:45:17,035 - INFO - Epoch [3/100], Train Accuracy: 0.9609, Val Accuracy: 0.8938
2025-01-16 00:45:17,129 - INFO - Epoch [4/100], Train Accuracy: 0.9781, Val Accuracy: 0.9021
2025-01-16 00:45:17,222 - INFO - Epoch [5/100], Train Accuracy: 0.9875, Val Accuracy: 0.8958
2025-01-16 00:45:17,324 - INFO - Epoch [6/100], Train Accuracy: 0.9938, Val Accuracy: 0.9062
2025-01-16 00:45:17,419 - INFO - Epoch [7/100], Train Accuracy: 0.9958, Val Accuracy: 0.9062
2025-01-16 00:45:17,515 - INFO - Epoch [8/100], Train Accuracy: 0.9964, Val Accuracy: 0.8958
2025-01-16 00:45:17,526 - INFO - Fold 3 Validation Accuracy: 0.8958
2025-01-16 00:45:17,526 - INFO - Training for fold 4/5
2025-01-16 00:45:17,634 - INFO - Epoch [1/100], Train Accuracy: 0.6458, Val Accuracy: 0.8938
2025-01-16 00:45:17,738 - INFO - Epoch [2/100], Train Accuracy: 0.9193, Val Accuracy: 0.9208
2025-01-16 00:45:17,836 - INFO - Epoch [3/100], Train Accuracy: 0.9552, Val Accuracy: 0.9396
2025-01-16 00:45:17,930 - INFO - Epoch [4/100], Train Accuracy: 0.9818, Val Accuracy: 0.9417
2025-01-16 00:45:18,101 - INFO - Epoch [5/100], Train Accuracy: 0.9891, Val Accuracy: 0.9333
2025-01-16 00:45:18,258 - INFO - Epoch [6/100], Train Accuracy: 0.9948, Val Accuracy: 0.9354
2025-01-16 00:45:18,269 - INFO - Fold 4 Validation Accuracy: 0.9354
2025-01-16 00:45:18,269 - INFO - Training for fold 5/5
2025-01-16 00:45:18,437 - INFO - Epoch [1/100], Train Accuracy: 0.6672, Val Accuracy: 0.9250
2025-01-16 00:45:18,567 - INFO - Epoch [2/100], Train Accuracy: 0.9229, Val Accuracy: 0.9229
2025-01-16 00:45:18,690 - INFO - Epoch [3/100], Train Accuracy: 0.9589, Val Accuracy: 0.9271
2025-01-16 00:45:18,793 - INFO - Epoch [4/100], Train Accuracy: 0.9802, Val Accuracy: 0.9208
2025-01-16 00:45:18,896 - INFO - Epoch [5/100], Train Accuracy: 0.9911, Val Accuracy: 0.9250
2025-01-16 00:45:18,911 - INFO - Fold 5 Validation Accuracy: 0.9250
2025-01-16 00:45:18,912 - INFO - Average Validation Accuracy (Over 5 folds): 0.9208 

2025-01-16 00:45:19,064 - INFO - Training with Vectorized Data 1000 features. Dropout Rate 0.70. Dataset Size 2400. 128 neurons. Leanring Rate 0.002
2025-01-16 00:45:19,064 - INFO - Training for fold 1/5
2025-01-16 00:45:19,232 - INFO - Epoch [1/100], Train Accuracy: 0.6807, Val Accuracy: 0.8958
2025-01-16 00:45:19,347 - INFO - Epoch [2/100], Train Accuracy: 0.9219, Val Accuracy: 0.9271
2025-01-16 00:45:19,459 - INFO - Epoch [3/100], Train Accuracy: 0.9573, Val Accuracy: 0.9437
2025-01-16 00:45:19,568 - INFO - Epoch [4/100], Train Accuracy: 0.9776, Val Accuracy: 0.9479
2025-01-16 00:45:19,682 - INFO - Epoch [5/100], Train Accuracy: 0.9896, Val Accuracy: 0.9396
2025-01-16 00:45:19,788 - INFO - Epoch [6/100], Train Accuracy: 0.9938, Val Accuracy: 0.9375
2025-01-16 00:45:19,798 - INFO - Fold 1 Validation Accuracy: 0.9375
2025-01-16 00:45:19,798 - INFO - Training for fold 2/5
2025-01-16 00:45:19,914 - INFO - Epoch [1/100], Train Accuracy: 0.6391, Val Accuracy: 0.8208
2025-01-16 00:45:20,012 - INFO - Epoch [2/100], Train Accuracy: 0.9130, Val Accuracy: 0.9000
2025-01-16 00:45:20,114 - INFO - Epoch [3/100], Train Accuracy: 0.9568, Val Accuracy: 0.9146
2025-01-16 00:45:20,211 - INFO - Epoch [4/100], Train Accuracy: 0.9771, Val Accuracy: 0.9104
2025-01-16 00:45:20,305 - INFO - Epoch [5/100], Train Accuracy: 0.9875, Val Accuracy: 0.9125
2025-01-16 00:45:20,404 - INFO - Epoch [6/100], Train Accuracy: 0.9932, Val Accuracy: 0.9083
2025-01-16 00:45:20,414 - INFO - Fold 2 Validation Accuracy: 0.9083
2025-01-16 00:45:20,414 - INFO - Training for fold 3/5
2025-01-16 00:45:20,539 - INFO - Epoch [1/100], Train Accuracy: 0.6354, Val Accuracy: 0.9229
2025-01-16 00:45:20,640 - INFO - Epoch [2/100], Train Accuracy: 0.9167, Val Accuracy: 0.9396
2025-01-16 00:45:20,741 - INFO - Epoch [3/100], Train Accuracy: 0.9557, Val Accuracy: 0.9479
2025-01-16 00:45:20,834 - INFO - Epoch [4/100], Train Accuracy: 0.9792, Val Accuracy: 0.9500
2025-01-16 00:45:20,931 - INFO - Epoch [5/100], Train Accuracy: 0.9880, Val Accuracy: 0.9458
2025-01-16 00:45:21,020 - INFO - Epoch [6/100], Train Accuracy: 0.9943, Val Accuracy: 0.9479
2025-01-16 00:45:21,030 - INFO - Fold 3 Validation Accuracy: 0.9479
2025-01-16 00:45:21,030 - INFO - Training for fold 4/5
2025-01-16 00:45:21,147 - INFO - Epoch [1/100], Train Accuracy: 0.6214, Val Accuracy: 0.8854
2025-01-16 00:45:21,244 - INFO - Epoch [2/100], Train Accuracy: 0.9240, Val Accuracy: 0.8938
2025-01-16 00:45:21,341 - INFO - Epoch [3/100], Train Accuracy: 0.9609, Val Accuracy: 0.9146
2025-01-16 00:45:21,435 - INFO - Epoch [4/100], Train Accuracy: 0.9807, Val Accuracy: 0.9083
2025-01-16 00:45:21,525 - INFO - Epoch [5/100], Train Accuracy: 0.9917, Val Accuracy: 0.9167
2025-01-16 00:45:21,616 - INFO - Epoch [6/100], Train Accuracy: 0.9953, Val Accuracy: 0.9104
2025-01-16 00:45:21,627 - INFO - Fold 4 Validation Accuracy: 0.9104
2025-01-16 00:45:21,627 - INFO - Training for fold 5/5
2025-01-16 00:45:21,754 - INFO - Epoch [1/100], Train Accuracy: 0.6969, Val Accuracy: 0.8875
2025-01-16 00:45:21,841 - INFO - Epoch [2/100], Train Accuracy: 0.9255, Val Accuracy: 0.9083
2025-01-16 00:45:21,935 - INFO - Epoch [3/100], Train Accuracy: 0.9620, Val Accuracy: 0.9167
2025-01-16 00:45:22,026 - INFO - Epoch [4/100], Train Accuracy: 0.9833, Val Accuracy: 0.9229
2025-01-16 00:45:22,119 - INFO - Epoch [5/100], Train Accuracy: 0.9922, Val Accuracy: 0.9104
2025-01-16 00:45:22,134 - INFO - Fold 5 Validation Accuracy: 0.9104
2025-01-16 00:45:22,135 - INFO - Average Validation Accuracy (Over 5 folds): 0.9229 

2025-01-16 00:45:22,269 - INFO - Training with Vectorized Data 1000 features. Dropout Rate 0.70. Dataset Size 2400. 128 neurons. Leanring Rate 0.002
2025-01-16 00:45:22,269 - INFO - Training for fold 1/5
2025-01-16 00:45:22,396 - INFO - Epoch [1/100], Train Accuracy: 0.6891, Val Accuracy: 0.8812
2025-01-16 00:45:22,490 - INFO - Epoch [2/100], Train Accuracy: 0.9240, Val Accuracy: 0.9083
2025-01-16 00:45:22,585 - INFO - Epoch [3/100], Train Accuracy: 0.9594, Val Accuracy: 0.9208
2025-01-16 00:45:22,675 - INFO - Epoch [4/100], Train Accuracy: 0.9786, Val Accuracy: 0.9208
2025-01-16 00:45:22,768 - INFO - Epoch [5/100], Train Accuracy: 0.9906, Val Accuracy: 0.9229
2025-01-16 00:45:22,858 - INFO - Epoch [6/100], Train Accuracy: 0.9943, Val Accuracy: 0.9292
2025-01-16 00:45:22,951 - INFO - Epoch [7/100], Train Accuracy: 0.9958, Val Accuracy: 0.9292
2025-01-16 00:45:23,052 - INFO - Epoch [8/100], Train Accuracy: 0.9958, Val Accuracy: 0.9333
2025-01-16 00:45:23,144 - INFO - Epoch [9/100], Train Accuracy: 0.9969, Val Accuracy: 0.9313
2025-01-16 00:45:23,154 - INFO - Fold 1 Validation Accuracy: 0.9313
2025-01-16 00:45:23,154 - INFO - Training for fold 2/5
2025-01-16 00:45:23,277 - INFO - Epoch [1/100], Train Accuracy: 0.6901, Val Accuracy: 0.9021
2025-01-16 00:45:23,378 - INFO - Epoch [2/100], Train Accuracy: 0.9115, Val Accuracy: 0.9187
2025-01-16 00:45:23,475 - INFO - Epoch [3/100], Train Accuracy: 0.9594, Val Accuracy: 0.9187
2025-01-16 00:45:23,572 - INFO - Epoch [4/100], Train Accuracy: 0.9807, Val Accuracy: 0.9208
2025-01-16 00:45:23,671 - INFO - Epoch [5/100], Train Accuracy: 0.9911, Val Accuracy: 0.9292
2025-01-16 00:45:23,765 - INFO - Epoch [6/100], Train Accuracy: 0.9948, Val Accuracy: 0.9271
2025-01-16 00:45:23,775 - INFO - Fold 2 Validation Accuracy: 0.9271
2025-01-16 00:45:23,775 - INFO - Training for fold 3/5
2025-01-16 00:45:23,901 - INFO - Epoch [1/100], Train Accuracy: 0.5698, Val Accuracy: 0.8583
2025-01-16 00:45:23,999 - INFO - Epoch [2/100], Train Accuracy: 0.9198, Val Accuracy: 0.9062
2025-01-16 00:45:24,093 - INFO - Epoch [3/100], Train Accuracy: 0.9609, Val Accuracy: 0.9167
2025-01-16 00:45:24,188 - INFO - Epoch [4/100], Train Accuracy: 0.9828, Val Accuracy: 0.9146
2025-01-16 00:45:24,279 - INFO - Epoch [5/100], Train Accuracy: 0.9896, Val Accuracy: 0.9125
2025-01-16 00:45:24,378 - INFO - Epoch [6/100], Train Accuracy: 0.9932, Val Accuracy: 0.9104
2025-01-16 00:45:24,389 - INFO - Fold 3 Validation Accuracy: 0.9104
2025-01-16 00:45:24,389 - INFO - Training for fold 4/5
2025-01-16 00:45:24,511 - INFO - Epoch [1/100], Train Accuracy: 0.6937, Val Accuracy: 0.8917
2025-01-16 00:45:24,602 - INFO - Epoch [2/100], Train Accuracy: 0.9297, Val Accuracy: 0.9187
2025-01-16 00:45:24,699 - INFO - Epoch [3/100], Train Accuracy: 0.9573, Val Accuracy: 0.9292
2025-01-16 00:45:24,794 - INFO - Epoch [4/100], Train Accuracy: 0.9828, Val Accuracy: 0.9354
2025-01-16 00:45:24,892 - INFO - Epoch [5/100], Train Accuracy: 0.9917, Val Accuracy: 0.9396
2025-01-16 00:45:24,992 - INFO - Epoch [6/100], Train Accuracy: 0.9953, Val Accuracy: 0.9313
2025-01-16 00:45:25,004 - INFO - Fold 4 Validation Accuracy: 0.9313
2025-01-16 00:45:25,004 - INFO - Training for fold 5/5
2025-01-16 00:45:25,120 - INFO - Epoch [1/100], Train Accuracy: 0.6693, Val Accuracy: 0.9000
2025-01-16 00:45:25,220 - INFO - Epoch [2/100], Train Accuracy: 0.9240, Val Accuracy: 0.9187
2025-01-16 00:45:25,312 - INFO - Epoch [3/100], Train Accuracy: 0.9578, Val Accuracy: 0.9396
2025-01-16 00:45:25,418 - INFO - Epoch [4/100], Train Accuracy: 0.9807, Val Accuracy: 0.9375
2025-01-16 00:45:25,511 - INFO - Epoch [5/100], Train Accuracy: 0.9885, Val Accuracy: 0.9354
2025-01-16 00:45:25,607 - INFO - Epoch [6/100], Train Accuracy: 0.9938, Val Accuracy: 0.9354
2025-01-16 00:45:25,619 - INFO - Fold 5 Validation Accuracy: 0.9354
2025-01-16 00:45:25,619 - INFO - Average Validation Accuracy (Over 5 folds): 0.9271 

2025-01-16 00:45:25,757 - INFO - Training with Vectorized Data 1000 features. Dropout Rate 0.70. Dataset Size 2400. 128 neurons. Leanring Rate 0.002
2025-01-16 00:45:25,757 - INFO - Training for fold 1/5
2025-01-16 00:45:25,894 - INFO - Epoch [1/100], Train Accuracy: 0.7042, Val Accuracy: 0.8583
2025-01-16 00:45:26,009 - INFO - Epoch [2/100], Train Accuracy: 0.9214, Val Accuracy: 0.9167
2025-01-16 00:45:26,121 - INFO - Epoch [3/100], Train Accuracy: 0.9594, Val Accuracy: 0.9271
2025-01-16 00:45:26,229 - INFO - Epoch [4/100], Train Accuracy: 0.9792, Val Accuracy: 0.9333
2025-01-16 00:45:26,339 - INFO - Epoch [5/100], Train Accuracy: 0.9885, Val Accuracy: 0.9229
2025-01-16 00:45:26,448 - INFO - Epoch [6/100], Train Accuracy: 0.9948, Val Accuracy: 0.9250
2025-01-16 00:45:26,459 - INFO - Fold 1 Validation Accuracy: 0.9250
2025-01-16 00:45:26,459 - INFO - Training for fold 2/5
2025-01-16 00:45:26,601 - INFO - Epoch [1/100], Train Accuracy: 0.6385, Val Accuracy: 0.9083
2025-01-16 00:45:26,722 - INFO - Epoch [2/100], Train Accuracy: 0.9187, Val Accuracy: 0.9187
2025-01-16 00:45:26,835 - INFO - Epoch [3/100], Train Accuracy: 0.9573, Val Accuracy: 0.9292
2025-01-16 00:45:26,955 - INFO - Epoch [4/100], Train Accuracy: 0.9812, Val Accuracy: 0.9292
2025-01-16 00:45:27,070 - INFO - Epoch [5/100], Train Accuracy: 0.9906, Val Accuracy: 0.9271
2025-01-16 00:45:27,082 - INFO - Fold 2 Validation Accuracy: 0.9271
2025-01-16 00:45:27,082 - INFO - Training for fold 3/5
2025-01-16 00:45:27,224 - INFO - Epoch [1/100], Train Accuracy: 0.6562, Val Accuracy: 0.8729
2025-01-16 00:45:27,342 - INFO - Epoch [2/100], Train Accuracy: 0.9240, Val Accuracy: 0.9062
2025-01-16 00:45:27,472 - INFO - Epoch [3/100], Train Accuracy: 0.9646, Val Accuracy: 0.9083
2025-01-16 00:45:27,590 - INFO - Epoch [4/100], Train Accuracy: 0.9839, Val Accuracy: 0.9187
2025-01-16 00:45:27,708 - INFO - Epoch [5/100], Train Accuracy: 0.9911, Val Accuracy: 0.9208
2025-01-16 00:45:27,834 - INFO - Epoch [6/100], Train Accuracy: 0.9953, Val Accuracy: 0.9167
2025-01-16 00:45:27,849 - INFO - Fold 3 Validation Accuracy: 0.9167
2025-01-16 00:45:27,849 - INFO - Training for fold 4/5
2025-01-16 00:45:27,990 - INFO - Epoch [1/100], Train Accuracy: 0.7068, Val Accuracy: 0.8750
2025-01-16 00:45:28,104 - INFO - Epoch [2/100], Train Accuracy: 0.9203, Val Accuracy: 0.9187
2025-01-16 00:45:28,216 - INFO - Epoch [3/100], Train Accuracy: 0.9557, Val Accuracy: 0.9333
2025-01-16 00:45:28,336 - INFO - Epoch [4/100], Train Accuracy: 0.9802, Val Accuracy: 0.9333
2025-01-16 00:45:28,456 - INFO - Epoch [5/100], Train Accuracy: 0.9885, Val Accuracy: 0.9333
2025-01-16 00:45:28,572 - INFO - Epoch [6/100], Train Accuracy: 0.9927, Val Accuracy: 0.9333
2025-01-16 00:45:28,694 - INFO - Epoch [7/100], Train Accuracy: 0.9958, Val Accuracy: 0.9354
2025-01-16 00:45:28,813 - INFO - Epoch [8/100], Train Accuracy: 0.9969, Val Accuracy: 0.9292
2025-01-16 00:45:28,827 - INFO - Fold 4 Validation Accuracy: 0.9292
2025-01-16 00:45:28,828 - INFO - Training for fold 5/5
2025-01-16 00:45:28,977 - INFO - Epoch [1/100], Train Accuracy: 0.7083, Val Accuracy: 0.8729
2025-01-16 00:45:29,092 - INFO - Epoch [2/100], Train Accuracy: 0.9260, Val Accuracy: 0.9083
2025-01-16 00:45:29,208 - INFO - Epoch [3/100], Train Accuracy: 0.9646, Val Accuracy: 0.9313
2025-01-16 00:45:29,328 - INFO - Epoch [4/100], Train Accuracy: 0.9818, Val Accuracy: 0.9333
2025-01-16 00:45:29,444 - INFO - Epoch [5/100], Train Accuracy: 0.9922, Val Accuracy: 0.9292
2025-01-16 00:45:29,456 - INFO - Fold 5 Validation Accuracy: 0.9292
2025-01-16 00:45:29,457 - INFO - Average Validation Accuracy (Over 5 folds): 0.9254 

2025-01-16 00:45:29,588 - INFO - Training with Vectorized Data 1000 features. Dropout Rate 0.70. Dataset Size 2400. 128 neurons. Leanring Rate 0.002
2025-01-16 00:45:29,588 - INFO - Training for fold 1/5
2025-01-16 00:45:29,727 - INFO - Epoch [1/100], Train Accuracy: 0.6599, Val Accuracy: 0.8938
2025-01-16 00:45:29,834 - INFO - Epoch [2/100], Train Accuracy: 0.9214, Val Accuracy: 0.9313
2025-01-16 00:45:29,952 - INFO - Epoch [3/100], Train Accuracy: 0.9573, Val Accuracy: 0.9333
2025-01-16 00:45:30,068 - INFO - Epoch [4/100], Train Accuracy: 0.9792, Val Accuracy: 0.9375
2025-01-16 00:45:30,186 - INFO - Epoch [5/100], Train Accuracy: 0.9917, Val Accuracy: 0.9437
2025-01-16 00:45:30,302 - INFO - Epoch [6/100], Train Accuracy: 0.9958, Val Accuracy: 0.9354
2025-01-16 00:45:30,312 - INFO - Fold 1 Validation Accuracy: 0.9354
2025-01-16 00:45:30,312 - INFO - Training for fold 2/5
2025-01-16 00:45:30,451 - INFO - Epoch [1/100], Train Accuracy: 0.7104, Val Accuracy: 0.8792
2025-01-16 00:45:30,550 - INFO - Epoch [2/100], Train Accuracy: 0.9234, Val Accuracy: 0.9042
2025-01-16 00:45:30,640 - INFO - Epoch [3/100], Train Accuracy: 0.9578, Val Accuracy: 0.9229
2025-01-16 00:45:30,738 - INFO - Epoch [4/100], Train Accuracy: 0.9823, Val Accuracy: 0.9271
2025-01-16 00:45:30,834 - INFO - Epoch [5/100], Train Accuracy: 0.9891, Val Accuracy: 0.9250
2025-01-16 00:45:30,928 - INFO - Epoch [6/100], Train Accuracy: 0.9938, Val Accuracy: 0.9333
2025-01-16 00:45:31,030 - INFO - Epoch [7/100], Train Accuracy: 0.9958, Val Accuracy: 0.9292
2025-01-16 00:45:31,040 - INFO - Fold 2 Validation Accuracy: 0.9292
2025-01-16 00:45:31,041 - INFO - Training for fold 3/5
2025-01-16 00:45:31,160 - INFO - Epoch [1/100], Train Accuracy: 0.7255, Val Accuracy: 0.9062
2025-01-16 00:45:31,255 - INFO - Epoch [2/100], Train Accuracy: 0.9255, Val Accuracy: 0.9146
2025-01-16 00:45:31,353 - INFO - Epoch [3/100], Train Accuracy: 0.9625, Val Accuracy: 0.9229
2025-01-16 00:45:31,452 - INFO - Epoch [4/100], Train Accuracy: 0.9818, Val Accuracy: 0.9146
2025-01-16 00:45:31,553 - INFO - Epoch [5/100], Train Accuracy: 0.9906, Val Accuracy: 0.9187
2025-01-16 00:45:31,566 - INFO - Fold 3 Validation Accuracy: 0.9187
2025-01-16 00:45:31,566 - INFO - Training for fold 4/5
2025-01-16 00:45:31,687 - INFO - Epoch [1/100], Train Accuracy: 0.6870, Val Accuracy: 0.9021
2025-01-16 00:45:31,788 - INFO - Epoch [2/100], Train Accuracy: 0.9250, Val Accuracy: 0.9021
2025-01-16 00:45:31,888 - INFO - Epoch [3/100], Train Accuracy: 0.9573, Val Accuracy: 0.9354
2025-01-16 00:45:31,991 - INFO - Epoch [4/100], Train Accuracy: 0.9781, Val Accuracy: 0.9354
2025-01-16 00:45:32,094 - INFO - Epoch [5/100], Train Accuracy: 0.9880, Val Accuracy: 0.9417
2025-01-16 00:45:32,187 - INFO - Epoch [6/100], Train Accuracy: 0.9948, Val Accuracy: 0.9437
2025-01-16 00:45:32,279 - INFO - Epoch [7/100], Train Accuracy: 0.9964, Val Accuracy: 0.9396
2025-01-16 00:45:32,291 - INFO - Fold 4 Validation Accuracy: 0.9396
2025-01-16 00:45:32,291 - INFO - Training for fold 5/5
2025-01-16 00:45:32,409 - INFO - Epoch [1/100], Train Accuracy: 0.6760, Val Accuracy: 0.8792
2025-01-16 00:45:32,515 - INFO - Epoch [2/100], Train Accuracy: 0.9292, Val Accuracy: 0.8958
2025-01-16 00:45:32,609 - INFO - Epoch [3/100], Train Accuracy: 0.9609, Val Accuracy: 0.9125
2025-01-16 00:45:32,702 - INFO - Epoch [4/100], Train Accuracy: 0.9797, Val Accuracy: 0.9167
2025-01-16 00:45:32,798 - INFO - Epoch [5/100], Train Accuracy: 0.9917, Val Accuracy: 0.9083
2025-01-16 00:45:32,815 - INFO - Fold 5 Validation Accuracy: 0.9083
2025-01-16 00:45:32,815 - INFO - Average Validation Accuracy (Over 5 folds): 0.9262 

2025-01-16 00:45:32,949 - INFO - Training with Vectorized Data 1000 features. Dropout Rate 0.70. Dataset Size 2400. 128 neurons. Leanring Rate 0.002
2025-01-16 00:45:32,950 - INFO - Training for fold 1/5
2025-01-16 00:45:33,075 - INFO - Epoch [1/100], Train Accuracy: 0.5276, Val Accuracy: 0.9000
2025-01-16 00:45:33,176 - INFO - Epoch [2/100], Train Accuracy: 0.9255, Val Accuracy: 0.9083
2025-01-16 00:45:33,273 - INFO - Epoch [3/100], Train Accuracy: 0.9625, Val Accuracy: 0.9146
2025-01-16 00:45:33,372 - INFO - Epoch [4/100], Train Accuracy: 0.9812, Val Accuracy: 0.9146
2025-01-16 00:45:33,475 - INFO - Epoch [5/100], Train Accuracy: 0.9911, Val Accuracy: 0.9146
2025-01-16 00:45:33,570 - INFO - Epoch [6/100], Train Accuracy: 0.9943, Val Accuracy: 0.9146
2025-01-16 00:45:33,671 - INFO - Epoch [7/100], Train Accuracy: 0.9969, Val Accuracy: 0.9104
2025-01-16 00:45:33,681 - INFO - Fold 1 Validation Accuracy: 0.9104
2025-01-16 00:45:33,682 - INFO - Training for fold 2/5
2025-01-16 00:45:33,799 - INFO - Epoch [1/100], Train Accuracy: 0.6526, Val Accuracy: 0.8812
2025-01-16 00:45:33,894 - INFO - Epoch [2/100], Train Accuracy: 0.9219, Val Accuracy: 0.9104
2025-01-16 00:45:33,988 - INFO - Epoch [3/100], Train Accuracy: 0.9594, Val Accuracy: 0.9375
2025-01-16 00:45:34,086 - INFO - Epoch [4/100], Train Accuracy: 0.9786, Val Accuracy: 0.9313
2025-01-16 00:45:34,182 - INFO - Epoch [5/100], Train Accuracy: 0.9880, Val Accuracy: 0.9417
2025-01-16 00:45:34,281 - INFO - Epoch [6/100], Train Accuracy: 0.9964, Val Accuracy: 0.9375
2025-01-16 00:45:34,290 - INFO - Fold 2 Validation Accuracy: 0.9375
2025-01-16 00:45:34,290 - INFO - Training for fold 3/5
2025-01-16 00:45:34,410 - INFO - Epoch [1/100], Train Accuracy: 0.6312, Val Accuracy: 0.8750
2025-01-16 00:45:34,510 - INFO - Epoch [2/100], Train Accuracy: 0.9214, Val Accuracy: 0.9042
2025-01-16 00:45:34,610 - INFO - Epoch [3/100], Train Accuracy: 0.9583, Val Accuracy: 0.9083
2025-01-16 00:45:34,704 - INFO - Epoch [4/100], Train Accuracy: 0.9802, Val Accuracy: 0.9167
2025-01-16 00:45:34,803 - INFO - Epoch [5/100], Train Accuracy: 0.9911, Val Accuracy: 0.9125
2025-01-16 00:45:34,813 - INFO - Fold 3 Validation Accuracy: 0.9125
2025-01-16 00:45:34,813 - INFO - Training for fold 4/5
2025-01-16 00:45:34,931 - INFO - Epoch [1/100], Train Accuracy: 0.6115, Val Accuracy: 0.8896
2025-01-16 00:45:35,024 - INFO - Epoch [2/100], Train Accuracy: 0.9193, Val Accuracy: 0.9292
2025-01-16 00:45:35,119 - INFO - Epoch [3/100], Train Accuracy: 0.9599, Val Accuracy: 0.9375
2025-01-16 00:45:35,213 - INFO - Epoch [4/100], Train Accuracy: 0.9797, Val Accuracy: 0.9354
2025-01-16 00:45:35,308 - INFO - Epoch [5/100], Train Accuracy: 0.9891, Val Accuracy: 0.9333
2025-01-16 00:45:35,398 - INFO - Epoch [6/100], Train Accuracy: 0.9938, Val Accuracy: 0.9292
2025-01-16 00:45:35,409 - INFO - Fold 4 Validation Accuracy: 0.9292
2025-01-16 00:45:35,409 - INFO - Training for fold 5/5
2025-01-16 00:45:35,532 - INFO - Epoch [1/100], Train Accuracy: 0.5854, Val Accuracy: 0.9042
2025-01-16 00:45:35,627 - INFO - Epoch [2/100], Train Accuracy: 0.9224, Val Accuracy: 0.9104
2025-01-16 00:45:35,724 - INFO - Epoch [3/100], Train Accuracy: 0.9589, Val Accuracy: 0.9167
2025-01-16 00:45:35,820 - INFO - Epoch [4/100], Train Accuracy: 0.9818, Val Accuracy: 0.9125
2025-01-16 00:45:35,914 - INFO - Epoch [5/100], Train Accuracy: 0.9901, Val Accuracy: 0.9146
2025-01-16 00:45:35,926 - INFO - Fold 5 Validation Accuracy: 0.9146
2025-01-16 00:45:35,926 - INFO - Average Validation Accuracy (Over 5 folds): 0.9208 

2025-01-16 00:45:36,052 - INFO - Training with Vectorized Data 1000 features. Dropout Rate 0.70. Dataset Size 2400. 128 neurons. Leanring Rate 0.002
2025-01-16 00:45:36,052 - INFO - Training for fold 1/5
2025-01-16 00:45:36,182 - INFO - Epoch [1/100], Train Accuracy: 0.5906, Val Accuracy: 0.8958
2025-01-16 00:45:36,274 - INFO - Epoch [2/100], Train Accuracy: 0.9177, Val Accuracy: 0.9271
2025-01-16 00:45:36,369 - INFO - Epoch [3/100], Train Accuracy: 0.9615, Val Accuracy: 0.9313
2025-01-16 00:45:36,460 - INFO - Epoch [4/100], Train Accuracy: 0.9792, Val Accuracy: 0.9250
2025-01-16 00:45:36,559 - INFO - Epoch [5/100], Train Accuracy: 0.9880, Val Accuracy: 0.9313
2025-01-16 00:45:36,652 - INFO - Epoch [6/100], Train Accuracy: 0.9922, Val Accuracy: 0.9292
2025-01-16 00:45:36,661 - INFO - Fold 1 Validation Accuracy: 0.9292
2025-01-16 00:45:36,661 - INFO - Training for fold 2/5
2025-01-16 00:45:36,777 - INFO - Epoch [1/100], Train Accuracy: 0.6865, Val Accuracy: 0.9146
2025-01-16 00:45:36,875 - INFO - Epoch [2/100], Train Accuracy: 0.9234, Val Accuracy: 0.9250
2025-01-16 00:45:36,969 - INFO - Epoch [3/100], Train Accuracy: 0.9568, Val Accuracy: 0.9229
2025-01-16 00:45:37,059 - INFO - Epoch [4/100], Train Accuracy: 0.9786, Val Accuracy: 0.9333
2025-01-16 00:45:37,160 - INFO - Epoch [5/100], Train Accuracy: 0.9917, Val Accuracy: 0.9292
2025-01-16 00:45:37,176 - INFO - Fold 2 Validation Accuracy: 0.9292
2025-01-16 00:45:37,176 - INFO - Training for fold 3/5
2025-01-16 00:45:37,299 - INFO - Epoch [1/100], Train Accuracy: 0.6937, Val Accuracy: 0.8896
2025-01-16 00:45:37,392 - INFO - Epoch [2/100], Train Accuracy: 0.9229, Val Accuracy: 0.9062
2025-01-16 00:45:37,499 - INFO - Epoch [3/100], Train Accuracy: 0.9604, Val Accuracy: 0.9125
2025-01-16 00:45:37,590 - INFO - Epoch [4/100], Train Accuracy: 0.9781, Val Accuracy: 0.9125
2025-01-16 00:45:37,687 - INFO - Epoch [5/100], Train Accuracy: 0.9885, Val Accuracy: 0.9062
2025-01-16 00:45:37,776 - INFO - Epoch [6/100], Train Accuracy: 0.9953, Val Accuracy: 0.9187
2025-01-16 00:45:37,869 - INFO - Epoch [7/100], Train Accuracy: 0.9958, Val Accuracy: 0.9167
2025-01-16 00:45:37,878 - INFO - Fold 3 Validation Accuracy: 0.9167
2025-01-16 00:45:37,878 - INFO - Training for fold 4/5
2025-01-16 00:45:38,002 - INFO - Epoch [1/100], Train Accuracy: 0.6698, Val Accuracy: 0.8917
2025-01-16 00:45:38,100 - INFO - Epoch [2/100], Train Accuracy: 0.9255, Val Accuracy: 0.8979
2025-01-16 00:45:38,194 - INFO - Epoch [3/100], Train Accuracy: 0.9573, Val Accuracy: 0.9021
2025-01-16 00:45:38,286 - INFO - Epoch [4/100], Train Accuracy: 0.9839, Val Accuracy: 0.9167
2025-01-16 00:45:38,384 - INFO - Epoch [5/100], Train Accuracy: 0.9922, Val Accuracy: 0.9125
2025-01-16 00:45:38,393 - INFO - Fold 4 Validation Accuracy: 0.9125
2025-01-16 00:45:38,393 - INFO - Training for fold 5/5
2025-01-16 00:45:38,519 - INFO - Epoch [1/100], Train Accuracy: 0.6240, Val Accuracy: 0.8875
2025-01-16 00:45:38,617 - INFO - Epoch [2/100], Train Accuracy: 0.9203, Val Accuracy: 0.9125
2025-01-16 00:45:38,715 - INFO - Epoch [3/100], Train Accuracy: 0.9604, Val Accuracy: 0.9437
2025-01-16 00:45:38,811 - INFO - Epoch [4/100], Train Accuracy: 0.9802, Val Accuracy: 0.9292
2025-01-16 00:45:38,909 - INFO - Epoch [5/100], Train Accuracy: 0.9896, Val Accuracy: 0.9250
2025-01-16 00:45:38,923 - INFO - Fold 5 Validation Accuracy: 0.9250
2025-01-16 00:45:38,923 - INFO - Average Validation Accuracy (Over 5 folds): 0.9225 

2025-01-16 00:45:39,054 - INFO - Training with Vectorized Data 1000 features. Dropout Rate 0.70. Dataset Size 2400. 128 neurons. Leanring Rate 0.002
2025-01-16 00:45:39,054 - INFO - Training for fold 1/5
2025-01-16 00:45:39,179 - INFO - Epoch [1/100], Train Accuracy: 0.6578, Val Accuracy: 0.8812
2025-01-16 00:45:39,286 - INFO - Epoch [2/100], Train Accuracy: 0.9266, Val Accuracy: 0.9083
2025-01-16 00:45:39,384 - INFO - Epoch [3/100], Train Accuracy: 0.9594, Val Accuracy: 0.9167
2025-01-16 00:45:39,484 - INFO - Epoch [4/100], Train Accuracy: 0.9807, Val Accuracy: 0.9229
2025-01-16 00:45:39,580 - INFO - Epoch [5/100], Train Accuracy: 0.9885, Val Accuracy: 0.9104
2025-01-16 00:45:39,679 - INFO - Epoch [6/100], Train Accuracy: 0.9922, Val Accuracy: 0.9292
2025-01-16 00:45:39,777 - INFO - Epoch [7/100], Train Accuracy: 0.9964, Val Accuracy: 0.9250
2025-01-16 00:45:39,790 - INFO - Fold 1 Validation Accuracy: 0.9250
2025-01-16 00:45:39,790 - INFO - Training for fold 2/5
2025-01-16 00:45:39,922 - INFO - Epoch [1/100], Train Accuracy: 0.7031, Val Accuracy: 0.8896
2025-01-16 00:45:40,012 - INFO - Epoch [2/100], Train Accuracy: 0.9203, Val Accuracy: 0.9104
2025-01-16 00:45:40,111 - INFO - Epoch [3/100], Train Accuracy: 0.9557, Val Accuracy: 0.9208
2025-01-16 00:45:40,205 - INFO - Epoch [4/100], Train Accuracy: 0.9802, Val Accuracy: 0.9333
2025-01-16 00:45:40,303 - INFO - Epoch [5/100], Train Accuracy: 0.9901, Val Accuracy: 0.9292
2025-01-16 00:45:40,318 - INFO - Fold 2 Validation Accuracy: 0.9292
2025-01-16 00:45:40,318 - INFO - Training for fold 3/5
2025-01-16 00:45:40,435 - INFO - Epoch [1/100], Train Accuracy: 0.6854, Val Accuracy: 0.8896
2025-01-16 00:45:40,529 - INFO - Epoch [2/100], Train Accuracy: 0.9297, Val Accuracy: 0.9000
2025-01-16 00:45:40,624 - INFO - Epoch [3/100], Train Accuracy: 0.9604, Val Accuracy: 0.9104
2025-01-16 00:45:40,726 - INFO - Epoch [4/100], Train Accuracy: 0.9807, Val Accuracy: 0.9208
2025-01-16 00:45:40,826 - INFO - Epoch [5/100], Train Accuracy: 0.9901, Val Accuracy: 0.9187
2025-01-16 00:45:40,837 - INFO - Fold 3 Validation Accuracy: 0.9187
2025-01-16 00:45:40,838 - INFO - Training for fold 4/5
2025-01-16 00:45:40,956 - INFO - Epoch [1/100], Train Accuracy: 0.6641, Val Accuracy: 0.8729
2025-01-16 00:45:41,049 - INFO - Epoch [2/100], Train Accuracy: 0.9167, Val Accuracy: 0.9229
2025-01-16 00:45:41,143 - INFO - Epoch [3/100], Train Accuracy: 0.9615, Val Accuracy: 0.9250
2025-01-16 00:45:41,243 - INFO - Epoch [4/100], Train Accuracy: 0.9802, Val Accuracy: 0.9125
2025-01-16 00:45:41,336 - INFO - Epoch [5/100], Train Accuracy: 0.9911, Val Accuracy: 0.9083
2025-01-16 00:45:41,348 - INFO - Fold 4 Validation Accuracy: 0.9083
2025-01-16 00:45:41,348 - INFO - Training for fold 5/5
2025-01-16 00:45:41,468 - INFO - Epoch [1/100], Train Accuracy: 0.6755, Val Accuracy: 0.8812
2025-01-16 00:45:41,569 - INFO - Epoch [2/100], Train Accuracy: 0.9214, Val Accuracy: 0.9083
2025-01-16 00:45:41,663 - INFO - Epoch [3/100], Train Accuracy: 0.9646, Val Accuracy: 0.9229
2025-01-16 00:45:41,753 - INFO - Epoch [4/100], Train Accuracy: 0.9828, Val Accuracy: 0.9187
2025-01-16 00:45:41,851 - INFO - Epoch [5/100], Train Accuracy: 0.9885, Val Accuracy: 0.9167
2025-01-16 00:45:41,947 - INFO - Epoch [6/100], Train Accuracy: 0.9922, Val Accuracy: 0.9208
2025-01-16 00:45:41,957 - INFO - Fold 5 Validation Accuracy: 0.9208
2025-01-16 00:45:41,957 - INFO - Average Validation Accuracy (Over 5 folds): 0.9204 

2025-01-16 00:45:42,083 - INFO - Training with Vectorized Data 1000 features. Dropout Rate 0.70. Dataset Size 2400. 128 neurons. Leanring Rate 0.002
2025-01-16 00:45:42,083 - INFO - Training for fold 1/5
2025-01-16 00:45:42,207 - INFO - Epoch [1/100], Train Accuracy: 0.6094, Val Accuracy: 0.8833
2025-01-16 00:45:42,302 - INFO - Epoch [2/100], Train Accuracy: 0.9240, Val Accuracy: 0.9000
2025-01-16 00:45:42,393 - INFO - Epoch [3/100], Train Accuracy: 0.9589, Val Accuracy: 0.9271
2025-01-16 00:45:42,494 - INFO - Epoch [4/100], Train Accuracy: 0.9786, Val Accuracy: 0.9187
2025-01-16 00:45:42,585 - INFO - Epoch [5/100], Train Accuracy: 0.9906, Val Accuracy: 0.9208
2025-01-16 00:45:42,600 - INFO - Fold 1 Validation Accuracy: 0.9208
2025-01-16 00:45:42,600 - INFO - Training for fold 2/5
2025-01-16 00:45:42,709 - INFO - Epoch [1/100], Train Accuracy: 0.5589, Val Accuracy: 0.8729
2025-01-16 00:45:42,800 - INFO - Epoch [2/100], Train Accuracy: 0.9135, Val Accuracy: 0.9167
2025-01-16 00:45:42,889 - INFO - Epoch [3/100], Train Accuracy: 0.9594, Val Accuracy: 0.9333
2025-01-16 00:45:42,981 - INFO - Epoch [4/100], Train Accuracy: 0.9802, Val Accuracy: 0.9313
2025-01-16 00:45:43,075 - INFO - Epoch [5/100], Train Accuracy: 0.9891, Val Accuracy: 0.9354
2025-01-16 00:45:43,181 - INFO - Epoch [6/100], Train Accuracy: 0.9922, Val Accuracy: 0.9313
2025-01-16 00:45:43,191 - INFO - Fold 2 Validation Accuracy: 0.9313
2025-01-16 00:45:43,191 - INFO - Training for fold 3/5
2025-01-16 00:45:43,318 - INFO - Epoch [1/100], Train Accuracy: 0.7214, Val Accuracy: 0.9000
2025-01-16 00:45:43,418 - INFO - Epoch [2/100], Train Accuracy: 0.9182, Val Accuracy: 0.9229
2025-01-16 00:45:43,528 - INFO - Epoch [3/100], Train Accuracy: 0.9625, Val Accuracy: 0.9313
2025-01-16 00:45:43,639 - INFO - Epoch [4/100], Train Accuracy: 0.9786, Val Accuracy: 0.9292
2025-01-16 00:45:43,743 - INFO - Epoch [5/100], Train Accuracy: 0.9917, Val Accuracy: 0.9229
2025-01-16 00:45:43,759 - INFO - Fold 3 Validation Accuracy: 0.9229
2025-01-16 00:45:43,760 - INFO - Training for fold 4/5
2025-01-16 00:45:43,884 - INFO - Epoch [1/100], Train Accuracy: 0.6714, Val Accuracy: 0.8833
2025-01-16 00:45:43,981 - INFO - Epoch [2/100], Train Accuracy: 0.9292, Val Accuracy: 0.9062
2025-01-16 00:45:44,085 - INFO - Epoch [3/100], Train Accuracy: 0.9635, Val Accuracy: 0.9187
2025-01-16 00:45:44,193 - INFO - Epoch [4/100], Train Accuracy: 0.9823, Val Accuracy: 0.9146
2025-01-16 00:45:44,302 - INFO - Epoch [5/100], Train Accuracy: 0.9896, Val Accuracy: 0.9167
2025-01-16 00:45:44,402 - INFO - Epoch [6/100], Train Accuracy: 0.9932, Val Accuracy: 0.9104
2025-01-16 00:45:44,412 - INFO - Fold 4 Validation Accuracy: 0.9104
2025-01-16 00:45:44,412 - INFO - Training for fold 5/5
2025-01-16 00:45:44,544 - INFO - Epoch [1/100], Train Accuracy: 0.6859, Val Accuracy: 0.8938
2025-01-16 00:45:44,646 - INFO - Epoch [2/100], Train Accuracy: 0.9214, Val Accuracy: 0.9229
2025-01-16 00:45:44,749 - INFO - Epoch [3/100], Train Accuracy: 0.9568, Val Accuracy: 0.9208
2025-01-16 00:45:44,851 - INFO - Epoch [4/100], Train Accuracy: 0.9812, Val Accuracy: 0.9250
2025-01-16 00:45:44,943 - INFO - Epoch [5/100], Train Accuracy: 0.9906, Val Accuracy: 0.9187
2025-01-16 00:45:44,954 - INFO - Fold 5 Validation Accuracy: 0.9187
2025-01-16 00:45:44,954 - INFO - Average Validation Accuracy (Over 5 folds): 0.9208 

2025-01-16 00:45:45,080 - INFO - Training with Vectorized Data 1000 features. Dropout Rate 0.70. Dataset Size 2400. 128 neurons. Leanring Rate 0.002
2025-01-16 00:45:45,081 - INFO - Training for fold 1/5
2025-01-16 00:45:45,203 - INFO - Epoch [1/100], Train Accuracy: 0.6698, Val Accuracy: 0.8938
2025-01-16 00:45:45,304 - INFO - Epoch [2/100], Train Accuracy: 0.9240, Val Accuracy: 0.9000
2025-01-16 00:45:45,406 - INFO - Epoch [3/100], Train Accuracy: 0.9604, Val Accuracy: 0.9146
2025-01-16 00:45:45,509 - INFO - Epoch [4/100], Train Accuracy: 0.9807, Val Accuracy: 0.9167
2025-01-16 00:45:45,615 - INFO - Epoch [5/100], Train Accuracy: 0.9885, Val Accuracy: 0.9167
2025-01-16 00:45:45,718 - INFO - Epoch [6/100], Train Accuracy: 0.9932, Val Accuracy: 0.9187
2025-01-16 00:45:45,824 - INFO - Epoch [7/100], Train Accuracy: 0.9964, Val Accuracy: 0.9167
2025-01-16 00:45:45,837 - INFO - Fold 1 Validation Accuracy: 0.9167
2025-01-16 00:45:45,837 - INFO - Training for fold 2/5
2025-01-16 00:45:45,964 - INFO - Epoch [1/100], Train Accuracy: 0.6911, Val Accuracy: 0.8771
2025-01-16 00:45:46,060 - INFO - Epoch [2/100], Train Accuracy: 0.9292, Val Accuracy: 0.9021
2025-01-16 00:45:46,168 - INFO - Epoch [3/100], Train Accuracy: 0.9625, Val Accuracy: 0.9167
2025-01-16 00:45:46,262 - INFO - Epoch [4/100], Train Accuracy: 0.9797, Val Accuracy: 0.9208
2025-01-16 00:45:46,371 - INFO - Epoch [5/100], Train Accuracy: 0.9885, Val Accuracy: 0.9167
2025-01-16 00:45:46,472 - INFO - Epoch [6/100], Train Accuracy: 0.9948, Val Accuracy: 0.9167
2025-01-16 00:45:46,486 - INFO - Fold 2 Validation Accuracy: 0.9167
2025-01-16 00:45:46,486 - INFO - Training for fold 3/5
2025-01-16 00:45:46,611 - INFO - Epoch [1/100], Train Accuracy: 0.6026, Val Accuracy: 0.9083
2025-01-16 00:45:46,709 - INFO - Epoch [2/100], Train Accuracy: 0.9224, Val Accuracy: 0.9333
2025-01-16 00:45:46,810 - INFO - Epoch [3/100], Train Accuracy: 0.9500, Val Accuracy: 0.9500
2025-01-16 00:45:46,914 - INFO - Epoch [4/100], Train Accuracy: 0.9776, Val Accuracy: 0.9563
2025-01-16 00:45:47,011 - INFO - Epoch [5/100], Train Accuracy: 0.9896, Val Accuracy: 0.9479
2025-01-16 00:45:47,111 - INFO - Epoch [6/100], Train Accuracy: 0.9943, Val Accuracy: 0.9417
2025-01-16 00:45:47,123 - INFO - Fold 3 Validation Accuracy: 0.9417
2025-01-16 00:45:47,123 - INFO - Training for fold 4/5
2025-01-16 00:45:47,250 - INFO - Epoch [1/100], Train Accuracy: 0.6807, Val Accuracy: 0.8688
2025-01-16 00:45:47,346 - INFO - Epoch [2/100], Train Accuracy: 0.9250, Val Accuracy: 0.9000
2025-01-16 00:45:47,451 - INFO - Epoch [3/100], Train Accuracy: 0.9625, Val Accuracy: 0.9042
2025-01-16 00:45:47,564 - INFO - Epoch [4/100], Train Accuracy: 0.9854, Val Accuracy: 0.9042
2025-01-16 00:45:47,675 - INFO - Epoch [5/100], Train Accuracy: 0.9911, Val Accuracy: 0.9042
2025-01-16 00:45:47,788 - INFO - Epoch [6/100], Train Accuracy: 0.9958, Val Accuracy: 0.9021
2025-01-16 00:45:47,800 - INFO - Fold 4 Validation Accuracy: 0.9021
2025-01-16 00:45:47,801 - INFO - Training for fold 5/5
2025-01-16 00:45:47,938 - INFO - Epoch [1/100], Train Accuracy: 0.6167, Val Accuracy: 0.9229
2025-01-16 00:45:48,046 - INFO - Epoch [2/100], Train Accuracy: 0.9234, Val Accuracy: 0.9333
2025-01-16 00:45:48,144 - INFO - Epoch [3/100], Train Accuracy: 0.9594, Val Accuracy: 0.9375
2025-01-16 00:45:48,252 - INFO - Epoch [4/100], Train Accuracy: 0.9792, Val Accuracy: 0.9333
2025-01-16 00:45:48,371 - INFO - Epoch [5/100], Train Accuracy: 0.9911, Val Accuracy: 0.9396
2025-01-16 00:45:48,482 - INFO - Epoch [6/100], Train Accuracy: 0.9953, Val Accuracy: 0.9354
2025-01-16 00:45:48,492 - INFO - Fold 5 Validation Accuracy: 0.9354
2025-01-16 00:45:48,492 - INFO - Average Validation Accuracy (Over 5 folds): 0.9225 

2025-01-16 00:45:48,623 - INFO - Training with Vectorized Data 1000 features. Dropout Rate 0.70. Dataset Size 2400. 128 neurons. Leanring Rate 0.002
2025-01-16 00:45:48,623 - INFO - Training for fold 1/5
2025-01-16 00:45:48,762 - INFO - Epoch [1/100], Train Accuracy: 0.6792, Val Accuracy: 0.8854
2025-01-16 00:45:48,876 - INFO - Epoch [2/100], Train Accuracy: 0.9245, Val Accuracy: 0.9125
2025-01-16 00:45:48,990 - INFO - Epoch [3/100], Train Accuracy: 0.9604, Val Accuracy: 0.9313
2025-01-16 00:45:49,100 - INFO - Epoch [4/100], Train Accuracy: 0.9807, Val Accuracy: 0.9271
2025-01-16 00:45:49,206 - INFO - Epoch [5/100], Train Accuracy: 0.9885, Val Accuracy: 0.9292
2025-01-16 00:45:49,319 - INFO - Epoch [6/100], Train Accuracy: 0.9932, Val Accuracy: 0.9271
2025-01-16 00:45:49,328 - INFO - Fold 1 Validation Accuracy: 0.9271
2025-01-16 00:45:49,328 - INFO - Training for fold 2/5
2025-01-16 00:45:49,451 - INFO - Epoch [1/100], Train Accuracy: 0.6630, Val Accuracy: 0.9083
2025-01-16 00:45:49,565 - INFO - Epoch [2/100], Train Accuracy: 0.9182, Val Accuracy: 0.9125
2025-01-16 00:45:49,681 - INFO - Epoch [3/100], Train Accuracy: 0.9542, Val Accuracy: 0.9146
2025-01-16 00:45:49,789 - INFO - Epoch [4/100], Train Accuracy: 0.9781, Val Accuracy: 0.9208
2025-01-16 00:45:49,892 - INFO - Epoch [5/100], Train Accuracy: 0.9901, Val Accuracy: 0.9208
2025-01-16 00:45:49,996 - INFO - Epoch [6/100], Train Accuracy: 0.9948, Val Accuracy: 0.9167
2025-01-16 00:45:50,007 - INFO - Fold 2 Validation Accuracy: 0.9167
2025-01-16 00:45:50,007 - INFO - Training for fold 3/5
2025-01-16 00:45:50,144 - INFO - Epoch [1/100], Train Accuracy: 0.6208, Val Accuracy: 0.8479
2025-01-16 00:45:50,255 - INFO - Epoch [2/100], Train Accuracy: 0.9130, Val Accuracy: 0.9104
2025-01-16 00:45:50,352 - INFO - Epoch [3/100], Train Accuracy: 0.9594, Val Accuracy: 0.9313
2025-01-16 00:45:50,453 - INFO - Epoch [4/100], Train Accuracy: 0.9792, Val Accuracy: 0.9208
2025-01-16 00:45:50,557 - INFO - Epoch [5/100], Train Accuracy: 0.9917, Val Accuracy: 0.9271
2025-01-16 00:45:50,568 - INFO - Fold 3 Validation Accuracy: 0.9271
2025-01-16 00:45:50,568 - INFO - Training for fold 4/5
2025-01-16 00:45:50,705 - INFO - Epoch [1/100], Train Accuracy: 0.6203, Val Accuracy: 0.8854
2025-01-16 00:45:50,808 - INFO - Epoch [2/100], Train Accuracy: 0.9307, Val Accuracy: 0.8979
2025-01-16 00:45:50,913 - INFO - Epoch [3/100], Train Accuracy: 0.9635, Val Accuracy: 0.9250
2025-01-16 00:45:51,026 - INFO - Epoch [4/100], Train Accuracy: 0.9823, Val Accuracy: 0.9187
2025-01-16 00:45:51,144 - INFO - Epoch [5/100], Train Accuracy: 0.9901, Val Accuracy: 0.9208
2025-01-16 00:45:51,156 - INFO - Fold 4 Validation Accuracy: 0.9208
2025-01-16 00:45:51,156 - INFO - Training for fold 5/5
2025-01-16 00:45:51,295 - INFO - Epoch [1/100], Train Accuracy: 0.6557, Val Accuracy: 0.8917
2025-01-16 00:45:51,389 - INFO - Epoch [2/100], Train Accuracy: 0.9203, Val Accuracy: 0.9229
2025-01-16 00:45:51,491 - INFO - Epoch [3/100], Train Accuracy: 0.9615, Val Accuracy: 0.9333
2025-01-16 00:45:51,591 - INFO - Epoch [4/100], Train Accuracy: 0.9833, Val Accuracy: 0.9333
2025-01-16 00:45:51,699 - INFO - Epoch [5/100], Train Accuracy: 0.9901, Val Accuracy: 0.9375
2025-01-16 00:45:51,788 - INFO - Epoch [6/100], Train Accuracy: 0.9948, Val Accuracy: 0.9396
2025-01-16 00:45:51,885 - INFO - Epoch [7/100], Train Accuracy: 0.9958, Val Accuracy: 0.9396
2025-01-16 00:45:51,986 - INFO - Epoch [8/100], Train Accuracy: 0.9969, Val Accuracy: 0.9375
2025-01-16 00:45:51,994 - INFO - Fold 5 Validation Accuracy: 0.9375
2025-01-16 00:45:51,996 - INFO - Average Validation Accuracy (Over 5 folds): 0.9258 

2025-01-16 00:45:52,123 - INFO - Training with Vectorized Data 1000 features. Dropout Rate 0.70. Dataset Size 2400. 128 neurons. Leanring Rate 0.002
2025-01-16 00:45:52,124 - INFO - Training for fold 1/5
2025-01-16 00:45:52,253 - INFO - Epoch [1/100], Train Accuracy: 0.6583, Val Accuracy: 0.8792
2025-01-16 00:45:52,348 - INFO - Epoch [2/100], Train Accuracy: 0.9339, Val Accuracy: 0.9021
2025-01-16 00:45:52,448 - INFO - Epoch [3/100], Train Accuracy: 0.9656, Val Accuracy: 0.9146
2025-01-16 00:45:52,544 - INFO - Epoch [4/100], Train Accuracy: 0.9818, Val Accuracy: 0.9146
2025-01-16 00:45:52,645 - INFO - Epoch [5/100], Train Accuracy: 0.9927, Val Accuracy: 0.9208
2025-01-16 00:45:52,746 - INFO - Epoch [6/100], Train Accuracy: 0.9958, Val Accuracy: 0.9125
2025-01-16 00:45:52,759 - INFO - Fold 1 Validation Accuracy: 0.9125
2025-01-16 00:45:52,760 - INFO - Training for fold 2/5
2025-01-16 00:45:52,882 - INFO - Epoch [1/100], Train Accuracy: 0.6401, Val Accuracy: 0.9167
2025-01-16 00:45:52,980 - INFO - Epoch [2/100], Train Accuracy: 0.9245, Val Accuracy: 0.9104
2025-01-16 00:45:53,080 - INFO - Epoch [3/100], Train Accuracy: 0.9589, Val Accuracy: 0.9333
2025-01-16 00:45:53,174 - INFO - Epoch [4/100], Train Accuracy: 0.9823, Val Accuracy: 0.9229
2025-01-16 00:45:53,269 - INFO - Epoch [5/100], Train Accuracy: 0.9911, Val Accuracy: 0.9250
2025-01-16 00:45:53,280 - INFO - Fold 2 Validation Accuracy: 0.9250
2025-01-16 00:45:53,280 - INFO - Training for fold 3/5
2025-01-16 00:45:53,406 - INFO - Epoch [1/100], Train Accuracy: 0.6443, Val Accuracy: 0.8958
2025-01-16 00:45:53,512 - INFO - Epoch [2/100], Train Accuracy: 0.9229, Val Accuracy: 0.8979
2025-01-16 00:45:53,604 - INFO - Epoch [3/100], Train Accuracy: 0.9630, Val Accuracy: 0.9208
2025-01-16 00:45:53,693 - INFO - Epoch [4/100], Train Accuracy: 0.9818, Val Accuracy: 0.9250
2025-01-16 00:45:53,790 - INFO - Epoch [5/100], Train Accuracy: 0.9922, Val Accuracy: 0.9271
2025-01-16 00:45:53,890 - INFO - Epoch [6/100], Train Accuracy: 0.9943, Val Accuracy: 0.9146
2025-01-16 00:45:53,904 - INFO - Fold 3 Validation Accuracy: 0.9146
2025-01-16 00:45:53,904 - INFO - Training for fold 4/5
2025-01-16 00:45:54,017 - INFO - Epoch [1/100], Train Accuracy: 0.6734, Val Accuracy: 0.8604
2025-01-16 00:45:54,118 - INFO - Epoch [2/100], Train Accuracy: 0.9219, Val Accuracy: 0.9083
2025-01-16 00:45:54,217 - INFO - Epoch [3/100], Train Accuracy: 0.9568, Val Accuracy: 0.9313
2025-01-16 00:45:54,312 - INFO - Epoch [4/100], Train Accuracy: 0.9786, Val Accuracy: 0.9271
2025-01-16 00:45:54,409 - INFO - Epoch [5/100], Train Accuracy: 0.9891, Val Accuracy: 0.9375
2025-01-16 00:45:54,511 - INFO - Epoch [6/100], Train Accuracy: 0.9922, Val Accuracy: 0.9250
2025-01-16 00:45:54,522 - INFO - Fold 4 Validation Accuracy: 0.9250
2025-01-16 00:45:54,523 - INFO - Training for fold 5/5
2025-01-16 00:45:54,644 - INFO - Epoch [1/100], Train Accuracy: 0.5938, Val Accuracy: 0.8313
2025-01-16 00:45:54,741 - INFO - Epoch [2/100], Train Accuracy: 0.9115, Val Accuracy: 0.9062
2025-01-16 00:45:54,840 - INFO - Epoch [3/100], Train Accuracy: 0.9568, Val Accuracy: 0.9250
2025-01-16 00:45:54,937 - INFO - Epoch [4/100], Train Accuracy: 0.9781, Val Accuracy: 0.9417
2025-01-16 00:45:55,034 - INFO - Epoch [5/100], Train Accuracy: 0.9885, Val Accuracy: 0.9375
2025-01-16 00:45:55,133 - INFO - Epoch [6/100], Train Accuracy: 0.9938, Val Accuracy: 0.9375
2025-01-16 00:45:55,144 - INFO - Fold 5 Validation Accuracy: 0.9375
2025-01-16 00:45:55,144 - INFO - Average Validation Accuracy (Over 5 folds): 0.9229 

2025-01-16 00:45:55,267 - INFO - Training with Vectorized Data 1000 features. Dropout Rate 0.70. Dataset Size 2400. 128 neurons. Leanring Rate 0.002
2025-01-16 00:45:55,268 - INFO - Training for fold 1/5
2025-01-16 00:45:55,389 - INFO - Epoch [1/100], Train Accuracy: 0.6641, Val Accuracy: 0.8854
2025-01-16 00:45:55,485 - INFO - Epoch [2/100], Train Accuracy: 0.9240, Val Accuracy: 0.9146
2025-01-16 00:45:55,576 - INFO - Epoch [3/100], Train Accuracy: 0.9615, Val Accuracy: 0.9229
2025-01-16 00:45:55,669 - INFO - Epoch [4/100], Train Accuracy: 0.9807, Val Accuracy: 0.9167
2025-01-16 00:45:55,760 - INFO - Epoch [5/100], Train Accuracy: 0.9896, Val Accuracy: 0.9208
2025-01-16 00:45:55,854 - INFO - Epoch [6/100], Train Accuracy: 0.9953, Val Accuracy: 0.9271
2025-01-16 00:45:55,951 - INFO - Epoch [7/100], Train Accuracy: 0.9964, Val Accuracy: 0.9271
2025-01-16 00:45:56,037 - INFO - Epoch [8/100], Train Accuracy: 0.9974, Val Accuracy: 0.9333
2025-01-16 00:45:56,133 - INFO - Epoch [9/100], Train Accuracy: 0.9974, Val Accuracy: 0.9313
2025-01-16 00:45:56,146 - INFO - Fold 1 Validation Accuracy: 0.9313
2025-01-16 00:45:56,146 - INFO - Training for fold 2/5
2025-01-16 00:45:56,260 - INFO - Epoch [1/100], Train Accuracy: 0.6839, Val Accuracy: 0.8917
2025-01-16 00:45:56,357 - INFO - Epoch [2/100], Train Accuracy: 0.9260, Val Accuracy: 0.9021
2025-01-16 00:45:56,450 - INFO - Epoch [3/100], Train Accuracy: 0.9646, Val Accuracy: 0.9208
2025-01-16 00:45:56,546 - INFO - Epoch [4/100], Train Accuracy: 0.9807, Val Accuracy: 0.9125
2025-01-16 00:45:56,637 - INFO - Epoch [5/100], Train Accuracy: 0.9896, Val Accuracy: 0.9062
2025-01-16 00:45:56,733 - INFO - Epoch [6/100], Train Accuracy: 0.9958, Val Accuracy: 0.9187
2025-01-16 00:45:56,743 - INFO - Fold 2 Validation Accuracy: 0.9187
2025-01-16 00:45:56,744 - INFO - Training for fold 3/5
2025-01-16 00:45:56,860 - INFO - Epoch [1/100], Train Accuracy: 0.6344, Val Accuracy: 0.8979
2025-01-16 00:45:56,959 - INFO - Epoch [2/100], Train Accuracy: 0.9245, Val Accuracy: 0.9042
2025-01-16 00:45:57,053 - INFO - Epoch [3/100], Train Accuracy: 0.9630, Val Accuracy: 0.9208
2025-01-16 00:45:57,151 - INFO - Epoch [4/100], Train Accuracy: 0.9812, Val Accuracy: 0.9167
2025-01-16 00:45:57,247 - INFO - Epoch [5/100], Train Accuracy: 0.9901, Val Accuracy: 0.9187
2025-01-16 00:45:57,259 - INFO - Fold 3 Validation Accuracy: 0.9187
2025-01-16 00:45:57,259 - INFO - Training for fold 4/5
2025-01-16 00:45:57,371 - INFO - Epoch [1/100], Train Accuracy: 0.6484, Val Accuracy: 0.8458
2025-01-16 00:45:57,475 - INFO - Epoch [2/100], Train Accuracy: 0.9234, Val Accuracy: 0.9000
2025-01-16 00:45:57,577 - INFO - Epoch [3/100], Train Accuracy: 0.9589, Val Accuracy: 0.9167
2025-01-16 00:45:57,683 - INFO - Epoch [4/100], Train Accuracy: 0.9833, Val Accuracy: 0.9229
2025-01-16 00:45:57,783 - INFO - Epoch [5/100], Train Accuracy: 0.9917, Val Accuracy: 0.9208
2025-01-16 00:45:57,793 - INFO - Fold 4 Validation Accuracy: 0.9208
2025-01-16 00:45:57,793 - INFO - Training for fold 5/5
2025-01-16 00:45:57,909 - INFO - Epoch [1/100], Train Accuracy: 0.6771, Val Accuracy: 0.9021
2025-01-16 00:45:58,004 - INFO - Epoch [2/100], Train Accuracy: 0.9224, Val Accuracy: 0.9417
2025-01-16 00:45:58,102 - INFO - Epoch [3/100], Train Accuracy: 0.9589, Val Accuracy: 0.9479
2025-01-16 00:45:58,201 - INFO - Epoch [4/100], Train Accuracy: 0.9771, Val Accuracy: 0.9437
2025-01-16 00:45:58,303 - INFO - Epoch [5/100], Train Accuracy: 0.9891, Val Accuracy: 0.9458
2025-01-16 00:45:58,395 - INFO - Epoch [6/100], Train Accuracy: 0.9932, Val Accuracy: 0.9500
2025-01-16 00:45:58,494 - INFO - Epoch [7/100], Train Accuracy: 0.9964, Val Accuracy: 0.9458
2025-01-16 00:45:58,510 - INFO - Fold 5 Validation Accuracy: 0.9458
2025-01-16 00:45:58,510 - INFO - Average Validation Accuracy (Over 5 folds): 0.9271 

2025-01-16 00:45:58,634 - INFO - Training with Vectorized Data 1000 features. Dropout Rate 0.70. Dataset Size 2400. 128 neurons. Leanring Rate 0.002
2025-01-16 00:45:58,634 - INFO - Training for fold 1/5
2025-01-16 00:45:58,758 - INFO - Epoch [1/100], Train Accuracy: 0.6891, Val Accuracy: 0.8958
2025-01-16 00:45:58,854 - INFO - Epoch [2/100], Train Accuracy: 0.9187, Val Accuracy: 0.9250
2025-01-16 00:45:58,947 - INFO - Epoch [3/100], Train Accuracy: 0.9547, Val Accuracy: 0.9396
2025-01-16 00:45:59,045 - INFO - Epoch [4/100], Train Accuracy: 0.9766, Val Accuracy: 0.9458
2025-01-16 00:45:59,145 - INFO - Epoch [5/100], Train Accuracy: 0.9891, Val Accuracy: 0.9396
2025-01-16 00:45:59,240 - INFO - Epoch [6/100], Train Accuracy: 0.9938, Val Accuracy: 0.9333
2025-01-16 00:45:59,254 - INFO - Fold 1 Validation Accuracy: 0.9333
2025-01-16 00:45:59,254 - INFO - Training for fold 2/5
2025-01-16 00:45:59,375 - INFO - Epoch [1/100], Train Accuracy: 0.7063, Val Accuracy: 0.8771
2025-01-16 00:45:59,469 - INFO - Epoch [2/100], Train Accuracy: 0.9240, Val Accuracy: 0.9062
2025-01-16 00:45:59,561 - INFO - Epoch [3/100], Train Accuracy: 0.9599, Val Accuracy: 0.9271
2025-01-16 00:45:59,656 - INFO - Epoch [4/100], Train Accuracy: 0.9839, Val Accuracy: 0.9271
2025-01-16 00:45:59,755 - INFO - Epoch [5/100], Train Accuracy: 0.9922, Val Accuracy: 0.9250
2025-01-16 00:45:59,766 - INFO - Fold 2 Validation Accuracy: 0.9250
2025-01-16 00:45:59,767 - INFO - Training for fold 3/5
2025-01-16 00:45:59,890 - INFO - Epoch [1/100], Train Accuracy: 0.6641, Val Accuracy: 0.8771
2025-01-16 00:45:59,981 - INFO - Epoch [2/100], Train Accuracy: 0.9120, Val Accuracy: 0.8958
2025-01-16 00:46:00,080 - INFO - Epoch [3/100], Train Accuracy: 0.9620, Val Accuracy: 0.9167
2025-01-16 00:46:00,179 - INFO - Epoch [4/100], Train Accuracy: 0.9828, Val Accuracy: 0.9208
2025-01-16 00:46:00,280 - INFO - Epoch [5/100], Train Accuracy: 0.9911, Val Accuracy: 0.9104
2025-01-16 00:46:00,292 - INFO - Fold 3 Validation Accuracy: 0.9104
2025-01-16 00:46:00,292 - INFO - Training for fold 4/5
2025-01-16 00:46:00,408 - INFO - Epoch [1/100], Train Accuracy: 0.6432, Val Accuracy: 0.8771
2025-01-16 00:46:00,517 - INFO - Epoch [2/100], Train Accuracy: 0.9161, Val Accuracy: 0.9292
2025-01-16 00:46:00,616 - INFO - Epoch [3/100], Train Accuracy: 0.9589, Val Accuracy: 0.9396
2025-01-16 00:46:00,712 - INFO - Epoch [4/100], Train Accuracy: 0.9802, Val Accuracy: 0.9333
2025-01-16 00:46:00,814 - INFO - Epoch [5/100], Train Accuracy: 0.9911, Val Accuracy: 0.9333
2025-01-16 00:46:00,825 - INFO - Fold 4 Validation Accuracy: 0.9333
2025-01-16 00:46:00,825 - INFO - Training for fold 5/5
2025-01-16 00:46:00,948 - INFO - Epoch [1/100], Train Accuracy: 0.5552, Val Accuracy: 0.8604
2025-01-16 00:46:01,042 - INFO - Epoch [2/100], Train Accuracy: 0.9224, Val Accuracy: 0.9042
2025-01-16 00:46:01,139 - INFO - Epoch [3/100], Train Accuracy: 0.9578, Val Accuracy: 0.9125
2025-01-16 00:46:01,238 - INFO - Epoch [4/100], Train Accuracy: 0.9802, Val Accuracy: 0.9104
2025-01-16 00:46:01,338 - INFO - Epoch [5/100], Train Accuracy: 0.9885, Val Accuracy: 0.9125
2025-01-16 00:46:01,430 - INFO - Epoch [6/100], Train Accuracy: 0.9943, Val Accuracy: 0.9167
2025-01-16 00:46:01,531 - INFO - Epoch [7/100], Train Accuracy: 0.9958, Val Accuracy: 0.9146
2025-01-16 00:46:01,543 - INFO - Fold 5 Validation Accuracy: 0.9146
2025-01-16 00:46:01,543 - INFO - Average Validation Accuracy (Over 5 folds): 0.9233 

2025-01-16 00:46:01,670 - INFO - Training with Vectorized Data 1000 features. Dropout Rate 0.70. Dataset Size 2400. 128 neurons. Leanring Rate 0.002
2025-01-16 00:46:01,671 - INFO - Training for fold 1/5
2025-01-16 00:46:01,793 - INFO - Epoch [1/100], Train Accuracy: 0.6917, Val Accuracy: 0.8708
2025-01-16 00:46:01,886 - INFO - Epoch [2/100], Train Accuracy: 0.9245, Val Accuracy: 0.8917
2025-01-16 00:46:01,982 - INFO - Epoch [3/100], Train Accuracy: 0.9620, Val Accuracy: 0.9146
2025-01-16 00:46:02,083 - INFO - Epoch [4/100], Train Accuracy: 0.9833, Val Accuracy: 0.9208
2025-01-16 00:46:02,190 - INFO - Epoch [5/100], Train Accuracy: 0.9917, Val Accuracy: 0.9208
2025-01-16 00:46:02,291 - INFO - Epoch [6/100], Train Accuracy: 0.9948, Val Accuracy: 0.9208
2025-01-16 00:46:02,402 - INFO - Epoch [7/100], Train Accuracy: 0.9969, Val Accuracy: 0.9229
2025-01-16 00:46:02,503 - INFO - Epoch [8/100], Train Accuracy: 0.9974, Val Accuracy: 0.9208
2025-01-16 00:46:02,514 - INFO - Fold 1 Validation Accuracy: 0.9208
2025-01-16 00:46:02,516 - INFO - Training for fold 2/5
2025-01-16 00:46:02,645 - INFO - Epoch [1/100], Train Accuracy: 0.6615, Val Accuracy: 0.8750
2025-01-16 00:46:02,743 - INFO - Epoch [2/100], Train Accuracy: 0.9229, Val Accuracy: 0.9313
2025-01-16 00:46:02,838 - INFO - Epoch [3/100], Train Accuracy: 0.9594, Val Accuracy: 0.9333
2025-01-16 00:46:02,944 - INFO - Epoch [4/100], Train Accuracy: 0.9807, Val Accuracy: 0.9229
2025-01-16 00:46:03,046 - INFO - Epoch [5/100], Train Accuracy: 0.9938, Val Accuracy: 0.9229
2025-01-16 00:46:03,056 - INFO - Fold 2 Validation Accuracy: 0.9229
2025-01-16 00:46:03,056 - INFO - Training for fold 3/5
2025-01-16 00:46:03,181 - INFO - Epoch [1/100], Train Accuracy: 0.7016, Val Accuracy: 0.8812
2025-01-16 00:46:03,279 - INFO - Epoch [2/100], Train Accuracy: 0.9167, Val Accuracy: 0.9083
2025-01-16 00:46:03,382 - INFO - Epoch [3/100], Train Accuracy: 0.9568, Val Accuracy: 0.9208
2025-01-16 00:46:03,476 - INFO - Epoch [4/100], Train Accuracy: 0.9807, Val Accuracy: 0.9125
2025-01-16 00:46:03,585 - INFO - Epoch [5/100], Train Accuracy: 0.9891, Val Accuracy: 0.9125
2025-01-16 00:46:03,694 - INFO - Epoch [6/100], Train Accuracy: 0.9948, Val Accuracy: 0.9146
2025-01-16 00:46:03,707 - INFO - Fold 3 Validation Accuracy: 0.9146
2025-01-16 00:46:03,707 - INFO - Training for fold 4/5
2025-01-16 00:46:03,827 - INFO - Epoch [1/100], Train Accuracy: 0.6010, Val Accuracy: 0.9062
2025-01-16 00:46:03,927 - INFO - Epoch [2/100], Train Accuracy: 0.9172, Val Accuracy: 0.9187
2025-01-16 00:46:04,036 - INFO - Epoch [3/100], Train Accuracy: 0.9615, Val Accuracy: 0.9417
2025-01-16 00:46:04,138 - INFO - Epoch [4/100], Train Accuracy: 0.9807, Val Accuracy: 0.9417
2025-01-16 00:46:04,237 - INFO - Epoch [5/100], Train Accuracy: 0.9901, Val Accuracy: 0.9396
2025-01-16 00:46:04,249 - INFO - Fold 4 Validation Accuracy: 0.9396
2025-01-16 00:46:04,250 - INFO - Training for fold 5/5
2025-01-16 00:46:04,376 - INFO - Epoch [1/100], Train Accuracy: 0.6891, Val Accuracy: 0.9104
2025-01-16 00:46:04,473 - INFO - Epoch [2/100], Train Accuracy: 0.9255, Val Accuracy: 0.9146
2025-01-16 00:46:04,578 - INFO - Epoch [3/100], Train Accuracy: 0.9589, Val Accuracy: 0.9250
2025-01-16 00:46:04,684 - INFO - Epoch [4/100], Train Accuracy: 0.9812, Val Accuracy: 0.9125
2025-01-16 00:46:04,780 - INFO - Epoch [5/100], Train Accuracy: 0.9906, Val Accuracy: 0.9167
2025-01-16 00:46:04,791 - INFO - Fold 5 Validation Accuracy: 0.9167
2025-01-16 00:46:04,791 - INFO - Average Validation Accuracy (Over 5 folds): 0.9229 

2025-01-16 00:46:04,916 - INFO - Training with Vectorized Data 1000 features. Dropout Rate 0.70. Dataset Size 2400. 128 neurons. Leanring Rate 0.002
2025-01-16 00:46:04,916 - INFO - Training for fold 1/5
2025-01-16 00:46:05,036 - INFO - Epoch [1/100], Train Accuracy: 0.5823, Val Accuracy: 0.8938
2025-01-16 00:46:05,132 - INFO - Epoch [2/100], Train Accuracy: 0.9214, Val Accuracy: 0.9271
2025-01-16 00:46:05,228 - INFO - Epoch [3/100], Train Accuracy: 0.9578, Val Accuracy: 0.9271
2025-01-16 00:46:05,321 - INFO - Epoch [4/100], Train Accuracy: 0.9802, Val Accuracy: 0.9271
2025-01-16 00:46:05,414 - INFO - Epoch [5/100], Train Accuracy: 0.9891, Val Accuracy: 0.9333
2025-01-16 00:46:05,511 - INFO - Epoch [6/100], Train Accuracy: 0.9943, Val Accuracy: 0.9333
2025-01-16 00:46:05,603 - INFO - Epoch [7/100], Train Accuracy: 0.9958, Val Accuracy: 0.9271
2025-01-16 00:46:05,617 - INFO - Fold 1 Validation Accuracy: 0.9271
2025-01-16 00:46:05,617 - INFO - Training for fold 2/5
2025-01-16 00:46:05,743 - INFO - Epoch [1/100], Train Accuracy: 0.6547, Val Accuracy: 0.8750
2025-01-16 00:46:05,838 - INFO - Epoch [2/100], Train Accuracy: 0.9302, Val Accuracy: 0.8771
2025-01-16 00:46:05,933 - INFO - Epoch [3/100], Train Accuracy: 0.9625, Val Accuracy: 0.9083
2025-01-16 00:46:06,027 - INFO - Epoch [4/100], Train Accuracy: 0.9823, Val Accuracy: 0.9062
2025-01-16 00:46:06,120 - INFO - Epoch [5/100], Train Accuracy: 0.9901, Val Accuracy: 0.8938
2025-01-16 00:46:06,135 - INFO - Fold 2 Validation Accuracy: 0.8938
2025-01-16 00:46:06,136 - INFO - Training for fold 3/5
2025-01-16 00:46:06,254 - INFO - Epoch [1/100], Train Accuracy: 0.5792, Val Accuracy: 0.8958
2025-01-16 00:46:06,344 - INFO - Epoch [2/100], Train Accuracy: 0.9182, Val Accuracy: 0.9125
2025-01-16 00:46:06,439 - INFO - Epoch [3/100], Train Accuracy: 0.9583, Val Accuracy: 0.9292
2025-01-16 00:46:06,537 - INFO - Epoch [4/100], Train Accuracy: 0.9786, Val Accuracy: 0.9417
2025-01-16 00:46:06,628 - INFO - Epoch [5/100], Train Accuracy: 0.9896, Val Accuracy: 0.9458
2025-01-16 00:46:06,722 - INFO - Epoch [6/100], Train Accuracy: 0.9917, Val Accuracy: 0.9458
2025-01-16 00:46:06,818 - INFO - Epoch [7/100], Train Accuracy: 0.9938, Val Accuracy: 0.9479
2025-01-16 00:46:06,912 - INFO - Epoch [8/100], Train Accuracy: 0.9964, Val Accuracy: 0.9417
2025-01-16 00:46:06,923 - INFO - Fold 3 Validation Accuracy: 0.9417
2025-01-16 00:46:06,923 - INFO - Training for fold 4/5
2025-01-16 00:46:07,046 - INFO - Epoch [1/100], Train Accuracy: 0.6854, Val Accuracy: 0.9000
2025-01-16 00:46:07,137 - INFO - Epoch [2/100], Train Accuracy: 0.9219, Val Accuracy: 0.9271
2025-01-16 00:46:07,229 - INFO - Epoch [3/100], Train Accuracy: 0.9604, Val Accuracy: 0.9250
2025-01-16 00:46:07,328 - INFO - Epoch [4/100], Train Accuracy: 0.9802, Val Accuracy: 0.9354
2025-01-16 00:46:07,419 - INFO - Epoch [5/100], Train Accuracy: 0.9906, Val Accuracy: 0.9229
2025-01-16 00:46:07,431 - INFO - Fold 4 Validation Accuracy: 0.9229
2025-01-16 00:46:07,432 - INFO - Training for fold 5/5
2025-01-16 00:46:07,556 - INFO - Epoch [1/100], Train Accuracy: 0.6677, Val Accuracy: 0.8812
2025-01-16 00:46:07,653 - INFO - Epoch [2/100], Train Accuracy: 0.9193, Val Accuracy: 0.9229
2025-01-16 00:46:07,753 - INFO - Epoch [3/100], Train Accuracy: 0.9635, Val Accuracy: 0.9229
2025-01-16 00:46:07,854 - INFO - Epoch [4/100], Train Accuracy: 0.9833, Val Accuracy: 0.9250
2025-01-16 00:46:07,949 - INFO - Epoch [5/100], Train Accuracy: 0.9917, Val Accuracy: 0.9271
2025-01-16 00:46:08,046 - INFO - Epoch [6/100], Train Accuracy: 0.9948, Val Accuracy: 0.9333
2025-01-16 00:46:08,143 - INFO - Epoch [7/100], Train Accuracy: 0.9969, Val Accuracy: 0.9271
2025-01-16 00:46:08,154 - INFO - Fold 5 Validation Accuracy: 0.9271
2025-01-16 00:46:08,154 - INFO - Average Validation Accuracy (Over 5 folds): 0.9225 

2025-01-16 00:46:08,289 - INFO - Training with Vectorized Data 1000 features. Dropout Rate 0.70. Dataset Size 2400. 128 neurons. Leanring Rate 0.002
2025-01-16 00:46:08,289 - INFO - Training for fold 1/5
2025-01-16 00:46:08,406 - INFO - Epoch [1/100], Train Accuracy: 0.6979, Val Accuracy: 0.8708
2025-01-16 00:46:08,505 - INFO - Epoch [2/100], Train Accuracy: 0.9224, Val Accuracy: 0.8812
2025-01-16 00:46:08,599 - INFO - Epoch [3/100], Train Accuracy: 0.9609, Val Accuracy: 0.9000
2025-01-16 00:46:08,694 - INFO - Epoch [4/100], Train Accuracy: 0.9797, Val Accuracy: 0.9125
2025-01-16 00:46:08,787 - INFO - Epoch [5/100], Train Accuracy: 0.9901, Val Accuracy: 0.9125
2025-01-16 00:46:08,900 - INFO - Epoch [6/100], Train Accuracy: 0.9953, Val Accuracy: 0.9125
2025-01-16 00:46:09,010 - INFO - Epoch [7/100], Train Accuracy: 0.9969, Val Accuracy: 0.9167
2025-01-16 00:46:09,118 - INFO - Epoch [8/100], Train Accuracy: 0.9969, Val Accuracy: 0.9125
2025-01-16 00:46:09,134 - INFO - Fold 1 Validation Accuracy: 0.9125
2025-01-16 00:46:09,134 - INFO - Training for fold 2/5
2025-01-16 00:46:09,272 - INFO - Epoch [1/100], Train Accuracy: 0.6865, Val Accuracy: 0.8979
2025-01-16 00:46:09,387 - INFO - Epoch [2/100], Train Accuracy: 0.9208, Val Accuracy: 0.9271
2025-01-16 00:46:09,502 - INFO - Epoch [3/100], Train Accuracy: 0.9568, Val Accuracy: 0.9313
2025-01-16 00:46:09,624 - INFO - Epoch [4/100], Train Accuracy: 0.9766, Val Accuracy: 0.9333
2025-01-16 00:46:09,741 - INFO - Epoch [5/100], Train Accuracy: 0.9917, Val Accuracy: 0.9375
2025-01-16 00:46:09,858 - INFO - Epoch [6/100], Train Accuracy: 0.9948, Val Accuracy: 0.9333
2025-01-16 00:46:09,872 - INFO - Fold 2 Validation Accuracy: 0.9333
2025-01-16 00:46:09,873 - INFO - Training for fold 3/5
2025-01-16 00:46:10,017 - INFO - Epoch [1/100], Train Accuracy: 0.6714, Val Accuracy: 0.8917
2025-01-16 00:46:10,128 - INFO - Epoch [2/100], Train Accuracy: 0.9208, Val Accuracy: 0.9187
2025-01-16 00:46:10,241 - INFO - Epoch [3/100], Train Accuracy: 0.9599, Val Accuracy: 0.9187
2025-01-16 00:46:10,344 - INFO - Epoch [4/100], Train Accuracy: 0.9781, Val Accuracy: 0.9250
2025-01-16 00:46:10,456 - INFO - Epoch [5/100], Train Accuracy: 0.9870, Val Accuracy: 0.9208
2025-01-16 00:46:10,576 - INFO - Epoch [6/100], Train Accuracy: 0.9932, Val Accuracy: 0.9208
2025-01-16 00:46:10,588 - INFO - Fold 3 Validation Accuracy: 0.9208
2025-01-16 00:46:10,588 - INFO - Training for fold 4/5
2025-01-16 00:46:10,729 - INFO - Epoch [1/100], Train Accuracy: 0.5625, Val Accuracy: 0.8833
2025-01-16 00:46:10,844 - INFO - Epoch [2/100], Train Accuracy: 0.9266, Val Accuracy: 0.9000
2025-01-16 00:46:10,957 - INFO - Epoch [3/100], Train Accuracy: 0.9661, Val Accuracy: 0.9062
2025-01-16 00:46:11,080 - INFO - Epoch [4/100], Train Accuracy: 0.9823, Val Accuracy: 0.9104
2025-01-16 00:46:11,187 - INFO - Epoch [5/100], Train Accuracy: 0.9901, Val Accuracy: 0.9167
2025-01-16 00:46:11,306 - INFO - Epoch [6/100], Train Accuracy: 0.9953, Val Accuracy: 0.9146
2025-01-16 00:46:11,317 - INFO - Fold 4 Validation Accuracy: 0.9146
2025-01-16 00:46:11,317 - INFO - Training for fold 5/5
2025-01-16 00:46:11,467 - INFO - Epoch [1/100], Train Accuracy: 0.6901, Val Accuracy: 0.9146
2025-01-16 00:46:11,582 - INFO - Epoch [2/100], Train Accuracy: 0.9099, Val Accuracy: 0.9187
2025-01-16 00:46:11,681 - INFO - Epoch [3/100], Train Accuracy: 0.9573, Val Accuracy: 0.9396
2025-01-16 00:46:11,787 - INFO - Epoch [4/100], Train Accuracy: 0.9792, Val Accuracy: 0.9417
2025-01-16 00:46:11,882 - INFO - Epoch [5/100], Train Accuracy: 0.9906, Val Accuracy: 0.9333
2025-01-16 00:46:11,894 - INFO - Fold 5 Validation Accuracy: 0.9333
2025-01-16 00:46:11,894 - INFO - Average Validation Accuracy (Over 5 folds): 0.9229 

2025-01-16 00:46:12,023 - INFO - Training with Vectorized Data 1000 features. Dropout Rate 0.70. Dataset Size 2400. 128 neurons. Leanring Rate 0.002
2025-01-16 00:46:12,024 - INFO - Training for fold 1/5
2025-01-16 00:46:12,172 - INFO - Epoch [1/100], Train Accuracy: 0.6276, Val Accuracy: 0.8562
2025-01-16 00:46:12,284 - INFO - Epoch [2/100], Train Accuracy: 0.9104, Val Accuracy: 0.9292
2025-01-16 00:46:12,402 - INFO - Epoch [3/100], Train Accuracy: 0.9536, Val Accuracy: 0.9250
2025-01-16 00:46:12,581 - INFO - Epoch [4/100], Train Accuracy: 0.9792, Val Accuracy: 0.9313
2025-01-16 00:46:12,737 - INFO - Epoch [5/100], Train Accuracy: 0.9901, Val Accuracy: 0.9208
2025-01-16 00:46:12,756 - INFO - Fold 1 Validation Accuracy: 0.9208
2025-01-16 00:46:12,756 - INFO - Training for fold 2/5
2025-01-16 00:46:12,924 - INFO - Epoch [1/100], Train Accuracy: 0.6141, Val Accuracy: 0.8938
2025-01-16 00:46:13,048 - INFO - Epoch [2/100], Train Accuracy: 0.9234, Val Accuracy: 0.8979
2025-01-16 00:46:13,162 - INFO - Epoch [3/100], Train Accuracy: 0.9620, Val Accuracy: 0.9083
2025-01-16 00:46:13,269 - INFO - Epoch [4/100], Train Accuracy: 0.9802, Val Accuracy: 0.9167
2025-01-16 00:46:13,374 - INFO - Epoch [5/100], Train Accuracy: 0.9911, Val Accuracy: 0.9208
2025-01-16 00:46:13,471 - INFO - Epoch [6/100], Train Accuracy: 0.9943, Val Accuracy: 0.9167
2025-01-16 00:46:13,486 - INFO - Fold 2 Validation Accuracy: 0.9167
2025-01-16 00:46:13,487 - INFO - Training for fold 3/5
2025-01-16 00:46:13,621 - INFO - Epoch [1/100], Train Accuracy: 0.6635, Val Accuracy: 0.8375
2025-01-16 00:46:13,720 - INFO - Epoch [2/100], Train Accuracy: 0.9057, Val Accuracy: 0.8938
2025-01-16 00:46:13,816 - INFO - Epoch [3/100], Train Accuracy: 0.9630, Val Accuracy: 0.9208
2025-01-16 00:46:13,911 - INFO - Epoch [4/100], Train Accuracy: 0.9786, Val Accuracy: 0.9167
2025-01-16 00:46:14,005 - INFO - Epoch [5/100], Train Accuracy: 0.9885, Val Accuracy: 0.9187
2025-01-16 00:46:14,097 - INFO - Epoch [6/100], Train Accuracy: 0.9938, Val Accuracy: 0.9146
2025-01-16 00:46:14,108 - INFO - Fold 3 Validation Accuracy: 0.9146
2025-01-16 00:46:14,108 - INFO - Training for fold 4/5
2025-01-16 00:46:14,235 - INFO - Epoch [1/100], Train Accuracy: 0.7057, Val Accuracy: 0.8917
2025-01-16 00:46:14,325 - INFO - Epoch [2/100], Train Accuracy: 0.9292, Val Accuracy: 0.9125
2025-01-16 00:46:14,419 - INFO - Epoch [3/100], Train Accuracy: 0.9573, Val Accuracy: 0.9125
2025-01-16 00:46:14,514 - INFO - Epoch [4/100], Train Accuracy: 0.9802, Val Accuracy: 0.9187
2025-01-16 00:46:14,609 - INFO - Epoch [5/100], Train Accuracy: 0.9896, Val Accuracy: 0.9187
2025-01-16 00:46:14,706 - INFO - Epoch [6/100], Train Accuracy: 0.9927, Val Accuracy: 0.9167
2025-01-16 00:46:14,719 - INFO - Fold 4 Validation Accuracy: 0.9167
2025-01-16 00:46:14,719 - INFO - Training for fold 5/5
2025-01-16 00:46:14,834 - INFO - Epoch [1/100], Train Accuracy: 0.6802, Val Accuracy: 0.9250
2025-01-16 00:46:14,928 - INFO - Epoch [2/100], Train Accuracy: 0.9250, Val Accuracy: 0.9333
2025-01-16 00:46:15,020 - INFO - Epoch [3/100], Train Accuracy: 0.9589, Val Accuracy: 0.9458
2025-01-16 00:46:15,114 - INFO - Epoch [4/100], Train Accuracy: 0.9807, Val Accuracy: 0.9333
2025-01-16 00:46:15,212 - INFO - Epoch [5/100], Train Accuracy: 0.9896, Val Accuracy: 0.9417
2025-01-16 00:46:15,314 - INFO - Epoch [6/100], Train Accuracy: 0.9948, Val Accuracy: 0.9396
2025-01-16 00:46:15,327 - INFO - Fold 5 Validation Accuracy: 0.9396
2025-01-16 00:46:15,327 - INFO - Average Validation Accuracy (Over 5 folds): 0.9217 

