2025-01-16 15:59:15,914 - INFO - Training with Vectorized Data 1000 features. Dropout Rate 0.56. Dataset Size 2400. 128 neurons. Leanring Rate 0.002
2025-01-16 15:59:15,915 - INFO - Training for fold 1/5
2025-01-16 15:59:17,059 - INFO - Epoch [1/100], Train Accuracy: 0.6375, Val Accuracy: 0.8750
2025-01-16 15:59:17,121 - INFO - Epoch [2/100], Train Accuracy: 0.9245, Val Accuracy: 0.9083
2025-01-16 15:59:17,201 - INFO - Epoch [3/100], Train Accuracy: 0.9589, Val Accuracy: 0.9146
2025-01-16 15:59:17,270 - INFO - Epoch [4/100], Train Accuracy: 0.9818, Val Accuracy: 0.9187
2025-01-16 15:59:17,511 - INFO - Epoch [5/100], Train Accuracy: 0.9927, Val Accuracy: 0.9250
2025-01-16 15:59:18,104 - INFO - Epoch [6/100], Train Accuracy: 0.9958, Val Accuracy: 0.9167
2025-01-16 15:59:18,122 - INFO - Fold 1 Validation Accuracy: 0.9167
2025-01-16 15:59:18,122 - INFO - Training for fold 2/5
2025-01-16 15:59:18,301 - INFO - Epoch [1/100], Train Accuracy: 0.7203, Val Accuracy: 0.8375
2025-01-16 15:59:18,439 - INFO - Epoch [2/100], Train Accuracy: 0.9094, Val Accuracy: 0.9229
2025-01-16 15:59:18,534 - INFO - Epoch [3/100], Train Accuracy: 0.9609, Val Accuracy: 0.9437
2025-01-16 15:59:18,634 - INFO - Epoch [4/100], Train Accuracy: 0.9802, Val Accuracy: 0.9479
2025-01-16 15:59:18,731 - INFO - Epoch [5/100], Train Accuracy: 0.9885, Val Accuracy: 0.9417
2025-01-16 15:59:18,827 - INFO - Epoch [6/100], Train Accuracy: 0.9943, Val Accuracy: 0.9417
2025-01-16 15:59:18,951 - INFO - Epoch [7/100], Train Accuracy: 0.9958, Val Accuracy: 0.9396
2025-01-16 15:59:18,970 - INFO - Fold 2 Validation Accuracy: 0.9396
2025-01-16 15:59:18,971 - INFO - Training for fold 3/5
2025-01-16 15:59:19,060 - INFO - Epoch [1/100], Train Accuracy: 0.6651, Val Accuracy: 0.8562
2025-01-16 15:59:19,133 - INFO - Epoch [2/100], Train Accuracy: 0.9187, Val Accuracy: 0.8938
2025-01-16 15:59:19,206 - INFO - Epoch [3/100], Train Accuracy: 0.9651, Val Accuracy: 0.9167
2025-01-16 15:59:19,282 - INFO - Epoch [4/100], Train Accuracy: 0.9849, Val Accuracy: 0.9167
2025-01-16 15:59:19,360 - INFO - Epoch [5/100], Train Accuracy: 0.9911, Val Accuracy: 0.9146
2025-01-16 15:59:19,440 - INFO - Epoch [6/100], Train Accuracy: 0.9927, Val Accuracy: 0.9208
2025-01-16 15:59:19,515 - INFO - Epoch [7/100], Train Accuracy: 0.9958, Val Accuracy: 0.9167
2025-01-16 15:59:19,521 - INFO - Fold 3 Validation Accuracy: 0.9167
2025-01-16 15:59:19,522 - INFO - Training for fold 4/5
2025-01-16 15:59:19,615 - INFO - Epoch [1/100], Train Accuracy: 0.6937, Val Accuracy: 0.8500
2025-01-16 15:59:19,710 - INFO - Epoch [2/100], Train Accuracy: 0.9271, Val Accuracy: 0.9021
2025-01-16 15:59:19,804 - INFO - Epoch [3/100], Train Accuracy: 0.9625, Val Accuracy: 0.9021
2025-01-16 15:59:19,888 - INFO - Epoch [4/100], Train Accuracy: 0.9807, Val Accuracy: 0.9125
2025-01-16 15:59:19,962 - INFO - Epoch [5/100], Train Accuracy: 0.9885, Val Accuracy: 0.9187
2025-01-16 15:59:20,037 - INFO - Epoch [6/100], Train Accuracy: 0.9948, Val Accuracy: 0.9125
2025-01-16 15:59:20,113 - INFO - Epoch [7/100], Train Accuracy: 0.9964, Val Accuracy: 0.9208
2025-01-16 15:59:20,189 - INFO - Epoch [8/100], Train Accuracy: 0.9969, Val Accuracy: 0.9146
2025-01-16 15:59:20,195 - INFO - Fold 4 Validation Accuracy: 0.9146
2025-01-16 15:59:20,196 - INFO - Training for fold 5/5
2025-01-16 15:59:20,275 - INFO - Epoch [1/100], Train Accuracy: 0.6807, Val Accuracy: 0.9208
2025-01-16 15:59:20,346 - INFO - Epoch [2/100], Train Accuracy: 0.9193, Val Accuracy: 0.9375
2025-01-16 15:59:20,428 - INFO - Epoch [3/100], Train Accuracy: 0.9547, Val Accuracy: 0.9417
2025-01-16 15:59:20,498 - INFO - Epoch [4/100], Train Accuracy: 0.9807, Val Accuracy: 0.9396
2025-01-16 15:59:20,582 - INFO - Epoch [5/100], Train Accuracy: 0.9906, Val Accuracy: 0.9375
2025-01-16 15:59:20,673 - INFO - Epoch [6/100], Train Accuracy: 0.9958, Val Accuracy: 0.9333
2025-01-16 15:59:20,681 - INFO - Fold 5 Validation Accuracy: 0.9333
2025-01-16 15:59:20,681 - INFO - Average Validation Accuracy (Over 5 folds): 0.9242 

2025-01-16 15:59:20,928 - INFO - Training with Vectorized Data 1000 features. Dropout Rate 0.56. Dataset Size 2400. 128 neurons. Leanring Rate 0.002
2025-01-16 15:59:20,928 - INFO - Training for fold 1/5
2025-01-16 15:59:21,026 - INFO - Epoch [1/100], Train Accuracy: 0.6953, Val Accuracy: 0.8896
2025-01-16 15:59:21,099 - INFO - Epoch [2/100], Train Accuracy: 0.9307, Val Accuracy: 0.8979
2025-01-16 15:59:21,168 - INFO - Epoch [3/100], Train Accuracy: 0.9641, Val Accuracy: 0.9187
2025-01-16 15:59:21,237 - INFO - Epoch [4/100], Train Accuracy: 0.9833, Val Accuracy: 0.9167
2025-01-16 15:59:21,308 - INFO - Epoch [5/100], Train Accuracy: 0.9901, Val Accuracy: 0.9167
2025-01-16 15:59:21,380 - INFO - Epoch [6/100], Train Accuracy: 0.9938, Val Accuracy: 0.9167
2025-01-16 15:59:21,452 - INFO - Epoch [7/100], Train Accuracy: 0.9948, Val Accuracy: 0.9187
2025-01-16 15:59:21,524 - INFO - Epoch [8/100], Train Accuracy: 0.9958, Val Accuracy: 0.9250
2025-01-16 15:59:21,593 - INFO - Epoch [9/100], Train Accuracy: 0.9969, Val Accuracy: 0.9187
2025-01-16 15:59:21,600 - INFO - Fold 1 Validation Accuracy: 0.9187
2025-01-16 15:59:21,600 - INFO - Training for fold 2/5
2025-01-16 15:59:21,679 - INFO - Epoch [1/100], Train Accuracy: 0.7193, Val Accuracy: 0.8896
2025-01-16 15:59:21,747 - INFO - Epoch [2/100], Train Accuracy: 0.9234, Val Accuracy: 0.9187
2025-01-16 15:59:21,817 - INFO - Epoch [3/100], Train Accuracy: 0.9661, Val Accuracy: 0.9313
2025-01-16 15:59:21,884 - INFO - Epoch [4/100], Train Accuracy: 0.9828, Val Accuracy: 0.9313
2025-01-16 15:59:21,953 - INFO - Epoch [5/100], Train Accuracy: 0.9906, Val Accuracy: 0.9271
2025-01-16 15:59:22,020 - INFO - Epoch [6/100], Train Accuracy: 0.9948, Val Accuracy: 0.9292
2025-01-16 15:59:22,087 - INFO - Epoch [7/100], Train Accuracy: 0.9964, Val Accuracy: 0.9292
2025-01-16 15:59:22,153 - INFO - Epoch [8/100], Train Accuracy: 0.9974, Val Accuracy: 0.9313
2025-01-16 15:59:22,218 - INFO - Epoch [9/100], Train Accuracy: 0.9974, Val Accuracy: 0.9333
2025-01-16 15:59:22,284 - INFO - Epoch [10/100], Train Accuracy: 0.9974, Val Accuracy: 0.9313
2025-01-16 15:59:22,351 - INFO - Epoch [11/100], Train Accuracy: 0.9974, Val Accuracy: 0.9375
2025-01-16 15:59:22,427 - INFO - Epoch [12/100], Train Accuracy: 0.9974, Val Accuracy: 0.9333
2025-01-16 15:59:22,435 - INFO - Fold 2 Validation Accuracy: 0.9333
2025-01-16 15:59:22,435 - INFO - Training for fold 3/5
2025-01-16 15:59:22,519 - INFO - Epoch [1/100], Train Accuracy: 0.7490, Val Accuracy: 0.9167
2025-01-16 15:59:22,587 - INFO - Epoch [2/100], Train Accuracy: 0.9260, Val Accuracy: 0.9354
2025-01-16 15:59:22,671 - INFO - Epoch [3/100], Train Accuracy: 0.9615, Val Accuracy: 0.9333
2025-01-16 15:59:22,739 - INFO - Epoch [4/100], Train Accuracy: 0.9802, Val Accuracy: 0.9417
2025-01-16 15:59:22,819 - INFO - Epoch [5/100], Train Accuracy: 0.9906, Val Accuracy: 0.9354
2025-01-16 15:59:22,926 - INFO - Epoch [6/100], Train Accuracy: 0.9938, Val Accuracy: 0.9375
2025-01-16 15:59:23,004 - INFO - Epoch [7/100], Train Accuracy: 0.9953, Val Accuracy: 0.9333
2025-01-16 15:59:23,011 - INFO - Fold 3 Validation Accuracy: 0.9333
2025-01-16 15:59:23,011 - INFO - Training for fold 4/5
2025-01-16 15:59:23,101 - INFO - Epoch [1/100], Train Accuracy: 0.7057, Val Accuracy: 0.8646
2025-01-16 15:59:23,178 - INFO - Epoch [2/100], Train Accuracy: 0.9328, Val Accuracy: 0.8875
2025-01-16 15:59:23,256 - INFO - Epoch [3/100], Train Accuracy: 0.9682, Val Accuracy: 0.8917
2025-01-16 15:59:23,338 - INFO - Epoch [4/100], Train Accuracy: 0.9870, Val Accuracy: 0.8938
2025-01-16 15:59:23,450 - INFO - Epoch [5/100], Train Accuracy: 0.9938, Val Accuracy: 0.8938
2025-01-16 15:59:23,527 - INFO - Epoch [6/100], Train Accuracy: 0.9974, Val Accuracy: 0.8854
2025-01-16 15:59:23,533 - INFO - Fold 4 Validation Accuracy: 0.8854
2025-01-16 15:59:23,533 - INFO - Training for fold 5/5
2025-01-16 15:59:23,640 - INFO - Epoch [1/100], Train Accuracy: 0.7391, Val Accuracy: 0.9062
2025-01-16 15:59:23,715 - INFO - Epoch [2/100], Train Accuracy: 0.9198, Val Accuracy: 0.9354
2025-01-16 15:59:23,801 - INFO - Epoch [3/100], Train Accuracy: 0.9604, Val Accuracy: 0.9396
2025-01-16 15:59:23,903 - INFO - Epoch [4/100], Train Accuracy: 0.9818, Val Accuracy: 0.9542
2025-01-16 15:59:23,991 - INFO - Epoch [5/100], Train Accuracy: 0.9896, Val Accuracy: 0.9521
2025-01-16 15:59:24,067 - INFO - Epoch [6/100], Train Accuracy: 0.9927, Val Accuracy: 0.9479
2025-01-16 15:59:24,147 - INFO - Epoch [7/100], Train Accuracy: 0.9948, Val Accuracy: 0.9458
2025-01-16 15:59:24,212 - INFO - Epoch [8/100], Train Accuracy: 0.9953, Val Accuracy: 0.9458
2025-01-16 15:59:24,219 - INFO - Fold 5 Validation Accuracy: 0.9458
2025-01-16 15:59:24,219 - INFO - Average Validation Accuracy (Over 5 folds): 0.9233 

2025-01-16 15:59:24,456 - INFO - Training with Vectorized Data 1000 features. Dropout Rate 0.56. Dataset Size 2400. 128 neurons. Leanring Rate 0.002
2025-01-16 15:59:24,456 - INFO - Training for fold 1/5
2025-01-16 15:59:24,561 - INFO - Epoch [1/100], Train Accuracy: 0.7401, Val Accuracy: 0.8875
2025-01-16 15:59:24,631 - INFO - Epoch [2/100], Train Accuracy: 0.9240, Val Accuracy: 0.9146
2025-01-16 15:59:24,714 - INFO - Epoch [3/100], Train Accuracy: 0.9615, Val Accuracy: 0.9208
2025-01-16 15:59:24,792 - INFO - Epoch [4/100], Train Accuracy: 0.9818, Val Accuracy: 0.9271
2025-01-16 15:59:24,881 - INFO - Epoch [5/100], Train Accuracy: 0.9911, Val Accuracy: 0.9187
2025-01-16 15:59:25,001 - INFO - Epoch [6/100], Train Accuracy: 0.9932, Val Accuracy: 0.9208
2025-01-16 15:59:25,121 - INFO - Epoch [7/100], Train Accuracy: 0.9943, Val Accuracy: 0.9187
2025-01-16 15:59:25,253 - INFO - Epoch [8/100], Train Accuracy: 0.9953, Val Accuracy: 0.9229
2025-01-16 15:59:25,261 - INFO - Fold 1 Validation Accuracy: 0.9229
2025-01-16 15:59:25,261 - INFO - Training for fold 2/5
2025-01-16 15:59:25,421 - INFO - Epoch [1/100], Train Accuracy: 0.6354, Val Accuracy: 0.8750
2025-01-16 15:59:25,546 - INFO - Epoch [2/100], Train Accuracy: 0.9250, Val Accuracy: 0.8979
2025-01-16 15:59:25,634 - INFO - Epoch [3/100], Train Accuracy: 0.9667, Val Accuracy: 0.9229
2025-01-16 15:59:25,709 - INFO - Epoch [4/100], Train Accuracy: 0.9844, Val Accuracy: 0.9125
2025-01-16 15:59:25,797 - INFO - Epoch [5/100], Train Accuracy: 0.9917, Val Accuracy: 0.9167
2025-01-16 15:59:25,940 - INFO - Epoch [6/100], Train Accuracy: 0.9948, Val Accuracy: 0.9208
2025-01-16 15:59:26,022 - INFO - Epoch [7/100], Train Accuracy: 0.9969, Val Accuracy: 0.9250
2025-01-16 15:59:26,102 - INFO - Epoch [8/100], Train Accuracy: 0.9974, Val Accuracy: 0.9167
2025-01-16 15:59:26,109 - INFO - Fold 2 Validation Accuracy: 0.9167
2025-01-16 15:59:26,109 - INFO - Training for fold 3/5
2025-01-16 15:59:26,199 - INFO - Epoch [1/100], Train Accuracy: 0.6422, Val Accuracy: 0.9021
2025-01-16 15:59:26,284 - INFO - Epoch [2/100], Train Accuracy: 0.9276, Val Accuracy: 0.9187
2025-01-16 15:59:26,387 - INFO - Epoch [3/100], Train Accuracy: 0.9641, Val Accuracy: 0.9333
2025-01-16 15:59:26,505 - INFO - Epoch [4/100], Train Accuracy: 0.9839, Val Accuracy: 0.9375
2025-01-16 15:59:26,602 - INFO - Epoch [5/100], Train Accuracy: 0.9932, Val Accuracy: 0.9354
2025-01-16 15:59:26,675 - INFO - Epoch [6/100], Train Accuracy: 0.9958, Val Accuracy: 0.9354
2025-01-16 15:59:26,781 - INFO - Epoch [7/100], Train Accuracy: 0.9974, Val Accuracy: 0.9333
2025-01-16 15:59:26,791 - INFO - Fold 3 Validation Accuracy: 0.9333
2025-01-16 15:59:26,791 - INFO - Training for fold 4/5
2025-01-16 15:59:26,908 - INFO - Epoch [1/100], Train Accuracy: 0.7047, Val Accuracy: 0.8500
2025-01-16 15:59:27,052 - INFO - Epoch [2/100], Train Accuracy: 0.9266, Val Accuracy: 0.8917
2025-01-16 15:59:27,137 - INFO - Epoch [3/100], Train Accuracy: 0.9661, Val Accuracy: 0.9104
2025-01-16 15:59:27,215 - INFO - Epoch [4/100], Train Accuracy: 0.9828, Val Accuracy: 0.9042
2025-01-16 15:59:27,299 - INFO - Epoch [5/100], Train Accuracy: 0.9896, Val Accuracy: 0.9104
2025-01-16 15:59:27,430 - INFO - Epoch [6/100], Train Accuracy: 0.9932, Val Accuracy: 0.9042
2025-01-16 15:59:27,515 - INFO - Epoch [7/100], Train Accuracy: 0.9948, Val Accuracy: 0.9167
2025-01-16 15:59:27,604 - INFO - Epoch [8/100], Train Accuracy: 0.9953, Val Accuracy: 0.9125
2025-01-16 15:59:27,611 - INFO - Fold 4 Validation Accuracy: 0.9125
2025-01-16 15:59:27,611 - INFO - Training for fold 5/5
2025-01-16 15:59:27,703 - INFO - Epoch [1/100], Train Accuracy: 0.7255, Val Accuracy: 0.9042
2025-01-16 15:59:27,788 - INFO - Epoch [2/100], Train Accuracy: 0.9240, Val Accuracy: 0.9271
2025-01-16 15:59:27,889 - INFO - Epoch [3/100], Train Accuracy: 0.9641, Val Accuracy: 0.9437
2025-01-16 15:59:28,021 - INFO - Epoch [4/100], Train Accuracy: 0.9807, Val Accuracy: 0.9396
2025-01-16 15:59:28,112 - INFO - Epoch [5/100], Train Accuracy: 0.9917, Val Accuracy: 0.9375
2025-01-16 15:59:28,189 - INFO - Epoch [6/100], Train Accuracy: 0.9948, Val Accuracy: 0.9333
2025-01-16 15:59:28,277 - INFO - Epoch [7/100], Train Accuracy: 0.9958, Val Accuracy: 0.9333
2025-01-16 15:59:28,286 - INFO - Fold 5 Validation Accuracy: 0.9333
2025-01-16 15:59:28,286 - INFO - Average Validation Accuracy (Over 5 folds): 0.9238 

2025-01-16 15:59:28,530 - INFO - Training with Vectorized Data 1000 features. Dropout Rate 0.56. Dataset Size 2400. 128 neurons. Leanring Rate 0.002
2025-01-16 15:59:28,531 - INFO - Training for fold 1/5
2025-01-16 15:59:28,618 - INFO - Epoch [1/100], Train Accuracy: 0.7531, Val Accuracy: 0.8646
2025-01-16 15:59:28,693 - INFO - Epoch [2/100], Train Accuracy: 0.9240, Val Accuracy: 0.8979
2025-01-16 15:59:28,807 - INFO - Epoch [3/100], Train Accuracy: 0.9693, Val Accuracy: 0.9104
2025-01-16 15:59:28,935 - INFO - Epoch [4/100], Train Accuracy: 0.9828, Val Accuracy: 0.9104
2025-01-16 15:59:29,034 - INFO - Epoch [5/100], Train Accuracy: 0.9901, Val Accuracy: 0.9062
2025-01-16 15:59:29,111 - INFO - Epoch [6/100], Train Accuracy: 0.9938, Val Accuracy: 0.9083
2025-01-16 15:59:29,183 - INFO - Epoch [7/100], Train Accuracy: 0.9958, Val Accuracy: 0.9042
2025-01-16 15:59:29,190 - INFO - Fold 1 Validation Accuracy: 0.9042
2025-01-16 15:59:29,190 - INFO - Training for fold 2/5
2025-01-16 15:59:29,275 - INFO - Epoch [1/100], Train Accuracy: 0.7109, Val Accuracy: 0.8958
2025-01-16 15:59:29,406 - INFO - Epoch [2/100], Train Accuracy: 0.9240, Val Accuracy: 0.9167
2025-01-16 15:59:29,510 - INFO - Epoch [3/100], Train Accuracy: 0.9661, Val Accuracy: 0.9292
2025-01-16 15:59:29,583 - INFO - Epoch [4/100], Train Accuracy: 0.9828, Val Accuracy: 0.9250
2025-01-16 15:59:29,662 - INFO - Epoch [5/100], Train Accuracy: 0.9896, Val Accuracy: 0.9167
2025-01-16 15:59:29,750 - INFO - Epoch [6/100], Train Accuracy: 0.9948, Val Accuracy: 0.9146
2025-01-16 15:59:29,838 - INFO - Epoch [7/100], Train Accuracy: 0.9969, Val Accuracy: 0.9125
2025-01-16 15:59:29,845 - INFO - Fold 2 Validation Accuracy: 0.9125
2025-01-16 15:59:29,845 - INFO - Training for fold 3/5
2025-01-16 15:59:29,957 - INFO - Epoch [1/100], Train Accuracy: 0.6786, Val Accuracy: 0.8729
2025-01-16 15:59:30,062 - INFO - Epoch [2/100], Train Accuracy: 0.9292, Val Accuracy: 0.8896
2025-01-16 15:59:30,143 - INFO - Epoch [3/100], Train Accuracy: 0.9630, Val Accuracy: 0.9125
2025-01-16 15:59:30,209 - INFO - Epoch [4/100], Train Accuracy: 0.9854, Val Accuracy: 0.9208
2025-01-16 15:59:30,289 - INFO - Epoch [5/100], Train Accuracy: 0.9932, Val Accuracy: 0.9187
2025-01-16 15:59:30,396 - INFO - Epoch [6/100], Train Accuracy: 0.9958, Val Accuracy: 0.9187
2025-01-16 15:59:30,484 - INFO - Epoch [7/100], Train Accuracy: 0.9958, Val Accuracy: 0.9062
2025-01-16 15:59:30,491 - INFO - Fold 3 Validation Accuracy: 0.9062
2025-01-16 15:59:30,491 - INFO - Training for fold 4/5
2025-01-16 15:59:30,592 - INFO - Epoch [1/100], Train Accuracy: 0.6865, Val Accuracy: 0.8958
2025-01-16 15:59:30,700 - INFO - Epoch [2/100], Train Accuracy: 0.9240, Val Accuracy: 0.9187
2025-01-16 15:59:30,810 - INFO - Epoch [3/100], Train Accuracy: 0.9609, Val Accuracy: 0.9250
2025-01-16 15:59:30,906 - INFO - Epoch [4/100], Train Accuracy: 0.9828, Val Accuracy: 0.9292
2025-01-16 15:59:31,012 - INFO - Epoch [5/100], Train Accuracy: 0.9880, Val Accuracy: 0.9271
2025-01-16 15:59:31,137 - INFO - Epoch [6/100], Train Accuracy: 0.9948, Val Accuracy: 0.9292
2025-01-16 15:59:31,223 - INFO - Epoch [7/100], Train Accuracy: 0.9964, Val Accuracy: 0.9271
2025-01-16 15:59:31,318 - INFO - Epoch [8/100], Train Accuracy: 0.9969, Val Accuracy: 0.9271
2025-01-16 15:59:31,412 - INFO - Epoch [9/100], Train Accuracy: 0.9974, Val Accuracy: 0.9313
2025-01-16 15:59:31,505 - INFO - Epoch [10/100], Train Accuracy: 0.9974, Val Accuracy: 0.9208
2025-01-16 15:59:31,513 - INFO - Fold 4 Validation Accuracy: 0.9208
2025-01-16 15:59:31,513 - INFO - Training for fold 5/5
2025-01-16 15:59:31,634 - INFO - Epoch [1/100], Train Accuracy: 0.7099, Val Accuracy: 0.9125
2025-01-16 15:59:31,725 - INFO - Epoch [2/100], Train Accuracy: 0.9260, Val Accuracy: 0.9271
2025-01-16 15:59:31,844 - INFO - Epoch [3/100], Train Accuracy: 0.9620, Val Accuracy: 0.9375
2025-01-16 15:59:31,931 - INFO - Epoch [4/100], Train Accuracy: 0.9854, Val Accuracy: 0.9417
2025-01-16 15:59:32,026 - INFO - Epoch [5/100], Train Accuracy: 0.9906, Val Accuracy: 0.9396
2025-01-16 15:59:32,099 - INFO - Epoch [6/100], Train Accuracy: 0.9948, Val Accuracy: 0.9417
2025-01-16 15:59:32,168 - INFO - Epoch [7/100], Train Accuracy: 0.9964, Val Accuracy: 0.9437
2025-01-16 15:59:32,245 - INFO - Epoch [8/100], Train Accuracy: 0.9979, Val Accuracy: 0.9354
2025-01-16 15:59:32,253 - INFO - Fold 5 Validation Accuracy: 0.9354
2025-01-16 15:59:32,253 - INFO - Average Validation Accuracy (Over 5 folds): 0.9158 

2025-01-16 15:59:32,485 - INFO - Training with Vectorized Data 1000 features. Dropout Rate 0.56. Dataset Size 2400. 128 neurons. Leanring Rate 0.002
2025-01-16 15:59:32,486 - INFO - Training for fold 1/5
2025-01-16 15:59:32,582 - INFO - Epoch [1/100], Train Accuracy: 0.7016, Val Accuracy: 0.8833
2025-01-16 15:59:32,669 - INFO - Epoch [2/100], Train Accuracy: 0.9266, Val Accuracy: 0.9146
2025-01-16 15:59:32,757 - INFO - Epoch [3/100], Train Accuracy: 0.9698, Val Accuracy: 0.9250
2025-01-16 15:59:32,853 - INFO - Epoch [4/100], Train Accuracy: 0.9870, Val Accuracy: 0.9229
2025-01-16 15:59:32,991 - INFO - Epoch [5/100], Train Accuracy: 0.9922, Val Accuracy: 0.9292
2025-01-16 15:59:33,089 - INFO - Epoch [6/100], Train Accuracy: 0.9953, Val Accuracy: 0.9208
2025-01-16 15:59:33,096 - INFO - Fold 1 Validation Accuracy: 0.9208
2025-01-16 15:59:33,096 - INFO - Training for fold 2/5
2025-01-16 15:59:33,235 - INFO - Epoch [1/100], Train Accuracy: 0.6526, Val Accuracy: 0.9000
2025-01-16 15:59:33,348 - INFO - Epoch [2/100], Train Accuracy: 0.9271, Val Accuracy: 0.9187
2025-01-16 15:59:33,458 - INFO - Epoch [3/100], Train Accuracy: 0.9599, Val Accuracy: 0.9375
2025-01-16 15:59:33,533 - INFO - Epoch [4/100], Train Accuracy: 0.9786, Val Accuracy: 0.9437
2025-01-16 15:59:33,616 - INFO - Epoch [5/100], Train Accuracy: 0.9911, Val Accuracy: 0.9417
2025-01-16 15:59:33,707 - INFO - Epoch [6/100], Train Accuracy: 0.9943, Val Accuracy: 0.9396
2025-01-16 15:59:33,789 - INFO - Epoch [7/100], Train Accuracy: 0.9943, Val Accuracy: 0.9354
2025-01-16 15:59:33,873 - INFO - Epoch [8/100], Train Accuracy: 0.9964, Val Accuracy: 0.9375
2025-01-16 15:59:33,893 - INFO - Fold 2 Validation Accuracy: 0.9375
2025-01-16 15:59:33,893 - INFO - Training for fold 3/5
2025-01-16 15:59:34,005 - INFO - Epoch [1/100], Train Accuracy: 0.6776, Val Accuracy: 0.8521
2025-01-16 15:59:34,085 - INFO - Epoch [2/100], Train Accuracy: 0.9229, Val Accuracy: 0.8979
2025-01-16 15:59:34,163 - INFO - Epoch [3/100], Train Accuracy: 0.9635, Val Accuracy: 0.9021
2025-01-16 15:59:34,261 - INFO - Epoch [4/100], Train Accuracy: 0.9859, Val Accuracy: 0.8979
2025-01-16 15:59:34,392 - INFO - Epoch [5/100], Train Accuracy: 0.9906, Val Accuracy: 0.9062
2025-01-16 15:59:34,492 - INFO - Epoch [6/100], Train Accuracy: 0.9953, Val Accuracy: 0.9021
2025-01-16 15:59:34,498 - INFO - Fold 3 Validation Accuracy: 0.9021
2025-01-16 15:59:34,498 - INFO - Training for fold 4/5
2025-01-16 15:59:34,598 - INFO - Epoch [1/100], Train Accuracy: 0.6651, Val Accuracy: 0.8917
2025-01-16 15:59:34,678 - INFO - Epoch [2/100], Train Accuracy: 0.9234, Val Accuracy: 0.9104
2025-01-16 15:59:34,763 - INFO - Epoch [3/100], Train Accuracy: 0.9646, Val Accuracy: 0.9146
2025-01-16 15:59:34,865 - INFO - Epoch [4/100], Train Accuracy: 0.9833, Val Accuracy: 0.8979
2025-01-16 15:59:34,874 - INFO - Fold 4 Validation Accuracy: 0.8979
2025-01-16 15:59:34,874 - INFO - Training for fold 5/5
2025-01-16 15:59:35,010 - INFO - Epoch [1/100], Train Accuracy: 0.7266, Val Accuracy: 0.9083
2025-01-16 15:59:35,098 - INFO - Epoch [2/100], Train Accuracy: 0.9224, Val Accuracy: 0.9271
2025-01-16 15:59:35,199 - INFO - Epoch [3/100], Train Accuracy: 0.9615, Val Accuracy: 0.9354
2025-01-16 15:59:35,288 - INFO - Epoch [4/100], Train Accuracy: 0.9802, Val Accuracy: 0.9375
2025-01-16 15:59:35,371 - INFO - Epoch [5/100], Train Accuracy: 0.9911, Val Accuracy: 0.9354
2025-01-16 15:59:35,476 - INFO - Epoch [6/100], Train Accuracy: 0.9948, Val Accuracy: 0.9375
2025-01-16 15:59:35,557 - INFO - Epoch [7/100], Train Accuracy: 0.9964, Val Accuracy: 0.9292
2025-01-16 15:59:35,564 - INFO - Fold 5 Validation Accuracy: 0.9292
2025-01-16 15:59:35,564 - INFO - Average Validation Accuracy (Over 5 folds): 0.9175 

2025-01-16 15:59:35,799 - INFO - Training with Vectorized Data 1000 features. Dropout Rate 0.56. Dataset Size 2400. 128 neurons. Leanring Rate 0.002
2025-01-16 15:59:35,799 - INFO - Training for fold 1/5
2025-01-16 15:59:35,929 - INFO - Epoch [1/100], Train Accuracy: 0.6734, Val Accuracy: 0.9062
2025-01-16 15:59:36,020 - INFO - Epoch [2/100], Train Accuracy: 0.9214, Val Accuracy: 0.9313
2025-01-16 15:59:36,097 - INFO - Epoch [3/100], Train Accuracy: 0.9615, Val Accuracy: 0.9354
2025-01-16 15:59:36,177 - INFO - Epoch [4/100], Train Accuracy: 0.9854, Val Accuracy: 0.9313
2025-01-16 15:59:36,279 - INFO - Epoch [5/100], Train Accuracy: 0.9927, Val Accuracy: 0.9250
2025-01-16 15:59:36,407 - INFO - Epoch [6/100], Train Accuracy: 0.9964, Val Accuracy: 0.9187
2025-01-16 15:59:36,418 - INFO - Fold 1 Validation Accuracy: 0.9187
2025-01-16 15:59:36,419 - INFO - Training for fold 2/5
2025-01-16 15:59:36,546 - INFO - Epoch [1/100], Train Accuracy: 0.7208, Val Accuracy: 0.8583
2025-01-16 15:59:36,626 - INFO - Epoch [2/100], Train Accuracy: 0.9271, Val Accuracy: 0.8729
2025-01-16 15:59:36,704 - INFO - Epoch [3/100], Train Accuracy: 0.9615, Val Accuracy: 0.9062
2025-01-16 15:59:36,805 - INFO - Epoch [4/100], Train Accuracy: 0.9828, Val Accuracy: 0.9042
2025-01-16 15:59:36,902 - INFO - Epoch [5/100], Train Accuracy: 0.9911, Val Accuracy: 0.9083
2025-01-16 15:59:37,024 - INFO - Epoch [6/100], Train Accuracy: 0.9932, Val Accuracy: 0.9104
2025-01-16 15:59:37,098 - INFO - Epoch [7/100], Train Accuracy: 0.9958, Val Accuracy: 0.9125
2025-01-16 15:59:37,186 - INFO - Epoch [8/100], Train Accuracy: 0.9964, Val Accuracy: 0.9104
2025-01-16 15:59:37,281 - INFO - Epoch [9/100], Train Accuracy: 0.9964, Val Accuracy: 0.9083
2025-01-16 15:59:37,289 - INFO - Fold 2 Validation Accuracy: 0.9083
2025-01-16 15:59:37,289 - INFO - Training for fold 3/5
2025-01-16 15:59:37,381 - INFO - Epoch [1/100], Train Accuracy: 0.6875, Val Accuracy: 0.8979
2025-01-16 15:59:37,506 - INFO - Epoch [2/100], Train Accuracy: 0.9250, Val Accuracy: 0.9250
2025-01-16 15:59:37,578 - INFO - Epoch [3/100], Train Accuracy: 0.9620, Val Accuracy: 0.9437
2025-01-16 15:59:37,664 - INFO - Epoch [4/100], Train Accuracy: 0.9823, Val Accuracy: 0.9313
2025-01-16 15:59:37,748 - INFO - Epoch [5/100], Train Accuracy: 0.9891, Val Accuracy: 0.9417
2025-01-16 15:59:37,835 - INFO - Epoch [6/100], Train Accuracy: 0.9953, Val Accuracy: 0.9375
2025-01-16 15:59:37,845 - INFO - Fold 3 Validation Accuracy: 0.9375
2025-01-16 15:59:37,845 - INFO - Training for fold 4/5
2025-01-16 15:59:37,990 - INFO - Epoch [1/100], Train Accuracy: 0.6714, Val Accuracy: 0.8896
2025-01-16 15:59:38,083 - INFO - Epoch [2/100], Train Accuracy: 0.9182, Val Accuracy: 0.9146
2025-01-16 15:59:38,174 - INFO - Epoch [3/100], Train Accuracy: 0.9620, Val Accuracy: 0.9187
2025-01-16 15:59:38,272 - INFO - Epoch [4/100], Train Accuracy: 0.9828, Val Accuracy: 0.9167
2025-01-16 15:59:38,369 - INFO - Epoch [5/100], Train Accuracy: 0.9911, Val Accuracy: 0.9146
2025-01-16 15:59:38,483 - INFO - Epoch [6/100], Train Accuracy: 0.9943, Val Accuracy: 0.9187
2025-01-16 15:59:38,590 - INFO - Epoch [7/100], Train Accuracy: 0.9953, Val Accuracy: 0.9167
2025-01-16 15:59:38,663 - INFO - Epoch [8/100], Train Accuracy: 0.9964, Val Accuracy: 0.9167
2025-01-16 15:59:38,731 - INFO - Epoch [9/100], Train Accuracy: 0.9964, Val Accuracy: 0.9187
2025-01-16 15:59:38,844 - INFO - Epoch [10/100], Train Accuracy: 0.9969, Val Accuracy: 0.9167
2025-01-16 15:59:38,952 - INFO - Epoch [11/100], Train Accuracy: 0.9974, Val Accuracy: 0.9187
2025-01-16 15:59:39,041 - INFO - Epoch [12/100], Train Accuracy: 0.9974, Val Accuracy: 0.9187
2025-01-16 15:59:39,118 - INFO - Epoch [13/100], Train Accuracy: 0.9974, Val Accuracy: 0.9167
2025-01-16 15:59:39,204 - INFO - Epoch [14/100], Train Accuracy: 0.9974, Val Accuracy: 0.9187
2025-01-16 15:59:39,290 - INFO - Epoch [15/100], Train Accuracy: 0.9974, Val Accuracy: 0.9187
2025-01-16 15:59:39,380 - INFO - Epoch [16/100], Train Accuracy: 0.9974, Val Accuracy: 0.9187
2025-01-16 15:59:39,492 - INFO - Epoch [17/100], Train Accuracy: 0.9974, Val Accuracy: 0.9187
2025-01-16 15:59:39,580 - INFO - Epoch [18/100], Train Accuracy: 0.9974, Val Accuracy: 0.9187
2025-01-16 15:59:39,656 - INFO - Epoch [19/100], Train Accuracy: 0.9974, Val Accuracy: 0.9187
2025-01-16 15:59:39,723 - INFO - Epoch [20/100], Train Accuracy: 0.9974, Val Accuracy: 0.9187
2025-01-16 15:59:39,803 - INFO - Epoch [21/100], Train Accuracy: 0.9974, Val Accuracy: 0.9187
2025-01-16 15:59:39,917 - INFO - Epoch [22/100], Train Accuracy: 0.9974, Val Accuracy: 0.9187
2025-01-16 15:59:39,999 - INFO - Epoch [23/100], Train Accuracy: 0.9974, Val Accuracy: 0.9187
2025-01-16 15:59:40,074 - INFO - Epoch [24/100], Train Accuracy: 0.9974, Val Accuracy: 0.9187
2025-01-16 15:59:40,162 - INFO - Epoch [25/100], Train Accuracy: 0.9974, Val Accuracy: 0.9187
2025-01-16 15:59:40,252 - INFO - Epoch [26/100], Train Accuracy: 0.9974, Val Accuracy: 0.9187
2025-01-16 15:59:40,349 - INFO - Epoch [27/100], Train Accuracy: 0.9974, Val Accuracy: 0.9187
2025-01-16 15:59:40,483 - INFO - Epoch [28/100], Train Accuracy: 0.9974, Val Accuracy: 0.9187
2025-01-16 15:59:40,590 - INFO - Epoch [29/100], Train Accuracy: 0.9974, Val Accuracy: 0.9187
2025-01-16 15:59:40,666 - INFO - Epoch [30/100], Train Accuracy: 0.9974, Val Accuracy: 0.9187
2025-01-16 15:59:40,750 - INFO - Epoch [31/100], Train Accuracy: 0.9974, Val Accuracy: 0.9187
2025-01-16 15:59:40,838 - INFO - Epoch [32/100], Train Accuracy: 0.9974, Val Accuracy: 0.9187
2025-01-16 15:59:40,930 - INFO - Epoch [33/100], Train Accuracy: 0.9974, Val Accuracy: 0.9187
2025-01-16 15:59:41,070 - INFO - Epoch [34/100], Train Accuracy: 0.9974, Val Accuracy: 0.9187
2025-01-16 15:59:41,143 - INFO - Epoch [35/100], Train Accuracy: 0.9974, Val Accuracy: 0.9187
2025-01-16 15:59:41,217 - INFO - Epoch [36/100], Train Accuracy: 0.9974, Val Accuracy: 0.9187
2025-01-16 15:59:41,295 - INFO - Epoch [37/100], Train Accuracy: 0.9974, Val Accuracy: 0.9187
2025-01-16 15:59:41,436 - INFO - Epoch [38/100], Train Accuracy: 0.9974, Val Accuracy: 0.9187
2025-01-16 15:59:41,563 - INFO - Epoch [39/100], Train Accuracy: 0.9974, Val Accuracy: 0.9187
2025-01-16 15:59:41,635 - INFO - Epoch [40/100], Train Accuracy: 0.9974, Val Accuracy: 0.9167
2025-01-16 15:59:41,705 - INFO - Epoch [41/100], Train Accuracy: 0.9974, Val Accuracy: 0.9187
2025-01-16 15:59:41,776 - INFO - Epoch [42/100], Train Accuracy: 0.9974, Val Accuracy: 0.9187
2025-01-16 15:59:41,850 - INFO - Epoch [43/100], Train Accuracy: 0.9974, Val Accuracy: 0.9187
2025-01-16 15:59:41,986 - INFO - Epoch [44/100], Train Accuracy: 0.9974, Val Accuracy: 0.9187
2025-01-16 15:59:42,083 - INFO - Epoch [45/100], Train Accuracy: 0.9974, Val Accuracy: 0.9187
2025-01-16 15:59:42,167 - INFO - Epoch [46/100], Train Accuracy: 0.9974, Val Accuracy: 0.9187
2025-01-16 15:59:42,243 - INFO - Epoch [47/100], Train Accuracy: 0.9974, Val Accuracy: 0.9146
2025-01-16 15:59:42,251 - INFO - Fold 4 Validation Accuracy: 0.9146
2025-01-16 15:59:42,251 - INFO - Training for fold 5/5
2025-01-16 15:59:42,358 - INFO - Epoch [1/100], Train Accuracy: 0.6990, Val Accuracy: 0.8583
2025-01-16 15:59:42,455 - INFO - Epoch [2/100], Train Accuracy: 0.9161, Val Accuracy: 0.9229
2025-01-16 15:59:42,586 - INFO - Epoch [3/100], Train Accuracy: 0.9609, Val Accuracy: 0.9333
2025-01-16 15:59:42,754 - INFO - Epoch [4/100], Train Accuracy: 0.9828, Val Accuracy: 0.9333
2025-01-16 15:59:42,847 - INFO - Epoch [5/100], Train Accuracy: 0.9901, Val Accuracy: 0.9354
2025-01-16 15:59:42,995 - INFO - Epoch [6/100], Train Accuracy: 0.9969, Val Accuracy: 0.9375
2025-01-16 15:59:43,087 - INFO - Epoch [7/100], Train Accuracy: 0.9969, Val Accuracy: 0.9354
2025-01-16 15:59:43,168 - INFO - Epoch [8/100], Train Accuracy: 0.9979, Val Accuracy: 0.9354
2025-01-16 15:59:43,242 - INFO - Epoch [9/100], Train Accuracy: 0.9979, Val Accuracy: 0.9375
2025-01-16 15:59:43,329 - INFO - Epoch [10/100], Train Accuracy: 0.9979, Val Accuracy: 0.9375
2025-01-16 15:59:43,461 - INFO - Epoch [11/100], Train Accuracy: 0.9979, Val Accuracy: 0.9375
2025-01-16 15:59:43,554 - INFO - Epoch [12/100], Train Accuracy: 0.9979, Val Accuracy: 0.9375
2025-01-16 15:59:43,636 - INFO - Epoch [13/100], Train Accuracy: 0.9984, Val Accuracy: 0.9375
2025-01-16 15:59:43,716 - INFO - Epoch [14/100], Train Accuracy: 0.9990, Val Accuracy: 0.9375
2025-01-16 15:59:43,790 - INFO - Epoch [15/100], Train Accuracy: 0.9990, Val Accuracy: 0.9375
2025-01-16 15:59:43,884 - INFO - Epoch [16/100], Train Accuracy: 0.9990, Val Accuracy: 0.9375
2025-01-16 15:59:44,026 - INFO - Epoch [17/100], Train Accuracy: 0.9990, Val Accuracy: 0.9375
2025-01-16 15:59:44,115 - INFO - Epoch [18/100], Train Accuracy: 0.9990, Val Accuracy: 0.9375
2025-01-16 15:59:44,186 - INFO - Epoch [19/100], Train Accuracy: 0.9990, Val Accuracy: 0.9375
2025-01-16 15:59:44,275 - INFO - Epoch [20/100], Train Accuracy: 0.9990, Val Accuracy: 0.9354
2025-01-16 15:59:44,373 - INFO - Epoch [21/100], Train Accuracy: 0.9990, Val Accuracy: 0.9396
2025-01-16 15:59:44,463 - INFO - Epoch [22/100], Train Accuracy: 0.9990, Val Accuracy: 0.9375
2025-01-16 15:59:44,586 - INFO - Epoch [23/100], Train Accuracy: 0.9990, Val Accuracy: 0.9354
2025-01-16 15:59:44,592 - INFO - Fold 5 Validation Accuracy: 0.9354
2025-01-16 15:59:44,593 - INFO - Average Validation Accuracy (Over 5 folds): 0.9229 

2025-01-16 15:59:44,823 - INFO - Training with Vectorized Data 1000 features. Dropout Rate 0.56. Dataset Size 2400. 128 neurons. Leanring Rate 0.002
2025-01-16 15:59:44,824 - INFO - Training for fold 1/5
2025-01-16 15:59:44,942 - INFO - Epoch [1/100], Train Accuracy: 0.7365, Val Accuracy: 0.8917
2025-01-16 15:59:45,030 - INFO - Epoch [2/100], Train Accuracy: 0.9271, Val Accuracy: 0.9208
2025-01-16 15:59:45,105 - INFO - Epoch [3/100], Train Accuracy: 0.9589, Val Accuracy: 0.9250
2025-01-16 15:59:45,179 - INFO - Epoch [4/100], Train Accuracy: 0.9818, Val Accuracy: 0.9354
2025-01-16 15:59:45,256 - INFO - Epoch [5/100], Train Accuracy: 0.9891, Val Accuracy: 0.9313
2025-01-16 15:59:45,362 - INFO - Epoch [6/100], Train Accuracy: 0.9927, Val Accuracy: 0.9292
2025-01-16 15:59:45,458 - INFO - Epoch [7/100], Train Accuracy: 0.9953, Val Accuracy: 0.9250
2025-01-16 15:59:45,466 - INFO - Fold 1 Validation Accuracy: 0.9250
2025-01-16 15:59:45,466 - INFO - Training for fold 2/5
2025-01-16 15:59:45,615 - INFO - Epoch [1/100], Train Accuracy: 0.5885, Val Accuracy: 0.8771
2025-01-16 15:59:45,699 - INFO - Epoch [2/100], Train Accuracy: 0.9271, Val Accuracy: 0.9083
2025-01-16 15:59:45,787 - INFO - Epoch [3/100], Train Accuracy: 0.9630, Val Accuracy: 0.9187
2025-01-16 15:59:45,881 - INFO - Epoch [4/100], Train Accuracy: 0.9849, Val Accuracy: 0.9292
2025-01-16 15:59:45,961 - INFO - Epoch [5/100], Train Accuracy: 0.9938, Val Accuracy: 0.9146
2025-01-16 15:59:46,093 - INFO - Epoch [6/100], Train Accuracy: 0.9953, Val Accuracy: 0.9187
2025-01-16 15:59:46,100 - INFO - Fold 2 Validation Accuracy: 0.9187
2025-01-16 15:59:46,100 - INFO - Training for fold 3/5
2025-01-16 15:59:46,192 - INFO - Epoch [1/100], Train Accuracy: 0.7219, Val Accuracy: 0.8833
2025-01-16 15:59:46,273 - INFO - Epoch [2/100], Train Accuracy: 0.9276, Val Accuracy: 0.9042
2025-01-16 15:59:46,404 - INFO - Epoch [3/100], Train Accuracy: 0.9583, Val Accuracy: 0.9313
2025-01-16 15:59:46,526 - INFO - Epoch [4/100], Train Accuracy: 0.9807, Val Accuracy: 0.9333
2025-01-16 15:59:46,608 - INFO - Epoch [5/100], Train Accuracy: 0.9896, Val Accuracy: 0.9313
2025-01-16 15:59:46,688 - INFO - Epoch [6/100], Train Accuracy: 0.9938, Val Accuracy: 0.9313
2025-01-16 15:59:46,769 - INFO - Epoch [7/100], Train Accuracy: 0.9969, Val Accuracy: 0.9208
2025-01-16 15:59:46,776 - INFO - Fold 3 Validation Accuracy: 0.9208
2025-01-16 15:59:46,776 - INFO - Training for fold 4/5
2025-01-16 15:59:46,875 - INFO - Epoch [1/100], Train Accuracy: 0.6651, Val Accuracy: 0.8750
2025-01-16 15:59:46,986 - INFO - Epoch [2/100], Train Accuracy: 0.9177, Val Accuracy: 0.9042
2025-01-16 15:59:47,068 - INFO - Epoch [3/100], Train Accuracy: 0.9630, Val Accuracy: 0.9292
2025-01-16 15:59:47,174 - INFO - Epoch [4/100], Train Accuracy: 0.9812, Val Accuracy: 0.9271
2025-01-16 15:59:47,260 - INFO - Epoch [5/100], Train Accuracy: 0.9891, Val Accuracy: 0.9271
2025-01-16 15:59:47,343 - INFO - Epoch [6/100], Train Accuracy: 0.9932, Val Accuracy: 0.9333
2025-01-16 15:59:47,446 - INFO - Epoch [7/100], Train Accuracy: 0.9964, Val Accuracy: 0.9271
2025-01-16 15:59:47,477 - INFO - Fold 4 Validation Accuracy: 0.9271
2025-01-16 15:59:47,477 - INFO - Training for fold 5/5
2025-01-16 15:59:47,587 - INFO - Epoch [1/100], Train Accuracy: 0.6625, Val Accuracy: 0.8854
2025-01-16 15:59:47,667 - INFO - Epoch [2/100], Train Accuracy: 0.9281, Val Accuracy: 0.9208
2025-01-16 15:59:47,760 - INFO - Epoch [3/100], Train Accuracy: 0.9682, Val Accuracy: 0.9187
2025-01-16 15:59:47,861 - INFO - Epoch [4/100], Train Accuracy: 0.9839, Val Accuracy: 0.9208
2025-01-16 15:59:47,959 - INFO - Epoch [5/100], Train Accuracy: 0.9922, Val Accuracy: 0.9125
2025-01-16 15:59:48,097 - INFO - Epoch [6/100], Train Accuracy: 0.9958, Val Accuracy: 0.9125
2025-01-16 15:59:48,110 - INFO - Fold 5 Validation Accuracy: 0.9125
2025-01-16 15:59:48,110 - INFO - Average Validation Accuracy (Over 5 folds): 0.9208 

2025-01-16 15:59:48,349 - INFO - Training with Vectorized Data 1000 features. Dropout Rate 0.56. Dataset Size 2400. 128 neurons. Leanring Rate 0.002
2025-01-16 15:59:48,349 - INFO - Training for fold 1/5
2025-01-16 15:59:48,444 - INFO - Epoch [1/100], Train Accuracy: 0.6620, Val Accuracy: 0.9021
2025-01-16 15:59:48,580 - INFO - Epoch [2/100], Train Accuracy: 0.9250, Val Accuracy: 0.9187
2025-01-16 15:59:48,660 - INFO - Epoch [3/100], Train Accuracy: 0.9651, Val Accuracy: 0.9271
2025-01-16 15:59:48,745 - INFO - Epoch [4/100], Train Accuracy: 0.9823, Val Accuracy: 0.9250
2025-01-16 15:59:48,844 - INFO - Epoch [5/100], Train Accuracy: 0.9911, Val Accuracy: 0.9271
2025-01-16 15:59:48,975 - INFO - Epoch [6/100], Train Accuracy: 0.9948, Val Accuracy: 0.9208
2025-01-16 15:59:49,083 - INFO - Epoch [7/100], Train Accuracy: 0.9958, Val Accuracy: 0.9208
2025-01-16 15:59:49,090 - INFO - Fold 1 Validation Accuracy: 0.9208
2025-01-16 15:59:49,090 - INFO - Training for fold 2/5
2025-01-16 15:59:49,175 - INFO - Epoch [1/100], Train Accuracy: 0.6604, Val Accuracy: 0.9187
2025-01-16 15:59:49,258 - INFO - Epoch [2/100], Train Accuracy: 0.9146, Val Accuracy: 0.9437
2025-01-16 15:59:49,342 - INFO - Epoch [3/100], Train Accuracy: 0.9615, Val Accuracy: 0.9479
2025-01-16 15:59:49,454 - INFO - Epoch [4/100], Train Accuracy: 0.9797, Val Accuracy: 0.9333
2025-01-16 15:59:49,547 - INFO - Epoch [5/100], Train Accuracy: 0.9906, Val Accuracy: 0.9354
2025-01-16 15:59:49,623 - INFO - Epoch [6/100], Train Accuracy: 0.9938, Val Accuracy: 0.9375
2025-01-16 15:59:49,700 - INFO - Epoch [7/100], Train Accuracy: 0.9964, Val Accuracy: 0.9354
2025-01-16 15:59:49,708 - INFO - Fold 2 Validation Accuracy: 0.9354
2025-01-16 15:59:49,709 - INFO - Training for fold 3/5
2025-01-16 15:59:49,810 - INFO - Epoch [1/100], Train Accuracy: 0.6526, Val Accuracy: 0.8854
2025-01-16 15:59:49,899 - INFO - Epoch [2/100], Train Accuracy: 0.9245, Val Accuracy: 0.9104
2025-01-16 15:59:50,040 - INFO - Epoch [3/100], Train Accuracy: 0.9646, Val Accuracy: 0.9125
2025-01-16 15:59:50,134 - INFO - Epoch [4/100], Train Accuracy: 0.9839, Val Accuracy: 0.9167
2025-01-16 15:59:50,225 - INFO - Epoch [5/100], Train Accuracy: 0.9891, Val Accuracy: 0.9271
2025-01-16 15:59:50,308 - INFO - Epoch [6/100], Train Accuracy: 0.9943, Val Accuracy: 0.9229
2025-01-16 15:59:50,392 - INFO - Epoch [7/100], Train Accuracy: 0.9948, Val Accuracy: 0.9292
2025-01-16 15:59:50,504 - INFO - Epoch [8/100], Train Accuracy: 0.9964, Val Accuracy: 0.9208
2025-01-16 15:59:50,511 - INFO - Fold 3 Validation Accuracy: 0.9208
2025-01-16 15:59:50,511 - INFO - Training for fold 4/5
2025-01-16 15:59:50,606 - INFO - Epoch [1/100], Train Accuracy: 0.6922, Val Accuracy: 0.8792
2025-01-16 15:59:50,690 - INFO - Epoch [2/100], Train Accuracy: 0.9271, Val Accuracy: 0.9021
2025-01-16 15:59:50,779 - INFO - Epoch [3/100], Train Accuracy: 0.9625, Val Accuracy: 0.8979
2025-01-16 15:59:50,874 - INFO - Epoch [4/100], Train Accuracy: 0.9828, Val Accuracy: 0.9083
2025-01-16 15:59:50,985 - INFO - Epoch [5/100], Train Accuracy: 0.9917, Val Accuracy: 0.9167
2025-01-16 15:59:51,077 - INFO - Epoch [6/100], Train Accuracy: 0.9948, Val Accuracy: 0.9062
2025-01-16 15:59:51,176 - INFO - Epoch [7/100], Train Accuracy: 0.9974, Val Accuracy: 0.9125
2025-01-16 15:59:51,184 - INFO - Fold 4 Validation Accuracy: 0.9125
2025-01-16 15:59:51,185 - INFO - Training for fold 5/5
2025-01-16 15:59:51,274 - INFO - Epoch [1/100], Train Accuracy: 0.7208, Val Accuracy: 0.8625
2025-01-16 15:59:51,368 - INFO - Epoch [2/100], Train Accuracy: 0.9141, Val Accuracy: 0.9083
2025-01-16 15:59:51,500 - INFO - Epoch [3/100], Train Accuracy: 0.9646, Val Accuracy: 0.9229
2025-01-16 15:59:51,587 - INFO - Epoch [4/100], Train Accuracy: 0.9823, Val Accuracy: 0.9125
2025-01-16 15:59:51,679 - INFO - Epoch [5/100], Train Accuracy: 0.9901, Val Accuracy: 0.9125
2025-01-16 15:59:51,753 - INFO - Epoch [6/100], Train Accuracy: 0.9943, Val Accuracy: 0.9187
2025-01-16 15:59:51,835 - INFO - Epoch [7/100], Train Accuracy: 0.9964, Val Accuracy: 0.9208
2025-01-16 15:59:51,916 - INFO - Epoch [8/100], Train Accuracy: 0.9969, Val Accuracy: 0.9167
2025-01-16 15:59:51,924 - INFO - Fold 5 Validation Accuracy: 0.9167
2025-01-16 15:59:51,924 - INFO - Average Validation Accuracy (Over 5 folds): 0.9213 

2025-01-16 15:59:52,158 - INFO - Training with Vectorized Data 1000 features. Dropout Rate 0.56. Dataset Size 2400. 128 neurons. Leanring Rate 0.002
2025-01-16 15:59:52,159 - INFO - Training for fold 1/5
2025-01-16 15:59:52,236 - INFO - Epoch [1/100], Train Accuracy: 0.7010, Val Accuracy: 0.8417
2025-01-16 15:59:52,311 - INFO - Epoch [2/100], Train Accuracy: 0.9292, Val Accuracy: 0.8750
2025-01-16 15:59:52,396 - INFO - Epoch [3/100], Train Accuracy: 0.9661, Val Accuracy: 0.9000
2025-01-16 15:59:52,512 - INFO - Epoch [4/100], Train Accuracy: 0.9849, Val Accuracy: 0.9083
2025-01-16 15:59:52,589 - INFO - Epoch [5/100], Train Accuracy: 0.9917, Val Accuracy: 0.9125
2025-01-16 15:59:52,673 - INFO - Epoch [6/100], Train Accuracy: 0.9953, Val Accuracy: 0.9083
2025-01-16 15:59:52,679 - INFO - Fold 1 Validation Accuracy: 0.9083
2025-01-16 15:59:52,679 - INFO - Training for fold 2/5
2025-01-16 15:59:52,781 - INFO - Epoch [1/100], Train Accuracy: 0.7125, Val Accuracy: 0.9125
2025-01-16 15:59:52,872 - INFO - Epoch [2/100], Train Accuracy: 0.9234, Val Accuracy: 0.9187
2025-01-16 15:59:53,027 - INFO - Epoch [3/100], Train Accuracy: 0.9646, Val Accuracy: 0.9396
2025-01-16 15:59:53,139 - INFO - Epoch [4/100], Train Accuracy: 0.9797, Val Accuracy: 0.9292
2025-01-16 15:59:53,231 - INFO - Epoch [5/100], Train Accuracy: 0.9901, Val Accuracy: 0.9354
2025-01-16 15:59:53,328 - INFO - Epoch [6/100], Train Accuracy: 0.9932, Val Accuracy: 0.9333
2025-01-16 15:59:53,418 - INFO - Epoch [7/100], Train Accuracy: 0.9953, Val Accuracy: 0.9354
2025-01-16 15:59:53,425 - INFO - Fold 2 Validation Accuracy: 0.9354
2025-01-16 15:59:53,426 - INFO - Training for fold 3/5
2025-01-16 15:59:53,559 - INFO - Epoch [1/100], Train Accuracy: 0.7245, Val Accuracy: 0.8938
2025-01-16 15:59:53,642 - INFO - Epoch [2/100], Train Accuracy: 0.9193, Val Accuracy: 0.9271
2025-01-16 15:59:53,714 - INFO - Epoch [3/100], Train Accuracy: 0.9573, Val Accuracy: 0.9437
2025-01-16 15:59:53,801 - INFO - Epoch [4/100], Train Accuracy: 0.9797, Val Accuracy: 0.9417
2025-01-16 15:59:53,889 - INFO - Epoch [5/100], Train Accuracy: 0.9911, Val Accuracy: 0.9417
2025-01-16 15:59:54,006 - INFO - Epoch [6/100], Train Accuracy: 0.9948, Val Accuracy: 0.9354
2025-01-16 15:59:54,080 - INFO - Epoch [7/100], Train Accuracy: 0.9979, Val Accuracy: 0.9375
2025-01-16 15:59:54,087 - INFO - Fold 3 Validation Accuracy: 0.9375
2025-01-16 15:59:54,088 - INFO - Training for fold 4/5
2025-01-16 15:59:54,190 - INFO - Epoch [1/100], Train Accuracy: 0.7391, Val Accuracy: 0.8896
2025-01-16 15:59:54,265 - INFO - Epoch [2/100], Train Accuracy: 0.9245, Val Accuracy: 0.9271
2025-01-16 15:59:54,358 - INFO - Epoch [3/100], Train Accuracy: 0.9609, Val Accuracy: 0.9167
2025-01-16 15:59:54,493 - INFO - Epoch [4/100], Train Accuracy: 0.9818, Val Accuracy: 0.9208
2025-01-16 15:59:54,586 - INFO - Epoch [5/100], Train Accuracy: 0.9896, Val Accuracy: 0.9187
2025-01-16 15:59:54,664 - INFO - Epoch [6/100], Train Accuracy: 0.9938, Val Accuracy: 0.9187
2025-01-16 15:59:54,744 - INFO - Epoch [7/100], Train Accuracy: 0.9964, Val Accuracy: 0.9229
2025-01-16 15:59:54,751 - INFO - Fold 4 Validation Accuracy: 0.9229
2025-01-16 15:59:54,751 - INFO - Training for fold 5/5
2025-01-16 15:59:54,879 - INFO - Epoch [1/100], Train Accuracy: 0.7344, Val Accuracy: 0.8917
2025-01-16 15:59:55,037 - INFO - Epoch [2/100], Train Accuracy: 0.9271, Val Accuracy: 0.9000
2025-01-16 15:59:55,120 - INFO - Epoch [3/100], Train Accuracy: 0.9620, Val Accuracy: 0.9083
2025-01-16 15:59:55,207 - INFO - Epoch [4/100], Train Accuracy: 0.9839, Val Accuracy: 0.9271
2025-01-16 15:59:55,323 - INFO - Epoch [5/100], Train Accuracy: 0.9927, Val Accuracy: 0.9313
2025-01-16 15:59:55,433 - INFO - Epoch [6/100], Train Accuracy: 0.9948, Val Accuracy: 0.9250
2025-01-16 15:59:55,534 - INFO - Epoch [7/100], Train Accuracy: 0.9964, Val Accuracy: 0.9250
2025-01-16 15:59:55,543 - INFO - Fold 5 Validation Accuracy: 0.9250
2025-01-16 15:59:55,543 - INFO - Average Validation Accuracy (Over 5 folds): 0.9258 

2025-01-16 15:59:55,777 - INFO - Training with Vectorized Data 1000 features. Dropout Rate 0.56. Dataset Size 2400. 128 neurons. Leanring Rate 0.002
2025-01-16 15:59:55,778 - INFO - Training for fold 1/5
2025-01-16 15:59:55,868 - INFO - Epoch [1/100], Train Accuracy: 0.6521, Val Accuracy: 0.8688
2025-01-16 15:59:56,005 - INFO - Epoch [2/100], Train Accuracy: 0.9266, Val Accuracy: 0.9042
2025-01-16 15:59:56,079 - INFO - Epoch [3/100], Train Accuracy: 0.9635, Val Accuracy: 0.9208
2025-01-16 15:59:56,164 - INFO - Epoch [4/100], Train Accuracy: 0.9839, Val Accuracy: 0.9271
2025-01-16 15:59:56,259 - INFO - Epoch [5/100], Train Accuracy: 0.9901, Val Accuracy: 0.9229
2025-01-16 15:59:56,334 - INFO - Epoch [6/100], Train Accuracy: 0.9953, Val Accuracy: 0.9187
2025-01-16 15:59:56,343 - INFO - Fold 1 Validation Accuracy: 0.9187
2025-01-16 15:59:56,343 - INFO - Training for fold 2/5
2025-01-16 15:59:56,443 - INFO - Epoch [1/100], Train Accuracy: 0.7297, Val Accuracy: 0.9000
2025-01-16 15:59:56,564 - INFO - Epoch [2/100], Train Accuracy: 0.9208, Val Accuracy: 0.9250
2025-01-16 15:59:56,646 - INFO - Epoch [3/100], Train Accuracy: 0.9620, Val Accuracy: 0.9292
2025-01-16 15:59:56,743 - INFO - Epoch [4/100], Train Accuracy: 0.9854, Val Accuracy: 0.9354
2025-01-16 15:59:56,859 - INFO - Epoch [5/100], Train Accuracy: 0.9927, Val Accuracy: 0.9354
2025-01-16 15:59:57,006 - INFO - Epoch [6/100], Train Accuracy: 0.9953, Val Accuracy: 0.9333
2025-01-16 15:59:57,100 - INFO - Epoch [7/100], Train Accuracy: 0.9969, Val Accuracy: 0.9333
2025-01-16 15:59:57,186 - INFO - Epoch [8/100], Train Accuracy: 0.9974, Val Accuracy: 0.9396
2025-01-16 15:59:57,278 - INFO - Epoch [9/100], Train Accuracy: 0.9974, Val Accuracy: 0.9375
2025-01-16 15:59:57,368 - INFO - Epoch [10/100], Train Accuracy: 0.9979, Val Accuracy: 0.9354
2025-01-16 15:59:57,377 - INFO - Fold 2 Validation Accuracy: 0.9354
2025-01-16 15:59:57,377 - INFO - Training for fold 3/5
2025-01-16 15:59:57,515 - INFO - Epoch [1/100], Train Accuracy: 0.7427, Val Accuracy: 0.8896
2025-01-16 15:59:57,614 - INFO - Epoch [2/100], Train Accuracy: 0.9234, Val Accuracy: 0.9187
2025-01-16 15:59:57,696 - INFO - Epoch [3/100], Train Accuracy: 0.9615, Val Accuracy: 0.9354
2025-01-16 15:59:57,777 - INFO - Epoch [4/100], Train Accuracy: 0.9818, Val Accuracy: 0.9333
2025-01-16 15:59:57,862 - INFO - Epoch [5/100], Train Accuracy: 0.9906, Val Accuracy: 0.9313
2025-01-16 15:59:58,000 - INFO - Epoch [6/100], Train Accuracy: 0.9932, Val Accuracy: 0.9313
2025-01-16 15:59:58,095 - INFO - Epoch [7/100], Train Accuracy: 0.9964, Val Accuracy: 0.9271
2025-01-16 15:59:58,103 - INFO - Fold 3 Validation Accuracy: 0.9271
2025-01-16 15:59:58,103 - INFO - Training for fold 4/5
2025-01-16 15:59:58,191 - INFO - Epoch [1/100], Train Accuracy: 0.6672, Val Accuracy: 0.8875
2025-01-16 15:59:58,266 - INFO - Epoch [2/100], Train Accuracy: 0.9234, Val Accuracy: 0.9208
2025-01-16 15:59:58,350 - INFO - Epoch [3/100], Train Accuracy: 0.9635, Val Accuracy: 0.9104
2025-01-16 15:59:58,442 - INFO - Epoch [4/100], Train Accuracy: 0.9833, Val Accuracy: 0.9125
2025-01-16 15:59:58,571 - INFO - Epoch [5/100], Train Accuracy: 0.9891, Val Accuracy: 0.9125
2025-01-16 15:59:58,667 - INFO - Epoch [6/100], Train Accuracy: 0.9927, Val Accuracy: 0.9104
2025-01-16 15:59:58,741 - INFO - Epoch [7/100], Train Accuracy: 0.9953, Val Accuracy: 0.9146
2025-01-16 15:59:58,749 - INFO - Fold 4 Validation Accuracy: 0.9146
2025-01-16 15:59:58,749 - INFO - Training for fold 5/5
2025-01-16 15:59:58,851 - INFO - Epoch [1/100], Train Accuracy: 0.6875, Val Accuracy: 0.8771
2025-01-16 15:59:58,951 - INFO - Epoch [2/100], Train Accuracy: 0.9292, Val Accuracy: 0.9000
2025-01-16 15:59:59,053 - INFO - Epoch [3/100], Train Accuracy: 0.9677, Val Accuracy: 0.9125
2025-01-16 15:59:59,143 - INFO - Epoch [4/100], Train Accuracy: 0.9833, Val Accuracy: 0.9146
2025-01-16 15:59:59,229 - INFO - Epoch [5/100], Train Accuracy: 0.9880, Val Accuracy: 0.9146
2025-01-16 15:59:59,316 - INFO - Epoch [6/100], Train Accuracy: 0.9922, Val Accuracy: 0.9125
2025-01-16 15:59:59,440 - INFO - Epoch [7/100], Train Accuracy: 0.9948, Val Accuracy: 0.9125
2025-01-16 15:59:59,544 - INFO - Epoch [8/100], Train Accuracy: 0.9948, Val Accuracy: 0.9146
2025-01-16 15:59:59,628 - INFO - Epoch [9/100], Train Accuracy: 0.9958, Val Accuracy: 0.9125
2025-01-16 15:59:59,701 - INFO - Epoch [10/100], Train Accuracy: 0.9969, Val Accuracy: 0.9187
2025-01-16 15:59:59,780 - INFO - Epoch [11/100], Train Accuracy: 0.9969, Val Accuracy: 0.9125
2025-01-16 15:59:59,786 - INFO - Fold 5 Validation Accuracy: 0.9125
2025-01-16 15:59:59,787 - INFO - Average Validation Accuracy (Over 5 folds): 0.9217 

2025-01-16 16:00:00,026 - INFO - Training with Vectorized Data 1000 features. Dropout Rate 0.56. Dataset Size 2400. 128 neurons. Leanring Rate 0.002
2025-01-16 16:00:00,026 - INFO - Training for fold 1/5
2025-01-16 16:00:00,118 - INFO - Epoch [1/100], Train Accuracy: 0.6531, Val Accuracy: 0.8833
2025-01-16 16:00:00,190 - INFO - Epoch [2/100], Train Accuracy: 0.9297, Val Accuracy: 0.9187
2025-01-16 16:00:00,258 - INFO - Epoch [3/100], Train Accuracy: 0.9609, Val Accuracy: 0.9229
2025-01-16 16:00:00,363 - INFO - Epoch [4/100], Train Accuracy: 0.9865, Val Accuracy: 0.9271
2025-01-16 16:00:00,460 - INFO - Epoch [5/100], Train Accuracy: 0.9943, Val Accuracy: 0.9187
2025-01-16 16:00:00,546 - INFO - Epoch [6/100], Train Accuracy: 0.9969, Val Accuracy: 0.9146
2025-01-16 16:00:00,554 - INFO - Fold 1 Validation Accuracy: 0.9146
2025-01-16 16:00:00,554 - INFO - Training for fold 2/5
2025-01-16 16:00:00,659 - INFO - Epoch [1/100], Train Accuracy: 0.6943, Val Accuracy: 0.8729
2025-01-16 16:00:00,747 - INFO - Epoch [2/100], Train Accuracy: 0.9349, Val Accuracy: 0.9021
2025-01-16 16:00:00,835 - INFO - Epoch [3/100], Train Accuracy: 0.9656, Val Accuracy: 0.9146
2025-01-16 16:00:00,939 - INFO - Epoch [4/100], Train Accuracy: 0.9854, Val Accuracy: 0.9187
2025-01-16 16:00:01,049 - INFO - Epoch [5/100], Train Accuracy: 0.9906, Val Accuracy: 0.9146
2025-01-16 16:00:01,138 - INFO - Epoch [6/100], Train Accuracy: 0.9948, Val Accuracy: 0.9125
2025-01-16 16:00:01,231 - INFO - Epoch [7/100], Train Accuracy: 0.9953, Val Accuracy: 0.9104
2025-01-16 16:00:01,240 - INFO - Fold 2 Validation Accuracy: 0.9104
2025-01-16 16:00:01,240 - INFO - Training for fold 3/5
2025-01-16 16:00:01,340 - INFO - Epoch [1/100], Train Accuracy: 0.7531, Val Accuracy: 0.8667
2025-01-16 16:00:01,438 - INFO - Epoch [2/100], Train Accuracy: 0.9245, Val Accuracy: 0.9021
2025-01-16 16:00:01,532 - INFO - Epoch [3/100], Train Accuracy: 0.9641, Val Accuracy: 0.9146
2025-01-16 16:00:01,634 - INFO - Epoch [4/100], Train Accuracy: 0.9781, Val Accuracy: 0.9062
2025-01-16 16:00:01,731 - INFO - Epoch [5/100], Train Accuracy: 0.9870, Val Accuracy: 0.9229
2025-01-16 16:00:01,821 - INFO - Epoch [6/100], Train Accuracy: 0.9938, Val Accuracy: 0.9229
2025-01-16 16:00:01,921 - INFO - Epoch [7/100], Train Accuracy: 0.9958, Val Accuracy: 0.9187
2025-01-16 16:00:01,930 - INFO - Fold 3 Validation Accuracy: 0.9187
2025-01-16 16:00:01,930 - INFO - Training for fold 4/5
2025-01-16 16:00:02,031 - INFO - Epoch [1/100], Train Accuracy: 0.7286, Val Accuracy: 0.8667
2025-01-16 16:00:02,114 - INFO - Epoch [2/100], Train Accuracy: 0.9198, Val Accuracy: 0.9250
2025-01-16 16:00:02,204 - INFO - Epoch [3/100], Train Accuracy: 0.9583, Val Accuracy: 0.9354
2025-01-16 16:00:02,291 - INFO - Epoch [4/100], Train Accuracy: 0.9802, Val Accuracy: 0.9396
2025-01-16 16:00:02,387 - INFO - Epoch [5/100], Train Accuracy: 0.9901, Val Accuracy: 0.9417
2025-01-16 16:00:02,478 - INFO - Epoch [6/100], Train Accuracy: 0.9953, Val Accuracy: 0.9354
2025-01-16 16:00:02,486 - INFO - Fold 4 Validation Accuracy: 0.9354
2025-01-16 16:00:02,487 - INFO - Training for fold 5/5
2025-01-16 16:00:02,583 - INFO - Epoch [1/100], Train Accuracy: 0.7255, Val Accuracy: 0.8938
2025-01-16 16:00:02,664 - INFO - Epoch [2/100], Train Accuracy: 0.9214, Val Accuracy: 0.9271
2025-01-16 16:00:02,755 - INFO - Epoch [3/100], Train Accuracy: 0.9651, Val Accuracy: 0.9250
2025-01-16 16:00:02,852 - INFO - Epoch [4/100], Train Accuracy: 0.9828, Val Accuracy: 0.9250
2025-01-16 16:00:02,936 - INFO - Epoch [5/100], Train Accuracy: 0.9917, Val Accuracy: 0.9271
2025-01-16 16:00:03,024 - INFO - Epoch [6/100], Train Accuracy: 0.9948, Val Accuracy: 0.9271
2025-01-16 16:00:03,097 - INFO - Epoch [7/100], Train Accuracy: 0.9964, Val Accuracy: 0.9229
2025-01-16 16:00:03,103 - INFO - Fold 5 Validation Accuracy: 0.9229
2025-01-16 16:00:03,103 - INFO - Average Validation Accuracy (Over 5 folds): 0.9204 

2025-01-16 16:00:03,333 - INFO - Training with Vectorized Data 1000 features. Dropout Rate 0.56. Dataset Size 2400. 128 neurons. Leanring Rate 0.002
2025-01-16 16:00:03,334 - INFO - Training for fold 1/5
2025-01-16 16:00:03,407 - INFO - Epoch [1/100], Train Accuracy: 0.6714, Val Accuracy: 0.8771
2025-01-16 16:00:03,472 - INFO - Epoch [2/100], Train Accuracy: 0.9224, Val Accuracy: 0.9062
2025-01-16 16:00:03,546 - INFO - Epoch [3/100], Train Accuracy: 0.9656, Val Accuracy: 0.9229
2025-01-16 16:00:03,629 - INFO - Epoch [4/100], Train Accuracy: 0.9844, Val Accuracy: 0.9042
2025-01-16 16:00:03,637 - INFO - Fold 1 Validation Accuracy: 0.9042
2025-01-16 16:00:03,638 - INFO - Training for fold 2/5
2025-01-16 16:00:03,736 - INFO - Epoch [1/100], Train Accuracy: 0.7594, Val Accuracy: 0.8979
2025-01-16 16:00:03,833 - INFO - Epoch [2/100], Train Accuracy: 0.9250, Val Accuracy: 0.9208
2025-01-16 16:00:03,921 - INFO - Epoch [3/100], Train Accuracy: 0.9635, Val Accuracy: 0.9229
2025-01-16 16:00:04,022 - INFO - Epoch [4/100], Train Accuracy: 0.9812, Val Accuracy: 0.9333
2025-01-16 16:00:04,112 - INFO - Epoch [5/100], Train Accuracy: 0.9901, Val Accuracy: 0.9167
2025-01-16 16:00:04,122 - INFO - Fold 2 Validation Accuracy: 0.9167
2025-01-16 16:00:04,122 - INFO - Training for fold 3/5
2025-01-16 16:00:04,228 - INFO - Epoch [1/100], Train Accuracy: 0.7641, Val Accuracy: 0.9062
2025-01-16 16:00:04,324 - INFO - Epoch [2/100], Train Accuracy: 0.9187, Val Accuracy: 0.9292
2025-01-16 16:00:04,418 - INFO - Epoch [3/100], Train Accuracy: 0.9573, Val Accuracy: 0.9458
2025-01-16 16:00:04,513 - INFO - Epoch [4/100], Train Accuracy: 0.9802, Val Accuracy: 0.9521
2025-01-16 16:00:04,618 - INFO - Epoch [5/100], Train Accuracy: 0.9891, Val Accuracy: 0.9521
2025-01-16 16:00:04,740 - INFO - Epoch [6/100], Train Accuracy: 0.9943, Val Accuracy: 0.9583
2025-01-16 16:00:04,851 - INFO - Epoch [7/100], Train Accuracy: 0.9953, Val Accuracy: 0.9583
2025-01-16 16:00:04,996 - INFO - Epoch [8/100], Train Accuracy: 0.9964, Val Accuracy: 0.9563
2025-01-16 16:00:05,121 - INFO - Epoch [9/100], Train Accuracy: 0.9964, Val Accuracy: 0.9583
2025-01-16 16:00:05,249 - INFO - Epoch [10/100], Train Accuracy: 0.9964, Val Accuracy: 0.9563
2025-01-16 16:00:05,369 - INFO - Epoch [11/100], Train Accuracy: 0.9964, Val Accuracy: 0.9604
2025-01-16 16:00:05,508 - INFO - Epoch [12/100], Train Accuracy: 0.9964, Val Accuracy: 0.9604
2025-01-16 16:00:05,630 - INFO - Epoch [13/100], Train Accuracy: 0.9969, Val Accuracy: 0.9583
2025-01-16 16:00:05,748 - INFO - Epoch [14/100], Train Accuracy: 0.9969, Val Accuracy: 0.9583
2025-01-16 16:00:05,865 - INFO - Epoch [15/100], Train Accuracy: 0.9969, Val Accuracy: 0.9583
2025-01-16 16:00:05,985 - INFO - Epoch [16/100], Train Accuracy: 0.9969, Val Accuracy: 0.9604
2025-01-16 16:00:06,097 - INFO - Epoch [17/100], Train Accuracy: 0.9969, Val Accuracy: 0.9563
2025-01-16 16:00:06,106 - INFO - Fold 3 Validation Accuracy: 0.9563
2025-01-16 16:00:06,106 - INFO - Training for fold 4/5
2025-01-16 16:00:06,240 - INFO - Epoch [1/100], Train Accuracy: 0.6937, Val Accuracy: 0.8729
2025-01-16 16:00:06,341 - INFO - Epoch [2/100], Train Accuracy: 0.9266, Val Accuracy: 0.9083
2025-01-16 16:00:06,456 - INFO - Epoch [3/100], Train Accuracy: 0.9682, Val Accuracy: 0.9146
2025-01-16 16:00:06,575 - INFO - Epoch [4/100], Train Accuracy: 0.9833, Val Accuracy: 0.9062
2025-01-16 16:00:06,789 - INFO - Epoch [5/100], Train Accuracy: 0.9911, Val Accuracy: 0.9104
2025-01-16 16:00:06,893 - INFO - Epoch [6/100], Train Accuracy: 0.9938, Val Accuracy: 0.9104
2025-01-16 16:00:07,017 - INFO - Epoch [7/100], Train Accuracy: 0.9958, Val Accuracy: 0.9104
2025-01-16 16:00:07,026 - INFO - Fold 4 Validation Accuracy: 0.9104
2025-01-16 16:00:07,026 - INFO - Training for fold 5/5
2025-01-16 16:00:07,167 - INFO - Epoch [1/100], Train Accuracy: 0.7177, Val Accuracy: 0.8792
2025-01-16 16:00:07,272 - INFO - Epoch [2/100], Train Accuracy: 0.9156, Val Accuracy: 0.9000
2025-01-16 16:00:07,437 - INFO - Epoch [3/100], Train Accuracy: 0.9609, Val Accuracy: 0.9125
2025-01-16 16:00:07,533 - INFO - Epoch [4/100], Train Accuracy: 0.9812, Val Accuracy: 0.9187
2025-01-16 16:00:07,625 - INFO - Epoch [5/100], Train Accuracy: 0.9932, Val Accuracy: 0.9187
2025-01-16 16:00:07,726 - INFO - Epoch [6/100], Train Accuracy: 0.9953, Val Accuracy: 0.9167
2025-01-16 16:00:07,826 - INFO - Epoch [7/100], Train Accuracy: 0.9964, Val Accuracy: 0.9125
2025-01-16 16:00:07,834 - INFO - Fold 5 Validation Accuracy: 0.9125
2025-01-16 16:00:07,834 - INFO - Average Validation Accuracy (Over 5 folds): 0.9200 

2025-01-16 16:00:08,090 - INFO - Training with Vectorized Data 1000 features. Dropout Rate 0.56. Dataset Size 2400. 128 neurons. Leanring Rate 0.002
2025-01-16 16:00:08,090 - INFO - Training for fold 1/5
2025-01-16 16:00:08,189 - INFO - Epoch [1/100], Train Accuracy: 0.6667, Val Accuracy: 0.9062
2025-01-16 16:00:08,282 - INFO - Epoch [2/100], Train Accuracy: 0.9286, Val Accuracy: 0.9396
2025-01-16 16:00:08,380 - INFO - Epoch [3/100], Train Accuracy: 0.9594, Val Accuracy: 0.9417
2025-01-16 16:00:08,478 - INFO - Epoch [4/100], Train Accuracy: 0.9818, Val Accuracy: 0.9437
2025-01-16 16:00:08,575 - INFO - Epoch [5/100], Train Accuracy: 0.9901, Val Accuracy: 0.9437
2025-01-16 16:00:08,673 - INFO - Epoch [6/100], Train Accuracy: 0.9938, Val Accuracy: 0.9375
2025-01-16 16:00:08,763 - INFO - Epoch [7/100], Train Accuracy: 0.9958, Val Accuracy: 0.9396
2025-01-16 16:00:08,771 - INFO - Fold 1 Validation Accuracy: 0.9396
2025-01-16 16:00:08,772 - INFO - Training for fold 2/5
2025-01-16 16:00:08,866 - INFO - Epoch [1/100], Train Accuracy: 0.6766, Val Accuracy: 0.8729
2025-01-16 16:00:08,954 - INFO - Epoch [2/100], Train Accuracy: 0.9208, Val Accuracy: 0.9208
2025-01-16 16:00:09,034 - INFO - Epoch [3/100], Train Accuracy: 0.9625, Val Accuracy: 0.9354
2025-01-16 16:00:09,117 - INFO - Epoch [4/100], Train Accuracy: 0.9823, Val Accuracy: 0.9417
2025-01-16 16:00:09,214 - INFO - Epoch [5/100], Train Accuracy: 0.9911, Val Accuracy: 0.9333
2025-01-16 16:00:09,312 - INFO - Epoch [6/100], Train Accuracy: 0.9932, Val Accuracy: 0.9354
2025-01-16 16:00:09,401 - INFO - Epoch [7/100], Train Accuracy: 0.9953, Val Accuracy: 0.9354
2025-01-16 16:00:09,411 - INFO - Fold 2 Validation Accuracy: 0.9354
2025-01-16 16:00:09,411 - INFO - Training for fold 3/5
2025-01-16 16:00:09,531 - INFO - Epoch [1/100], Train Accuracy: 0.7089, Val Accuracy: 0.8792
2025-01-16 16:00:09,616 - INFO - Epoch [2/100], Train Accuracy: 0.9292, Val Accuracy: 0.8958
2025-01-16 16:00:09,702 - INFO - Epoch [3/100], Train Accuracy: 0.9635, Val Accuracy: 0.9104
2025-01-16 16:00:09,795 - INFO - Epoch [4/100], Train Accuracy: 0.9818, Val Accuracy: 0.9229
2025-01-16 16:00:09,881 - INFO - Epoch [5/100], Train Accuracy: 0.9891, Val Accuracy: 0.9187
2025-01-16 16:00:09,976 - INFO - Epoch [6/100], Train Accuracy: 0.9922, Val Accuracy: 0.9313
2025-01-16 16:00:10,068 - INFO - Epoch [7/100], Train Accuracy: 0.9964, Val Accuracy: 0.9187
2025-01-16 16:00:10,076 - INFO - Fold 3 Validation Accuracy: 0.9187
2025-01-16 16:00:10,076 - INFO - Training for fold 4/5
2025-01-16 16:00:10,187 - INFO - Epoch [1/100], Train Accuracy: 0.6464, Val Accuracy: 0.8854
2025-01-16 16:00:10,292 - INFO - Epoch [2/100], Train Accuracy: 0.9234, Val Accuracy: 0.9125
2025-01-16 16:00:10,441 - INFO - Epoch [3/100], Train Accuracy: 0.9620, Val Accuracy: 0.9125
2025-01-16 16:00:10,577 - INFO - Epoch [4/100], Train Accuracy: 0.9844, Val Accuracy: 0.9083
2025-01-16 16:00:10,676 - INFO - Epoch [5/100], Train Accuracy: 0.9911, Val Accuracy: 0.9125
2025-01-16 16:00:10,770 - INFO - Epoch [6/100], Train Accuracy: 0.9948, Val Accuracy: 0.9104
2025-01-16 16:00:10,876 - INFO - Epoch [7/100], Train Accuracy: 0.9953, Val Accuracy: 0.9083
2025-01-16 16:00:10,891 - INFO - Fold 4 Validation Accuracy: 0.9083
2025-01-16 16:00:10,891 - INFO - Training for fold 5/5
2025-01-16 16:00:10,989 - INFO - Epoch [1/100], Train Accuracy: 0.6604, Val Accuracy: 0.8875
2025-01-16 16:00:11,078 - INFO - Epoch [2/100], Train Accuracy: 0.9240, Val Accuracy: 0.9104
2025-01-16 16:00:11,163 - INFO - Epoch [3/100], Train Accuracy: 0.9646, Val Accuracy: 0.9208
2025-01-16 16:00:11,253 - INFO - Epoch [4/100], Train Accuracy: 0.9839, Val Accuracy: 0.9167
2025-01-16 16:00:11,365 - INFO - Epoch [5/100], Train Accuracy: 0.9922, Val Accuracy: 0.9146
2025-01-16 16:00:11,477 - INFO - Epoch [6/100], Train Accuracy: 0.9969, Val Accuracy: 0.9083
2025-01-16 16:00:11,486 - INFO - Fold 5 Validation Accuracy: 0.9083
2025-01-16 16:00:11,486 - INFO - Average Validation Accuracy (Over 5 folds): 0.9221 

2025-01-16 16:00:11,746 - INFO - Training with Vectorized Data 1000 features. Dropout Rate 0.56. Dataset Size 2400. 128 neurons. Leanring Rate 0.002
2025-01-16 16:00:11,746 - INFO - Training for fold 1/5
2025-01-16 16:00:11,922 - INFO - Epoch [1/100], Train Accuracy: 0.7464, Val Accuracy: 0.8917
2025-01-16 16:00:12,075 - INFO - Epoch [2/100], Train Accuracy: 0.9302, Val Accuracy: 0.9146
2025-01-16 16:00:12,184 - INFO - Epoch [3/100], Train Accuracy: 0.9661, Val Accuracy: 0.9125
2025-01-16 16:00:12,345 - INFO - Epoch [4/100], Train Accuracy: 0.9823, Val Accuracy: 0.9125
2025-01-16 16:00:12,443 - INFO - Epoch [5/100], Train Accuracy: 0.9901, Val Accuracy: 0.9125
2025-01-16 16:00:12,523 - INFO - Epoch [6/100], Train Accuracy: 0.9943, Val Accuracy: 0.9167
2025-01-16 16:00:12,597 - INFO - Epoch [7/100], Train Accuracy: 0.9958, Val Accuracy: 0.9125
2025-01-16 16:00:12,605 - INFO - Fold 1 Validation Accuracy: 0.9125
2025-01-16 16:00:12,605 - INFO - Training for fold 2/5
2025-01-16 16:00:12,729 - INFO - Epoch [1/100], Train Accuracy: 0.7135, Val Accuracy: 0.8875
2025-01-16 16:00:12,813 - INFO - Epoch [2/100], Train Accuracy: 0.9198, Val Accuracy: 0.9083
2025-01-16 16:00:12,889 - INFO - Epoch [3/100], Train Accuracy: 0.9615, Val Accuracy: 0.9167
2025-01-16 16:00:12,993 - INFO - Epoch [4/100], Train Accuracy: 0.9776, Val Accuracy: 0.9167
2025-01-16 16:00:13,070 - INFO - Epoch [5/100], Train Accuracy: 0.9911, Val Accuracy: 0.9125
2025-01-16 16:00:13,172 - INFO - Epoch [6/100], Train Accuracy: 0.9932, Val Accuracy: 0.9083
2025-01-16 16:00:13,265 - INFO - Epoch [7/100], Train Accuracy: 0.9964, Val Accuracy: 0.9062
2025-01-16 16:00:13,273 - INFO - Fold 2 Validation Accuracy: 0.9062
2025-01-16 16:00:13,273 - INFO - Training for fold 3/5
2025-01-16 16:00:13,410 - INFO - Epoch [1/100], Train Accuracy: 0.7333, Val Accuracy: 0.9000
2025-01-16 16:00:13,490 - INFO - Epoch [2/100], Train Accuracy: 0.9224, Val Accuracy: 0.9229
2025-01-16 16:00:13,568 - INFO - Epoch [3/100], Train Accuracy: 0.9630, Val Accuracy: 0.9333
2025-01-16 16:00:13,676 - INFO - Epoch [4/100], Train Accuracy: 0.9839, Val Accuracy: 0.9271
2025-01-16 16:00:13,770 - INFO - Epoch [5/100], Train Accuracy: 0.9906, Val Accuracy: 0.9292
2025-01-16 16:00:13,851 - INFO - Epoch [6/100], Train Accuracy: 0.9953, Val Accuracy: 0.9292
2025-01-16 16:00:13,858 - INFO - Fold 3 Validation Accuracy: 0.9292
2025-01-16 16:00:13,858 - INFO - Training for fold 4/5
2025-01-16 16:00:13,939 - INFO - Epoch [1/100], Train Accuracy: 0.6578, Val Accuracy: 0.9042
2025-01-16 16:00:14,013 - INFO - Epoch [2/100], Train Accuracy: 0.9172, Val Accuracy: 0.9271
2025-01-16 16:00:14,084 - INFO - Epoch [3/100], Train Accuracy: 0.9589, Val Accuracy: 0.9333
2025-01-16 16:00:14,156 - INFO - Epoch [4/100], Train Accuracy: 0.9797, Val Accuracy: 0.9396
2025-01-16 16:00:14,230 - INFO - Epoch [5/100], Train Accuracy: 0.9875, Val Accuracy: 0.9417
2025-01-16 16:00:14,336 - INFO - Epoch [6/100], Train Accuracy: 0.9943, Val Accuracy: 0.9313
2025-01-16 16:00:14,407 - INFO - Epoch [7/100], Train Accuracy: 0.9958, Val Accuracy: 0.9313
2025-01-16 16:00:14,414 - INFO - Fold 4 Validation Accuracy: 0.9313
2025-01-16 16:00:14,414 - INFO - Training for fold 5/5
2025-01-16 16:00:14,491 - INFO - Epoch [1/100], Train Accuracy: 0.7203, Val Accuracy: 0.8896
2025-01-16 16:00:14,556 - INFO - Epoch [2/100], Train Accuracy: 0.9260, Val Accuracy: 0.9062
2025-01-16 16:00:14,625 - INFO - Epoch [3/100], Train Accuracy: 0.9667, Val Accuracy: 0.9250
2025-01-16 16:00:14,695 - INFO - Epoch [4/100], Train Accuracy: 0.9839, Val Accuracy: 0.9271
2025-01-16 16:00:14,766 - INFO - Epoch [5/100], Train Accuracy: 0.9896, Val Accuracy: 0.9271
2025-01-16 16:00:14,833 - INFO - Epoch [6/100], Train Accuracy: 0.9943, Val Accuracy: 0.9271
2025-01-16 16:00:14,900 - INFO - Epoch [7/100], Train Accuracy: 0.9958, Val Accuracy: 0.9250
2025-01-16 16:00:14,972 - INFO - Epoch [8/100], Train Accuracy: 0.9979, Val Accuracy: 0.9271
2025-01-16 16:00:15,047 - INFO - Epoch [9/100], Train Accuracy: 0.9984, Val Accuracy: 0.9292
2025-01-16 16:00:15,117 - INFO - Epoch [10/100], Train Accuracy: 0.9990, Val Accuracy: 0.9208
2025-01-16 16:00:15,124 - INFO - Fold 5 Validation Accuracy: 0.9208
2025-01-16 16:00:15,124 - INFO - Average Validation Accuracy (Over 5 folds): 0.9200 

2025-01-16 16:00:15,340 - INFO - Training with Vectorized Data 1000 features. Dropout Rate 0.56. Dataset Size 2400. 128 neurons. Leanring Rate 0.002
2025-01-16 16:00:15,340 - INFO - Training for fold 1/5
2025-01-16 16:00:15,412 - INFO - Epoch [1/100], Train Accuracy: 0.6568, Val Accuracy: 0.8917
2025-01-16 16:00:15,477 - INFO - Epoch [2/100], Train Accuracy: 0.9240, Val Accuracy: 0.9292
2025-01-16 16:00:15,545 - INFO - Epoch [3/100], Train Accuracy: 0.9630, Val Accuracy: 0.9250
2025-01-16 16:00:15,616 - INFO - Epoch [4/100], Train Accuracy: 0.9807, Val Accuracy: 0.9271
2025-01-16 16:00:15,690 - INFO - Epoch [5/100], Train Accuracy: 0.9901, Val Accuracy: 0.9250
2025-01-16 16:00:15,766 - INFO - Epoch [6/100], Train Accuracy: 0.9958, Val Accuracy: 0.9271
2025-01-16 16:00:15,832 - INFO - Epoch [7/100], Train Accuracy: 0.9964, Val Accuracy: 0.9292
2025-01-16 16:00:15,895 - INFO - Epoch [8/100], Train Accuracy: 0.9974, Val Accuracy: 0.9292
2025-01-16 16:00:15,959 - INFO - Epoch [9/100], Train Accuracy: 0.9974, Val Accuracy: 0.9271
2025-01-16 16:00:16,024 - INFO - Epoch [10/100], Train Accuracy: 0.9979, Val Accuracy: 0.9271
2025-01-16 16:00:16,091 - INFO - Epoch [11/100], Train Accuracy: 0.9979, Val Accuracy: 0.9271
2025-01-16 16:00:16,157 - INFO - Epoch [12/100], Train Accuracy: 0.9979, Val Accuracy: 0.9250
2025-01-16 16:00:16,163 - INFO - Fold 1 Validation Accuracy: 0.9250
2025-01-16 16:00:16,163 - INFO - Training for fold 2/5
2025-01-16 16:00:16,236 - INFO - Epoch [1/100], Train Accuracy: 0.6552, Val Accuracy: 0.8833
2025-01-16 16:00:16,301 - INFO - Epoch [2/100], Train Accuracy: 0.9245, Val Accuracy: 0.9125
2025-01-16 16:00:16,362 - INFO - Epoch [3/100], Train Accuracy: 0.9641, Val Accuracy: 0.9187
2025-01-16 16:00:16,425 - INFO - Epoch [4/100], Train Accuracy: 0.9844, Val Accuracy: 0.9229
2025-01-16 16:00:16,491 - INFO - Epoch [5/100], Train Accuracy: 0.9901, Val Accuracy: 0.9250
2025-01-16 16:00:16,555 - INFO - Epoch [6/100], Train Accuracy: 0.9943, Val Accuracy: 0.9187
2025-01-16 16:00:16,620 - INFO - Epoch [7/100], Train Accuracy: 0.9964, Val Accuracy: 0.9208
2025-01-16 16:00:16,626 - INFO - Fold 2 Validation Accuracy: 0.9208
2025-01-16 16:00:16,626 - INFO - Training for fold 3/5
2025-01-16 16:00:16,700 - INFO - Epoch [1/100], Train Accuracy: 0.6490, Val Accuracy: 0.8875
2025-01-16 16:00:16,765 - INFO - Epoch [2/100], Train Accuracy: 0.9328, Val Accuracy: 0.9062
2025-01-16 16:00:16,833 - INFO - Epoch [3/100], Train Accuracy: 0.9667, Val Accuracy: 0.9062
2025-01-16 16:00:16,899 - INFO - Epoch [4/100], Train Accuracy: 0.9833, Val Accuracy: 0.9208
2025-01-16 16:00:16,965 - INFO - Epoch [5/100], Train Accuracy: 0.9906, Val Accuracy: 0.9229
2025-01-16 16:00:17,028 - INFO - Epoch [6/100], Train Accuracy: 0.9953, Val Accuracy: 0.9271
2025-01-16 16:00:17,092 - INFO - Epoch [7/100], Train Accuracy: 0.9974, Val Accuracy: 0.9250
2025-01-16 16:00:17,160 - INFO - Epoch [8/100], Train Accuracy: 0.9974, Val Accuracy: 0.9042
2025-01-16 16:00:17,167 - INFO - Fold 3 Validation Accuracy: 0.9042
2025-01-16 16:00:17,167 - INFO - Training for fold 4/5
2025-01-16 16:00:17,241 - INFO - Epoch [1/100], Train Accuracy: 0.6260, Val Accuracy: 0.8812
2025-01-16 16:00:17,303 - INFO - Epoch [2/100], Train Accuracy: 0.9292, Val Accuracy: 0.9125
2025-01-16 16:00:17,365 - INFO - Epoch [3/100], Train Accuracy: 0.9661, Val Accuracy: 0.9333
2025-01-16 16:00:17,430 - INFO - Epoch [4/100], Train Accuracy: 0.9823, Val Accuracy: 0.9250
2025-01-16 16:00:17,495 - INFO - Epoch [5/100], Train Accuracy: 0.9891, Val Accuracy: 0.9208
2025-01-16 16:00:17,556 - INFO - Epoch [6/100], Train Accuracy: 0.9917, Val Accuracy: 0.9250
2025-01-16 16:00:17,618 - INFO - Epoch [7/100], Train Accuracy: 0.9943, Val Accuracy: 0.9208
2025-01-16 16:00:17,678 - INFO - Epoch [8/100], Train Accuracy: 0.9958, Val Accuracy: 0.9250
2025-01-16 16:00:17,684 - INFO - Fold 4 Validation Accuracy: 0.9250
2025-01-16 16:00:17,684 - INFO - Training for fold 5/5
2025-01-16 16:00:17,758 - INFO - Epoch [1/100], Train Accuracy: 0.6859, Val Accuracy: 0.8792
2025-01-16 16:00:17,824 - INFO - Epoch [2/100], Train Accuracy: 0.9266, Val Accuracy: 0.9104
2025-01-16 16:00:17,893 - INFO - Epoch [3/100], Train Accuracy: 0.9599, Val Accuracy: 0.9167
2025-01-16 16:00:17,965 - INFO - Epoch [4/100], Train Accuracy: 0.9833, Val Accuracy: 0.9208
2025-01-16 16:00:18,038 - INFO - Epoch [5/100], Train Accuracy: 0.9917, Val Accuracy: 0.9250
2025-01-16 16:00:18,105 - INFO - Epoch [6/100], Train Accuracy: 0.9943, Val Accuracy: 0.9229
2025-01-16 16:00:18,171 - INFO - Epoch [7/100], Train Accuracy: 0.9958, Val Accuracy: 0.9208
2025-01-16 16:00:18,177 - INFO - Fold 5 Validation Accuracy: 0.9208
2025-01-16 16:00:18,177 - INFO - Average Validation Accuracy (Over 5 folds): 0.9192 

2025-01-16 16:00:18,387 - INFO - Training with Vectorized Data 1000 features. Dropout Rate 0.56. Dataset Size 2400. 128 neurons. Leanring Rate 0.002
2025-01-16 16:00:18,387 - INFO - Training for fold 1/5
2025-01-16 16:00:18,457 - INFO - Epoch [1/100], Train Accuracy: 0.7146, Val Accuracy: 0.8729
2025-01-16 16:00:18,519 - INFO - Epoch [2/100], Train Accuracy: 0.9286, Val Accuracy: 0.9042
2025-01-16 16:00:18,582 - INFO - Epoch [3/100], Train Accuracy: 0.9651, Val Accuracy: 0.9208
2025-01-16 16:00:18,644 - INFO - Epoch [4/100], Train Accuracy: 0.9828, Val Accuracy: 0.9187
2025-01-16 16:00:18,707 - INFO - Epoch [5/100], Train Accuracy: 0.9880, Val Accuracy: 0.9167
2025-01-16 16:00:18,772 - INFO - Epoch [6/100], Train Accuracy: 0.9932, Val Accuracy: 0.9146
2025-01-16 16:00:18,835 - INFO - Epoch [7/100], Train Accuracy: 0.9958, Val Accuracy: 0.9146
2025-01-16 16:00:18,842 - INFO - Fold 1 Validation Accuracy: 0.9146
2025-01-16 16:00:18,842 - INFO - Training for fold 2/5
2025-01-16 16:00:18,916 - INFO - Epoch [1/100], Train Accuracy: 0.6453, Val Accuracy: 0.8979
2025-01-16 16:00:18,979 - INFO - Epoch [2/100], Train Accuracy: 0.9292, Val Accuracy: 0.9187
2025-01-16 16:00:19,044 - INFO - Epoch [3/100], Train Accuracy: 0.9641, Val Accuracy: 0.9292
2025-01-16 16:00:19,112 - INFO - Epoch [4/100], Train Accuracy: 0.9823, Val Accuracy: 0.9208
2025-01-16 16:00:19,178 - INFO - Epoch [5/100], Train Accuracy: 0.9906, Val Accuracy: 0.9333
2025-01-16 16:00:19,240 - INFO - Epoch [6/100], Train Accuracy: 0.9943, Val Accuracy: 0.9313
2025-01-16 16:00:19,302 - INFO - Epoch [7/100], Train Accuracy: 0.9948, Val Accuracy: 0.9354
2025-01-16 16:00:19,365 - INFO - Epoch [8/100], Train Accuracy: 0.9964, Val Accuracy: 0.9354
2025-01-16 16:00:19,428 - INFO - Epoch [9/100], Train Accuracy: 0.9974, Val Accuracy: 0.9333
2025-01-16 16:00:19,495 - INFO - Epoch [10/100], Train Accuracy: 0.9974, Val Accuracy: 0.9354
2025-01-16 16:00:19,559 - INFO - Epoch [11/100], Train Accuracy: 0.9974, Val Accuracy: 0.9396
2025-01-16 16:00:19,625 - INFO - Epoch [12/100], Train Accuracy: 0.9974, Val Accuracy: 0.9354
2025-01-16 16:00:19,631 - INFO - Fold 2 Validation Accuracy: 0.9354
2025-01-16 16:00:19,631 - INFO - Training for fold 3/5
2025-01-16 16:00:19,703 - INFO - Epoch [1/100], Train Accuracy: 0.7193, Val Accuracy: 0.8625
2025-01-16 16:00:19,770 - INFO - Epoch [2/100], Train Accuracy: 0.9286, Val Accuracy: 0.8938
2025-01-16 16:00:19,835 - INFO - Epoch [3/100], Train Accuracy: 0.9693, Val Accuracy: 0.9021
2025-01-16 16:00:19,901 - INFO - Epoch [4/100], Train Accuracy: 0.9839, Val Accuracy: 0.9125
2025-01-16 16:00:19,968 - INFO - Epoch [5/100], Train Accuracy: 0.9880, Val Accuracy: 0.9083
2025-01-16 16:00:20,036 - INFO - Epoch [6/100], Train Accuracy: 0.9922, Val Accuracy: 0.9167
2025-01-16 16:00:20,102 - INFO - Epoch [7/100], Train Accuracy: 0.9948, Val Accuracy: 0.9146
2025-01-16 16:00:20,171 - INFO - Epoch [8/100], Train Accuracy: 0.9953, Val Accuracy: 0.9125
2025-01-16 16:00:20,177 - INFO - Fold 3 Validation Accuracy: 0.9125
2025-01-16 16:00:20,177 - INFO - Training for fold 4/5
2025-01-16 16:00:20,251 - INFO - Epoch [1/100], Train Accuracy: 0.6901, Val Accuracy: 0.8896
2025-01-16 16:00:20,317 - INFO - Epoch [2/100], Train Accuracy: 0.9198, Val Accuracy: 0.9083
2025-01-16 16:00:20,384 - INFO - Epoch [3/100], Train Accuracy: 0.9563, Val Accuracy: 0.9187
2025-01-16 16:00:20,452 - INFO - Epoch [4/100], Train Accuracy: 0.9859, Val Accuracy: 0.9146
2025-01-16 16:00:20,521 - INFO - Epoch [5/100], Train Accuracy: 0.9927, Val Accuracy: 0.9208
2025-01-16 16:00:20,589 - INFO - Epoch [6/100], Train Accuracy: 0.9964, Val Accuracy: 0.9104
2025-01-16 16:00:20,595 - INFO - Fold 4 Validation Accuracy: 0.9104
2025-01-16 16:00:20,596 - INFO - Training for fold 5/5
2025-01-16 16:00:20,667 - INFO - Epoch [1/100], Train Accuracy: 0.6776, Val Accuracy: 0.9062
2025-01-16 16:00:20,730 - INFO - Epoch [2/100], Train Accuracy: 0.9193, Val Accuracy: 0.9396
2025-01-16 16:00:20,792 - INFO - Epoch [3/100], Train Accuracy: 0.9667, Val Accuracy: 0.9313
2025-01-16 16:00:20,857 - INFO - Epoch [4/100], Train Accuracy: 0.9797, Val Accuracy: 0.9292
2025-01-16 16:00:20,924 - INFO - Epoch [5/100], Train Accuracy: 0.9891, Val Accuracy: 0.9292
2025-01-16 16:00:20,988 - INFO - Epoch [6/100], Train Accuracy: 0.9938, Val Accuracy: 0.9313
2025-01-16 16:00:21,051 - INFO - Epoch [7/100], Train Accuracy: 0.9969, Val Accuracy: 0.9250
2025-01-16 16:00:21,058 - INFO - Fold 5 Validation Accuracy: 0.9250
2025-01-16 16:00:21,058 - INFO - Average Validation Accuracy (Over 5 folds): 0.9196 

2025-01-16 16:00:21,270 - INFO - Training with Vectorized Data 1000 features. Dropout Rate 0.56. Dataset Size 2400. 128 neurons. Leanring Rate 0.002
2025-01-16 16:00:21,270 - INFO - Training for fold 1/5
2025-01-16 16:00:21,352 - INFO - Epoch [1/100], Train Accuracy: 0.7271, Val Accuracy: 0.8667
2025-01-16 16:00:21,423 - INFO - Epoch [2/100], Train Accuracy: 0.9229, Val Accuracy: 0.8938
2025-01-16 16:00:21,497 - INFO - Epoch [3/100], Train Accuracy: 0.9625, Val Accuracy: 0.9021
2025-01-16 16:00:21,566 - INFO - Epoch [4/100], Train Accuracy: 0.9844, Val Accuracy: 0.9208
2025-01-16 16:00:21,634 - INFO - Epoch [5/100], Train Accuracy: 0.9927, Val Accuracy: 0.9146
2025-01-16 16:00:21,707 - INFO - Epoch [6/100], Train Accuracy: 0.9943, Val Accuracy: 0.9083
2025-01-16 16:00:21,778 - INFO - Epoch [7/100], Train Accuracy: 0.9974, Val Accuracy: 0.9083
2025-01-16 16:00:21,785 - INFO - Fold 1 Validation Accuracy: 0.9083
2025-01-16 16:00:21,785 - INFO - Training for fold 2/5
2025-01-16 16:00:21,862 - INFO - Epoch [1/100], Train Accuracy: 0.7469, Val Accuracy: 0.8958
2025-01-16 16:00:21,928 - INFO - Epoch [2/100], Train Accuracy: 0.9297, Val Accuracy: 0.9083
2025-01-16 16:00:21,996 - INFO - Epoch [3/100], Train Accuracy: 0.9667, Val Accuracy: 0.9208
2025-01-16 16:00:22,063 - INFO - Epoch [4/100], Train Accuracy: 0.9859, Val Accuracy: 0.9167
2025-01-16 16:00:22,131 - INFO - Epoch [5/100], Train Accuracy: 0.9927, Val Accuracy: 0.9125
2025-01-16 16:00:22,194 - INFO - Epoch [6/100], Train Accuracy: 0.9964, Val Accuracy: 0.9062
2025-01-16 16:00:22,201 - INFO - Fold 2 Validation Accuracy: 0.9062
2025-01-16 16:00:22,201 - INFO - Training for fold 3/5
2025-01-16 16:00:22,273 - INFO - Epoch [1/100], Train Accuracy: 0.7109, Val Accuracy: 0.8938
2025-01-16 16:00:22,337 - INFO - Epoch [2/100], Train Accuracy: 0.9266, Val Accuracy: 0.9187
2025-01-16 16:00:22,403 - INFO - Epoch [3/100], Train Accuracy: 0.9630, Val Accuracy: 0.9250
2025-01-16 16:00:22,468 - INFO - Epoch [4/100], Train Accuracy: 0.9828, Val Accuracy: 0.9271
2025-01-16 16:00:22,533 - INFO - Epoch [5/100], Train Accuracy: 0.9901, Val Accuracy: 0.9250
2025-01-16 16:00:22,599 - INFO - Epoch [6/100], Train Accuracy: 0.9953, Val Accuracy: 0.9187
2025-01-16 16:00:22,606 - INFO - Fold 3 Validation Accuracy: 0.9187
2025-01-16 16:00:22,606 - INFO - Training for fold 4/5
2025-01-16 16:00:22,678 - INFO - Epoch [1/100], Train Accuracy: 0.7193, Val Accuracy: 0.8729
2025-01-16 16:00:22,741 - INFO - Epoch [2/100], Train Accuracy: 0.9203, Val Accuracy: 0.9104
2025-01-16 16:00:22,802 - INFO - Epoch [3/100], Train Accuracy: 0.9599, Val Accuracy: 0.9313
2025-01-16 16:00:22,862 - INFO - Epoch [4/100], Train Accuracy: 0.9776, Val Accuracy: 0.9229
2025-01-16 16:00:22,930 - INFO - Epoch [5/100], Train Accuracy: 0.9891, Val Accuracy: 0.9146
2025-01-16 16:00:22,937 - INFO - Fold 4 Validation Accuracy: 0.9146
2025-01-16 16:00:22,937 - INFO - Training for fold 5/5
2025-01-16 16:00:23,014 - INFO - Epoch [1/100], Train Accuracy: 0.7130, Val Accuracy: 0.8812
2025-01-16 16:00:23,079 - INFO - Epoch [2/100], Train Accuracy: 0.9245, Val Accuracy: 0.9042
2025-01-16 16:00:23,146 - INFO - Epoch [3/100], Train Accuracy: 0.9620, Val Accuracy: 0.9187
2025-01-16 16:00:23,214 - INFO - Epoch [4/100], Train Accuracy: 0.9807, Val Accuracy: 0.9250
2025-01-16 16:00:23,282 - INFO - Epoch [5/100], Train Accuracy: 0.9932, Val Accuracy: 0.9396
2025-01-16 16:00:23,348 - INFO - Epoch [6/100], Train Accuracy: 0.9953, Val Accuracy: 0.9292
2025-01-16 16:00:23,353 - INFO - Fold 5 Validation Accuracy: 0.9292
2025-01-16 16:00:23,353 - INFO - Average Validation Accuracy (Over 5 folds): 0.9154 

2025-01-16 16:00:23,563 - INFO - Training with Vectorized Data 1000 features. Dropout Rate 0.56. Dataset Size 2400. 128 neurons. Leanring Rate 0.002
2025-01-16 16:00:23,563 - INFO - Training for fold 1/5
2025-01-16 16:00:23,633 - INFO - Epoch [1/100], Train Accuracy: 0.6833, Val Accuracy: 0.8521
2025-01-16 16:00:23,694 - INFO - Epoch [2/100], Train Accuracy: 0.9219, Val Accuracy: 0.9104
2025-01-16 16:00:23,756 - INFO - Epoch [3/100], Train Accuracy: 0.9615, Val Accuracy: 0.9208
2025-01-16 16:00:23,823 - INFO - Epoch [4/100], Train Accuracy: 0.9833, Val Accuracy: 0.9292
2025-01-16 16:00:23,890 - INFO - Epoch [5/100], Train Accuracy: 0.9901, Val Accuracy: 0.9208
2025-01-16 16:00:23,955 - INFO - Epoch [6/100], Train Accuracy: 0.9948, Val Accuracy: 0.9229
2025-01-16 16:00:24,023 - INFO - Epoch [7/100], Train Accuracy: 0.9979, Val Accuracy: 0.9250
2025-01-16 16:00:24,029 - INFO - Fold 1 Validation Accuracy: 0.9250
2025-01-16 16:00:24,030 - INFO - Training for fold 2/5
2025-01-16 16:00:24,102 - INFO - Epoch [1/100], Train Accuracy: 0.6937, Val Accuracy: 0.9083
2025-01-16 16:00:24,166 - INFO - Epoch [2/100], Train Accuracy: 0.9234, Val Accuracy: 0.9229
2025-01-16 16:00:24,234 - INFO - Epoch [3/100], Train Accuracy: 0.9651, Val Accuracy: 0.9313
2025-01-16 16:00:24,300 - INFO - Epoch [4/100], Train Accuracy: 0.9786, Val Accuracy: 0.9271
2025-01-16 16:00:24,366 - INFO - Epoch [5/100], Train Accuracy: 0.9896, Val Accuracy: 0.9271
2025-01-16 16:00:24,429 - INFO - Epoch [6/100], Train Accuracy: 0.9948, Val Accuracy: 0.9208
2025-01-16 16:00:24,488 - INFO - Epoch [7/100], Train Accuracy: 0.9948, Val Accuracy: 0.9271
2025-01-16 16:00:24,549 - INFO - Epoch [8/100], Train Accuracy: 0.9964, Val Accuracy: 0.9333
2025-01-16 16:00:24,614 - INFO - Epoch [9/100], Train Accuracy: 0.9969, Val Accuracy: 0.9292
2025-01-16 16:00:24,620 - INFO - Fold 2 Validation Accuracy: 0.9292
2025-01-16 16:00:24,621 - INFO - Training for fold 3/5
2025-01-16 16:00:24,693 - INFO - Epoch [1/100], Train Accuracy: 0.6641, Val Accuracy: 0.9062
2025-01-16 16:00:24,757 - INFO - Epoch [2/100], Train Accuracy: 0.9198, Val Accuracy: 0.9083
2025-01-16 16:00:24,822 - INFO - Epoch [3/100], Train Accuracy: 0.9620, Val Accuracy: 0.9187
2025-01-16 16:00:24,885 - INFO - Epoch [4/100], Train Accuracy: 0.9849, Val Accuracy: 0.9271
2025-01-16 16:00:24,951 - INFO - Epoch [5/100], Train Accuracy: 0.9927, Val Accuracy: 0.9271
2025-01-16 16:00:25,017 - INFO - Epoch [6/100], Train Accuracy: 0.9953, Val Accuracy: 0.9250
2025-01-16 16:00:25,083 - INFO - Epoch [7/100], Train Accuracy: 0.9964, Val Accuracy: 0.9229
2025-01-16 16:00:25,089 - INFO - Fold 3 Validation Accuracy: 0.9229
2025-01-16 16:00:25,089 - INFO - Training for fold 4/5
2025-01-16 16:00:25,163 - INFO - Epoch [1/100], Train Accuracy: 0.7552, Val Accuracy: 0.8750
2025-01-16 16:00:25,229 - INFO - Epoch [2/100], Train Accuracy: 0.9266, Val Accuracy: 0.9083
2025-01-16 16:00:25,296 - INFO - Epoch [3/100], Train Accuracy: 0.9625, Val Accuracy: 0.9187
2025-01-16 16:00:25,362 - INFO - Epoch [4/100], Train Accuracy: 0.9839, Val Accuracy: 0.9062
2025-01-16 16:00:25,427 - INFO - Epoch [5/100], Train Accuracy: 0.9917, Val Accuracy: 0.9125
2025-01-16 16:00:25,488 - INFO - Epoch [6/100], Train Accuracy: 0.9953, Val Accuracy: 0.9104
2025-01-16 16:00:25,495 - INFO - Fold 4 Validation Accuracy: 0.9104
2025-01-16 16:00:25,495 - INFO - Training for fold 5/5
2025-01-16 16:00:25,568 - INFO - Epoch [1/100], Train Accuracy: 0.7089, Val Accuracy: 0.8812
2025-01-16 16:00:25,633 - INFO - Epoch [2/100], Train Accuracy: 0.9255, Val Accuracy: 0.9042
2025-01-16 16:00:25,698 - INFO - Epoch [3/100], Train Accuracy: 0.9656, Val Accuracy: 0.9104
2025-01-16 16:00:25,762 - INFO - Epoch [4/100], Train Accuracy: 0.9849, Val Accuracy: 0.9146
2025-01-16 16:00:25,828 - INFO - Epoch [5/100], Train Accuracy: 0.9896, Val Accuracy: 0.9083
2025-01-16 16:00:25,893 - INFO - Epoch [6/100], Train Accuracy: 0.9922, Val Accuracy: 0.9104
2025-01-16 16:00:25,957 - INFO - Epoch [7/100], Train Accuracy: 0.9953, Val Accuracy: 0.8958
2025-01-16 16:00:25,963 - INFO - Fold 5 Validation Accuracy: 0.8958
2025-01-16 16:00:25,964 - INFO - Average Validation Accuracy (Over 5 folds): 0.9167 

2025-01-16 16:00:26,178 - INFO - Training with Vectorized Data 1000 features. Dropout Rate 0.56. Dataset Size 2400. 128 neurons. Leanring Rate 0.002
2025-01-16 16:00:26,178 - INFO - Training for fold 1/5
2025-01-16 16:00:26,243 - INFO - Epoch [1/100], Train Accuracy: 0.6745, Val Accuracy: 0.9208
2025-01-16 16:00:26,306 - INFO - Epoch [2/100], Train Accuracy: 0.9193, Val Accuracy: 0.9396
2025-01-16 16:00:26,367 - INFO - Epoch [3/100], Train Accuracy: 0.9583, Val Accuracy: 0.9375
2025-01-16 16:00:26,432 - INFO - Epoch [4/100], Train Accuracy: 0.9818, Val Accuracy: 0.9396
2025-01-16 16:00:26,496 - INFO - Epoch [5/100], Train Accuracy: 0.9901, Val Accuracy: 0.9437
2025-01-16 16:00:26,562 - INFO - Epoch [6/100], Train Accuracy: 0.9948, Val Accuracy: 0.9396
2025-01-16 16:00:26,627 - INFO - Epoch [7/100], Train Accuracy: 0.9964, Val Accuracy: 0.9375
2025-01-16 16:00:26,633 - INFO - Fold 1 Validation Accuracy: 0.9375
2025-01-16 16:00:26,633 - INFO - Training for fold 2/5
2025-01-16 16:00:26,705 - INFO - Epoch [1/100], Train Accuracy: 0.6729, Val Accuracy: 0.8979
2025-01-16 16:00:26,772 - INFO - Epoch [2/100], Train Accuracy: 0.9224, Val Accuracy: 0.9187
2025-01-16 16:00:26,840 - INFO - Epoch [3/100], Train Accuracy: 0.9604, Val Accuracy: 0.9250
2025-01-16 16:00:26,904 - INFO - Epoch [4/100], Train Accuracy: 0.9807, Val Accuracy: 0.9187
2025-01-16 16:00:26,972 - INFO - Epoch [5/100], Train Accuracy: 0.9911, Val Accuracy: 0.9167
2025-01-16 16:00:27,038 - INFO - Epoch [6/100], Train Accuracy: 0.9958, Val Accuracy: 0.9187
2025-01-16 16:00:27,045 - INFO - Fold 2 Validation Accuracy: 0.9187
2025-01-16 16:00:27,046 - INFO - Training for fold 3/5
2025-01-16 16:00:27,118 - INFO - Epoch [1/100], Train Accuracy: 0.7240, Val Accuracy: 0.8458
2025-01-16 16:00:27,186 - INFO - Epoch [2/100], Train Accuracy: 0.9255, Val Accuracy: 0.8979
2025-01-16 16:00:27,253 - INFO - Epoch [3/100], Train Accuracy: 0.9635, Val Accuracy: 0.9104
2025-01-16 16:00:27,318 - INFO - Epoch [4/100], Train Accuracy: 0.9833, Val Accuracy: 0.9146
2025-01-16 16:00:27,383 - INFO - Epoch [5/100], Train Accuracy: 0.9917, Val Accuracy: 0.9167
2025-01-16 16:00:27,448 - INFO - Epoch [6/100], Train Accuracy: 0.9948, Val Accuracy: 0.9167
2025-01-16 16:00:27,514 - INFO - Epoch [7/100], Train Accuracy: 0.9964, Val Accuracy: 0.9167
2025-01-16 16:00:27,579 - INFO - Epoch [8/100], Train Accuracy: 0.9969, Val Accuracy: 0.9125
2025-01-16 16:00:27,586 - INFO - Fold 3 Validation Accuracy: 0.9125
2025-01-16 16:00:27,586 - INFO - Training for fold 4/5
2025-01-16 16:00:27,657 - INFO - Epoch [1/100], Train Accuracy: 0.7005, Val Accuracy: 0.8604
2025-01-16 16:00:27,723 - INFO - Epoch [2/100], Train Accuracy: 0.9333, Val Accuracy: 0.8854
2025-01-16 16:00:27,783 - INFO - Epoch [3/100], Train Accuracy: 0.9635, Val Accuracy: 0.8958
2025-01-16 16:00:27,844 - INFO - Epoch [4/100], Train Accuracy: 0.9812, Val Accuracy: 0.9062
2025-01-16 16:00:27,903 - INFO - Epoch [5/100], Train Accuracy: 0.9896, Val Accuracy: 0.9083
2025-01-16 16:00:27,973 - INFO - Epoch [6/100], Train Accuracy: 0.9948, Val Accuracy: 0.9083
2025-01-16 16:00:28,041 - INFO - Epoch [7/100], Train Accuracy: 0.9958, Val Accuracy: 0.9125
2025-01-16 16:00:28,108 - INFO - Epoch [8/100], Train Accuracy: 0.9964, Val Accuracy: 0.9104
2025-01-16 16:00:28,175 - INFO - Epoch [9/100], Train Accuracy: 0.9969, Val Accuracy: 0.9083
2025-01-16 16:00:28,181 - INFO - Fold 4 Validation Accuracy: 0.9083
2025-01-16 16:00:28,181 - INFO - Training for fold 5/5
2025-01-16 16:00:28,254 - INFO - Epoch [1/100], Train Accuracy: 0.6589, Val Accuracy: 0.9042
2025-01-16 16:00:28,317 - INFO - Epoch [2/100], Train Accuracy: 0.9203, Val Accuracy: 0.9354
2025-01-16 16:00:28,383 - INFO - Epoch [3/100], Train Accuracy: 0.9599, Val Accuracy: 0.9479
2025-01-16 16:00:28,451 - INFO - Epoch [4/100], Train Accuracy: 0.9807, Val Accuracy: 0.9437
2025-01-16 16:00:28,519 - INFO - Epoch [5/100], Train Accuracy: 0.9901, Val Accuracy: 0.9437
2025-01-16 16:00:28,583 - INFO - Epoch [6/100], Train Accuracy: 0.9922, Val Accuracy: 0.9417
2025-01-16 16:00:28,645 - INFO - Epoch [7/100], Train Accuracy: 0.9958, Val Accuracy: 0.9313
2025-01-16 16:00:28,652 - INFO - Fold 5 Validation Accuracy: 0.9313
2025-01-16 16:00:28,652 - INFO - Average Validation Accuracy (Over 5 folds): 0.9217 

2025-01-16 16:00:28,862 - INFO - Training with Vectorized Data 1000 features. Dropout Rate 0.56. Dataset Size 2400. 128 neurons. Leanring Rate 0.002
2025-01-16 16:00:28,862 - INFO - Training for fold 1/5
2025-01-16 16:00:28,927 - INFO - Epoch [1/100], Train Accuracy: 0.6260, Val Accuracy: 0.8979
2025-01-16 16:00:28,992 - INFO - Epoch [2/100], Train Accuracy: 0.9281, Val Accuracy: 0.9146
2025-01-16 16:00:29,056 - INFO - Epoch [3/100], Train Accuracy: 0.9661, Val Accuracy: 0.9187
2025-01-16 16:00:29,128 - INFO - Epoch [4/100], Train Accuracy: 0.9833, Val Accuracy: 0.9187
2025-01-16 16:00:29,202 - INFO - Epoch [5/100], Train Accuracy: 0.9917, Val Accuracy: 0.9250
2025-01-16 16:00:29,277 - INFO - Epoch [6/100], Train Accuracy: 0.9938, Val Accuracy: 0.9313
2025-01-16 16:00:29,354 - INFO - Epoch [7/100], Train Accuracy: 0.9953, Val Accuracy: 0.9229
2025-01-16 16:00:29,361 - INFO - Fold 1 Validation Accuracy: 0.9229
2025-01-16 16:00:29,361 - INFO - Training for fold 2/5
2025-01-16 16:00:29,445 - INFO - Epoch [1/100], Train Accuracy: 0.7583, Val Accuracy: 0.8917
2025-01-16 16:00:29,516 - INFO - Epoch [2/100], Train Accuracy: 0.9224, Val Accuracy: 0.9125
2025-01-16 16:00:29,577 - INFO - Epoch [3/100], Train Accuracy: 0.9615, Val Accuracy: 0.9292
2025-01-16 16:00:29,645 - INFO - Epoch [4/100], Train Accuracy: 0.9797, Val Accuracy: 0.9313
2025-01-16 16:00:29,712 - INFO - Epoch [5/100], Train Accuracy: 0.9901, Val Accuracy: 0.9250
2025-01-16 16:00:29,777 - INFO - Epoch [6/100], Train Accuracy: 0.9948, Val Accuracy: 0.9292
2025-01-16 16:00:29,839 - INFO - Epoch [7/100], Train Accuracy: 0.9958, Val Accuracy: 0.9271
2025-01-16 16:00:29,845 - INFO - Fold 2 Validation Accuracy: 0.9271
2025-01-16 16:00:29,846 - INFO - Training for fold 3/5
2025-01-16 16:00:29,917 - INFO - Epoch [1/100], Train Accuracy: 0.6552, Val Accuracy: 0.9229
2025-01-16 16:00:29,984 - INFO - Epoch [2/100], Train Accuracy: 0.9234, Val Accuracy: 0.9396
2025-01-16 16:00:30,051 - INFO - Epoch [3/100], Train Accuracy: 0.9672, Val Accuracy: 0.9396
2025-01-16 16:00:30,113 - INFO - Epoch [4/100], Train Accuracy: 0.9812, Val Accuracy: 0.9375
2025-01-16 16:00:30,173 - INFO - Epoch [5/100], Train Accuracy: 0.9911, Val Accuracy: 0.9458
2025-01-16 16:00:30,239 - INFO - Epoch [6/100], Train Accuracy: 0.9948, Val Accuracy: 0.9417
2025-01-16 16:00:30,305 - INFO - Epoch [7/100], Train Accuracy: 0.9953, Val Accuracy: 0.9313
2025-01-16 16:00:30,311 - INFO - Fold 3 Validation Accuracy: 0.9313
2025-01-16 16:00:30,311 - INFO - Training for fold 4/5
2025-01-16 16:00:30,385 - INFO - Epoch [1/100], Train Accuracy: 0.6479, Val Accuracy: 0.8938
2025-01-16 16:00:30,454 - INFO - Epoch [2/100], Train Accuracy: 0.9245, Val Accuracy: 0.8917
2025-01-16 16:00:30,527 - INFO - Epoch [3/100], Train Accuracy: 0.9573, Val Accuracy: 0.9062
2025-01-16 16:00:30,602 - INFO - Epoch [4/100], Train Accuracy: 0.9839, Val Accuracy: 0.9042
2025-01-16 16:00:30,674 - INFO - Epoch [5/100], Train Accuracy: 0.9901, Val Accuracy: 0.9104
2025-01-16 16:00:30,743 - INFO - Epoch [6/100], Train Accuracy: 0.9953, Val Accuracy: 0.9062
2025-01-16 16:00:30,749 - INFO - Fold 4 Validation Accuracy: 0.9062
2025-01-16 16:00:30,749 - INFO - Training for fold 5/5
2025-01-16 16:00:30,822 - INFO - Epoch [1/100], Train Accuracy: 0.6995, Val Accuracy: 0.8854
2025-01-16 16:00:30,885 - INFO - Epoch [2/100], Train Accuracy: 0.9240, Val Accuracy: 0.9208
2025-01-16 16:00:30,948 - INFO - Epoch [3/100], Train Accuracy: 0.9594, Val Accuracy: 0.9271
2025-01-16 16:00:31,011 - INFO - Epoch [4/100], Train Accuracy: 0.9812, Val Accuracy: 0.9333
2025-01-16 16:00:31,071 - INFO - Epoch [5/100], Train Accuracy: 0.9896, Val Accuracy: 0.9313
2025-01-16 16:00:31,138 - INFO - Epoch [6/100], Train Accuracy: 0.9938, Val Accuracy: 0.9354
2025-01-16 16:00:31,205 - INFO - Epoch [7/100], Train Accuracy: 0.9958, Val Accuracy: 0.9354
2025-01-16 16:00:31,271 - INFO - Epoch [8/100], Train Accuracy: 0.9958, Val Accuracy: 0.9354
2025-01-16 16:00:31,331 - INFO - Epoch [9/100], Train Accuracy: 0.9969, Val Accuracy: 0.9354
2025-01-16 16:00:31,394 - INFO - Epoch [10/100], Train Accuracy: 0.9969, Val Accuracy: 0.9333
2025-01-16 16:00:31,457 - INFO - Epoch [11/100], Train Accuracy: 0.9969, Val Accuracy: 0.9313
2025-01-16 16:00:31,463 - INFO - Fold 5 Validation Accuracy: 0.9313
2025-01-16 16:00:31,464 - INFO - Average Validation Accuracy (Over 5 folds): 0.9238 

