2025-01-16 19:49:13,597 - INFO - Training with Vectorized Data 1000 features. Dropout Rate 0.564. Dataset Size 2400. 128 neurons. Leanring Rate 0.002
2025-01-16 19:49:13,597 - INFO - Training for fold 1/5
2025-01-16 19:49:15,054 - INFO - Epoch [1/100], Train Accuracy: 0.6833, Val Accuracy: 0.8979
2025-01-16 19:49:15,156 - INFO - Epoch [2/100], Train Accuracy: 0.9260, Val Accuracy: 0.9125
2025-01-16 19:49:15,260 - INFO - Epoch [3/100], Train Accuracy: 0.9599, Val Accuracy: 0.9250
2025-01-16 19:49:15,375 - INFO - Epoch [4/100], Train Accuracy: 0.9828, Val Accuracy: 0.9229
2025-01-16 19:49:15,474 - INFO - Epoch [5/100], Train Accuracy: 0.9896, Val Accuracy: 0.9333
2025-01-16 19:49:15,581 - INFO - Epoch [6/100], Train Accuracy: 0.9948, Val Accuracy: 0.9333
2025-01-16 19:49:15,681 - INFO - Epoch [7/100], Train Accuracy: 0.9958, Val Accuracy: 0.9375
2025-01-16 19:49:15,791 - INFO - Epoch [8/100], Train Accuracy: 0.9969, Val Accuracy: 0.9313
2025-01-16 19:49:15,800 - INFO - Fold 1 Validation Accuracy: 0.9313
2025-01-16 19:49:15,800 - INFO - Training for fold 2/5
2025-01-16 19:49:15,906 - INFO - Epoch [1/100], Train Accuracy: 0.7042, Val Accuracy: 0.8833
2025-01-16 19:49:16,013 - INFO - Epoch [2/100], Train Accuracy: 0.9297, Val Accuracy: 0.9021
2025-01-16 19:49:16,108 - INFO - Epoch [3/100], Train Accuracy: 0.9635, Val Accuracy: 0.9042
2025-01-16 19:49:16,203 - INFO - Epoch [4/100], Train Accuracy: 0.9802, Val Accuracy: 0.9167
2025-01-16 19:49:16,300 - INFO - Epoch [5/100], Train Accuracy: 0.9896, Val Accuracy: 0.9208
2025-01-16 19:49:16,406 - INFO - Epoch [6/100], Train Accuracy: 0.9953, Val Accuracy: 0.9271
2025-01-16 19:49:16,502 - INFO - Epoch [7/100], Train Accuracy: 0.9964, Val Accuracy: 0.9271
2025-01-16 19:49:16,605 - INFO - Epoch [8/100], Train Accuracy: 0.9969, Val Accuracy: 0.9292
2025-01-16 19:49:16,707 - INFO - Epoch [9/100], Train Accuracy: 0.9974, Val Accuracy: 0.9271
2025-01-16 19:49:16,810 - INFO - Epoch [10/100], Train Accuracy: 0.9979, Val Accuracy: 0.9271
2025-01-16 19:49:16,913 - INFO - Epoch [11/100], Train Accuracy: 0.9984, Val Accuracy: 0.9250
2025-01-16 19:49:16,924 - INFO - Fold 2 Validation Accuracy: 0.9250
2025-01-16 19:49:16,924 - INFO - Training for fold 3/5
2025-01-16 19:49:17,050 - INFO - Epoch [1/100], Train Accuracy: 0.6719, Val Accuracy: 0.8688
2025-01-16 19:49:17,157 - INFO - Epoch [2/100], Train Accuracy: 0.9260, Val Accuracy: 0.8917
2025-01-16 19:49:17,254 - INFO - Epoch [3/100], Train Accuracy: 0.9661, Val Accuracy: 0.9208
2025-01-16 19:49:17,369 - INFO - Epoch [4/100], Train Accuracy: 0.9844, Val Accuracy: 0.9104
2025-01-16 19:49:17,476 - INFO - Epoch [5/100], Train Accuracy: 0.9927, Val Accuracy: 0.9146
2025-01-16 19:49:17,582 - INFO - Epoch [6/100], Train Accuracy: 0.9974, Val Accuracy: 0.9083
2025-01-16 19:49:17,593 - INFO - Fold 3 Validation Accuracy: 0.9083
2025-01-16 19:49:17,593 - INFO - Training for fold 4/5
2025-01-16 19:49:17,709 - INFO - Epoch [1/100], Train Accuracy: 0.6578, Val Accuracy: 0.9021
2025-01-16 19:49:17,810 - INFO - Epoch [2/100], Train Accuracy: 0.9161, Val Accuracy: 0.9375
2025-01-16 19:49:17,924 - INFO - Epoch [3/100], Train Accuracy: 0.9620, Val Accuracy: 0.9396
2025-01-16 19:49:18,026 - INFO - Epoch [4/100], Train Accuracy: 0.9786, Val Accuracy: 0.9271
2025-01-16 19:49:18,123 - INFO - Epoch [5/100], Train Accuracy: 0.9885, Val Accuracy: 0.9313
2025-01-16 19:49:18,227 - INFO - Epoch [6/100], Train Accuracy: 0.9932, Val Accuracy: 0.9250
2025-01-16 19:49:18,328 - INFO - Epoch [7/100], Train Accuracy: 0.9953, Val Accuracy: 0.9271
2025-01-16 19:49:18,342 - INFO - Fold 4 Validation Accuracy: 0.9271
2025-01-16 19:49:18,342 - INFO - Training for fold 5/5
2025-01-16 19:49:18,456 - INFO - Epoch [1/100], Train Accuracy: 0.6932, Val Accuracy: 0.8854
2025-01-16 19:49:18,556 - INFO - Epoch [2/100], Train Accuracy: 0.9292, Val Accuracy: 0.9167
2025-01-16 19:49:18,654 - INFO - Epoch [3/100], Train Accuracy: 0.9667, Val Accuracy: 0.9229
2025-01-16 19:49:18,752 - INFO - Epoch [4/100], Train Accuracy: 0.9844, Val Accuracy: 0.9208
2025-01-16 19:49:18,842 - INFO - Epoch [5/100], Train Accuracy: 0.9896, Val Accuracy: 0.9208
2025-01-16 19:49:18,937 - INFO - Epoch [6/100], Train Accuracy: 0.9938, Val Accuracy: 0.9187
2025-01-16 19:49:19,029 - INFO - Epoch [7/100], Train Accuracy: 0.9953, Val Accuracy: 0.9250
2025-01-16 19:49:19,120 - INFO - Epoch [8/100], Train Accuracy: 0.9953, Val Accuracy: 0.9313
2025-01-16 19:49:19,225 - INFO - Epoch [9/100], Train Accuracy: 0.9974, Val Accuracy: 0.9271
2025-01-16 19:49:19,236 - INFO - Fold 5 Validation Accuracy: 0.9271
2025-01-16 19:49:19,236 - INFO - Average Validation Accuracy (Over 5 folds): 0.9238 

2025-01-16 19:49:19,391 - INFO - Training with Vectorized Data 1000 features. Dropout Rate 0.564. Dataset Size 2400. 128 neurons. Leanring Rate 0.002
2025-01-16 19:49:19,391 - INFO - Training for fold 1/5
2025-01-16 19:49:19,497 - INFO - Epoch [1/100], Train Accuracy: 0.7604, Val Accuracy: 0.9021
2025-01-16 19:49:19,593 - INFO - Epoch [2/100], Train Accuracy: 0.9260, Val Accuracy: 0.9167
2025-01-16 19:49:19,692 - INFO - Epoch [3/100], Train Accuracy: 0.9625, Val Accuracy: 0.9375
2025-01-16 19:49:19,792 - INFO - Epoch [4/100], Train Accuracy: 0.9823, Val Accuracy: 0.9479
2025-01-16 19:49:19,890 - INFO - Epoch [5/100], Train Accuracy: 0.9891, Val Accuracy: 0.9417
2025-01-16 19:49:19,987 - INFO - Epoch [6/100], Train Accuracy: 0.9927, Val Accuracy: 0.9417
2025-01-16 19:49:20,078 - INFO - Epoch [7/100], Train Accuracy: 0.9958, Val Accuracy: 0.9375
2025-01-16 19:49:20,089 - INFO - Fold 1 Validation Accuracy: 0.9375
2025-01-16 19:49:20,089 - INFO - Training for fold 2/5
2025-01-16 19:49:20,198 - INFO - Epoch [1/100], Train Accuracy: 0.7172, Val Accuracy: 0.8812
2025-01-16 19:49:20,296 - INFO - Epoch [2/100], Train Accuracy: 0.9255, Val Accuracy: 0.9125
2025-01-16 19:49:20,386 - INFO - Epoch [3/100], Train Accuracy: 0.9693, Val Accuracy: 0.9167
2025-01-16 19:49:20,478 - INFO - Epoch [4/100], Train Accuracy: 0.9792, Val Accuracy: 0.9250
2025-01-16 19:49:20,577 - INFO - Epoch [5/100], Train Accuracy: 0.9901, Val Accuracy: 0.9250
2025-01-16 19:49:20,672 - INFO - Epoch [6/100], Train Accuracy: 0.9938, Val Accuracy: 0.9250
2025-01-16 19:49:20,780 - INFO - Epoch [7/100], Train Accuracy: 0.9953, Val Accuracy: 0.9229
2025-01-16 19:49:20,887 - INFO - Epoch [8/100], Train Accuracy: 0.9964, Val Accuracy: 0.9271
2025-01-16 19:49:21,028 - INFO - Epoch [9/100], Train Accuracy: 0.9969, Val Accuracy: 0.9271
2025-01-16 19:49:21,150 - INFO - Epoch [10/100], Train Accuracy: 0.9969, Val Accuracy: 0.9250
2025-01-16 19:49:21,261 - INFO - Epoch [11/100], Train Accuracy: 0.9969, Val Accuracy: 0.9250
2025-01-16 19:49:21,378 - INFO - Epoch [12/100], Train Accuracy: 0.9969, Val Accuracy: 0.9271
2025-01-16 19:49:21,490 - INFO - Epoch [13/100], Train Accuracy: 0.9969, Val Accuracy: 0.9229
2025-01-16 19:49:21,502 - INFO - Fold 2 Validation Accuracy: 0.9229
2025-01-16 19:49:21,502 - INFO - Training for fold 3/5
2025-01-16 19:49:21,630 - INFO - Epoch [1/100], Train Accuracy: 0.7000, Val Accuracy: 0.8833
2025-01-16 19:49:21,744 - INFO - Epoch [2/100], Train Accuracy: 0.9271, Val Accuracy: 0.8958
2025-01-16 19:49:21,857 - INFO - Epoch [3/100], Train Accuracy: 0.9661, Val Accuracy: 0.9000
2025-01-16 19:49:21,962 - INFO - Epoch [4/100], Train Accuracy: 0.9839, Val Accuracy: 0.9062
2025-01-16 19:49:22,075 - INFO - Epoch [5/100], Train Accuracy: 0.9911, Val Accuracy: 0.9083
2025-01-16 19:49:22,181 - INFO - Epoch [6/100], Train Accuracy: 0.9958, Val Accuracy: 0.9083
2025-01-16 19:49:22,297 - INFO - Epoch [7/100], Train Accuracy: 0.9974, Val Accuracy: 0.9125
2025-01-16 19:49:22,410 - INFO - Epoch [8/100], Train Accuracy: 0.9984, Val Accuracy: 0.9083
2025-01-16 19:49:22,424 - INFO - Fold 3 Validation Accuracy: 0.9083
2025-01-16 19:49:22,424 - INFO - Training for fold 4/5
2025-01-16 19:49:22,547 - INFO - Epoch [1/100], Train Accuracy: 0.6932, Val Accuracy: 0.8979
2025-01-16 19:49:22,664 - INFO - Epoch [2/100], Train Accuracy: 0.9245, Val Accuracy: 0.9125
2025-01-16 19:49:22,777 - INFO - Epoch [3/100], Train Accuracy: 0.9589, Val Accuracy: 0.9333
2025-01-16 19:49:22,893 - INFO - Epoch [4/100], Train Accuracy: 0.9807, Val Accuracy: 0.9354
2025-01-16 19:49:23,008 - INFO - Epoch [5/100], Train Accuracy: 0.9911, Val Accuracy: 0.9313
2025-01-16 19:49:23,126 - INFO - Epoch [6/100], Train Accuracy: 0.9943, Val Accuracy: 0.9375
2025-01-16 19:49:23,230 - INFO - Epoch [7/100], Train Accuracy: 0.9969, Val Accuracy: 0.9333
2025-01-16 19:49:23,243 - INFO - Fold 4 Validation Accuracy: 0.9333
2025-01-16 19:49:23,243 - INFO - Training for fold 5/5
2025-01-16 19:49:23,375 - INFO - Epoch [1/100], Train Accuracy: 0.7458, Val Accuracy: 0.9000
2025-01-16 19:49:23,477 - INFO - Epoch [2/100], Train Accuracy: 0.9286, Val Accuracy: 0.9229
2025-01-16 19:49:23,590 - INFO - Epoch [3/100], Train Accuracy: 0.9651, Val Accuracy: 0.9375
2025-01-16 19:49:23,700 - INFO - Epoch [4/100], Train Accuracy: 0.9844, Val Accuracy: 0.9292
2025-01-16 19:49:23,810 - INFO - Epoch [5/100], Train Accuracy: 0.9922, Val Accuracy: 0.9375
2025-01-16 19:49:23,928 - INFO - Epoch [6/100], Train Accuracy: 0.9964, Val Accuracy: 0.9292
2025-01-16 19:49:23,942 - INFO - Fold 5 Validation Accuracy: 0.9292
2025-01-16 19:49:23,943 - INFO - Average Validation Accuracy (Over 5 folds): 0.9262 

2025-01-16 19:49:24,075 - INFO - Training with Vectorized Data 1000 features. Dropout Rate 0.564. Dataset Size 2400. 128 neurons. Leanring Rate 0.002
2025-01-16 19:49:24,075 - INFO - Training for fold 1/5
2025-01-16 19:49:24,214 - INFO - Epoch [1/100], Train Accuracy: 0.7156, Val Accuracy: 0.8875
2025-01-16 19:49:24,338 - INFO - Epoch [2/100], Train Accuracy: 0.9255, Val Accuracy: 0.9125
2025-01-16 19:49:24,446 - INFO - Epoch [3/100], Train Accuracy: 0.9630, Val Accuracy: 0.9167
2025-01-16 19:49:24,556 - INFO - Epoch [4/100], Train Accuracy: 0.9828, Val Accuracy: 0.9104
2025-01-16 19:49:24,669 - INFO - Epoch [5/100], Train Accuracy: 0.9917, Val Accuracy: 0.9125
2025-01-16 19:49:24,787 - INFO - Epoch [6/100], Train Accuracy: 0.9948, Val Accuracy: 0.9167
2025-01-16 19:49:24,914 - INFO - Epoch [7/100], Train Accuracy: 0.9958, Val Accuracy: 0.9187
2025-01-16 19:49:25,025 - INFO - Epoch [8/100], Train Accuracy: 0.9974, Val Accuracy: 0.9146
2025-01-16 19:49:25,038 - INFO - Fold 1 Validation Accuracy: 0.9146
2025-01-16 19:49:25,038 - INFO - Training for fold 2/5
2025-01-16 19:49:25,168 - INFO - Epoch [1/100], Train Accuracy: 0.7073, Val Accuracy: 0.8729
2025-01-16 19:49:25,280 - INFO - Epoch [2/100], Train Accuracy: 0.9281, Val Accuracy: 0.8958
2025-01-16 19:49:25,397 - INFO - Epoch [3/100], Train Accuracy: 0.9646, Val Accuracy: 0.9104
2025-01-16 19:49:25,523 - INFO - Epoch [4/100], Train Accuracy: 0.9859, Val Accuracy: 0.9146
2025-01-16 19:49:25,643 - INFO - Epoch [5/100], Train Accuracy: 0.9922, Val Accuracy: 0.9187
2025-01-16 19:49:25,750 - INFO - Epoch [6/100], Train Accuracy: 0.9958, Val Accuracy: 0.9208
2025-01-16 19:49:25,863 - INFO - Epoch [7/100], Train Accuracy: 0.9969, Val Accuracy: 0.9146
2025-01-16 19:49:25,877 - INFO - Fold 2 Validation Accuracy: 0.9146
2025-01-16 19:49:25,877 - INFO - Training for fold 3/5
2025-01-16 19:49:26,029 - INFO - Epoch [1/100], Train Accuracy: 0.6937, Val Accuracy: 0.8917
2025-01-16 19:49:26,158 - INFO - Epoch [2/100], Train Accuracy: 0.9198, Val Accuracy: 0.9417
2025-01-16 19:49:26,267 - INFO - Epoch [3/100], Train Accuracy: 0.9620, Val Accuracy: 0.9417
2025-01-16 19:49:26,369 - INFO - Epoch [4/100], Train Accuracy: 0.9797, Val Accuracy: 0.9458
2025-01-16 19:49:26,475 - INFO - Epoch [5/100], Train Accuracy: 0.9901, Val Accuracy: 0.9417
2025-01-16 19:49:26,578 - INFO - Epoch [6/100], Train Accuracy: 0.9943, Val Accuracy: 0.9417
2025-01-16 19:49:26,679 - INFO - Epoch [7/100], Train Accuracy: 0.9964, Val Accuracy: 0.9375
2025-01-16 19:49:26,690 - INFO - Fold 3 Validation Accuracy: 0.9375
2025-01-16 19:49:26,690 - INFO - Training for fold 4/5
2025-01-16 19:49:26,799 - INFO - Epoch [1/100], Train Accuracy: 0.7260, Val Accuracy: 0.9104
2025-01-16 19:49:26,900 - INFO - Epoch [2/100], Train Accuracy: 0.9245, Val Accuracy: 0.9083
2025-01-16 19:49:26,997 - INFO - Epoch [3/100], Train Accuracy: 0.9609, Val Accuracy: 0.9396
2025-01-16 19:49:27,102 - INFO - Epoch [4/100], Train Accuracy: 0.9807, Val Accuracy: 0.9375
2025-01-16 19:49:27,196 - INFO - Epoch [5/100], Train Accuracy: 0.9896, Val Accuracy: 0.9458
2025-01-16 19:49:27,295 - INFO - Epoch [6/100], Train Accuracy: 0.9927, Val Accuracy: 0.9458
2025-01-16 19:49:27,390 - INFO - Epoch [7/100], Train Accuracy: 0.9943, Val Accuracy: 0.9479
2025-01-16 19:49:27,484 - INFO - Epoch [8/100], Train Accuracy: 0.9953, Val Accuracy: 0.9458
2025-01-16 19:49:27,585 - INFO - Epoch [9/100], Train Accuracy: 0.9953, Val Accuracy: 0.9458
2025-01-16 19:49:27,686 - INFO - Epoch [10/100], Train Accuracy: 0.9958, Val Accuracy: 0.9458
2025-01-16 19:49:27,779 - INFO - Epoch [11/100], Train Accuracy: 0.9964, Val Accuracy: 0.9458
2025-01-16 19:49:27,891 - INFO - Epoch [12/100], Train Accuracy: 0.9964, Val Accuracy: 0.9417
2025-01-16 19:49:27,902 - INFO - Fold 4 Validation Accuracy: 0.9417
2025-01-16 19:49:27,902 - INFO - Training for fold 5/5
2025-01-16 19:49:28,046 - INFO - Epoch [1/100], Train Accuracy: 0.7063, Val Accuracy: 0.8771
2025-01-16 19:49:28,163 - INFO - Epoch [2/100], Train Accuracy: 0.9297, Val Accuracy: 0.8917
2025-01-16 19:49:28,273 - INFO - Epoch [3/100], Train Accuracy: 0.9667, Val Accuracy: 0.9062
2025-01-16 19:49:28,379 - INFO - Epoch [4/100], Train Accuracy: 0.9833, Val Accuracy: 0.9146
2025-01-16 19:49:28,472 - INFO - Epoch [5/100], Train Accuracy: 0.9906, Val Accuracy: 0.9125
2025-01-16 19:49:28,562 - INFO - Epoch [6/100], Train Accuracy: 0.9927, Val Accuracy: 0.9083
2025-01-16 19:49:28,674 - INFO - Epoch [7/100], Train Accuracy: 0.9964, Val Accuracy: 0.9167
2025-01-16 19:49:28,797 - INFO - Epoch [8/100], Train Accuracy: 0.9979, Val Accuracy: 0.9125
2025-01-16 19:49:28,809 - INFO - Fold 5 Validation Accuracy: 0.9125
2025-01-16 19:49:28,809 - INFO - Average Validation Accuracy (Over 5 folds): 0.9242 

2025-01-16 19:49:28,943 - INFO - Training with Vectorized Data 1000 features. Dropout Rate 0.564. Dataset Size 2400. 128 neurons. Leanring Rate 0.002
2025-01-16 19:49:28,943 - INFO - Training for fold 1/5
2025-01-16 19:49:29,072 - INFO - Epoch [1/100], Train Accuracy: 0.7318, Val Accuracy: 0.8896
2025-01-16 19:49:29,184 - INFO - Epoch [2/100], Train Accuracy: 0.9146, Val Accuracy: 0.9167
2025-01-16 19:49:29,310 - INFO - Epoch [3/100], Train Accuracy: 0.9635, Val Accuracy: 0.9167
2025-01-16 19:49:29,422 - INFO - Epoch [4/100], Train Accuracy: 0.9807, Val Accuracy: 0.9208
2025-01-16 19:49:29,558 - INFO - Epoch [5/100], Train Accuracy: 0.9911, Val Accuracy: 0.9187
2025-01-16 19:49:29,702 - INFO - Epoch [6/100], Train Accuracy: 0.9953, Val Accuracy: 0.9208
2025-01-16 19:49:29,810 - INFO - Epoch [7/100], Train Accuracy: 0.9969, Val Accuracy: 0.9187
2025-01-16 19:49:29,914 - INFO - Epoch [8/100], Train Accuracy: 0.9979, Val Accuracy: 0.9208
2025-01-16 19:49:30,014 - INFO - Epoch [9/100], Train Accuracy: 0.9979, Val Accuracy: 0.9208
2025-01-16 19:49:30,114 - INFO - Epoch [10/100], Train Accuracy: 0.9979, Val Accuracy: 0.9208
2025-01-16 19:49:30,212 - INFO - Epoch [11/100], Train Accuracy: 0.9979, Val Accuracy: 0.9229
2025-01-16 19:49:30,312 - INFO - Epoch [12/100], Train Accuracy: 0.9984, Val Accuracy: 0.9229
2025-01-16 19:49:30,407 - INFO - Epoch [13/100], Train Accuracy: 0.9984, Val Accuracy: 0.9229
2025-01-16 19:49:30,501 - INFO - Epoch [14/100], Train Accuracy: 0.9984, Val Accuracy: 0.9229
2025-01-16 19:49:30,601 - INFO - Epoch [15/100], Train Accuracy: 0.9984, Val Accuracy: 0.9250
2025-01-16 19:49:30,696 - INFO - Epoch [16/100], Train Accuracy: 0.9984, Val Accuracy: 0.9229
2025-01-16 19:49:30,791 - INFO - Epoch [17/100], Train Accuracy: 0.9984, Val Accuracy: 0.9250
2025-01-16 19:49:30,882 - INFO - Epoch [18/100], Train Accuracy: 0.9984, Val Accuracy: 0.9229
2025-01-16 19:49:30,976 - INFO - Epoch [19/100], Train Accuracy: 0.9984, Val Accuracy: 0.9229
2025-01-16 19:49:31,073 - INFO - Epoch [20/100], Train Accuracy: 0.9984, Val Accuracy: 0.9229
2025-01-16 19:49:31,160 - INFO - Epoch [21/100], Train Accuracy: 0.9984, Val Accuracy: 0.9208
2025-01-16 19:49:31,171 - INFO - Fold 1 Validation Accuracy: 0.9208
2025-01-16 19:49:31,171 - INFO - Training for fold 2/5
2025-01-16 19:49:31,290 - INFO - Epoch [1/100], Train Accuracy: 0.6474, Val Accuracy: 0.8979
2025-01-16 19:49:31,393 - INFO - Epoch [2/100], Train Accuracy: 0.9250, Val Accuracy: 0.9187
2025-01-16 19:49:31,513 - INFO - Epoch [3/100], Train Accuracy: 0.9625, Val Accuracy: 0.9333
2025-01-16 19:49:31,646 - INFO - Epoch [4/100], Train Accuracy: 0.9807, Val Accuracy: 0.9333
2025-01-16 19:49:31,783 - INFO - Epoch [5/100], Train Accuracy: 0.9896, Val Accuracy: 0.9271
2025-01-16 19:49:31,929 - INFO - Epoch [6/100], Train Accuracy: 0.9927, Val Accuracy: 0.9354
2025-01-16 19:49:32,064 - INFO - Epoch [7/100], Train Accuracy: 0.9958, Val Accuracy: 0.9313
2025-01-16 19:49:32,078 - INFO - Fold 2 Validation Accuracy: 0.9313
2025-01-16 19:49:32,078 - INFO - Training for fold 3/5
2025-01-16 19:49:32,234 - INFO - Epoch [1/100], Train Accuracy: 0.7281, Val Accuracy: 0.8750
2025-01-16 19:49:32,365 - INFO - Epoch [2/100], Train Accuracy: 0.9292, Val Accuracy: 0.8875
2025-01-16 19:49:32,497 - INFO - Epoch [3/100], Train Accuracy: 0.9635, Val Accuracy: 0.9104
2025-01-16 19:49:32,632 - INFO - Epoch [4/100], Train Accuracy: 0.9859, Val Accuracy: 0.9104
2025-01-16 19:49:32,768 - INFO - Epoch [5/100], Train Accuracy: 0.9938, Val Accuracy: 0.9062
2025-01-16 19:49:32,909 - INFO - Epoch [6/100], Train Accuracy: 0.9948, Val Accuracy: 0.9021
2025-01-16 19:49:33,050 - INFO - Epoch [7/100], Train Accuracy: 0.9953, Val Accuracy: 0.9021
2025-01-16 19:49:33,063 - INFO - Fold 3 Validation Accuracy: 0.9021
2025-01-16 19:49:33,063 - INFO - Training for fold 4/5
2025-01-16 19:49:33,214 - INFO - Epoch [1/100], Train Accuracy: 0.6375, Val Accuracy: 0.8917
2025-01-16 19:49:33,359 - INFO - Epoch [2/100], Train Accuracy: 0.9318, Val Accuracy: 0.9000
2025-01-16 19:49:33,509 - INFO - Epoch [3/100], Train Accuracy: 0.9615, Val Accuracy: 0.9229
2025-01-16 19:49:33,642 - INFO - Epoch [4/100], Train Accuracy: 0.9812, Val Accuracy: 0.9187
2025-01-16 19:49:33,789 - INFO - Epoch [5/100], Train Accuracy: 0.9917, Val Accuracy: 0.9333
2025-01-16 19:49:33,914 - INFO - Epoch [6/100], Train Accuracy: 0.9943, Val Accuracy: 0.9250
2025-01-16 19:49:34,047 - INFO - Epoch [7/100], Train Accuracy: 0.9953, Val Accuracy: 0.9250
2025-01-16 19:49:34,060 - INFO - Fold 4 Validation Accuracy: 0.9250
2025-01-16 19:49:34,060 - INFO - Training for fold 5/5
2025-01-16 19:49:34,213 - INFO - Epoch [1/100], Train Accuracy: 0.7250, Val Accuracy: 0.8958
2025-01-16 19:49:34,342 - INFO - Epoch [2/100], Train Accuracy: 0.9198, Val Accuracy: 0.9271
2025-01-16 19:49:34,476 - INFO - Epoch [3/100], Train Accuracy: 0.9620, Val Accuracy: 0.9375
2025-01-16 19:49:34,598 - INFO - Epoch [4/100], Train Accuracy: 0.9833, Val Accuracy: 0.9313
2025-01-16 19:49:34,734 - INFO - Epoch [5/100], Train Accuracy: 0.9906, Val Accuracy: 0.9354
2025-01-16 19:49:34,875 - INFO - Epoch [6/100], Train Accuracy: 0.9932, Val Accuracy: 0.9333
2025-01-16 19:49:35,006 - INFO - Epoch [7/100], Train Accuracy: 0.9943, Val Accuracy: 0.9333
2025-01-16 19:49:35,140 - INFO - Epoch [8/100], Train Accuracy: 0.9958, Val Accuracy: 0.9313
2025-01-16 19:49:35,156 - INFO - Fold 5 Validation Accuracy: 0.9313
2025-01-16 19:49:35,156 - INFO - Average Validation Accuracy (Over 5 folds): 0.9221 

2025-01-16 19:49:35,295 - INFO - Training with Vectorized Data 1000 features. Dropout Rate 0.564. Dataset Size 2400. 128 neurons. Leanring Rate 0.002
2025-01-16 19:49:35,295 - INFO - Training for fold 1/5
2025-01-16 19:49:35,439 - INFO - Epoch [1/100], Train Accuracy: 0.7432, Val Accuracy: 0.8646
2025-01-16 19:49:35,570 - INFO - Epoch [2/100], Train Accuracy: 0.9229, Val Accuracy: 0.9042
2025-01-16 19:49:35,700 - INFO - Epoch [3/100], Train Accuracy: 0.9589, Val Accuracy: 0.9167
