2025-01-16 19:53:00,948 - INFO - Training with Vectorized Data 850 features. Dropout Rate 0.564. Dataset Size 2400. 128 neurons. Leanring Rate 0.002
2025-01-16 19:53:00,949 - INFO - Training for fold 1/5
2025-01-16 19:53:02,474 - INFO - Epoch [1/100], Train Accuracy: 0.7104, Val Accuracy: 0.8938
2025-01-16 19:53:02,580 - INFO - Epoch [2/100], Train Accuracy: 0.9250, Val Accuracy: 0.9271
2025-01-16 19:53:02,688 - INFO - Epoch [3/100], Train Accuracy: 0.9625, Val Accuracy: 0.9333
2025-01-16 19:53:02,799 - INFO - Epoch [4/100], Train Accuracy: 0.9812, Val Accuracy: 0.9292
2025-01-16 19:53:02,906 - INFO - Epoch [5/100], Train Accuracy: 0.9911, Val Accuracy: 0.9187
2025-01-16 19:53:03,020 - INFO - Epoch [6/100], Train Accuracy: 0.9943, Val Accuracy: 0.9354
2025-01-16 19:53:03,129 - INFO - Epoch [7/100], Train Accuracy: 0.9958, Val Accuracy: 0.9313
2025-01-16 19:53:03,139 - INFO - Fold 1 Validation Accuracy: 0.9313
2025-01-16 19:53:03,139 - INFO - Training for fold 2/5
2025-01-16 19:53:03,252 - INFO - Epoch [1/100], Train Accuracy: 0.6854, Val Accuracy: 0.8938
2025-01-16 19:53:03,361 - INFO - Epoch [2/100], Train Accuracy: 0.9214, Val Accuracy: 0.9125
2025-01-16 19:53:03,475 - INFO - Epoch [3/100], Train Accuracy: 0.9615, Val Accuracy: 0.9292
2025-01-16 19:53:03,587 - INFO - Epoch [4/100], Train Accuracy: 0.9771, Val Accuracy: 0.9354
2025-01-16 19:53:03,703 - INFO - Epoch [5/100], Train Accuracy: 0.9891, Val Accuracy: 0.9396
2025-01-16 19:53:03,805 - INFO - Epoch [6/100], Train Accuracy: 0.9932, Val Accuracy: 0.9313
2025-01-16 19:53:03,916 - INFO - Epoch [7/100], Train Accuracy: 0.9958, Val Accuracy: 0.9333
2025-01-16 19:53:03,925 - INFO - Fold 2 Validation Accuracy: 0.9333
2025-01-16 19:53:03,925 - INFO - Training for fold 3/5
2025-01-16 19:53:04,030 - INFO - Epoch [1/100], Train Accuracy: 0.6984, Val Accuracy: 0.9229
2025-01-16 19:53:04,140 - INFO - Epoch [2/100], Train Accuracy: 0.9187, Val Accuracy: 0.9417
2025-01-16 19:53:04,234 - INFO - Epoch [3/100], Train Accuracy: 0.9589, Val Accuracy: 0.9542
2025-01-16 19:53:04,334 - INFO - Epoch [4/100], Train Accuracy: 0.9786, Val Accuracy: 0.9500
2025-01-16 19:53:04,448 - INFO - Epoch [5/100], Train Accuracy: 0.9880, Val Accuracy: 0.9500
2025-01-16 19:53:04,556 - INFO - Epoch [6/100], Train Accuracy: 0.9943, Val Accuracy: 0.9479
2025-01-16 19:53:04,654 - INFO - Epoch [7/100], Train Accuracy: 0.9953, Val Accuracy: 0.9521
2025-01-16 19:53:04,764 - INFO - Epoch [8/100], Train Accuracy: 0.9958, Val Accuracy: 0.9479
2025-01-16 19:53:04,776 - INFO - Fold 3 Validation Accuracy: 0.9479
2025-01-16 19:53:04,776 - INFO - Training for fold 4/5
2025-01-16 19:53:04,899 - INFO - Epoch [1/100], Train Accuracy: 0.6932, Val Accuracy: 0.8833
2025-01-16 19:53:05,027 - INFO - Epoch [2/100], Train Accuracy: 0.9245, Val Accuracy: 0.9021
2025-01-16 19:53:05,122 - INFO - Epoch [3/100], Train Accuracy: 0.9635, Val Accuracy: 0.9000
2025-01-16 19:53:05,225 - INFO - Epoch [4/100], Train Accuracy: 0.9802, Val Accuracy: 0.9083
2025-01-16 19:53:05,326 - INFO - Epoch [5/100], Train Accuracy: 0.9875, Val Accuracy: 0.9104
2025-01-16 19:53:05,420 - INFO - Epoch [6/100], Train Accuracy: 0.9938, Val Accuracy: 0.9042
2025-01-16 19:53:05,522 - INFO - Epoch [7/100], Train Accuracy: 0.9953, Val Accuracy: 0.9125
2025-01-16 19:53:05,632 - INFO - Epoch [8/100], Train Accuracy: 0.9958, Val Accuracy: 0.9125
2025-01-16 19:53:05,741 - INFO - Epoch [9/100], Train Accuracy: 0.9958, Val Accuracy: 0.9104
2025-01-16 19:53:05,848 - INFO - Epoch [10/100], Train Accuracy: 0.9958, Val Accuracy: 0.9125
2025-01-16 19:53:05,947 - INFO - Epoch [11/100], Train Accuracy: 0.9958, Val Accuracy: 0.9104
2025-01-16 19:53:06,040 - INFO - Epoch [12/100], Train Accuracy: 0.9964, Val Accuracy: 0.9146
2025-01-16 19:53:06,144 - INFO - Epoch [13/100], Train Accuracy: 0.9964, Val Accuracy: 0.9125
2025-01-16 19:53:06,242 - INFO - Epoch [14/100], Train Accuracy: 0.9969, Val Accuracy: 0.9125
2025-01-16 19:53:06,343 - INFO - Epoch [15/100], Train Accuracy: 0.9969, Val Accuracy: 0.9167
2025-01-16 19:53:06,435 - INFO - Epoch [16/100], Train Accuracy: 0.9969, Val Accuracy: 0.9146
2025-01-16 19:53:06,524 - INFO - Epoch [17/100], Train Accuracy: 0.9969, Val Accuracy: 0.9146
2025-01-16 19:53:06,625 - INFO - Epoch [18/100], Train Accuracy: 0.9969, Val Accuracy: 0.9146
2025-01-16 19:53:06,717 - INFO - Epoch [19/100], Train Accuracy: 0.9969, Val Accuracy: 0.9125
2025-01-16 19:53:06,732 - INFO - Fold 4 Validation Accuracy: 0.9125
2025-01-16 19:53:06,732 - INFO - Training for fold 5/5
2025-01-16 19:53:06,833 - INFO - Epoch [1/100], Train Accuracy: 0.7021, Val Accuracy: 0.9021
2025-01-16 19:53:06,926 - INFO - Epoch [2/100], Train Accuracy: 0.9245, Val Accuracy: 0.9229
2025-01-16 19:53:07,017 - INFO - Epoch [3/100], Train Accuracy: 0.9609, Val Accuracy: 0.9292
2025-01-16 19:53:07,119 - INFO - Epoch [4/100], Train Accuracy: 0.9802, Val Accuracy: 0.9333
2025-01-16 19:53:07,214 - INFO - Epoch [5/100], Train Accuracy: 0.9906, Val Accuracy: 0.9333
2025-01-16 19:53:07,316 - INFO - Epoch [6/100], Train Accuracy: 0.9943, Val Accuracy: 0.9229
2025-01-16 19:53:07,420 - INFO - Epoch [7/100], Train Accuracy: 0.9964, Val Accuracy: 0.9208
2025-01-16 19:53:07,433 - INFO - Fold 5 Validation Accuracy: 0.9208
2025-01-16 19:53:07,433 - INFO - Average Validation Accuracy (Over 5 folds): 0.9292 

2025-01-16 19:53:07,566 - INFO - Training with Vectorized Data 850 features. Dropout Rate 0.564. Dataset Size 2400. 128 neurons. Leanring Rate 0.002
2025-01-16 19:53:07,566 - INFO - Training for fold 1/5
2025-01-16 19:53:07,672 - INFO - Epoch [1/100], Train Accuracy: 0.7042, Val Accuracy: 0.8958
2025-01-16 19:53:07,769 - INFO - Epoch [2/100], Train Accuracy: 0.9292, Val Accuracy: 0.9250
2025-01-16 19:53:07,878 - INFO - Epoch [3/100], Train Accuracy: 0.9615, Val Accuracy: 0.9292
2025-01-16 19:53:07,971 - INFO - Epoch [4/100], Train Accuracy: 0.9802, Val Accuracy: 0.9313
2025-01-16 19:53:08,065 - INFO - Epoch [5/100], Train Accuracy: 0.9906, Val Accuracy: 0.9354
2025-01-16 19:53:08,160 - INFO - Epoch [6/100], Train Accuracy: 0.9932, Val Accuracy: 0.9354
2025-01-16 19:53:08,263 - INFO - Epoch [7/100], Train Accuracy: 0.9948, Val Accuracy: 0.9354
2025-01-16 19:53:08,362 - INFO - Epoch [8/100], Train Accuracy: 0.9958, Val Accuracy: 0.9333
2025-01-16 19:53:08,459 - INFO - Epoch [9/100], Train Accuracy: 0.9958, Val Accuracy: 0.9396
2025-01-16 19:53:08,554 - INFO - Epoch [10/100], Train Accuracy: 0.9964, Val Accuracy: 0.9313
2025-01-16 19:53:08,566 - INFO - Fold 1 Validation Accuracy: 0.9313
2025-01-16 19:53:08,566 - INFO - Training for fold 2/5
2025-01-16 19:53:08,688 - INFO - Epoch [1/100], Train Accuracy: 0.7146, Val Accuracy: 0.8875
2025-01-16 19:53:08,810 - INFO - Epoch [2/100], Train Accuracy: 0.9302, Val Accuracy: 0.9021
2025-01-16 19:53:08,919 - INFO - Epoch [3/100], Train Accuracy: 0.9630, Val Accuracy: 0.9229
2025-01-16 19:53:09,032 - INFO - Epoch [4/100], Train Accuracy: 0.9823, Val Accuracy: 0.9229
2025-01-16 19:53:09,151 - INFO - Epoch [5/100], Train Accuracy: 0.9901, Val Accuracy: 0.9271
2025-01-16 19:53:09,257 - INFO - Epoch [6/100], Train Accuracy: 0.9943, Val Accuracy: 0.9250
2025-01-16 19:53:09,388 - INFO - Epoch [7/100], Train Accuracy: 0.9958, Val Accuracy: 0.9167
2025-01-16 19:53:09,402 - INFO - Fold 2 Validation Accuracy: 0.9167
2025-01-16 19:53:09,402 - INFO - Training for fold 3/5
2025-01-16 19:53:09,535 - INFO - Epoch [1/100], Train Accuracy: 0.7005, Val Accuracy: 0.8958
2025-01-16 19:53:09,649 - INFO - Epoch [2/100], Train Accuracy: 0.9271, Val Accuracy: 0.9062
2025-01-16 19:53:09,752 - INFO - Epoch [3/100], Train Accuracy: 0.9583, Val Accuracy: 0.9208
2025-01-16 19:53:09,872 - INFO - Epoch [4/100], Train Accuracy: 0.9802, Val Accuracy: 0.9250
2025-01-16 19:53:09,987 - INFO - Epoch [5/100], Train Accuracy: 0.9911, Val Accuracy: 0.9250
2025-01-16 19:53:10,104 - INFO - Epoch [6/100], Train Accuracy: 0.9948, Val Accuracy: 0.9271
2025-01-16 19:53:10,238 - INFO - Epoch [7/100], Train Accuracy: 0.9958, Val Accuracy: 0.9229
2025-01-16 19:53:10,250 - INFO - Fold 3 Validation Accuracy: 0.9229
2025-01-16 19:53:10,252 - INFO - Training for fold 4/5
2025-01-16 19:53:10,388 - INFO - Epoch [1/100], Train Accuracy: 0.6438, Val Accuracy: 0.9104
2025-01-16 19:53:10,507 - INFO - Epoch [2/100], Train Accuracy: 0.9297, Val Accuracy: 0.9313
2025-01-16 19:53:10,615 - INFO - Epoch [3/100], Train Accuracy: 0.9578, Val Accuracy: 0.9396
2025-01-16 19:53:10,738 - INFO - Epoch [4/100], Train Accuracy: 0.9766, Val Accuracy: 0.9396
2025-01-16 19:53:10,852 - INFO - Epoch [5/100], Train Accuracy: 0.9880, Val Accuracy: 0.9375
2025-01-16 19:53:10,972 - INFO - Epoch [6/100], Train Accuracy: 0.9938, Val Accuracy: 0.9292
2025-01-16 19:53:11,084 - INFO - Epoch [7/100], Train Accuracy: 0.9953, Val Accuracy: 0.9396
2025-01-16 19:53:11,210 - INFO - Epoch [8/100], Train Accuracy: 0.9953, Val Accuracy: 0.9417
2025-01-16 19:53:11,369 - INFO - Epoch [9/100], Train Accuracy: 0.9964, Val Accuracy: 0.9375
2025-01-16 19:53:11,387 - INFO - Fold 4 Validation Accuracy: 0.9375
2025-01-16 19:53:11,387 - INFO - Training for fold 5/5
2025-01-16 19:53:11,504 - INFO - Epoch [1/100], Train Accuracy: 0.7521, Val Accuracy: 0.9062
2025-01-16 19:53:11,604 - INFO - Epoch [2/100], Train Accuracy: 0.9245, Val Accuracy: 0.9187
2025-01-16 19:53:11,702 - INFO - Epoch [3/100], Train Accuracy: 0.9599, Val Accuracy: 0.9292
2025-01-16 19:53:11,803 - INFO - Epoch [4/100], Train Accuracy: 0.9771, Val Accuracy: 0.9354
2025-01-16 19:53:11,906 - INFO - Epoch [5/100], Train Accuracy: 0.9901, Val Accuracy: 0.9354
2025-01-16 19:53:12,014 - INFO - Epoch [6/100], Train Accuracy: 0.9943, Val Accuracy: 0.9396
2025-01-16 19:53:12,112 - INFO - Epoch [7/100], Train Accuracy: 0.9958, Val Accuracy: 0.9354
2025-01-16 19:53:12,120 - INFO - Fold 5 Validation Accuracy: 0.9354
2025-01-16 19:53:12,120 - INFO - Average Validation Accuracy (Over 5 folds): 0.9287 

2025-01-16 19:53:12,257 - INFO - Training with Vectorized Data 850 features. Dropout Rate 0.564. Dataset Size 2400. 128 neurons. Leanring Rate 0.002
2025-01-16 19:53:12,258 - INFO - Training for fold 1/5
2025-01-16 19:53:12,370 - INFO - Epoch [1/100], Train Accuracy: 0.7354, Val Accuracy: 0.8583
2025-01-16 19:53:12,468 - INFO - Epoch [2/100], Train Accuracy: 0.9266, Val Accuracy: 0.8833
2025-01-16 19:53:12,559 - INFO - Epoch [3/100], Train Accuracy: 0.9620, Val Accuracy: 0.9021
2025-01-16 19:53:12,655 - INFO - Epoch [4/100], Train Accuracy: 0.9818, Val Accuracy: 0.9021
2025-01-16 19:53:12,752 - INFO - Epoch [5/100], Train Accuracy: 0.9906, Val Accuracy: 0.9042
2025-01-16 19:53:12,845 - INFO - Epoch [6/100], Train Accuracy: 0.9932, Val Accuracy: 0.8979
2025-01-16 19:53:12,951 - INFO - Epoch [7/100], Train Accuracy: 0.9958, Val Accuracy: 0.9062
2025-01-16 19:53:13,055 - INFO - Epoch [8/100], Train Accuracy: 0.9969, Val Accuracy: 0.9062
2025-01-16 19:53:13,165 - INFO - Epoch [9/100], Train Accuracy: 0.9969, Val Accuracy: 0.9083
2025-01-16 19:53:13,269 - INFO - Epoch [10/100], Train Accuracy: 0.9969, Val Accuracy: 0.9104
2025-01-16 19:53:13,392 - INFO - Epoch [11/100], Train Accuracy: 0.9969, Val Accuracy: 0.9042
2025-01-16 19:53:13,406 - INFO - Fold 1 Validation Accuracy: 0.9042
2025-01-16 19:53:13,406 - INFO - Training for fold 2/5
2025-01-16 19:53:13,545 - INFO - Epoch [1/100], Train Accuracy: 0.6911, Val Accuracy: 0.8688
2025-01-16 19:53:13,683 - INFO - Epoch [2/100], Train Accuracy: 0.9203, Val Accuracy: 0.9125
2025-01-16 19:53:13,802 - INFO - Epoch [3/100], Train Accuracy: 0.9589, Val Accuracy: 0.9146
2025-01-16 19:53:13,920 - INFO - Epoch [4/100], Train Accuracy: 0.9771, Val Accuracy: 0.9104
2025-01-16 19:53:14,038 - INFO - Epoch [5/100], Train Accuracy: 0.9901, Val Accuracy: 0.9083
2025-01-16 19:53:14,160 - INFO - Epoch [6/100], Train Accuracy: 0.9948, Val Accuracy: 0.9062
2025-01-16 19:53:14,276 - INFO - Epoch [7/100], Train Accuracy: 0.9964, Val Accuracy: 0.9062
2025-01-16 19:53:14,288 - INFO - Fold 2 Validation Accuracy: 0.9062
2025-01-16 19:53:14,288 - INFO - Training for fold 3/5
2025-01-16 19:53:14,427 - INFO - Epoch [1/100], Train Accuracy: 0.7349, Val Accuracy: 0.8812
2025-01-16 19:53:14,534 - INFO - Epoch [2/100], Train Accuracy: 0.9297, Val Accuracy: 0.9208
2025-01-16 19:53:14,640 - INFO - Epoch [3/100], Train Accuracy: 0.9615, Val Accuracy: 0.9250
2025-01-16 19:53:14,742 - INFO - Epoch [4/100], Train Accuracy: 0.9839, Val Accuracy: 0.9167
2025-01-16 19:53:14,851 - INFO - Epoch [5/100], Train Accuracy: 0.9922, Val Accuracy: 0.9208
2025-01-16 19:53:14,961 - INFO - Epoch [6/100], Train Accuracy: 0.9948, Val Accuracy: 0.9146
2025-01-16 19:53:15,078 - INFO - Epoch [7/100], Train Accuracy: 0.9964, Val Accuracy: 0.9167
2025-01-16 19:53:15,094 - INFO - Fold 3 Validation Accuracy: 0.9167
2025-01-16 19:53:15,094 - INFO - Training for fold 4/5
2025-01-16 19:53:15,236 - INFO - Epoch [1/100], Train Accuracy: 0.7052, Val Accuracy: 0.8938
2025-01-16 19:53:15,328 - INFO - Epoch [2/100], Train Accuracy: 0.9250, Val Accuracy: 0.9292
2025-01-16 19:53:15,433 - INFO - Epoch [3/100], Train Accuracy: 0.9599, Val Accuracy: 0.9417
2025-01-16 19:53:15,531 - INFO - Epoch [4/100], Train Accuracy: 0.9766, Val Accuracy: 0.9437
2025-01-16 19:53:15,629 - INFO - Epoch [5/100], Train Accuracy: 0.9859, Val Accuracy: 0.9437
2025-01-16 19:53:15,727 - INFO - Epoch [6/100], Train Accuracy: 0.9922, Val Accuracy: 0.9479
2025-01-16 19:53:15,833 - INFO - Epoch [7/100], Train Accuracy: 0.9948, Val Accuracy: 0.9437
2025-01-16 19:53:15,940 - INFO - Epoch [8/100], Train Accuracy: 0.9958, Val Accuracy: 0.9417
2025-01-16 19:53:15,952 - INFO - Fold 4 Validation Accuracy: 0.9417
2025-01-16 19:53:15,952 - INFO - Training for fold 5/5
2025-01-16 19:53:16,053 - INFO - Epoch [1/100], Train Accuracy: 0.6937, Val Accuracy: 0.9000
2025-01-16 19:53:16,146 - INFO - Epoch [2/100], Train Accuracy: 0.9208, Val Accuracy: 0.9437
2025-01-16 19:53:16,241 - INFO - Epoch [3/100], Train Accuracy: 0.9557, Val Accuracy: 0.9396
2025-01-16 19:53:16,334 - INFO - Epoch [4/100], Train Accuracy: 0.9812, Val Accuracy: 0.9458
2025-01-16 19:53:16,435 - INFO - Epoch [5/100], Train Accuracy: 0.9901, Val Accuracy: 0.9417
2025-01-16 19:53:16,532 - INFO - Epoch [6/100], Train Accuracy: 0.9948, Val Accuracy: 0.9354
2025-01-16 19:53:16,626 - INFO - Epoch [7/100], Train Accuracy: 0.9958, Val Accuracy: 0.9458
2025-01-16 19:53:16,721 - INFO - Epoch [8/100], Train Accuracy: 0.9979, Val Accuracy: 0.9458
2025-01-16 19:53:16,818 - INFO - Epoch [9/100], Train Accuracy: 0.9984, Val Accuracy: 0.9333
2025-01-16 19:53:16,828 - INFO - Fold 5 Validation Accuracy: 0.9333
2025-01-16 19:53:16,828 - INFO - Average Validation Accuracy (Over 5 folds): 0.9204 

2025-01-16 19:53:16,951 - INFO - Training with Vectorized Data 850 features. Dropout Rate 0.564. Dataset Size 2400. 128 neurons. Leanring Rate 0.002
2025-01-16 19:53:16,951 - INFO - Training for fold 1/5
2025-01-16 19:53:17,070 - INFO - Epoch [1/100], Train Accuracy: 0.7089, Val Accuracy: 0.9104
2025-01-16 19:53:17,174 - INFO - Epoch [2/100], Train Accuracy: 0.9281, Val Accuracy: 0.9125
2025-01-16 19:53:17,287 - INFO - Epoch [3/100], Train Accuracy: 0.9583, Val Accuracy: 0.9208
2025-01-16 19:53:17,402 - INFO - Epoch [4/100], Train Accuracy: 0.9766, Val Accuracy: 0.9187
2025-01-16 19:53:17,516 - INFO - Epoch [5/100], Train Accuracy: 0.9885, Val Accuracy: 0.9250
2025-01-16 19:53:17,623 - INFO - Epoch [6/100], Train Accuracy: 0.9953, Val Accuracy: 0.9333
2025-01-16 19:53:17,728 - INFO - Epoch [7/100], Train Accuracy: 0.9958, Val Accuracy: 0.9313
2025-01-16 19:53:17,841 - INFO - Epoch [8/100], Train Accuracy: 0.9964, Val Accuracy: 0.9292
2025-01-16 19:53:17,853 - INFO - Fold 1 Validation Accuracy: 0.9292
2025-01-16 19:53:17,854 - INFO - Training for fold 2/5
2025-01-16 19:53:17,986 - INFO - Epoch [1/100], Train Accuracy: 0.7245, Val Accuracy: 0.8833
2025-01-16 19:53:18,093 - INFO - Epoch [2/100], Train Accuracy: 0.9266, Val Accuracy: 0.8875
2025-01-16 19:53:18,204 - INFO - Epoch [3/100], Train Accuracy: 0.9646, Val Accuracy: 0.8958
2025-01-16 19:53:18,308 - INFO - Epoch [4/100], Train Accuracy: 0.9823, Val Accuracy: 0.8917
2025-01-16 19:53:18,418 - INFO - Epoch [5/100], Train Accuracy: 0.9911, Val Accuracy: 0.9021
2025-01-16 19:53:18,569 - INFO - Epoch [6/100], Train Accuracy: 0.9964, Val Accuracy: 0.8958
2025-01-16 19:53:18,588 - INFO - Fold 2 Validation Accuracy: 0.8958
2025-01-16 19:53:18,589 - INFO - Training for fold 3/5
2025-01-16 19:53:18,754 - INFO - Epoch [1/100], Train Accuracy: 0.6219, Val Accuracy: 0.8938
2025-01-16 19:53:18,885 - INFO - Epoch [2/100], Train Accuracy: 0.9240, Val Accuracy: 0.9104
2025-01-16 19:53:19,006 - INFO - Epoch [3/100], Train Accuracy: 0.9568, Val Accuracy: 0.9250
2025-01-16 19:53:19,153 - INFO - Epoch [4/100], Train Accuracy: 0.9818, Val Accuracy: 0.9271
2025-01-16 19:53:19,274 - INFO - Epoch [5/100], Train Accuracy: 0.9932, Val Accuracy: 0.9271
2025-01-16 19:53:19,408 - INFO - Epoch [6/100], Train Accuracy: 0.9948, Val Accuracy: 0.9292
2025-01-16 19:53:19,540 - INFO - Epoch [7/100], Train Accuracy: 0.9958, Val Accuracy: 0.9208
2025-01-16 19:53:19,555 - INFO - Fold 3 Validation Accuracy: 0.9208
2025-01-16 19:53:19,555 - INFO - Training for fold 4/5
2025-01-16 19:53:19,706 - INFO - Epoch [1/100], Train Accuracy: 0.7448, Val Accuracy: 0.8917
2025-01-16 19:53:19,836 - INFO - Epoch [2/100], Train Accuracy: 0.9292, Val Accuracy: 0.9125
2025-01-16 19:53:19,974 - INFO - Epoch [3/100], Train Accuracy: 0.9656, Val Accuracy: 0.9187
2025-01-16 19:53:20,104 - INFO - Epoch [4/100], Train Accuracy: 0.9823, Val Accuracy: 0.9208
2025-01-16 19:53:20,243 - INFO - Epoch [5/100], Train Accuracy: 0.9896, Val Accuracy: 0.9187
2025-01-16 19:53:20,377 - INFO - Epoch [6/100], Train Accuracy: 0.9938, Val Accuracy: 0.9146
2025-01-16 19:53:20,517 - INFO - Epoch [7/100], Train Accuracy: 0.9953, Val Accuracy: 0.9229
2025-01-16 19:53:20,654 - INFO - Epoch [8/100], Train Accuracy: 0.9953, Val Accuracy: 0.9167
2025-01-16 19:53:20,668 - INFO - Fold 4 Validation Accuracy: 0.9167
2025-01-16 19:53:20,668 - INFO - Training for fold 5/5
2025-01-16 19:53:20,810 - INFO - Epoch [1/100], Train Accuracy: 0.6901, Val Accuracy: 0.9083
2025-01-16 19:53:20,950 - INFO - Epoch [2/100], Train Accuracy: 0.9146, Val Accuracy: 0.9396
2025-01-16 19:53:21,082 - INFO - Epoch [3/100], Train Accuracy: 0.9542, Val Accuracy: 0.9521
2025-01-16 19:53:21,207 - INFO - Epoch [4/100], Train Accuracy: 0.9802, Val Accuracy: 0.9354
2025-01-16 19:53:21,221 - INFO - Fold 5 Validation Accuracy: 0.9354
2025-01-16 19:53:21,221 - INFO - Average Validation Accuracy (Over 5 folds): 0.9196 

2025-01-16 19:53:21,355 - INFO - Training with Vectorized Data 850 features. Dropout Rate 0.564. Dataset Size 2400. 128 neurons. Leanring Rate 0.002
2025-01-16 19:53:21,355 - INFO - Training for fold 1/5
2025-01-16 19:53:21,573 - INFO - Epoch [1/100], Train Accuracy: 0.6906, Val Accuracy: 0.8896
2025-01-16 19:53:21,720 - INFO - Epoch [2/100], Train Accuracy: 0.9286, Val Accuracy: 0.9104
2025-01-16 19:53:21,877 - INFO - Epoch [3/100], Train Accuracy: 0.9620, Val Accuracy: 0.9271
2025-01-16 19:53:22,039 - INFO - Epoch [4/100], Train Accuracy: 0.9828, Val Accuracy: 0.9271
2025-01-16 19:53:22,200 - INFO - Epoch [5/100], Train Accuracy: 0.9917, Val Accuracy: 0.9292
2025-01-16 19:53:22,339 - INFO - Epoch [6/100], Train Accuracy: 0.9958, Val Accuracy: 0.9292
2025-01-16 19:53:22,470 - INFO - Epoch [7/100], Train Accuracy: 0.9969, Val Accuracy: 0.9292
2025-01-16 19:53:22,604 - INFO - Epoch [8/100], Train Accuracy: 0.9969, Val Accuracy: 0.9271
2025-01-16 19:53:22,728 - INFO - Epoch [9/100], Train Accuracy: 0.9974, Val Accuracy: 0.9271
2025-01-16 19:53:22,854 - INFO - Epoch [10/100], Train Accuracy: 0.9974, Val Accuracy: 0.9250
2025-01-16 19:53:22,867 - INFO - Fold 1 Validation Accuracy: 0.9250
2025-01-16 19:53:22,867 - INFO - Training for fold 2/5
2025-01-16 19:53:23,004 - INFO - Epoch [1/100], Train Accuracy: 0.7266, Val Accuracy: 0.9000
2025-01-16 19:53:23,117 - INFO - Epoch [2/100], Train Accuracy: 0.9208, Val Accuracy: 0.9187
2025-01-16 19:53:23,225 - INFO - Epoch [3/100], Train Accuracy: 0.9594, Val Accuracy: 0.9313
2025-01-16 19:53:23,340 - INFO - Epoch [4/100], Train Accuracy: 0.9776, Val Accuracy: 0.9271
2025-01-16 19:53:23,450 - INFO - Epoch [5/100], Train Accuracy: 0.9901, Val Accuracy: 0.9292
2025-01-16 19:53:23,557 - INFO - Epoch [6/100], Train Accuracy: 0.9938, Val Accuracy: 0.9250
2025-01-16 19:53:23,667 - INFO - Epoch [7/100], Train Accuracy: 0.9948, Val Accuracy: 0.9271
2025-01-16 19:53:23,777 - INFO - Epoch [8/100], Train Accuracy: 0.9964, Val Accuracy: 0.9167
2025-01-16 19:53:23,790 - INFO - Fold 2 Validation Accuracy: 0.9167
2025-01-16 19:53:23,790 - INFO - Training for fold 3/5
2025-01-16 19:53:23,936 - INFO - Epoch [1/100], Train Accuracy: 0.6865, Val Accuracy: 0.8750
2025-01-16 19:53:24,043 - INFO - Epoch [2/100], Train Accuracy: 0.9255, Val Accuracy: 0.9208
2025-01-16 19:53:24,155 - INFO - Epoch [3/100], Train Accuracy: 0.9557, Val Accuracy: 0.9313
2025-01-16 19:53:24,259 - INFO - Epoch [4/100], Train Accuracy: 0.9802, Val Accuracy: 0.9333
2025-01-16 19:53:24,374 - INFO - Epoch [5/100], Train Accuracy: 0.9901, Val Accuracy: 0.9250
2025-01-16 19:53:24,484 - INFO - Epoch [6/100], Train Accuracy: 0.9953, Val Accuracy: 0.9187
2025-01-16 19:53:24,493 - INFO - Fold 3 Validation Accuracy: 0.9187
2025-01-16 19:53:24,494 - INFO - Training for fold 4/5
2025-01-16 19:53:24,622 - INFO - Epoch [1/100], Train Accuracy: 0.6995, Val Accuracy: 0.9000
2025-01-16 19:53:24,735 - INFO - Epoch [2/100], Train Accuracy: 0.9198, Val Accuracy: 0.9250
2025-01-16 19:53:24,845 - INFO - Epoch [3/100], Train Accuracy: 0.9563, Val Accuracy: 0.9354
2025-01-16 19:53:24,954 - INFO - Epoch [4/100], Train Accuracy: 0.9771, Val Accuracy: 0.9333
2025-01-16 19:53:25,070 - INFO - Epoch [5/100], Train Accuracy: 0.9896, Val Accuracy: 0.9354
2025-01-16 19:53:25,178 - INFO - Epoch [6/100], Train Accuracy: 0.9953, Val Accuracy: 0.9271
2025-01-16 19:53:25,192 - INFO - Fold 4 Validation Accuracy: 0.9271
2025-01-16 19:53:25,192 - INFO - Training for fold 5/5
2025-01-16 19:53:25,326 - INFO - Epoch [1/100], Train Accuracy: 0.7052, Val Accuracy: 0.8875
2025-01-16 19:53:25,438 - INFO - Epoch [2/100], Train Accuracy: 0.9266, Val Accuracy: 0.9125
2025-01-16 19:53:25,534 - INFO - Epoch [3/100], Train Accuracy: 0.9630, Val Accuracy: 0.9167
2025-01-16 19:53:25,626 - INFO - Epoch [4/100], Train Accuracy: 0.9786, Val Accuracy: 0.9250
2025-01-16 19:53:25,739 - INFO - Epoch [5/100], Train Accuracy: 0.9891, Val Accuracy: 0.9229
2025-01-16 19:53:25,834 - INFO - Epoch [6/100], Train Accuracy: 0.9922, Val Accuracy: 0.9229
2025-01-16 19:53:25,929 - INFO - Epoch [7/100], Train Accuracy: 0.9953, Val Accuracy: 0.9208
2025-01-16 19:53:25,941 - INFO - Fold 5 Validation Accuracy: 0.9208
2025-01-16 19:53:25,941 - INFO - Average Validation Accuracy (Over 5 folds): 0.9217 

2025-01-16 19:53:26,060 - INFO - Training with Vectorized Data 850 features. Dropout Rate 0.564. Dataset Size 2400. 128 neurons. Leanring Rate 0.002
2025-01-16 19:53:26,061 - INFO - Training for fold 1/5
2025-01-16 19:53:26,165 - INFO - Epoch [1/100], Train Accuracy: 0.6937, Val Accuracy: 0.8604
2025-01-16 19:53:26,259 - INFO - Epoch [2/100], Train Accuracy: 0.9229, Val Accuracy: 0.9104
2025-01-16 19:53:26,350 - INFO - Epoch [3/100], Train Accuracy: 0.9583, Val Accuracy: 0.9313
2025-01-16 19:53:26,449 - INFO - Epoch [4/100], Train Accuracy: 0.9786, Val Accuracy: 0.9354
2025-01-16 19:53:26,548 - INFO - Epoch [5/100], Train Accuracy: 0.9875, Val Accuracy: 0.9271
2025-01-16 19:53:26,642 - INFO - Epoch [6/100], Train Accuracy: 0.9927, Val Accuracy: 0.9250
2025-01-16 19:53:26,737 - INFO - Epoch [7/100], Train Accuracy: 0.9948, Val Accuracy: 0.9187
2025-01-16 19:53:26,748 - INFO - Fold 1 Validation Accuracy: 0.9187
2025-01-16 19:53:26,748 - INFO - Training for fold 2/5
2025-01-16 19:53:26,856 - INFO - Epoch [1/100], Train Accuracy: 0.7427, Val Accuracy: 0.9104
2025-01-16 19:53:26,954 - INFO - Epoch [2/100], Train Accuracy: 0.9167, Val Accuracy: 0.9229
2025-01-16 19:53:27,050 - INFO - Epoch [3/100], Train Accuracy: 0.9557, Val Accuracy: 0.9229
2025-01-16 19:53:27,147 - INFO - Epoch [4/100], Train Accuracy: 0.9802, Val Accuracy: 0.9396
2025-01-16 19:53:27,241 - INFO - Epoch [5/100], Train Accuracy: 0.9906, Val Accuracy: 0.9396
2025-01-16 19:53:27,367 - INFO - Epoch [6/100], Train Accuracy: 0.9938, Val Accuracy: 0.9313
2025-01-16 19:53:27,472 - INFO - Epoch [7/100], Train Accuracy: 0.9943, Val Accuracy: 0.9333
2025-01-16 19:53:27,594 - INFO - Epoch [8/100], Train Accuracy: 0.9953, Val Accuracy: 0.9333
2025-01-16 19:53:27,610 - INFO - Fold 2 Validation Accuracy: 0.9333
2025-01-16 19:53:27,610 - INFO - Training for fold 3/5
2025-01-16 19:53:27,733 - INFO - Epoch [1/100], Train Accuracy: 0.6786, Val Accuracy: 0.8979
2025-01-16 19:53:27,848 - INFO - Epoch [2/100], Train Accuracy: 0.9229, Val Accuracy: 0.9021
2025-01-16 19:53:27,970 - INFO - Epoch [3/100], Train Accuracy: 0.9599, Val Accuracy: 0.9167
2025-01-16 19:53:28,083 - INFO - Epoch [4/100], Train Accuracy: 0.9786, Val Accuracy: 0.9187
2025-01-16 19:53:28,191 - INFO - Epoch [5/100], Train Accuracy: 0.9891, Val Accuracy: 0.9167
2025-01-16 19:53:28,305 - INFO - Epoch [6/100], Train Accuracy: 0.9943, Val Accuracy: 0.9167
2025-01-16 19:53:28,419 - INFO - Epoch [7/100], Train Accuracy: 0.9969, Val Accuracy: 0.9146
2025-01-16 19:53:28,428 - INFO - Fold 3 Validation Accuracy: 0.9146
2025-01-16 19:53:28,428 - INFO - Training for fold 4/5
2025-01-16 19:53:28,560 - INFO - Epoch [1/100], Train Accuracy: 0.7312, Val Accuracy: 0.8708
2025-01-16 19:53:28,670 - INFO - Epoch [2/100], Train Accuracy: 0.9250, Val Accuracy: 0.9104
2025-01-16 19:53:28,784 - INFO - Epoch [3/100], Train Accuracy: 0.9630, Val Accuracy: 0.9167
2025-01-16 19:53:28,893 - INFO - Epoch [4/100], Train Accuracy: 0.9818, Val Accuracy: 0.9187
2025-01-16 19:53:29,003 - INFO - Epoch [5/100], Train Accuracy: 0.9885, Val Accuracy: 0.9062
2025-01-16 19:53:29,112 - INFO - Epoch [6/100], Train Accuracy: 0.9927, Val Accuracy: 0.9104
2025-01-16 19:53:29,223 - INFO - Epoch [7/100], Train Accuracy: 0.9958, Val Accuracy: 0.9062
2025-01-16 19:53:29,237 - INFO - Fold 4 Validation Accuracy: 0.9062
2025-01-16 19:53:29,237 - INFO - Training for fold 5/5
2025-01-16 19:53:29,364 - INFO - Epoch [1/100], Train Accuracy: 0.6984, Val Accuracy: 0.8583
2025-01-16 19:53:29,474 - INFO - Epoch [2/100], Train Accuracy: 0.9271, Val Accuracy: 0.9062
2025-01-16 19:53:29,576 - INFO - Epoch [3/100], Train Accuracy: 0.9635, Val Accuracy: 0.9104
2025-01-16 19:53:29,688 - INFO - Epoch [4/100], Train Accuracy: 0.9802, Val Accuracy: 0.9271
2025-01-16 19:53:29,808 - INFO - Epoch [5/100], Train Accuracy: 0.9922, Val Accuracy: 0.9271
2025-01-16 19:53:29,926 - INFO - Epoch [6/100], Train Accuracy: 0.9969, Val Accuracy: 0.9229
2025-01-16 19:53:29,940 - INFO - Fold 5 Validation Accuracy: 0.9229
2025-01-16 19:53:29,940 - INFO - Average Validation Accuracy (Over 5 folds): 0.9192 

2025-01-16 19:53:30,079 - INFO - Training with Vectorized Data 850 features. Dropout Rate 0.564. Dataset Size 2400. 128 neurons. Leanring Rate 0.002
2025-01-16 19:53:30,079 - INFO - Training for fold 1/5
2025-01-16 19:53:30,206 - INFO - Epoch [1/100], Train Accuracy: 0.7234, Val Accuracy: 0.8875
2025-01-16 19:53:30,327 - INFO - Epoch [2/100], Train Accuracy: 0.9214, Val Accuracy: 0.9229
2025-01-16 19:53:30,443 - INFO - Epoch [3/100], Train Accuracy: 0.9604, Val Accuracy: 0.9229
2025-01-16 19:53:30,553 - INFO - Epoch [4/100], Train Accuracy: 0.9812, Val Accuracy: 0.9271
2025-01-16 19:53:30,667 - INFO - Epoch [5/100], Train Accuracy: 0.9891, Val Accuracy: 0.9208
2025-01-16 19:53:30,782 - INFO - Epoch [6/100], Train Accuracy: 0.9943, Val Accuracy: 0.9167
2025-01-16 19:53:30,895 - INFO - Epoch [7/100], Train Accuracy: 0.9958, Val Accuracy: 0.9208
2025-01-16 19:53:30,908 - INFO - Fold 1 Validation Accuracy: 0.9208
2025-01-16 19:53:30,908 - INFO - Training for fold 2/5
2025-01-16 19:53:31,040 - INFO - Epoch [1/100], Train Accuracy: 0.7370, Val Accuracy: 0.8917
2025-01-16 19:53:31,151 - INFO - Epoch [2/100], Train Accuracy: 0.9276, Val Accuracy: 0.9125
2025-01-16 19:53:31,259 - INFO - Epoch [3/100], Train Accuracy: 0.9594, Val Accuracy: 0.9250
2025-01-16 19:53:31,415 - INFO - Epoch [4/100], Train Accuracy: 0.9771, Val Accuracy: 0.9313
2025-01-16 19:53:31,537 - INFO - Epoch [5/100], Train Accuracy: 0.9875, Val Accuracy: 0.9333
2025-01-16 19:53:31,648 - INFO - Epoch [6/100], Train Accuracy: 0.9938, Val Accuracy: 0.9292
2025-01-16 19:53:31,773 - INFO - Epoch [7/100], Train Accuracy: 0.9953, Val Accuracy: 0.9417
2025-01-16 19:53:31,886 - INFO - Epoch [8/100], Train Accuracy: 0.9953, Val Accuracy: 0.9354
2025-01-16 19:53:31,898 - INFO - Fold 2 Validation Accuracy: 0.9354
2025-01-16 19:53:31,898 - INFO - Training for fold 3/5
2025-01-16 19:53:32,020 - INFO - Epoch [1/100], Train Accuracy: 0.7130, Val Accuracy: 0.9021
2025-01-16 19:53:32,126 - INFO - Epoch [2/100], Train Accuracy: 0.9203, Val Accuracy: 0.9250
2025-01-16 19:53:32,233 - INFO - Epoch [3/100], Train Accuracy: 0.9578, Val Accuracy: 0.9417
2025-01-16 19:53:32,343 - INFO - Epoch [4/100], Train Accuracy: 0.9797, Val Accuracy: 0.9333
2025-01-16 19:53:32,444 - INFO - Epoch [5/100], Train Accuracy: 0.9891, Val Accuracy: 0.9437
2025-01-16 19:53:32,555 - INFO - Epoch [6/100], Train Accuracy: 0.9943, Val Accuracy: 0.9375
2025-01-16 19:53:32,666 - INFO - Epoch [7/100], Train Accuracy: 0.9953, Val Accuracy: 0.9396
2025-01-16 19:53:32,676 - INFO - Fold 3 Validation Accuracy: 0.9396
2025-01-16 19:53:32,676 - INFO - Training for fold 4/5
2025-01-16 19:53:32,807 - INFO - Epoch [1/100], Train Accuracy: 0.7161, Val Accuracy: 0.8625
2025-01-16 19:53:32,901 - INFO - Epoch [2/100], Train Accuracy: 0.9182, Val Accuracy: 0.9208
2025-01-16 19:53:32,992 - INFO - Epoch [3/100], Train Accuracy: 0.9604, Val Accuracy: 0.9292
2025-01-16 19:53:33,085 - INFO - Epoch [4/100], Train Accuracy: 0.9797, Val Accuracy: 0.9375
2025-01-16 19:53:33,184 - INFO - Epoch [5/100], Train Accuracy: 0.9911, Val Accuracy: 0.9333
2025-01-16 19:53:33,276 - INFO - Epoch [6/100], Train Accuracy: 0.9948, Val Accuracy: 0.9271
2025-01-16 19:53:33,378 - INFO - Epoch [7/100], Train Accuracy: 0.9964, Val Accuracy: 0.9229
2025-01-16 19:53:33,389 - INFO - Fold 4 Validation Accuracy: 0.9229
2025-01-16 19:53:33,389 - INFO - Training for fold 5/5
2025-01-16 19:53:33,488 - INFO - Epoch [1/100], Train Accuracy: 0.6635, Val Accuracy: 0.8792
2025-01-16 19:53:33,579 - INFO - Epoch [2/100], Train Accuracy: 0.9276, Val Accuracy: 0.8938
2025-01-16 19:53:33,675 - INFO - Epoch [3/100], Train Accuracy: 0.9641, Val Accuracy: 0.9104
2025-01-16 19:53:33,772 - INFO - Epoch [4/100], Train Accuracy: 0.9792, Val Accuracy: 0.9042
2025-01-16 19:53:33,869 - INFO - Epoch [5/100], Train Accuracy: 0.9901, Val Accuracy: 0.9104
2025-01-16 19:53:33,970 - INFO - Epoch [6/100], Train Accuracy: 0.9948, Val Accuracy: 0.9125
2025-01-16 19:53:34,059 - INFO - Epoch [7/100], Train Accuracy: 0.9958, Val Accuracy: 0.9083
2025-01-16 19:53:34,069 - INFO - Fold 5 Validation Accuracy: 0.9083
2025-01-16 19:53:34,069 - INFO - Average Validation Accuracy (Over 5 folds): 0.9254 

2025-01-16 19:53:34,199 - INFO - Training with Vectorized Data 850 features. Dropout Rate 0.564. Dataset Size 2400. 128 neurons. Leanring Rate 0.002
2025-01-16 19:53:34,199 - INFO - Training for fold 1/5
2025-01-16 19:53:34,297 - INFO - Epoch [1/100], Train Accuracy: 0.6677, Val Accuracy: 0.8812
2025-01-16 19:53:34,388 - INFO - Epoch [2/100], Train Accuracy: 0.9318, Val Accuracy: 0.9021
2025-01-16 19:53:34,484 - INFO - Epoch [3/100], Train Accuracy: 0.9615, Val Accuracy: 0.9187
2025-01-16 19:53:34,577 - INFO - Epoch [4/100], Train Accuracy: 0.9792, Val Accuracy: 0.9187
2025-01-16 19:53:34,678 - INFO - Epoch [5/100], Train Accuracy: 0.9917, Val Accuracy: 0.9250
2025-01-16 19:53:34,789 - INFO - Epoch [6/100], Train Accuracy: 0.9938, Val Accuracy: 0.9208
2025-01-16 19:53:34,900 - INFO - Epoch [7/100], Train Accuracy: 0.9964, Val Accuracy: 0.9271
2025-01-16 19:53:35,012 - INFO - Epoch [8/100], Train Accuracy: 0.9969, Val Accuracy: 0.9187
2025-01-16 19:53:35,026 - INFO - Fold 1 Validation Accuracy: 0.9187
2025-01-16 19:53:35,026 - INFO - Training for fold 2/5
2025-01-16 19:53:35,158 - INFO - Epoch [1/100], Train Accuracy: 0.6865, Val Accuracy: 0.9146
2025-01-16 19:53:35,269 - INFO - Epoch [2/100], Train Accuracy: 0.9193, Val Accuracy: 0.9354
2025-01-16 19:53:35,390 - INFO - Epoch [3/100], Train Accuracy: 0.9552, Val Accuracy: 0.9333
2025-01-16 19:53:35,506 - INFO - Epoch [4/100], Train Accuracy: 0.9766, Val Accuracy: 0.9250
2025-01-16 19:53:35,616 - INFO - Epoch [5/100], Train Accuracy: 0.9870, Val Accuracy: 0.9437
2025-01-16 19:53:35,734 - INFO - Epoch [6/100], Train Accuracy: 0.9943, Val Accuracy: 0.9354
2025-01-16 19:53:35,870 - INFO - Epoch [7/100], Train Accuracy: 0.9948, Val Accuracy: 0.9354
2025-01-16 19:53:35,988 - INFO - Epoch [8/100], Train Accuracy: 0.9958, Val Accuracy: 0.9250
2025-01-16 19:53:36,002 - INFO - Fold 2 Validation Accuracy: 0.9250
2025-01-16 19:53:36,002 - INFO - Training for fold 3/5
2025-01-16 19:53:36,162 - INFO - Epoch [1/100], Train Accuracy: 0.7078, Val Accuracy: 0.8750
2025-01-16 19:53:36,288 - INFO - Epoch [2/100], Train Accuracy: 0.9245, Val Accuracy: 0.9021
2025-01-16 19:53:36,406 - INFO - Epoch [3/100], Train Accuracy: 0.9646, Val Accuracy: 0.9146
2025-01-16 19:53:36,533 - INFO - Epoch [4/100], Train Accuracy: 0.9802, Val Accuracy: 0.9167
2025-01-16 19:53:36,670 - INFO - Epoch [5/100], Train Accuracy: 0.9911, Val Accuracy: 0.9187
2025-01-16 19:53:36,792 - INFO - Epoch [6/100], Train Accuracy: 0.9948, Val Accuracy: 0.9187
2025-01-16 19:53:36,918 - INFO - Epoch [7/100], Train Accuracy: 0.9953, Val Accuracy: 0.9125
2025-01-16 19:53:36,932 - INFO - Fold 3 Validation Accuracy: 0.9125
2025-01-16 19:53:36,933 - INFO - Training for fold 4/5
2025-01-16 19:53:37,071 - INFO - Epoch [1/100], Train Accuracy: 0.6104, Val Accuracy: 0.8688
2025-01-16 19:53:37,183 - INFO - Epoch [2/100], Train Accuracy: 0.9214, Val Accuracy: 0.9104
2025-01-16 19:53:37,308 - INFO - Epoch [3/100], Train Accuracy: 0.9589, Val Accuracy: 0.9292
2025-01-16 19:53:37,431 - INFO - Epoch [4/100], Train Accuracy: 0.9786, Val Accuracy: 0.9292
2025-01-16 19:53:37,540 - INFO - Epoch [5/100], Train Accuracy: 0.9901, Val Accuracy: 0.9250
2025-01-16 19:53:37,658 - INFO - Epoch [6/100], Train Accuracy: 0.9932, Val Accuracy: 0.9271
2025-01-16 19:53:37,791 - INFO - Epoch [7/100], Train Accuracy: 0.9943, Val Accuracy: 0.9229
2025-01-16 19:53:37,917 - INFO - Epoch [8/100], Train Accuracy: 0.9953, Val Accuracy: 0.9167
2025-01-16 19:53:37,928 - INFO - Fold 4 Validation Accuracy: 0.9167
2025-01-16 19:53:37,928 - INFO - Training for fold 5/5
2025-01-16 19:53:38,053 - INFO - Epoch [1/100], Train Accuracy: 0.6438, Val Accuracy: 0.9000
2025-01-16 19:53:38,172 - INFO - Epoch [2/100], Train Accuracy: 0.9234, Val Accuracy: 0.9125
2025-01-16 19:53:38,290 - INFO - Epoch [3/100], Train Accuracy: 0.9646, Val Accuracy: 0.9146
2025-01-16 19:53:38,405 - INFO - Epoch [4/100], Train Accuracy: 0.9818, Val Accuracy: 0.9292
2025-01-16 19:53:38,545 - INFO - Epoch [5/100], Train Accuracy: 0.9917, Val Accuracy: 0.9146
2025-01-16 19:53:38,669 - INFO - Epoch [6/100], Train Accuracy: 0.9938, Val Accuracy: 0.9208
2025-01-16 19:53:38,784 - INFO - Epoch [7/100], Train Accuracy: 0.9964, Val Accuracy: 0.9187
2025-01-16 19:53:38,798 - INFO - Fold 5 Validation Accuracy: 0.9187
2025-01-16 19:53:38,799 - INFO - Average Validation Accuracy (Over 5 folds): 0.9183 

2025-01-16 19:53:38,926 - INFO - Training with Vectorized Data 850 features. Dropout Rate 0.564. Dataset Size 2400. 128 neurons. Leanring Rate 0.002
2025-01-16 19:53:38,926 - INFO - Training for fold 1/5
2025-01-16 19:53:39,060 - INFO - Epoch [1/100], Train Accuracy: 0.7411, Val Accuracy: 0.8729
2025-01-16 19:53:39,176 - INFO - Epoch [2/100], Train Accuracy: 0.9260, Val Accuracy: 0.8938
2025-01-16 19:53:39,299 - INFO - Epoch [3/100], Train Accuracy: 0.9604, Val Accuracy: 0.9021
2025-01-16 19:53:39,421 - INFO - Epoch [4/100], Train Accuracy: 0.9812, Val Accuracy: 0.9062
2025-01-16 19:53:39,540 - INFO - Epoch [5/100], Train Accuracy: 0.9901, Val Accuracy: 0.9125
2025-01-16 19:53:39,668 - INFO - Epoch [6/100], Train Accuracy: 0.9953, Val Accuracy: 0.9042
2025-01-16 19:53:39,683 - INFO - Fold 1 Validation Accuracy: 0.9042
2025-01-16 19:53:39,683 - INFO - Training for fold 2/5
2025-01-16 19:53:39,815 - INFO - Epoch [1/100], Train Accuracy: 0.6937, Val Accuracy: 0.9125
2025-01-16 19:53:39,948 - INFO - Epoch [2/100], Train Accuracy: 0.9266, Val Accuracy: 0.9292
2025-01-16 19:53:40,069 - INFO - Epoch [3/100], Train Accuracy: 0.9615, Val Accuracy: 0.9250
2025-01-16 19:53:40,185 - INFO - Epoch [4/100], Train Accuracy: 0.9818, Val Accuracy: 0.9229
2025-01-16 19:53:40,305 - INFO - Epoch [5/100], Train Accuracy: 0.9859, Val Accuracy: 0.9271
2025-01-16 19:53:40,437 - INFO - Epoch [6/100], Train Accuracy: 0.9938, Val Accuracy: 0.9271
2025-01-16 19:53:40,555 - INFO - Epoch [7/100], Train Accuracy: 0.9953, Val Accuracy: 0.9208
2025-01-16 19:53:40,570 - INFO - Fold 2 Validation Accuracy: 0.9208
2025-01-16 19:53:40,570 - INFO - Training for fold 3/5
2025-01-16 19:53:40,694 - INFO - Epoch [1/100], Train Accuracy: 0.6891, Val Accuracy: 0.9000
2025-01-16 19:53:40,822 - INFO - Epoch [2/100], Train Accuracy: 0.9240, Val Accuracy: 0.9125
2025-01-16 19:53:40,937 - INFO - Epoch [3/100], Train Accuracy: 0.9578, Val Accuracy: 0.9313
2025-01-16 19:53:41,050 - INFO - Epoch [4/100], Train Accuracy: 0.9828, Val Accuracy: 0.9292
2025-01-16 19:53:41,172 - INFO - Epoch [5/100], Train Accuracy: 0.9901, Val Accuracy: 0.9271
2025-01-16 19:53:41,292 - INFO - Epoch [6/100], Train Accuracy: 0.9943, Val Accuracy: 0.9271
2025-01-16 19:53:41,415 - INFO - Epoch [7/100], Train Accuracy: 0.9958, Val Accuracy: 0.9271
2025-01-16 19:53:41,426 - INFO - Fold 3 Validation Accuracy: 0.9271
2025-01-16 19:53:41,426 - INFO - Training for fold 4/5
2025-01-16 19:53:41,570 - INFO - Epoch [1/100], Train Accuracy: 0.6505, Val Accuracy: 0.8896
2025-01-16 19:53:41,700 - INFO - Epoch [2/100], Train Accuracy: 0.9187, Val Accuracy: 0.9062
2025-01-16 19:53:41,820 - INFO - Epoch [3/100], Train Accuracy: 0.9589, Val Accuracy: 0.9250
2025-01-16 19:53:41,939 - INFO - Epoch [4/100], Train Accuracy: 0.9786, Val Accuracy: 0.9167
2025-01-16 19:53:42,053 - INFO - Epoch [5/100], Train Accuracy: 0.9891, Val Accuracy: 0.9250
2025-01-16 19:53:42,172 - INFO - Epoch [6/100], Train Accuracy: 0.9932, Val Accuracy: 0.9250
2025-01-16 19:53:42,293 - INFO - Epoch [7/100], Train Accuracy: 0.9948, Val Accuracy: 0.9313
2025-01-16 19:53:42,418 - INFO - Epoch [8/100], Train Accuracy: 0.9953, Val Accuracy: 0.9354
2025-01-16 19:53:42,532 - INFO - Epoch [9/100], Train Accuracy: 0.9958, Val Accuracy: 0.9313
2025-01-16 19:53:42,544 - INFO - Fold 4 Validation Accuracy: 0.9313
2025-01-16 19:53:42,544 - INFO - Training for fold 5/5
2025-01-16 19:53:42,672 - INFO - Epoch [1/100], Train Accuracy: 0.6438, Val Accuracy: 0.9000
2025-01-16 19:53:42,790 - INFO - Epoch [2/100], Train Accuracy: 0.9193, Val Accuracy: 0.9146
2025-01-16 19:53:42,909 - INFO - Epoch [3/100], Train Accuracy: 0.9573, Val Accuracy: 0.9229
2025-01-16 19:53:43,027 - INFO - Epoch [4/100], Train Accuracy: 0.9807, Val Accuracy: 0.9250
2025-01-16 19:53:43,136 - INFO - Epoch [5/100], Train Accuracy: 0.9896, Val Accuracy: 0.9250
2025-01-16 19:53:43,259 - INFO - Epoch [6/100], Train Accuracy: 0.9932, Val Accuracy: 0.9250
2025-01-16 19:53:43,384 - INFO - Epoch [7/100], Train Accuracy: 0.9953, Val Accuracy: 0.9271
2025-01-16 19:53:43,502 - INFO - Epoch [8/100], Train Accuracy: 0.9953, Val Accuracy: 0.9271
2025-01-16 19:53:43,626 - INFO - Epoch [9/100], Train Accuracy: 0.9958, Val Accuracy: 0.9229
2025-01-16 19:53:43,639 - INFO - Fold 5 Validation Accuracy: 0.9229
2025-01-16 19:53:43,639 - INFO - Average Validation Accuracy (Over 5 folds): 0.9213 

2025-01-16 19:53:43,768 - INFO - Training with Vectorized Data 850 features. Dropout Rate 0.564. Dataset Size 2400. 128 neurons. Leanring Rate 0.002
2025-01-16 19:53:43,768 - INFO - Training for fold 1/5
2025-01-16 19:53:43,907 - INFO - Epoch [1/100], Train Accuracy: 0.6990, Val Accuracy: 0.8896
2025-01-16 19:53:44,038 - INFO - Epoch [2/100], Train Accuracy: 0.9245, Val Accuracy: 0.9208
2025-01-16 19:53:44,157 - INFO - Epoch [3/100], Train Accuracy: 0.9646, Val Accuracy: 0.9167
2025-01-16 19:53:44,283 - INFO - Epoch [4/100], Train Accuracy: 0.9792, Val Accuracy: 0.9187
2025-01-16 19:53:44,400 - INFO - Epoch [5/100], Train Accuracy: 0.9917, Val Accuracy: 0.9167
2025-01-16 19:53:44,505 - INFO - Epoch [6/100], Train Accuracy: 0.9948, Val Accuracy: 0.9187
2025-01-16 19:53:44,610 - INFO - Epoch [7/100], Train Accuracy: 0.9979, Val Accuracy: 0.9208
2025-01-16 19:53:44,722 - INFO - Epoch [8/100], Train Accuracy: 0.9979, Val Accuracy: 0.9187
2025-01-16 19:53:44,827 - INFO - Epoch [9/100], Train Accuracy: 0.9979, Val Accuracy: 0.9187
2025-01-16 19:53:44,934 - INFO - Epoch [10/100], Train Accuracy: 0.9984, Val Accuracy: 0.9208
2025-01-16 19:53:45,046 - INFO - Epoch [11/100], Train Accuracy: 0.9984, Val Accuracy: 0.9187
2025-01-16 19:53:45,156 - INFO - Epoch [12/100], Train Accuracy: 0.9984, Val Accuracy: 0.9146
2025-01-16 19:53:45,168 - INFO - Fold 1 Validation Accuracy: 0.9146
2025-01-16 19:53:45,168 - INFO - Training for fold 2/5
2025-01-16 19:53:45,339 - INFO - Epoch [1/100], Train Accuracy: 0.7318, Val Accuracy: 0.8729
2025-01-16 19:53:45,459 - INFO - Epoch [2/100], Train Accuracy: 0.9234, Val Accuracy: 0.9167
2025-01-16 19:53:45,576 - INFO - Epoch [3/100], Train Accuracy: 0.9620, Val Accuracy: 0.9250
2025-01-16 19:53:45,692 - INFO - Epoch [4/100], Train Accuracy: 0.9776, Val Accuracy: 0.9375
2025-01-16 19:53:45,809 - INFO - Epoch [5/100], Train Accuracy: 0.9880, Val Accuracy: 0.9250
2025-01-16 19:53:45,925 - INFO - Epoch [6/100], Train Accuracy: 0.9938, Val Accuracy: 0.9292
2025-01-16 19:53:46,039 - INFO - Epoch [7/100], Train Accuracy: 0.9948, Val Accuracy: 0.9250
2025-01-16 19:53:46,153 - INFO - Epoch [8/100], Train Accuracy: 0.9964, Val Accuracy: 0.9250
2025-01-16 19:53:46,166 - INFO - Fold 2 Validation Accuracy: 0.9250
2025-01-16 19:53:46,166 - INFO - Training for fold 3/5
2025-01-16 19:53:46,286 - INFO - Epoch [1/100], Train Accuracy: 0.6172, Val Accuracy: 0.8750
2025-01-16 19:53:46,392 - INFO - Epoch [2/100], Train Accuracy: 0.9349, Val Accuracy: 0.8958
2025-01-16 19:53:46,499 - INFO - Epoch [3/100], Train Accuracy: 0.9646, Val Accuracy: 0.9000
2025-01-16 19:53:46,607 - INFO - Epoch [4/100], Train Accuracy: 0.9865, Val Accuracy: 0.9146
2025-01-16 19:53:46,721 - INFO - Epoch [5/100], Train Accuracy: 0.9911, Val Accuracy: 0.9062
2025-01-16 19:53:46,838 - INFO - Epoch [6/100], Train Accuracy: 0.9927, Val Accuracy: 0.9146
2025-01-16 19:53:46,945 - INFO - Epoch [7/100], Train Accuracy: 0.9948, Val Accuracy: 0.9125
2025-01-16 19:53:47,053 - INFO - Epoch [8/100], Train Accuracy: 0.9958, Val Accuracy: 0.9104
2025-01-16 19:53:47,068 - INFO - Fold 3 Validation Accuracy: 0.9104
2025-01-16 19:53:47,068 - INFO - Training for fold 4/5
2025-01-16 19:53:47,190 - INFO - Epoch [1/100], Train Accuracy: 0.7161, Val Accuracy: 0.9062
2025-01-16 19:53:47,301 - INFO - Epoch [2/100], Train Accuracy: 0.9266, Val Accuracy: 0.9229
2025-01-16 19:53:47,437 - INFO - Epoch [3/100], Train Accuracy: 0.9557, Val Accuracy: 0.9396
2025-01-16 19:53:47,549 - INFO - Epoch [4/100], Train Accuracy: 0.9755, Val Accuracy: 0.9375
2025-01-16 19:53:47,666 - INFO - Epoch [5/100], Train Accuracy: 0.9865, Val Accuracy: 0.9354
2025-01-16 19:53:47,776 - INFO - Epoch [6/100], Train Accuracy: 0.9922, Val Accuracy: 0.9354
2025-01-16 19:53:47,887 - INFO - Epoch [7/100], Train Accuracy: 0.9948, Val Accuracy: 0.9354
2025-01-16 19:53:47,994 - INFO - Epoch [8/100], Train Accuracy: 0.9953, Val Accuracy: 0.9354
2025-01-16 19:53:48,006 - INFO - Fold 4 Validation Accuracy: 0.9354
2025-01-16 19:53:48,006 - INFO - Training for fold 5/5
2025-01-16 19:53:48,130 - INFO - Epoch [1/100], Train Accuracy: 0.7339, Val Accuracy: 0.9021
2025-01-16 19:53:48,240 - INFO - Epoch [2/100], Train Accuracy: 0.9266, Val Accuracy: 0.9417
2025-01-16 19:53:48,338 - INFO - Epoch [3/100], Train Accuracy: 0.9583, Val Accuracy: 0.9458
2025-01-16 19:53:48,436 - INFO - Epoch [4/100], Train Accuracy: 0.9781, Val Accuracy: 0.9521
2025-01-16 19:53:48,535 - INFO - Epoch [5/100], Train Accuracy: 0.9901, Val Accuracy: 0.9500
2025-01-16 19:53:48,630 - INFO - Epoch [6/100], Train Accuracy: 0.9938, Val Accuracy: 0.9437
2025-01-16 19:53:48,718 - INFO - Epoch [7/100], Train Accuracy: 0.9969, Val Accuracy: 0.9479
2025-01-16 19:53:48,728 - INFO - Fold 5 Validation Accuracy: 0.9479
2025-01-16 19:53:48,728 - INFO - Average Validation Accuracy (Over 5 folds): 0.9267 

