2025-01-16 20:29:00,527 - INFO - Training with Vectorized Data 1000 features. Dropout Rate 0.564. Dataset Size 2400. 128 neurons. Leanring Rate 0.0025
2025-01-16 20:29:00,527 - INFO - Training for fold 1/5
2025-01-16 20:29:02,029 - INFO - Epoch [1/100], Train Accuracy: 0.7099, Val Accuracy: 0.8896
2025-01-16 20:29:02,134 - INFO - Epoch [2/100], Train Accuracy: 0.9328, Val Accuracy: 0.9062
2025-01-16 20:29:02,234 - INFO - Epoch [3/100], Train Accuracy: 0.9745, Val Accuracy: 0.9167
2025-01-16 20:29:02,350 - INFO - Epoch [4/100], Train Accuracy: 0.9875, Val Accuracy: 0.9083
2025-01-16 20:29:02,454 - INFO - Epoch [5/100], Train Accuracy: 0.9938, Val Accuracy: 0.9146
2025-01-16 20:29:02,557 - INFO - Epoch [6/100], Train Accuracy: 0.9953, Val Accuracy: 0.9083
2025-01-16 20:29:02,568 - INFO - Fold 1 Validation Accuracy: 0.9083
2025-01-16 20:29:02,568 - INFO - Training for fold 2/5
2025-01-16 20:29:02,701 - INFO - Epoch [1/100], Train Accuracy: 0.6609, Val Accuracy: 0.8917
2025-01-16 20:29:02,811 - INFO - Epoch [2/100], Train Accuracy: 0.9302, Val Accuracy: 0.9458
2025-01-16 20:29:02,913 - INFO - Epoch [3/100], Train Accuracy: 0.9703, Val Accuracy: 0.9479
2025-01-16 20:29:03,012 - INFO - Epoch [4/100], Train Accuracy: 0.9880, Val Accuracy: 0.9458
2025-01-16 20:29:03,115 - INFO - Epoch [5/100], Train Accuracy: 0.9938, Val Accuracy: 0.9500
2025-01-16 20:29:03,225 - INFO - Epoch [6/100], Train Accuracy: 0.9964, Val Accuracy: 0.9458
2025-01-16 20:29:03,237 - INFO - Fold 2 Validation Accuracy: 0.9458
2025-01-16 20:29:03,237 - INFO - Training for fold 3/5
2025-01-16 20:29:03,353 - INFO - Epoch [1/100], Train Accuracy: 0.6943, Val Accuracy: 0.8771
2025-01-16 20:29:03,457 - INFO - Epoch [2/100], Train Accuracy: 0.9349, Val Accuracy: 0.8938
2025-01-16 20:29:03,567 - INFO - Epoch [3/100], Train Accuracy: 0.9750, Val Accuracy: 0.9042
2025-01-16 20:29:03,669 - INFO - Epoch [4/100], Train Accuracy: 0.9854, Val Accuracy: 0.9208
2025-01-16 20:29:03,777 - INFO - Epoch [5/100], Train Accuracy: 0.9932, Val Accuracy: 0.9125
2025-01-16 20:29:03,875 - INFO - Epoch [6/100], Train Accuracy: 0.9948, Val Accuracy: 0.9104
2025-01-16 20:29:03,976 - INFO - Epoch [7/100], Train Accuracy: 0.9958, Val Accuracy: 0.9146
2025-01-16 20:29:03,985 - INFO - Fold 3 Validation Accuracy: 0.9146
2025-01-16 20:29:03,985 - INFO - Training for fold 4/5
2025-01-16 20:29:04,099 - INFO - Epoch [1/100], Train Accuracy: 0.7276, Val Accuracy: 0.8917
2025-01-16 20:29:04,192 - INFO - Epoch [2/100], Train Accuracy: 0.9286, Val Accuracy: 0.9229
2025-01-16 20:29:04,287 - INFO - Epoch [3/100], Train Accuracy: 0.9703, Val Accuracy: 0.9229
2025-01-16 20:29:04,391 - INFO - Epoch [4/100], Train Accuracy: 0.9885, Val Accuracy: 0.9187
2025-01-16 20:29:04,490 - INFO - Epoch [5/100], Train Accuracy: 0.9938, Val Accuracy: 0.9229
2025-01-16 20:29:04,586 - INFO - Epoch [6/100], Train Accuracy: 0.9964, Val Accuracy: 0.9229
2025-01-16 20:29:04,691 - INFO - Epoch [7/100], Train Accuracy: 0.9969, Val Accuracy: 0.9271
2025-01-16 20:29:04,795 - INFO - Epoch [8/100], Train Accuracy: 0.9974, Val Accuracy: 0.9271
2025-01-16 20:29:04,895 - INFO - Epoch [9/100], Train Accuracy: 0.9974, Val Accuracy: 0.9271
2025-01-16 20:29:04,993 - INFO - Epoch [10/100], Train Accuracy: 0.9974, Val Accuracy: 0.9250
2025-01-16 20:29:05,095 - INFO - Epoch [11/100], Train Accuracy: 0.9974, Val Accuracy: 0.9292
2025-01-16 20:29:05,199 - INFO - Epoch [12/100], Train Accuracy: 0.9974, Val Accuracy: 0.9292
2025-01-16 20:29:05,293 - INFO - Epoch [13/100], Train Accuracy: 0.9974, Val Accuracy: 0.9292
2025-01-16 20:29:05,386 - INFO - Epoch [14/100], Train Accuracy: 0.9979, Val Accuracy: 0.9292
2025-01-16 20:29:05,503 - INFO - Epoch [15/100], Train Accuracy: 0.9979, Val Accuracy: 0.9292
2025-01-16 20:29:05,595 - INFO - Epoch [16/100], Train Accuracy: 0.9979, Val Accuracy: 0.9292
2025-01-16 20:29:05,688 - INFO - Epoch [17/100], Train Accuracy: 0.9979, Val Accuracy: 0.9292
2025-01-16 20:29:05,786 - INFO - Epoch [18/100], Train Accuracy: 0.9979, Val Accuracy: 0.9292
2025-01-16 20:29:05,877 - INFO - Epoch [19/100], Train Accuracy: 0.9979, Val Accuracy: 0.9313
2025-01-16 20:29:05,971 - INFO - Epoch [20/100], Train Accuracy: 0.9979, Val Accuracy: 0.9271
2025-01-16 20:29:05,982 - INFO - Fold 4 Validation Accuracy: 0.9271
2025-01-16 20:29:05,982 - INFO - Training for fold 5/5
2025-01-16 20:29:06,086 - INFO - Epoch [1/100], Train Accuracy: 0.7292, Val Accuracy: 0.8896
2025-01-16 20:29:06,173 - INFO - Epoch [2/100], Train Accuracy: 0.9297, Val Accuracy: 0.9167
2025-01-16 20:29:06,267 - INFO - Epoch [3/100], Train Accuracy: 0.9693, Val Accuracy: 0.9271
2025-01-16 20:29:06,358 - INFO - Epoch [4/100], Train Accuracy: 0.9865, Val Accuracy: 0.9250
2025-01-16 20:29:06,456 - INFO - Epoch [5/100], Train Accuracy: 0.9911, Val Accuracy: 0.9229
2025-01-16 20:29:06,551 - INFO - Epoch [6/100], Train Accuracy: 0.9948, Val Accuracy: 0.9229
2025-01-16 20:29:06,645 - INFO - Epoch [7/100], Train Accuracy: 0.9964, Val Accuracy: 0.9229
2025-01-16 20:29:06,660 - INFO - Fold 5 Validation Accuracy: 0.9229
2025-01-16 20:29:06,661 - INFO - Average Validation Accuracy (Over 5 folds): 0.9238 

2025-01-16 20:29:06,802 - INFO - Training with Vectorized Data 1000 features. Dropout Rate 0.564. Dataset Size 2400. 144 neurons. Leanring Rate 0.0025
2025-01-16 20:29:06,802 - INFO - Training for fold 1/5
2025-01-16 20:29:06,906 - INFO - Epoch [1/100], Train Accuracy: 0.7370, Val Accuracy: 0.8729
2025-01-16 20:29:06,999 - INFO - Epoch [2/100], Train Accuracy: 0.9354, Val Accuracy: 0.9167
2025-01-16 20:29:07,093 - INFO - Epoch [3/100], Train Accuracy: 0.9745, Val Accuracy: 0.9208
2025-01-16 20:29:07,186 - INFO - Epoch [4/100], Train Accuracy: 0.9875, Val Accuracy: 0.9208
2025-01-16 20:29:07,290 - INFO - Epoch [5/100], Train Accuracy: 0.9932, Val Accuracy: 0.9146
2025-01-16 20:29:07,413 - INFO - Epoch [6/100], Train Accuracy: 0.9948, Val Accuracy: 0.9146
2025-01-16 20:29:07,506 - INFO - Epoch [7/100], Train Accuracy: 0.9958, Val Accuracy: 0.9146
2025-01-16 20:29:07,516 - INFO - Fold 1 Validation Accuracy: 0.9146
2025-01-16 20:29:07,516 - INFO - Training for fold 2/5
2025-01-16 20:29:07,640 - INFO - Epoch [1/100], Train Accuracy: 0.6865, Val Accuracy: 0.8958
2025-01-16 20:29:07,736 - INFO - Epoch [2/100], Train Accuracy: 0.9359, Val Accuracy: 0.9208
2025-01-16 20:29:07,839 - INFO - Epoch [3/100], Train Accuracy: 0.9661, Val Accuracy: 0.9354
2025-01-16 20:29:07,936 - INFO - Epoch [4/100], Train Accuracy: 0.9844, Val Accuracy: 0.9313
2025-01-16 20:29:08,036 - INFO - Epoch [5/100], Train Accuracy: 0.9911, Val Accuracy: 0.9396
2025-01-16 20:29:08,135 - INFO - Epoch [6/100], Train Accuracy: 0.9948, Val Accuracy: 0.9354
2025-01-16 20:29:08,230 - INFO - Epoch [7/100], Train Accuracy: 0.9958, Val Accuracy: 0.9437
2025-01-16 20:29:08,330 - INFO - Epoch [8/100], Train Accuracy: 0.9964, Val Accuracy: 0.9354
2025-01-16 20:29:08,345 - INFO - Fold 2 Validation Accuracy: 0.9354
2025-01-16 20:29:08,345 - INFO - Training for fold 3/5
2025-01-16 20:29:08,466 - INFO - Epoch [1/100], Train Accuracy: 0.6932, Val Accuracy: 0.9167
2025-01-16 20:29:08,564 - INFO - Epoch [2/100], Train Accuracy: 0.9375, Val Accuracy: 0.9271
2025-01-16 20:29:08,658 - INFO - Epoch [3/100], Train Accuracy: 0.9682, Val Accuracy: 0.9396
2025-01-16 20:29:08,751 - INFO - Epoch [4/100], Train Accuracy: 0.9844, Val Accuracy: 0.9417
2025-01-16 20:29:08,848 - INFO - Epoch [5/100], Train Accuracy: 0.9932, Val Accuracy: 0.9333
2025-01-16 20:29:08,945 - INFO - Epoch [6/100], Train Accuracy: 0.9958, Val Accuracy: 0.9354
2025-01-16 20:29:08,955 - INFO - Fold 3 Validation Accuracy: 0.9354
2025-01-16 20:29:08,956 - INFO - Training for fold 4/5
2025-01-16 20:29:09,085 - INFO - Epoch [1/100], Train Accuracy: 0.7443, Val Accuracy: 0.8833
2025-01-16 20:29:09,186 - INFO - Epoch [2/100], Train Accuracy: 0.9323, Val Accuracy: 0.9250
2025-01-16 20:29:09,288 - INFO - Epoch [3/100], Train Accuracy: 0.9750, Val Accuracy: 0.9313
2025-01-16 20:29:09,386 - INFO - Epoch [4/100], Train Accuracy: 0.9896, Val Accuracy: 0.9229
2025-01-16 20:29:09,485 - INFO - Epoch [5/100], Train Accuracy: 0.9948, Val Accuracy: 0.9250
2025-01-16 20:29:09,591 - INFO - Epoch [6/100], Train Accuracy: 0.9958, Val Accuracy: 0.9187
2025-01-16 20:29:09,601 - INFO - Fold 4 Validation Accuracy: 0.9187
2025-01-16 20:29:09,603 - INFO - Training for fold 5/5
2025-01-16 20:29:09,733 - INFO - Epoch [1/100], Train Accuracy: 0.6667, Val Accuracy: 0.8771
2025-01-16 20:29:09,833 - INFO - Epoch [2/100], Train Accuracy: 0.9344, Val Accuracy: 0.9208
2025-01-16 20:29:09,934 - INFO - Epoch [3/100], Train Accuracy: 0.9740, Val Accuracy: 0.9125
2025-01-16 20:29:10,035 - INFO - Epoch [4/100], Train Accuracy: 0.9896, Val Accuracy: 0.9229
2025-01-16 20:29:10,135 - INFO - Epoch [5/100], Train Accuracy: 0.9948, Val Accuracy: 0.9187
2025-01-16 20:29:10,233 - INFO - Epoch [6/100], Train Accuracy: 0.9969, Val Accuracy: 0.9125
2025-01-16 20:29:10,244 - INFO - Fold 5 Validation Accuracy: 0.9125
2025-01-16 20:29:10,244 - INFO - Average Validation Accuracy (Over 5 folds): 0.9233 

2025-01-16 20:29:10,369 - INFO - Training with Vectorized Data 1000 features. Dropout Rate 0.564. Dataset Size 2400. 160 neurons. Leanring Rate 0.0025
2025-01-16 20:29:10,369 - INFO - Training for fold 1/5
2025-01-16 20:29:10,514 - INFO - Epoch [1/100], Train Accuracy: 0.6948, Val Accuracy: 0.8896
2025-01-16 20:29:10,608 - INFO - Epoch [2/100], Train Accuracy: 0.9281, Val Accuracy: 0.9354
2025-01-16 20:29:10,716 - INFO - Epoch [3/100], Train Accuracy: 0.9667, Val Accuracy: 0.9354
2025-01-16 20:29:10,816 - INFO - Epoch [4/100], Train Accuracy: 0.9849, Val Accuracy: 0.9417
2025-01-16 20:29:10,918 - INFO - Epoch [5/100], Train Accuracy: 0.9927, Val Accuracy: 0.9437
2025-01-16 20:29:11,026 - INFO - Epoch [6/100], Train Accuracy: 0.9953, Val Accuracy: 0.9458
2025-01-16 20:29:11,121 - INFO - Epoch [7/100], Train Accuracy: 0.9964, Val Accuracy: 0.9417
2025-01-16 20:29:11,135 - INFO - Fold 1 Validation Accuracy: 0.9417
2025-01-16 20:29:11,135 - INFO - Training for fold 2/5
2025-01-16 20:29:11,269 - INFO - Epoch [1/100], Train Accuracy: 0.7047, Val Accuracy: 0.8771
2025-01-16 20:29:11,361 - INFO - Epoch [2/100], Train Accuracy: 0.9354, Val Accuracy: 0.9125
2025-01-16 20:29:11,454 - INFO - Epoch [3/100], Train Accuracy: 0.9755, Val Accuracy: 0.9146
2025-01-16 20:29:11,555 - INFO - Epoch [4/100], Train Accuracy: 0.9896, Val Accuracy: 0.9187
2025-01-16 20:29:11,666 - INFO - Epoch [5/100], Train Accuracy: 0.9943, Val Accuracy: 0.9187
2025-01-16 20:29:11,777 - INFO - Epoch [6/100], Train Accuracy: 0.9953, Val Accuracy: 0.9271
2025-01-16 20:29:11,883 - INFO - Epoch [7/100], Train Accuracy: 0.9974, Val Accuracy: 0.9229
2025-01-16 20:29:11,897 - INFO - Fold 2 Validation Accuracy: 0.9229
2025-01-16 20:29:11,897 - INFO - Training for fold 3/5
2025-01-16 20:29:12,024 - INFO - Epoch [1/100], Train Accuracy: 0.7167, Val Accuracy: 0.8938
2025-01-16 20:29:12,118 - INFO - Epoch [2/100], Train Accuracy: 0.9391, Val Accuracy: 0.9104
2025-01-16 20:29:12,223 - INFO - Epoch [3/100], Train Accuracy: 0.9708, Val Accuracy: 0.9250
2025-01-16 20:29:12,325 - INFO - Epoch [4/100], Train Accuracy: 0.9885, Val Accuracy: 0.9250
2025-01-16 20:29:12,426 - INFO - Epoch [5/100], Train Accuracy: 0.9948, Val Accuracy: 0.9250
2025-01-16 20:29:12,531 - INFO - Epoch [6/100], Train Accuracy: 0.9964, Val Accuracy: 0.9208
2025-01-16 20:29:12,545 - INFO - Fold 3 Validation Accuracy: 0.9208
2025-01-16 20:29:12,545 - INFO - Training for fold 4/5
2025-01-16 20:29:12,675 - INFO - Epoch [1/100], Train Accuracy: 0.7688, Val Accuracy: 0.9000
2025-01-16 20:29:12,783 - INFO - Epoch [2/100], Train Accuracy: 0.9349, Val Accuracy: 0.9208
2025-01-16 20:29:12,884 - INFO - Epoch [3/100], Train Accuracy: 0.9734, Val Accuracy: 0.9208
2025-01-16 20:29:12,987 - INFO - Epoch [4/100], Train Accuracy: 0.9880, Val Accuracy: 0.9229
2025-01-16 20:29:13,093 - INFO - Epoch [5/100], Train Accuracy: 0.9948, Val Accuracy: 0.9208
2025-01-16 20:29:13,197 - INFO - Epoch [6/100], Train Accuracy: 0.9974, Val Accuracy: 0.9187
2025-01-16 20:29:13,208 - INFO - Fold 4 Validation Accuracy: 0.9187
2025-01-16 20:29:13,208 - INFO - Training for fold 5/5
2025-01-16 20:29:13,357 - INFO - Epoch [1/100], Train Accuracy: 0.7328, Val Accuracy: 0.8958
2025-01-16 20:29:13,458 - INFO - Epoch [2/100], Train Accuracy: 0.9385, Val Accuracy: 0.9062
2025-01-16 20:29:13,561 - INFO - Epoch [3/100], Train Accuracy: 0.9781, Val Accuracy: 0.9125
2025-01-16 20:29:13,671 - INFO - Epoch [4/100], Train Accuracy: 0.9911, Val Accuracy: 0.9104
2025-01-16 20:29:13,771 - INFO - Epoch [5/100], Train Accuracy: 0.9948, Val Accuracy: 0.9062
2025-01-16 20:29:13,872 - INFO - Epoch [6/100], Train Accuracy: 0.9958, Val Accuracy: 0.9021
2025-01-16 20:29:13,883 - INFO - Fold 5 Validation Accuracy: 0.9021
2025-01-16 20:29:13,883 - INFO - Average Validation Accuracy (Over 5 folds): 0.9213 

2025-01-16 20:29:14,011 - INFO - Training with Vectorized Data 1000 features. Dropout Rate 0.564. Dataset Size 2400. 176 neurons. Leanring Rate 0.0025
2025-01-16 20:29:14,012 - INFO - Training for fold 1/5
2025-01-16 20:29:14,140 - INFO - Epoch [1/100], Train Accuracy: 0.7552, Val Accuracy: 0.9104
2025-01-16 20:29:14,240 - INFO - Epoch [2/100], Train Accuracy: 0.9359, Val Accuracy: 0.9396
2025-01-16 20:29:14,336 - INFO - Epoch [3/100], Train Accuracy: 0.9740, Val Accuracy: 0.9313
2025-01-16 20:29:14,437 - INFO - Epoch [4/100], Train Accuracy: 0.9891, Val Accuracy: 0.9333
2025-01-16 20:29:14,533 - INFO - Epoch [5/100], Train Accuracy: 0.9917, Val Accuracy: 0.9313
2025-01-16 20:29:14,629 - INFO - Epoch [6/100], Train Accuracy: 0.9938, Val Accuracy: 0.9313
2025-01-16 20:29:14,726 - INFO - Epoch [7/100], Train Accuracy: 0.9958, Val Accuracy: 0.9208
2025-01-16 20:29:14,737 - INFO - Fold 1 Validation Accuracy: 0.9208
2025-01-16 20:29:14,737 - INFO - Training for fold 2/5
2025-01-16 20:29:14,871 - INFO - Epoch [1/100], Train Accuracy: 0.7995, Val Accuracy: 0.8771
2025-01-16 20:29:14,965 - INFO - Epoch [2/100], Train Accuracy: 0.9349, Val Accuracy: 0.9104
2025-01-16 20:29:15,067 - INFO - Epoch [3/100], Train Accuracy: 0.9750, Val Accuracy: 0.9271
2025-01-16 20:29:15,167 - INFO - Epoch [4/100], Train Accuracy: 0.9891, Val Accuracy: 0.9229
2025-01-16 20:29:15,269 - INFO - Epoch [5/100], Train Accuracy: 0.9938, Val Accuracy: 0.9187
2025-01-16 20:29:15,365 - INFO - Epoch [6/100], Train Accuracy: 0.9969, Val Accuracy: 0.9187
2025-01-16 20:29:15,376 - INFO - Fold 2 Validation Accuracy: 0.9187
2025-01-16 20:29:15,377 - INFO - Training for fold 3/5
2025-01-16 20:29:15,504 - INFO - Epoch [1/100], Train Accuracy: 0.7099, Val Accuracy: 0.9000
2025-01-16 20:29:15,615 - INFO - Epoch [2/100], Train Accuracy: 0.9354, Val Accuracy: 0.9208
2025-01-16 20:29:15,723 - INFO - Epoch [3/100], Train Accuracy: 0.9781, Val Accuracy: 0.9333
2025-01-16 20:29:15,817 - INFO - Epoch [4/100], Train Accuracy: 0.9875, Val Accuracy: 0.9354
2025-01-16 20:29:15,914 - INFO - Epoch [5/100], Train Accuracy: 0.9958, Val Accuracy: 0.9313
2025-01-16 20:29:15,923 - INFO - Fold 3 Validation Accuracy: 0.9313
2025-01-16 20:29:15,923 - INFO - Training for fold 4/5
2025-01-16 20:29:16,047 - INFO - Epoch [1/100], Train Accuracy: 0.7292, Val Accuracy: 0.9000
2025-01-16 20:29:16,145 - INFO - Epoch [2/100], Train Accuracy: 0.9328, Val Accuracy: 0.9313
2025-01-16 20:29:16,240 - INFO - Epoch [3/100], Train Accuracy: 0.9771, Val Accuracy: 0.9250
2025-01-16 20:29:16,340 - INFO - Epoch [4/100], Train Accuracy: 0.9880, Val Accuracy: 0.9292
2025-01-16 20:29:16,435 - INFO - Epoch [5/100], Train Accuracy: 0.9943, Val Accuracy: 0.9271
2025-01-16 20:29:16,535 - INFO - Epoch [6/100], Train Accuracy: 0.9969, Val Accuracy: 0.9250
2025-01-16 20:29:16,546 - INFO - Fold 4 Validation Accuracy: 0.9250
2025-01-16 20:29:16,546 - INFO - Training for fold 5/5
2025-01-16 20:29:16,667 - INFO - Epoch [1/100], Train Accuracy: 0.7682, Val Accuracy: 0.8833
2025-01-16 20:29:16,768 - INFO - Epoch [2/100], Train Accuracy: 0.9333, Val Accuracy: 0.9146
2025-01-16 20:29:16,862 - INFO - Epoch [3/100], Train Accuracy: 0.9750, Val Accuracy: 0.9187
2025-01-16 20:29:16,961 - INFO - Epoch [4/100], Train Accuracy: 0.9896, Val Accuracy: 0.9021
2025-01-16 20:29:16,971 - INFO - Fold 5 Validation Accuracy: 0.9021
2025-01-16 20:29:16,972 - INFO - Average Validation Accuracy (Over 5 folds): 0.9196 

2025-01-16 20:29:17,097 - INFO - Training with Vectorized Data 1000 features. Dropout Rate 0.564. Dataset Size 2400. 192 neurons. Leanring Rate 0.0025
2025-01-16 20:29:17,097 - INFO - Training for fold 1/5
2025-01-16 20:29:17,223 - INFO - Epoch [1/100], Train Accuracy: 0.7339, Val Accuracy: 0.8896
2025-01-16 20:29:17,324 - INFO - Epoch [2/100], Train Accuracy: 0.9380, Val Accuracy: 0.9313
2025-01-16 20:29:17,418 - INFO - Epoch [3/100], Train Accuracy: 0.9740, Val Accuracy: 0.9333
2025-01-16 20:29:17,514 - INFO - Epoch [4/100], Train Accuracy: 0.9885, Val Accuracy: 0.9229
2025-01-16 20:29:17,615 - INFO - Epoch [5/100], Train Accuracy: 0.9948, Val Accuracy: 0.9208
2025-01-16 20:29:17,714 - INFO - Epoch [6/100], Train Accuracy: 0.9974, Val Accuracy: 0.9229
2025-01-16 20:29:17,724 - INFO - Fold 1 Validation Accuracy: 0.9229
2025-01-16 20:29:17,724 - INFO - Training for fold 2/5
2025-01-16 20:29:17,856 - INFO - Epoch [1/100], Train Accuracy: 0.7646, Val Accuracy: 0.9187
2025-01-16 20:29:17,960 - INFO - Epoch [2/100], Train Accuracy: 0.9323, Val Accuracy: 0.9396
2025-01-16 20:29:18,073 - INFO - Epoch [3/100], Train Accuracy: 0.9708, Val Accuracy: 0.9313
2025-01-16 20:29:18,191 - INFO - Epoch [4/100], Train Accuracy: 0.9870, Val Accuracy: 0.9458
2025-01-16 20:29:18,302 - INFO - Epoch [5/100], Train Accuracy: 0.9943, Val Accuracy: 0.9437
2025-01-16 20:29:18,414 - INFO - Epoch [6/100], Train Accuracy: 0.9969, Val Accuracy: 0.9396
2025-01-16 20:29:18,428 - INFO - Fold 2 Validation Accuracy: 0.9396
2025-01-16 20:29:18,428 - INFO - Training for fold 3/5
2025-01-16 20:29:18,569 - INFO - Epoch [1/100], Train Accuracy: 0.7146, Val Accuracy: 0.9042
2025-01-16 20:29:18,683 - INFO - Epoch [2/100], Train Accuracy: 0.9375, Val Accuracy: 0.9375
2025-01-16 20:29:18,799 - INFO - Epoch [3/100], Train Accuracy: 0.9740, Val Accuracy: 0.9354
2025-01-16 20:29:18,918 - INFO - Epoch [4/100], Train Accuracy: 0.9875, Val Accuracy: 0.9292
2025-01-16 20:29:19,027 - INFO - Epoch [5/100], Train Accuracy: 0.9927, Val Accuracy: 0.9417
2025-01-16 20:29:19,135 - INFO - Epoch [6/100], Train Accuracy: 0.9969, Val Accuracy: 0.9354
2025-01-16 20:29:19,146 - INFO - Fold 3 Validation Accuracy: 0.9354
2025-01-16 20:29:19,146 - INFO - Training for fold 4/5
2025-01-16 20:29:19,271 - INFO - Epoch [1/100], Train Accuracy: 0.7760, Val Accuracy: 0.8896
2025-01-16 20:29:19,381 - INFO - Epoch [2/100], Train Accuracy: 0.9396, Val Accuracy: 0.9146
2025-01-16 20:29:19,502 - INFO - Epoch [3/100], Train Accuracy: 0.9807, Val Accuracy: 0.9271
2025-01-16 20:29:19,619 - INFO - Epoch [4/100], Train Accuracy: 0.9901, Val Accuracy: 0.9229
2025-01-16 20:29:19,718 - INFO - Epoch [5/100], Train Accuracy: 0.9943, Val Accuracy: 0.9271
2025-01-16 20:29:19,815 - INFO - Epoch [6/100], Train Accuracy: 0.9958, Val Accuracy: 0.9187
2025-01-16 20:29:19,824 - INFO - Fold 4 Validation Accuracy: 0.9187
2025-01-16 20:29:19,825 - INFO - Training for fold 5/5
2025-01-16 20:29:19,989 - INFO - Epoch [1/100], Train Accuracy: 0.7531, Val Accuracy: 0.8646
2025-01-16 20:29:20,111 - INFO - Epoch [2/100], Train Accuracy: 0.9464, Val Accuracy: 0.9187
2025-01-16 20:29:20,218 - INFO - Epoch [3/100], Train Accuracy: 0.9729, Val Accuracy: 0.9229
2025-01-16 20:29:20,335 - INFO - Epoch [4/100], Train Accuracy: 0.9917, Val Accuracy: 0.9208
2025-01-16 20:29:20,455 - INFO - Epoch [5/100], Train Accuracy: 0.9958, Val Accuracy: 0.9208
2025-01-16 20:29:20,571 - INFO - Epoch [6/100], Train Accuracy: 0.9964, Val Accuracy: 0.9187
2025-01-16 20:29:20,583 - INFO - Fold 5 Validation Accuracy: 0.9187
2025-01-16 20:29:20,583 - INFO - Average Validation Accuracy (Over 5 folds): 0.9271 

2025-01-16 20:29:20,712 - INFO - Training with Vectorized Data 1000 features. Dropout Rate 0.564. Dataset Size 2400. 208 neurons. Leanring Rate 0.0025
2025-01-16 20:29:20,712 - INFO - Training for fold 1/5
2025-01-16 20:29:20,863 - INFO - Epoch [1/100], Train Accuracy: 0.7729, Val Accuracy: 0.8938
2025-01-16 20:29:20,978 - INFO - Epoch [2/100], Train Accuracy: 0.9380, Val Accuracy: 0.9333
2025-01-16 20:29:21,095 - INFO - Epoch [3/100], Train Accuracy: 0.9760, Val Accuracy: 0.9354
2025-01-16 20:29:21,208 - INFO - Epoch [4/100], Train Accuracy: 0.9891, Val Accuracy: 0.9417
2025-01-16 20:29:21,320 - INFO - Epoch [5/100], Train Accuracy: 0.9943, Val Accuracy: 0.9417
2025-01-16 20:29:21,437 - INFO - Epoch [6/100], Train Accuracy: 0.9958, Val Accuracy: 0.9479
2025-01-16 20:29:21,549 - INFO - Epoch [7/100], Train Accuracy: 0.9974, Val Accuracy: 0.9479
2025-01-16 20:29:21,655 - INFO - Epoch [8/100], Train Accuracy: 0.9974, Val Accuracy: 0.9458
2025-01-16 20:29:21,768 - INFO - Epoch [9/100], Train Accuracy: 0.9979, Val Accuracy: 0.9500
2025-01-16 20:29:21,868 - INFO - Epoch [10/100], Train Accuracy: 0.9979, Val Accuracy: 0.9479
2025-01-16 20:29:21,991 - INFO - Epoch [11/100], Train Accuracy: 0.9979, Val Accuracy: 0.9479
2025-01-16 20:29:22,095 - INFO - Epoch [12/100], Train Accuracy: 0.9979, Val Accuracy: 0.9458
2025-01-16 20:29:22,106 - INFO - Fold 1 Validation Accuracy: 0.9458
2025-01-16 20:29:22,106 - INFO - Training for fold 2/5
2025-01-16 20:29:22,248 - INFO - Epoch [1/100], Train Accuracy: 0.7661, Val Accuracy: 0.9146
2025-01-16 20:29:22,364 - INFO - Epoch [2/100], Train Accuracy: 0.9437, Val Accuracy: 0.9333
2025-01-16 20:29:22,474 - INFO - Epoch [3/100], Train Accuracy: 0.9776, Val Accuracy: 0.9333
2025-01-16 20:29:22,571 - INFO - Epoch [4/100], Train Accuracy: 0.9927, Val Accuracy: 0.9250
2025-01-16 20:29:22,670 - INFO - Epoch [5/100], Train Accuracy: 0.9948, Val Accuracy: 0.9208
2025-01-16 20:29:22,778 - INFO - Epoch [6/100], Train Accuracy: 0.9974, Val Accuracy: 0.9250
2025-01-16 20:29:22,788 - INFO - Fold 2 Validation Accuracy: 0.9250
2025-01-16 20:29:22,788 - INFO - Training for fold 3/5
2025-01-16 20:29:22,923 - INFO - Epoch [1/100], Train Accuracy: 0.6891, Val Accuracy: 0.9229
2025-01-16 20:29:23,025 - INFO - Epoch [2/100], Train Accuracy: 0.9370, Val Accuracy: 0.9396
2025-01-16 20:29:23,123 - INFO - Epoch [3/100], Train Accuracy: 0.9755, Val Accuracy: 0.9396
2025-01-16 20:29:23,225 - INFO - Epoch [4/100], Train Accuracy: 0.9880, Val Accuracy: 0.9396
2025-01-16 20:29:23,327 - INFO - Epoch [5/100], Train Accuracy: 0.9932, Val Accuracy: 0.9354
2025-01-16 20:29:23,423 - INFO - Epoch [6/100], Train Accuracy: 0.9958, Val Accuracy: 0.9375
2025-01-16 20:29:23,522 - INFO - Epoch [7/100], Train Accuracy: 0.9964, Val Accuracy: 0.9333
2025-01-16 20:29:23,536 - INFO - Fold 3 Validation Accuracy: 0.9333
2025-01-16 20:29:23,536 - INFO - Training for fold 4/5
2025-01-16 20:29:23,658 - INFO - Epoch [1/100], Train Accuracy: 0.7703, Val Accuracy: 0.8667
2025-01-16 20:29:23,766 - INFO - Epoch [2/100], Train Accuracy: 0.9380, Val Accuracy: 0.9146
2025-01-16 20:29:23,873 - INFO - Epoch [3/100], Train Accuracy: 0.9818, Val Accuracy: 0.9146
2025-01-16 20:29:23,974 - INFO - Epoch [4/100], Train Accuracy: 0.9891, Val Accuracy: 0.9042
2025-01-16 20:29:24,078 - INFO - Epoch [5/100], Train Accuracy: 0.9938, Val Accuracy: 0.9042
2025-01-16 20:29:24,180 - INFO - Epoch [6/100], Train Accuracy: 0.9958, Val Accuracy: 0.9062
2025-01-16 20:29:24,190 - INFO - Fold 4 Validation Accuracy: 0.9062
2025-01-16 20:29:24,191 - INFO - Training for fold 5/5
2025-01-16 20:29:24,325 - INFO - Epoch [1/100], Train Accuracy: 0.7781, Val Accuracy: 0.9021
2025-01-16 20:29:24,425 - INFO - Epoch [2/100], Train Accuracy: 0.9391, Val Accuracy: 0.9208
2025-01-16 20:29:24,523 - INFO - Epoch [3/100], Train Accuracy: 0.9792, Val Accuracy: 0.9271
2025-01-16 20:29:24,624 - INFO - Epoch [4/100], Train Accuracy: 0.9917, Val Accuracy: 0.9167
2025-01-16 20:29:24,726 - INFO - Epoch [5/100], Train Accuracy: 0.9958, Val Accuracy: 0.9208
2025-01-16 20:29:24,738 - INFO - Fold 5 Validation Accuracy: 0.9208
2025-01-16 20:29:24,738 - INFO - Average Validation Accuracy (Over 5 folds): 0.9262 

2025-01-16 20:29:24,869 - INFO - Training with Vectorized Data 1000 features. Dropout Rate 0.564. Dataset Size 2400. 224 neurons. Leanring Rate 0.0025
2025-01-16 20:29:24,869 - INFO - Training for fold 1/5
2025-01-16 20:29:24,997 - INFO - Epoch [1/100], Train Accuracy: 0.7760, Val Accuracy: 0.9146
2025-01-16 20:29:25,091 - INFO - Epoch [2/100], Train Accuracy: 0.9458, Val Accuracy: 0.9271
2025-01-16 20:29:25,193 - INFO - Epoch [3/100], Train Accuracy: 0.9823, Val Accuracy: 0.9250
2025-01-16 20:29:25,298 - INFO - Epoch [4/100], Train Accuracy: 0.9932, Val Accuracy: 0.9250
2025-01-16 20:29:25,391 - INFO - Epoch [5/100], Train Accuracy: 0.9948, Val Accuracy: 0.9250
2025-01-16 20:29:25,497 - INFO - Epoch [6/100], Train Accuracy: 0.9974, Val Accuracy: 0.9250
2025-01-16 20:29:25,595 - INFO - Epoch [7/100], Train Accuracy: 0.9974, Val Accuracy: 0.9229
2025-01-16 20:29:25,606 - INFO - Fold 1 Validation Accuracy: 0.9229
2025-01-16 20:29:25,606 - INFO - Training for fold 2/5
2025-01-16 20:29:25,751 - INFO - Epoch [1/100], Train Accuracy: 0.7552, Val Accuracy: 0.9125
2025-01-16 20:29:25,848 - INFO - Epoch [2/100], Train Accuracy: 0.9479, Val Accuracy: 0.9271
2025-01-16 20:29:25,951 - INFO - Epoch [3/100], Train Accuracy: 0.9766, Val Accuracy: 0.9271
2025-01-16 20:29:26,053 - INFO - Epoch [4/100], Train Accuracy: 0.9906, Val Accuracy: 0.9313
2025-01-16 20:29:26,156 - INFO - Epoch [5/100], Train Accuracy: 0.9964, Val Accuracy: 0.9167
2025-01-16 20:29:26,169 - INFO - Fold 2 Validation Accuracy: 0.9167
2025-01-16 20:29:26,169 - INFO - Training for fold 3/5
2025-01-16 20:29:26,303 - INFO - Epoch [1/100], Train Accuracy: 0.7688, Val Accuracy: 0.8854
2025-01-16 20:29:26,404 - INFO - Epoch [2/100], Train Accuracy: 0.9396, Val Accuracy: 0.9229
2025-01-16 20:29:26,506 - INFO - Epoch [3/100], Train Accuracy: 0.9750, Val Accuracy: 0.9292
2025-01-16 20:29:26,603 - INFO - Epoch [4/100], Train Accuracy: 0.9896, Val Accuracy: 0.9396
2025-01-16 20:29:26,701 - INFO - Epoch [5/100], Train Accuracy: 0.9943, Val Accuracy: 0.9313
2025-01-16 20:29:26,800 - INFO - Epoch [6/100], Train Accuracy: 0.9964, Val Accuracy: 0.9354
2025-01-16 20:29:26,813 - INFO - Fold 3 Validation Accuracy: 0.9354
2025-01-16 20:29:26,813 - INFO - Training for fold 4/5
2025-01-16 20:29:26,937 - INFO - Epoch [1/100], Train Accuracy: 0.7214, Val Accuracy: 0.8979
2025-01-16 20:29:27,035 - INFO - Epoch [2/100], Train Accuracy: 0.9385, Val Accuracy: 0.9208
2025-01-16 20:29:27,133 - INFO - Epoch [3/100], Train Accuracy: 0.9755, Val Accuracy: 0.9250
2025-01-16 20:29:27,239 - INFO - Epoch [4/100], Train Accuracy: 0.9896, Val Accuracy: 0.9313
2025-01-16 20:29:27,339 - INFO - Epoch [5/100], Train Accuracy: 0.9953, Val Accuracy: 0.9229
2025-01-16 20:29:27,354 - INFO - Fold 4 Validation Accuracy: 0.9229
2025-01-16 20:29:27,354 - INFO - Training for fold 5/5
2025-01-16 20:29:27,479 - INFO - Epoch [1/100], Train Accuracy: 0.7714, Val Accuracy: 0.9042
2025-01-16 20:29:27,573 - INFO - Epoch [2/100], Train Accuracy: 0.9349, Val Accuracy: 0.9417
2025-01-16 20:29:27,672 - INFO - Epoch [3/100], Train Accuracy: 0.9786, Val Accuracy: 0.9375
2025-01-16 20:29:27,777 - INFO - Epoch [4/100], Train Accuracy: 0.9885, Val Accuracy: 0.9396
2025-01-16 20:29:27,874 - INFO - Epoch [5/100], Train Accuracy: 0.9938, Val Accuracy: 0.9354
2025-01-16 20:29:27,971 - INFO - Epoch [6/100], Train Accuracy: 0.9964, Val Accuracy: 0.9375
2025-01-16 20:29:27,983 - INFO - Fold 5 Validation Accuracy: 0.9375
2025-01-16 20:29:27,983 - INFO - Average Validation Accuracy (Over 5 folds): 0.9271 

2025-01-16 20:29:28,114 - INFO - Training with Vectorized Data 1000 features. Dropout Rate 0.564. Dataset Size 2400. 240 neurons. Leanring Rate 0.0025
2025-01-16 20:29:28,114 - INFO - Training for fold 1/5
2025-01-16 20:29:28,243 - INFO - Epoch [1/100], Train Accuracy: 0.7656, Val Accuracy: 0.8896
2025-01-16 20:29:28,342 - INFO - Epoch [2/100], Train Accuracy: 0.9484, Val Accuracy: 0.9062
2025-01-16 20:29:28,441 - INFO - Epoch [3/100], Train Accuracy: 0.9802, Val Accuracy: 0.9229
2025-01-16 20:29:28,541 - INFO - Epoch [4/100], Train Accuracy: 0.9932, Val Accuracy: 0.9313
2025-01-16 20:29:28,639 - INFO - Epoch [5/100], Train Accuracy: 0.9969, Val Accuracy: 0.9187
2025-01-16 20:29:28,651 - INFO - Fold 1 Validation Accuracy: 0.9187
2025-01-16 20:29:28,651 - INFO - Training for fold 2/5
2025-01-16 20:29:28,781 - INFO - Epoch [1/100], Train Accuracy: 0.7620, Val Accuracy: 0.8979
2025-01-16 20:29:28,880 - INFO - Epoch [2/100], Train Accuracy: 0.9443, Val Accuracy: 0.9167
2025-01-16 20:29:28,976 - INFO - Epoch [3/100], Train Accuracy: 0.9781, Val Accuracy: 0.9229
2025-01-16 20:29:29,070 - INFO - Epoch [4/100], Train Accuracy: 0.9911, Val Accuracy: 0.9146
2025-01-16 20:29:29,165 - INFO - Epoch [5/100], Train Accuracy: 0.9948, Val Accuracy: 0.9229
2025-01-16 20:29:29,269 - INFO - Epoch [6/100], Train Accuracy: 0.9958, Val Accuracy: 0.9271
2025-01-16 20:29:29,364 - INFO - Epoch [7/100], Train Accuracy: 0.9964, Val Accuracy: 0.9250
2025-01-16 20:29:29,454 - INFO - Epoch [8/100], Train Accuracy: 0.9969, Val Accuracy: 0.9313
2025-01-16 20:29:29,551 - INFO - Epoch [9/100], Train Accuracy: 0.9969, Val Accuracy: 0.9313
2025-01-16 20:29:29,651 - INFO - Epoch [10/100], Train Accuracy: 0.9969, Val Accuracy: 0.9292
2025-01-16 20:29:29,746 - INFO - Epoch [11/100], Train Accuracy: 0.9969, Val Accuracy: 0.9292
2025-01-16 20:29:29,851 - INFO - Epoch [12/100], Train Accuracy: 0.9969, Val Accuracy: 0.9292
2025-01-16 20:29:29,949 - INFO - Epoch [13/100], Train Accuracy: 0.9969, Val Accuracy: 0.9271
2025-01-16 20:29:29,958 - INFO - Fold 2 Validation Accuracy: 0.9271
2025-01-16 20:29:29,958 - INFO - Training for fold 3/5
2025-01-16 20:29:30,080 - INFO - Epoch [1/100], Train Accuracy: 0.7182, Val Accuracy: 0.9146
2025-01-16 20:29:30,174 - INFO - Epoch [2/100], Train Accuracy: 0.9406, Val Accuracy: 0.9333
2025-01-16 20:29:30,276 - INFO - Epoch [3/100], Train Accuracy: 0.9797, Val Accuracy: 0.9271
2025-01-16 20:29:30,377 - INFO - Epoch [4/100], Train Accuracy: 0.9901, Val Accuracy: 0.9292
2025-01-16 20:29:30,481 - INFO - Epoch [5/100], Train Accuracy: 0.9948, Val Accuracy: 0.9292
2025-01-16 20:29:30,574 - INFO - Epoch [6/100], Train Accuracy: 0.9969, Val Accuracy: 0.9271
2025-01-16 20:29:30,585 - INFO - Fold 3 Validation Accuracy: 0.9271
2025-01-16 20:29:30,585 - INFO - Training for fold 4/5
2025-01-16 20:29:30,715 - INFO - Epoch [1/100], Train Accuracy: 0.7807, Val Accuracy: 0.8792
2025-01-16 20:29:30,806 - INFO - Epoch [2/100], Train Accuracy: 0.9432, Val Accuracy: 0.9083
2025-01-16 20:29:30,909 - INFO - Epoch [3/100], Train Accuracy: 0.9812, Val Accuracy: 0.9062
2025-01-16 20:29:31,009 - INFO - Epoch [4/100], Train Accuracy: 0.9917, Val Accuracy: 0.9146
2025-01-16 20:29:31,104 - INFO - Epoch [5/100], Train Accuracy: 0.9974, Val Accuracy: 0.9083
2025-01-16 20:29:31,116 - INFO - Fold 4 Validation Accuracy: 0.9083
2025-01-16 20:29:31,117 - INFO - Training for fold 5/5
2025-01-16 20:29:31,237 - INFO - Epoch [1/100], Train Accuracy: 0.7651, Val Accuracy: 0.8979
2025-01-16 20:29:31,333 - INFO - Epoch [2/100], Train Accuracy: 0.9422, Val Accuracy: 0.9271
2025-01-16 20:29:31,431 - INFO - Epoch [3/100], Train Accuracy: 0.9776, Val Accuracy: 0.9375
2025-01-16 20:29:31,539 - INFO - Epoch [4/100], Train Accuracy: 0.9880, Val Accuracy: 0.9313
2025-01-16 20:29:31,635 - INFO - Epoch [5/100], Train Accuracy: 0.9938, Val Accuracy: 0.9250
2025-01-16 20:29:31,738 - INFO - Epoch [6/100], Train Accuracy: 0.9953, Val Accuracy: 0.9333
2025-01-16 20:29:31,749 - INFO - Fold 5 Validation Accuracy: 0.9333
2025-01-16 20:29:31,750 - INFO - Average Validation Accuracy (Over 5 folds): 0.9229 

2025-01-16 20:29:31,890 - INFO - Training with Vectorized Data 1000 features. Dropout Rate 0.564. Dataset Size 2400. 256 neurons. Leanring Rate 0.0025
2025-01-16 20:29:31,890 - INFO - Training for fold 1/5
2025-01-16 20:29:32,016 - INFO - Epoch [1/100], Train Accuracy: 0.7906, Val Accuracy: 0.9125
2025-01-16 20:29:32,117 - INFO - Epoch [2/100], Train Accuracy: 0.9422, Val Accuracy: 0.9417
2025-01-16 20:29:32,212 - INFO - Epoch [3/100], Train Accuracy: 0.9792, Val Accuracy: 0.9417
2025-01-16 20:29:32,307 - INFO - Epoch [4/100], Train Accuracy: 0.9927, Val Accuracy: 0.9292
2025-01-16 20:29:32,401 - INFO - Epoch [5/100], Train Accuracy: 0.9953, Val Accuracy: 0.9229
2025-01-16 20:29:32,413 - INFO - Fold 1 Validation Accuracy: 0.9229
2025-01-16 20:29:32,413 - INFO - Training for fold 2/5
2025-01-16 20:29:32,541 - INFO - Epoch [1/100], Train Accuracy: 0.7833, Val Accuracy: 0.8917
2025-01-16 20:29:32,645 - INFO - Epoch [2/100], Train Accuracy: 0.9484, Val Accuracy: 0.9146
2025-01-16 20:29:32,748 - INFO - Epoch [3/100], Train Accuracy: 0.9792, Val Accuracy: 0.9083
2025-01-16 20:29:32,846 - INFO - Epoch [4/100], Train Accuracy: 0.9906, Val Accuracy: 0.9062
2025-01-16 20:29:32,946 - INFO - Epoch [5/100], Train Accuracy: 0.9958, Val Accuracy: 0.9000
2025-01-16 20:29:32,957 - INFO - Fold 2 Validation Accuracy: 0.9000
2025-01-16 20:29:32,957 - INFO - Training for fold 3/5
2025-01-16 20:29:33,082 - INFO - Epoch [1/100], Train Accuracy: 0.7641, Val Accuracy: 0.8979
2025-01-16 20:29:33,190 - INFO - Epoch [2/100], Train Accuracy: 0.9380, Val Accuracy: 0.8917
2025-01-16 20:29:33,298 - INFO - Epoch [3/100], Train Accuracy: 0.9802, Val Accuracy: 0.9250
2025-01-16 20:29:33,401 - INFO - Epoch [4/100], Train Accuracy: 0.9917, Val Accuracy: 0.9167
2025-01-16 20:29:33,500 - INFO - Epoch [5/100], Train Accuracy: 0.9932, Val Accuracy: 0.9187
2025-01-16 20:29:33,603 - INFO - Epoch [6/100], Train Accuracy: 0.9958, Val Accuracy: 0.9167
2025-01-16 20:29:33,615 - INFO - Fold 3 Validation Accuracy: 0.9167
2025-01-16 20:29:33,615 - INFO - Training for fold 4/5
2025-01-16 20:29:33,745 - INFO - Epoch [1/100], Train Accuracy: 0.6813, Val Accuracy: 0.9062
2025-01-16 20:29:33,850 - INFO - Epoch [2/100], Train Accuracy: 0.9411, Val Accuracy: 0.9125
2025-01-16 20:29:33,954 - INFO - Epoch [3/100], Train Accuracy: 0.9781, Val Accuracy: 0.9229
2025-01-16 20:29:34,050 - INFO - Epoch [4/100], Train Accuracy: 0.9896, Val Accuracy: 0.9229
2025-01-16 20:29:34,148 - INFO - Epoch [5/100], Train Accuracy: 0.9958, Val Accuracy: 0.9229
2025-01-16 20:29:34,243 - INFO - Epoch [6/100], Train Accuracy: 0.9974, Val Accuracy: 0.9271
2025-01-16 20:29:34,338 - INFO - Epoch [7/100], Train Accuracy: 0.9974, Val Accuracy: 0.9208
2025-01-16 20:29:34,350 - INFO - Fold 4 Validation Accuracy: 0.9208
2025-01-16 20:29:34,350 - INFO - Training for fold 5/5
2025-01-16 20:29:34,478 - INFO - Epoch [1/100], Train Accuracy: 0.7526, Val Accuracy: 0.8875
2025-01-16 20:29:34,577 - INFO - Epoch [2/100], Train Accuracy: 0.9443, Val Accuracy: 0.9146
2025-01-16 20:29:34,672 - INFO - Epoch [3/100], Train Accuracy: 0.9797, Val Accuracy: 0.9229
2025-01-16 20:29:34,767 - INFO - Epoch [4/100], Train Accuracy: 0.9901, Val Accuracy: 0.9187
2025-01-16 20:29:34,866 - INFO - Epoch [5/100], Train Accuracy: 0.9969, Val Accuracy: 0.9208
2025-01-16 20:29:34,970 - INFO - Epoch [6/100], Train Accuracy: 0.9974, Val Accuracy: 0.9187
2025-01-16 20:29:34,984 - INFO - Fold 5 Validation Accuracy: 0.9187
2025-01-16 20:29:34,985 - INFO - Average Validation Accuracy (Over 5 folds): 0.9158 

