2025-01-13 00:07:29,383 - INFO - Training with Vectorized Data 20316 features. Dropout Rate 0.70. Dataset Size 2388. 64 neurons.
2025-01-13 00:07:29,384 - INFO - Training for fold 1/10
2025-01-13 00:07:30,550 - INFO - Epoch [1/100], Train Accuracy: 0.4695, Val Accuracy: 0.8285
2025-01-13 00:07:30,705 - INFO - Epoch [2/100], Train Accuracy: 0.9307, Val Accuracy: 0.9079
2025-01-13 00:07:30,849 - INFO - Epoch [3/100], Train Accuracy: 0.9805, Val Accuracy: 0.9079
2025-01-13 00:07:30,994 - INFO - Epoch [4/100], Train Accuracy: 0.9963, Val Accuracy: 0.9163
2025-01-13 00:07:31,134 - INFO - Epoch [5/100], Train Accuracy: 0.9991, Val Accuracy: 0.9121
2025-01-13 00:07:31,144 - INFO - Fold 1 Validation Accuracy: 0.9121
2025-01-13 00:07:31,156 - INFO - Save model to C:\Users\LeoLi\OneDrive - 学校法人立命館\Ritsumei\4th_Semester\Artificial_Intelligence\final_project\code\FNN/model/2025-01-13/00-07-28/model_0.pth
2025-01-13 00:07:31,157 - INFO - Training for fold 2/10
2025-01-13 00:07:31,332 - INFO - Epoch [1/100], Train Accuracy: 0.4988, Val Accuracy: 0.9163
2025-01-13 00:07:31,511 - INFO - Epoch [2/100], Train Accuracy: 0.9442, Val Accuracy: 0.9163
2025-01-13 00:07:31,675 - INFO - Epoch [3/100], Train Accuracy: 0.9837, Val Accuracy: 0.9289
2025-01-13 00:07:31,819 - INFO - Epoch [4/100], Train Accuracy: 0.9935, Val Accuracy: 0.9331
2025-01-13 00:07:31,966 - INFO - Epoch [5/100], Train Accuracy: 0.9995, Val Accuracy: 0.9456
2025-01-13 00:07:32,111 - INFO - Epoch [6/100], Train Accuracy: 1.0000, Val Accuracy: 0.9372
2025-01-13 00:07:32,124 - INFO - Fold 2 Validation Accuracy: 0.9372
2025-01-13 00:07:32,130 - INFO - Save model to C:\Users\LeoLi\OneDrive - 学校法人立命館\Ritsumei\4th_Semester\Artificial_Intelligence\final_project\code\FNN/model/2025-01-13/00-07-28/model_1.pth
2025-01-13 00:07:32,130 - INFO - Training for fold 3/10
2025-01-13 00:07:32,291 - INFO - Epoch [1/100], Train Accuracy: 0.4895, Val Accuracy: 0.8703
2025-01-13 00:07:32,422 - INFO - Epoch [2/100], Train Accuracy: 0.9274, Val Accuracy: 0.8996
2025-01-13 00:07:32,567 - INFO - Epoch [3/100], Train Accuracy: 0.9832, Val Accuracy: 0.9121
2025-01-13 00:07:32,715 - INFO - Epoch [4/100], Train Accuracy: 0.9953, Val Accuracy: 0.9205
2025-01-13 00:07:32,883 - INFO - Epoch [5/100], Train Accuracy: 0.9991, Val Accuracy: 0.9247
2025-01-13 00:07:33,034 - INFO - Epoch [6/100], Train Accuracy: 1.0000, Val Accuracy: 0.9289
2025-01-13 00:07:33,042 - INFO - Fold 3 Validation Accuracy: 0.9289
2025-01-13 00:07:33,047 - INFO - Save model to C:\Users\LeoLi\OneDrive - 学校法人立命館\Ritsumei\4th_Semester\Artificial_Intelligence\final_project\code\FNN/model/2025-01-13/00-07-28/model_2.pth
2025-01-13 00:07:33,047 - INFO - Training for fold 4/10
2025-01-13 00:07:33,204 - INFO - Epoch [1/100], Train Accuracy: 0.5286, Val Accuracy: 0.8787
2025-01-13 00:07:33,348 - INFO - Epoch [2/100], Train Accuracy: 0.9511, Val Accuracy: 0.9121
2025-01-13 00:07:33,490 - INFO - Epoch [3/100], Train Accuracy: 0.9870, Val Accuracy: 0.9163
2025-01-13 00:07:33,624 - INFO - Epoch [4/100], Train Accuracy: 0.9926, Val Accuracy: 0.9247
2025-01-13 00:07:33,767 - INFO - Epoch [5/100], Train Accuracy: 0.9991, Val Accuracy: 0.9289
2025-01-13 00:07:33,898 - INFO - Epoch [6/100], Train Accuracy: 1.0000, Val Accuracy: 0.9289
2025-01-13 00:07:33,907 - INFO - Fold 4 Validation Accuracy: 0.9289
2025-01-13 00:07:33,913 - INFO - Save model to C:\Users\LeoLi\OneDrive - 学校法人立命館\Ritsumei\4th_Semester\Artificial_Intelligence\final_project\code\FNN/model/2025-01-13/00-07-28/model_3.pth
2025-01-13 00:07:33,913 - INFO - Training for fold 5/10
2025-01-13 00:07:34,135 - INFO - Epoch [1/100], Train Accuracy: 0.6073, Val Accuracy: 0.8703
2025-01-13 00:07:34,262 - INFO - Epoch [2/100], Train Accuracy: 0.9311, Val Accuracy: 0.8954
2025-01-13 00:07:34,444 - INFO - Epoch [3/100], Train Accuracy: 0.9832, Val Accuracy: 0.9079
2025-01-13 00:07:34,624 - INFO - Epoch [4/100], Train Accuracy: 0.9958, Val Accuracy: 0.9247
2025-01-13 00:07:34,784 - INFO - Epoch [5/100], Train Accuracy: 0.9995, Val Accuracy: 0.9247
2025-01-13 00:07:34,998 - INFO - Epoch [6/100], Train Accuracy: 1.0000, Val Accuracy: 0.9247
2025-01-13 00:07:35,008 - INFO - Fold 5 Validation Accuracy: 0.9247
2025-01-13 00:07:35,017 - INFO - Save model to C:\Users\LeoLi\OneDrive - 学校法人立命館\Ritsumei\4th_Semester\Artificial_Intelligence\final_project\code\FNN/model/2025-01-13/00-07-28/model_4.pth
2025-01-13 00:07:35,017 - INFO - Training for fold 6/10
2025-01-13 00:07:35,236 - INFO - Epoch [1/100], Train Accuracy: 0.5230, Val Accuracy: 0.8787
2025-01-13 00:07:35,425 - INFO - Epoch [2/100], Train Accuracy: 0.9362, Val Accuracy: 0.8703
2025-01-13 00:07:35,594 - INFO - Epoch [3/100], Train Accuracy: 0.9814, Val Accuracy: 0.9163
2025-01-13 00:07:35,745 - INFO - Epoch [4/100], Train Accuracy: 0.9958, Val Accuracy: 0.9038
2025-01-13 00:07:35,754 - INFO - Fold 6 Validation Accuracy: 0.9038
2025-01-13 00:07:35,758 - INFO - Save model to C:\Users\LeoLi\OneDrive - 学校法人立命館\Ritsumei\4th_Semester\Artificial_Intelligence\final_project\code\FNN/model/2025-01-13/00-07-28/model_5.pth
2025-01-13 00:07:35,759 - INFO - Training for fold 7/10
2025-01-13 00:07:35,936 - INFO - Epoch [1/100], Train Accuracy: 0.6291, Val Accuracy: 0.8703
2025-01-13 00:07:36,177 - INFO - Epoch [2/100], Train Accuracy: 0.9488, Val Accuracy: 0.8870
2025-01-13 00:07:36,319 - INFO - Epoch [3/100], Train Accuracy: 0.9837, Val Accuracy: 0.9038
2025-01-13 00:07:36,473 - INFO - Epoch [4/100], Train Accuracy: 0.9953, Val Accuracy: 0.9121
2025-01-13 00:07:36,648 - INFO - Epoch [5/100], Train Accuracy: 0.9995, Val Accuracy: 0.9079
2025-01-13 00:07:36,660 - INFO - Fold 7 Validation Accuracy: 0.9079
2025-01-13 00:07:36,667 - INFO - Save model to C:\Users\LeoLi\OneDrive - 学校法人立命館\Ritsumei\4th_Semester\Artificial_Intelligence\final_project\code\FNN/model/2025-01-13/00-07-28/model_6.pth
2025-01-13 00:07:36,667 - INFO - Training for fold 8/10
2025-01-13 00:07:36,861 - INFO - Epoch [1/100], Train Accuracy: 0.4602, Val Accuracy: 0.8410
2025-01-13 00:07:37,034 - INFO - Epoch [2/100], Train Accuracy: 0.9432, Val Accuracy: 0.8745
2025-01-13 00:07:37,165 - INFO - Epoch [3/100], Train Accuracy: 0.9846, Val Accuracy: 0.8996
2025-01-13 00:07:37,354 - INFO - Epoch [4/100], Train Accuracy: 0.9967, Val Accuracy: 0.9079
2025-01-13 00:07:37,544 - INFO - Epoch [5/100], Train Accuracy: 0.9995, Val Accuracy: 0.8996
2025-01-13 00:07:37,555 - INFO - Fold 8 Validation Accuracy: 0.8996
2025-01-13 00:07:37,561 - INFO - Save model to C:\Users\LeoLi\OneDrive - 学校法人立命館\Ritsumei\4th_Semester\Artificial_Intelligence\final_project\code\FNN/model/2025-01-13/00-07-28/model_7.pth
2025-01-13 00:07:37,562 - INFO - Training for fold 9/10
2025-01-13 00:07:37,722 - INFO - Epoch [1/100], Train Accuracy: 0.6228, Val Accuracy: 0.8908
2025-01-13 00:07:37,879 - INFO - Epoch [2/100], Train Accuracy: 0.9456, Val Accuracy: 0.8908
2025-01-13 00:07:38,014 - INFO - Epoch [3/100], Train Accuracy: 0.9833, Val Accuracy: 0.8992
2025-01-13 00:07:38,213 - INFO - Epoch [4/100], Train Accuracy: 0.9944, Val Accuracy: 0.8992
2025-01-13 00:07:38,362 - INFO - Epoch [5/100], Train Accuracy: 0.9995, Val Accuracy: 0.8992
2025-01-13 00:07:38,504 - INFO - Epoch [6/100], Train Accuracy: 1.0000, Val Accuracy: 0.9034
2025-01-13 00:07:38,515 - INFO - Fold 9 Validation Accuracy: 0.9034
2025-01-13 00:07:38,522 - INFO - Save model to C:\Users\LeoLi\OneDrive - 学校法人立命館\Ritsumei\4th_Semester\Artificial_Intelligence\final_project\code\FNN/model/2025-01-13/00-07-28/model_8.pth
2025-01-13 00:07:38,523 - INFO - Training for fold 10/10
2025-01-13 00:07:38,699 - INFO - Epoch [1/100], Train Accuracy: 0.4470, Val Accuracy: 0.7899
2025-01-13 00:07:38,869 - INFO - Epoch [2/100], Train Accuracy: 0.9288, Val Accuracy: 0.8950
2025-01-13 00:07:39,009 - INFO - Epoch [3/100], Train Accuracy: 0.9842, Val Accuracy: 0.9118
2025-01-13 00:07:39,148 - INFO - Epoch [4/100], Train Accuracy: 0.9944, Val Accuracy: 0.9034
2025-01-13 00:07:39,283 - INFO - Epoch [5/100], Train Accuracy: 0.9995, Val Accuracy: 0.9160
2025-01-13 00:07:39,458 - INFO - Epoch [6/100], Train Accuracy: 1.0000, Val Accuracy: 0.9160
2025-01-13 00:07:39,467 - INFO - Fold 10 Validation Accuracy: 0.9160
2025-01-13 00:07:39,473 - INFO - Save model to C:\Users\LeoLi\OneDrive - 学校法人立命館\Ritsumei\4th_Semester\Artificial_Intelligence\final_project\code\FNN/model/2025-01-13/00-07-28/model_9.pth
2025-01-13 00:07:39,473 - INFO - Average Validation Accuracy (Over 10 folds): 0.9162 

2025-01-13 00:07:40,046 - INFO - Training with Vectorized Data 20316 features. Dropout Rate 0.70. Dataset Size 2388. 81 neurons.
2025-01-13 00:07:40,046 - INFO - Training for fold 1/10
2025-01-13 00:07:40,205 - INFO - Epoch [1/100], Train Accuracy: 0.5170, Val Accuracy: 0.8536
2025-01-13 00:07:40,341 - INFO - Epoch [2/100], Train Accuracy: 0.9437, Val Accuracy: 0.8828
2025-01-13 00:07:40,492 - INFO - Epoch [3/100], Train Accuracy: 0.9870, Val Accuracy: 0.8912
2025-01-13 00:07:40,648 - INFO - Epoch [4/100], Train Accuracy: 0.9967, Val Accuracy: 0.8954
2025-01-13 00:07:40,791 - INFO - Epoch [5/100], Train Accuracy: 1.0000, Val Accuracy: 0.8870
2025-01-13 00:07:40,802 - INFO - Fold 1 Validation Accuracy: 0.8870
2025-01-13 00:07:40,809 - INFO - Save model to C:\Users\LeoLi\OneDrive - 学校法人立命館\Ritsumei\4th_Semester\Artificial_Intelligence\final_project\code\FNN/model/2025-01-13/00-07-39/model_0.pth
2025-01-13 00:07:40,809 - INFO - Training for fold 2/10
2025-01-13 00:07:40,993 - INFO - Epoch [1/100], Train Accuracy: 0.4174, Val Accuracy: 0.7238
2025-01-13 00:07:41,139 - INFO - Epoch [2/100], Train Accuracy: 0.8981, Val Accuracy: 0.9205
2025-01-13 00:07:41,285 - INFO - Epoch [3/100], Train Accuracy: 0.9842, Val Accuracy: 0.9498
2025-01-13 00:07:41,432 - INFO - Epoch [4/100], Train Accuracy: 0.9967, Val Accuracy: 0.9540
2025-01-13 00:07:41,636 - INFO - Epoch [5/100], Train Accuracy: 0.9995, Val Accuracy: 0.9582
2025-01-13 00:07:41,810 - INFO - Epoch [6/100], Train Accuracy: 1.0000, Val Accuracy: 0.9623
2025-01-13 00:07:41,819 - INFO - Fold 2 Validation Accuracy: 0.9623
2025-01-13 00:07:41,825 - INFO - Save model to C:\Users\LeoLi\OneDrive - 学校法人立命館\Ritsumei\4th_Semester\Artificial_Intelligence\final_project\code\FNN/model/2025-01-13/00-07-39/model_1.pth
2025-01-13 00:07:41,826 - INFO - Training for fold 3/10
2025-01-13 00:07:41,977 - INFO - Epoch [1/100], Train Accuracy: 0.5724, Val Accuracy: 0.8954
2025-01-13 00:07:42,117 - INFO - Epoch [2/100], Train Accuracy: 0.9437, Val Accuracy: 0.8870
2025-01-13 00:07:42,250 - INFO - Epoch [3/100], Train Accuracy: 0.9837, Val Accuracy: 0.8912
2025-01-13 00:07:42,432 - INFO - Epoch [4/100], Train Accuracy: 0.9986, Val Accuracy: 0.9079
2025-01-13 00:07:42,575 - INFO - Epoch [5/100], Train Accuracy: 0.9995, Val Accuracy: 0.9079
2025-01-13 00:07:42,701 - INFO - Epoch [6/100], Train Accuracy: 1.0000, Val Accuracy: 0.8996
2025-01-13 00:07:42,709 - INFO - Fold 3 Validation Accuracy: 0.8996
2025-01-13 00:07:42,715 - INFO - Save model to C:\Users\LeoLi\OneDrive - 学校法人立命館\Ritsumei\4th_Semester\Artificial_Intelligence\final_project\code\FNN/model/2025-01-13/00-07-39/model_2.pth
2025-01-13 00:07:42,715 - INFO - Training for fold 4/10
2025-01-13 00:07:42,860 - INFO - Epoch [1/100], Train Accuracy: 0.5114, Val Accuracy: 0.8201
2025-01-13 00:07:42,994 - INFO - Epoch [2/100], Train Accuracy: 0.9353, Val Accuracy: 0.9079
2025-01-13 00:07:43,133 - INFO - Epoch [3/100], Train Accuracy: 0.9865, Val Accuracy: 0.9079
2025-01-13 00:07:43,265 - INFO - Epoch [4/100], Train Accuracy: 0.9967, Val Accuracy: 0.9121
2025-01-13 00:07:43,406 - INFO - Epoch [5/100], Train Accuracy: 0.9995, Val Accuracy: 0.9205
2025-01-13 00:07:43,535 - INFO - Epoch [6/100], Train Accuracy: 1.0000, Val Accuracy: 0.9205
2025-01-13 00:07:43,546 - INFO - Fold 4 Validation Accuracy: 0.9205
2025-01-13 00:07:43,553 - INFO - Save model to C:\Users\LeoLi\OneDrive - 学校法人立命館\Ritsumei\4th_Semester\Artificial_Intelligence\final_project\code\FNN/model/2025-01-13/00-07-39/model_3.pth
2025-01-13 00:07:43,554 - INFO - Training for fold 5/10
2025-01-13 00:07:43,737 - INFO - Epoch [1/100], Train Accuracy: 0.5756, Val Accuracy: 0.8745
2025-01-13 00:07:43,867 - INFO - Epoch [2/100], Train Accuracy: 0.9535, Val Accuracy: 0.8954
2025-01-13 00:07:43,997 - INFO - Epoch [3/100], Train Accuracy: 0.9888, Val Accuracy: 0.8954
2025-01-13 00:07:44,146 - INFO - Epoch [4/100], Train Accuracy: 0.9977, Val Accuracy: 0.9038
2025-01-13 00:07:44,283 - INFO - Epoch [5/100], Train Accuracy: 1.0000, Val Accuracy: 0.8996
2025-01-13 00:07:44,291 - INFO - Fold 5 Validation Accuracy: 0.8996
2025-01-13 00:07:44,297 - INFO - Save model to C:\Users\LeoLi\OneDrive - 学校法人立命館\Ritsumei\4th_Semester\Artificial_Intelligence\final_project\code\FNN/model/2025-01-13/00-07-39/model_4.pth
2025-01-13 00:07:44,297 - INFO - Training for fold 6/10
2025-01-13 00:07:44,443 - INFO - Epoch [1/100], Train Accuracy: 0.5412, Val Accuracy: 0.8536
2025-01-13 00:07:44,574 - INFO - Epoch [2/100], Train Accuracy: 0.9367, Val Accuracy: 0.8954
2025-01-13 00:07:44,707 - INFO - Epoch [3/100], Train Accuracy: 0.9870, Val Accuracy: 0.9372
2025-01-13 00:07:44,834 - INFO - Epoch [4/100], Train Accuracy: 0.9972, Val Accuracy: 0.9456
2025-01-13 00:07:44,974 - INFO - Epoch [5/100], Train Accuracy: 0.9995, Val Accuracy: 0.9331
2025-01-13 00:07:44,982 - INFO - Fold 6 Validation Accuracy: 0.9331
2025-01-13 00:07:44,988 - INFO - Save model to C:\Users\LeoLi\OneDrive - 学校法人立命館\Ritsumei\4th_Semester\Artificial_Intelligence\final_project\code\FNN/model/2025-01-13/00-07-39/model_5.pth
2025-01-13 00:07:44,988 - INFO - Training for fold 7/10
2025-01-13 00:07:45,141 - INFO - Epoch [1/100], Train Accuracy: 0.5440, Val Accuracy: 0.8912
2025-01-13 00:07:45,289 - INFO - Epoch [2/100], Train Accuracy: 0.9497, Val Accuracy: 0.9121
2025-01-13 00:07:45,441 - INFO - Epoch [3/100], Train Accuracy: 0.9860, Val Accuracy: 0.9079
2025-01-13 00:07:45,582 - INFO - Epoch [4/100], Train Accuracy: 0.9967, Val Accuracy: 0.9121
2025-01-13 00:07:45,722 - INFO - Epoch [5/100], Train Accuracy: 1.0000, Val Accuracy: 0.9121
2025-01-13 00:07:45,729 - INFO - Fold 7 Validation Accuracy: 0.9121
2025-01-13 00:07:45,742 - INFO - Save model to C:\Users\LeoLi\OneDrive - 学校法人立命館\Ritsumei\4th_Semester\Artificial_Intelligence\final_project\code\FNN/model/2025-01-13/00-07-39/model_6.pth
2025-01-13 00:07:45,743 - INFO - Training for fold 8/10
2025-01-13 00:07:45,952 - INFO - Epoch [1/100], Train Accuracy: 0.6059, Val Accuracy: 0.8912
2025-01-13 00:07:46,105 - INFO - Epoch [2/100], Train Accuracy: 0.9442, Val Accuracy: 0.9121
2025-01-13 00:07:46,260 - INFO - Epoch [3/100], Train Accuracy: 0.9832, Val Accuracy: 0.9079
2025-01-13 00:07:46,430 - INFO - Epoch [4/100], Train Accuracy: 0.9949, Val Accuracy: 0.9079
2025-01-13 00:07:46,593 - INFO - Epoch [5/100], Train Accuracy: 0.9995, Val Accuracy: 0.9163
2025-01-13 00:07:46,758 - INFO - Epoch [6/100], Train Accuracy: 1.0000, Val Accuracy: 0.9205
2025-01-13 00:07:46,767 - INFO - Fold 8 Validation Accuracy: 0.9205
2025-01-13 00:07:46,773 - INFO - Save model to C:\Users\LeoLi\OneDrive - 学校法人立命館\Ritsumei\4th_Semester\Artificial_Intelligence\final_project\code\FNN/model/2025-01-13/00-07-39/model_7.pth
2025-01-13 00:07:46,774 - INFO - Training for fold 9/10
2025-01-13 00:07:46,948 - INFO - Epoch [1/100], Train Accuracy: 0.6353, Val Accuracy: 0.8824
2025-01-13 00:07:47,109 - INFO - Epoch [2/100], Train Accuracy: 0.9516, Val Accuracy: 0.8697
2025-01-13 00:07:47,268 - INFO - Epoch [3/100], Train Accuracy: 0.9842, Val Accuracy: 0.8908
2025-01-13 00:07:47,421 - INFO - Epoch [4/100], Train Accuracy: 0.9963, Val Accuracy: 0.9076
2025-01-13 00:07:47,584 - INFO - Epoch [5/100], Train Accuracy: 0.9995, Val Accuracy: 0.8950
2025-01-13 00:07:47,594 - INFO - Fold 9 Validation Accuracy: 0.8950
2025-01-13 00:07:47,599 - INFO - Save model to C:\Users\LeoLi\OneDrive - 学校法人立命館\Ritsumei\4th_Semester\Artificial_Intelligence\final_project\code\FNN/model/2025-01-13/00-07-39/model_8.pth
2025-01-13 00:07:47,600 - INFO - Training for fold 10/10
2025-01-13 00:07:47,783 - INFO - Epoch [1/100], Train Accuracy: 0.5312, Val Accuracy: 0.8782
2025-01-13 00:07:47,954 - INFO - Epoch [2/100], Train Accuracy: 0.9395, Val Accuracy: 0.9034
2025-01-13 00:07:48,124 - INFO - Epoch [3/100], Train Accuracy: 0.9847, Val Accuracy: 0.9286
2025-01-13 00:07:48,301 - INFO - Epoch [4/100], Train Accuracy: 0.9967, Val Accuracy: 0.9160
2025-01-13 00:07:48,313 - INFO - Fold 10 Validation Accuracy: 0.9160
2025-01-13 00:07:48,319 - INFO - Save model to C:\Users\LeoLi\OneDrive - 学校法人立命館\Ritsumei\4th_Semester\Artificial_Intelligence\final_project\code\FNN/model/2025-01-13/00-07-39/model_9.pth
2025-01-13 00:07:48,319 - INFO - Average Validation Accuracy (Over 10 folds): 0.9146 

2025-01-13 00:07:48,717 - INFO - Training with Vectorized Data 20316 features. Dropout Rate 0.70. Dataset Size 2388. 100 neurons.
2025-01-13 00:07:48,717 - INFO - Training for fold 1/10
2025-01-13 00:07:48,905 - INFO - Epoch [1/100], Train Accuracy: 0.6906, Val Accuracy: 0.9163
2025-01-13 00:07:49,062 - INFO - Epoch [2/100], Train Accuracy: 0.9479, Val Accuracy: 0.9163
2025-01-13 00:07:49,225 - INFO - Epoch [3/100], Train Accuracy: 0.9893, Val Accuracy: 0.9289
2025-01-13 00:07:49,395 - INFO - Epoch [4/100], Train Accuracy: 0.9986, Val Accuracy: 0.9331
2025-01-13 00:07:49,549 - INFO - Epoch [5/100], Train Accuracy: 1.0000, Val Accuracy: 0.9372
2025-01-13 00:07:49,561 - INFO - Fold 1 Validation Accuracy: 0.9372
2025-01-13 00:07:49,569 - INFO - Save model to C:\Users\LeoLi\OneDrive - 学校法人立命館\Ritsumei\4th_Semester\Artificial_Intelligence\final_project\code\FNN/model/2025-01-13/00-07-48/model_0.pth
2025-01-13 00:07:49,570 - INFO - Training for fold 2/10
2025-01-13 00:07:49,741 - INFO - Epoch [1/100], Train Accuracy: 0.5803, Val Accuracy: 0.8870
2025-01-13 00:07:49,902 - INFO - Epoch [2/100], Train Accuracy: 0.9535, Val Accuracy: 0.9121
2025-01-13 00:07:50,055 - INFO - Epoch [3/100], Train Accuracy: 0.9898, Val Accuracy: 0.9247
2025-01-13 00:07:50,219 - INFO - Epoch [4/100], Train Accuracy: 0.9972, Val Accuracy: 0.9247
2025-01-13 00:07:50,375 - INFO - Epoch [5/100], Train Accuracy: 0.9995, Val Accuracy: 0.9331
2025-01-13 00:07:50,525 - INFO - Epoch [6/100], Train Accuracy: 1.0000, Val Accuracy: 0.9289
2025-01-13 00:07:50,535 - INFO - Fold 2 Validation Accuracy: 0.9289
2025-01-13 00:07:50,544 - INFO - Save model to C:\Users\LeoLi\OneDrive - 学校法人立命館\Ritsumei\4th_Semester\Artificial_Intelligence\final_project\code\FNN/model/2025-01-13/00-07-48/model_1.pth
2025-01-13 00:07:50,544 - INFO - Training for fold 3/10
2025-01-13 00:07:50,714 - INFO - Epoch [1/100], Train Accuracy: 0.5547, Val Accuracy: 0.8745
2025-01-13 00:07:50,859 - INFO - Epoch [2/100], Train Accuracy: 0.9465, Val Accuracy: 0.8661
2025-01-13 00:07:50,995 - INFO - Epoch [3/100], Train Accuracy: 0.9856, Val Accuracy: 0.8828
2025-01-13 00:07:51,138 - INFO - Epoch [4/100], Train Accuracy: 0.9977, Val Accuracy: 0.8996
2025-01-13 00:07:51,293 - INFO - Epoch [5/100], Train Accuracy: 0.9995, Val Accuracy: 0.8996
2025-01-13 00:07:51,440 - INFO - Epoch [6/100], Train Accuracy: 1.0000, Val Accuracy: 0.8870
2025-01-13 00:07:51,451 - INFO - Fold 3 Validation Accuracy: 0.8870
2025-01-13 00:07:51,461 - INFO - Save model to C:\Users\LeoLi\OneDrive - 学校法人立命館\Ritsumei\4th_Semester\Artificial_Intelligence\final_project\code\FNN/model/2025-01-13/00-07-48/model_2.pth
2025-01-13 00:07:51,461 - INFO - Training for fold 4/10
2025-01-13 00:07:51,620 - INFO - Epoch [1/100], Train Accuracy: 0.4691, Val Accuracy: 0.8828
2025-01-13 00:07:51,773 - INFO - Epoch [2/100], Train Accuracy: 0.9442, Val Accuracy: 0.9038
2025-01-13 00:07:51,923 - INFO - Epoch [3/100], Train Accuracy: 0.9884, Val Accuracy: 0.9121
2025-01-13 00:07:52,073 - INFO - Epoch [4/100], Train Accuracy: 0.9981, Val Accuracy: 0.9289
2025-01-13 00:07:52,219 - INFO - Epoch [5/100], Train Accuracy: 1.0000, Val Accuracy: 0.9289
2025-01-13 00:07:52,227 - INFO - Fold 4 Validation Accuracy: 0.9289
2025-01-13 00:07:52,235 - INFO - Save model to C:\Users\LeoLi\OneDrive - 学校法人立命館\Ritsumei\4th_Semester\Artificial_Intelligence\final_project\code\FNN/model/2025-01-13/00-07-48/model_3.pth
2025-01-13 00:07:52,235 - INFO - Training for fold 5/10
2025-01-13 00:07:52,451 - INFO - Epoch [1/100], Train Accuracy: 0.6203, Val Accuracy: 0.9121
2025-01-13 00:07:52,586 - INFO - Epoch [2/100], Train Accuracy: 0.9442, Val Accuracy: 0.9163
2025-01-13 00:07:52,730 - INFO - Epoch [3/100], Train Accuracy: 0.9846, Val Accuracy: 0.9163
2025-01-13 00:07:52,882 - INFO - Epoch [4/100], Train Accuracy: 0.9981, Val Accuracy: 0.9331
2025-01-13 00:07:53,017 - INFO - Epoch [5/100], Train Accuracy: 1.0000, Val Accuracy: 0.9372
2025-01-13 00:07:53,027 - INFO - Fold 5 Validation Accuracy: 0.9372
2025-01-13 00:07:53,037 - INFO - Save model to C:\Users\LeoLi\OneDrive - 学校法人立命館\Ritsumei\4th_Semester\Artificial_Intelligence\final_project\code\FNN/model/2025-01-13/00-07-48/model_4.pth
2025-01-13 00:07:53,037 - INFO - Training for fold 6/10
2025-01-13 00:07:53,202 - INFO - Epoch [1/100], Train Accuracy: 0.5672, Val Accuracy: 0.8787
2025-01-13 00:07:53,340 - INFO - Epoch [2/100], Train Accuracy: 0.9507, Val Accuracy: 0.8870
2025-01-13 00:07:53,493 - INFO - Epoch [3/100], Train Accuracy: 0.9879, Val Accuracy: 0.9079
2025-01-13 00:07:53,749 - INFO - Epoch [4/100], Train Accuracy: 0.9977, Val Accuracy: 0.9247
2025-01-13 00:07:54,032 - INFO - Epoch [5/100], Train Accuracy: 1.0000, Val Accuracy: 0.9247
2025-01-13 00:07:54,047 - INFO - Fold 6 Validation Accuracy: 0.9247
2025-01-13 00:07:54,057 - INFO - Save model to C:\Users\LeoLi\OneDrive - 学校法人立命館\Ritsumei\4th_Semester\Artificial_Intelligence\final_project\code\FNN/model/2025-01-13/00-07-48/model_5.pth
2025-01-13 00:07:54,057 - INFO - Training for fold 7/10
2025-01-13 00:07:54,359 - INFO - Epoch [1/100], Train Accuracy: 0.5016, Val Accuracy: 0.8619
2025-01-13 00:07:54,588 - INFO - Epoch [2/100], Train Accuracy: 0.9470, Val Accuracy: 0.9079
2025-01-13 00:07:54,760 - INFO - Epoch [3/100], Train Accuracy: 0.9870, Val Accuracy: 0.9247
2025-01-13 00:07:54,973 - INFO - Epoch [4/100], Train Accuracy: 0.9972, Val Accuracy: 0.9163
2025-01-13 00:07:54,982 - INFO - Fold 7 Validation Accuracy: 0.9163
2025-01-13 00:07:54,989 - INFO - Save model to C:\Users\LeoLi\OneDrive - 学校法人立命館\Ritsumei\4th_Semester\Artificial_Intelligence\final_project\code\FNN/model/2025-01-13/00-07-48/model_6.pth
2025-01-13 00:07:54,989 - INFO - Training for fold 8/10
2025-01-13 00:07:55,163 - INFO - Epoch [1/100], Train Accuracy: 0.5384, Val Accuracy: 0.8745
2025-01-13 00:07:55,300 - INFO - Epoch [2/100], Train Accuracy: 0.9516, Val Accuracy: 0.8912
2025-01-13 00:07:55,450 - INFO - Epoch [3/100], Train Accuracy: 0.9884, Val Accuracy: 0.9205
2025-01-13 00:07:55,598 - INFO - Epoch [4/100], Train Accuracy: 0.9991, Val Accuracy: 0.9247
2025-01-13 00:07:55,741 - INFO - Epoch [5/100], Train Accuracy: 1.0000, Val Accuracy: 0.9289
2025-01-13 00:07:55,749 - INFO - Fold 8 Validation Accuracy: 0.9289
2025-01-13 00:07:55,757 - INFO - Save model to C:\Users\LeoLi\OneDrive - 学校法人立命館\Ritsumei\4th_Semester\Artificial_Intelligence\final_project\code\FNN/model/2025-01-13/00-07-48/model_7.pth
2025-01-13 00:07:55,758 - INFO - Training for fold 9/10
2025-01-13 00:07:55,913 - INFO - Epoch [1/100], Train Accuracy: 0.6386, Val Accuracy: 0.9202
2025-01-13 00:07:56,052 - INFO - Epoch [2/100], Train Accuracy: 0.9451, Val Accuracy: 0.8950
2025-01-13 00:07:56,195 - INFO - Epoch [3/100], Train Accuracy: 0.9842, Val Accuracy: 0.9076
2025-01-13 00:07:56,335 - INFO - Epoch [4/100], Train Accuracy: 0.9977, Val Accuracy: 0.9202
2025-01-13 00:07:56,527 - INFO - Epoch [5/100], Train Accuracy: 0.9995, Val Accuracy: 0.9244
2025-01-13 00:07:56,685 - INFO - Epoch [6/100], Train Accuracy: 1.0000, Val Accuracy: 0.9244
2025-01-13 00:07:56,695 - INFO - Fold 9 Validation Accuracy: 0.9244
2025-01-13 00:07:56,704 - INFO - Save model to C:\Users\LeoLi\OneDrive - 学校法人立命館\Ritsumei\4th_Semester\Artificial_Intelligence\final_project\code\FNN/model/2025-01-13/00-07-48/model_8.pth
2025-01-13 00:07:56,705 - INFO - Training for fold 10/10
2025-01-13 00:07:56,920 - INFO - Epoch [1/100], Train Accuracy: 0.5009, Val Accuracy: 0.8908
2025-01-13 00:07:57,083 - INFO - Epoch [2/100], Train Accuracy: 0.9521, Val Accuracy: 0.8824
2025-01-13 00:07:57,225 - INFO - Epoch [3/100], Train Accuracy: 0.9856, Val Accuracy: 0.8992
2025-01-13 00:07:57,381 - INFO - Epoch [4/100], Train Accuracy: 0.9981, Val Accuracy: 0.8992
2025-01-13 00:07:57,577 - INFO - Epoch [5/100], Train Accuracy: 1.0000, Val Accuracy: 0.9076
2025-01-13 00:07:57,586 - INFO - Fold 10 Validation Accuracy: 0.9076
2025-01-13 00:07:57,594 - INFO - Save model to C:\Users\LeoLi\OneDrive - 学校法人立命館\Ritsumei\4th_Semester\Artificial_Intelligence\final_project\code\FNN/model/2025-01-13/00-07-48/model_9.pth
2025-01-13 00:07:57,594 - INFO - Average Validation Accuracy (Over 10 folds): 0.9221 

2025-01-13 00:07:58,029 - INFO - Training with Vectorized Data 20316 features. Dropout Rate 0.70. Dataset Size 2388. 121 neurons.
2025-01-13 00:07:58,029 - INFO - Training for fold 1/10
2025-01-13 00:07:58,196 - INFO - Epoch [1/100], Train Accuracy: 0.5849, Val Accuracy: 0.8996
2025-01-13 00:07:58,340 - INFO - Epoch [2/100], Train Accuracy: 0.9442, Val Accuracy: 0.9079
2025-01-13 00:07:58,491 - INFO - Epoch [3/100], Train Accuracy: 0.9893, Val Accuracy: 0.9079
2025-01-13 00:07:58,638 - INFO - Epoch [4/100], Train Accuracy: 0.9995, Val Accuracy: 0.9121
2025-01-13 00:07:58,799 - INFO - Epoch [5/100], Train Accuracy: 1.0000, Val Accuracy: 0.9163
2025-01-13 00:07:58,807 - INFO - Fold 1 Validation Accuracy: 0.9163
2025-01-13 00:07:58,816 - INFO - Save model to C:\Users\LeoLi\OneDrive - 学校法人立命館\Ritsumei\4th_Semester\Artificial_Intelligence\final_project\code\FNN/model/2025-01-13/00-07-57/model_0.pth
2025-01-13 00:07:58,817 - INFO - Training for fold 2/10
2025-01-13 00:07:58,983 - INFO - Epoch [1/100], Train Accuracy: 0.5696, Val Accuracy: 0.8912
2025-01-13 00:07:59,132 - INFO - Epoch [2/100], Train Accuracy: 0.9456, Val Accuracy: 0.8996
2025-01-13 00:07:59,271 - INFO - Epoch [3/100], Train Accuracy: 0.9888, Val Accuracy: 0.9205
2025-01-13 00:07:59,467 - INFO - Epoch [4/100], Train Accuracy: 0.9981, Val Accuracy: 0.9205
2025-01-13 00:07:59,617 - INFO - Epoch [5/100], Train Accuracy: 1.0000, Val Accuracy: 0.9205
2025-01-13 00:07:59,628 - INFO - Fold 2 Validation Accuracy: 0.9205
2025-01-13 00:07:59,639 - INFO - Save model to C:\Users\LeoLi\OneDrive - 学校法人立命館\Ritsumei\4th_Semester\Artificial_Intelligence\final_project\code\FNN/model/2025-01-13/00-07-57/model_1.pth
2025-01-13 00:07:59,639 - INFO - Training for fold 3/10
2025-01-13 00:07:59,812 - INFO - Epoch [1/100], Train Accuracy: 0.6794, Val Accuracy: 0.8954
2025-01-13 00:07:59,994 - INFO - Epoch [2/100], Train Accuracy: 0.9497, Val Accuracy: 0.9163
2025-01-13 00:08:00,180 - INFO - Epoch [3/100], Train Accuracy: 0.9884, Val Accuracy: 0.9079
2025-01-13 00:08:00,324 - INFO - Epoch [4/100], Train Accuracy: 0.9991, Val Accuracy: 0.9163
2025-01-13 00:08:00,508 - INFO - Epoch [5/100], Train Accuracy: 1.0000, Val Accuracy: 0.9163
2025-01-13 00:08:00,517 - INFO - Fold 3 Validation Accuracy: 0.9163
2025-01-13 00:08:00,527 - INFO - Save model to C:\Users\LeoLi\OneDrive - 学校法人立命館\Ritsumei\4th_Semester\Artificial_Intelligence\final_project\code\FNN/model/2025-01-13/00-07-57/model_2.pth
2025-01-13 00:08:00,528 - INFO - Training for fold 4/10
2025-01-13 00:08:00,724 - INFO - Epoch [1/100], Train Accuracy: 0.5803, Val Accuracy: 0.8452
2025-01-13 00:08:00,862 - INFO - Epoch [2/100], Train Accuracy: 0.9479, Val Accuracy: 0.8703
2025-01-13 00:08:01,018 - INFO - Epoch [3/100], Train Accuracy: 0.9898, Val Accuracy: 0.9038
2025-01-13 00:08:01,158 - INFO - Epoch [4/100], Train Accuracy: 0.9981, Val Accuracy: 0.9247
2025-01-13 00:08:01,328 - INFO - Epoch [5/100], Train Accuracy: 1.0000, Val Accuracy: 0.9205
2025-01-13 00:08:01,336 - INFO - Fold 4 Validation Accuracy: 0.9205
2025-01-13 00:08:01,345 - INFO - Save model to C:\Users\LeoLi\OneDrive - 学校法人立命館\Ritsumei\4th_Semester\Artificial_Intelligence\final_project\code\FNN/model/2025-01-13/00-07-57/model_3.pth
2025-01-13 00:08:01,345 - INFO - Training for fold 5/10
2025-01-13 00:08:01,544 - INFO - Epoch [1/100], Train Accuracy: 0.5240, Val Accuracy: 0.9121
2025-01-13 00:08:01,728 - INFO - Epoch [2/100], Train Accuracy: 0.9381, Val Accuracy: 0.9498
2025-01-13 00:08:01,934 - INFO - Epoch [3/100], Train Accuracy: 0.9898, Val Accuracy: 0.9456
2025-01-13 00:08:02,099 - INFO - Epoch [4/100], Train Accuracy: 0.9991, Val Accuracy: 0.9623
2025-01-13 00:08:02,256 - INFO - Epoch [5/100], Train Accuracy: 1.0000, Val Accuracy: 0.9582
2025-01-13 00:08:02,265 - INFO - Fold 5 Validation Accuracy: 0.9582
