2025-01-13 00:08:07,046 - INFO - Training with Vectorized Data 20384 features. Dropout Rate 0.70. Dataset Size 2388. 64 neurons.
2025-01-13 00:08:07,046 - INFO - Training for fold 1/5
2025-01-13 00:08:08,355 - INFO - Epoch [1/100], Train Accuracy: 0.6147, Val Accuracy: 0.8661
2025-01-13 00:08:08,503 - INFO - Epoch [2/100], Train Accuracy: 0.9461, Val Accuracy: 0.8912
2025-01-13 00:08:08,631 - INFO - Epoch [3/100], Train Accuracy: 0.9880, Val Accuracy: 0.8912
2025-01-13 00:08:08,771 - INFO - Epoch [4/100], Train Accuracy: 0.9969, Val Accuracy: 0.8891
2025-01-13 00:08:08,788 - INFO - Fold 1 Validation Accuracy: 0.8891
2025-01-13 00:08:08,794 - INFO - Save model to C:\Users\LeoLi\OneDrive - 学校法人立命館\Ritsumei\4th_Semester\Artificial_Intelligence\final_project\code\FNN/model/2025-01-13/00-08-06/model_0.pth
2025-01-13 00:08:08,795 - INFO - Training for fold 2/5
2025-01-13 00:08:08,960 - INFO - Epoch [1/100], Train Accuracy: 0.4639, Val Accuracy: 0.8870
2025-01-13 00:08:09,095 - INFO - Epoch [2/100], Train Accuracy: 0.9518, Val Accuracy: 0.8975
2025-01-13 00:08:09,218 - INFO - Epoch [3/100], Train Accuracy: 0.9853, Val Accuracy: 0.8996
2025-01-13 00:08:09,347 - INFO - Epoch [4/100], Train Accuracy: 0.9963, Val Accuracy: 0.9100
2025-01-13 00:08:09,494 - INFO - Epoch [5/100], Train Accuracy: 1.0000, Val Accuracy: 0.9121
2025-01-13 00:08:09,514 - INFO - Fold 2 Validation Accuracy: 0.9121
2025-01-13 00:08:09,523 - INFO - Save model to C:\Users\LeoLi\OneDrive - 学校法人立命館\Ritsumei\4th_Semester\Artificial_Intelligence\final_project\code\FNN/model/2025-01-13/00-08-06/model_1.pth
2025-01-13 00:08:09,523 - INFO - Training for fold 3/5
2025-01-13 00:08:09,668 - INFO - Epoch [1/100], Train Accuracy: 0.4372, Val Accuracy: 0.8536
2025-01-13 00:08:09,820 - INFO - Epoch [2/100], Train Accuracy: 0.9487, Val Accuracy: 0.9268
2025-01-13 00:08:09,951 - INFO - Epoch [3/100], Train Accuracy: 0.9864, Val Accuracy: 0.9351
2025-01-13 00:08:10,074 - INFO - Epoch [4/100], Train Accuracy: 0.9958, Val Accuracy: 0.9331
2025-01-13 00:08:10,095 - INFO - Fold 3 Validation Accuracy: 0.9331
2025-01-13 00:08:10,102 - INFO - Save model to C:\Users\LeoLi\OneDrive - 学校法人立命館\Ritsumei\4th_Semester\Artificial_Intelligence\final_project\code\FNN/model/2025-01-13/00-08-06/model_2.pth
2025-01-13 00:08:10,102 - INFO - Training for fold 4/5
2025-01-13 00:08:10,264 - INFO - Epoch [1/100], Train Accuracy: 0.3940, Val Accuracy: 0.5828
2025-01-13 00:08:10,405 - INFO - Epoch [2/100], Train Accuracy: 0.8650, Val Accuracy: 0.8994
2025-01-13 00:08:10,543 - INFO - Epoch [3/100], Train Accuracy: 0.9791, Val Accuracy: 0.9140
2025-01-13 00:08:10,677 - INFO - Epoch [4/100], Train Accuracy: 0.9974, Val Accuracy: 0.9350
2025-01-13 00:08:10,823 - INFO - Epoch [5/100], Train Accuracy: 0.9995, Val Accuracy: 0.9308
2025-01-13 00:08:10,850 - INFO - Fold 4 Validation Accuracy: 0.9308
2025-01-13 00:08:10,857 - INFO - Save model to C:\Users\LeoLi\OneDrive - 学校法人立命館\Ritsumei\4th_Semester\Artificial_Intelligence\final_project\code\FNN/model/2025-01-13/00-08-06/model_3.pth
2025-01-13 00:08:10,857 - INFO - Training for fold 5/5
2025-01-13 00:08:11,044 - INFO - Epoch [1/100], Train Accuracy: 0.4825, Val Accuracy: 0.8092
2025-01-13 00:08:11,181 - INFO - Epoch [2/100], Train Accuracy: 0.9362, Val Accuracy: 0.8931
2025-01-13 00:08:11,317 - INFO - Epoch [3/100], Train Accuracy: 0.9859, Val Accuracy: 0.8994
2025-01-13 00:08:11,499 - INFO - Epoch [4/100], Train Accuracy: 0.9963, Val Accuracy: 0.9036
2025-01-13 00:08:11,634 - INFO - Epoch [5/100], Train Accuracy: 0.9995, Val Accuracy: 0.9078
2025-01-13 00:08:11,856 - INFO - Epoch [6/100], Train Accuracy: 0.9995, Val Accuracy: 0.9078
2025-01-13 00:08:12,019 - INFO - Epoch [7/100], Train Accuracy: 1.0000, Val Accuracy: 0.9099
2025-01-13 00:08:12,035 - INFO - Fold 5 Validation Accuracy: 0.9099
2025-01-13 00:08:12,041 - INFO - Save model to C:\Users\LeoLi\OneDrive - 学校法人立命館\Ritsumei\4th_Semester\Artificial_Intelligence\final_project\code\FNN/model/2025-01-13/00-08-06/model_4.pth
2025-01-13 00:08:12,041 - INFO - Average Validation Accuracy (Over 5 folds): 0.9150 

2025-01-13 00:08:12,428 - INFO - Training with Vectorized Data 20384 features. Dropout Rate 0.70. Dataset Size 2388. 81 neurons.
2025-01-13 00:08:12,429 - INFO - Training for fold 1/5
2025-01-13 00:08:12,639 - INFO - Epoch [1/100], Train Accuracy: 0.5958, Val Accuracy: 0.8933
2025-01-13 00:08:12,791 - INFO - Epoch [2/100], Train Accuracy: 0.9534, Val Accuracy: 0.8996
2025-01-13 00:08:12,945 - INFO - Epoch [3/100], Train Accuracy: 0.9874, Val Accuracy: 0.8975
2025-01-13 00:08:13,132 - INFO - Epoch [4/100], Train Accuracy: 0.9984, Val Accuracy: 0.8954
2025-01-13 00:08:13,160 - INFO - Fold 1 Validation Accuracy: 0.8954
2025-01-13 00:08:13,174 - INFO - Save model to C:\Users\LeoLi\OneDrive - 学校法人立命館\Ritsumei\4th_Semester\Artificial_Intelligence\final_project\code\FNN/model/2025-01-13/00-08-12/model_0.pth
2025-01-13 00:08:13,175 - INFO - Training for fold 2/5
2025-01-13 00:08:13,374 - INFO - Epoch [1/100], Train Accuracy: 0.6361, Val Accuracy: 0.8787
2025-01-13 00:08:13,539 - INFO - Epoch [2/100], Train Accuracy: 0.9492, Val Accuracy: 0.8933
2025-01-13 00:08:13,701 - INFO - Epoch [3/100], Train Accuracy: 0.9880, Val Accuracy: 0.9121
2025-01-13 00:08:13,855 - INFO - Epoch [4/100], Train Accuracy: 0.9974, Val Accuracy: 0.9163
2025-01-13 00:08:13,999 - INFO - Epoch [5/100], Train Accuracy: 0.9995, Val Accuracy: 0.9184
2025-01-13 00:08:14,140 - INFO - Epoch [6/100], Train Accuracy: 1.0000, Val Accuracy: 0.9226
2025-01-13 00:08:14,162 - INFO - Fold 2 Validation Accuracy: 0.9226
2025-01-13 00:08:14,170 - INFO - Save model to C:\Users\LeoLi\OneDrive - 学校法人立命館\Ritsumei\4th_Semester\Artificial_Intelligence\final_project\code\FNN/model/2025-01-13/00-08-12/model_1.pth
2025-01-13 00:08:14,171 - INFO - Training for fold 3/5
2025-01-13 00:08:14,327 - INFO - Epoch [1/100], Train Accuracy: 0.5565, Val Accuracy: 0.8682
2025-01-13 00:08:14,546 - INFO - Epoch [2/100], Train Accuracy: 0.9529, Val Accuracy: 0.8891
2025-01-13 00:08:14,682 - INFO - Epoch [3/100], Train Accuracy: 0.9890, Val Accuracy: 0.9079
2025-01-13 00:08:14,815 - INFO - Epoch [4/100], Train Accuracy: 1.0000, Val Accuracy: 0.9184
2025-01-13 00:08:14,830 - INFO - Fold 3 Validation Accuracy: 0.9184
2025-01-13 00:08:14,836 - INFO - Save model to C:\Users\LeoLi\OneDrive - 学校法人立命館\Ritsumei\4th_Semester\Artificial_Intelligence\final_project\code\FNN/model/2025-01-13/00-08-12/model_2.pth
2025-01-13 00:08:14,836 - INFO - Training for fold 4/5
2025-01-13 00:08:14,976 - INFO - Epoch [1/100], Train Accuracy: 0.4479, Val Accuracy: 0.7820
2025-01-13 00:08:15,098 - INFO - Epoch [2/100], Train Accuracy: 0.9304, Val Accuracy: 0.9078
2025-01-13 00:08:15,236 - INFO - Epoch [3/100], Train Accuracy: 0.9859, Val Accuracy: 0.9015
2025-01-13 00:08:15,377 - INFO - Epoch [4/100], Train Accuracy: 0.9953, Val Accuracy: 0.9329
2025-01-13 00:08:15,523 - INFO - Epoch [5/100], Train Accuracy: 0.9995, Val Accuracy: 0.9287
2025-01-13 00:08:15,544 - INFO - Fold 4 Validation Accuracy: 0.9287
2025-01-13 00:08:15,560 - INFO - Save model to C:\Users\LeoLi\OneDrive - 学校法人立命館\Ritsumei\4th_Semester\Artificial_Intelligence\final_project\code\FNN/model/2025-01-13/00-08-12/model_3.pth
2025-01-13 00:08:15,561 - INFO - Training for fold 5/5
2025-01-13 00:08:15,754 - INFO - Epoch [1/100], Train Accuracy: 0.5788, Val Accuracy: 0.8763
2025-01-13 00:08:15,877 - INFO - Epoch [2/100], Train Accuracy: 0.9288, Val Accuracy: 0.9099
2025-01-13 00:08:16,003 - INFO - Epoch [3/100], Train Accuracy: 0.9885, Val Accuracy: 0.9140
2025-01-13 00:08:16,129 - INFO - Epoch [4/100], Train Accuracy: 0.9979, Val Accuracy: 0.9203
2025-01-13 00:08:16,252 - INFO - Epoch [5/100], Train Accuracy: 0.9995, Val Accuracy: 0.9245
2025-01-13 00:08:16,373 - INFO - Epoch [6/100], Train Accuracy: 1.0000, Val Accuracy: 0.9287
2025-01-13 00:08:16,389 - INFO - Fold 5 Validation Accuracy: 0.9287
2025-01-13 00:08:16,397 - INFO - Save model to C:\Users\LeoLi\OneDrive - 学校法人立命館\Ritsumei\4th_Semester\Artificial_Intelligence\final_project\code\FNN/model/2025-01-13/00-08-12/model_4.pth
2025-01-13 00:08:16,398 - INFO - Average Validation Accuracy (Over 5 folds): 0.9188 

2025-01-13 00:08:16,760 - INFO - Training with Vectorized Data 20384 features. Dropout Rate 0.70. Dataset Size 2388. 100 neurons.
2025-01-13 00:08:16,761 - INFO - Training for fold 1/5
2025-01-13 00:08:16,902 - INFO - Epoch [1/100], Train Accuracy: 0.5283, Val Accuracy: 0.8096
2025-01-13 00:08:17,034 - INFO - Epoch [2/100], Train Accuracy: 0.9230, Val Accuracy: 0.8891
2025-01-13 00:08:17,158 - INFO - Epoch [3/100], Train Accuracy: 0.9895, Val Accuracy: 0.9059
2025-01-13 00:08:17,336 - INFO - Epoch [4/100], Train Accuracy: 0.9984, Val Accuracy: 0.9121
2025-01-13 00:08:17,464 - INFO - Epoch [5/100], Train Accuracy: 0.9995, Val Accuracy: 0.9163
2025-01-13 00:08:17,597 - INFO - Epoch [6/100], Train Accuracy: 0.9995, Val Accuracy: 0.9163
2025-01-13 00:08:17,723 - INFO - Epoch [7/100], Train Accuracy: 0.9995, Val Accuracy: 0.9184
2025-01-13 00:08:17,852 - INFO - Epoch [8/100], Train Accuracy: 1.0000, Val Accuracy: 0.9184
2025-01-13 00:08:17,868 - INFO - Fold 1 Validation Accuracy: 0.9184
2025-01-13 00:08:17,875 - INFO - Save model to C:\Users\LeoLi\OneDrive - 学校法人立命館\Ritsumei\4th_Semester\Artificial_Intelligence\final_project\code\FNN/model/2025-01-13/00-08-16/model_0.pth
2025-01-13 00:08:17,875 - INFO - Training for fold 2/5
2025-01-13 00:08:18,029 - INFO - Epoch [1/100], Train Accuracy: 0.6204, Val Accuracy: 0.8912
2025-01-13 00:08:18,161 - INFO - Epoch [2/100], Train Accuracy: 0.9461, Val Accuracy: 0.9310
2025-01-13 00:08:18,288 - INFO - Epoch [3/100], Train Accuracy: 0.9890, Val Accuracy: 0.9372
2025-01-13 00:08:18,412 - INFO - Epoch [4/100], Train Accuracy: 0.9990, Val Accuracy: 0.9456
2025-01-13 00:08:18,554 - INFO - Epoch [5/100], Train Accuracy: 0.9995, Val Accuracy: 0.9393
2025-01-13 00:08:18,571 - INFO - Fold 2 Validation Accuracy: 0.9393
2025-01-13 00:08:18,579 - INFO - Save model to C:\Users\LeoLi\OneDrive - 学校法人立命館\Ritsumei\4th_Semester\Artificial_Intelligence\final_project\code\FNN/model/2025-01-13/00-08-16/model_1.pth
2025-01-13 00:08:18,579 - INFO - Training for fold 3/5
2025-01-13 00:08:18,730 - INFO - Epoch [1/100], Train Accuracy: 0.5079, Val Accuracy: 0.8870
2025-01-13 00:08:18,871 - INFO - Epoch [2/100], Train Accuracy: 0.9545, Val Accuracy: 0.8891
2025-01-13 00:08:19,018 - INFO - Epoch [3/100], Train Accuracy: 0.9880, Val Accuracy: 0.9059
2025-01-13 00:08:19,147 - INFO - Epoch [4/100], Train Accuracy: 0.9979, Val Accuracy: 0.9163
2025-01-13 00:08:19,266 - INFO - Epoch [5/100], Train Accuracy: 1.0000, Val Accuracy: 0.9142
2025-01-13 00:08:19,281 - INFO - Fold 3 Validation Accuracy: 0.9142
2025-01-13 00:08:19,288 - INFO - Save model to C:\Users\LeoLi\OneDrive - 学校法人立命館\Ritsumei\4th_Semester\Artificial_Intelligence\final_project\code\FNN/model/2025-01-13/00-08-16/model_2.pth
2025-01-13 00:08:19,288 - INFO - Training for fold 4/5
2025-01-13 00:08:19,428 - INFO - Epoch [1/100], Train Accuracy: 0.6839, Val Accuracy: 0.8176
2025-01-13 00:08:19,569 - INFO - Epoch [2/100], Train Accuracy: 0.9419, Val Accuracy: 0.8784
2025-01-13 00:08:19,690 - INFO - Epoch [3/100], Train Accuracy: 0.9880, Val Accuracy: 0.8973
2025-01-13 00:08:19,812 - INFO - Epoch [4/100], Train Accuracy: 0.9990, Val Accuracy: 0.8994
2025-01-13 00:08:19,932 - INFO - Epoch [5/100], Train Accuracy: 1.0000, Val Accuracy: 0.9015
2025-01-13 00:08:19,949 - INFO - Fold 4 Validation Accuracy: 0.9015
2025-01-13 00:08:19,957 - INFO - Save model to C:\Users\LeoLi\OneDrive - 学校法人立命館\Ritsumei\4th_Semester\Artificial_Intelligence\final_project\code\FNN/model/2025-01-13/00-08-16/model_3.pth
2025-01-13 00:08:19,958 - INFO - Training for fold 5/5
2025-01-13 00:08:20,112 - INFO - Epoch [1/100], Train Accuracy: 0.5280, Val Accuracy: 0.8365
2025-01-13 00:08:20,325 - INFO - Epoch [2/100], Train Accuracy: 0.9435, Val Accuracy: 0.9119
2025-01-13 00:08:20,459 - INFO - Epoch [3/100], Train Accuracy: 0.9901, Val Accuracy: 0.9161
2025-01-13 00:08:20,580 - INFO - Epoch [4/100], Train Accuracy: 0.9984, Val Accuracy: 0.9287
2025-01-13 00:08:20,699 - INFO - Epoch [5/100], Train Accuracy: 1.0000, Val Accuracy: 0.9350
2025-01-13 00:08:20,715 - INFO - Fold 5 Validation Accuracy: 0.9350
2025-01-13 00:08:20,723 - INFO - Save model to C:\Users\LeoLi\OneDrive - 学校法人立命館\Ritsumei\4th_Semester\Artificial_Intelligence\final_project\code\FNN/model/2025-01-13/00-08-16/model_4.pth
2025-01-13 00:08:20,724 - INFO - Average Validation Accuracy (Over 5 folds): 0.9217 

2025-01-13 00:08:21,137 - INFO - Training with Vectorized Data 20384 features. Dropout Rate 0.70. Dataset Size 2388. 121 neurons.
2025-01-13 00:08:21,137 - INFO - Training for fold 1/5
2025-01-13 00:08:21,297 - INFO - Epoch [1/100], Train Accuracy: 0.5984, Val Accuracy: 0.8954
2025-01-13 00:08:21,412 - INFO - Epoch [2/100], Train Accuracy: 0.9565, Val Accuracy: 0.9100
2025-01-13 00:08:21,532 - INFO - Epoch [3/100], Train Accuracy: 0.9901, Val Accuracy: 0.9205
2025-01-13 00:08:21,653 - INFO - Epoch [4/100], Train Accuracy: 0.9990, Val Accuracy: 0.9226
2025-01-13 00:08:21,808 - INFO - Epoch [5/100], Train Accuracy: 0.9995, Val Accuracy: 0.9247
2025-01-13 00:08:21,953 - INFO - Epoch [6/100], Train Accuracy: 1.0000, Val Accuracy: 0.9310
2025-01-13 00:08:21,968 - INFO - Fold 1 Validation Accuracy: 0.9310
2025-01-13 00:08:21,977 - INFO - Save model to C:\Users\LeoLi\OneDrive - 学校法人立命館\Ritsumei\4th_Semester\Artificial_Intelligence\final_project\code\FNN/model/2025-01-13/00-08-20/model_0.pth
2025-01-13 00:08:21,977 - INFO - Training for fold 2/5
2025-01-13 00:08:22,160 - INFO - Epoch [1/100], Train Accuracy: 0.5911, Val Accuracy: 0.8703
2025-01-13 00:08:22,351 - INFO - Epoch [2/100], Train Accuracy: 0.9461, Val Accuracy: 0.8912
2025-01-13 00:08:22,489 - INFO - Epoch [3/100], Train Accuracy: 0.9911, Val Accuracy: 0.8996
2025-01-13 00:08:22,654 - INFO - Epoch [4/100], Train Accuracy: 0.9995, Val Accuracy: 0.9079
2025-01-13 00:08:22,781 - INFO - Epoch [5/100], Train Accuracy: 0.9995, Val Accuracy: 0.9100
2025-01-13 00:08:22,905 - INFO - Epoch [6/100], Train Accuracy: 1.0000, Val Accuracy: 0.9142
2025-01-13 00:08:22,923 - INFO - Fold 2 Validation Accuracy: 0.9142
2025-01-13 00:08:22,931 - INFO - Save model to C:\Users\LeoLi\OneDrive - 学校法人立命館\Ritsumei\4th_Semester\Artificial_Intelligence\final_project\code\FNN/model/2025-01-13/00-08-20/model_1.pth
2025-01-13 00:08:22,932 - INFO - Training for fold 3/5
2025-01-13 00:08:23,075 - INFO - Epoch [1/100], Train Accuracy: 0.5571, Val Accuracy: 0.8933
2025-01-13 00:08:23,258 - INFO - Epoch [2/100], Train Accuracy: 0.9513, Val Accuracy: 0.8912
2025-01-13 00:08:23,457 - INFO - Epoch [3/100], Train Accuracy: 0.9901, Val Accuracy: 0.9121
2025-01-13 00:08:23,603 - INFO - Epoch [4/100], Train Accuracy: 0.9995, Val Accuracy: 0.9268
2025-01-13 00:08:23,785 - INFO - Epoch [5/100], Train Accuracy: 1.0000, Val Accuracy: 0.9268
2025-01-13 00:08:23,803 - INFO - Fold 3 Validation Accuracy: 0.9268
2025-01-13 00:08:23,813 - INFO - Save model to C:\Users\LeoLi\OneDrive - 学校法人立命館\Ritsumei\4th_Semester\Artificial_Intelligence\final_project\code\FNN/model/2025-01-13/00-08-20/model_2.pth
2025-01-13 00:08:23,813 - INFO - Training for fold 4/5
2025-01-13 00:08:23,984 - INFO - Epoch [1/100], Train Accuracy: 0.5772, Val Accuracy: 0.8847
2025-01-13 00:08:24,136 - INFO - Epoch [2/100], Train Accuracy: 0.9466, Val Accuracy: 0.9140
2025-01-13 00:08:24,283 - INFO - Epoch [3/100], Train Accuracy: 0.9874, Val Accuracy: 0.9245
2025-01-13 00:08:24,458 - INFO - Epoch [4/100], Train Accuracy: 1.0000, Val Accuracy: 0.9224
2025-01-13 00:08:24,478 - INFO - Fold 4 Validation Accuracy: 0.9224
2025-01-13 00:08:24,488 - INFO - Save model to C:\Users\LeoLi\OneDrive - 学校法人立命館\Ritsumei\4th_Semester\Artificial_Intelligence\final_project\code\FNN/model/2025-01-13/00-08-20/model_3.pth
2025-01-13 00:08:24,488 - INFO - Training for fold 5/5
2025-01-13 00:08:24,683 - INFO - Epoch [1/100], Train Accuracy: 0.6353, Val Accuracy: 0.8868
2025-01-13 00:08:24,828 - INFO - Epoch [2/100], Train Accuracy: 0.9487, Val Accuracy: 0.8889
2025-01-13 00:08:24,972 - INFO - Epoch [3/100], Train Accuracy: 0.9901, Val Accuracy: 0.9057
2025-01-13 00:08:25,130 - INFO - Epoch [4/100], Train Accuracy: 0.9995, Val Accuracy: 0.9203
2025-01-13 00:08:25,276 - INFO - Epoch [5/100], Train Accuracy: 0.9995, Val Accuracy: 0.9161
2025-01-13 00:08:25,297 - INFO - Fold 5 Validation Accuracy: 0.9161
2025-01-13 00:08:25,307 - INFO - Save model to C:\Users\LeoLi\OneDrive - 学校法人立命館\Ritsumei\4th_Semester\Artificial_Intelligence\final_project\code\FNN/model/2025-01-13/00-08-20/model_4.pth
2025-01-13 00:08:25,307 - INFO - Average Validation Accuracy (Over 5 folds): 0.9221 

2025-01-13 00:08:25,696 - INFO - Training with Vectorized Data 20384 features. Dropout Rate 0.70. Dataset Size 2388. 144 neurons.
2025-01-13 00:08:25,696 - INFO - Training for fold 1/5
2025-01-13 00:08:25,882 - INFO - Epoch [1/100], Train Accuracy: 0.6340, Val Accuracy: 0.8954
2025-01-13 00:08:26,035 - INFO - Epoch [2/100], Train Accuracy: 0.9492, Val Accuracy: 0.9059
2025-01-13 00:08:26,190 - INFO - Epoch [3/100], Train Accuracy: 0.9864, Val Accuracy: 0.9121
2025-01-13 00:08:26,342 - INFO - Epoch [4/100], Train Accuracy: 1.0000, Val Accuracy: 0.9205
2025-01-13 00:08:26,359 - INFO - Fold 1 Validation Accuracy: 0.9205
2025-01-13 00:08:26,370 - INFO - Save model to C:\Users\LeoLi\OneDrive - 学校法人立命館\Ritsumei\4th_Semester\Artificial_Intelligence\final_project\code\FNN/model/2025-01-13/00-08-25/model_0.pth
2025-01-13 00:08:26,370 - INFO - Training for fold 2/5
2025-01-13 00:08:26,540 - INFO - Epoch [1/100], Train Accuracy: 0.5377, Val Accuracy: 0.8556
2025-01-13 00:08:26,696 - INFO - Epoch [2/100], Train Accuracy: 0.9513, Val Accuracy: 0.9121
2025-01-13 00:08:26,852 - INFO - Epoch [3/100], Train Accuracy: 0.9890, Val Accuracy: 0.9247
2025-01-13 00:08:27,016 - INFO - Epoch [4/100], Train Accuracy: 0.9995, Val Accuracy: 0.9226
2025-01-13 00:08:27,037 - INFO - Fold 2 Validation Accuracy: 0.9226
2025-01-13 00:08:27,048 - INFO - Save model to C:\Users\LeoLi\OneDrive - 学校法人立命館\Ritsumei\4th_Semester\Artificial_Intelligence\final_project\code\FNN/model/2025-01-13/00-08-25/model_1.pth
2025-01-13 00:08:27,048 - INFO - Training for fold 3/5
2025-01-13 00:08:27,228 - INFO - Epoch [1/100], Train Accuracy: 0.6832, Val Accuracy: 0.8891
2025-01-13 00:08:27,431 - INFO - Epoch [2/100], Train Accuracy: 0.9503, Val Accuracy: 0.8933
2025-01-13 00:08:27,593 - INFO - Epoch [3/100], Train Accuracy: 0.9948, Val Accuracy: 0.9079
2025-01-13 00:08:27,745 - INFO - Epoch [4/100], Train Accuracy: 0.9995, Val Accuracy: 0.9142
2025-01-13 00:08:27,884 - INFO - Epoch [5/100], Train Accuracy: 1.0000, Val Accuracy: 0.9100
2025-01-13 00:08:27,903 - INFO - Fold 3 Validation Accuracy: 0.9100
2025-01-13 00:08:27,922 - INFO - Save model to C:\Users\LeoLi\OneDrive - 学校法人立命館\Ritsumei\4th_Semester\Artificial_Intelligence\final_project\code\FNN/model/2025-01-13/00-08-25/model_2.pth
2025-01-13 00:08:27,923 - INFO - Training for fold 4/5
2025-01-13 00:08:28,110 - INFO - Epoch [1/100], Train Accuracy: 0.6368, Val Accuracy: 0.9078
2025-01-13 00:08:28,235 - INFO - Epoch [2/100], Train Accuracy: 0.9498, Val Accuracy: 0.9245
2025-01-13 00:08:28,376 - INFO - Epoch [3/100], Train Accuracy: 0.9895, Val Accuracy: 0.9287
2025-01-13 00:08:28,553 - INFO - Epoch [4/100], Train Accuracy: 0.9995, Val Accuracy: 0.9245
2025-01-13 00:08:28,575 - INFO - Fold 4 Validation Accuracy: 0.9245
2025-01-13 00:08:28,590 - INFO - Save model to C:\Users\LeoLi\OneDrive - 学校法人立命館\Ritsumei\4th_Semester\Artificial_Intelligence\final_project\code\FNN/model/2025-01-13/00-08-25/model_3.pth
2025-01-13 00:08:28,590 - INFO - Training for fold 5/5
2025-01-13 00:08:28,818 - INFO - Epoch [1/100], Train Accuracy: 0.5552, Val Accuracy: 0.8847
2025-01-13 00:08:29,017 - INFO - Epoch [2/100], Train Accuracy: 0.9560, Val Accuracy: 0.8994
2025-01-13 00:08:29,163 - INFO - Epoch [3/100], Train Accuracy: 0.9895, Val Accuracy: 0.9036
2025-01-13 00:08:29,366 - INFO - Epoch [4/100], Train Accuracy: 0.9990, Val Accuracy: 0.9161
2025-01-13 00:08:29,535 - INFO - Epoch [5/100], Train Accuracy: 1.0000, Val Accuracy: 0.9119
2025-01-13 00:08:29,556 - INFO - Fold 5 Validation Accuracy: 0.9119
2025-01-13 00:08:29,565 - INFO - Save model to C:\Users\LeoLi\OneDrive - 学校法人立命館\Ritsumei\4th_Semester\Artificial_Intelligence\final_project\code\FNN/model/2025-01-13/00-08-25/model_4.pth
2025-01-13 00:08:29,565 - INFO - Average Validation Accuracy (Over 5 folds): 0.9179 

