2025-01-13 00:06:03,235 - INFO - Training with Vectorized Data 19979 features. Dropout Rate 0.70. Dataset Size 2388. 1 neurons.
2025-01-13 00:06:03,235 - INFO - Training for fold 1/10
2025-01-13 00:06:04,594 - INFO - Epoch [1/100], Train Accuracy: 0.3467, Val Accuracy: 0.3682
2025-01-13 00:06:04,761 - INFO - Epoch [2/100], Train Accuracy: 0.5091, Val Accuracy: 0.6067
2025-01-13 00:06:04,933 - INFO - Epoch [3/100], Train Accuracy: 0.6440, Val Accuracy: 0.5607
2025-01-13 00:06:05,112 - INFO - Epoch [4/100], Train Accuracy: 0.6194, Val Accuracy: 0.5230
2025-01-13 00:06:05,268 - INFO - Epoch [5/100], Train Accuracy: 0.6235, Val Accuracy: 0.5063
2025-01-13 00:06:05,427 - INFO - Epoch [6/100], Train Accuracy: 0.6277, Val Accuracy: 0.5356
2025-01-13 00:06:05,584 - INFO - Epoch [7/100], Train Accuracy: 0.6352, Val Accuracy: 0.5523
2025-01-13 00:06:05,729 - INFO - Epoch [8/100], Train Accuracy: 0.6487, Val Accuracy: 0.5481
2025-01-13 00:06:05,867 - INFO - Epoch [9/100], Train Accuracy: 0.6519, Val Accuracy: 0.5690
2025-01-13 00:06:06,041 - INFO - Epoch [10/100], Train Accuracy: 0.6557, Val Accuracy: 0.5690
2025-01-13 00:06:06,229 - INFO - Epoch [11/100], Train Accuracy: 0.6575, Val Accuracy: 0.5732
2025-01-13 00:06:06,383 - INFO - Epoch [12/100], Train Accuracy: 0.6589, Val Accuracy: 0.5816
2025-01-13 00:06:06,537 - INFO - Epoch [13/100], Train Accuracy: 0.6626, Val Accuracy: 0.5858
2025-01-13 00:06:06,671 - INFO - Epoch [14/100], Train Accuracy: 0.6640, Val Accuracy: 0.5900
2025-01-13 00:06:06,815 - INFO - Epoch [15/100], Train Accuracy: 0.6640, Val Accuracy: 0.5941
2025-01-13 00:06:06,948 - INFO - Epoch [16/100], Train Accuracy: 0.6650, Val Accuracy: 0.6025
2025-01-13 00:06:07,087 - INFO - Epoch [17/100], Train Accuracy: 0.6650, Val Accuracy: 0.5941
2025-01-13 00:06:07,235 - INFO - Epoch [18/100], Train Accuracy: 0.6715, Val Accuracy: 0.5983
2025-01-13 00:06:07,376 - INFO - Epoch [19/100], Train Accuracy: 0.6733, Val Accuracy: 0.6067
2025-01-13 00:06:07,521 - INFO - Epoch [20/100], Train Accuracy: 0.6729, Val Accuracy: 0.5941
2025-01-13 00:06:07,665 - INFO - Epoch [21/100], Train Accuracy: 0.6719, Val Accuracy: 0.6067
2025-01-13 00:06:07,848 - INFO - Epoch [22/100], Train Accuracy: 0.6780, Val Accuracy: 0.6109
2025-01-13 00:06:07,988 - INFO - Epoch [23/100], Train Accuracy: 0.6785, Val Accuracy: 0.6109
2025-01-13 00:06:08,215 - INFO - Epoch [24/100], Train Accuracy: 0.6785, Val Accuracy: 0.6192
2025-01-13 00:06:08,391 - INFO - Epoch [25/100], Train Accuracy: 0.6840, Val Accuracy: 0.6151
2025-01-13 00:06:08,566 - INFO - Epoch [26/100], Train Accuracy: 0.6812, Val Accuracy: 0.6109
2025-01-13 00:06:08,941 - INFO - Epoch [27/100], Train Accuracy: 0.6808, Val Accuracy: 0.5983
2025-01-13 00:06:09,104 - INFO - Epoch [28/100], Train Accuracy: 0.6864, Val Accuracy: 0.5858
2025-01-13 00:06:09,288 - INFO - Epoch [29/100], Train Accuracy: 0.6929, Val Accuracy: 0.5941
2025-01-13 00:06:09,517 - INFO - Epoch [30/100], Train Accuracy: 0.6901, Val Accuracy: 0.5816
2025-01-13 00:06:09,651 - INFO - Epoch [31/100], Train Accuracy: 0.6947, Val Accuracy: 0.5900
2025-01-13 00:06:09,834 - INFO - Epoch [32/100], Train Accuracy: 0.6924, Val Accuracy: 0.5941
2025-01-13 00:06:10,181 - INFO - Epoch [33/100], Train Accuracy: 0.6924, Val Accuracy: 0.5941
2025-01-13 00:06:10,315 - INFO - Epoch [34/100], Train Accuracy: 0.6924, Val Accuracy: 0.6025
2025-01-13 00:06:10,446 - INFO - Epoch [35/100], Train Accuracy: 0.6771, Val Accuracy: 0.6067
2025-01-13 00:06:10,634 - INFO - Epoch [36/100], Train Accuracy: 0.6650, Val Accuracy: 0.6025
2025-01-13 00:06:10,827 - INFO - Epoch [37/100], Train Accuracy: 0.6929, Val Accuracy: 0.6067
2025-01-13 00:06:10,995 - INFO - Epoch [38/100], Train Accuracy: 0.6919, Val Accuracy: 0.5983
2025-01-13 00:06:11,158 - INFO - Epoch [39/100], Train Accuracy: 0.6673, Val Accuracy: 0.5481
2025-01-13 00:06:11,284 - INFO - Epoch [40/100], Train Accuracy: 0.6906, Val Accuracy: 0.5983
2025-01-13 00:06:11,425 - INFO - Epoch [41/100], Train Accuracy: 0.6854, Val Accuracy: 0.6025
2025-01-13 00:06:11,609 - INFO - Epoch [42/100], Train Accuracy: 0.6892, Val Accuracy: 0.5565
2025-01-13 00:06:11,753 - INFO - Epoch [43/100], Train Accuracy: 0.6705, Val Accuracy: 0.5565
2025-01-13 00:06:12,159 - INFO - Epoch [44/100], Train Accuracy: 0.6705, Val Accuracy: 0.5565
2025-01-13 00:06:12,305 - INFO - Epoch [45/100], Train Accuracy: 0.6705, Val Accuracy: 0.5565
2025-01-13 00:06:12,428 - INFO - Epoch [46/100], Train Accuracy: 0.6705, Val Accuracy: 0.5565
2025-01-13 00:06:12,567 - INFO - Epoch [47/100], Train Accuracy: 0.6705, Val Accuracy: 0.5565
2025-01-13 00:06:12,705 - INFO - Epoch [48/100], Train Accuracy: 0.6715, Val Accuracy: 0.5565
2025-01-13 00:06:12,836 - INFO - Epoch [49/100], Train Accuracy: 0.6705, Val Accuracy: 0.5565
2025-01-13 00:06:13,000 - INFO - Epoch [50/100], Train Accuracy: 0.6705, Val Accuracy: 0.5607
2025-01-13 00:06:13,243 - INFO - Epoch [51/100], Train Accuracy: 0.6840, Val Accuracy: 0.5565
2025-01-13 00:06:13,433 - INFO - Epoch [52/100], Train Accuracy: 0.6705, Val Accuracy: 0.5565
2025-01-13 00:06:13,607 - INFO - Epoch [53/100], Train Accuracy: 0.6705, Val Accuracy: 0.5565
2025-01-13 00:06:13,797 - INFO - Epoch [54/100], Train Accuracy: 0.6705, Val Accuracy: 0.5523
2025-01-13 00:06:13,969 - INFO - Epoch [55/100], Train Accuracy: 0.6705, Val Accuracy: 0.5481
2025-01-13 00:06:14,149 - INFO - Epoch [56/100], Train Accuracy: 0.6705, Val Accuracy: 0.5481
2025-01-13 00:06:14,334 - INFO - Epoch [57/100], Train Accuracy: 0.8232, Val Accuracy: 0.6276
2025-01-13 00:06:14,509 - INFO - Epoch [58/100], Train Accuracy: 0.7250, Val Accuracy: 0.6151
2025-01-13 00:06:14,675 - INFO - Epoch [59/100], Train Accuracy: 0.9004, Val Accuracy: 0.6360
2025-01-13 00:06:14,820 - INFO - Epoch [60/100], Train Accuracy: 0.9428, Val Accuracy: 0.6360
2025-01-13 00:06:14,968 - INFO - Epoch [61/100], Train Accuracy: 0.9563, Val Accuracy: 0.6318
2025-01-13 00:06:15,121 - INFO - Epoch [62/100], Train Accuracy: 0.9684, Val Accuracy: 0.6402
2025-01-13 00:06:15,253 - INFO - Epoch [63/100], Train Accuracy: 0.9795, Val Accuracy: 0.6444
2025-01-13 00:06:15,389 - INFO - Epoch [64/100], Train Accuracy: 0.9879, Val Accuracy: 0.6695
2025-01-13 00:06:15,539 - INFO - Epoch [65/100], Train Accuracy: 0.9893, Val Accuracy: 0.6695
2025-01-13 00:06:15,691 - INFO - Epoch [66/100], Train Accuracy: 0.9902, Val Accuracy: 0.6820
2025-01-13 00:06:15,832 - INFO - Epoch [67/100], Train Accuracy: 0.9907, Val Accuracy: 0.6904
2025-01-13 00:06:15,988 - INFO - Epoch [68/100], Train Accuracy: 0.9930, Val Accuracy: 0.6820
2025-01-13 00:06:16,115 - INFO - Epoch [69/100], Train Accuracy: 0.9944, Val Accuracy: 0.6904
2025-01-13 00:06:16,245 - INFO - Epoch [70/100], Train Accuracy: 0.9953, Val Accuracy: 0.6904
2025-01-13 00:06:16,378 - INFO - Epoch [71/100], Train Accuracy: 0.9953, Val Accuracy: 0.6946
2025-01-13 00:06:16,528 - INFO - Epoch [72/100], Train Accuracy: 0.9953, Val Accuracy: 0.6946
2025-01-13 00:06:16,700 - INFO - Epoch [73/100], Train Accuracy: 0.9953, Val Accuracy: 0.6946
2025-01-13 00:06:16,914 - INFO - Epoch [74/100], Train Accuracy: 0.9953, Val Accuracy: 0.6946
2025-01-13 00:06:17,108 - INFO - Epoch [75/100], Train Accuracy: 0.9953, Val Accuracy: 0.6946
2025-01-13 00:06:17,437 - INFO - Epoch [76/100], Train Accuracy: 0.9953, Val Accuracy: 0.6904
2025-01-13 00:06:17,457 - INFO - Fold 1 Validation Accuracy: 0.6904
2025-01-13 00:06:17,461 - INFO - Save model to C:\Users\LeoLi\OneDrive - äwçZñ@êlóßñΩäŸ\Ritsumei\4th_Semester\Artificial_Intelligence\final_project\code\FNN/model/2025-01-13/00-06-02/model_0.pth
2025-01-13 00:06:17,461 - INFO - Training for fold 2/10
2025-01-13 00:06:17,747 - INFO - Epoch [1/100], Train Accuracy: 0.3360, Val Accuracy: 0.3096
2025-01-13 00:06:18,044 - INFO - Epoch [2/100], Train Accuracy: 0.3360, Val Accuracy: 0.3096
2025-01-13 00:06:18,323 - INFO - Epoch [3/100], Train Accuracy: 0.3360, Val Accuracy: 0.3096
2025-01-13 00:06:18,559 - INFO - Epoch [4/100], Train Accuracy: 0.3360, Val Accuracy: 0.3096
2025-01-13 00:06:18,769 - INFO - Epoch [5/100], Train Accuracy: 0.3360, Val Accuracy: 0.3096
2025-01-13 00:06:18,959 - INFO - Epoch [6/100], Train Accuracy: 0.3360, Val Accuracy: 0.3096
2025-01-13 00:06:19,140 - INFO - Epoch [7/100], Train Accuracy: 0.3360, Val Accuracy: 0.3096
2025-01-13 00:06:19,299 - INFO - Epoch [8/100], Train Accuracy: 0.3360, Val Accuracy: 0.3096
2025-01-13 00:06:19,435 - INFO - Epoch [9/100], Train Accuracy: 0.5207, Val Accuracy: 0.4351
2025-01-13 00:06:19,575 - INFO - Epoch [10/100], Train Accuracy: 0.6268, Val Accuracy: 0.4644
2025-01-13 00:06:19,701 - INFO - Epoch [11/100], Train Accuracy: 0.6403, Val Accuracy: 0.4770
2025-01-13 00:06:19,851 - INFO - Epoch [12/100], Train Accuracy: 0.6482, Val Accuracy: 0.5188
2025-01-13 00:06:20,011 - INFO - Epoch [13/100], Train Accuracy: 0.6529, Val Accuracy: 0.5272
2025-01-13 00:06:20,178 - INFO - Epoch [14/100], Train Accuracy: 0.6552, Val Accuracy: 0.5397
2025-01-13 00:06:20,339 - INFO - Epoch [15/100], Train Accuracy: 0.6589, Val Accuracy: 0.5397
2025-01-13 00:06:20,500 - INFO - Epoch [16/100], Train Accuracy: 0.6594, Val Accuracy: 0.5481
2025-01-13 00:06:20,655 - INFO - Epoch [17/100], Train Accuracy: 0.6608, Val Accuracy: 0.5481
2025-01-13 00:06:20,817 - INFO - Epoch [18/100], Train Accuracy: 0.6612, Val Accuracy: 0.5481
2025-01-13 00:06:20,972 - INFO - Epoch [19/100], Train Accuracy: 0.6612, Val Accuracy: 0.5565
2025-01-13 00:06:21,146 - INFO - Epoch [20/100], Train Accuracy: 0.6622, Val Accuracy: 0.5649
2025-01-13 00:06:21,349 - INFO - Epoch [21/100], Train Accuracy: 0.6626, Val Accuracy: 0.5690
2025-01-13 00:06:21,548 - INFO - Epoch [22/100], Train Accuracy: 0.6626, Val Accuracy: 0.5816
2025-01-13 00:06:21,761 - INFO - Epoch [23/100], Train Accuracy: 0.6631, Val Accuracy: 0.5816
2025-01-13 00:06:21,959 - INFO - Epoch [24/100], Train Accuracy: 0.6640, Val Accuracy: 0.5816
2025-01-13 00:06:22,178 - INFO - Epoch [25/100], Train Accuracy: 0.6645, Val Accuracy: 0.5816
2025-01-13 00:06:22,377 - INFO - Epoch [26/100], Train Accuracy: 0.6645, Val Accuracy: 0.5816
2025-01-13 00:06:22,591 - INFO - Epoch [27/100], Train Accuracy: 0.6645, Val Accuracy: 0.5816
2025-01-13 00:06:22,795 - INFO - Epoch [28/100], Train Accuracy: 0.6645, Val Accuracy: 0.5732
2025-01-13 00:06:22,997 - INFO - Epoch [29/100], Train Accuracy: 0.6645, Val Accuracy: 0.5690
2025-01-13 00:06:23,214 - INFO - Epoch [30/100], Train Accuracy: 0.6636, Val Accuracy: 0.5774
2025-01-13 00:06:23,425 - INFO - Epoch [31/100], Train Accuracy: 0.6650, Val Accuracy: 0.5690
2025-01-13 00:06:23,638 - INFO - Epoch [32/100], Train Accuracy: 0.6636, Val Accuracy: 0.5523
2025-01-13 00:06:23,834 - INFO - Epoch [33/100], Train Accuracy: 0.6640, Val Accuracy: 0.5649
2025-01-13 00:06:24,031 - INFO - Epoch [34/100], Train Accuracy: 0.6668, Val Accuracy: 0.5649
