2025-01-13 00:14:22,918 - INFO - Training with Vectorized Data 20282 features. Dropout Rate 0.70. Dataset Size 2388. 64 neurons.
2025-01-13 00:14:22,918 - INFO - Training for fold 1/5
2025-01-13 00:14:24,201 - INFO - Epoch [1/100], Train Accuracy: 0.5162, Val Accuracy: 0.8640
2025-01-13 00:14:24,331 - INFO - Epoch [2/100], Train Accuracy: 0.9340, Val Accuracy: 0.9142
2025-01-13 00:14:24,466 - INFO - Epoch [3/100], Train Accuracy: 0.9796, Val Accuracy: 0.9163
2025-01-13 00:14:24,579 - INFO - Epoch [4/100], Train Accuracy: 0.9958, Val Accuracy: 0.9184
2025-01-13 00:14:24,700 - INFO - Epoch [5/100], Train Accuracy: 0.9984, Val Accuracy: 0.9247
2025-01-13 00:14:24,821 - INFO - Epoch [6/100], Train Accuracy: 0.9990, Val Accuracy: 0.9268
2025-01-13 00:14:24,950 - INFO - Epoch [7/100], Train Accuracy: 1.0000, Val Accuracy: 0.9226
2025-01-13 00:14:24,965 - INFO - Fold 1 Validation Accuracy: 0.9226
2025-01-13 00:14:24,971 - INFO - Save model to C:\Users\LeoLi\OneDrive - 学校法人立命館\Ritsumei\4th_Semester\Artificial_Intelligence\final_project\code\FNN/model/2025-01-13/00-14-22/model_0.pth
2025-01-13 00:14:24,972 - INFO - Training for fold 2/5
2025-01-13 00:14:25,123 - INFO - Epoch [1/100], Train Accuracy: 0.4937, Val Accuracy: 0.7866
2025-01-13 00:14:25,265 - INFO - Epoch [2/100], Train Accuracy: 0.9010, Val Accuracy: 0.8787
2025-01-13 00:14:25,405 - INFO - Epoch [3/100], Train Accuracy: 0.9832, Val Accuracy: 0.8975
2025-01-13 00:14:25,547 - INFO - Epoch [4/100], Train Accuracy: 0.9937, Val Accuracy: 0.9100
2025-01-13 00:14:25,689 - INFO - Epoch [5/100], Train Accuracy: 0.9984, Val Accuracy: 0.9121
2025-01-13 00:14:25,840 - INFO - Epoch [6/100], Train Accuracy: 1.0000, Val Accuracy: 0.9142
2025-01-13 00:14:25,856 - INFO - Fold 2 Validation Accuracy: 0.9142
2025-01-13 00:14:25,866 - INFO - Save model to C:\Users\LeoLi\OneDrive - 学校法人立命館\Ritsumei\4th_Semester\Artificial_Intelligence\final_project\code\FNN/model/2025-01-13/00-14-22/model_1.pth
2025-01-13 00:14:25,867 - INFO - Training for fold 3/5
2025-01-13 00:14:26,035 - INFO - Epoch [1/100], Train Accuracy: 0.5262, Val Accuracy: 0.8870
2025-01-13 00:14:26,161 - INFO - Epoch [2/100], Train Accuracy: 0.9361, Val Accuracy: 0.8849
2025-01-13 00:14:26,289 - INFO - Epoch [3/100], Train Accuracy: 0.9853, Val Accuracy: 0.9017
2025-01-13 00:14:26,420 - INFO - Epoch [4/100], Train Accuracy: 0.9948, Val Accuracy: 0.9100
2025-01-13 00:14:26,551 - INFO - Epoch [5/100], Train Accuracy: 0.9984, Val Accuracy: 0.9142
2025-01-13 00:14:26,693 - INFO - Epoch [6/100], Train Accuracy: 0.9995, Val Accuracy: 0.9184
2025-01-13 00:14:26,863 - INFO - Epoch [7/100], Train Accuracy: 1.0000, Val Accuracy: 0.9205
2025-01-13 00:14:26,880 - INFO - Fold 3 Validation Accuracy: 0.9205
2025-01-13 00:14:26,885 - INFO - Save model to C:\Users\LeoLi\OneDrive - 学校法人立命館\Ritsumei\4th_Semester\Artificial_Intelligence\final_project\code\FNN/model/2025-01-13/00-14-22/model_2.pth
2025-01-13 00:14:26,886 - INFO - Training for fold 4/5
2025-01-13 00:14:27,045 - INFO - Epoch [1/100], Train Accuracy: 0.5353, Val Accuracy: 0.8532
2025-01-13 00:14:27,208 - INFO - Epoch [2/100], Train Accuracy: 0.9471, Val Accuracy: 0.8931
2025-01-13 00:14:27,349 - INFO - Epoch [3/100], Train Accuracy: 0.9853, Val Accuracy: 0.8952
2025-01-13 00:14:27,491 - INFO - Epoch [4/100], Train Accuracy: 0.9942, Val Accuracy: 0.9078
2025-01-13 00:14:27,643 - INFO - Epoch [5/100], Train Accuracy: 0.9995, Val Accuracy: 0.9057
2025-01-13 00:14:27,657 - INFO - Fold 4 Validation Accuracy: 0.9057
2025-01-13 00:14:27,665 - INFO - Save model to C:\Users\LeoLi\OneDrive - 学校法人立命館\Ritsumei\4th_Semester\Artificial_Intelligence\final_project\code\FNN/model/2025-01-13/00-14-22/model_3.pth
2025-01-13 00:14:27,665 - INFO - Training for fold 5/5
2025-01-13 00:14:27,833 - INFO - Epoch [1/100], Train Accuracy: 0.4929, Val Accuracy: 0.8658
2025-01-13 00:14:27,967 - INFO - Epoch [2/100], Train Accuracy: 0.9388, Val Accuracy: 0.8805
2025-01-13 00:14:28,098 - INFO - Epoch [3/100], Train Accuracy: 0.9838, Val Accuracy: 0.8784
2025-01-13 00:14:28,255 - INFO - Epoch [4/100], Train Accuracy: 0.9927, Val Accuracy: 0.8910
2025-01-13 00:14:28,381 - INFO - Epoch [5/100], Train Accuracy: 0.9990, Val Accuracy: 0.9036
2025-01-13 00:14:28,549 - INFO - Epoch [6/100], Train Accuracy: 0.9995, Val Accuracy: 0.9015
2025-01-13 00:14:28,565 - INFO - Fold 5 Validation Accuracy: 0.9015
2025-01-13 00:14:28,570 - INFO - Save model to C:\Users\LeoLi\OneDrive - 学校法人立命館\Ritsumei\4th_Semester\Artificial_Intelligence\final_project\code\FNN/model/2025-01-13/00-14-22/model_4.pth
2025-01-13 00:14:28,570 - INFO - Average Validation Accuracy (Over 5 folds): 0.9129 

2025-01-13 00:14:29,146 - INFO - Training with Vectorized Data 20282 features. Dropout Rate 0.70. Dataset Size 2388. 128 neurons.
2025-01-13 00:14:29,146 - INFO - Training for fold 1/5
2025-01-13 00:14:29,295 - INFO - Epoch [1/100], Train Accuracy: 0.4890, Val Accuracy: 0.8494
2025-01-13 00:14:29,422 - INFO - Epoch [2/100], Train Accuracy: 0.9429, Val Accuracy: 0.9059
2025-01-13 00:14:29,543 - INFO - Epoch [3/100], Train Accuracy: 0.9880, Val Accuracy: 0.9163
2025-01-13 00:14:29,658 - INFO - Epoch [4/100], Train Accuracy: 0.9990, Val Accuracy: 0.9226
2025-01-13 00:14:29,794 - INFO - Epoch [5/100], Train Accuracy: 1.0000, Val Accuracy: 0.9184
2025-01-13 00:14:29,809 - INFO - Fold 1 Validation Accuracy: 0.9184
2025-01-13 00:14:29,820 - INFO - Save model to C:\Users\LeoLi\OneDrive - 学校法人立命館\Ritsumei\4th_Semester\Artificial_Intelligence\final_project\code\FNN/model/2025-01-13/00-14-28/model_0.pth
2025-01-13 00:14:29,820 - INFO - Training for fold 2/5
2025-01-13 00:14:29,996 - INFO - Epoch [1/100], Train Accuracy: 0.5948, Val Accuracy: 0.9017
2025-01-13 00:14:30,140 - INFO - Epoch [2/100], Train Accuracy: 0.9424, Val Accuracy: 0.9079
2025-01-13 00:14:30,273 - INFO - Epoch [3/100], Train Accuracy: 0.9890, Val Accuracy: 0.9226
2025-01-13 00:14:30,400 - INFO - Epoch [4/100], Train Accuracy: 0.9995, Val Accuracy: 0.9226
2025-01-13 00:14:30,544 - INFO - Epoch [5/100], Train Accuracy: 1.0000, Val Accuracy: 0.9331
2025-01-13 00:14:30,559 - INFO - Fold 2 Validation Accuracy: 0.9331
2025-01-13 00:14:30,570 - INFO - Save model to C:\Users\LeoLi\OneDrive - 学校法人立命館\Ritsumei\4th_Semester\Artificial_Intelligence\final_project\code\FNN/model/2025-01-13/00-14-28/model_1.pth
2025-01-13 00:14:30,570 - INFO - Training for fold 3/5
2025-01-13 00:14:30,758 - INFO - Epoch [1/100], Train Accuracy: 0.6644, Val Accuracy: 0.8933
2025-01-13 00:14:30,889 - INFO - Epoch [2/100], Train Accuracy: 0.9529, Val Accuracy: 0.9059
2025-01-13 00:14:31,008 - INFO - Epoch [3/100], Train Accuracy: 0.9864, Val Accuracy: 0.8975
2025-01-13 00:14:31,138 - INFO - Epoch [4/100], Train Accuracy: 0.9979, Val Accuracy: 0.9079
2025-01-13 00:14:31,265 - INFO - Epoch [5/100], Train Accuracy: 0.9995, Val Accuracy: 0.9017
2025-01-13 00:14:31,283 - INFO - Fold 3 Validation Accuracy: 0.9017
2025-01-13 00:14:31,291 - INFO - Save model to C:\Users\LeoLi\OneDrive - 学校法人立命館\Ritsumei\4th_Semester\Artificial_Intelligence\final_project\code\FNN/model/2025-01-13/00-14-28/model_2.pth
2025-01-13 00:14:31,292 - INFO - Training for fold 4/5
2025-01-13 00:14:31,454 - INFO - Epoch [1/100], Train Accuracy: 0.5866, Val Accuracy: 0.8868
2025-01-13 00:14:31,618 - INFO - Epoch [2/100], Train Accuracy: 0.9540, Val Accuracy: 0.8868
2025-01-13 00:14:31,751 - INFO - Epoch [3/100], Train Accuracy: 0.9864, Val Accuracy: 0.8805
2025-01-13 00:14:31,903 - INFO - Epoch [4/100], Train Accuracy: 0.9979, Val Accuracy: 0.8868
2025-01-13 00:14:32,033 - INFO - Epoch [5/100], Train Accuracy: 1.0000, Val Accuracy: 0.8910
2025-01-13 00:14:32,054 - INFO - Fold 4 Validation Accuracy: 0.8910
2025-01-13 00:14:32,070 - INFO - Save model to C:\Users\LeoLi\OneDrive - 学校法人立命館\Ritsumei\4th_Semester\Artificial_Intelligence\final_project\code\FNN/model/2025-01-13/00-14-28/model_3.pth
2025-01-13 00:14:32,071 - INFO - Training for fold 5/5
2025-01-13 00:14:32,233 - INFO - Epoch [1/100], Train Accuracy: 0.6238, Val Accuracy: 0.8868
2025-01-13 00:14:32,357 - INFO - Epoch [2/100], Train Accuracy: 0.9503, Val Accuracy: 0.8847
2025-01-13 00:14:32,487 - INFO - Epoch [3/100], Train Accuracy: 0.9848, Val Accuracy: 0.8910
2025-01-13 00:14:32,604 - INFO - Epoch [4/100], Train Accuracy: 0.9969, Val Accuracy: 0.9057
2025-01-13 00:14:32,729 - INFO - Epoch [5/100], Train Accuracy: 0.9995, Val Accuracy: 0.9015
2025-01-13 00:14:32,745 - INFO - Fold 5 Validation Accuracy: 0.9015
2025-01-13 00:14:32,755 - INFO - Save model to C:\Users\LeoLi\OneDrive - 学校法人立命館\Ritsumei\4th_Semester\Artificial_Intelligence\final_project\code\FNN/model/2025-01-13/00-14-28/model_4.pth
2025-01-13 00:14:32,756 - INFO - Average Validation Accuracy (Over 5 folds): 0.9091 

2025-01-13 00:14:33,187 - INFO - Training with Vectorized Data 20282 features. Dropout Rate 0.70. Dataset Size 2388. 256 neurons.
2025-01-13 00:14:33,187 - INFO - Training for fold 1/5
2025-01-13 00:14:33,370 - INFO - Epoch [1/100], Train Accuracy: 0.7236, Val Accuracy: 0.9017
2025-01-13 00:14:33,542 - INFO - Epoch [2/100], Train Accuracy: 0.9529, Val Accuracy: 0.9059
2025-01-13 00:14:33,733 - INFO - Epoch [3/100], Train Accuracy: 0.9958, Val Accuracy: 0.9121
2025-01-13 00:14:33,879 - INFO - Epoch [4/100], Train Accuracy: 0.9995, Val Accuracy: 0.9142
2025-01-13 00:14:34,043 - INFO - Epoch [5/100], Train Accuracy: 1.0000, Val Accuracy: 0.9142
2025-01-13 00:14:34,060 - INFO - Fold 1 Validation Accuracy: 0.9142
2025-01-13 00:14:34,083 - INFO - Save model to C:\Users\LeoLi\OneDrive - 学校法人立命館\Ritsumei\4th_Semester\Artificial_Intelligence\final_project\code\FNN/model/2025-01-13/00-14-32/model_0.pth
2025-01-13 00:14:34,084 - INFO - Training for fold 2/5
2025-01-13 00:14:34,291 - INFO - Epoch [1/100], Train Accuracy: 0.6419, Val Accuracy: 0.8870
2025-01-13 00:14:34,442 - INFO - Epoch [2/100], Train Accuracy: 0.9497, Val Accuracy: 0.9205
2025-01-13 00:14:34,602 - INFO - Epoch [3/100], Train Accuracy: 0.9927, Val Accuracy: 0.9247
2025-01-13 00:14:34,767 - INFO - Epoch [4/100], Train Accuracy: 0.9995, Val Accuracy: 0.9268
2025-01-13 00:14:34,930 - INFO - Epoch [5/100], Train Accuracy: 1.0000, Val Accuracy: 0.9310
2025-01-13 00:14:34,953 - INFO - Fold 2 Validation Accuracy: 0.9310
2025-01-13 00:14:34,977 - INFO - Save model to C:\Users\LeoLi\OneDrive - 学校法人立命館\Ritsumei\4th_Semester\Artificial_Intelligence\final_project\code\FNN/model/2025-01-13/00-14-32/model_1.pth
2025-01-13 00:14:34,977 - INFO - Training for fold 3/5
2025-01-13 00:14:35,209 - INFO - Epoch [1/100], Train Accuracy: 0.7173, Val Accuracy: 0.8891
2025-01-13 00:14:35,381 - INFO - Epoch [2/100], Train Accuracy: 0.9513, Val Accuracy: 0.8996
2025-01-13 00:14:35,542 - INFO - Epoch [3/100], Train Accuracy: 0.9932, Val Accuracy: 0.9059
2025-01-13 00:14:35,702 - INFO - Epoch [4/100], Train Accuracy: 0.9995, Val Accuracy: 0.9079
2025-01-13 00:14:35,854 - INFO - Epoch [5/100], Train Accuracy: 1.0000, Val Accuracy: 0.9059
2025-01-13 00:14:35,870 - INFO - Fold 3 Validation Accuracy: 0.9059
2025-01-13 00:14:35,890 - INFO - Save model to C:\Users\LeoLi\OneDrive - 学校法人立命館\Ritsumei\4th_Semester\Artificial_Intelligence\final_project\code\FNN/model/2025-01-13/00-14-32/model_2.pth
2025-01-13 00:14:35,890 - INFO - Training for fold 4/5
2025-01-13 00:14:36,078 - INFO - Epoch [1/100], Train Accuracy: 0.6442, Val Accuracy: 0.8889
2025-01-13 00:14:36,240 - INFO - Epoch [2/100], Train Accuracy: 0.9555, Val Accuracy: 0.9015
2025-01-13 00:14:36,388 - INFO - Epoch [3/100], Train Accuracy: 0.9942, Val Accuracy: 0.9057
2025-01-13 00:14:36,534 - INFO - Epoch [4/100], Train Accuracy: 1.0000, Val Accuracy: 0.9015
2025-01-13 00:14:36,548 - INFO - Fold 4 Validation Accuracy: 0.9015
2025-01-13 00:14:36,595 - INFO - Save model to C:\Users\LeoLi\OneDrive - 学校法人立命館\Ritsumei\4th_Semester\Artificial_Intelligence\final_project\code\FNN/model/2025-01-13/00-14-32/model_3.pth
2025-01-13 00:14:36,596 - INFO - Training for fold 5/5
2025-01-13 00:14:36,799 - INFO - Epoch [1/100], Train Accuracy: 0.6007, Val Accuracy: 0.9036
2025-01-13 00:14:36,942 - INFO - Epoch [2/100], Train Accuracy: 0.9555, Val Accuracy: 0.9036
2025-01-13 00:14:37,085 - INFO - Epoch [3/100], Train Accuracy: 0.9942, Val Accuracy: 0.9161
2025-01-13 00:14:37,238 - INFO - Epoch [4/100], Train Accuracy: 0.9995, Val Accuracy: 0.9182
2025-01-13 00:14:37,384 - INFO - Epoch [5/100], Train Accuracy: 1.0000, Val Accuracy: 0.9182
2025-01-13 00:14:37,398 - INFO - Fold 5 Validation Accuracy: 0.9182
2025-01-13 00:14:37,423 - INFO - Save model to C:\Users\LeoLi\OneDrive - 学校法人立命館\Ritsumei\4th_Semester\Artificial_Intelligence\final_project\code\FNN/model/2025-01-13/00-14-32/model_4.pth
2025-01-13 00:14:37,423 - INFO - Average Validation Accuracy (Over 5 folds): 0.9142 

2025-01-13 00:14:37,805 - INFO - Training with Vectorized Data 20282 features. Dropout Rate 0.70. Dataset Size 2388. 512 neurons.
2025-01-13 00:14:37,805 - INFO - Training for fold 1/5
2025-01-13 00:14:38,133 - INFO - Epoch [1/100], Train Accuracy: 0.7325, Val Accuracy: 0.8996
2025-01-13 00:14:38,433 - INFO - Epoch [2/100], Train Accuracy: 0.9586, Val Accuracy: 0.8996
2025-01-13 00:14:38,750 - INFO - Epoch [3/100], Train Accuracy: 0.9963, Val Accuracy: 0.9059
2025-01-13 00:14:39,028 - INFO - Epoch [4/100], Train Accuracy: 1.0000, Val Accuracy: 0.9079
2025-01-13 00:14:39,046 - INFO - Fold 1 Validation Accuracy: 0.9079
2025-01-13 00:14:39,086 - INFO - Save model to C:\Users\LeoLi\OneDrive - 学校法人立命館\Ritsumei\4th_Semester\Artificial_Intelligence\final_project\code\FNN/model/2025-01-13/00-14-37/model_0.pth
2025-01-13 00:14:39,086 - INFO - Training for fold 2/5
2025-01-13 00:14:39,415 - INFO - Epoch [1/100], Train Accuracy: 0.7770, Val Accuracy: 0.8954
2025-01-13 00:14:39,694 - INFO - Epoch [2/100], Train Accuracy: 0.9555, Val Accuracy: 0.9142
2025-01-13 00:14:39,972 - INFO - Epoch [3/100], Train Accuracy: 0.9974, Val Accuracy: 0.9142
2025-01-13 00:14:40,252 - INFO - Epoch [4/100], Train Accuracy: 1.0000, Val Accuracy: 0.9205
2025-01-13 00:14:40,271 - INFO - Fold 2 Validation Accuracy: 0.9205
2025-01-13 00:14:40,311 - INFO - Save model to C:\Users\LeoLi\OneDrive - 学校法人立命館\Ritsumei\4th_Semester\Artificial_Intelligence\final_project\code\FNN/model/2025-01-13/00-14-37/model_1.pth
2025-01-13 00:14:40,311 - INFO - Training for fold 3/5
2025-01-13 00:14:40,646 - INFO - Epoch [1/100], Train Accuracy: 0.6602, Val Accuracy: 0.8661
2025-01-13 00:14:40,930 - INFO - Epoch [2/100], Train Accuracy: 0.9414, Val Accuracy: 0.9079
2025-01-13 00:14:41,211 - INFO - Epoch [3/100], Train Accuracy: 0.9969, Val Accuracy: 0.9079
2025-01-13 00:14:41,490 - INFO - Epoch [4/100], Train Accuracy: 1.0000, Val Accuracy: 0.9079
2025-01-13 00:14:41,509 - INFO - Fold 3 Validation Accuracy: 0.9079
2025-01-13 00:14:41,575 - INFO - Save model to C:\Users\LeoLi\OneDrive - 学校法人立命館\Ritsumei\4th_Semester\Artificial_Intelligence\final_project\code\FNN/model/2025-01-13/00-14-37/model_2.pth
2025-01-13 00:14:41,575 - INFO - Training for fold 4/5
2025-01-13 00:14:42,008 - INFO - Epoch [1/100], Train Accuracy: 0.7028, Val Accuracy: 0.8763
2025-01-13 00:14:42,408 - INFO - Epoch [2/100], Train Accuracy: 0.9618, Val Accuracy: 0.8973
2025-01-13 00:14:42,712 - INFO - Epoch [3/100], Train Accuracy: 0.9990, Val Accuracy: 0.9057
2025-01-13 00:14:42,989 - INFO - Epoch [4/100], Train Accuracy: 1.0000, Val Accuracy: 0.9015
2025-01-13 00:14:43,006 - INFO - Fold 4 Validation Accuracy: 0.9015
2025-01-13 00:14:43,044 - INFO - Save model to C:\Users\LeoLi\OneDrive - 学校法人立命館\Ritsumei\4th_Semester\Artificial_Intelligence\final_project\code\FNN/model/2025-01-13/00-14-37/model_3.pth
2025-01-13 00:14:43,044 - INFO - Training for fold 5/5
2025-01-13 00:14:43,385 - INFO - Epoch [1/100], Train Accuracy: 0.7645, Val Accuracy: 0.9119
2025-01-13 00:14:43,668 - INFO - Epoch [2/100], Train Accuracy: 0.9592, Val Accuracy: 0.9182
2025-01-13 00:14:43,938 - INFO - Epoch [3/100], Train Accuracy: 0.9974, Val Accuracy: 0.9308
2025-01-13 00:14:44,226 - INFO - Epoch [4/100], Train Accuracy: 1.0000, Val Accuracy: 0.9266
2025-01-13 00:14:44,246 - INFO - Fold 5 Validation Accuracy: 0.9266
2025-01-13 00:14:44,286 - INFO - Save model to C:\Users\LeoLi\OneDrive - 学校法人立命館\Ritsumei\4th_Semester\Artificial_Intelligence\final_project\code\FNN/model/2025-01-13/00-14-37/model_4.pth
2025-01-13 00:14:44,286 - INFO - Average Validation Accuracy (Over 5 folds): 0.9129 

2025-01-13 00:14:44,669 - INFO - Training with Vectorized Data 20282 features. Dropout Rate 0.70. Dataset Size 2388. 1024 neurons.
2025-01-13 00:14:44,670 - INFO - Training for fold 1/5
2025-01-13 00:14:45,273 - INFO - Epoch [1/100], Train Accuracy: 0.7990, Val Accuracy: 0.9079
2025-01-13 00:14:45,777 - INFO - Epoch [2/100], Train Accuracy: 0.9691, Val Accuracy: 0.9226
2025-01-13 00:14:46,292 - INFO - Epoch [3/100], Train Accuracy: 0.9995, Val Accuracy: 0.9247
2025-01-13 00:14:46,826 - INFO - Epoch [4/100], Train Accuracy: 1.0000, Val Accuracy: 0.9247
2025-01-13 00:14:46,845 - INFO - Fold 1 Validation Accuracy: 0.9247
2025-01-13 00:14:46,949 - INFO - Save model to C:\Users\LeoLi\OneDrive - 学校法人立命館\Ritsumei\4th_Semester\Artificial_Intelligence\final_project\code\FNN/model/2025-01-13/00-14-44/model_0.pth
2025-01-13 00:14:46,949 - INFO - Training for fold 2/5
2025-01-13 00:14:47,582 - INFO - Epoch [1/100], Train Accuracy: 0.7728, Val Accuracy: 0.8870
2025-01-13 00:14:48,134 - INFO - Epoch [2/100], Train Accuracy: 0.9654, Val Accuracy: 0.9059
2025-01-13 00:14:48,725 - INFO - Epoch [3/100], Train Accuracy: 0.9995, Val Accuracy: 0.9059
2025-01-13 00:14:49,259 - INFO - Epoch [4/100], Train Accuracy: 1.0000, Val Accuracy: 0.9059
2025-01-13 00:14:49,278 - INFO - Fold 2 Validation Accuracy: 0.9059
2025-01-13 00:14:49,387 - INFO - Save model to C:\Users\LeoLi\OneDrive - 学校法人立命館\Ritsumei\4th_Semester\Artificial_Intelligence\final_project\code\FNN/model/2025-01-13/00-14-44/model_1.pth
2025-01-13 00:14:49,387 - INFO - Training for fold 3/5
2025-01-13 00:14:50,017 - INFO - Epoch [1/100], Train Accuracy: 0.7335, Val Accuracy: 0.9142
2025-01-13 00:14:50,530 - INFO - Epoch [2/100], Train Accuracy: 0.9628, Val Accuracy: 0.9038
2025-01-13 00:14:51,055 - INFO - Epoch [3/100], Train Accuracy: 0.9990, Val Accuracy: 0.9226
2025-01-13 00:14:51,545 - INFO - Epoch [4/100], Train Accuracy: 1.0000, Val Accuracy: 0.9163
2025-01-13 00:14:51,565 - INFO - Fold 3 Validation Accuracy: 0.9163
2025-01-13 00:14:51,651 - INFO - Save model to C:\Users\LeoLi\OneDrive - 学校法人立命館\Ritsumei\4th_Semester\Artificial_Intelligence\final_project\code\FNN/model/2025-01-13/00-14-44/model_2.pth
2025-01-13 00:14:51,651 - INFO - Training for fold 4/5
2025-01-13 00:14:52,248 - INFO - Epoch [1/100], Train Accuracy: 0.7216, Val Accuracy: 0.8931
2025-01-13 00:14:52,752 - INFO - Epoch [2/100], Train Accuracy: 0.9608, Val Accuracy: 0.9182
2025-01-13 00:14:53,245 - INFO - Epoch [3/100], Train Accuracy: 0.9990, Val Accuracy: 0.9224
2025-01-13 00:14:53,743 - INFO - Epoch [4/100], Train Accuracy: 1.0000, Val Accuracy: 0.9245
2025-01-13 00:14:53,770 - INFO - Fold 4 Validation Accuracy: 0.9245
2025-01-13 00:14:53,896 - INFO - Save model to C:\Users\LeoLi\OneDrive - 学校法人立命館\Ritsumei\4th_Semester\Artificial_Intelligence\final_project\code\FNN/model/2025-01-13/00-14-44/model_3.pth
2025-01-13 00:14:53,897 - INFO - Training for fold 5/5
2025-01-13 00:14:54,451 - INFO - Epoch [1/100], Train Accuracy: 0.7316, Val Accuracy: 0.8847
2025-01-13 00:14:54,943 - INFO - Epoch [2/100], Train Accuracy: 0.9744, Val Accuracy: 0.9140
2025-01-13 00:14:55,432 - INFO - Epoch [3/100], Train Accuracy: 0.9990, Val Accuracy: 0.9099
2025-01-13 00:14:55,453 - INFO - Fold 5 Validation Accuracy: 0.9099
2025-01-13 00:14:55,534 - INFO - Save model to C:\Users\LeoLi\OneDrive - 学校法人立命館\Ritsumei\4th_Semester\Artificial_Intelligence\final_project\code\FNN/model/2025-01-13/00-14-44/model_4.pth
2025-01-13 00:14:55,534 - INFO - Average Validation Accuracy (Over 5 folds): 0.9162 

2025-01-13 00:14:55,939 - INFO - Training with Vectorized Data 20282 features. Dropout Rate 0.70. Dataset Size 2388. 2048 neurons.
2025-01-13 00:14:55,939 - INFO - Training for fold 1/5
2025-01-13 00:14:57,008 - INFO - Epoch [1/100], Train Accuracy: 0.7429, Val Accuracy: 0.8933
2025-01-13 00:14:57,896 - INFO - Epoch [2/100], Train Accuracy: 0.9749, Val Accuracy: 0.8975
2025-01-13 00:14:58,776 - INFO - Epoch [3/100], Train Accuracy: 0.9995, Val Accuracy: 0.8996
2025-01-13 00:14:59,696 - INFO - Epoch [4/100], Train Accuracy: 1.0000, Val Accuracy: 0.9017
2025-01-13 00:14:59,723 - INFO - Fold 1 Validation Accuracy: 0.9017
2025-01-13 00:14:59,898 - INFO - Save model to C:\Users\LeoLi\OneDrive - 学校法人立命館\Ritsumei\4th_Semester\Artificial_Intelligence\final_project\code\FNN/model/2025-01-13/00-14-55/model_0.pth
2025-01-13 00:14:59,899 - INFO - Training for fold 2/5
2025-01-13 00:15:01,028 - INFO - Epoch [1/100], Train Accuracy: 0.7136, Val Accuracy: 0.8954
2025-01-13 00:15:01,960 - INFO - Epoch [2/100], Train Accuracy: 0.9686, Val Accuracy: 0.9351
2025-01-13 00:15:02,904 - INFO - Epoch [3/100], Train Accuracy: 1.0000, Val Accuracy: 0.9268
2025-01-13 00:15:02,930 - INFO - Fold 2 Validation Accuracy: 0.9268
2025-01-13 00:15:03,093 - INFO - Save model to C:\Users\LeoLi\OneDrive - 学校法人立命館\Ritsumei\4th_Semester\Artificial_Intelligence\final_project\code\FNN/model/2025-01-13/00-14-55/model_1.pth
2025-01-13 00:15:03,094 - INFO - Training for fold 3/5
2025-01-13 00:15:04,186 - INFO - Epoch [1/100], Train Accuracy: 0.7969, Val Accuracy: 0.9059
2025-01-13 00:15:05,119 - INFO - Epoch [2/100], Train Accuracy: 0.9764, Val Accuracy: 0.9184
2025-01-13 00:15:06,034 - INFO - Epoch [3/100], Train Accuracy: 1.0000, Val Accuracy: 0.9226
2025-01-13 00:15:06,071 - INFO - Fold 3 Validation Accuracy: 0.9226
2025-01-13 00:15:06,298 - INFO - Save model to C:\Users\LeoLi\OneDrive - 学校法人立命館\Ritsumei\4th_Semester\Artificial_Intelligence\final_project\code\FNN/model/2025-01-13/00-14-55/model_2.pth
2025-01-13 00:15:06,298 - INFO - Training for fold 4/5
2025-01-13 00:15:07,420 - INFO - Epoch [1/100], Train Accuracy: 0.7582, Val Accuracy: 0.8973
2025-01-13 00:15:08,373 - INFO - Epoch [2/100], Train Accuracy: 0.9712, Val Accuracy: 0.9140
2025-01-13 00:15:09,279 - INFO - Epoch [3/100], Train Accuracy: 0.9995, Val Accuracy: 0.9308
2025-01-13 00:15:10,183 - INFO - Epoch [4/100], Train Accuracy: 1.0000, Val Accuracy: 0.9245
2025-01-13 00:15:10,212 - INFO - Fold 4 Validation Accuracy: 0.9245
2025-01-13 00:15:10,386 - INFO - Save model to C:\Users\LeoLi\OneDrive - 学校法人立命館\Ritsumei\4th_Semester\Artificial_Intelligence\final_project\code\FNN/model/2025-01-13/00-14-55/model_3.pth
2025-01-13 00:15:10,386 - INFO - Training for fold 5/5
2025-01-13 00:15:11,439 - INFO - Epoch [1/100], Train Accuracy: 0.8038, Val Accuracy: 0.9266
2025-01-13 00:15:12,358 - INFO - Epoch [2/100], Train Accuracy: 0.9681, Val Accuracy: 0.9350
2025-01-13 00:15:13,337 - INFO - Epoch [3/100], Train Accuracy: 1.0000, Val Accuracy: 0.9203
2025-01-13 00:15:13,368 - INFO - Fold 5 Validation Accuracy: 0.9203
2025-01-13 00:15:13,576 - INFO - Save model to C:\Users\LeoLi\OneDrive - 学校法人立命館\Ritsumei\4th_Semester\Artificial_Intelligence\final_project\code\FNN/model/2025-01-13/00-14-55/model_4.pth
2025-01-13 00:15:13,576 - INFO - Average Validation Accuracy (Over 5 folds): 0.9192 

2025-01-13 00:15:14,060 - INFO - Training with Vectorized Data 20282 features. Dropout Rate 0.70. Dataset Size 2388. 4096 neurons.
2025-01-13 00:15:14,061 - INFO - Training for fold 1/5
2025-01-13 00:15:16,176 - INFO - Epoch [1/100], Train Accuracy: 0.7827, Val Accuracy: 0.9079
2025-01-13 00:15:17,876 - INFO - Epoch [2/100], Train Accuracy: 0.9812, Val Accuracy: 0.9121
2025-01-13 00:15:19,590 - INFO - Epoch [3/100], Train Accuracy: 1.0000, Val Accuracy: 0.9100
2025-01-13 00:15:19,626 - INFO - Fold 1 Validation Accuracy: 0.9100
2025-01-13 00:15:19,979 - INFO - Save model to C:\Users\LeoLi\OneDrive - 学校法人立命館\Ritsumei\4th_Semester\Artificial_Intelligence\final_project\code\FNN/model/2025-01-13/00-15-13/model_0.pth
2025-01-13 00:15:19,979 - INFO - Training for fold 2/5
2025-01-13 00:15:22,079 - INFO - Epoch [1/100], Train Accuracy: 0.7838, Val Accuracy: 0.9289
2025-01-13 00:15:23,800 - INFO - Epoch [2/100], Train Accuracy: 0.9780, Val Accuracy: 0.9331
2025-01-13 00:15:25,531 - INFO - Epoch [3/100], Train Accuracy: 1.0000, Val Accuracy: 0.9268
2025-01-13 00:15:25,570 - INFO - Fold 2 Validation Accuracy: 0.9268
2025-01-13 00:15:25,960 - INFO - Save model to C:\Users\LeoLi\OneDrive - 学校法人立命館\Ritsumei\4th_Semester\Artificial_Intelligence\final_project\code\FNN/model/2025-01-13/00-15-13/model_1.pth
2025-01-13 00:15:25,960 - INFO - Training for fold 3/5
2025-01-13 00:15:28,002 - INFO - Epoch [1/100], Train Accuracy: 0.7963, Val Accuracy: 0.9038
2025-01-13 00:15:29,728 - INFO - Epoch [2/100], Train Accuracy: 0.9775, Val Accuracy: 0.9079
2025-01-13 00:15:31,495 - INFO - Epoch [3/100], Train Accuracy: 1.0000, Val Accuracy: 0.9163
2025-01-13 00:15:31,530 - INFO - Fold 3 Validation Accuracy: 0.9163
2025-01-13 00:15:31,906 - INFO - Save model to C:\Users\LeoLi\OneDrive - 学校法人立命館\Ritsumei\4th_Semester\Artificial_Intelligence\final_project\code\FNN/model/2025-01-13/00-15-13/model_2.pth
2025-01-13 00:15:31,906 - INFO - Training for fold 4/5
2025-01-13 00:15:34,084 - INFO - Epoch [1/100], Train Accuracy: 0.7860, Val Accuracy: 0.9182
2025-01-13 00:15:35,801 - INFO - Epoch [2/100], Train Accuracy: 0.9780, Val Accuracy: 0.9224
2025-01-13 00:15:37,515 - INFO - Epoch [3/100], Train Accuracy: 1.0000, Val Accuracy: 0.9099
2025-01-13 00:15:37,553 - INFO - Fold 4 Validation Accuracy: 0.9099
2025-01-13 00:15:37,875 - INFO - Save model to C:\Users\LeoLi\OneDrive - 学校法人立命館\Ritsumei\4th_Semester\Artificial_Intelligence\final_project\code\FNN/model/2025-01-13/00-15-13/model_3.pth
2025-01-13 00:15:37,875 - INFO - Training for fold 5/5
2025-01-13 00:15:39,941 - INFO - Epoch [1/100], Train Accuracy: 0.7373, Val Accuracy: 0.9099
2025-01-13 00:15:41,696 - INFO - Epoch [2/100], Train Accuracy: 0.9812, Val Accuracy: 0.9308
2025-01-13 00:15:43,466 - INFO - Epoch [3/100], Train Accuracy: 1.0000, Val Accuracy: 0.9245
2025-01-13 00:15:43,515 - INFO - Fold 5 Validation Accuracy: 0.9245
2025-01-13 00:15:43,963 - INFO - Save model to C:\Users\LeoLi\OneDrive - 学校法人立命館\Ritsumei\4th_Semester\Artificial_Intelligence\final_project\code\FNN/model/2025-01-13/00-15-13/model_4.pth
2025-01-13 00:15:43,963 - INFO - Average Validation Accuracy (Over 5 folds): 0.9175 

