2025-01-13 00:40:09,678 - INFO - Training with Vectorized Data 20014 features. Dropout Rate 0.70. Dataset Size 2388. 64 neurons.
2025-01-13 00:40:09,678 - INFO - Training for fold 1/5
2025-01-13 00:40:11,383 - INFO - Epoch [1/100], Train Accuracy: 0.3691, Val Accuracy: 0.5126
2025-01-13 00:40:11,533 - INFO - Epoch [2/100], Train Accuracy: 0.8141, Val Accuracy: 0.8661
2025-01-13 00:40:11,679 - INFO - Epoch [3/100], Train Accuracy: 0.9812, Val Accuracy: 0.8975
2025-01-13 00:40:11,835 - INFO - Epoch [4/100], Train Accuracy: 1.0000, Val Accuracy: 0.8996
2025-01-13 00:40:11,856 - INFO - Fold 1 Validation Accuracy: 0.8996
2025-01-13 00:40:11,862 - INFO - Save model to C:\Users\LeoLi\OneDrive - 学校法人立命館\Ritsumei\4th_Semester\Artificial_Intelligence\final_project\code\FNN/model/2025-01-13/00-40-09/model_0.pth
2025-01-13 00:40:11,862 - INFO - Training for fold 2/5
2025-01-13 00:40:12,042 - INFO - Epoch [1/100], Train Accuracy: 0.3937, Val Accuracy: 0.6088
2025-01-13 00:40:12,194 - INFO - Epoch [2/100], Train Accuracy: 0.8021, Val Accuracy: 0.8724
2025-01-13 00:40:12,342 - INFO - Epoch [3/100], Train Accuracy: 0.9838, Val Accuracy: 0.9059
2025-01-13 00:40:12,494 - INFO - Epoch [4/100], Train Accuracy: 0.9990, Val Accuracy: 0.9079
2025-01-13 00:40:12,634 - INFO - Epoch [5/100], Train Accuracy: 1.0000, Val Accuracy: 0.9100
2025-01-13 00:40:12,653 - INFO - Fold 2 Validation Accuracy: 0.9100
2025-01-13 00:40:12,660 - INFO - Save model to C:\Users\LeoLi\OneDrive - 学校法人立命館\Ritsumei\4th_Semester\Artificial_Intelligence\final_project\code\FNN/model/2025-01-13/00-40-09/model_1.pth
2025-01-13 00:40:12,660 - INFO - Training for fold 3/5
2025-01-13 00:40:12,834 - INFO - Epoch [1/100], Train Accuracy: 0.3696, Val Accuracy: 0.5293
2025-01-13 00:40:12,983 - INFO - Epoch [2/100], Train Accuracy: 0.8571, Val Accuracy: 0.8787
2025-01-13 00:40:13,123 - INFO - Epoch [3/100], Train Accuracy: 0.9843, Val Accuracy: 0.9163
2025-01-13 00:40:13,305 - INFO - Epoch [4/100], Train Accuracy: 0.9995, Val Accuracy: 0.9205
2025-01-13 00:40:13,442 - INFO - Epoch [5/100], Train Accuracy: 1.0000, Val Accuracy: 0.9205
2025-01-13 00:40:13,462 - INFO - Fold 3 Validation Accuracy: 0.9205
2025-01-13 00:40:13,468 - INFO - Save model to C:\Users\LeoLi\OneDrive - 学校法人立命館\Ritsumei\4th_Semester\Artificial_Intelligence\final_project\code\FNN/model/2025-01-13/00-40-09/model_2.pth
2025-01-13 00:40:13,469 - INFO - Training for fold 4/5
2025-01-13 00:40:13,656 - INFO - Epoch [1/100], Train Accuracy: 0.3668, Val Accuracy: 0.7338
2025-01-13 00:40:13,787 - INFO - Epoch [2/100], Train Accuracy: 0.8341, Val Accuracy: 0.8008
2025-01-13 00:40:13,935 - INFO - Epoch [3/100], Train Accuracy: 0.9613, Val Accuracy: 0.9203
2025-01-13 00:40:14,085 - INFO - Epoch [4/100], Train Accuracy: 0.9984, Val Accuracy: 0.9245
2025-01-13 00:40:14,252 - INFO - Epoch [5/100], Train Accuracy: 1.0000, Val Accuracy: 0.9266
2025-01-13 00:40:14,268 - INFO - Fold 4 Validation Accuracy: 0.9266
2025-01-13 00:40:14,274 - INFO - Save model to C:\Users\LeoLi\OneDrive - 学校法人立命館\Ritsumei\4th_Semester\Artificial_Intelligence\final_project\code\FNN/model/2025-01-13/00-40-09/model_3.pth
2025-01-13 00:40:14,274 - INFO - Training for fold 5/5
2025-01-13 00:40:14,500 - INFO - Epoch [1/100], Train Accuracy: 0.3564, Val Accuracy: 0.4801
2025-01-13 00:40:14,662 - INFO - Epoch [2/100], Train Accuracy: 0.8315, Val Accuracy: 0.9015
2025-01-13 00:40:14,867 - INFO - Epoch [3/100], Train Accuracy: 0.9838, Val Accuracy: 0.9140
2025-01-13 00:40:15,053 - INFO - Epoch [4/100], Train Accuracy: 0.9984, Val Accuracy: 0.9224
2025-01-13 00:40:15,234 - INFO - Epoch [5/100], Train Accuracy: 1.0000, Val Accuracy: 0.9245
2025-01-13 00:40:15,256 - INFO - Fold 5 Validation Accuracy: 0.9245
2025-01-13 00:40:15,262 - INFO - Save model to C:\Users\LeoLi\OneDrive - 学校法人立命館\Ritsumei\4th_Semester\Artificial_Intelligence\final_project\code\FNN/model/2025-01-13/00-40-09/model_4.pth
2025-01-13 00:40:15,262 - INFO - Average Validation Accuracy (Over 5 folds): 0.9163 

2025-01-13 00:40:15,775 - INFO - Training with Vectorized Data 20014 features. Dropout Rate 0.70. Dataset Size 2388. 128 neurons.
2025-01-13 00:40:15,776 - INFO - Training for fold 1/5
2025-01-13 00:40:15,956 - INFO - Epoch [1/100], Train Accuracy: 0.4649, Val Accuracy: 0.8180
2025-01-13 00:40:16,114 - INFO - Epoch [2/100], Train Accuracy: 0.9209, Val Accuracy: 0.9184
2025-01-13 00:40:16,265 - INFO - Epoch [3/100], Train Accuracy: 0.9942, Val Accuracy: 0.9268
2025-01-13 00:40:16,422 - INFO - Epoch [4/100], Train Accuracy: 1.0000, Val Accuracy: 0.9226
2025-01-13 00:40:16,450 - INFO - Fold 1 Validation Accuracy: 0.9226
2025-01-13 00:40:16,459 - INFO - Save model to C:\Users\LeoLi\OneDrive - 学校法人立命館\Ritsumei\4th_Semester\Artificial_Intelligence\final_project\code\FNN/model/2025-01-13/00-40-15/model_0.pth
2025-01-13 00:40:16,459 - INFO - Training for fold 2/5
2025-01-13 00:40:16,651 - INFO - Epoch [1/100], Train Accuracy: 0.4110, Val Accuracy: 0.7092
2025-01-13 00:40:16,789 - INFO - Epoch [2/100], Train Accuracy: 0.9230, Val Accuracy: 0.8912
2025-01-13 00:40:16,944 - INFO - Epoch [3/100], Train Accuracy: 0.9979, Val Accuracy: 0.8954
2025-01-13 00:40:17,115 - INFO - Epoch [4/100], Train Accuracy: 1.0000, Val Accuracy: 0.9017
2025-01-13 00:40:17,135 - INFO - Fold 2 Validation Accuracy: 0.9017
2025-01-13 00:40:17,145 - INFO - Save model to C:\Users\LeoLi\OneDrive - 学校法人立命館\Ritsumei\4th_Semester\Artificial_Intelligence\final_project\code\FNN/model/2025-01-13/00-40-15/model_1.pth
2025-01-13 00:40:17,145 - INFO - Training for fold 3/5
2025-01-13 00:40:17,338 - INFO - Epoch [1/100], Train Accuracy: 0.4026, Val Accuracy: 0.8954
2025-01-13 00:40:17,492 - INFO - Epoch [2/100], Train Accuracy: 0.9361, Val Accuracy: 0.9163
2025-01-13 00:40:17,684 - INFO - Epoch [3/100], Train Accuracy: 0.9969, Val Accuracy: 0.9163
2025-01-13 00:40:17,826 - INFO - Epoch [4/100], Train Accuracy: 1.0000, Val Accuracy: 0.9184
2025-01-13 00:40:17,844 - INFO - Fold 3 Validation Accuracy: 0.9184
2025-01-13 00:40:17,855 - INFO - Save model to C:\Users\LeoLi\OneDrive - 学校法人立命館\Ritsumei\4th_Semester\Artificial_Intelligence\final_project\code\FNN/model/2025-01-13/00-40-15/model_2.pth
2025-01-13 00:40:17,855 - INFO - Training for fold 4/5
2025-01-13 00:40:18,034 - INFO - Epoch [1/100], Train Accuracy: 0.4244, Val Accuracy: 0.7191
2025-01-13 00:40:18,202 - INFO - Epoch [2/100], Train Accuracy: 0.8812, Val Accuracy: 0.8994
2025-01-13 00:40:18,363 - INFO - Epoch [3/100], Train Accuracy: 0.9901, Val Accuracy: 0.9119
2025-01-13 00:40:18,621 - INFO - Epoch [4/100], Train Accuracy: 1.0000, Val Accuracy: 0.9161
2025-01-13 00:40:18,646 - INFO - Fold 4 Validation Accuracy: 0.9161
2025-01-13 00:40:18,658 - INFO - Save model to C:\Users\LeoLi\OneDrive - 学校法人立命館\Ritsumei\4th_Semester\Artificial_Intelligence\final_project\code\FNN/model/2025-01-13/00-40-15/model_3.pth
2025-01-13 00:40:18,659 - INFO - Training for fold 5/5
2025-01-13 00:40:18,997 - INFO - Epoch [1/100], Train Accuracy: 0.3904, Val Accuracy: 0.8574
2025-01-13 00:40:19,242 - INFO - Epoch [2/100], Train Accuracy: 0.9074, Val Accuracy: 0.9119
2025-01-13 00:40:19,474 - INFO - Epoch [3/100], Train Accuracy: 0.9932, Val Accuracy: 0.9078
2025-01-13 00:40:19,712 - INFO - Epoch [4/100], Train Accuracy: 1.0000, Val Accuracy: 0.9099
2025-01-13 00:40:19,734 - INFO - Fold 5 Validation Accuracy: 0.9099
2025-01-13 00:40:19,744 - INFO - Save model to C:\Users\LeoLi\OneDrive - 学校法人立命館\Ritsumei\4th_Semester\Artificial_Intelligence\final_project\code\FNN/model/2025-01-13/00-40-15/model_4.pth
2025-01-13 00:40:19,745 - INFO - Average Validation Accuracy (Over 5 folds): 0.9137 

2025-01-13 00:40:20,202 - INFO - Training with Vectorized Data 20014 features. Dropout Rate 0.70. Dataset Size 2388. 256 neurons.
2025-01-13 00:40:20,202 - INFO - Training for fold 1/5
2025-01-13 00:40:20,460 - INFO - Epoch [1/100], Train Accuracy: 0.5047, Val Accuracy: 0.9205
2025-01-13 00:40:20,713 - INFO - Epoch [2/100], Train Accuracy: 0.9424, Val Accuracy: 0.9038
2025-01-13 00:40:20,892 - INFO - Epoch [3/100], Train Accuracy: 0.9984, Val Accuracy: 0.9142
2025-01-13 00:40:20,915 - INFO - Fold 1 Validation Accuracy: 0.9142
2025-01-13 00:40:20,935 - INFO - Save model to C:\Users\LeoLi\OneDrive - 学校法人立命館\Ritsumei\4th_Semester\Artificial_Intelligence\final_project\code\FNN/model/2025-01-13/00-40-19/model_0.pth
2025-01-13 00:40:20,935 - INFO - Training for fold 2/5
2025-01-13 00:40:21,150 - INFO - Epoch [1/100], Train Accuracy: 0.5298, Val Accuracy: 0.8661
2025-01-13 00:40:21,333 - INFO - Epoch [2/100], Train Accuracy: 0.9597, Val Accuracy: 0.9205
2025-01-13 00:40:21,509 - INFO - Epoch [3/100], Train Accuracy: 0.9995, Val Accuracy: 0.9226
2025-01-13 00:40:21,694 - INFO - Epoch [4/100], Train Accuracy: 1.0000, Val Accuracy: 0.9226
2025-01-13 00:40:21,712 - INFO - Fold 2 Validation Accuracy: 0.9226
2025-01-13 00:40:21,734 - INFO - Save model to C:\Users\LeoLi\OneDrive - 学校法人立命館\Ritsumei\4th_Semester\Artificial_Intelligence\final_project\code\FNN/model/2025-01-13/00-40-19/model_1.pth
2025-01-13 00:40:21,734 - INFO - Training for fold 3/5
2025-01-13 00:40:21,942 - INFO - Epoch [1/100], Train Accuracy: 0.5429, Val Accuracy: 0.8682
2025-01-13 00:40:22,116 - INFO - Epoch [2/100], Train Accuracy: 0.9398, Val Accuracy: 0.8954
2025-01-13 00:40:22,305 - INFO - Epoch [3/100], Train Accuracy: 0.9979, Val Accuracy: 0.9017
2025-01-13 00:40:22,488 - INFO - Epoch [4/100], Train Accuracy: 1.0000, Val Accuracy: 0.9038
2025-01-13 00:40:22,524 - INFO - Fold 3 Validation Accuracy: 0.9038
2025-01-13 00:40:22,543 - INFO - Save model to C:\Users\LeoLi\OneDrive - 学校法人立命館\Ritsumei\4th_Semester\Artificial_Intelligence\final_project\code\FNN/model/2025-01-13/00-40-19/model_2.pth
2025-01-13 00:40:22,543 - INFO - Training for fold 4/5
2025-01-13 00:40:22,759 - INFO - Epoch [1/100], Train Accuracy: 0.5437, Val Accuracy: 0.9266
2025-01-13 00:40:22,940 - INFO - Epoch [2/100], Train Accuracy: 0.9482, Val Accuracy: 0.9329
2025-01-13 00:40:23,110 - INFO - Epoch [3/100], Train Accuracy: 0.9984, Val Accuracy: 0.9203
2025-01-13 00:40:23,130 - INFO - Fold 4 Validation Accuracy: 0.9203
2025-01-13 00:40:23,148 - INFO - Save model to C:\Users\LeoLi\OneDrive - 学校法人立命館\Ritsumei\4th_Semester\Artificial_Intelligence\final_project\code\FNN/model/2025-01-13/00-40-19/model_3.pth
2025-01-13 00:40:23,148 - INFO - Training for fold 5/5
2025-01-13 00:40:23,417 - INFO - Epoch [1/100], Train Accuracy: 0.5170, Val Accuracy: 0.8994
2025-01-13 00:40:23,587 - INFO - Epoch [2/100], Train Accuracy: 0.9487, Val Accuracy: 0.9224
2025-01-13 00:40:23,759 - INFO - Epoch [3/100], Train Accuracy: 0.9990, Val Accuracy: 0.9161
2025-01-13 00:40:23,775 - INFO - Fold 5 Validation Accuracy: 0.9161
2025-01-13 00:40:23,793 - INFO - Save model to C:\Users\LeoLi\OneDrive - 学校法人立命館\Ritsumei\4th_Semester\Artificial_Intelligence\final_project\code\FNN/model/2025-01-13/00-40-19/model_4.pth
2025-01-13 00:40:23,793 - INFO - Average Validation Accuracy (Over 5 folds): 0.9154 

2025-01-13 00:40:24,294 - INFO - Training with Vectorized Data 20014 features. Dropout Rate 0.70. Dataset Size 2388. 512 neurons.
2025-01-13 00:40:24,294 - INFO - Training for fold 1/5
2025-01-13 00:40:24,659 - INFO - Epoch [1/100], Train Accuracy: 0.6529, Val Accuracy: 0.8766
2025-01-13 00:40:24,976 - INFO - Epoch [2/100], Train Accuracy: 0.9623, Val Accuracy: 0.8996
2025-01-13 00:40:25,280 - INFO - Epoch [3/100], Train Accuracy: 0.9995, Val Accuracy: 0.9142
2025-01-13 00:40:25,581 - INFO - Epoch [4/100], Train Accuracy: 1.0000, Val Accuracy: 0.9121
2025-01-13 00:40:25,600 - INFO - Fold 1 Validation Accuracy: 0.9121
2025-01-13 00:40:25,638 - INFO - Save model to C:\Users\LeoLi\OneDrive - 学校法人立命館\Ritsumei\4th_Semester\Artificial_Intelligence\final_project\code\FNN/model/2025-01-13/00-40-23/model_0.pth
2025-01-13 00:40:25,638 - INFO - Training for fold 2/5
2025-01-13 00:40:26,037 - INFO - Epoch [1/100], Train Accuracy: 0.6304, Val Accuracy: 0.9038
2025-01-13 00:40:26,334 - INFO - Epoch [2/100], Train Accuracy: 0.9618, Val Accuracy: 0.9331
2025-01-13 00:40:26,633 - INFO - Epoch [3/100], Train Accuracy: 1.0000, Val Accuracy: 0.9163
2025-01-13 00:40:26,651 - INFO - Fold 2 Validation Accuracy: 0.9163
2025-01-13 00:40:26,689 - INFO - Save model to C:\Users\LeoLi\OneDrive - 学校法人立命館\Ritsumei\4th_Semester\Artificial_Intelligence\final_project\code\FNN/model/2025-01-13/00-40-23/model_1.pth
2025-01-13 00:40:26,689 - INFO - Training for fold 3/5
2025-01-13 00:40:27,034 - INFO - Epoch [1/100], Train Accuracy: 0.6319, Val Accuracy: 0.8933
2025-01-13 00:40:27,332 - INFO - Epoch [2/100], Train Accuracy: 0.9644, Val Accuracy: 0.9100
2025-01-13 00:40:27,628 - INFO - Epoch [3/100], Train Accuracy: 1.0000, Val Accuracy: 0.9038
2025-01-13 00:40:27,647 - INFO - Fold 3 Validation Accuracy: 0.9038
2025-01-13 00:40:27,689 - INFO - Save model to C:\Users\LeoLi\OneDrive - 学校法人立命館\Ritsumei\4th_Semester\Artificial_Intelligence\final_project\code\FNN/model/2025-01-13/00-40-23/model_2.pth
2025-01-13 00:40:27,690 - INFO - Training for fold 4/5
2025-01-13 00:40:28,035 - INFO - Epoch [1/100], Train Accuracy: 0.6122, Val Accuracy: 0.9140
2025-01-13 00:40:28,334 - INFO - Epoch [2/100], Train Accuracy: 0.9597, Val Accuracy: 0.9099
2025-01-13 00:40:28,636 - INFO - Epoch [3/100], Train Accuracy: 1.0000, Val Accuracy: 0.9099
2025-01-13 00:40:28,654 - INFO - Fold 4 Validation Accuracy: 0.9099
2025-01-13 00:40:28,691 - INFO - Save model to C:\Users\LeoLi\OneDrive - 学校法人立命館\Ritsumei\4th_Semester\Artificial_Intelligence\final_project\code\FNN/model/2025-01-13/00-40-23/model_3.pth
2025-01-13 00:40:28,692 - INFO - Training for fold 5/5
2025-01-13 00:40:29,043 - INFO - Epoch [1/100], Train Accuracy: 0.5803, Val Accuracy: 0.9245
2025-01-13 00:40:29,343 - INFO - Epoch [2/100], Train Accuracy: 0.9592, Val Accuracy: 0.9329
2025-01-13 00:40:29,638 - INFO - Epoch [3/100], Train Accuracy: 1.0000, Val Accuracy: 0.9266
2025-01-13 00:40:29,655 - INFO - Fold 5 Validation Accuracy: 0.9266
2025-01-13 00:40:29,738 - INFO - Save model to C:\Users\LeoLi\OneDrive - 学校法人立命館\Ritsumei\4th_Semester\Artificial_Intelligence\final_project\code\FNN/model/2025-01-13/00-40-23/model_4.pth
2025-01-13 00:40:29,739 - INFO - Average Validation Accuracy (Over 5 folds): 0.9137 

2025-01-13 00:40:30,168 - INFO - Training with Vectorized Data 20014 features. Dropout Rate 0.70. Dataset Size 2388. 1024 neurons.
2025-01-13 00:40:30,169 - INFO - Training for fold 1/5
2025-01-13 00:40:30,770 - INFO - Epoch [1/100], Train Accuracy: 0.6775, Val Accuracy: 0.8996
2025-01-13 00:40:31,341 - INFO - Epoch [2/100], Train Accuracy: 0.9712, Val Accuracy: 0.9038
2025-01-13 00:40:31,872 - INFO - Epoch [3/100], Train Accuracy: 0.9995, Val Accuracy: 0.9121
2025-01-13 00:40:32,381 - INFO - Epoch [4/100], Train Accuracy: 1.0000, Val Accuracy: 0.9142
2025-01-13 00:40:32,401 - INFO - Fold 1 Validation Accuracy: 0.9142
2025-01-13 00:40:32,518 - INFO - Save model to C:\Users\LeoLi\OneDrive - 学校法人立命館\Ritsumei\4th_Semester\Artificial_Intelligence\final_project\code\FNN/model/2025-01-13/00-40-29/model_0.pth
2025-01-13 00:40:32,519 - INFO - Training for fold 2/5
2025-01-13 00:40:33,206 - INFO - Epoch [1/100], Train Accuracy: 0.6749, Val Accuracy: 0.9247
2025-01-13 00:40:33,751 - INFO - Epoch [2/100], Train Accuracy: 0.9743, Val Accuracy: 0.9414
2025-01-13 00:40:34,278 - INFO - Epoch [3/100], Train Accuracy: 1.0000, Val Accuracy: 0.9456
2025-01-13 00:40:34,300 - INFO - Fold 2 Validation Accuracy: 0.9456
2025-01-13 00:40:34,389 - INFO - Save model to C:\Users\LeoLi\OneDrive - 学校法人立命館\Ritsumei\4th_Semester\Artificial_Intelligence\final_project\code\FNN/model/2025-01-13/00-40-29/model_1.pth
2025-01-13 00:40:34,390 - INFO - Training for fold 3/5
2025-01-13 00:40:35,133 - INFO - Epoch [1/100], Train Accuracy: 0.6785, Val Accuracy: 0.9184
2025-01-13 00:40:35,644 - INFO - Epoch [2/100], Train Accuracy: 0.9717, Val Accuracy: 0.9184
2025-01-13 00:40:36,182 - INFO - Epoch [3/100], Train Accuracy: 1.0000, Val Accuracy: 0.9205
2025-01-13 00:40:36,203 - INFO - Fold 3 Validation Accuracy: 0.9205
2025-01-13 00:40:36,289 - INFO - Save model to C:\Users\LeoLi\OneDrive - 学校法人立命館\Ritsumei\4th_Semester\Artificial_Intelligence\final_project\code\FNN/model/2025-01-13/00-40-29/model_2.pth
2025-01-13 00:40:36,289 - INFO - Training for fold 4/5
2025-01-13 00:40:36,996 - INFO - Epoch [1/100], Train Accuracy: 0.6913, Val Accuracy: 0.9119
2025-01-13 00:40:37,605 - INFO - Epoch [2/100], Train Accuracy: 0.9785, Val Accuracy: 0.8700
2025-01-13 00:40:38,381 - INFO - Epoch [3/100], Train Accuracy: 0.9990, Val Accuracy: 0.8994
2025-01-13 00:40:38,402 - INFO - Fold 4 Validation Accuracy: 0.8994
2025-01-13 00:40:38,590 - INFO - Save model to C:\Users\LeoLi\OneDrive - 学校法人立命館\Ritsumei\4th_Semester\Artificial_Intelligence\final_project\code\FNN/model/2025-01-13/00-40-29/model_3.pth
2025-01-13 00:40:38,590 - INFO - Training for fold 5/5
2025-01-13 00:40:39,278 - INFO - Epoch [1/100], Train Accuracy: 0.6892, Val Accuracy: 0.9140
2025-01-13 00:40:39,820 - INFO - Epoch [2/100], Train Accuracy: 0.9780, Val Accuracy: 0.9119
2025-01-13 00:40:40,364 - INFO - Epoch [3/100], Train Accuracy: 1.0000, Val Accuracy: 0.8973
2025-01-13 00:40:40,391 - INFO - Fold 5 Validation Accuracy: 0.8973
2025-01-13 00:40:40,489 - INFO - Save model to C:\Users\LeoLi\OneDrive - 学校法人立命館\Ritsumei\4th_Semester\Artificial_Intelligence\final_project\code\FNN/model/2025-01-13/00-40-29/model_4.pth
2025-01-13 00:40:40,490 - INFO - Average Validation Accuracy (Over 5 folds): 0.9154 

2025-01-13 00:40:40,930 - INFO - Training with Vectorized Data 20014 features. Dropout Rate 0.70. Dataset Size 2388. 2048 neurons.
2025-01-13 00:40:40,930 - INFO - Training for fold 1/5
2025-01-13 00:40:42,126 - INFO - Epoch [1/100], Train Accuracy: 0.7403, Val Accuracy: 0.9121
2025-01-13 00:40:43,096 - INFO - Epoch [2/100], Train Accuracy: 0.9827, Val Accuracy: 0.9121
2025-01-13 00:40:44,069 - INFO - Epoch [3/100], Train Accuracy: 0.9995, Val Accuracy: 0.9038
2025-01-13 00:40:44,129 - INFO - Fold 1 Validation Accuracy: 0.9038
2025-01-13 00:40:44,311 - INFO - Save model to C:\Users\LeoLi\OneDrive - 学校法人立命館\Ritsumei\4th_Semester\Artificial_Intelligence\final_project\code\FNN/model/2025-01-13/00-40-40/model_0.pth
2025-01-13 00:40:44,311 - INFO - Training for fold 2/5
2025-01-13 00:40:45,561 - INFO - Epoch [1/100], Train Accuracy: 0.7770, Val Accuracy: 0.9289
2025-01-13 00:40:46,561 - INFO - Epoch [2/100], Train Accuracy: 0.9869, Val Accuracy: 0.9079
2025-01-13 00:40:47,533 - INFO - Epoch [3/100], Train Accuracy: 1.0000, Val Accuracy: 0.8975
2025-01-13 00:40:47,558 - INFO - Fold 2 Validation Accuracy: 0.8975
2025-01-13 00:40:47,760 - INFO - Save model to C:\Users\LeoLi\OneDrive - 学校法人立命館\Ritsumei\4th_Semester\Artificial_Intelligence\final_project\code\FNN/model/2025-01-13/00-40-40/model_1.pth
2025-01-13 00:40:47,761 - INFO - Training for fold 3/5
2025-01-13 00:40:49,040 - INFO - Epoch [1/100], Train Accuracy: 0.7309, Val Accuracy: 0.9184
2025-01-13 00:40:50,142 - INFO - Epoch [2/100], Train Accuracy: 0.9791, Val Accuracy: 0.9038
2025-01-13 00:40:51,200 - INFO - Epoch [3/100], Train Accuracy: 1.0000, Val Accuracy: 0.8975
2025-01-13 00:40:51,226 - INFO - Fold 3 Validation Accuracy: 0.8975
2025-01-13 00:40:51,414 - INFO - Save model to C:\Users\LeoLi\OneDrive - 学校法人立命館\Ritsumei\4th_Semester\Artificial_Intelligence\final_project\code\FNN/model/2025-01-13/00-40-40/model_2.pth
2025-01-13 00:40:51,415 - INFO - Training for fold 4/5
2025-01-13 00:40:52,602 - INFO - Epoch [1/100], Train Accuracy: 0.7352, Val Accuracy: 0.9371
2025-01-13 00:40:53,622 - INFO - Epoch [2/100], Train Accuracy: 0.9759, Val Accuracy: 0.9203
2025-01-13 00:40:54,670 - INFO - Epoch [3/100], Train Accuracy: 1.0000, Val Accuracy: 0.9119
2025-01-13 00:40:54,701 - INFO - Fold 4 Validation Accuracy: 0.9119
2025-01-13 00:40:54,927 - INFO - Save model to C:\Users\LeoLi\OneDrive - 学校法人立命館\Ritsumei\4th_Semester\Artificial_Intelligence\final_project\code\FNN/model/2025-01-13/00-40-40/model_3.pth
2025-01-13 00:40:54,927 - INFO - Training for fold 5/5
2025-01-13 00:40:56,095 - INFO - Epoch [1/100], Train Accuracy: 0.7357, Val Accuracy: 0.9308
2025-01-13 00:40:57,086 - INFO - Epoch [2/100], Train Accuracy: 0.9812, Val Accuracy: 0.9161
2025-01-13 00:40:58,068 - INFO - Epoch [3/100], Train Accuracy: 1.0000, Val Accuracy: 0.9203
2025-01-13 00:40:58,096 - INFO - Fold 5 Validation Accuracy: 0.9203
2025-01-13 00:40:58,280 - INFO - Save model to C:\Users\LeoLi\OneDrive - 学校法人立命館\Ritsumei\4th_Semester\Artificial_Intelligence\final_project\code\FNN/model/2025-01-13/00-40-40/model_4.pth
2025-01-13 00:40:58,280 - INFO - Average Validation Accuracy (Over 5 folds): 0.9062 

2025-01-13 00:40:58,672 - INFO - Training with Vectorized Data 20014 features. Dropout Rate 0.70. Dataset Size 2388. 4096 neurons.
2025-01-13 00:40:58,673 - INFO - Training for fold 1/5
2025-01-13 00:41:01,178 - INFO - Epoch [1/100], Train Accuracy: 0.7791, Val Accuracy: 0.9142
2025-01-13 00:41:03,179 - INFO - Epoch [2/100], Train Accuracy: 0.9832, Val Accuracy: 0.8808
2025-01-13 00:41:05,171 - INFO - Epoch [3/100], Train Accuracy: 1.0000, Val Accuracy: 0.9038
2025-01-13 00:41:05,211 - INFO - Fold 1 Validation Accuracy: 0.9038
2025-01-13 00:41:05,611 - INFO - Save model to C:\Users\LeoLi\OneDrive - 学校法人立命館\Ritsumei\4th_Semester\Artificial_Intelligence\final_project\code\FNN/model/2025-01-13/00-40-58/model_0.pth
2025-01-13 00:41:05,612 - INFO - Training for fold 2/5
2025-01-13 00:41:08,075 - INFO - Epoch [1/100], Train Accuracy: 0.8225, Val Accuracy: 0.9079
2025-01-13 00:41:10,162 - INFO - Epoch [2/100], Train Accuracy: 0.9843, Val Accuracy: 0.9079
2025-01-13 00:41:12,201 - INFO - Epoch [3/100], Train Accuracy: 0.9995, Val Accuracy: 0.9184
2025-01-13 00:41:14,215 - INFO - Epoch [4/100], Train Accuracy: 1.0000, Val Accuracy: 0.9038
2025-01-13 00:41:14,257 - INFO - Fold 2 Validation Accuracy: 0.9038
2025-01-13 00:41:14,745 - INFO - Save model to C:\Users\LeoLi\OneDrive - 学校法人立命館\Ritsumei\4th_Semester\Artificial_Intelligence\final_project\code\FNN/model/2025-01-13/00-40-58/model_1.pth
2025-01-13 00:41:14,746 - INFO - Training for fold 3/5
2025-01-13 00:41:17,336 - INFO - Epoch [1/100], Train Accuracy: 0.7780, Val Accuracy: 0.9247
2025-01-13 00:41:19,441 - INFO - Epoch [2/100], Train Accuracy: 0.9864, Val Accuracy: 0.9079
2025-01-13 00:41:21,505 - INFO - Epoch [3/100], Train Accuracy: 1.0000, Val Accuracy: 0.9121
2025-01-13 00:41:21,553 - INFO - Fold 3 Validation Accuracy: 0.9121
2025-01-13 00:41:22,083 - INFO - Save model to C:\Users\LeoLi\OneDrive - 学校法人立命館\Ritsumei\4th_Semester\Artificial_Intelligence\final_project\code\FNN/model/2025-01-13/00-40-58/model_2.pth
2025-01-13 00:41:22,083 - INFO - Training for fold 4/5
2025-01-13 00:41:24,643 - INFO - Epoch [1/100], Train Accuracy: 0.7577, Val Accuracy: 0.9161
2025-01-13 00:41:26,640 - INFO - Epoch [2/100], Train Accuracy: 0.9838, Val Accuracy: 0.9078
2025-01-13 00:41:28,632 - INFO - Epoch [3/100], Train Accuracy: 1.0000, Val Accuracy: 0.8973
2025-01-13 00:41:28,673 - INFO - Fold 4 Validation Accuracy: 0.8973
2025-01-13 00:41:29,077 - INFO - Save model to C:\Users\LeoLi\OneDrive - 学校法人立命館\Ritsumei\4th_Semester\Artificial_Intelligence\final_project\code\FNN/model/2025-01-13/00-40-58/model_3.pth
2025-01-13 00:41:29,077 - INFO - Training for fold 5/5
2025-01-13 00:41:31,520 - INFO - Epoch [1/100], Train Accuracy: 0.7682, Val Accuracy: 0.9203
2025-01-13 00:41:33,582 - INFO - Epoch [2/100], Train Accuracy: 0.9801, Val Accuracy: 0.9036
2025-01-13 00:41:35,659 - INFO - Epoch [3/100], Train Accuracy: 1.0000, Val Accuracy: 0.8994
2025-01-13 00:41:35,708 - INFO - Fold 5 Validation Accuracy: 0.8994
2025-01-13 00:41:36,124 - INFO - Save model to C:\Users\LeoLi\OneDrive - 学校法人立命館\Ritsumei\4th_Semester\Artificial_Intelligence\final_project\code\FNN/model/2025-01-13/00-40-58/model_4.pth
2025-01-13 00:41:36,125 - INFO - Average Validation Accuracy (Over 5 folds): 0.9033 

