2025-01-13 14:27:09,903 - INFO - Training with Vectorized Data 2000 features. Dropout Rate 0.70. Dataset Size 2388. 16 neurons.
2025-01-13 14:27:09,904 - INFO - Training for fold 1/5
2025-01-13 14:27:11,353 - INFO - Epoch [1/100], Train Accuracy: 0.3497, Val Accuracy: 0.4289
2025-01-13 14:27:11,451 - INFO - Epoch [2/100], Train Accuracy: 0.6314, Val Accuracy: 0.8013
2025-01-13 14:27:11,556 - INFO - Epoch [3/100], Train Accuracy: 0.8518, Val Accuracy: 0.8305
2025-01-13 14:27:11,657 - INFO - Epoch [4/100], Train Accuracy: 0.9005, Val Accuracy: 0.8431
2025-01-13 14:27:11,753 - INFO - Epoch [5/100], Train Accuracy: 0.9319, Val Accuracy: 0.8745
2025-01-13 14:27:11,852 - INFO - Epoch [6/100], Train Accuracy: 0.9461, Val Accuracy: 0.8766
2025-01-13 14:27:11,939 - INFO - Epoch [7/100], Train Accuracy: 0.9571, Val Accuracy: 0.8933
2025-01-13 14:27:12,026 - INFO - Epoch [8/100], Train Accuracy: 0.9654, Val Accuracy: 0.8891
2025-01-13 14:27:12,117 - INFO - Epoch [9/100], Train Accuracy: 0.9728, Val Accuracy: 0.9038
2025-01-13 14:27:12,219 - INFO - Epoch [10/100], Train Accuracy: 0.9759, Val Accuracy: 0.9059
2025-01-13 14:27:12,308 - INFO - Epoch [11/100], Train Accuracy: 0.9812, Val Accuracy: 0.9079
2025-01-13 14:27:12,404 - INFO - Epoch [12/100], Train Accuracy: 0.9838, Val Accuracy: 0.9121
2025-01-13 14:27:12,504 - INFO - Epoch [13/100], Train Accuracy: 0.9880, Val Accuracy: 0.9163
2025-01-13 14:27:12,594 - INFO - Epoch [14/100], Train Accuracy: 0.9895, Val Accuracy: 0.9184
2025-01-13 14:27:12,682 - INFO - Epoch [15/100], Train Accuracy: 0.9916, Val Accuracy: 0.9226
2025-01-13 14:27:12,780 - INFO - Epoch [16/100], Train Accuracy: 0.9932, Val Accuracy: 0.9247
2025-01-13 14:27:12,866 - INFO - Epoch [17/100], Train Accuracy: 0.9948, Val Accuracy: 0.9184
2025-01-13 14:27:12,956 - INFO - Epoch [18/100], Train Accuracy: 0.9963, Val Accuracy: 0.9184
2025-01-13 14:27:12,965 - INFO - Fold 1 Validation Accuracy: 0.9184
2025-01-13 14:27:12,965 - INFO - Training for fold 2/5
2025-01-13 14:27:13,120 - INFO - Epoch [1/100], Train Accuracy: 0.3461, Val Accuracy: 0.3201
2025-01-13 14:27:13,208 - INFO - Epoch [2/100], Train Accuracy: 0.5623, Val Accuracy: 0.8201
2025-01-13 14:27:13,311 - INFO - Epoch [3/100], Train Accuracy: 0.8963, Val Accuracy: 0.8828
2025-01-13 14:27:13,405 - INFO - Epoch [4/100], Train Accuracy: 0.9298, Val Accuracy: 0.8849
2025-01-13 14:27:13,492 - INFO - Epoch [5/100], Train Accuracy: 0.9471, Val Accuracy: 0.8870
2025-01-13 14:27:13,588 - INFO - Epoch [6/100], Train Accuracy: 0.9539, Val Accuracy: 0.9017
2025-01-13 14:27:13,677 - INFO - Epoch [7/100], Train Accuracy: 0.9644, Val Accuracy: 0.9079
2025-01-13 14:27:13,771 - INFO - Epoch [8/100], Train Accuracy: 0.9728, Val Accuracy: 0.9079
2025-01-13 14:27:13,865 - INFO - Epoch [9/100], Train Accuracy: 0.9806, Val Accuracy: 0.9100
2025-01-13 14:27:13,986 - INFO - Epoch [10/100], Train Accuracy: 0.9838, Val Accuracy: 0.9142
2025-01-13 14:27:14,080 - INFO - Epoch [11/100], Train Accuracy: 0.9869, Val Accuracy: 0.9184
2025-01-13 14:27:14,166 - INFO - Epoch [12/100], Train Accuracy: 0.9895, Val Accuracy: 0.9163
2025-01-13 14:27:14,254 - INFO - Epoch [13/100], Train Accuracy: 0.9916, Val Accuracy: 0.9163
2025-01-13 14:27:14,351 - INFO - Epoch [14/100], Train Accuracy: 0.9927, Val Accuracy: 0.9100
2025-01-13 14:27:14,440 - INFO - Epoch [15/100], Train Accuracy: 0.9932, Val Accuracy: 0.9142
2025-01-13 14:27:14,536 - INFO - Epoch [16/100], Train Accuracy: 0.9948, Val Accuracy: 0.9100
2025-01-13 14:27:14,622 - INFO - Epoch [17/100], Train Accuracy: 0.9969, Val Accuracy: 0.9121
2025-01-13 14:27:14,635 - INFO - Fold 2 Validation Accuracy: 0.9121
2025-01-13 14:27:14,635 - INFO - Training for fold 3/5
2025-01-13 14:27:14,744 - INFO - Epoch [1/100], Train Accuracy: 0.4241, Val Accuracy: 0.6151
2025-01-13 14:27:14,828 - INFO - Epoch [2/100], Train Accuracy: 0.7408, Val Accuracy: 0.8138
2025-01-13 14:27:14,913 - INFO - Epoch [3/100], Train Accuracy: 0.8869, Val Accuracy: 0.8682
2025-01-13 14:27:15,000 - INFO - Epoch [4/100], Train Accuracy: 0.9178, Val Accuracy: 0.8870
2025-01-13 14:27:15,087 - INFO - Epoch [5/100], Train Accuracy: 0.9340, Val Accuracy: 0.8933
2025-01-13 14:27:15,176 - INFO - Epoch [6/100], Train Accuracy: 0.9482, Val Accuracy: 0.9038
2025-01-13 14:27:15,267 - INFO - Epoch [7/100], Train Accuracy: 0.9581, Val Accuracy: 0.9059
2025-01-13 14:27:15,350 - INFO - Epoch [8/100], Train Accuracy: 0.9686, Val Accuracy: 0.9121
2025-01-13 14:27:15,448 - INFO - Epoch [9/100], Train Accuracy: 0.9717, Val Accuracy: 0.9142
2025-01-13 14:27:15,611 - INFO - Epoch [10/100], Train Accuracy: 0.9791, Val Accuracy: 0.9184
2025-01-13 14:27:15,726 - INFO - Epoch [11/100], Train Accuracy: 0.9848, Val Accuracy: 0.9205
2025-01-13 14:27:15,881 - INFO - Epoch [12/100], Train Accuracy: 0.9859, Val Accuracy: 0.9163
2025-01-13 14:27:16,049 - INFO - Epoch [13/100], Train Accuracy: 0.9911, Val Accuracy: 0.9247
2025-01-13 14:27:16,196 - INFO - Epoch [14/100], Train Accuracy: 0.9948, Val Accuracy: 0.9268
2025-01-13 14:27:16,287 - INFO - Epoch [15/100], Train Accuracy: 0.9953, Val Accuracy: 0.9247
2025-01-13 14:27:16,297 - INFO - Fold 3 Validation Accuracy: 0.9247
2025-01-13 14:27:16,297 - INFO - Training for fold 4/5
2025-01-13 14:27:16,409 - INFO - Epoch [1/100], Train Accuracy: 0.3878, Val Accuracy: 0.4046
2025-01-13 14:27:16,522 - INFO - Epoch [2/100], Train Accuracy: 0.5447, Val Accuracy: 0.5744
2025-01-13 14:27:16,633 - INFO - Epoch [3/100], Train Accuracy: 0.6578, Val Accuracy: 0.7086
2025-01-13 14:27:16,736 - INFO - Epoch [4/100], Train Accuracy: 0.8148, Val Accuracy: 0.8407
2025-01-13 14:27:16,822 - INFO - Epoch [5/100], Train Accuracy: 0.9100, Val Accuracy: 0.8784
2025-01-13 14:27:16,958 - INFO - Epoch [6/100], Train Accuracy: 0.9440, Val Accuracy: 0.9140
2025-01-13 14:27:17,053 - INFO - Epoch [7/100], Train Accuracy: 0.9592, Val Accuracy: 0.9140
2025-01-13 14:27:17,201 - INFO - Epoch [8/100], Train Accuracy: 0.9676, Val Accuracy: 0.9182
2025-01-13 14:27:17,306 - INFO - Epoch [9/100], Train Accuracy: 0.9770, Val Accuracy: 0.9203
2025-01-13 14:27:17,395 - INFO - Epoch [10/100], Train Accuracy: 0.9822, Val Accuracy: 0.9245
2025-01-13 14:27:17,485 - INFO - Epoch [11/100], Train Accuracy: 0.9853, Val Accuracy: 0.9266
2025-01-13 14:27:17,604 - INFO - Epoch [12/100], Train Accuracy: 0.9874, Val Accuracy: 0.9266
2025-01-13 14:27:17,735 - INFO - Epoch [13/100], Train Accuracy: 0.9885, Val Accuracy: 0.9308
2025-01-13 14:27:17,827 - INFO - Epoch [14/100], Train Accuracy: 0.9901, Val Accuracy: 0.9308
2025-01-13 14:27:17,914 - INFO - Epoch [15/100], Train Accuracy: 0.9927, Val Accuracy: 0.9329
2025-01-13 14:27:18,004 - INFO - Epoch [16/100], Train Accuracy: 0.9948, Val Accuracy: 0.9329
2025-01-13 14:27:18,096 - INFO - Epoch [17/100], Train Accuracy: 0.9958, Val Accuracy: 0.9350
2025-01-13 14:27:18,204 - INFO - Epoch [18/100], Train Accuracy: 0.9963, Val Accuracy: 0.9329
2025-01-13 14:27:18,214 - INFO - Fold 4 Validation Accuracy: 0.9329
2025-01-13 14:27:18,214 - INFO - Training for fold 5/5
2025-01-13 14:27:18,372 - INFO - Epoch [1/100], Train Accuracy: 0.3380, Val Accuracy: 0.3711
2025-01-13 14:27:18,471 - INFO - Epoch [2/100], Train Accuracy: 0.6504, Val Accuracy: 0.8595
2025-01-13 14:27:18,603 - INFO - Epoch [3/100], Train Accuracy: 0.9294, Val Accuracy: 0.8553
2025-01-13 14:27:18,707 - INFO - Epoch [4/100], Train Accuracy: 0.9267, Val Accuracy: 0.8595
2025-01-13 14:27:18,801 - INFO - Epoch [5/100], Train Accuracy: 0.9430, Val Accuracy: 0.8700
2025-01-13 14:27:18,893 - INFO - Epoch [6/100], Train Accuracy: 0.9571, Val Accuracy: 0.8784
2025-01-13 14:27:18,979 - INFO - Epoch [7/100], Train Accuracy: 0.9608, Val Accuracy: 0.8889
2025-01-13 14:27:19,071 - INFO - Epoch [8/100], Train Accuracy: 0.9707, Val Accuracy: 0.8910
2025-01-13 14:27:19,173 - INFO - Epoch [9/100], Train Accuracy: 0.9759, Val Accuracy: 0.8910
2025-01-13 14:27:19,260 - INFO - Epoch [10/100], Train Accuracy: 0.9801, Val Accuracy: 0.8889
2025-01-13 14:27:19,413 - INFO - Epoch [11/100], Train Accuracy: 0.9853, Val Accuracy: 0.8973
2025-01-13 14:27:19,516 - INFO - Epoch [12/100], Train Accuracy: 0.9885, Val Accuracy: 0.9015
2025-01-13 14:27:19,613 - INFO - Epoch [13/100], Train Accuracy: 0.9901, Val Accuracy: 0.9036
2025-01-13 14:27:19,737 - INFO - Epoch [14/100], Train Accuracy: 0.9911, Val Accuracy: 0.9057
2025-01-13 14:27:19,825 - INFO - Epoch [15/100], Train Accuracy: 0.9922, Val Accuracy: 0.9078
2025-01-13 14:27:19,932 - INFO - Epoch [16/100], Train Accuracy: 0.9932, Val Accuracy: 0.9078
2025-01-13 14:27:20,028 - INFO - Epoch [17/100], Train Accuracy: 0.9953, Val Accuracy: 0.9057
2025-01-13 14:27:20,038 - INFO - Fold 5 Validation Accuracy: 0.9057
2025-01-13 14:27:20,039 - INFO - Average Validation Accuracy (Over 5 folds): 0.9188 

2025-01-13 14:27:20,166 - INFO - Training with Vectorized Data 2000 features. Dropout Rate 0.70. Dataset Size 2388. 32 neurons.
2025-01-13 14:27:20,167 - INFO - Training for fold 1/5
2025-01-13 14:27:20,311 - INFO - Epoch [1/100], Train Accuracy: 0.3565, Val Accuracy: 0.3285
2025-01-13 14:27:20,400 - INFO - Epoch [2/100], Train Accuracy: 0.6539, Val Accuracy: 0.7469
2025-01-13 14:27:20,492 - INFO - Epoch [3/100], Train Accuracy: 0.9021, Val Accuracy: 0.8619
2025-01-13 14:27:20,580 - INFO - Epoch [4/100], Train Accuracy: 0.9440, Val Accuracy: 0.8849
2025-01-13 14:27:20,677 - INFO - Epoch [5/100], Train Accuracy: 0.9602, Val Accuracy: 0.8933
2025-01-13 14:27:20,782 - INFO - Epoch [6/100], Train Accuracy: 0.9686, Val Accuracy: 0.8996
2025-01-13 14:27:20,872 - INFO - Epoch [7/100], Train Accuracy: 0.9770, Val Accuracy: 0.9121
2025-01-13 14:27:20,964 - INFO - Epoch [8/100], Train Accuracy: 0.9864, Val Accuracy: 0.9121
2025-01-13 14:27:21,058 - INFO - Epoch [9/100], Train Accuracy: 0.9895, Val Accuracy: 0.9121
2025-01-13 14:27:21,152 - INFO - Epoch [10/100], Train Accuracy: 0.9927, Val Accuracy: 0.9142
2025-01-13 14:27:21,264 - INFO - Epoch [11/100], Train Accuracy: 0.9942, Val Accuracy: 0.9184
2025-01-13 14:27:21,354 - INFO - Epoch [12/100], Train Accuracy: 0.9948, Val Accuracy: 0.9184
2025-01-13 14:27:21,448 - INFO - Epoch [13/100], Train Accuracy: 0.9958, Val Accuracy: 0.9163
2025-01-13 14:27:21,458 - INFO - Fold 1 Validation Accuracy: 0.9163
2025-01-13 14:27:21,458 - INFO - Training for fold 2/5
2025-01-13 14:27:21,614 - INFO - Epoch [1/100], Train Accuracy: 0.3654, Val Accuracy: 0.4874
2025-01-13 14:27:21,707 - INFO - Epoch [2/100], Train Accuracy: 0.6497, Val Accuracy: 0.8117
2025-01-13 14:27:21,812 - INFO - Epoch [3/100], Train Accuracy: 0.8812, Val Accuracy: 0.8808
2025-01-13 14:27:21,904 - INFO - Epoch [4/100], Train Accuracy: 0.9377, Val Accuracy: 0.8912
2025-01-13 14:27:21,993 - INFO - Epoch [5/100], Train Accuracy: 0.9539, Val Accuracy: 0.9038
2025-01-13 14:27:22,084 - INFO - Epoch [6/100], Train Accuracy: 0.9654, Val Accuracy: 0.9059
2025-01-13 14:27:22,175 - INFO - Epoch [7/100], Train Accuracy: 0.9775, Val Accuracy: 0.9121
2025-01-13 14:27:22,264 - INFO - Epoch [8/100], Train Accuracy: 0.9822, Val Accuracy: 0.9142
2025-01-13 14:27:22,361 - INFO - Epoch [9/100], Train Accuracy: 0.9853, Val Accuracy: 0.9184
2025-01-13 14:27:22,449 - INFO - Epoch [10/100], Train Accuracy: 0.9895, Val Accuracy: 0.9163
2025-01-13 14:27:22,539 - INFO - Epoch [11/100], Train Accuracy: 0.9911, Val Accuracy: 0.9205
2025-01-13 14:27:22,638 - INFO - Epoch [12/100], Train Accuracy: 0.9953, Val Accuracy: 0.9205
2025-01-13 14:27:22,726 - INFO - Epoch [13/100], Train Accuracy: 0.9963, Val Accuracy: 0.9226
2025-01-13 14:27:22,867 - INFO - Epoch [14/100], Train Accuracy: 0.9974, Val Accuracy: 0.9226
2025-01-13 14:27:22,956 - INFO - Epoch [15/100], Train Accuracy: 0.9979, Val Accuracy: 0.9226
2025-01-13 14:27:23,046 - INFO - Epoch [16/100], Train Accuracy: 0.9984, Val Accuracy: 0.9226
2025-01-13 14:27:23,167 - INFO - Epoch [17/100], Train Accuracy: 0.9990, Val Accuracy: 0.9247
2025-01-13 14:27:23,257 - INFO - Epoch [18/100], Train Accuracy: 0.9990, Val Accuracy: 0.9247
2025-01-13 14:27:23,346 - INFO - Epoch [19/100], Train Accuracy: 0.9990, Val Accuracy: 0.9268
2025-01-13 14:27:23,434 - INFO - Epoch [20/100], Train Accuracy: 0.9995, Val Accuracy: 0.9247
2025-01-13 14:27:23,444 - INFO - Fold 2 Validation Accuracy: 0.9247
2025-01-13 14:27:23,444 - INFO - Training for fold 3/5
2025-01-13 14:27:23,551 - INFO - Epoch [1/100], Train Accuracy: 0.4592, Val Accuracy: 0.6611
2025-01-13 14:27:23,644 - INFO - Epoch [2/100], Train Accuracy: 0.8686, Val Accuracy: 0.8452
2025-01-13 14:27:23,733 - INFO - Epoch [3/100], Train Accuracy: 0.9178, Val Accuracy: 0.8787
2025-01-13 14:27:23,818 - INFO - Epoch [4/100], Train Accuracy: 0.9361, Val Accuracy: 0.8808
2025-01-13 14:27:23,995 - INFO - Epoch [5/100], Train Accuracy: 0.9539, Val Accuracy: 0.8912
2025-01-13 14:27:24,084 - INFO - Epoch [6/100], Train Accuracy: 0.9712, Val Accuracy: 0.8933
2025-01-13 14:27:24,187 - INFO - Epoch [7/100], Train Accuracy: 0.9801, Val Accuracy: 0.8996
2025-01-13 14:27:24,279 - INFO - Epoch [8/100], Train Accuracy: 0.9848, Val Accuracy: 0.8996
2025-01-13 14:27:24,371 - INFO - Epoch [9/100], Train Accuracy: 0.9869, Val Accuracy: 0.9121
2025-01-13 14:27:24,460 - INFO - Epoch [10/100], Train Accuracy: 0.9895, Val Accuracy: 0.9038
2025-01-13 14:27:24,552 - INFO - Epoch [11/100], Train Accuracy: 0.9927, Val Accuracy: 0.9059
2025-01-13 14:27:24,647 - INFO - Epoch [12/100], Train Accuracy: 0.9937, Val Accuracy: 0.9059
2025-01-13 14:27:24,742 - INFO - Epoch [13/100], Train Accuracy: 0.9963, Val Accuracy: 0.9059
2025-01-13 14:27:24,753 - INFO - Fold 3 Validation Accuracy: 0.9059
2025-01-13 14:27:24,753 - INFO - Training for fold 4/5
2025-01-13 14:27:24,854 - INFO - Epoch [1/100], Train Accuracy: 0.4553, Val Accuracy: 0.6038
2025-01-13 14:27:24,942 - INFO - Epoch [2/100], Train Accuracy: 0.7577, Val Accuracy: 0.8574
2025-01-13 14:27:25,099 - INFO - Epoch [3/100], Train Accuracy: 0.9158, Val Accuracy: 0.8658
2025-01-13 14:27:25,255 - INFO - Epoch [4/100], Train Accuracy: 0.9445, Val Accuracy: 0.8721
2025-01-13 14:27:25,371 - INFO - Epoch [5/100], Train Accuracy: 0.9555, Val Accuracy: 0.8784
2025-01-13 14:27:25,471 - INFO - Epoch [6/100], Train Accuracy: 0.9723, Val Accuracy: 0.8910
2025-01-13 14:27:25,581 - INFO - Epoch [7/100], Train Accuracy: 0.9765, Val Accuracy: 0.9078
2025-01-13 14:27:25,680 - INFO - Epoch [8/100], Train Accuracy: 0.9838, Val Accuracy: 0.8994
2025-01-13 14:27:25,835 - INFO - Epoch [9/100], Train Accuracy: 0.9880, Val Accuracy: 0.9057
2025-01-13 14:27:25,933 - INFO - Epoch [10/100], Train Accuracy: 0.9890, Val Accuracy: 0.9078
2025-01-13 14:27:26,107 - INFO - Epoch [11/100], Train Accuracy: 0.9932, Val Accuracy: 0.9078
2025-01-13 14:27:26,203 - INFO - Epoch [12/100], Train Accuracy: 0.9937, Val Accuracy: 0.9099
2025-01-13 14:27:26,301 - INFO - Epoch [13/100], Train Accuracy: 0.9953, Val Accuracy: 0.9099
2025-01-13 14:27:26,461 - INFO - Epoch [14/100], Train Accuracy: 0.9958, Val Accuracy: 0.9140
2025-01-13 14:27:26,557 - INFO - Epoch [15/100], Train Accuracy: 0.9969, Val Accuracy: 0.9119
2025-01-13 14:27:26,568 - INFO - Fold 4 Validation Accuracy: 0.9119
2025-01-13 14:27:26,568 - INFO - Training for fold 5/5
2025-01-13 14:27:26,686 - INFO - Epoch [1/100], Train Accuracy: 0.4490, Val Accuracy: 0.7757
2025-01-13 14:27:26,789 - INFO - Epoch [2/100], Train Accuracy: 0.8524, Val Accuracy: 0.8973
2025-01-13 14:27:26,901 - INFO - Epoch [3/100], Train Accuracy: 0.9262, Val Accuracy: 0.8973
2025-01-13 14:27:27,021 - INFO - Epoch [4/100], Train Accuracy: 0.9356, Val Accuracy: 0.9119
2025-01-13 14:27:27,136 - INFO - Epoch [5/100], Train Accuracy: 0.9487, Val Accuracy: 0.9203
2025-01-13 14:27:27,270 - INFO - Epoch [6/100], Train Accuracy: 0.9628, Val Accuracy: 0.9287
2025-01-13 14:27:27,398 - INFO - Epoch [7/100], Train Accuracy: 0.9775, Val Accuracy: 0.9287
2025-01-13 14:27:27,517 - INFO - Epoch [8/100], Train Accuracy: 0.9817, Val Accuracy: 0.9308
2025-01-13 14:27:27,637 - INFO - Epoch [9/100], Train Accuracy: 0.9848, Val Accuracy: 0.9329
2025-01-13 14:27:27,782 - INFO - Epoch [10/100], Train Accuracy: 0.9901, Val Accuracy: 0.9266
2025-01-13 14:27:27,914 - INFO - Epoch [11/100], Train Accuracy: 0.9937, Val Accuracy: 0.9329
2025-01-13 14:27:28,048 - INFO - Epoch [12/100], Train Accuracy: 0.9953, Val Accuracy: 0.9245
2025-01-13 14:27:28,059 - INFO - Fold 5 Validation Accuracy: 0.9245
2025-01-13 14:27:28,059 - INFO - Average Validation Accuracy (Over 5 folds): 0.9167 

2025-01-13 14:27:28,190 - INFO - Training with Vectorized Data 2000 features. Dropout Rate 0.70. Dataset Size 2388. 64 neurons.
2025-01-13 14:27:28,191 - INFO - Training for fold 1/5
2025-01-13 14:27:28,390 - INFO - Epoch [1/100], Train Accuracy: 0.4613, Val Accuracy: 0.7657
2025-01-13 14:27:28,537 - INFO - Epoch [2/100], Train Accuracy: 0.8738, Val Accuracy: 0.8891
2025-01-13 14:27:28,661 - INFO - Epoch [3/100], Train Accuracy: 0.9293, Val Accuracy: 0.9017
2025-01-13 14:27:28,785 - INFO - Epoch [4/100], Train Accuracy: 0.9497, Val Accuracy: 0.9100
2025-01-13 14:27:28,914 - INFO - Epoch [5/100], Train Accuracy: 0.9691, Val Accuracy: 0.9059
2025-01-13 14:27:29,041 - INFO - Epoch [6/100], Train Accuracy: 0.9796, Val Accuracy: 0.9121
2025-01-13 14:27:29,169 - INFO - Epoch [7/100], Train Accuracy: 0.9853, Val Accuracy: 0.9059
2025-01-13 14:27:29,296 - INFO - Epoch [8/100], Train Accuracy: 0.9911, Val Accuracy: 0.9079
2025-01-13 14:27:29,419 - INFO - Epoch [9/100], Train Accuracy: 0.9932, Val Accuracy: 0.9079
2025-01-13 14:27:29,535 - INFO - Epoch [10/100], Train Accuracy: 0.9963, Val Accuracy: 0.9100
2025-01-13 14:27:29,546 - INFO - Fold 1 Validation Accuracy: 0.9100
2025-01-13 14:27:29,547 - INFO - Training for fold 2/5
2025-01-13 14:27:29,685 - INFO - Epoch [1/100], Train Accuracy: 0.4969, Val Accuracy: 0.8033
2025-01-13 14:27:29,807 - INFO - Epoch [2/100], Train Accuracy: 0.9021, Val Accuracy: 0.8870
2025-01-13 14:27:29,926 - INFO - Epoch [3/100], Train Accuracy: 0.9325, Val Accuracy: 0.9079
2025-01-13 14:27:30,043 - INFO - Epoch [4/100], Train Accuracy: 0.9518, Val Accuracy: 0.9121
2025-01-13 14:27:30,165 - INFO - Epoch [5/100], Train Accuracy: 0.9691, Val Accuracy: 0.9268
2025-01-13 14:27:30,282 - INFO - Epoch [6/100], Train Accuracy: 0.9780, Val Accuracy: 0.9268
2025-01-13 14:27:30,387 - INFO - Epoch [7/100], Train Accuracy: 0.9853, Val Accuracy: 0.9289
2025-01-13 14:27:30,518 - INFO - Epoch [8/100], Train Accuracy: 0.9927, Val Accuracy: 0.9310
2025-01-13 14:27:30,647 - INFO - Epoch [9/100], Train Accuracy: 0.9948, Val Accuracy: 0.9310
2025-01-13 14:27:30,756 - INFO - Epoch [10/100], Train Accuracy: 0.9963, Val Accuracy: 0.9331
2025-01-13 14:27:30,857 - INFO - Epoch [11/100], Train Accuracy: 0.9974, Val Accuracy: 0.9289
2025-01-13 14:27:30,869 - INFO - Fold 2 Validation Accuracy: 0.9289
2025-01-13 14:27:30,869 - INFO - Training for fold 3/5
2025-01-13 14:27:30,992 - INFO - Epoch [1/100], Train Accuracy: 0.5785, Val Accuracy: 0.8808
2025-01-13 14:27:31,111 - INFO - Epoch [2/100], Train Accuracy: 0.9152, Val Accuracy: 0.8891
2025-01-13 14:27:31,269 - INFO - Epoch [3/100], Train Accuracy: 0.9288, Val Accuracy: 0.8870
2025-01-13 14:27:31,381 - INFO - Epoch [4/100], Train Accuracy: 0.9581, Val Accuracy: 0.8933
2025-01-13 14:27:31,526 - INFO - Epoch [5/100], Train Accuracy: 0.9759, Val Accuracy: 0.9163
2025-01-13 14:27:31,652 - INFO - Epoch [6/100], Train Accuracy: 0.9838, Val Accuracy: 0.9079
2025-01-13 14:27:31,748 - INFO - Epoch [7/100], Train Accuracy: 0.9895, Val Accuracy: 0.9100
2025-01-13 14:27:31,844 - INFO - Epoch [8/100], Train Accuracy: 0.9927, Val Accuracy: 0.9100
2025-01-13 14:27:31,942 - INFO - Epoch [9/100], Train Accuracy: 0.9932, Val Accuracy: 0.9121
2025-01-13 14:27:32,056 - INFO - Epoch [10/100], Train Accuracy: 0.9963, Val Accuracy: 0.9163
2025-01-13 14:27:32,171 - INFO - Epoch [11/100], Train Accuracy: 0.9990, Val Accuracy: 0.9121
2025-01-13 14:27:32,182 - INFO - Fold 3 Validation Accuracy: 0.9121
2025-01-13 14:27:32,182 - INFO - Training for fold 4/5
2025-01-13 14:27:32,293 - INFO - Epoch [1/100], Train Accuracy: 0.4668, Val Accuracy: 0.7484
2025-01-13 14:27:32,433 - INFO - Epoch [2/100], Train Accuracy: 0.8844, Val Accuracy: 0.8616
2025-01-13 14:27:32,546 - INFO - Epoch [3/100], Train Accuracy: 0.9299, Val Accuracy: 0.9057
2025-01-13 14:27:32,657 - INFO - Epoch [4/100], Train Accuracy: 0.9545, Val Accuracy: 0.9161
2025-01-13 14:27:32,746 - INFO - Epoch [5/100], Train Accuracy: 0.9712, Val Accuracy: 0.9161
2025-01-13 14:27:32,842 - INFO - Epoch [6/100], Train Accuracy: 0.9827, Val Accuracy: 0.9224
2025-01-13 14:27:32,967 - INFO - Epoch [7/100], Train Accuracy: 0.9885, Val Accuracy: 0.9266
2025-01-13 14:27:33,065 - INFO - Epoch [8/100], Train Accuracy: 0.9911, Val Accuracy: 0.9245
2025-01-13 14:27:33,164 - INFO - Epoch [9/100], Train Accuracy: 0.9927, Val Accuracy: 0.9224
2025-01-13 14:27:33,263 - INFO - Epoch [10/100], Train Accuracy: 0.9969, Val Accuracy: 0.9224
2025-01-13 14:27:33,273 - INFO - Fold 4 Validation Accuracy: 0.9224
2025-01-13 14:27:33,274 - INFO - Training for fold 5/5
2025-01-13 14:27:33,391 - INFO - Epoch [1/100], Train Accuracy: 0.5395, Val Accuracy: 0.7610
2025-01-13 14:27:33,531 - INFO - Epoch [2/100], Train Accuracy: 0.8713, Val Accuracy: 0.8532
2025-01-13 14:27:33,630 - INFO - Epoch [3/100], Train Accuracy: 0.9246, Val Accuracy: 0.8847
2025-01-13 14:27:33,733 - INFO - Epoch [4/100], Train Accuracy: 0.9560, Val Accuracy: 0.8931
2025-01-13 14:27:33,827 - INFO - Epoch [5/100], Train Accuracy: 0.9754, Val Accuracy: 0.8973
2025-01-13 14:27:33,954 - INFO - Epoch [6/100], Train Accuracy: 0.9827, Val Accuracy: 0.8994
2025-01-13 14:27:34,088 - INFO - Epoch [7/100], Train Accuracy: 0.9890, Val Accuracy: 0.9099
2025-01-13 14:27:34,200 - INFO - Epoch [8/100], Train Accuracy: 0.9927, Val Accuracy: 0.8994
2025-01-13 14:27:34,299 - INFO - Epoch [9/100], Train Accuracy: 0.9953, Val Accuracy: 0.8952
2025-01-13 14:27:34,310 - INFO - Fold 5 Validation Accuracy: 0.8952
2025-01-13 14:27:34,310 - INFO - Average Validation Accuracy (Over 5 folds): 0.9137 

2025-01-13 14:27:34,467 - INFO - Training with Vectorized Data 2000 features. Dropout Rate 0.70. Dataset Size 2388. 128 neurons.
2025-01-13 14:27:34,468 - INFO - Training for fold 1/5
2025-01-13 14:27:34,673 - INFO - Epoch [1/100], Train Accuracy: 0.5183, Val Accuracy: 0.8661
2025-01-13 14:27:34,797 - INFO - Epoch [2/100], Train Accuracy: 0.9131, Val Accuracy: 0.8849
2025-01-13 14:27:34,955 - INFO - Epoch [3/100], Train Accuracy: 0.9393, Val Accuracy: 0.9059
2025-01-13 14:27:35,073 - INFO - Epoch [4/100], Train Accuracy: 0.9665, Val Accuracy: 0.9142
2025-01-13 14:27:35,168 - INFO - Epoch [5/100], Train Accuracy: 0.9827, Val Accuracy: 0.9205
2025-01-13 14:27:35,277 - INFO - Epoch [6/100], Train Accuracy: 0.9885, Val Accuracy: 0.9247
2025-01-13 14:27:35,401 - INFO - Epoch [7/100], Train Accuracy: 0.9948, Val Accuracy: 0.9247
2025-01-13 14:27:35,497 - INFO - Epoch [8/100], Train Accuracy: 0.9974, Val Accuracy: 0.9247
2025-01-13 14:27:35,594 - INFO - Epoch [9/100], Train Accuracy: 0.9974, Val Accuracy: 0.9268
2025-01-13 14:27:35,696 - INFO - Epoch [10/100], Train Accuracy: 0.9979, Val Accuracy: 0.9268
2025-01-13 14:27:35,796 - INFO - Epoch [11/100], Train Accuracy: 0.9984, Val Accuracy: 0.9247
2025-01-13 14:27:35,807 - INFO - Fold 1 Validation Accuracy: 0.9247
2025-01-13 14:27:35,808 - INFO - Training for fold 2/5
2025-01-13 14:27:35,925 - INFO - Epoch [1/100], Train Accuracy: 0.5817, Val Accuracy: 0.8473
2025-01-13 14:27:36,018 - INFO - Epoch [2/100], Train Accuracy: 0.9031, Val Accuracy: 0.8619
2025-01-13 14:27:36,125 - INFO - Epoch [3/100], Train Accuracy: 0.9471, Val Accuracy: 0.8954
2025-01-13 14:27:36,222 - INFO - Epoch [4/100], Train Accuracy: 0.9728, Val Accuracy: 0.8975
2025-01-13 14:27:36,315 - INFO - Epoch [5/100], Train Accuracy: 0.9859, Val Accuracy: 0.8912
2025-01-13 14:27:36,465 - INFO - Epoch [6/100], Train Accuracy: 0.9927, Val Accuracy: 0.8975
2025-01-13 14:27:36,570 - INFO - Epoch [7/100], Train Accuracy: 0.9942, Val Accuracy: 0.9038
2025-01-13 14:27:36,701 - INFO - Epoch [8/100], Train Accuracy: 0.9969, Val Accuracy: 0.9038
2025-01-13 14:27:36,803 - INFO - Epoch [9/100], Train Accuracy: 0.9990, Val Accuracy: 0.9038
2025-01-13 14:27:36,918 - INFO - Epoch [10/100], Train Accuracy: 0.9995, Val Accuracy: 0.9038
2025-01-13 14:27:37,010 - INFO - Epoch [11/100], Train Accuracy: 0.9995, Val Accuracy: 0.9038
2025-01-13 14:27:37,122 - INFO - Epoch [12/100], Train Accuracy: 0.9995, Val Accuracy: 0.9038
2025-01-13 14:27:37,310 - INFO - Epoch [13/100], Train Accuracy: 0.9995, Val Accuracy: 0.9017
2025-01-13 14:27:37,322 - INFO - Fold 2 Validation Accuracy: 0.9017
2025-01-13 14:27:37,323 - INFO - Training for fold 3/5
2025-01-13 14:27:37,451 - INFO - Epoch [1/100], Train Accuracy: 0.5230, Val Accuracy: 0.8787
2025-01-13 14:27:37,622 - INFO - Epoch [2/100], Train Accuracy: 0.9141, Val Accuracy: 0.8619
2025-01-13 14:27:37,768 - INFO - Epoch [3/100], Train Accuracy: 0.9414, Val Accuracy: 0.8996
2025-01-13 14:27:37,876 - INFO - Epoch [4/100], Train Accuracy: 0.9665, Val Accuracy: 0.9100
2025-01-13 14:27:37,995 - INFO - Epoch [5/100], Train Accuracy: 0.9801, Val Accuracy: 0.9121
2025-01-13 14:27:38,109 - INFO - Epoch [6/100], Train Accuracy: 0.9895, Val Accuracy: 0.9121
2025-01-13 14:27:38,233 - INFO - Epoch [7/100], Train Accuracy: 0.9942, Val Accuracy: 0.9142
2025-01-13 14:27:38,359 - INFO - Epoch [8/100], Train Accuracy: 0.9963, Val Accuracy: 0.9184
2025-01-13 14:27:38,459 - INFO - Epoch [9/100], Train Accuracy: 0.9974, Val Accuracy: 0.9121
2025-01-13 14:27:38,470 - INFO - Fold 3 Validation Accuracy: 0.9121
2025-01-13 14:27:38,470 - INFO - Training for fold 4/5
2025-01-13 14:27:38,595 - INFO - Epoch [1/100], Train Accuracy: 0.6928, Val Accuracy: 0.9015
2025-01-13 14:27:38,723 - INFO - Epoch [2/100], Train Accuracy: 0.8990, Val Accuracy: 0.8994
2025-01-13 14:27:38,823 - INFO - Epoch [3/100], Train Accuracy: 0.9435, Val Accuracy: 0.8952
2025-01-13 14:27:38,920 - INFO - Epoch [4/100], Train Accuracy: 0.9712, Val Accuracy: 0.9140
2025-01-13 14:27:39,022 - INFO - Epoch [5/100], Train Accuracy: 0.9833, Val Accuracy: 0.9182
2025-01-13 14:27:39,114 - INFO - Epoch [6/100], Train Accuracy: 0.9922, Val Accuracy: 0.9140
2025-01-13 14:27:39,206 - INFO - Epoch [7/100], Train Accuracy: 0.9937, Val Accuracy: 0.9099
2025-01-13 14:27:39,307 - INFO - Epoch [8/100], Train Accuracy: 0.9979, Val Accuracy: 0.9161
2025-01-13 14:27:39,318 - INFO - Fold 4 Validation Accuracy: 0.9161
2025-01-13 14:27:39,319 - INFO - Training for fold 5/5
2025-01-13 14:27:39,448 - INFO - Epoch [1/100], Train Accuracy: 0.5725, Val Accuracy: 0.8994
2025-01-13 14:27:39,573 - INFO - Epoch [2/100], Train Accuracy: 0.9079, Val Accuracy: 0.9119
2025-01-13 14:27:39,685 - INFO - Epoch [3/100], Train Accuracy: 0.9377, Val Accuracy: 0.9245
2025-01-13 14:27:39,803 - INFO - Epoch [4/100], Train Accuracy: 0.9676, Val Accuracy: 0.9413
2025-01-13 14:27:39,950 - INFO - Epoch [5/100], Train Accuracy: 0.9796, Val Accuracy: 0.9413
2025-01-13 14:27:40,061 - INFO - Epoch [6/100], Train Accuracy: 0.9895, Val Accuracy: 0.9455
2025-01-13 14:27:40,161 - INFO - Epoch [7/100], Train Accuracy: 0.9953, Val Accuracy: 0.9455
2025-01-13 14:27:40,265 - INFO - Epoch [8/100], Train Accuracy: 0.9953, Val Accuracy: 0.9413
2025-01-13 14:27:40,292 - INFO - Fold 5 Validation Accuracy: 0.9413
2025-01-13 14:27:40,293 - INFO - Average Validation Accuracy (Over 5 folds): 0.9192 

2025-01-13 14:27:40,479 - INFO - Training with Vectorized Data 2000 features. Dropout Rate 0.70. Dataset Size 2388. 256 neurons.
2025-01-13 14:27:40,480 - INFO - Training for fold 1/5
2025-01-13 14:27:40,599 - INFO - Epoch [1/100], Train Accuracy: 0.6565, Val Accuracy: 0.9038
2025-01-13 14:27:40,697 - INFO - Epoch [2/100], Train Accuracy: 0.9147, Val Accuracy: 0.8912
2025-01-13 14:27:40,790 - INFO - Epoch [3/100], Train Accuracy: 0.9555, Val Accuracy: 0.9079
2025-01-13 14:27:40,884 - INFO - Epoch [4/100], Train Accuracy: 0.9796, Val Accuracy: 0.9100
2025-01-13 14:27:41,047 - INFO - Epoch [5/100], Train Accuracy: 0.9921, Val Accuracy: 0.9247
2025-01-13 14:27:41,146 - INFO - Epoch [6/100], Train Accuracy: 0.9958, Val Accuracy: 0.9163
2025-01-13 14:27:41,157 - INFO - Fold 1 Validation Accuracy: 0.9163
2025-01-13 14:27:41,157 - INFO - Training for fold 2/5
2025-01-13 14:27:41,269 - INFO - Epoch [1/100], Train Accuracy: 0.6613, Val Accuracy: 0.8828
2025-01-13 14:27:41,370 - INFO - Epoch [2/100], Train Accuracy: 0.9162, Val Accuracy: 0.8975
2025-01-13 14:27:41,479 - INFO - Epoch [3/100], Train Accuracy: 0.9571, Val Accuracy: 0.9247
2025-01-13 14:27:41,574 - INFO - Epoch [4/100], Train Accuracy: 0.9812, Val Accuracy: 0.9289
2025-01-13 14:27:41,677 - INFO - Epoch [5/100], Train Accuracy: 0.9906, Val Accuracy: 0.9163
2025-01-13 14:27:41,812 - INFO - Epoch [6/100], Train Accuracy: 0.9942, Val Accuracy: 0.9310
2025-01-13 14:27:41,950 - INFO - Epoch [7/100], Train Accuracy: 0.9974, Val Accuracy: 0.9351
2025-01-13 14:27:42,052 - INFO - Epoch [8/100], Train Accuracy: 0.9984, Val Accuracy: 0.9372
2025-01-13 14:27:42,145 - INFO - Epoch [9/100], Train Accuracy: 0.9990, Val Accuracy: 0.9393
2025-01-13 14:27:42,246 - INFO - Epoch [10/100], Train Accuracy: 0.9990, Val Accuracy: 0.9331
2025-01-13 14:27:42,257 - INFO - Fold 2 Validation Accuracy: 0.9331
2025-01-13 14:27:42,257 - INFO - Training for fold 3/5
2025-01-13 14:27:42,422 - INFO - Epoch [1/100], Train Accuracy: 0.6518, Val Accuracy: 0.8766
2025-01-13 14:27:42,528 - INFO - Epoch [2/100], Train Accuracy: 0.9194, Val Accuracy: 0.8640
2025-01-13 14:27:42,631 - INFO - Epoch [3/100], Train Accuracy: 0.9550, Val Accuracy: 0.8849
2025-01-13 14:27:42,731 - INFO - Epoch [4/100], Train Accuracy: 0.9822, Val Accuracy: 0.8933
2025-01-13 14:27:42,859 - INFO - Epoch [5/100], Train Accuracy: 0.9901, Val Accuracy: 0.8996
2025-01-13 14:27:42,966 - INFO - Epoch [6/100], Train Accuracy: 0.9958, Val Accuracy: 0.9017
2025-01-13 14:27:43,066 - INFO - Epoch [7/100], Train Accuracy: 0.9979, Val Accuracy: 0.9079
2025-01-13 14:27:43,168 - INFO - Epoch [8/100], Train Accuracy: 0.9990, Val Accuracy: 0.9017
2025-01-13 14:27:43,182 - INFO - Fold 3 Validation Accuracy: 0.9017
2025-01-13 14:27:43,183 - INFO - Training for fold 4/5
2025-01-13 14:27:43,303 - INFO - Epoch [1/100], Train Accuracy: 0.6552, Val Accuracy: 0.8973
2025-01-13 14:27:43,521 - INFO - Epoch [2/100], Train Accuracy: 0.9121, Val Accuracy: 0.9161
2025-01-13 14:27:43,736 - INFO - Epoch [3/100], Train Accuracy: 0.9587, Val Accuracy: 0.9266
2025-01-13 14:27:43,840 - INFO - Epoch [4/100], Train Accuracy: 0.9833, Val Accuracy: 0.9308
2025-01-13 14:27:43,936 - INFO - Epoch [5/100], Train Accuracy: 0.9916, Val Accuracy: 0.9371
2025-01-13 14:27:44,073 - INFO - Epoch [6/100], Train Accuracy: 0.9937, Val Accuracy: 0.9287
2025-01-13 14:27:44,201 - INFO - Epoch [7/100], Train Accuracy: 0.9974, Val Accuracy: 0.9350
2025-01-13 14:27:44,212 - INFO - Fold 4 Validation Accuracy: 0.9350
2025-01-13 14:27:44,213 - INFO - Training for fold 5/5
2025-01-13 14:27:44,345 - INFO - Epoch [1/100], Train Accuracy: 0.6347, Val Accuracy: 0.9015
2025-01-13 14:27:44,455 - INFO - Epoch [2/100], Train Accuracy: 0.9152, Val Accuracy: 0.9078
2025-01-13 14:27:44,569 - INFO - Epoch [3/100], Train Accuracy: 0.9540, Val Accuracy: 0.9203
2025-01-13 14:27:44,712 - INFO - Epoch [4/100], Train Accuracy: 0.9770, Val Accuracy: 0.9308
2025-01-13 14:27:44,816 - INFO - Epoch [5/100], Train Accuracy: 0.9895, Val Accuracy: 0.9350
2025-01-13 14:27:44,926 - INFO - Epoch [6/100], Train Accuracy: 0.9942, Val Accuracy: 0.9371
2025-01-13 14:27:45,058 - INFO - Epoch [7/100], Train Accuracy: 0.9974, Val Accuracy: 0.9266
2025-01-13 14:27:45,069 - INFO - Fold 5 Validation Accuracy: 0.9266
2025-01-13 14:27:45,070 - INFO - Average Validation Accuracy (Over 5 folds): 0.9225 

2025-01-13 14:27:45,215 - INFO - Training with Vectorized Data 2000 features. Dropout Rate 0.70. Dataset Size 2388. 512 neurons.
2025-01-13 14:27:45,217 - INFO - Training for fold 1/5
2025-01-13 14:27:45,356 - INFO - Epoch [1/100], Train Accuracy: 0.7152, Val Accuracy: 0.8891
2025-01-13 14:27:45,489 - INFO - Epoch [2/100], Train Accuracy: 0.9288, Val Accuracy: 0.8787
2025-01-13 14:27:45,609 - INFO - Epoch [3/100], Train Accuracy: 0.9675, Val Accuracy: 0.9079
2025-01-13 14:27:45,717 - INFO - Epoch [4/100], Train Accuracy: 0.9848, Val Accuracy: 0.9163
2025-01-13 14:27:45,838 - INFO - Epoch [5/100], Train Accuracy: 0.9942, Val Accuracy: 0.9121
2025-01-13 14:27:45,942 - INFO - Epoch [6/100], Train Accuracy: 0.9974, Val Accuracy: 0.9100
2025-01-13 14:27:45,955 - INFO - Fold 1 Validation Accuracy: 0.9100
2025-01-13 14:27:45,955 - INFO - Training for fold 2/5
2025-01-13 14:27:46,083 - INFO - Epoch [1/100], Train Accuracy: 0.7382, Val Accuracy: 0.9017
2025-01-13 14:27:46,190 - INFO - Epoch [2/100], Train Accuracy: 0.9204, Val Accuracy: 0.9184
2025-01-13 14:27:46,313 - INFO - Epoch [3/100], Train Accuracy: 0.9670, Val Accuracy: 0.9351
2025-01-13 14:27:46,426 - INFO - Epoch [4/100], Train Accuracy: 0.9864, Val Accuracy: 0.9456
2025-01-13 14:27:46,552 - INFO - Epoch [5/100], Train Accuracy: 0.9911, Val Accuracy: 0.9372
2025-01-13 14:27:46,671 - INFO - Epoch [6/100], Train Accuracy: 0.9984, Val Accuracy: 0.9372
2025-01-13 14:27:46,682 - INFO - Fold 2 Validation Accuracy: 0.9372
2025-01-13 14:27:46,682 - INFO - Training for fold 3/5
2025-01-13 14:27:46,808 - INFO - Epoch [1/100], Train Accuracy: 0.6785, Val Accuracy: 0.8975
2025-01-13 14:27:46,919 - INFO - Epoch [2/100], Train Accuracy: 0.9288, Val Accuracy: 0.9163
2025-01-13 14:27:47,047 - INFO - Epoch [3/100], Train Accuracy: 0.9660, Val Accuracy: 0.9163
2025-01-13 14:27:47,165 - INFO - Epoch [4/100], Train Accuracy: 0.9895, Val Accuracy: 0.9226
2025-01-13 14:27:47,251 - INFO - Epoch [5/100], Train Accuracy: 0.9958, Val Accuracy: 0.9184
2025-01-13 14:27:47,261 - INFO - Fold 3 Validation Accuracy: 0.9184
2025-01-13 14:27:47,262 - INFO - Training for fold 4/5
2025-01-13 14:27:47,416 - INFO - Epoch [1/100], Train Accuracy: 0.7703, Val Accuracy: 0.8721
2025-01-13 14:27:47,515 - INFO - Epoch [2/100], Train Accuracy: 0.9299, Val Accuracy: 0.8910
2025-01-13 14:27:47,616 - INFO - Epoch [3/100], Train Accuracy: 0.9717, Val Accuracy: 0.9015
2025-01-13 14:27:47,725 - INFO - Epoch [4/100], Train Accuracy: 0.9911, Val Accuracy: 0.9057
2025-01-13 14:27:47,841 - INFO - Epoch [5/100], Train Accuracy: 0.9948, Val Accuracy: 0.9015
2025-01-13 14:27:47,940 - INFO - Epoch [6/100], Train Accuracy: 0.9979, Val Accuracy: 0.8994
2025-01-13 14:27:47,950 - INFO - Fold 4 Validation Accuracy: 0.8994
2025-01-13 14:27:47,950 - INFO - Training for fold 5/5
2025-01-13 14:27:48,090 - INFO - Epoch [1/100], Train Accuracy: 0.6463, Val Accuracy: 0.8868
2025-01-13 14:27:48,176 - INFO - Epoch [2/100], Train Accuracy: 0.9288, Val Accuracy: 0.9119
2025-01-13 14:27:48,272 - INFO - Epoch [3/100], Train Accuracy: 0.9660, Val Accuracy: 0.9308
2025-01-13 14:27:48,379 - INFO - Epoch [4/100], Train Accuracy: 0.9890, Val Accuracy: 0.9329
2025-01-13 14:27:48,506 - INFO - Epoch [5/100], Train Accuracy: 0.9948, Val Accuracy: 0.9245
2025-01-13 14:27:48,604 - INFO - Epoch [6/100], Train Accuracy: 0.9974, Val Accuracy: 0.9287
2025-01-13 14:27:48,614 - INFO - Fold 5 Validation Accuracy: 0.9287
2025-01-13 14:27:48,615 - INFO - Average Validation Accuracy (Over 5 folds): 0.9188 

2025-01-13 14:27:48,742 - INFO - Training with Vectorized Data 2000 features. Dropout Rate 0.70. Dataset Size 2388. 1024 neurons.
2025-01-13 14:27:48,743 - INFO - Training for fold 1/5
2025-01-13 14:27:49,099 - INFO - Epoch [1/100], Train Accuracy: 0.7670, Val Accuracy: 0.9017
2025-01-13 14:27:49,197 - INFO - Epoch [2/100], Train Accuracy: 0.9325, Val Accuracy: 0.9163
2025-01-13 14:27:49,301 - INFO - Epoch [3/100], Train Accuracy: 0.9832, Val Accuracy: 0.9163
2025-01-13 14:27:49,395 - INFO - Epoch [4/100], Train Accuracy: 0.9932, Val Accuracy: 0.9163
2025-01-13 14:27:49,507 - INFO - Epoch [5/100], Train Accuracy: 0.9974, Val Accuracy: 0.9059
2025-01-13 14:27:49,516 - INFO - Fold 1 Validation Accuracy: 0.9059
2025-01-13 14:27:49,517 - INFO - Training for fold 2/5
2025-01-13 14:27:49,639 - INFO - Epoch [1/100], Train Accuracy: 0.7194, Val Accuracy: 0.9017
2025-01-13 14:27:49,754 - INFO - Epoch [2/100], Train Accuracy: 0.9298, Val Accuracy: 0.9310
2025-01-13 14:27:49,868 - INFO - Epoch [3/100], Train Accuracy: 0.9764, Val Accuracy: 0.9289
2025-01-13 14:27:49,973 - INFO - Epoch [4/100], Train Accuracy: 0.9901, Val Accuracy: 0.9268
2025-01-13 14:27:50,098 - INFO - Epoch [5/100], Train Accuracy: 0.9953, Val Accuracy: 0.9247
2025-01-13 14:27:50,107 - INFO - Fold 2 Validation Accuracy: 0.9247
2025-01-13 14:27:50,108 - INFO - Training for fold 3/5
2025-01-13 14:27:50,232 - INFO - Epoch [1/100], Train Accuracy: 0.7733, Val Accuracy: 0.8933
2025-01-13 14:27:50,340 - INFO - Epoch [2/100], Train Accuracy: 0.9366, Val Accuracy: 0.9121
2025-01-13 14:27:50,441 - INFO - Epoch [3/100], Train Accuracy: 0.9780, Val Accuracy: 0.9289
2025-01-13 14:27:50,551 - INFO - Epoch [4/100], Train Accuracy: 0.9927, Val Accuracy: 0.9310
2025-01-13 14:27:50,656 - INFO - Epoch [5/100], Train Accuracy: 0.9969, Val Accuracy: 0.9226
2025-01-13 14:27:50,667 - INFO - Fold 3 Validation Accuracy: 0.9226
2025-01-13 14:27:50,667 - INFO - Training for fold 4/5
2025-01-13 14:27:50,799 - INFO - Epoch [1/100], Train Accuracy: 0.7457, Val Accuracy: 0.8637
2025-01-13 14:27:50,900 - INFO - Epoch [2/100], Train Accuracy: 0.9341, Val Accuracy: 0.9203
2025-01-13 14:27:51,007 - INFO - Epoch [3/100], Train Accuracy: 0.9770, Val Accuracy: 0.9245
2025-01-13 14:27:51,129 - INFO - Epoch [4/100], Train Accuracy: 0.9942, Val Accuracy: 0.9245
2025-01-13 14:27:51,239 - INFO - Epoch [5/100], Train Accuracy: 0.9969, Val Accuracy: 0.9245
2025-01-13 14:27:51,354 - INFO - Epoch [6/100], Train Accuracy: 0.9990, Val Accuracy: 0.9224
2025-01-13 14:27:51,363 - INFO - Fold 4 Validation Accuracy: 0.9224
2025-01-13 14:27:51,364 - INFO - Training for fold 5/5
2025-01-13 14:27:51,484 - INFO - Epoch [1/100], Train Accuracy: 0.7284, Val Accuracy: 0.8868
2025-01-13 14:27:51,595 - INFO - Epoch [2/100], Train Accuracy: 0.9288, Val Accuracy: 0.8805
2025-01-13 14:27:51,696 - INFO - Epoch [3/100], Train Accuracy: 0.9785, Val Accuracy: 0.9078
2025-01-13 14:27:51,802 - INFO - Epoch [4/100], Train Accuracy: 0.9927, Val Accuracy: 0.9099
2025-01-13 14:27:51,918 - INFO - Epoch [5/100], Train Accuracy: 0.9974, Val Accuracy: 0.9078
2025-01-13 14:27:51,929 - INFO - Fold 5 Validation Accuracy: 0.9078
2025-01-13 14:27:51,930 - INFO - Average Validation Accuracy (Over 5 folds): 0.9167 

