2025-01-13 14:39:06,848 - INFO - Training with Vectorized Data 1000 features. Dropout Rate 0.70. Dataset Size 2388. 256 neurons.
2025-01-13 14:39:06,849 - INFO - Training for fold 1/5
2025-01-13 14:39:08,296 - INFO - Epoch [1/100], Train Accuracy: 0.6550, Val Accuracy: 0.8891
2025-01-13 14:39:08,399 - INFO - Epoch [2/100], Train Accuracy: 0.9115, Val Accuracy: 0.9059
2025-01-13 14:39:08,497 - INFO - Epoch [3/100], Train Accuracy: 0.9455, Val Accuracy: 0.9268
2025-01-13 14:39:08,591 - INFO - Epoch [4/100], Train Accuracy: 0.9670, Val Accuracy: 0.9268
2025-01-13 14:39:08,679 - INFO - Epoch [5/100], Train Accuracy: 0.9806, Val Accuracy: 0.9331
2025-01-13 14:39:08,772 - INFO - Epoch [6/100], Train Accuracy: 0.9885, Val Accuracy: 0.9331
2025-01-13 14:39:08,865 - INFO - Epoch [7/100], Train Accuracy: 0.9916, Val Accuracy: 0.9289
2025-01-13 14:39:08,957 - INFO - Epoch [8/100], Train Accuracy: 0.9927, Val Accuracy: 0.9268
2025-01-13 14:39:09,064 - INFO - Epoch [9/100], Train Accuracy: 0.9948, Val Accuracy: 0.9289
2025-01-13 14:39:09,150 - INFO - Epoch [10/100], Train Accuracy: 0.9953, Val Accuracy: 0.9268
2025-01-13 14:39:09,158 - INFO - Fold 1 Validation Accuracy: 0.9268
2025-01-13 14:39:09,159 - INFO - Training for fold 2/5
2025-01-13 14:39:09,277 - INFO - Epoch [1/100], Train Accuracy: 0.5859, Val Accuracy: 0.8703
2025-01-13 14:39:09,372 - INFO - Epoch [2/100], Train Accuracy: 0.9063, Val Accuracy: 0.9100
2025-01-13 14:39:09,460 - INFO - Epoch [3/100], Train Accuracy: 0.9445, Val Accuracy: 0.9247
2025-01-13 14:39:09,584 - INFO - Epoch [4/100], Train Accuracy: 0.9675, Val Accuracy: 0.9247
2025-01-13 14:39:09,680 - INFO - Epoch [5/100], Train Accuracy: 0.9838, Val Accuracy: 0.9247
2025-01-13 14:39:09,775 - INFO - Epoch [6/100], Train Accuracy: 0.9890, Val Accuracy: 0.9268
2025-01-13 14:39:09,875 - INFO - Epoch [7/100], Train Accuracy: 0.9932, Val Accuracy: 0.9184
2025-01-13 14:39:09,970 - INFO - Epoch [8/100], Train Accuracy: 0.9942, Val Accuracy: 0.9247
2025-01-13 14:39:10,087 - INFO - Epoch [9/100], Train Accuracy: 0.9958, Val Accuracy: 0.9184
2025-01-13 14:39:10,095 - INFO - Fold 2 Validation Accuracy: 0.9184
2025-01-13 14:39:10,096 - INFO - Training for fold 3/5
2025-01-13 14:39:10,204 - INFO - Epoch [1/100], Train Accuracy: 0.5979, Val Accuracy: 0.8870
2025-01-13 14:39:10,312 - INFO - Epoch [2/100], Train Accuracy: 0.9126, Val Accuracy: 0.8870
2025-01-13 14:39:10,412 - INFO - Epoch [3/100], Train Accuracy: 0.9445, Val Accuracy: 0.9079
2025-01-13 14:39:10,502 - INFO - Epoch [4/100], Train Accuracy: 0.9691, Val Accuracy: 0.9142
2025-01-13 14:39:10,598 - INFO - Epoch [5/100], Train Accuracy: 0.9822, Val Accuracy: 0.9079
2025-01-13 14:39:10,694 - INFO - Epoch [6/100], Train Accuracy: 0.9901, Val Accuracy: 0.9100
2025-01-13 14:39:10,788 - INFO - Epoch [7/100], Train Accuracy: 0.9953, Val Accuracy: 0.9038
2025-01-13 14:39:10,798 - INFO - Fold 3 Validation Accuracy: 0.9038
2025-01-13 14:39:10,798 - INFO - Training for fold 4/5
2025-01-13 14:39:10,912 - INFO - Epoch [1/100], Train Accuracy: 0.6400, Val Accuracy: 0.8952
2025-01-13 14:39:11,010 - INFO - Epoch [2/100], Train Accuracy: 0.9016, Val Accuracy: 0.8910
2025-01-13 14:39:11,103 - INFO - Epoch [3/100], Train Accuracy: 0.9445, Val Accuracy: 0.8973
2025-01-13 14:39:11,196 - INFO - Epoch [4/100], Train Accuracy: 0.9702, Val Accuracy: 0.9119
2025-01-13 14:39:11,282 - INFO - Epoch [5/100], Train Accuracy: 0.9838, Val Accuracy: 0.9057
2025-01-13 14:39:11,379 - INFO - Epoch [6/100], Train Accuracy: 0.9911, Val Accuracy: 0.9078
2025-01-13 14:39:11,535 - INFO - Epoch [7/100], Train Accuracy: 0.9932, Val Accuracy: 0.9119
2025-01-13 14:39:11,715 - INFO - Epoch [8/100], Train Accuracy: 0.9948, Val Accuracy: 0.9119
2025-01-13 14:39:11,829 - INFO - Epoch [9/100], Train Accuracy: 0.9958, Val Accuracy: 0.9140
2025-01-13 14:39:11,943 - INFO - Epoch [10/100], Train Accuracy: 0.9963, Val Accuracy: 0.9140
2025-01-13 14:39:12,076 - INFO - Epoch [11/100], Train Accuracy: 0.9963, Val Accuracy: 0.9161
2025-01-13 14:39:12,173 - INFO - Epoch [12/100], Train Accuracy: 0.9974, Val Accuracy: 0.9182
2025-01-13 14:39:12,260 - INFO - Epoch [13/100], Train Accuracy: 0.9979, Val Accuracy: 0.9203
2025-01-13 14:39:12,349 - INFO - Epoch [14/100], Train Accuracy: 0.9979, Val Accuracy: 0.9182
2025-01-13 14:39:12,357 - INFO - Fold 4 Validation Accuracy: 0.9182
2025-01-13 14:39:12,357 - INFO - Training for fold 5/5
2025-01-13 14:39:12,462 - INFO - Epoch [1/100], Train Accuracy: 0.6965, Val Accuracy: 0.8553
2025-01-13 14:39:12,560 - INFO - Epoch [2/100], Train Accuracy: 0.9152, Val Accuracy: 0.8931
2025-01-13 14:39:12,648 - INFO - Epoch [3/100], Train Accuracy: 0.9414, Val Accuracy: 0.9119
2025-01-13 14:39:12,823 - INFO - Epoch [4/100], Train Accuracy: 0.9712, Val Accuracy: 0.9182
2025-01-13 14:39:12,911 - INFO - Epoch [5/100], Train Accuracy: 0.9827, Val Accuracy: 0.9224
2025-01-13 14:39:12,999 - INFO - Epoch [6/100], Train Accuracy: 0.9906, Val Accuracy: 0.9266
2025-01-13 14:39:13,116 - INFO - Epoch [7/100], Train Accuracy: 0.9932, Val Accuracy: 0.9245
2025-01-13 14:39:13,253 - INFO - Epoch [8/100], Train Accuracy: 0.9953, Val Accuracy: 0.9266
2025-01-13 14:39:13,361 - INFO - Epoch [9/100], Train Accuracy: 0.9958, Val Accuracy: 0.9245
2025-01-13 14:39:13,373 - INFO - Fold 5 Validation Accuracy: 0.9245
2025-01-13 14:39:13,373 - INFO - Average Validation Accuracy (Over 5 folds): 0.9183 

2025-01-13 14:39:13,513 - INFO - Training with Vectorized Data 2000 features. Dropout Rate 0.70. Dataset Size 2388. 256 neurons.
2025-01-13 14:39:13,513 - INFO - Training for fold 1/5
2025-01-13 14:39:13,661 - INFO - Epoch [1/100], Train Accuracy: 0.6382, Val Accuracy: 0.8473
2025-01-13 14:39:13,774 - INFO - Epoch [2/100], Train Accuracy: 0.9141, Val Accuracy: 0.8933
2025-01-13 14:39:13,894 - INFO - Epoch [3/100], Train Accuracy: 0.9534, Val Accuracy: 0.9079
2025-01-13 14:39:14,001 - INFO - Epoch [4/100], Train Accuracy: 0.9785, Val Accuracy: 0.9310
2025-01-13 14:39:14,106 - INFO - Epoch [5/100], Train Accuracy: 0.9901, Val Accuracy: 0.9268
2025-01-13 14:39:14,298 - INFO - Epoch [6/100], Train Accuracy: 0.9948, Val Accuracy: 0.9351
2025-01-13 14:39:14,418 - INFO - Epoch [7/100], Train Accuracy: 0.9963, Val Accuracy: 0.9372
2025-01-13 14:39:14,509 - INFO - Epoch [8/100], Train Accuracy: 0.9974, Val Accuracy: 0.9331
2025-01-13 14:39:14,519 - INFO - Fold 1 Validation Accuracy: 0.9331
2025-01-13 14:39:14,519 - INFO - Training for fold 2/5
2025-01-13 14:39:14,755 - INFO - Epoch [1/100], Train Accuracy: 0.5717, Val Accuracy: 0.8933
2025-01-13 14:39:14,849 - INFO - Epoch [2/100], Train Accuracy: 0.9183, Val Accuracy: 0.9017
2025-01-13 14:39:14,940 - INFO - Epoch [3/100], Train Accuracy: 0.9550, Val Accuracy: 0.9163
2025-01-13 14:39:15,036 - INFO - Epoch [4/100], Train Accuracy: 0.9801, Val Accuracy: 0.9184
2025-01-13 14:39:15,130 - INFO - Epoch [5/100], Train Accuracy: 0.9885, Val Accuracy: 0.9247
2025-01-13 14:39:15,222 - INFO - Epoch [6/100], Train Accuracy: 0.9948, Val Accuracy: 0.9247
2025-01-13 14:39:15,335 - INFO - Epoch [7/100], Train Accuracy: 0.9969, Val Accuracy: 0.9142
2025-01-13 14:39:15,344 - INFO - Fold 2 Validation Accuracy: 0.9142
2025-01-13 14:39:15,344 - INFO - Training for fold 3/5
2025-01-13 14:39:15,451 - INFO - Epoch [1/100], Train Accuracy: 0.5775, Val Accuracy: 0.8536
2025-01-13 14:39:15,630 - INFO - Epoch [2/100], Train Accuracy: 0.9157, Val Accuracy: 0.9163
2025-01-13 14:39:15,739 - INFO - Epoch [3/100], Train Accuracy: 0.9503, Val Accuracy: 0.9268
2025-01-13 14:39:15,838 - INFO - Epoch [4/100], Train Accuracy: 0.9749, Val Accuracy: 0.9247
2025-01-13 14:39:15,932 - INFO - Epoch [5/100], Train Accuracy: 0.9885, Val Accuracy: 0.9163
2025-01-13 14:39:16,030 - INFO - Epoch [6/100], Train Accuracy: 0.9937, Val Accuracy: 0.9142
2025-01-13 14:39:16,122 - INFO - Epoch [7/100], Train Accuracy: 0.9963, Val Accuracy: 0.9184
2025-01-13 14:39:16,132 - INFO - Fold 3 Validation Accuracy: 0.9184
2025-01-13 14:39:16,132 - INFO - Training for fold 4/5
2025-01-13 14:39:16,252 - INFO - Epoch [1/100], Train Accuracy: 0.7096, Val Accuracy: 0.8386
2025-01-13 14:39:16,355 - INFO - Epoch [2/100], Train Accuracy: 0.8948, Val Accuracy: 0.9119
2025-01-13 14:39:16,469 - INFO - Epoch [3/100], Train Accuracy: 0.9618, Val Accuracy: 0.9057
2025-01-13 14:39:16,561 - INFO - Epoch [4/100], Train Accuracy: 0.9812, Val Accuracy: 0.9119
2025-01-13 14:39:16,662 - INFO - Epoch [5/100], Train Accuracy: 0.9901, Val Accuracy: 0.9182
2025-01-13 14:39:16,753 - INFO - Epoch [6/100], Train Accuracy: 0.9953, Val Accuracy: 0.9119
2025-01-13 14:39:16,763 - INFO - Fold 4 Validation Accuracy: 0.9119
2025-01-13 14:39:16,763 - INFO - Training for fold 5/5
2025-01-13 14:39:16,868 - INFO - Epoch [1/100], Train Accuracy: 0.6431, Val Accuracy: 0.8868
2025-01-13 14:39:16,960 - INFO - Epoch [2/100], Train Accuracy: 0.9257, Val Accuracy: 0.8784
2025-01-13 14:39:17,057 - INFO - Epoch [3/100], Train Accuracy: 0.9602, Val Accuracy: 0.8973
2025-01-13 14:39:17,146 - INFO - Epoch [4/100], Train Accuracy: 0.9812, Val Accuracy: 0.8994
2025-01-13 14:39:17,251 - INFO - Epoch [5/100], Train Accuracy: 0.9906, Val Accuracy: 0.8994
2025-01-13 14:39:17,349 - INFO - Epoch [6/100], Train Accuracy: 0.9953, Val Accuracy: 0.9036
2025-01-13 14:39:17,443 - INFO - Epoch [7/100], Train Accuracy: 0.9984, Val Accuracy: 0.9015
2025-01-13 14:39:17,453 - INFO - Fold 5 Validation Accuracy: 0.9015
2025-01-13 14:39:17,454 - INFO - Average Validation Accuracy (Over 5 folds): 0.9158 

2025-01-13 14:39:17,612 - INFO - Training with Vectorized Data 3000 features. Dropout Rate 0.70. Dataset Size 2388. 256 neurons.
2025-01-13 14:39:17,612 - INFO - Training for fold 1/5
2025-01-13 14:39:17,740 - INFO - Epoch [1/100], Train Accuracy: 0.7000, Val Accuracy: 0.8766
2025-01-13 14:39:17,894 - INFO - Epoch [2/100], Train Accuracy: 0.9277, Val Accuracy: 0.8891
2025-01-13 14:39:17,994 - INFO - Epoch [3/100], Train Accuracy: 0.9602, Val Accuracy: 0.9079
2025-01-13 14:39:18,098 - INFO - Epoch [4/100], Train Accuracy: 0.9812, Val Accuracy: 0.9142
2025-01-13 14:39:18,255 - INFO - Epoch [5/100], Train Accuracy: 0.9937, Val Accuracy: 0.9163
2025-01-13 14:39:18,352 - INFO - Epoch [6/100], Train Accuracy: 0.9984, Val Accuracy: 0.9142
2025-01-13 14:39:18,362 - INFO - Fold 1 Validation Accuracy: 0.9142
2025-01-13 14:39:18,362 - INFO - Training for fold 2/5
2025-01-13 14:39:18,482 - INFO - Epoch [1/100], Train Accuracy: 0.6770, Val Accuracy: 0.8808
2025-01-13 14:39:18,575 - INFO - Epoch [2/100], Train Accuracy: 0.9204, Val Accuracy: 0.9017
2025-01-13 14:39:18,667 - INFO - Epoch [3/100], Train Accuracy: 0.9654, Val Accuracy: 0.9163
2025-01-13 14:39:18,788 - INFO - Epoch [4/100], Train Accuracy: 0.9880, Val Accuracy: 0.9163
2025-01-13 14:39:18,888 - INFO - Epoch [5/100], Train Accuracy: 0.9948, Val Accuracy: 0.9205
2025-01-13 14:39:19,058 - INFO - Epoch [6/100], Train Accuracy: 0.9984, Val Accuracy: 0.9205
2025-01-13 14:39:19,161 - INFO - Epoch [7/100], Train Accuracy: 0.9990, Val Accuracy: 0.9163
2025-01-13 14:39:19,171 - INFO - Fold 2 Validation Accuracy: 0.9163
2025-01-13 14:39:19,172 - INFO - Training for fold 3/5
2025-01-13 14:39:19,286 - INFO - Epoch [1/100], Train Accuracy: 0.6932, Val Accuracy: 0.9038
2025-01-13 14:39:19,379 - INFO - Epoch [2/100], Train Accuracy: 0.9147, Val Accuracy: 0.9184
2025-01-13 14:39:19,471 - INFO - Epoch [3/100], Train Accuracy: 0.9602, Val Accuracy: 0.9331
2025-01-13 14:39:19,571 - INFO - Epoch [4/100], Train Accuracy: 0.9848, Val Accuracy: 0.9435
2025-01-13 14:39:19,671 - INFO - Epoch [5/100], Train Accuracy: 0.9958, Val Accuracy: 0.9456
2025-01-13 14:39:19,775 - INFO - Epoch [6/100], Train Accuracy: 0.9984, Val Accuracy: 0.9435
2025-01-13 14:39:19,785 - INFO - Fold 3 Validation Accuracy: 0.9435
2025-01-13 14:39:19,786 - INFO - Training for fold 4/5
2025-01-13 14:39:19,937 - INFO - Epoch [1/100], Train Accuracy: 0.7268, Val Accuracy: 0.8532
2025-01-13 14:39:20,052 - INFO - Epoch [2/100], Train Accuracy: 0.9278, Val Accuracy: 0.8763
2025-01-13 14:39:20,140 - INFO - Epoch [3/100], Train Accuracy: 0.9649, Val Accuracy: 0.8973
2025-01-13 14:39:20,231 - INFO - Epoch [4/100], Train Accuracy: 0.9874, Val Accuracy: 0.9078
2025-01-13 14:39:20,322 - INFO - Epoch [5/100], Train Accuracy: 0.9942, Val Accuracy: 0.8973
2025-01-13 14:39:20,411 - INFO - Epoch [6/100], Train Accuracy: 0.9984, Val Accuracy: 0.8952
2025-01-13 14:39:20,422 - INFO - Fold 4 Validation Accuracy: 0.8952
2025-01-13 14:39:20,422 - INFO - Training for fold 5/5
2025-01-13 14:39:20,545 - INFO - Epoch [1/100], Train Accuracy: 0.6729, Val Accuracy: 0.8616
2025-01-13 14:39:20,665 - INFO - Epoch [2/100], Train Accuracy: 0.9048, Val Accuracy: 0.8868
2025-01-13 14:39:20,759 - INFO - Epoch [3/100], Train Accuracy: 0.9550, Val Accuracy: 0.9161
2025-01-13 14:39:20,846 - INFO - Epoch [4/100], Train Accuracy: 0.9812, Val Accuracy: 0.9161
2025-01-13 14:39:20,936 - INFO - Epoch [5/100], Train Accuracy: 0.9953, Val Accuracy: 0.9099
2025-01-13 14:39:20,947 - INFO - Fold 5 Validation Accuracy: 0.9099
2025-01-13 14:39:20,948 - INFO - Average Validation Accuracy (Over 5 folds): 0.9158 

2025-01-13 14:39:21,118 - INFO - Training with Vectorized Data 4000 features. Dropout Rate 0.70. Dataset Size 2388. 256 neurons.
2025-01-13 14:39:21,118 - INFO - Training for fold 1/5
2025-01-13 14:39:21,275 - INFO - Epoch [1/100], Train Accuracy: 0.7058, Val Accuracy: 0.8870
2025-01-13 14:39:21,373 - INFO - Epoch [2/100], Train Accuracy: 0.9241, Val Accuracy: 0.9059
2025-01-13 14:39:21,499 - INFO - Epoch [3/100], Train Accuracy: 0.9654, Val Accuracy: 0.9268
2025-01-13 14:39:21,605 - INFO - Epoch [4/100], Train Accuracy: 0.9880, Val Accuracy: 0.9310
2025-01-13 14:39:21,701 - INFO - Epoch [5/100], Train Accuracy: 0.9948, Val Accuracy: 0.9268
2025-01-13 14:39:21,799 - INFO - Epoch [6/100], Train Accuracy: 0.9984, Val Accuracy: 0.9247
2025-01-13 14:39:21,816 - INFO - Fold 1 Validation Accuracy: 0.9247
2025-01-13 14:39:21,816 - INFO - Training for fold 2/5
2025-01-13 14:39:21,949 - INFO - Epoch [1/100], Train Accuracy: 0.6246, Val Accuracy: 0.8933
2025-01-13 14:39:22,049 - INFO - Epoch [2/100], Train Accuracy: 0.9283, Val Accuracy: 0.9059
2025-01-13 14:39:22,186 - INFO - Epoch [3/100], Train Accuracy: 0.9654, Val Accuracy: 0.8996
2025-01-13 14:39:22,282 - INFO - Epoch [4/100], Train Accuracy: 0.9890, Val Accuracy: 0.9038
2025-01-13 14:39:22,414 - INFO - Epoch [5/100], Train Accuracy: 0.9958, Val Accuracy: 0.9059
2025-01-13 14:39:22,513 - INFO - Epoch [6/100], Train Accuracy: 0.9995, Val Accuracy: 0.8996
2025-01-13 14:39:22,526 - INFO - Fold 2 Validation Accuracy: 0.8996
2025-01-13 14:39:22,526 - INFO - Training for fold 3/5
2025-01-13 14:39:22,640 - INFO - Epoch [1/100], Train Accuracy: 0.5764, Val Accuracy: 0.8368
2025-01-13 14:39:22,738 - INFO - Epoch [2/100], Train Accuracy: 0.9293, Val Accuracy: 0.8808
2025-01-13 14:39:22,831 - INFO - Epoch [3/100], Train Accuracy: 0.9681, Val Accuracy: 0.9100
2025-01-13 14:39:22,933 - INFO - Epoch [4/100], Train Accuracy: 0.9874, Val Accuracy: 0.9079
2025-01-13 14:39:23,044 - INFO - Epoch [5/100], Train Accuracy: 0.9963, Val Accuracy: 0.9142
2025-01-13 14:39:23,143 - INFO - Epoch [6/100], Train Accuracy: 0.9990, Val Accuracy: 0.9100
2025-01-13 14:39:23,154 - INFO - Fold 3 Validation Accuracy: 0.9100
2025-01-13 14:39:23,154 - INFO - Training for fold 4/5
2025-01-13 14:39:23,274 - INFO - Epoch [1/100], Train Accuracy: 0.6358, Val Accuracy: 0.8994
2025-01-13 14:39:23,370 - INFO - Epoch [2/100], Train Accuracy: 0.9246, Val Accuracy: 0.9078
2025-01-13 14:39:23,473 - INFO - Epoch [3/100], Train Accuracy: 0.9639, Val Accuracy: 0.9161
2025-01-13 14:39:23,583 - INFO - Epoch [4/100], Train Accuracy: 0.9864, Val Accuracy: 0.9266
2025-01-13 14:39:23,680 - INFO - Epoch [5/100], Train Accuracy: 0.9969, Val Accuracy: 0.9224
2025-01-13 14:39:23,691 - INFO - Fold 4 Validation Accuracy: 0.9224
2025-01-13 14:39:23,691 - INFO - Training for fold 5/5
2025-01-13 14:39:23,805 - INFO - Epoch [1/100], Train Accuracy: 0.6792, Val Accuracy: 0.9099
2025-01-13 14:39:23,901 - INFO - Epoch [2/100], Train Accuracy: 0.9152, Val Accuracy: 0.9140
2025-01-13 14:39:24,023 - INFO - Epoch [3/100], Train Accuracy: 0.9628, Val Accuracy: 0.9308
2025-01-13 14:39:24,147 - INFO - Epoch [4/100], Train Accuracy: 0.9864, Val Accuracy: 0.9350
2025-01-13 14:39:24,271 - INFO - Epoch [5/100], Train Accuracy: 0.9969, Val Accuracy: 0.9392
2025-01-13 14:39:24,390 - INFO - Epoch [6/100], Train Accuracy: 0.9990, Val Accuracy: 0.9350
2025-01-13 14:39:24,401 - INFO - Fold 5 Validation Accuracy: 0.9350
2025-01-13 14:39:24,401 - INFO - Average Validation Accuracy (Over 5 folds): 0.9184 

2025-01-13 14:39:24,555 - INFO - Training with Vectorized Data 5000 features. Dropout Rate 0.70. Dataset Size 2388. 256 neurons.
2025-01-13 14:39:24,555 - INFO - Training for fold 1/5
2025-01-13 14:39:24,742 - INFO - Epoch [1/100], Train Accuracy: 0.6649, Val Accuracy: 0.8828
2025-01-13 14:39:24,873 - INFO - Epoch [2/100], Train Accuracy: 0.9183, Val Accuracy: 0.9226
2025-01-13 14:39:25,011 - INFO - Epoch [3/100], Train Accuracy: 0.9696, Val Accuracy: 0.9184
2025-01-13 14:39:25,146 - INFO - Epoch [4/100], Train Accuracy: 0.9895, Val Accuracy: 0.9184
2025-01-13 14:39:25,270 - INFO - Epoch [5/100], Train Accuracy: 0.9974, Val Accuracy: 0.9205
2025-01-13 14:39:25,282 - INFO - Fold 1 Validation Accuracy: 0.9205
2025-01-13 14:39:25,282 - INFO - Training for fold 2/5
2025-01-13 14:39:25,440 - INFO - Epoch [1/100], Train Accuracy: 0.6497, Val Accuracy: 0.8556
2025-01-13 14:39:25,564 - INFO - Epoch [2/100], Train Accuracy: 0.9241, Val Accuracy: 0.8975
2025-01-13 14:39:25,680 - INFO - Epoch [3/100], Train Accuracy: 0.9702, Val Accuracy: 0.9289
2025-01-13 14:39:25,798 - INFO - Epoch [4/100], Train Accuracy: 0.9901, Val Accuracy: 0.9331
2025-01-13 14:39:25,915 - INFO - Epoch [5/100], Train Accuracy: 0.9984, Val Accuracy: 0.9310
2025-01-13 14:39:25,925 - INFO - Fold 2 Validation Accuracy: 0.9310
2025-01-13 14:39:25,925 - INFO - Training for fold 3/5
2025-01-13 14:39:26,050 - INFO - Epoch [1/100], Train Accuracy: 0.7026, Val Accuracy: 0.8724
2025-01-13 14:39:26,169 - INFO - Epoch [2/100], Train Accuracy: 0.9288, Val Accuracy: 0.8933
2025-01-13 14:39:26,293 - INFO - Epoch [3/100], Train Accuracy: 0.9728, Val Accuracy: 0.9121
2025-01-13 14:39:26,413 - INFO - Epoch [4/100], Train Accuracy: 0.9911, Val Accuracy: 0.9184
2025-01-13 14:39:26,537 - INFO - Epoch [5/100], Train Accuracy: 0.9984, Val Accuracy: 0.9226
2025-01-13 14:39:26,656 - INFO - Epoch [6/100], Train Accuracy: 0.9990, Val Accuracy: 0.9184
2025-01-13 14:39:26,670 - INFO - Fold 3 Validation Accuracy: 0.9184
2025-01-13 14:39:26,671 - INFO - Training for fold 4/5
2025-01-13 14:39:26,797 - INFO - Epoch [1/100], Train Accuracy: 0.7070, Val Accuracy: 0.8889
2025-01-13 14:39:26,916 - INFO - Epoch [2/100], Train Accuracy: 0.9299, Val Accuracy: 0.8994
2025-01-13 14:39:27,036 - INFO - Epoch [3/100], Train Accuracy: 0.9686, Val Accuracy: 0.9203
2025-01-13 14:39:27,154 - INFO - Epoch [4/100], Train Accuracy: 0.9922, Val Accuracy: 0.9140
2025-01-13 14:39:27,270 - INFO - Epoch [5/100], Train Accuracy: 0.9979, Val Accuracy: 0.9161
2025-01-13 14:39:27,281 - INFO - Fold 4 Validation Accuracy: 0.9161
2025-01-13 14:39:27,281 - INFO - Training for fold 5/5
2025-01-13 14:39:27,415 - INFO - Epoch [1/100], Train Accuracy: 0.6504, Val Accuracy: 0.8784
2025-01-13 14:39:27,530 - INFO - Epoch [2/100], Train Accuracy: 0.9205, Val Accuracy: 0.8994
2025-01-13 14:39:27,652 - INFO - Epoch [3/100], Train Accuracy: 0.9686, Val Accuracy: 0.9245
2025-01-13 14:39:27,760 - INFO - Epoch [4/100], Train Accuracy: 0.9916, Val Accuracy: 0.9224
2025-01-13 14:39:27,882 - INFO - Epoch [5/100], Train Accuracy: 0.9990, Val Accuracy: 0.9287
2025-01-13 14:39:28,000 - INFO - Epoch [6/100], Train Accuracy: 1.0000, Val Accuracy: 0.9203
2025-01-13 14:39:28,011 - INFO - Fold 5 Validation Accuracy: 0.9203
2025-01-13 14:39:28,012 - INFO - Average Validation Accuracy (Over 5 folds): 0.9213 

2025-01-13 14:39:28,160 - INFO - Training with Vectorized Data 6000 features. Dropout Rate 0.70. Dataset Size 2388. 256 neurons.
2025-01-13 14:39:28,161 - INFO - Training for fold 1/5
2025-01-13 14:39:28,304 - INFO - Epoch [1/100], Train Accuracy: 0.7105, Val Accuracy: 0.8975
2025-01-13 14:39:28,419 - INFO - Epoch [2/100], Train Accuracy: 0.9283, Val Accuracy: 0.9059
2025-01-13 14:39:28,540 - INFO - Epoch [3/100], Train Accuracy: 0.9738, Val Accuracy: 0.9205
2025-01-13 14:39:28,652 - INFO - Epoch [4/100], Train Accuracy: 0.9916, Val Accuracy: 0.9184
2025-01-13 14:39:28,774 - INFO - Epoch [5/100], Train Accuracy: 0.9979, Val Accuracy: 0.9163
2025-01-13 14:39:28,785 - INFO - Fold 1 Validation Accuracy: 0.9163
2025-01-13 14:39:28,785 - INFO - Training for fold 2/5
2025-01-13 14:39:28,903 - INFO - Epoch [1/100], Train Accuracy: 0.5204, Val Accuracy: 0.8410
2025-01-13 14:39:28,995 - INFO - Epoch [2/100], Train Accuracy: 0.9283, Val Accuracy: 0.8975
2025-01-13 14:39:29,093 - INFO - Epoch [3/100], Train Accuracy: 0.9707, Val Accuracy: 0.9226
2025-01-13 14:39:29,195 - INFO - Epoch [4/100], Train Accuracy: 0.9906, Val Accuracy: 0.9310
2025-01-13 14:39:29,288 - INFO - Epoch [5/100], Train Accuracy: 0.9974, Val Accuracy: 0.9268
2025-01-13 14:39:29,299 - INFO - Fold 2 Validation Accuracy: 0.9268
2025-01-13 14:39:29,299 - INFO - Training for fold 3/5
2025-01-13 14:39:29,409 - INFO - Epoch [1/100], Train Accuracy: 0.6874, Val Accuracy: 0.8766
2025-01-13 14:39:29,508 - INFO - Epoch [2/100], Train Accuracy: 0.9272, Val Accuracy: 0.8870
2025-01-13 14:39:29,600 - INFO - Epoch [3/100], Train Accuracy: 0.9738, Val Accuracy: 0.9184
2025-01-13 14:39:29,694 - INFO - Epoch [4/100], Train Accuracy: 0.9937, Val Accuracy: 0.9163
2025-01-13 14:39:29,786 - INFO - Epoch [5/100], Train Accuracy: 0.9995, Val Accuracy: 0.9226
2025-01-13 14:39:29,877 - INFO - Epoch [6/100], Train Accuracy: 0.9995, Val Accuracy: 0.9226
2025-01-13 14:39:29,970 - INFO - Epoch [7/100], Train Accuracy: 0.9995, Val Accuracy: 0.9205
2025-01-13 14:39:29,982 - INFO - Fold 3 Validation Accuracy: 0.9205
2025-01-13 14:39:29,982 - INFO - Training for fold 4/5
2025-01-13 14:39:30,096 - INFO - Epoch [1/100], Train Accuracy: 0.5343, Val Accuracy: 0.9140
2025-01-13 14:39:30,198 - INFO - Epoch [2/100], Train Accuracy: 0.9330, Val Accuracy: 0.9161
2025-01-13 14:39:30,296 - INFO - Epoch [3/100], Train Accuracy: 0.9712, Val Accuracy: 0.9245
2025-01-13 14:39:30,397 - INFO - Epoch [4/100], Train Accuracy: 0.9922, Val Accuracy: 0.9266
2025-01-13 14:39:30,490 - INFO - Epoch [5/100], Train Accuracy: 0.9984, Val Accuracy: 0.9203
2025-01-13 14:39:30,500 - INFO - Fold 4 Validation Accuracy: 0.9203
2025-01-13 14:39:30,501 - INFO - Training for fold 5/5
2025-01-13 14:39:30,609 - INFO - Epoch [1/100], Train Accuracy: 0.6520, Val Accuracy: 0.8742
2025-01-13 14:39:30,714 - INFO - Epoch [2/100], Train Accuracy: 0.9304, Val Accuracy: 0.8889
2025-01-13 14:39:30,807 - INFO - Epoch [3/100], Train Accuracy: 0.9723, Val Accuracy: 0.8973
2025-01-13 14:39:30,904 - INFO - Epoch [4/100], Train Accuracy: 0.9922, Val Accuracy: 0.8973
2025-01-13 14:39:31,000 - INFO - Epoch [5/100], Train Accuracy: 0.9979, Val Accuracy: 0.8931
2025-01-13 14:39:31,011 - INFO - Fold 5 Validation Accuracy: 0.8931
2025-01-13 14:39:31,011 - INFO - Average Validation Accuracy (Over 5 folds): 0.9154 

2025-01-13 14:39:31,171 - INFO - Training with Vectorized Data 7000 features. Dropout Rate 0.70. Dataset Size 2388. 256 neurons.
2025-01-13 14:39:31,171 - INFO - Training for fold 1/5
2025-01-13 14:39:31,295 - INFO - Epoch [1/100], Train Accuracy: 0.6843, Val Accuracy: 0.8305
2025-01-13 14:39:31,391 - INFO - Epoch [2/100], Train Accuracy: 0.9246, Val Accuracy: 0.9079
2025-01-13 14:39:31,485 - INFO - Epoch [3/100], Train Accuracy: 0.9738, Val Accuracy: 0.9268
2025-01-13 14:39:31,579 - INFO - Epoch [4/100], Train Accuracy: 0.9937, Val Accuracy: 0.9310
2025-01-13 14:39:31,683 - INFO - Epoch [5/100], Train Accuracy: 0.9984, Val Accuracy: 0.9247
2025-01-13 14:39:31,694 - INFO - Fold 1 Validation Accuracy: 0.9247
2025-01-13 14:39:31,694 - INFO - Training for fold 2/5
2025-01-13 14:39:31,812 - INFO - Epoch [1/100], Train Accuracy: 0.6607, Val Accuracy: 0.9017
2025-01-13 14:39:31,911 - INFO - Epoch [2/100], Train Accuracy: 0.9272, Val Accuracy: 0.9289
2025-01-13 14:39:32,019 - INFO - Epoch [3/100], Train Accuracy: 0.9691, Val Accuracy: 0.9393
2025-01-13 14:39:32,116 - INFO - Epoch [4/100], Train Accuracy: 0.9927, Val Accuracy: 0.9331
2025-01-13 14:39:32,213 - INFO - Epoch [5/100], Train Accuracy: 0.9984, Val Accuracy: 0.9310
2025-01-13 14:39:32,224 - INFO - Fold 2 Validation Accuracy: 0.9310
2025-01-13 14:39:32,224 - INFO - Training for fold 3/5
2025-01-13 14:39:32,340 - INFO - Epoch [1/100], Train Accuracy: 0.6115, Val Accuracy: 0.8305
2025-01-13 14:39:32,444 - INFO - Epoch [2/100], Train Accuracy: 0.9220, Val Accuracy: 0.8870
2025-01-13 14:39:32,543 - INFO - Epoch [3/100], Train Accuracy: 0.9738, Val Accuracy: 0.9205
2025-01-13 14:39:32,644 - INFO - Epoch [4/100], Train Accuracy: 0.9906, Val Accuracy: 0.9310
2025-01-13 14:39:32,740 - INFO - Epoch [5/100], Train Accuracy: 0.9979, Val Accuracy: 0.9268
2025-01-13 14:39:32,751 - INFO - Fold 3 Validation Accuracy: 0.9268
2025-01-13 14:39:32,751 - INFO - Training for fold 4/5
2025-01-13 14:39:32,864 - INFO - Epoch [1/100], Train Accuracy: 0.5793, Val Accuracy: 0.8574
2025-01-13 14:39:32,965 - INFO - Epoch [2/100], Train Accuracy: 0.9236, Val Accuracy: 0.8910
2025-01-13 14:39:33,061 - INFO - Epoch [3/100], Train Accuracy: 0.9744, Val Accuracy: 0.9182
2025-01-13 14:39:33,161 - INFO - Epoch [4/100], Train Accuracy: 0.9906, Val Accuracy: 0.9161
2025-01-13 14:39:33,265 - INFO - Epoch [5/100], Train Accuracy: 0.9984, Val Accuracy: 0.9078
2025-01-13 14:39:33,278 - INFO - Fold 4 Validation Accuracy: 0.9078
2025-01-13 14:39:33,278 - INFO - Training for fold 5/5
2025-01-13 14:39:33,429 - INFO - Epoch [1/100], Train Accuracy: 0.5803, Val Accuracy: 0.8889
2025-01-13 14:39:33,529 - INFO - Epoch [2/100], Train Accuracy: 0.9335, Val Accuracy: 0.8889
2025-01-13 14:39:33,629 - INFO - Epoch [3/100], Train Accuracy: 0.9775, Val Accuracy: 0.8889
2025-01-13 14:39:33,727 - INFO - Epoch [4/100], Train Accuracy: 0.9916, Val Accuracy: 0.9078
2025-01-13 14:39:33,835 - INFO - Epoch [5/100], Train Accuracy: 0.9979, Val Accuracy: 0.9099
2025-01-13 14:39:33,983 - INFO - Epoch [6/100], Train Accuracy: 0.9995, Val Accuracy: 0.9015
2025-01-13 14:39:33,994 - INFO - Fold 5 Validation Accuracy: 0.9015
2025-01-13 14:39:33,995 - INFO - Average Validation Accuracy (Over 5 folds): 0.9183 

2025-01-13 14:39:34,196 - INFO - Training with Vectorized Data 8000 features. Dropout Rate 0.70. Dataset Size 2388. 256 neurons.
2025-01-13 14:39:34,197 - INFO - Training for fold 1/5
2025-01-13 14:39:34,333 - INFO - Epoch [1/100], Train Accuracy: 0.6853, Val Accuracy: 0.8682
2025-01-13 14:39:34,437 - INFO - Epoch [2/100], Train Accuracy: 0.9325, Val Accuracy: 0.8808
2025-01-13 14:39:34,537 - INFO - Epoch [3/100], Train Accuracy: 0.9743, Val Accuracy: 0.9100
2025-01-13 14:39:34,641 - INFO - Epoch [4/100], Train Accuracy: 0.9921, Val Accuracy: 0.9079
2025-01-13 14:39:34,738 - INFO - Epoch [5/100], Train Accuracy: 0.9979, Val Accuracy: 0.9121
2025-01-13 14:39:34,900 - INFO - Epoch [6/100], Train Accuracy: 0.9990, Val Accuracy: 0.9079
2025-01-13 14:39:34,927 - INFO - Fold 1 Validation Accuracy: 0.9079
2025-01-13 14:39:34,928 - INFO - Training for fold 2/5
2025-01-13 14:39:35,053 - INFO - Epoch [1/100], Train Accuracy: 0.5545, Val Accuracy: 0.8640
2025-01-13 14:39:35,154 - INFO - Epoch [2/100], Train Accuracy: 0.9288, Val Accuracy: 0.9100
2025-01-13 14:39:35,259 - INFO - Epoch [3/100], Train Accuracy: 0.9707, Val Accuracy: 0.9184
2025-01-13 14:39:35,354 - INFO - Epoch [4/100], Train Accuracy: 0.9911, Val Accuracy: 0.9247
2025-01-13 14:39:35,450 - INFO - Epoch [5/100], Train Accuracy: 0.9990, Val Accuracy: 0.9184
2025-01-13 14:39:35,463 - INFO - Fold 2 Validation Accuracy: 0.9184
2025-01-13 14:39:35,463 - INFO - Training for fold 3/5
2025-01-13 14:39:35,576 - INFO - Epoch [1/100], Train Accuracy: 0.7356, Val Accuracy: 0.8849
2025-01-13 14:39:35,675 - INFO - Epoch [2/100], Train Accuracy: 0.9293, Val Accuracy: 0.8828
2025-01-13 14:39:35,864 - INFO - Epoch [3/100], Train Accuracy: 0.9791, Val Accuracy: 0.9079
2025-01-13 14:39:35,961 - INFO - Epoch [4/100], Train Accuracy: 0.9937, Val Accuracy: 0.9100
2025-01-13 14:39:36,060 - INFO - Epoch [5/100], Train Accuracy: 0.9990, Val Accuracy: 0.9142
2025-01-13 14:39:36,158 - INFO - Epoch [6/100], Train Accuracy: 0.9995, Val Accuracy: 0.9142
2025-01-13 14:39:36,258 - INFO - Epoch [7/100], Train Accuracy: 0.9995, Val Accuracy: 0.9038
2025-01-13 14:39:36,270 - INFO - Fold 3 Validation Accuracy: 0.9038
2025-01-13 14:39:36,270 - INFO - Training for fold 4/5
2025-01-13 14:39:36,393 - INFO - Epoch [1/100], Train Accuracy: 0.5861, Val Accuracy: 0.8889
2025-01-13 14:39:36,490 - INFO - Epoch [2/100], Train Accuracy: 0.9267, Val Accuracy: 0.9140
2025-01-13 14:39:36,604 - INFO - Epoch [3/100], Train Accuracy: 0.9749, Val Accuracy: 0.9287
2025-01-13 14:39:36,710 - INFO - Epoch [4/100], Train Accuracy: 0.9942, Val Accuracy: 0.9371
2025-01-13 14:39:36,814 - INFO - Epoch [5/100], Train Accuracy: 0.9979, Val Accuracy: 0.9329
2025-01-13 14:39:36,826 - INFO - Fold 4 Validation Accuracy: 0.9329
2025-01-13 14:39:36,826 - INFO - Training for fold 5/5
2025-01-13 14:39:36,941 - INFO - Epoch [1/100], Train Accuracy: 0.5557, Val Accuracy: 0.8344
2025-01-13 14:39:37,051 - INFO - Epoch [2/100], Train Accuracy: 0.9121, Val Accuracy: 0.9182
2025-01-13 14:39:37,205 - INFO - Epoch [3/100], Train Accuracy: 0.9791, Val Accuracy: 0.9329
2025-01-13 14:39:37,393 - INFO - Epoch [4/100], Train Accuracy: 0.9942, Val Accuracy: 0.9308
2025-01-13 14:39:37,499 - INFO - Epoch [5/100], Train Accuracy: 0.9990, Val Accuracy: 0.9245
2025-01-13 14:39:37,510 - INFO - Fold 5 Validation Accuracy: 0.9245
2025-01-13 14:39:37,511 - INFO - Average Validation Accuracy (Over 5 folds): 0.9175 

2025-01-13 14:39:37,692 - INFO - Training with Vectorized Data 9000 features. Dropout Rate 0.70. Dataset Size 2388. 256 neurons.
2025-01-13 14:39:37,692 - INFO - Training for fold 1/5
2025-01-13 14:39:37,809 - INFO - Epoch [1/100], Train Accuracy: 0.6539, Val Accuracy: 0.8640
2025-01-13 14:39:37,916 - INFO - Epoch [2/100], Train Accuracy: 0.9408, Val Accuracy: 0.8933
2025-01-13 14:39:38,036 - INFO - Epoch [3/100], Train Accuracy: 0.9780, Val Accuracy: 0.8975
2025-01-13 14:39:38,139 - INFO - Epoch [4/100], Train Accuracy: 0.9937, Val Accuracy: 0.8975
2025-01-13 14:39:38,314 - INFO - Epoch [5/100], Train Accuracy: 0.9979, Val Accuracy: 0.8954
2025-01-13 14:39:38,325 - INFO - Fold 1 Validation Accuracy: 0.8954
2025-01-13 14:39:38,326 - INFO - Training for fold 2/5
2025-01-13 14:39:38,549 - INFO - Epoch [1/100], Train Accuracy: 0.6225, Val Accuracy: 0.8787
2025-01-13 14:39:38,651 - INFO - Epoch [2/100], Train Accuracy: 0.9356, Val Accuracy: 0.8849
2025-01-13 14:39:38,752 - INFO - Epoch [3/100], Train Accuracy: 0.9775, Val Accuracy: 0.8912
2025-01-13 14:39:38,858 - INFO - Epoch [4/100], Train Accuracy: 0.9953, Val Accuracy: 0.8975
2025-01-13 14:39:38,958 - INFO - Epoch [5/100], Train Accuracy: 0.9990, Val Accuracy: 0.8933
2025-01-13 14:39:38,969 - INFO - Fold 2 Validation Accuracy: 0.8933
2025-01-13 14:39:38,970 - INFO - Training for fold 3/5
2025-01-13 14:39:39,124 - INFO - Epoch [1/100], Train Accuracy: 0.6817, Val Accuracy: 0.9079
2025-01-13 14:39:39,226 - INFO - Epoch [2/100], Train Accuracy: 0.9209, Val Accuracy: 0.9163
2025-01-13 14:39:39,348 - INFO - Epoch [3/100], Train Accuracy: 0.9749, Val Accuracy: 0.9310
2025-01-13 14:39:39,447 - INFO - Epoch [4/100], Train Accuracy: 0.9948, Val Accuracy: 0.9247
2025-01-13 14:39:39,620 - INFO - Epoch [5/100], Train Accuracy: 0.9979, Val Accuracy: 0.9247
2025-01-13 14:39:39,634 - INFO - Fold 3 Validation Accuracy: 0.9247
2025-01-13 14:39:39,634 - INFO - Training for fold 4/5
2025-01-13 14:39:39,861 - INFO - Epoch [1/100], Train Accuracy: 0.6709, Val Accuracy: 0.8637
2025-01-13 14:39:39,977 - INFO - Epoch [2/100], Train Accuracy: 0.9341, Val Accuracy: 0.8847
2025-01-13 14:39:40,143 - INFO - Epoch [3/100], Train Accuracy: 0.9765, Val Accuracy: 0.9099
2025-01-13 14:39:40,254 - INFO - Epoch [4/100], Train Accuracy: 0.9937, Val Accuracy: 0.9078
2025-01-13 14:39:40,500 - INFO - Epoch [5/100], Train Accuracy: 0.9995, Val Accuracy: 0.9036
2025-01-13 14:39:40,516 - INFO - Fold 4 Validation Accuracy: 0.9036
2025-01-13 14:39:40,516 - INFO - Training for fold 5/5
2025-01-13 14:39:40,760 - INFO - Epoch [1/100], Train Accuracy: 0.7342, Val Accuracy: 0.9329
2025-01-13 14:39:41,004 - INFO - Epoch [2/100], Train Accuracy: 0.9189, Val Accuracy: 0.9203
2025-01-13 14:39:41,114 - INFO - Epoch [3/100], Train Accuracy: 0.9749, Val Accuracy: 0.9518
2025-01-13 14:39:41,319 - INFO - Epoch [4/100], Train Accuracy: 0.9937, Val Accuracy: 0.9476
2025-01-13 14:39:41,434 - INFO - Epoch [5/100], Train Accuracy: 0.9984, Val Accuracy: 0.9476
2025-01-13 14:39:41,446 - INFO - Fold 5 Validation Accuracy: 0.9476
2025-01-13 14:39:41,446 - INFO - Average Validation Accuracy (Over 5 folds): 0.9129 

2025-01-13 14:39:41,684 - INFO - Training with Vectorized Data 10000 features. Dropout Rate 0.70. Dataset Size 2388. 256 neurons.
2025-01-13 14:39:41,684 - INFO - Training for fold 1/5
2025-01-13 14:39:41,821 - INFO - Epoch [1/100], Train Accuracy: 0.6366, Val Accuracy: 0.8849
2025-01-13 14:39:41,934 - INFO - Epoch [2/100], Train Accuracy: 0.9351, Val Accuracy: 0.9038
2025-01-13 14:39:42,075 - INFO - Epoch [3/100], Train Accuracy: 0.9785, Val Accuracy: 0.9121
2025-01-13 14:39:42,188 - INFO - Epoch [4/100], Train Accuracy: 0.9937, Val Accuracy: 0.9184
2025-01-13 14:39:42,312 - INFO - Epoch [5/100], Train Accuracy: 0.9990, Val Accuracy: 0.9184
2025-01-13 14:39:42,435 - INFO - Epoch [6/100], Train Accuracy: 0.9995, Val Accuracy: 0.9226
2025-01-13 14:39:42,558 - INFO - Epoch [7/100], Train Accuracy: 0.9995, Val Accuracy: 0.9184
2025-01-13 14:39:42,570 - INFO - Fold 1 Validation Accuracy: 0.9184
2025-01-13 14:39:42,570 - INFO - Training for fold 2/5
2025-01-13 14:39:42,709 - INFO - Epoch [1/100], Train Accuracy: 0.7319, Val Accuracy: 0.8870
2025-01-13 14:39:42,832 - INFO - Epoch [2/100], Train Accuracy: 0.9283, Val Accuracy: 0.8996
2025-01-13 14:39:42,957 - INFO - Epoch [3/100], Train Accuracy: 0.9754, Val Accuracy: 0.9163
2025-01-13 14:39:43,087 - INFO - Epoch [4/100], Train Accuracy: 0.9942, Val Accuracy: 0.9205
2025-01-13 14:39:43,199 - INFO - Epoch [5/100], Train Accuracy: 0.9984, Val Accuracy: 0.9184
2025-01-13 14:39:43,212 - INFO - Fold 2 Validation Accuracy: 0.9184
2025-01-13 14:39:43,212 - INFO - Training for fold 3/5
2025-01-13 14:39:43,338 - INFO - Epoch [1/100], Train Accuracy: 0.6293, Val Accuracy: 0.8912
2025-01-13 14:39:43,458 - INFO - Epoch [2/100], Train Accuracy: 0.9304, Val Accuracy: 0.9059
2025-01-13 14:39:43,571 - INFO - Epoch [3/100], Train Accuracy: 0.9785, Val Accuracy: 0.9163
2025-01-13 14:39:43,688 - INFO - Epoch [4/100], Train Accuracy: 0.9932, Val Accuracy: 0.9163
2025-01-13 14:39:43,796 - INFO - Epoch [5/100], Train Accuracy: 0.9990, Val Accuracy: 0.9142
2025-01-13 14:39:43,808 - INFO - Fold 3 Validation Accuracy: 0.9142
2025-01-13 14:39:43,808 - INFO - Training for fold 4/5
2025-01-13 14:39:43,939 - INFO - Epoch [1/100], Train Accuracy: 0.6515, Val Accuracy: 0.8491
2025-01-13 14:39:44,064 - INFO - Epoch [2/100], Train Accuracy: 0.9147, Val Accuracy: 0.8931
2025-01-13 14:39:44,179 - INFO - Epoch [3/100], Train Accuracy: 0.9738, Val Accuracy: 0.9182
2025-01-13 14:39:44,283 - INFO - Epoch [4/100], Train Accuracy: 0.9932, Val Accuracy: 0.9099
2025-01-13 14:39:44,413 - INFO - Epoch [5/100], Train Accuracy: 0.9984, Val Accuracy: 0.9119
2025-01-13 14:39:44,428 - INFO - Fold 4 Validation Accuracy: 0.9119
2025-01-13 14:39:44,428 - INFO - Training for fold 5/5
2025-01-13 14:39:44,557 - INFO - Epoch [1/100], Train Accuracy: 0.6792, Val Accuracy: 0.8595
2025-01-13 14:39:44,673 - INFO - Epoch [2/100], Train Accuracy: 0.9278, Val Accuracy: 0.8973
2025-01-13 14:39:44,826 - INFO - Epoch [3/100], Train Accuracy: 0.9796, Val Accuracy: 0.9057
2025-01-13 14:39:44,933 - INFO - Epoch [4/100], Train Accuracy: 0.9958, Val Accuracy: 0.9140
2025-01-13 14:39:45,049 - INFO - Epoch [5/100], Train Accuracy: 0.9995, Val Accuracy: 0.9140
2025-01-13 14:39:45,163 - INFO - Epoch [6/100], Train Accuracy: 0.9995, Val Accuracy: 0.9099
2025-01-13 14:39:45,177 - INFO - Fold 5 Validation Accuracy: 0.9099
2025-01-13 14:39:45,177 - INFO - Average Validation Accuracy (Over 5 folds): 0.9146 

2025-01-13 14:39:45,366 - INFO - Training with Vectorized Data 11000 features. Dropout Rate 0.70. Dataset Size 2388. 256 neurons.
2025-01-13 14:39:45,366 - INFO - Training for fold 1/5
2025-01-13 14:39:45,498 - INFO - Epoch [1/100], Train Accuracy: 0.6157, Val Accuracy: 0.8891
2025-01-13 14:39:45,615 - INFO - Epoch [2/100], Train Accuracy: 0.9293, Val Accuracy: 0.8954
2025-01-13 14:39:45,734 - INFO - Epoch [3/100], Train Accuracy: 0.9775, Val Accuracy: 0.9142
2025-01-13 14:39:45,851 - INFO - Epoch [4/100], Train Accuracy: 0.9932, Val Accuracy: 0.9079
2025-01-13 14:39:45,955 - INFO - Epoch [5/100], Train Accuracy: 0.9984, Val Accuracy: 0.9121
2025-01-13 14:39:45,968 - INFO - Fold 1 Validation Accuracy: 0.9121
2025-01-13 14:39:45,968 - INFO - Training for fold 2/5
2025-01-13 14:39:46,125 - INFO - Epoch [1/100], Train Accuracy: 0.5806, Val Accuracy: 0.8766
2025-01-13 14:39:46,247 - INFO - Epoch [2/100], Train Accuracy: 0.9194, Val Accuracy: 0.8912
2025-01-13 14:39:46,381 - INFO - Epoch [3/100], Train Accuracy: 0.9770, Val Accuracy: 0.9059
2025-01-13 14:39:46,516 - INFO - Epoch [4/100], Train Accuracy: 0.9921, Val Accuracy: 0.9142
2025-01-13 14:39:46,639 - INFO - Epoch [5/100], Train Accuracy: 0.9990, Val Accuracy: 0.9100
2025-01-13 14:39:46,654 - INFO - Fold 2 Validation Accuracy: 0.9100
2025-01-13 14:39:46,654 - INFO - Training for fold 3/5
2025-01-13 14:39:46,802 - INFO - Epoch [1/100], Train Accuracy: 0.6869, Val Accuracy: 0.8870
2025-01-13 14:39:46,921 - INFO - Epoch [2/100], Train Accuracy: 0.9382, Val Accuracy: 0.8996
2025-01-13 14:39:47,044 - INFO - Epoch [3/100], Train Accuracy: 0.9738, Val Accuracy: 0.9142
2025-01-13 14:39:47,166 - INFO - Epoch [4/100], Train Accuracy: 0.9953, Val Accuracy: 0.9184
2025-01-13 14:39:47,292 - INFO - Epoch [5/100], Train Accuracy: 0.9990, Val Accuracy: 0.9247
2025-01-13 14:39:47,415 - INFO - Epoch [6/100], Train Accuracy: 0.9995, Val Accuracy: 0.9226
2025-01-13 14:39:47,434 - INFO - Fold 3 Validation Accuracy: 0.9226
2025-01-13 14:39:47,434 - INFO - Training for fold 4/5
2025-01-13 14:39:47,585 - INFO - Epoch [1/100], Train Accuracy: 0.6918, Val Accuracy: 0.9140
2025-01-13 14:39:47,698 - INFO - Epoch [2/100], Train Accuracy: 0.9241, Val Accuracy: 0.9078
2025-01-13 14:39:47,826 - INFO - Epoch [3/100], Train Accuracy: 0.9759, Val Accuracy: 0.9287
2025-01-13 14:39:47,937 - INFO - Epoch [4/100], Train Accuracy: 0.9942, Val Accuracy: 0.9287
2025-01-13 14:39:48,127 - INFO - Epoch [5/100], Train Accuracy: 0.9990, Val Accuracy: 0.9308
2025-01-13 14:39:48,252 - INFO - Epoch [6/100], Train Accuracy: 0.9990, Val Accuracy: 0.9266
2025-01-13 14:39:48,269 - INFO - Fold 4 Validation Accuracy: 0.9266
2025-01-13 14:39:48,269 - INFO - Training for fold 5/5
2025-01-13 14:39:48,411 - INFO - Epoch [1/100], Train Accuracy: 0.6075, Val Accuracy: 0.8092
2025-01-13 14:39:48,535 - INFO - Epoch [2/100], Train Accuracy: 0.9314, Val Accuracy: 0.8952
2025-01-13 14:39:48,670 - INFO - Epoch [3/100], Train Accuracy: 0.9806, Val Accuracy: 0.9015
2025-01-13 14:39:48,788 - INFO - Epoch [4/100], Train Accuracy: 0.9942, Val Accuracy: 0.9036
2025-01-13 14:39:48,901 - INFO - Epoch [5/100], Train Accuracy: 0.9984, Val Accuracy: 0.8994
2025-01-13 14:39:48,913 - INFO - Fold 5 Validation Accuracy: 0.8994
2025-01-13 14:39:48,913 - INFO - Average Validation Accuracy (Over 5 folds): 0.9142 

2025-01-13 14:39:49,113 - INFO - Training with Vectorized Data 12000 features. Dropout Rate 0.70. Dataset Size 2388. 256 neurons.
2025-01-13 14:39:49,114 - INFO - Training for fold 1/5
2025-01-13 14:39:49,266 - INFO - Epoch [1/100], Train Accuracy: 0.6869, Val Accuracy: 0.8661
2025-01-13 14:39:49,398 - INFO - Epoch [2/100], Train Accuracy: 0.9288, Val Accuracy: 0.9121
2025-01-13 14:39:49,539 - INFO - Epoch [3/100], Train Accuracy: 0.9743, Val Accuracy: 0.9289
2025-01-13 14:39:49,666 - INFO - Epoch [4/100], Train Accuracy: 0.9942, Val Accuracy: 0.9205
2025-01-13 14:39:49,795 - INFO - Epoch [5/100], Train Accuracy: 0.9995, Val Accuracy: 0.9226
2025-01-13 14:39:49,808 - INFO - Fold 1 Validation Accuracy: 0.9226
2025-01-13 14:39:49,809 - INFO - Training for fold 2/5
2025-01-13 14:39:49,970 - INFO - Epoch [1/100], Train Accuracy: 0.6696, Val Accuracy: 0.9017
2025-01-13 14:39:50,106 - INFO - Epoch [2/100], Train Accuracy: 0.9225, Val Accuracy: 0.9205
2025-01-13 14:39:50,246 - INFO - Epoch [3/100], Train Accuracy: 0.9775, Val Accuracy: 0.9372
2025-01-13 14:39:50,420 - INFO - Epoch [4/100], Train Accuracy: 0.9932, Val Accuracy: 0.9435
2025-01-13 14:39:50,542 - INFO - Epoch [5/100], Train Accuracy: 0.9984, Val Accuracy: 0.9456
2025-01-13 14:39:50,685 - INFO - Epoch [6/100], Train Accuracy: 0.9995, Val Accuracy: 0.9456
2025-01-13 14:39:50,826 - INFO - Epoch [7/100], Train Accuracy: 0.9995, Val Accuracy: 0.9435
2025-01-13 14:39:50,839 - INFO - Fold 2 Validation Accuracy: 0.9435
2025-01-13 14:39:50,839 - INFO - Training for fold 3/5
2025-01-13 14:39:51,161 - INFO - Epoch [1/100], Train Accuracy: 0.5743, Val Accuracy: 0.8766
2025-01-13 14:39:51,266 - INFO - Epoch [2/100], Train Accuracy: 0.9298, Val Accuracy: 0.8870
2025-01-13 14:39:51,368 - INFO - Epoch [3/100], Train Accuracy: 0.9801, Val Accuracy: 0.9079
2025-01-13 14:39:51,570 - INFO - Epoch [4/100], Train Accuracy: 0.9958, Val Accuracy: 0.9142
2025-01-13 14:39:51,671 - INFO - Epoch [5/100], Train Accuracy: 0.9995, Val Accuracy: 0.9100
2025-01-13 14:39:51,684 - INFO - Fold 3 Validation Accuracy: 0.9100
2025-01-13 14:39:51,684 - INFO - Training for fold 4/5
2025-01-13 14:39:51,824 - INFO - Epoch [1/100], Train Accuracy: 0.5824, Val Accuracy: 0.8344
2025-01-13 14:39:51,952 - INFO - Epoch [2/100], Train Accuracy: 0.9320, Val Accuracy: 0.8700
2025-01-13 14:39:52,065 - INFO - Epoch [3/100], Train Accuracy: 0.9775, Val Accuracy: 0.8868
2025-01-13 14:39:52,173 - INFO - Epoch [4/100], Train Accuracy: 0.9937, Val Accuracy: 0.8973
2025-01-13 14:39:52,286 - INFO - Epoch [5/100], Train Accuracy: 0.9984, Val Accuracy: 0.8973
2025-01-13 14:39:52,388 - INFO - Epoch [6/100], Train Accuracy: 0.9990, Val Accuracy: 0.9015
2025-01-13 14:39:52,496 - INFO - Epoch [7/100], Train Accuracy: 0.9995, Val Accuracy: 0.9015
2025-01-13 14:39:52,738 - INFO - Epoch [8/100], Train Accuracy: 0.9995, Val Accuracy: 0.9015
2025-01-13 14:39:52,856 - INFO - Epoch [9/100], Train Accuracy: 0.9995, Val Accuracy: 0.8973
2025-01-13 14:39:52,868 - INFO - Fold 4 Validation Accuracy: 0.8973
2025-01-13 14:39:52,868 - INFO - Training for fold 5/5
2025-01-13 14:39:53,017 - INFO - Epoch [1/100], Train Accuracy: 0.6850, Val Accuracy: 0.9036
2025-01-13 14:39:53,236 - INFO - Epoch [2/100], Train Accuracy: 0.9335, Val Accuracy: 0.9140
2025-01-13 14:39:53,348 - INFO - Epoch [3/100], Train Accuracy: 0.9812, Val Accuracy: 0.9182
2025-01-13 14:39:53,489 - INFO - Epoch [4/100], Train Accuracy: 0.9953, Val Accuracy: 0.9203
2025-01-13 14:39:53,652 - INFO - Epoch [5/100], Train Accuracy: 0.9990, Val Accuracy: 0.9224
2025-01-13 14:39:54,218 - INFO - Epoch [6/100], Train Accuracy: 0.9995, Val Accuracy: 0.9266
2025-01-13 14:39:54,350 - INFO - Epoch [7/100], Train Accuracy: 0.9995, Val Accuracy: 0.9161
2025-01-13 14:39:54,380 - INFO - Fold 5 Validation Accuracy: 0.9161
2025-01-13 14:39:54,381 - INFO - Average Validation Accuracy (Over 5 folds): 0.9179 

2025-01-13 14:39:54,643 - INFO - Training with Vectorized Data 13000 features. Dropout Rate 0.70. Dataset Size 2388. 256 neurons.
2025-01-13 14:39:54,643 - INFO - Training for fold 1/5
2025-01-13 14:39:54,861 - INFO - Epoch [1/100], Train Accuracy: 0.7361, Val Accuracy: 0.8389
2025-01-13 14:39:54,973 - INFO - Epoch [2/100], Train Accuracy: 0.9309, Val Accuracy: 0.8703
2025-01-13 14:39:55,097 - INFO - Epoch [3/100], Train Accuracy: 0.9780, Val Accuracy: 0.9059
2025-01-13 14:39:55,307 - INFO - Epoch [4/100], Train Accuracy: 0.9958, Val Accuracy: 0.9059
2025-01-13 14:39:55,574 - INFO - Epoch [5/100], Train Accuracy: 0.9990, Val Accuracy: 0.9100
2025-01-13 14:39:55,767 - INFO - Epoch [6/100], Train Accuracy: 0.9990, Val Accuracy: 0.9100
2025-01-13 14:39:56,144 - INFO - Epoch [7/100], Train Accuracy: 0.9995, Val Accuracy: 0.9121
2025-01-13 14:39:56,265 - INFO - Epoch [8/100], Train Accuracy: 0.9995, Val Accuracy: 0.9100
2025-01-13 14:39:56,280 - INFO - Fold 1 Validation Accuracy: 0.9100
2025-01-13 14:39:56,280 - INFO - Training for fold 2/5
2025-01-13 14:39:56,434 - INFO - Epoch [1/100], Train Accuracy: 0.5707, Val Accuracy: 0.8870
2025-01-13 14:39:56,695 - INFO - Epoch [2/100], Train Accuracy: 0.9319, Val Accuracy: 0.9059
2025-01-13 14:39:56,954 - INFO - Epoch [3/100], Train Accuracy: 0.9764, Val Accuracy: 0.9163
2025-01-13 14:39:57,074 - INFO - Epoch [4/100], Train Accuracy: 0.9953, Val Accuracy: 0.9226
2025-01-13 14:39:57,195 - INFO - Epoch [5/100], Train Accuracy: 0.9990, Val Accuracy: 0.9226
2025-01-13 14:39:57,303 - INFO - Epoch [6/100], Train Accuracy: 0.9990, Val Accuracy: 0.9247
2025-01-13 14:39:57,487 - INFO - Epoch [7/100], Train Accuracy: 0.9995, Val Accuracy: 0.9268
2025-01-13 14:39:57,602 - INFO - Epoch [8/100], Train Accuracy: 0.9995, Val Accuracy: 0.9268
2025-01-13 14:39:57,714 - INFO - Epoch [9/100], Train Accuracy: 0.9995, Val Accuracy: 0.9247
2025-01-13 14:39:57,726 - INFO - Fold 2 Validation Accuracy: 0.9247
2025-01-13 14:39:57,727 - INFO - Training for fold 3/5
2025-01-13 14:39:57,861 - INFO - Epoch [1/100], Train Accuracy: 0.7382, Val Accuracy: 0.8473
2025-01-13 14:39:57,973 - INFO - Epoch [2/100], Train Accuracy: 0.9314, Val Accuracy: 0.8975
2025-01-13 14:39:58,085 - INFO - Epoch [3/100], Train Accuracy: 0.9785, Val Accuracy: 0.9142
2025-01-13 14:39:58,198 - INFO - Epoch [4/100], Train Accuracy: 0.9958, Val Accuracy: 0.9142
2025-01-13 14:39:58,312 - INFO - Epoch [5/100], Train Accuracy: 0.9990, Val Accuracy: 0.9226
2025-01-13 14:39:58,438 - INFO - Epoch [6/100], Train Accuracy: 0.9995, Val Accuracy: 0.9205
2025-01-13 14:39:58,451 - INFO - Fold 3 Validation Accuracy: 0.9205
2025-01-13 14:39:58,451 - INFO - Training for fold 4/5
2025-01-13 14:39:58,600 - INFO - Epoch [1/100], Train Accuracy: 0.6667, Val Accuracy: 0.8763
2025-01-13 14:39:58,777 - INFO - Epoch [2/100], Train Accuracy: 0.9383, Val Accuracy: 0.8952
2025-01-13 14:39:58,897 - INFO - Epoch [3/100], Train Accuracy: 0.9759, Val Accuracy: 0.9099
2025-01-13 14:39:59,018 - INFO - Epoch [4/100], Train Accuracy: 0.9958, Val Accuracy: 0.9161
2025-01-13 14:39:59,136 - INFO - Epoch [5/100], Train Accuracy: 0.9995, Val Accuracy: 0.9224
2025-01-13 14:39:59,274 - INFO - Epoch [6/100], Train Accuracy: 0.9995, Val Accuracy: 0.9161
2025-01-13 14:39:59,287 - INFO - Fold 4 Validation Accuracy: 0.9161
2025-01-13 14:39:59,287 - INFO - Training for fold 5/5
2025-01-13 14:39:59,416 - INFO - Epoch [1/100], Train Accuracy: 0.7017, Val Accuracy: 0.9099
2025-01-13 14:39:59,532 - INFO - Epoch [2/100], Train Accuracy: 0.9309, Val Accuracy: 0.9140
2025-01-13 14:39:59,669 - INFO - Epoch [3/100], Train Accuracy: 0.9749, Val Accuracy: 0.9329
2025-01-13 14:39:59,844 - INFO - Epoch [4/100], Train Accuracy: 0.9922, Val Accuracy: 0.9392
2025-01-13 14:39:59,963 - INFO - Epoch [5/100], Train Accuracy: 0.9990, Val Accuracy: 0.9497
2025-01-13 14:40:00,164 - INFO - Epoch [6/100], Train Accuracy: 0.9995, Val Accuracy: 0.9413
2025-01-13 14:40:00,178 - INFO - Fold 5 Validation Accuracy: 0.9413
2025-01-13 14:40:00,178 - INFO - Average Validation Accuracy (Over 5 folds): 0.9225 

2025-01-13 14:40:00,398 - INFO - Training with Vectorized Data 13151 features. Dropout Rate 0.70. Dataset Size 2388. 256 neurons.
2025-01-13 14:40:00,399 - INFO - Training for fold 1/5
2025-01-13 14:40:00,551 - INFO - Epoch [1/100], Train Accuracy: 0.7178, Val Accuracy: 0.8661
2025-01-13 14:40:00,683 - INFO - Epoch [2/100], Train Accuracy: 0.9330, Val Accuracy: 0.8870
2025-01-13 14:40:00,816 - INFO - Epoch [3/100], Train Accuracy: 0.9770, Val Accuracy: 0.8954
2025-01-13 14:40:00,936 - INFO - Epoch [4/100], Train Accuracy: 0.9958, Val Accuracy: 0.8954
2025-01-13 14:40:01,057 - INFO - Epoch [5/100], Train Accuracy: 0.9990, Val Accuracy: 0.8912
2025-01-13 14:40:01,073 - INFO - Fold 1 Validation Accuracy: 0.8912
2025-01-13 14:40:01,073 - INFO - Training for fold 2/5
2025-01-13 14:40:01,198 - INFO - Epoch [1/100], Train Accuracy: 0.7031, Val Accuracy: 0.9017
2025-01-13 14:40:01,334 - INFO - Epoch [2/100], Train Accuracy: 0.9298, Val Accuracy: 0.9205
2025-01-13 14:40:01,459 - INFO - Epoch [3/100], Train Accuracy: 0.9738, Val Accuracy: 0.9372
2025-01-13 14:40:01,635 - INFO - Epoch [4/100], Train Accuracy: 0.9942, Val Accuracy: 0.9331
2025-01-13 14:40:01,749 - INFO - Epoch [5/100], Train Accuracy: 0.9990, Val Accuracy: 0.9289
2025-01-13 14:40:01,762 - INFO - Fold 2 Validation Accuracy: 0.9289
2025-01-13 14:40:01,762 - INFO - Training for fold 3/5
2025-01-13 14:40:01,930 - INFO - Epoch [1/100], Train Accuracy: 0.6455, Val Accuracy: 0.8682
2025-01-13 14:40:02,046 - INFO - Epoch [2/100], Train Accuracy: 0.9319, Val Accuracy: 0.8870
2025-01-13 14:40:02,156 - INFO - Epoch [3/100], Train Accuracy: 0.9801, Val Accuracy: 0.9184
2025-01-13 14:40:02,270 - INFO - Epoch [4/100], Train Accuracy: 0.9953, Val Accuracy: 0.9121
2025-01-13 14:40:02,290 - INFO - Fold 3 Validation Accuracy: 0.9121
2025-01-13 14:40:02,290 - INFO - Training for fold 4/5
2025-01-13 14:40:02,420 - INFO - Epoch [1/100], Train Accuracy: 0.6269, Val Accuracy: 0.9036
2025-01-13 14:40:02,529 - INFO - Epoch [2/100], Train Accuracy: 0.9409, Val Accuracy: 0.9057
2025-01-13 14:40:02,645 - INFO - Epoch [3/100], Train Accuracy: 0.9838, Val Accuracy: 0.9161
2025-01-13 14:40:02,772 - INFO - Epoch [4/100], Train Accuracy: 0.9958, Val Accuracy: 0.9161
2025-01-13 14:40:02,911 - INFO - Epoch [5/100], Train Accuracy: 0.9984, Val Accuracy: 0.9224
2025-01-13 14:40:03,295 - INFO - Epoch [6/100], Train Accuracy: 0.9995, Val Accuracy: 0.9245
2025-01-13 14:40:03,413 - INFO - Epoch [7/100], Train Accuracy: 0.9995, Val Accuracy: 0.9266
2025-01-13 14:40:03,534 - INFO - Epoch [8/100], Train Accuracy: 0.9995, Val Accuracy: 0.9287
2025-01-13 14:40:03,684 - INFO - Epoch [9/100], Train Accuracy: 0.9995, Val Accuracy: 0.9287
2025-01-13 14:40:03,790 - INFO - Epoch [10/100], Train Accuracy: 0.9995, Val Accuracy: 0.9308
2025-01-13 14:40:03,901 - INFO - Epoch [11/100], Train Accuracy: 1.0000, Val Accuracy: 0.9287
2025-01-13 14:40:03,914 - INFO - Fold 4 Validation Accuracy: 0.9287
2025-01-13 14:40:03,914 - INFO - Training for fold 5/5
2025-01-13 14:40:04,090 - INFO - Epoch [1/100], Train Accuracy: 0.6368, Val Accuracy: 0.8805
2025-01-13 14:40:04,213 - INFO - Epoch [2/100], Train Accuracy: 0.9409, Val Accuracy: 0.8931
2025-01-13 14:40:04,403 - INFO - Epoch [3/100], Train Accuracy: 0.9775, Val Accuracy: 0.9078
2025-01-13 14:40:04,509 - INFO - Epoch [4/100], Train Accuracy: 0.9963, Val Accuracy: 0.9036
2025-01-13 14:40:04,522 - INFO - Fold 5 Validation Accuracy: 0.9036
2025-01-13 14:40:04,522 - INFO - Average Validation Accuracy (Over 5 folds): 0.9129 

