2025-01-13 22:26:06,687 - INFO - Training with Vectorized Data 2000 features. Dropout Rate 0.70. Dataset Size 2388. 2 neurons.
2025-01-13 22:26:06,687 - INFO - Training for fold 1/5
2025-01-13 22:26:08,120 - INFO - Epoch [1/100], Train Accuracy: 0.3387, Val Accuracy: 0.3117
2025-01-13 22:26:08,228 - INFO - Epoch [2/100], Train Accuracy: 0.3387, Val Accuracy: 0.3117
2025-01-13 22:26:08,341 - INFO - Epoch [3/100], Train Accuracy: 0.3387, Val Accuracy: 0.3117
2025-01-13 22:26:08,461 - INFO - Epoch [4/100], Train Accuracy: 0.3387, Val Accuracy: 0.3117
2025-01-13 22:26:08,572 - INFO - Epoch [5/100], Train Accuracy: 0.3387, Val Accuracy: 0.3117
2025-01-13 22:26:08,678 - INFO - Epoch [6/100], Train Accuracy: 0.3880, Val Accuracy: 0.4540
2025-01-13 22:26:08,813 - INFO - Epoch [7/100], Train Accuracy: 0.5314, Val Accuracy: 0.5042
2025-01-13 22:26:08,917 - INFO - Epoch [8/100], Train Accuracy: 0.5717, Val Accuracy: 0.5335
2025-01-13 22:26:09,010 - INFO - Epoch [9/100], Train Accuracy: 0.5942, Val Accuracy: 0.5502
2025-01-13 22:26:09,110 - INFO - Epoch [10/100], Train Accuracy: 0.6073, Val Accuracy: 0.5649
2025-01-13 22:26:09,229 - INFO - Epoch [11/100], Train Accuracy: 0.6230, Val Accuracy: 0.5711
2025-01-13 22:26:09,351 - INFO - Epoch [12/100], Train Accuracy: 0.6304, Val Accuracy: 0.5858
2025-01-13 22:26:09,445 - INFO - Epoch [13/100], Train Accuracy: 0.6377, Val Accuracy: 0.5900
2025-01-13 22:26:09,564 - INFO - Epoch [14/100], Train Accuracy: 0.6429, Val Accuracy: 0.5921
2025-01-13 22:26:09,663 - INFO - Epoch [15/100], Train Accuracy: 0.6455, Val Accuracy: 0.5941
2025-01-13 22:26:09,764 - INFO - Epoch [16/100], Train Accuracy: 0.6482, Val Accuracy: 0.5962
2025-01-13 22:26:09,878 - INFO - Epoch [17/100], Train Accuracy: 0.6539, Val Accuracy: 0.6004
2025-01-13 22:26:09,973 - INFO - Epoch [18/100], Train Accuracy: 0.6550, Val Accuracy: 0.6004
2025-01-13 22:26:10,096 - INFO - Epoch [19/100], Train Accuracy: 0.6571, Val Accuracy: 0.6025
2025-01-13 22:26:10,199 - INFO - Epoch [20/100], Train Accuracy: 0.6576, Val Accuracy: 0.6025
2025-01-13 22:26:10,297 - INFO - Epoch [21/100], Train Accuracy: 0.6581, Val Accuracy: 0.6025
2025-01-13 22:26:10,410 - INFO - Epoch [22/100], Train Accuracy: 0.6634, Val Accuracy: 0.6046
2025-01-13 22:26:10,528 - INFO - Epoch [23/100], Train Accuracy: 0.6634, Val Accuracy: 0.6067
2025-01-13 22:26:10,632 - INFO - Epoch [24/100], Train Accuracy: 0.6665, Val Accuracy: 0.6088
2025-01-13 22:26:10,740 - INFO - Epoch [25/100], Train Accuracy: 0.6733, Val Accuracy: 0.6151
2025-01-13 22:26:10,836 - INFO - Epoch [26/100], Train Accuracy: 0.6895, Val Accuracy: 0.6192
2025-01-13 22:26:10,938 - INFO - Epoch [27/100], Train Accuracy: 0.7089, Val Accuracy: 0.6234
2025-01-13 22:26:11,062 - INFO - Epoch [28/100], Train Accuracy: 0.7330, Val Accuracy: 0.6297
2025-01-13 22:26:11,180 - INFO - Epoch [29/100], Train Accuracy: 0.7743, Val Accuracy: 0.6778
2025-01-13 22:26:11,306 - INFO - Epoch [30/100], Train Accuracy: 0.8162, Val Accuracy: 0.7176
2025-01-13 22:26:11,419 - INFO - Epoch [31/100], Train Accuracy: 0.8508, Val Accuracy: 0.7385
2025-01-13 22:26:11,531 - INFO - Epoch [32/100], Train Accuracy: 0.8895, Val Accuracy: 0.7594
2025-01-13 22:26:11,668 - INFO - Epoch [33/100], Train Accuracy: 0.9141, Val Accuracy: 0.7720
2025-01-13 22:26:11,782 - INFO - Epoch [34/100], Train Accuracy: 0.9377, Val Accuracy: 0.7929
2025-01-13 22:26:11,882 - INFO - Epoch [35/100], Train Accuracy: 0.9492, Val Accuracy: 0.8117
2025-01-13 22:26:11,972 - INFO - Epoch [36/100], Train Accuracy: 0.9602, Val Accuracy: 0.8222
2025-01-13 22:26:12,087 - INFO - Epoch [37/100], Train Accuracy: 0.9712, Val Accuracy: 0.8347
2025-01-13 22:26:12,219 - INFO - Epoch [38/100], Train Accuracy: 0.9775, Val Accuracy: 0.8452
2025-01-13 22:26:12,340 - INFO - Epoch [39/100], Train Accuracy: 0.9801, Val Accuracy: 0.8536
2025-01-13 22:26:12,482 - INFO - Epoch [40/100], Train Accuracy: 0.9848, Val Accuracy: 0.8556
2025-01-13 22:26:12,605 - INFO - Epoch [41/100], Train Accuracy: 0.9874, Val Accuracy: 0.8619
2025-01-13 22:26:12,723 - INFO - Epoch [42/100], Train Accuracy: 0.9890, Val Accuracy: 0.8661
2025-01-13 22:26:12,865 - INFO - Epoch [43/100], Train Accuracy: 0.9895, Val Accuracy: 0.8766
2025-01-13 22:26:13,042 - INFO - Epoch [44/100], Train Accuracy: 0.9911, Val Accuracy: 0.8870
2025-01-13 22:26:13,155 - INFO - Epoch [45/100], Train Accuracy: 0.9921, Val Accuracy: 0.8954
2025-01-13 22:26:13,327 - INFO - Epoch [46/100], Train Accuracy: 0.9927, Val Accuracy: 0.8933
2025-01-13 22:26:13,493 - INFO - Epoch [47/100], Train Accuracy: 0.9927, Val Accuracy: 0.8975
2025-01-13 22:26:13,621 - INFO - Epoch [48/100], Train Accuracy: 0.9927, Val Accuracy: 0.8975
2025-01-13 22:26:13,784 - INFO - Epoch [49/100], Train Accuracy: 0.9932, Val Accuracy: 0.9017
2025-01-13 22:26:13,931 - INFO - Epoch [50/100], Train Accuracy: 0.9932, Val Accuracy: 0.9059
2025-01-13 22:26:14,038 - INFO - Epoch [51/100], Train Accuracy: 0.9932, Val Accuracy: 0.8996
2025-01-13 22:26:14,228 - INFO - Epoch [52/100], Train Accuracy: 0.9932, Val Accuracy: 0.9017
2025-01-13 22:26:14,335 - INFO - Epoch [53/100], Train Accuracy: 0.9932, Val Accuracy: 0.8996
2025-01-13 22:26:14,445 - INFO - Epoch [54/100], Train Accuracy: 0.9932, Val Accuracy: 0.9017
2025-01-13 22:26:14,548 - INFO - Epoch [55/100], Train Accuracy: 0.9932, Val Accuracy: 0.9017
2025-01-13 22:26:14,647 - INFO - Epoch [56/100], Train Accuracy: 0.9932, Val Accuracy: 0.9038
2025-01-13 22:26:14,766 - INFO - Epoch [57/100], Train Accuracy: 0.9948, Val Accuracy: 0.9059
2025-01-13 22:26:14,863 - INFO - Epoch [58/100], Train Accuracy: 0.9948, Val Accuracy: 0.9079
2025-01-13 22:26:15,022 - INFO - Epoch [59/100], Train Accuracy: 0.9948, Val Accuracy: 0.9079
2025-01-13 22:26:15,119 - INFO - Epoch [60/100], Train Accuracy: 0.9948, Val Accuracy: 0.9059
2025-01-13 22:26:15,232 - INFO - Epoch [61/100], Train Accuracy: 0.9948, Val Accuracy: 0.9079
2025-01-13 22:26:15,337 - INFO - Epoch [62/100], Train Accuracy: 0.9958, Val Accuracy: 0.9059
2025-01-13 22:26:15,452 - INFO - Epoch [63/100], Train Accuracy: 0.9963, Val Accuracy: 0.9079
2025-01-13 22:26:15,567 - INFO - Epoch [64/100], Train Accuracy: 0.9969, Val Accuracy: 0.9079
2025-01-13 22:26:15,670 - INFO - Epoch [65/100], Train Accuracy: 0.9969, Val Accuracy: 0.9079
2025-01-13 22:26:15,785 - INFO - Epoch [66/100], Train Accuracy: 0.9969, Val Accuracy: 0.9079
2025-01-13 22:26:15,939 - INFO - Epoch [67/100], Train Accuracy: 0.9969, Val Accuracy: 0.9079
2025-01-13 22:26:16,110 - INFO - Epoch [68/100], Train Accuracy: 0.9969, Val Accuracy: 0.9079
2025-01-13 22:26:16,246 - INFO - Epoch [69/100], Train Accuracy: 0.9969, Val Accuracy: 0.9079
2025-01-13 22:26:16,438 - INFO - Epoch [70/100], Train Accuracy: 0.9969, Val Accuracy: 0.9079
2025-01-13 22:26:16,615 - INFO - Epoch [71/100], Train Accuracy: 0.9969, Val Accuracy: 0.9059
2025-01-13 22:26:16,765 - INFO - Epoch [72/100], Train Accuracy: 0.9969, Val Accuracy: 0.9059
2025-01-13 22:26:16,880 - INFO - Epoch [73/100], Train Accuracy: 0.9969, Val Accuracy: 0.9059
2025-01-13 22:26:17,021 - INFO - Epoch [74/100], Train Accuracy: 0.9969, Val Accuracy: 0.9059
2025-01-13 22:26:17,160 - INFO - Epoch [75/100], Train Accuracy: 0.9969, Val Accuracy: 0.9059
2025-01-13 22:26:17,269 - INFO - Epoch [76/100], Train Accuracy: 0.9969, Val Accuracy: 0.9059
2025-01-13 22:26:17,458 - INFO - Epoch [77/100], Train Accuracy: 0.9969, Val Accuracy: 0.9059
2025-01-13 22:26:17,566 - INFO - Epoch [78/100], Train Accuracy: 0.9969, Val Accuracy: 0.9059
2025-01-13 22:26:17,726 - INFO - Epoch [79/100], Train Accuracy: 0.9969, Val Accuracy: 0.9038
2025-01-13 22:26:17,870 - INFO - Epoch [80/100], Train Accuracy: 0.9969, Val Accuracy: 0.9038
2025-01-13 22:26:18,006 - INFO - Epoch [81/100], Train Accuracy: 0.9969, Val Accuracy: 0.9059
2025-01-13 22:26:18,167 - INFO - Epoch [82/100], Train Accuracy: 0.9969, Val Accuracy: 0.9038
2025-01-13 22:26:18,299 - INFO - Epoch [83/100], Train Accuracy: 0.9969, Val Accuracy: 0.9038
2025-01-13 22:26:18,413 - INFO - Epoch [84/100], Train Accuracy: 0.9969, Val Accuracy: 0.9038
2025-01-13 22:26:18,526 - INFO - Epoch [85/100], Train Accuracy: 0.9974, Val Accuracy: 0.9038
2025-01-13 22:26:18,650 - INFO - Epoch [86/100], Train Accuracy: 0.9974, Val Accuracy: 0.9038
2025-01-13 22:26:18,761 - INFO - Epoch [87/100], Train Accuracy: 0.9974, Val Accuracy: 0.9038
2025-01-13 22:26:18,883 - INFO - Epoch [88/100], Train Accuracy: 0.9974, Val Accuracy: 0.9038
2025-01-13 22:26:19,012 - INFO - Epoch [89/100], Train Accuracy: 0.9974, Val Accuracy: 0.9038
2025-01-13 22:26:19,116 - INFO - Epoch [90/100], Train Accuracy: 0.9974, Val Accuracy: 0.9038
2025-01-13 22:26:19,249 - INFO - Epoch [91/100], Train Accuracy: 0.9974, Val Accuracy: 0.9059
2025-01-13 22:26:19,396 - INFO - Epoch [92/100], Train Accuracy: 0.9974, Val Accuracy: 0.9059
2025-01-13 22:26:19,551 - INFO - Epoch [93/100], Train Accuracy: 0.9974, Val Accuracy: 0.9059
2025-01-13 22:26:19,687 - INFO - Epoch [94/100], Train Accuracy: 0.9974, Val Accuracy: 0.9059
2025-01-13 22:26:19,795 - INFO - Epoch [95/100], Train Accuracy: 0.9974, Val Accuracy: 0.9059
2025-01-13 22:26:19,903 - INFO - Epoch [96/100], Train Accuracy: 0.9974, Val Accuracy: 0.9059
2025-01-13 22:26:20,021 - INFO - Epoch [97/100], Train Accuracy: 0.9974, Val Accuracy: 0.9079
2025-01-13 22:26:20,121 - INFO - Epoch [98/100], Train Accuracy: 0.9974, Val Accuracy: 0.9079
2025-01-13 22:26:20,222 - INFO - Epoch [99/100], Train Accuracy: 0.9974, Val Accuracy: 0.9079
2025-01-13 22:26:20,325 - INFO - Epoch [100/100], Train Accuracy: 0.9974, Val Accuracy: 0.9100
2025-01-13 22:26:20,343 - INFO - Fold 1 Validation Accuracy: 0.9100
2025-01-13 22:26:20,343 - INFO - Training for fold 2/5
2025-01-13 22:26:20,481 - INFO - Epoch [1/100], Train Accuracy: 0.3272, Val Accuracy: 0.3243
2025-01-13 22:26:20,592 - INFO - Epoch [2/100], Train Accuracy: 0.3356, Val Accuracy: 0.3243
2025-01-13 22:26:20,710 - INFO - Epoch [3/100], Train Accuracy: 0.3382, Val Accuracy: 0.3347
2025-01-13 22:26:20,810 - INFO - Epoch [4/100], Train Accuracy: 0.3827, Val Accuracy: 0.4289
2025-01-13 22:26:20,910 - INFO - Epoch [5/100], Train Accuracy: 0.4634, Val Accuracy: 0.4582
2025-01-13 22:26:21,019 - INFO - Epoch [6/100], Train Accuracy: 0.5225, Val Accuracy: 0.4791
2025-01-13 22:26:21,199 - INFO - Epoch [7/100], Train Accuracy: 0.5445, Val Accuracy: 0.5272
2025-01-13 22:26:21,300 - INFO - Epoch [8/100], Train Accuracy: 0.5775, Val Accuracy: 0.5460
2025-01-13 22:26:21,483 - INFO - Epoch [9/100], Train Accuracy: 0.6073, Val Accuracy: 0.5690
2025-01-13 22:26:21,584 - INFO - Epoch [10/100], Train Accuracy: 0.6435, Val Accuracy: 0.6255
2025-01-13 22:26:21,693 - INFO - Epoch [11/100], Train Accuracy: 0.7209, Val Accuracy: 0.6799
2025-01-13 22:26:21,795 - INFO - Epoch [12/100], Train Accuracy: 0.7953, Val Accuracy: 0.7155
2025-01-13 22:26:21,900 - INFO - Epoch [13/100], Train Accuracy: 0.8597, Val Accuracy: 0.7510
2025-01-13 22:26:22,005 - INFO - Epoch [14/100], Train Accuracy: 0.8963, Val Accuracy: 0.7887
2025-01-13 22:26:22,225 - INFO - Epoch [15/100], Train Accuracy: 0.9199, Val Accuracy: 0.8285
2025-01-13 22:26:22,319 - INFO - Epoch [16/100], Train Accuracy: 0.9403, Val Accuracy: 0.8285
2025-01-13 22:26:22,514 - INFO - Epoch [17/100], Train Accuracy: 0.9529, Val Accuracy: 0.8410
2025-01-13 22:26:22,613 - INFO - Epoch [18/100], Train Accuracy: 0.9628, Val Accuracy: 0.8515
2025-01-13 22:26:22,711 - INFO - Epoch [19/100], Train Accuracy: 0.9686, Val Accuracy: 0.8515
2025-01-13 22:26:22,812 - INFO - Epoch [20/100], Train Accuracy: 0.9733, Val Accuracy: 0.8515
2025-01-13 22:26:22,920 - INFO - Epoch [21/100], Train Accuracy: 0.9749, Val Accuracy: 0.8619
2025-01-13 22:26:23,093 - INFO - Epoch [22/100], Train Accuracy: 0.9770, Val Accuracy: 0.8640
2025-01-13 22:26:23,191 - INFO - Epoch [23/100], Train Accuracy: 0.9780, Val Accuracy: 0.8682
2025-01-13 22:26:23,311 - INFO - Epoch [24/100], Train Accuracy: 0.9791, Val Accuracy: 0.8745
2025-01-13 22:26:23,407 - INFO - Epoch [25/100], Train Accuracy: 0.9806, Val Accuracy: 0.8787
2025-01-13 22:26:23,586 - INFO - Epoch [26/100], Train Accuracy: 0.9812, Val Accuracy: 0.8766
2025-01-13 22:26:23,598 - INFO - Fold 2 Validation Accuracy: 0.8766
2025-01-13 22:26:23,598 - INFO - Training for fold 3/5
2025-01-13 22:26:23,747 - INFO - Epoch [1/100], Train Accuracy: 0.3330, Val Accuracy: 0.3347
2025-01-13 22:26:23,956 - INFO - Epoch [2/100], Train Accuracy: 0.3330, Val Accuracy: 0.3347
2025-01-13 22:26:24,092 - INFO - Epoch [3/100], Train Accuracy: 0.3330, Val Accuracy: 0.3347
2025-01-13 22:26:24,231 - INFO - Epoch [4/100], Train Accuracy: 0.3723, Val Accuracy: 0.4854
2025-01-13 22:26:24,360 - INFO - Epoch [5/100], Train Accuracy: 0.5419, Val Accuracy: 0.4958
2025-01-13 22:26:24,495 - INFO - Epoch [6/100], Train Accuracy: 0.4812, Val Accuracy: 0.5377
2025-01-13 22:26:24,624 - INFO - Epoch [7/100], Train Accuracy: 0.6079, Val Accuracy: 0.5669
2025-01-13 22:26:24,746 - INFO - Epoch [8/100], Train Accuracy: 0.6675, Val Accuracy: 0.5858
2025-01-13 22:26:24,883 - INFO - Epoch [9/100], Train Accuracy: 0.6916, Val Accuracy: 0.5983
2025-01-13 22:26:25,006 - INFO - Epoch [10/100], Train Accuracy: 0.6885, Val Accuracy: 0.6151
2025-01-13 22:26:25,124 - INFO - Epoch [11/100], Train Accuracy: 0.7026, Val Accuracy: 0.6255
2025-01-13 22:26:25,242 - INFO - Epoch [12/100], Train Accuracy: 0.7152, Val Accuracy: 0.6297
2025-01-13 22:26:25,362 - INFO - Epoch [13/100], Train Accuracy: 0.7304, Val Accuracy: 0.6548
2025-01-13 22:26:25,483 - INFO - Epoch [14/100], Train Accuracy: 0.7607, Val Accuracy: 0.6736
2025-01-13 22:26:25,603 - INFO - Epoch [15/100], Train Accuracy: 0.7885, Val Accuracy: 0.6987
2025-01-13 22:26:25,722 - INFO - Epoch [16/100], Train Accuracy: 0.8335, Val Accuracy: 0.7343
2025-01-13 22:26:25,845 - INFO - Epoch [17/100], Train Accuracy: 0.8623, Val Accuracy: 0.7594
2025-01-13 22:26:25,965 - INFO - Epoch [18/100], Train Accuracy: 0.8963, Val Accuracy: 0.7824
2025-01-13 22:26:26,088 - INFO - Epoch [19/100], Train Accuracy: 0.9215, Val Accuracy: 0.7992
2025-01-13 22:26:26,199 - INFO - Epoch [20/100], Train Accuracy: 0.9372, Val Accuracy: 0.8138
2025-01-13 22:26:26,325 - INFO - Epoch [21/100], Train Accuracy: 0.9518, Val Accuracy: 0.8222
2025-01-13 22:26:26,446 - INFO - Epoch [22/100], Train Accuracy: 0.9623, Val Accuracy: 0.8347
2025-01-13 22:26:26,571 - INFO - Epoch [23/100], Train Accuracy: 0.9681, Val Accuracy: 0.8389
2025-01-13 22:26:26,702 - INFO - Epoch [24/100], Train Accuracy: 0.9717, Val Accuracy: 0.8326
2025-01-13 22:26:26,718 - INFO - Fold 3 Validation Accuracy: 0.8326
2025-01-13 22:26:26,718 - INFO - Training for fold 4/5
2025-01-13 22:26:26,872 - INFO - Epoch [1/100], Train Accuracy: 0.3318, Val Accuracy: 0.3396
2025-01-13 22:26:26,989 - INFO - Epoch [2/100], Train Accuracy: 0.3318, Val Accuracy: 0.3396
2025-01-13 22:26:27,105 - INFO - Epoch [3/100], Train Accuracy: 0.3318, Val Accuracy: 0.3417
2025-01-13 22:26:27,221 - INFO - Epoch [4/100], Train Accuracy: 0.4929, Val Accuracy: 0.5493
2025-01-13 22:26:27,348 - INFO - Epoch [5/100], Train Accuracy: 0.6279, Val Accuracy: 0.6184
2025-01-13 22:26:27,466 - INFO - Epoch [6/100], Train Accuracy: 0.6379, Val Accuracy: 0.6373
2025-01-13 22:26:27,590 - INFO - Epoch [7/100], Train Accuracy: 0.6358, Val Accuracy: 0.6289
2025-01-13 22:26:27,600 - INFO - Fold 4 Validation Accuracy: 0.6289
2025-01-13 22:26:27,601 - INFO - Training for fold 5/5
2025-01-13 22:26:27,741 - INFO - Epoch [1/100], Train Accuracy: 0.3255, Val Accuracy: 0.3648
2025-01-13 22:26:27,861 - INFO - Epoch [2/100], Train Accuracy: 0.3255, Val Accuracy: 0.3648
2025-01-13 22:26:27,983 - INFO - Epoch [3/100], Train Accuracy: 0.3255, Val Accuracy: 0.3690
2025-01-13 22:26:28,093 - INFO - Epoch [4/100], Train Accuracy: 0.4704, Val Accuracy: 0.6059
2025-01-13 22:26:28,219 - INFO - Epoch [5/100], Train Accuracy: 0.6013, Val Accuracy: 0.6164
2025-01-13 22:26:28,344 - INFO - Epoch [6/100], Train Accuracy: 0.5840, Val Accuracy: 0.5807
2025-01-13 22:26:28,358 - INFO - Fold 5 Validation Accuracy: 0.5807
2025-01-13 22:26:28,358 - INFO - Average Validation Accuracy (Over 5 folds): 0.7658 

2025-01-13 22:26:28,509 - INFO - Training with Vectorized Data 2000 features. Dropout Rate 0.70. Dataset Size 2388. 4 neurons.
2025-01-13 22:26:28,510 - INFO - Training for fold 1/5
2025-01-13 22:26:28,647 - INFO - Epoch [1/100], Train Accuracy: 0.3361, Val Accuracy: 0.3222
2025-01-13 22:26:28,771 - INFO - Epoch [2/100], Train Accuracy: 0.3372, Val Accuracy: 0.3389
2025-01-13 22:26:28,885 - INFO - Epoch [3/100], Train Accuracy: 0.5110, Val Accuracy: 0.6088
2025-01-13 22:26:29,001 - INFO - Epoch [4/100], Train Accuracy: 0.6403, Val Accuracy: 0.6213
2025-01-13 22:26:29,145 - INFO - Epoch [5/100], Train Accuracy: 0.6398, Val Accuracy: 0.5983
2025-01-13 22:26:29,159 - INFO - Fold 1 Validation Accuracy: 0.5983
2025-01-13 22:26:29,159 - INFO - Training for fold 2/5
2025-01-13 22:26:29,361 - INFO - Epoch [1/100], Train Accuracy: 0.3351, Val Accuracy: 0.3264
2025-01-13 22:26:29,460 - INFO - Epoch [2/100], Train Accuracy: 0.3351, Val Accuracy: 0.3264
2025-01-13 22:26:29,559 - INFO - Epoch [3/100], Train Accuracy: 0.3429, Val Accuracy: 0.3745
2025-01-13 22:26:29,674 - INFO - Epoch [4/100], Train Accuracy: 0.6801, Val Accuracy: 0.8285
2025-01-13 22:26:29,796 - INFO - Epoch [5/100], Train Accuracy: 0.9199, Val Accuracy: 0.8808
2025-01-13 22:26:29,917 - INFO - Epoch [6/100], Train Accuracy: 0.9084, Val Accuracy: 0.8347
2025-01-13 22:26:29,929 - INFO - Fold 2 Validation Accuracy: 0.8347
2025-01-13 22:26:29,929 - INFO - Training for fold 3/5
2025-01-13 22:26:30,041 - INFO - Epoch [1/100], Train Accuracy: 0.3649, Val Accuracy: 0.2992
2025-01-13 22:26:30,150 - INFO - Epoch [2/100], Train Accuracy: 0.4021, Val Accuracy: 0.4247
2025-01-13 22:26:30,254 - INFO - Epoch [3/100], Train Accuracy: 0.6236, Val Accuracy: 0.6946
2025-01-13 22:26:30,357 - INFO - Epoch [4/100], Train Accuracy: 0.8304, Val Accuracy: 0.8368
2025-01-13 22:26:30,456 - INFO - Epoch [5/100], Train Accuracy: 0.8948, Val Accuracy: 0.8745
2025-01-13 22:26:30,559 - INFO - Epoch [6/100], Train Accuracy: 0.9194, Val Accuracy: 0.8766
2025-01-13 22:26:30,742 - INFO - Epoch [7/100], Train Accuracy: 0.9356, Val Accuracy: 0.8828
2025-01-13 22:26:30,849 - INFO - Epoch [8/100], Train Accuracy: 0.9455, Val Accuracy: 0.8891
2025-01-13 22:26:30,985 - INFO - Epoch [9/100], Train Accuracy: 0.9503, Val Accuracy: 0.8891
2025-01-13 22:26:31,087 - INFO - Epoch [10/100], Train Accuracy: 0.9534, Val Accuracy: 0.8870
2025-01-13 22:26:31,097 - INFO - Fold 3 Validation Accuracy: 0.8870
2025-01-13 22:26:31,097 - INFO - Training for fold 4/5
2025-01-13 22:26:31,229 - INFO - Epoch [1/100], Train Accuracy: 0.3428, Val Accuracy: 0.3229
2025-01-13 22:26:31,325 - INFO - Epoch [2/100], Train Accuracy: 0.3993, Val Accuracy: 0.4969
2025-01-13 22:26:31,425 - INFO - Epoch [3/100], Train Accuracy: 0.6039, Val Accuracy: 0.5912
2025-01-13 22:26:31,521 - INFO - Epoch [4/100], Train Accuracy: 0.6672, Val Accuracy: 0.6876
2025-01-13 22:26:31,623 - INFO - Epoch [5/100], Train Accuracy: 0.8100, Val Accuracy: 0.8071
2025-01-13 22:26:31,744 - INFO - Epoch [6/100], Train Accuracy: 0.9095, Val Accuracy: 0.8616
2025-01-13 22:26:31,905 - INFO - Epoch [7/100], Train Accuracy: 0.9341, Val Accuracy: 0.8721
2025-01-13 22:26:32,048 - INFO - Epoch [8/100], Train Accuracy: 0.9367, Val Accuracy: 0.8763
2025-01-13 22:26:32,159 - INFO - Epoch [9/100], Train Accuracy: 0.9403, Val Accuracy: 0.8763
2025-01-13 22:26:32,263 - INFO - Epoch [10/100], Train Accuracy: 0.9466, Val Accuracy: 0.8763
2025-01-13 22:26:32,371 - INFO - Epoch [11/100], Train Accuracy: 0.9508, Val Accuracy: 0.8805
2025-01-13 22:26:32,475 - INFO - Epoch [12/100], Train Accuracy: 0.9566, Val Accuracy: 0.8868
2025-01-13 22:26:32,587 - INFO - Epoch [13/100], Train Accuracy: 0.9602, Val Accuracy: 0.8868
2025-01-13 22:26:32,755 - INFO - Epoch [14/100], Train Accuracy: 0.9644, Val Accuracy: 0.8910
2025-01-13 22:26:32,875 - INFO - Epoch [15/100], Train Accuracy: 0.9686, Val Accuracy: 0.8910
2025-01-13 22:26:32,980 - INFO - Epoch [16/100], Train Accuracy: 0.9717, Val Accuracy: 0.8931
2025-01-13 22:26:33,102 - INFO - Epoch [17/100], Train Accuracy: 0.9744, Val Accuracy: 0.8931
2025-01-13 22:26:33,269 - INFO - Epoch [18/100], Train Accuracy: 0.9785, Val Accuracy: 0.8931
2025-01-13 22:26:33,384 - INFO - Epoch [19/100], Train Accuracy: 0.9822, Val Accuracy: 0.8910
2025-01-13 22:26:33,401 - INFO - Fold 4 Validation Accuracy: 0.8910
2025-01-13 22:26:33,401 - INFO - Training for fold 5/5
2025-01-13 22:26:33,611 - INFO - Epoch [1/100], Train Accuracy: 0.3401, Val Accuracy: 0.3061
2025-01-13 22:26:33,728 - INFO - Epoch [2/100], Train Accuracy: 0.3401, Val Accuracy: 0.3061
2025-01-13 22:26:33,942 - INFO - Epoch [3/100], Train Accuracy: 0.3480, Val Accuracy: 0.3270
2025-01-13 22:26:34,135 - INFO - Epoch [4/100], Train Accuracy: 0.4929, Val Accuracy: 0.4843
2025-01-13 22:26:34,307 - INFO - Epoch [5/100], Train Accuracy: 0.6044, Val Accuracy: 0.5765
2025-01-13 22:26:34,425 - INFO - Epoch [6/100], Train Accuracy: 0.6593, Val Accuracy: 0.6164
2025-01-13 22:26:34,572 - INFO - Epoch [7/100], Train Accuracy: 0.6703, Val Accuracy: 0.6289
2025-01-13 22:26:34,677 - INFO - Epoch [8/100], Train Accuracy: 0.6850, Val Accuracy: 0.6352
2025-01-13 22:26:34,865 - INFO - Epoch [9/100], Train Accuracy: 0.7127, Val Accuracy: 0.6604
2025-01-13 22:26:35,004 - INFO - Epoch [10/100], Train Accuracy: 0.7520, Val Accuracy: 0.6897
2025-01-13 22:26:35,159 - INFO - Epoch [11/100], Train Accuracy: 0.7870, Val Accuracy: 0.7233
2025-01-13 22:26:35,296 - INFO - Epoch [12/100], Train Accuracy: 0.8341, Val Accuracy: 0.7715
2025-01-13 22:26:35,465 - INFO - Epoch [13/100], Train Accuracy: 0.8671, Val Accuracy: 0.8008
2025-01-13 22:26:35,567 - INFO - Epoch [14/100], Train Accuracy: 0.8891, Val Accuracy: 0.8281
2025-01-13 22:26:35,678 - INFO - Epoch [15/100], Train Accuracy: 0.9173, Val Accuracy: 0.8491
2025-01-13 22:26:35,777 - INFO - Epoch [16/100], Train Accuracy: 0.9278, Val Accuracy: 0.8553
2025-01-13 22:26:35,891 - INFO - Epoch [17/100], Train Accuracy: 0.9383, Val Accuracy: 0.8637
2025-01-13 22:26:36,027 - INFO - Epoch [18/100], Train Accuracy: 0.9477, Val Accuracy: 0.8679
2025-01-13 22:26:36,202 - INFO - Epoch [19/100], Train Accuracy: 0.9592, Val Accuracy: 0.8763
2025-01-13 22:26:36,313 - INFO - Epoch [20/100], Train Accuracy: 0.9644, Val Accuracy: 0.8742
2025-01-13 22:26:36,327 - INFO - Fold 5 Validation Accuracy: 0.8742
2025-01-13 22:26:36,328 - INFO - Average Validation Accuracy (Over 5 folds): 0.8171 

2025-01-13 22:26:36,526 - INFO - Training with Vectorized Data 2000 features. Dropout Rate 0.70. Dataset Size 2388. 8 neurons.
2025-01-13 22:26:36,527 - INFO - Training for fold 1/5
2025-01-13 22:26:36,677 - INFO - Epoch [1/100], Train Accuracy: 0.3236, Val Accuracy: 0.3724
2025-01-13 22:26:36,869 - INFO - Epoch [2/100], Train Accuracy: 0.3277, Val Accuracy: 0.4310
2025-01-13 22:26:37,012 - INFO - Epoch [3/100], Train Accuracy: 0.5560, Val Accuracy: 0.6444
2025-01-13 22:26:37,233 - INFO - Epoch [4/100], Train Accuracy: 0.7513, Val Accuracy: 0.7866
2025-01-13 22:26:37,343 - INFO - Epoch [5/100], Train Accuracy: 0.9042, Val Accuracy: 0.8556
2025-01-13 22:26:37,463 - INFO - Epoch [6/100], Train Accuracy: 0.9351, Val Accuracy: 0.8891
2025-01-13 22:26:37,683 - INFO - Epoch [7/100], Train Accuracy: 0.9476, Val Accuracy: 0.9038
2025-01-13 22:26:37,914 - INFO - Epoch [8/100], Train Accuracy: 0.9560, Val Accuracy: 0.9059
2025-01-13 22:26:38,305 - INFO - Epoch [9/100], Train Accuracy: 0.9607, Val Accuracy: 0.9100
2025-01-13 22:26:38,626 - INFO - Epoch [10/100], Train Accuracy: 0.9654, Val Accuracy: 0.9100
2025-01-13 22:26:38,989 - INFO - Epoch [11/100], Train Accuracy: 0.9712, Val Accuracy: 0.9163
2025-01-13 22:26:39,310 - INFO - Epoch [12/100], Train Accuracy: 0.9749, Val Accuracy: 0.9205
2025-01-13 22:26:39,600 - INFO - Epoch [13/100], Train Accuracy: 0.9796, Val Accuracy: 0.9226
2025-01-13 22:26:39,945 - INFO - Epoch [14/100], Train Accuracy: 0.9827, Val Accuracy: 0.9226
2025-01-13 22:26:40,257 - INFO - Epoch [15/100], Train Accuracy: 0.9848, Val Accuracy: 0.9226
2025-01-13 22:26:40,502 - INFO - Epoch [16/100], Train Accuracy: 0.9869, Val Accuracy: 0.9226
2025-01-13 22:26:40,827 - INFO - Epoch [17/100], Train Accuracy: 0.9901, Val Accuracy: 0.9205
2025-01-13 22:26:40,974 - INFO - Epoch [18/100], Train Accuracy: 0.9916, Val Accuracy: 0.9205
2025-01-13 22:26:41,157 - INFO - Epoch [19/100], Train Accuracy: 0.9921, Val Accuracy: 0.9205
2025-01-13 22:26:41,365 - INFO - Epoch [20/100], Train Accuracy: 0.9937, Val Accuracy: 0.9205
2025-01-13 22:26:41,635 - INFO - Epoch [21/100], Train Accuracy: 0.9937, Val Accuracy: 0.9205
2025-01-13 22:26:41,868 - INFO - Epoch [22/100], Train Accuracy: 0.9948, Val Accuracy: 0.9205
2025-01-13 22:26:41,988 - INFO - Epoch [23/100], Train Accuracy: 0.9948, Val Accuracy: 0.9184
2025-01-13 22:26:42,138 - INFO - Epoch [24/100], Train Accuracy: 0.9958, Val Accuracy: 0.9205
2025-01-13 22:26:42,285 - INFO - Epoch [25/100], Train Accuracy: 0.9974, Val Accuracy: 0.9205
2025-01-13 22:26:42,446 - INFO - Epoch [26/100], Train Accuracy: 0.9979, Val Accuracy: 0.9205
2025-01-13 22:26:42,567 - INFO - Epoch [27/100], Train Accuracy: 0.9974, Val Accuracy: 0.9184
2025-01-13 22:26:42,686 - INFO - Epoch [28/100], Train Accuracy: 0.9979, Val Accuracy: 0.9247
2025-01-13 22:26:42,851 - INFO - Epoch [29/100], Train Accuracy: 0.9979, Val Accuracy: 0.9205
2025-01-13 22:26:42,984 - INFO - Epoch [30/100], Train Accuracy: 0.9979, Val Accuracy: 0.9226
2025-01-13 22:26:43,123 - INFO - Epoch [31/100], Train Accuracy: 0.9984, Val Accuracy: 0.9205
2025-01-13 22:26:43,259 - INFO - Epoch [32/100], Train Accuracy: 0.9984, Val Accuracy: 0.9205
2025-01-13 22:26:43,384 - INFO - Epoch [33/100], Train Accuracy: 0.9984, Val Accuracy: 0.9205
2025-01-13 22:26:43,560 - INFO - Epoch [34/100], Train Accuracy: 0.9984, Val Accuracy: 0.9205
2025-01-13 22:26:43,728 - INFO - Epoch [35/100], Train Accuracy: 0.9984, Val Accuracy: 0.9205
2025-01-13 22:26:43,877 - INFO - Epoch [36/100], Train Accuracy: 0.9984, Val Accuracy: 0.9205
2025-01-13 22:26:44,054 - INFO - Epoch [37/100], Train Accuracy: 0.9984, Val Accuracy: 0.9205
2025-01-13 22:26:44,253 - INFO - Epoch [38/100], Train Accuracy: 0.9984, Val Accuracy: 0.9226
2025-01-13 22:26:44,391 - INFO - Epoch [39/100], Train Accuracy: 0.9984, Val Accuracy: 0.9226
2025-01-13 22:26:44,515 - INFO - Epoch [40/100], Train Accuracy: 0.9984, Val Accuracy: 0.9226
2025-01-13 22:26:44,642 - INFO - Epoch [41/100], Train Accuracy: 0.9984, Val Accuracy: 0.9226
2025-01-13 22:26:44,754 - INFO - Epoch [42/100], Train Accuracy: 0.9984, Val Accuracy: 0.9226
2025-01-13 22:26:44,868 - INFO - Epoch [43/100], Train Accuracy: 0.9984, Val Accuracy: 0.9226
2025-01-13 22:26:44,969 - INFO - Epoch [44/100], Train Accuracy: 0.9984, Val Accuracy: 0.9226
2025-01-13 22:26:45,080 - INFO - Epoch [45/100], Train Accuracy: 0.9984, Val Accuracy: 0.9226
2025-01-13 22:26:45,219 - INFO - Epoch [46/100], Train Accuracy: 0.9984, Val Accuracy: 0.9226
2025-01-13 22:26:45,325 - INFO - Epoch [47/100], Train Accuracy: 0.9984, Val Accuracy: 0.9226
2025-01-13 22:26:45,429 - INFO - Epoch [48/100], Train Accuracy: 0.9984, Val Accuracy: 0.9226
2025-01-13 22:26:45,541 - INFO - Epoch [49/100], Train Accuracy: 0.9984, Val Accuracy: 0.9226
2025-01-13 22:26:45,650 - INFO - Epoch [50/100], Train Accuracy: 0.9984, Val Accuracy: 0.9226
2025-01-13 22:26:45,780 - INFO - Epoch [51/100], Train Accuracy: 0.9984, Val Accuracy: 0.9226
2025-01-13 22:26:45,907 - INFO - Epoch [52/100], Train Accuracy: 0.9984, Val Accuracy: 0.9226
2025-01-13 22:26:46,029 - INFO - Epoch [53/100], Train Accuracy: 0.9984, Val Accuracy: 0.9247
2025-01-13 22:26:46,245 - INFO - Epoch [54/100], Train Accuracy: 0.9984, Val Accuracy: 0.9247
2025-01-13 22:26:46,381 - INFO - Epoch [55/100], Train Accuracy: 0.9984, Val Accuracy: 0.9247
2025-01-13 22:26:46,505 - INFO - Epoch [56/100], Train Accuracy: 0.9984, Val Accuracy: 0.9247
2025-01-13 22:26:46,625 - INFO - Epoch [57/100], Train Accuracy: 0.9984, Val Accuracy: 0.9247
2025-01-13 22:26:46,753 - INFO - Epoch [58/100], Train Accuracy: 0.9984, Val Accuracy: 0.9247
2025-01-13 22:26:46,885 - INFO - Epoch [59/100], Train Accuracy: 0.9984, Val Accuracy: 0.9247
2025-01-13 22:26:47,024 - INFO - Epoch [60/100], Train Accuracy: 0.9984, Val Accuracy: 0.9247
2025-01-13 22:26:47,169 - INFO - Epoch [61/100], Train Accuracy: 0.9984, Val Accuracy: 0.9247
2025-01-13 22:26:47,313 - INFO - Epoch [62/100], Train Accuracy: 0.9984, Val Accuracy: 0.9247
2025-01-13 22:26:47,439 - INFO - Epoch [63/100], Train Accuracy: 0.9984, Val Accuracy: 0.9247
2025-01-13 22:26:47,567 - INFO - Epoch [64/100], Train Accuracy: 0.9984, Val Accuracy: 0.9247
2025-01-13 22:26:47,703 - INFO - Epoch [65/100], Train Accuracy: 0.9984, Val Accuracy: 0.9247
2025-01-13 22:26:47,846 - INFO - Epoch [66/100], Train Accuracy: 0.9984, Val Accuracy: 0.9247
2025-01-13 22:26:47,984 - INFO - Epoch [67/100], Train Accuracy: 0.9984, Val Accuracy: 0.9226
2025-01-13 22:26:48,110 - INFO - Epoch [68/100], Train Accuracy: 0.9984, Val Accuracy: 0.9226
2025-01-13 22:26:48,241 - INFO - Epoch [69/100], Train Accuracy: 0.9984, Val Accuracy: 0.9226
2025-01-13 22:26:48,366 - INFO - Epoch [70/100], Train Accuracy: 0.9984, Val Accuracy: 0.9226
2025-01-13 22:26:48,491 - INFO - Epoch [71/100], Train Accuracy: 0.9984, Val Accuracy: 0.9226
2025-01-13 22:26:48,615 - INFO - Epoch [72/100], Train Accuracy: 0.9984, Val Accuracy: 0.9226
2025-01-13 22:26:48,758 - INFO - Epoch [73/100], Train Accuracy: 0.9990, Val Accuracy: 0.9226
2025-01-13 22:26:48,882 - INFO - Epoch [74/100], Train Accuracy: 0.9990, Val Accuracy: 0.9226
2025-01-13 22:26:49,006 - INFO - Epoch [75/100], Train Accuracy: 0.9990, Val Accuracy: 0.9226
2025-01-13 22:26:49,130 - INFO - Epoch [76/100], Train Accuracy: 0.9990, Val Accuracy: 0.9226
2025-01-13 22:26:49,249 - INFO - Epoch [77/100], Train Accuracy: 0.9990, Val Accuracy: 0.9226
2025-01-13 22:26:49,372 - INFO - Epoch [78/100], Train Accuracy: 0.9990, Val Accuracy: 0.9226
2025-01-13 22:26:49,497 - INFO - Epoch [79/100], Train Accuracy: 0.9990, Val Accuracy: 0.9226
2025-01-13 22:26:49,619 - INFO - Epoch [80/100], Train Accuracy: 0.9990, Val Accuracy: 0.9226
2025-01-13 22:26:49,738 - INFO - Epoch [81/100], Train Accuracy: 0.9990, Val Accuracy: 0.9226
2025-01-13 22:26:49,861 - INFO - Epoch [82/100], Train Accuracy: 0.9990, Val Accuracy: 0.9226
2025-01-13 22:26:50,036 - INFO - Epoch [83/100], Train Accuracy: 0.9990, Val Accuracy: 0.9226
2025-01-13 22:26:50,146 - INFO - Epoch [84/100], Train Accuracy: 0.9990, Val Accuracy: 0.9226
2025-01-13 22:26:50,266 - INFO - Epoch [85/100], Train Accuracy: 0.9990, Val Accuracy: 0.9226
2025-01-13 22:26:50,395 - INFO - Epoch [86/100], Train Accuracy: 0.9990, Val Accuracy: 0.9226
2025-01-13 22:26:50,530 - INFO - Epoch [87/100], Train Accuracy: 0.9990, Val Accuracy: 0.9226
2025-01-13 22:26:50,649 - INFO - Epoch [88/100], Train Accuracy: 0.9990, Val Accuracy: 0.9226
2025-01-13 22:26:50,774 - INFO - Epoch [89/100], Train Accuracy: 0.9990, Val Accuracy: 0.9226
2025-01-13 22:26:50,888 - INFO - Epoch [90/100], Train Accuracy: 0.9990, Val Accuracy: 0.9226
2025-01-13 22:26:50,996 - INFO - Epoch [91/100], Train Accuracy: 0.9990, Val Accuracy: 0.9226
2025-01-13 22:26:51,148 - INFO - Epoch [92/100], Train Accuracy: 0.9990, Val Accuracy: 0.9226
2025-01-13 22:26:51,307 - INFO - Epoch [93/100], Train Accuracy: 0.9990, Val Accuracy: 0.9226
2025-01-13 22:26:51,542 - INFO - Epoch [94/100], Train Accuracy: 0.9990, Val Accuracy: 0.9226
2025-01-13 22:26:51,718 - INFO - Epoch [95/100], Train Accuracy: 0.9990, Val Accuracy: 0.9226
2025-01-13 22:26:51,897 - INFO - Epoch [96/100], Train Accuracy: 0.9990, Val Accuracy: 0.9247
2025-01-13 22:26:52,193 - INFO - Epoch [97/100], Train Accuracy: 0.9990, Val Accuracy: 0.9226
2025-01-13 22:26:52,337 - INFO - Epoch [98/100], Train Accuracy: 0.9990, Val Accuracy: 0.9226
2025-01-13 22:26:52,474 - INFO - Epoch [99/100], Train Accuracy: 0.9990, Val Accuracy: 0.9226
2025-01-13 22:26:52,636 - INFO - Epoch [100/100], Train Accuracy: 0.9990, Val Accuracy: 0.9226
2025-01-13 22:26:52,649 - INFO - Fold 1 Validation Accuracy: 0.9226
2025-01-13 22:26:52,649 - INFO - Training for fold 2/5
2025-01-13 22:26:52,881 - INFO - Epoch [1/100], Train Accuracy: 0.3586, Val Accuracy: 0.3347
2025-01-13 22:26:52,985 - INFO - Epoch [2/100], Train Accuracy: 0.5382, Val Accuracy: 0.6192
2025-01-13 22:26:53,165 - INFO - Epoch [3/100], Train Accuracy: 0.7387, Val Accuracy: 0.7510
2025-01-13 22:26:53,293 - INFO - Epoch [4/100], Train Accuracy: 0.8628, Val Accuracy: 0.8305
2025-01-13 22:26:53,438 - INFO - Epoch [5/100], Train Accuracy: 0.9089, Val Accuracy: 0.8682
2025-01-13 22:26:53,574 - INFO - Epoch [6/100], Train Accuracy: 0.9314, Val Accuracy: 0.8724
2025-01-13 22:26:53,723 - INFO - Epoch [7/100], Train Accuracy: 0.9414, Val Accuracy: 0.8766
2025-01-13 22:26:53,892 - INFO - Epoch [8/100], Train Accuracy: 0.9476, Val Accuracy: 0.8808
2025-01-13 22:26:54,025 - INFO - Epoch [9/100], Train Accuracy: 0.9576, Val Accuracy: 0.8849
2025-01-13 22:26:54,172 - INFO - Epoch [10/100], Train Accuracy: 0.9639, Val Accuracy: 0.8912
2025-01-13 22:26:54,276 - INFO - Epoch [11/100], Train Accuracy: 0.9696, Val Accuracy: 0.8912
2025-01-13 22:26:54,436 - INFO - Epoch [12/100], Train Accuracy: 0.9738, Val Accuracy: 0.8933
2025-01-13 22:26:54,542 - INFO - Epoch [13/100], Train Accuracy: 0.9764, Val Accuracy: 0.9017
2025-01-13 22:26:54,642 - INFO - Epoch [14/100], Train Accuracy: 0.9796, Val Accuracy: 0.8996
2025-01-13 22:26:54,655 - INFO - Fold 2 Validation Accuracy: 0.8996
2025-01-13 22:26:54,656 - INFO - Training for fold 3/5
2025-01-13 22:26:54,835 - INFO - Epoch [1/100], Train Accuracy: 0.3346, Val Accuracy: 0.3347
2025-01-13 22:26:54,952 - INFO - Epoch [2/100], Train Accuracy: 0.3895, Val Accuracy: 0.5502
2025-01-13 22:26:55,097 - INFO - Epoch [3/100], Train Accuracy: 0.6492, Val Accuracy: 0.6234
2025-01-13 22:26:55,226 - INFO - Epoch [4/100], Train Accuracy: 0.6984, Val Accuracy: 0.6695
2025-01-13 22:26:55,400 - INFO - Epoch [5/100], Train Accuracy: 0.7691, Val Accuracy: 0.7385
2025-01-13 22:26:55,544 - INFO - Epoch [6/100], Train Accuracy: 0.8429, Val Accuracy: 0.8201
2025-01-13 22:26:55,731 - INFO - Epoch [7/100], Train Accuracy: 0.9105, Val Accuracy: 0.8536
2025-01-13 22:26:55,890 - INFO - Epoch [8/100], Train Accuracy: 0.9445, Val Accuracy: 0.8808
2025-01-13 22:26:56,042 - INFO - Epoch [9/100], Train Accuracy: 0.9613, Val Accuracy: 0.8891
2025-01-13 22:26:56,205 - INFO - Epoch [10/100], Train Accuracy: 0.9665, Val Accuracy: 0.8954
2025-01-13 22:26:56,383 - INFO - Epoch [11/100], Train Accuracy: 0.9728, Val Accuracy: 0.9017
2025-01-13 22:26:56,540 - INFO - Epoch [12/100], Train Accuracy: 0.9801, Val Accuracy: 0.9038
2025-01-13 22:26:56,715 - INFO - Epoch [13/100], Train Accuracy: 0.9827, Val Accuracy: 0.9059
2025-01-13 22:26:56,841 - INFO - Epoch [14/100], Train Accuracy: 0.9853, Val Accuracy: 0.9059
2025-01-13 22:26:56,975 - INFO - Epoch [15/100], Train Accuracy: 0.9895, Val Accuracy: 0.9059
2025-01-13 22:26:57,100 - INFO - Epoch [16/100], Train Accuracy: 0.9911, Val Accuracy: 0.9038
2025-01-13 22:26:57,237 - INFO - Epoch [17/100], Train Accuracy: 0.9937, Val Accuracy: 0.9100
2025-01-13 22:26:57,410 - INFO - Epoch [18/100], Train Accuracy: 0.9942, Val Accuracy: 0.9100
2025-01-13 22:26:57,560 - INFO - Epoch [19/100], Train Accuracy: 0.9948, Val Accuracy: 0.9100
2025-01-13 22:26:57,692 - INFO - Epoch [20/100], Train Accuracy: 0.9948, Val Accuracy: 0.9079
2025-01-13 22:26:57,871 - INFO - Epoch [21/100], Train Accuracy: 0.9953, Val Accuracy: 0.9079
2025-01-13 22:26:58,073 - INFO - Epoch [22/100], Train Accuracy: 0.9953, Val Accuracy: 0.9079
2025-01-13 22:26:58,225 - INFO - Epoch [23/100], Train Accuracy: 0.9969, Val Accuracy: 0.9059
2025-01-13 22:26:58,397 - INFO - Epoch [24/100], Train Accuracy: 0.9979, Val Accuracy: 0.9079
2025-01-13 22:26:58,589 - INFO - Epoch [25/100], Train Accuracy: 0.9984, Val Accuracy: 0.9079
2025-01-13 22:26:58,774 - INFO - Epoch [26/100], Train Accuracy: 0.9984, Val Accuracy: 0.9059
2025-01-13 22:26:58,899 - INFO - Epoch [27/100], Train Accuracy: 0.9984, Val Accuracy: 0.9038
2025-01-13 22:26:59,110 - INFO - Epoch [28/100], Train Accuracy: 0.9984, Val Accuracy: 0.9059
2025-01-13 22:26:59,225 - INFO - Epoch [29/100], Train Accuracy: 0.9984, Val Accuracy: 0.9059
2025-01-13 22:26:59,327 - INFO - Epoch [30/100], Train Accuracy: 0.9984, Val Accuracy: 0.9059
2025-01-13 22:26:59,430 - INFO - Epoch [31/100], Train Accuracy: 0.9984, Val Accuracy: 0.9059
2025-01-13 22:26:59,602 - INFO - Epoch [32/100], Train Accuracy: 0.9984, Val Accuracy: 0.9038
2025-01-13 22:26:59,776 - INFO - Epoch [33/100], Train Accuracy: 0.9984, Val Accuracy: 0.9059
2025-01-13 22:26:59,934 - INFO - Epoch [34/100], Train Accuracy: 0.9990, Val Accuracy: 0.9017
2025-01-13 22:27:00,057 - INFO - Epoch [35/100], Train Accuracy: 0.9990, Val Accuracy: 0.9017
2025-01-13 22:27:00,201 - INFO - Epoch [36/100], Train Accuracy: 0.9990, Val Accuracy: 0.9017
2025-01-13 22:27:00,317 - INFO - Epoch [37/100], Train Accuracy: 0.9990, Val Accuracy: 0.9017
2025-01-13 22:27:00,430 - INFO - Epoch [38/100], Train Accuracy: 0.9990, Val Accuracy: 0.9017
2025-01-13 22:27:00,550 - INFO - Epoch [39/100], Train Accuracy: 0.9990, Val Accuracy: 0.8996
2025-01-13 22:27:00,658 - INFO - Epoch [40/100], Train Accuracy: 0.9990, Val Accuracy: 0.9017
