2025-01-12 16:05:14,651 - INFO - Testing console logging.
2025-01-12 16:05:14,956 - INFO - Training with Vectorized Data 1000 features. Dropout Rate 0.10. Dataset Size 2400
2025-01-12 16:05:16,173 - INFO - Epoch [1/100], Train Accuracy: 0.6281, Val Accuracy: 0.8750
2025-01-12 16:05:16,308 - INFO - Epoch [2/100], Train Accuracy: 0.9313, Val Accuracy: 0.9021
2025-01-12 16:05:16,410 - INFO - Epoch [3/100], Train Accuracy: 0.9771, Val Accuracy: 0.9333
2025-01-12 16:05:16,517 - INFO - Epoch [4/100], Train Accuracy: 0.9974, Val Accuracy: 0.9375
2025-01-12 16:05:16,527 - INFO - Fold 1 Validation Accuracy: 0.9375
2025-01-12 16:05:16,531 - INFO - Save model to C:\Users\LeoLi\OneDrive - 学校法人立命館\Ritsumei\4th_Semester\Artificial_Intelligence\final_project\code\FNN/model/2025-01-12/16-05-14/model_0.pth
2025-01-12 16:05:16,650 - INFO - Epoch [1/100], Train Accuracy: 0.6292, Val Accuracy: 0.8938
2025-01-12 16:05:16,756 - INFO - Epoch [2/100], Train Accuracy: 0.9323, Val Accuracy: 0.9271
2025-01-12 16:05:16,868 - INFO - Epoch [3/100], Train Accuracy: 0.9885, Val Accuracy: 0.9437
2025-01-12 16:05:16,973 - INFO - Epoch [4/100], Train Accuracy: 0.9984, Val Accuracy: 0.9396
2025-01-12 16:05:16,987 - INFO - Fold 2 Validation Accuracy: 0.9396
2025-01-12 16:05:16,990 - INFO - Save model to C:\Users\LeoLi\OneDrive - 学校法人立命館\Ritsumei\4th_Semester\Artificial_Intelligence\final_project\code\FNN/model/2025-01-12/16-05-14/model_1.pth
2025-01-12 16:05:17,105 - INFO - Epoch [1/100], Train Accuracy: 0.6526, Val Accuracy: 0.8854
2025-01-12 16:05:17,222 - INFO - Epoch [2/100], Train Accuracy: 0.9240, Val Accuracy: 0.9292
2025-01-12 16:05:17,328 - INFO - Epoch [3/100], Train Accuracy: 0.9802, Val Accuracy: 0.9396
2025-01-12 16:05:17,435 - INFO - Epoch [4/100], Train Accuracy: 0.9979, Val Accuracy: 0.9396
2025-01-12 16:05:17,446 - INFO - Fold 3 Validation Accuracy: 0.9396
2025-01-12 16:05:17,450 - INFO - Save model to C:\Users\LeoLi\OneDrive - 学校法人立命館\Ritsumei\4th_Semester\Artificial_Intelligence\final_project\code\FNN/model/2025-01-12/16-05-14/model_2.pth
2025-01-12 16:05:17,572 - INFO - Epoch [1/100], Train Accuracy: 0.7245, Val Accuracy: 0.8729
2025-01-12 16:05:17,681 - INFO - Epoch [2/100], Train Accuracy: 0.9396, Val Accuracy: 0.9417
2025-01-12 16:05:17,791 - INFO - Epoch [3/100], Train Accuracy: 0.9875, Val Accuracy: 0.9479
2025-01-12 16:05:17,895 - INFO - Epoch [4/100], Train Accuracy: 0.9984, Val Accuracy: 0.9500
2025-01-12 16:05:17,910 - INFO - Fold 4 Validation Accuracy: 0.9500
2025-01-12 16:05:17,914 - INFO - Save model to C:\Users\LeoLi\OneDrive - 学校法人立命館\Ritsumei\4th_Semester\Artificial_Intelligence\final_project\code\FNN/model/2025-01-12/16-05-14/model_3.pth
2025-01-12 16:05:18,037 - INFO - Epoch [1/100], Train Accuracy: 0.6271, Val Accuracy: 0.8896
2025-01-12 16:05:18,150 - INFO - Epoch [2/100], Train Accuracy: 0.9365, Val Accuracy: 0.9208
2025-01-12 16:05:18,268 - INFO - Epoch [3/100], Train Accuracy: 0.9854, Val Accuracy: 0.9271
2025-01-12 16:05:18,381 - INFO - Epoch [4/100], Train Accuracy: 0.9984, Val Accuracy: 0.9208
2025-01-12 16:05:18,392 - INFO - Fold 5 Validation Accuracy: 0.9208
2025-01-12 16:05:18,396 - INFO - Save model to C:\Users\LeoLi\OneDrive - 学校法人立命館\Ritsumei\4th_Semester\Artificial_Intelligence\final_project\code\FNN/model/2025-01-12/16-05-14/model_4.pth
2025-01-12 16:05:18,396 - INFO - 
Average Validation Accuracy (Over 5 folds): 0.9375 

2025-01-12 16:05:18,621 - INFO - Training with Vectorized Data 1000 features. Dropout Rate 0.20. Dataset Size 2400
2025-01-12 16:05:18,741 - INFO - Epoch [1/100], Train Accuracy: 0.6891, Val Accuracy: 0.8771
2025-01-12 16:05:18,863 - INFO - Epoch [2/100], Train Accuracy: 0.9370, Val Accuracy: 0.9250
2025-01-12 16:05:18,975 - INFO - Epoch [3/100], Train Accuracy: 0.9859, Val Accuracy: 0.9208
2025-01-12 16:05:18,986 - INFO - Fold 1 Validation Accuracy: 0.9208
2025-01-12 16:05:18,990 - INFO - Save model to C:\Users\LeoLi\OneDrive - 学校法人立命館\Ritsumei\4th_Semester\Artificial_Intelligence\final_project\code\FNN/model/2025-01-12/16-05-18/model_0.pth
2025-01-12 16:05:19,123 - INFO - Epoch [1/100], Train Accuracy: 0.6130, Val Accuracy: 0.9042
2025-01-12 16:05:19,259 - INFO - Epoch [2/100], Train Accuracy: 0.9323, Val Accuracy: 0.9167
2025-01-12 16:05:19,376 - INFO - Epoch [3/100], Train Accuracy: 0.9849, Val Accuracy: 0.9333
2025-01-12 16:05:19,491 - INFO - Epoch [4/100], Train Accuracy: 0.9979, Val Accuracy: 0.9313
2025-01-12 16:05:19,501 - INFO - Fold 2 Validation Accuracy: 0.9313
2025-01-12 16:05:19,504 - INFO - Save model to C:\Users\LeoLi\OneDrive - 学校法人立命館\Ritsumei\4th_Semester\Artificial_Intelligence\final_project\code\FNN/model/2025-01-12/16-05-18/model_1.pth
2025-01-12 16:05:19,625 - INFO - Epoch [1/100], Train Accuracy: 0.5870, Val Accuracy: 0.8208
2025-01-12 16:05:19,792 - INFO - Epoch [2/100], Train Accuracy: 0.9276, Val Accuracy: 0.9292
2025-01-12 16:05:19,914 - INFO - Epoch [3/100], Train Accuracy: 0.9849, Val Accuracy: 0.9292
2025-01-12 16:05:20,054 - INFO - Epoch [4/100], Train Accuracy: 0.9990, Val Accuracy: 0.9292
2025-01-12 16:05:20,062 - INFO - Fold 3 Validation Accuracy: 0.9292
2025-01-12 16:05:20,065 - INFO - Save model to C:\Users\LeoLi\OneDrive - 学校法人立命館\Ritsumei\4th_Semester\Artificial_Intelligence\final_project\code\FNN/model/2025-01-12/16-05-18/model_2.pth
2025-01-12 16:05:20,186 - INFO - Epoch [1/100], Train Accuracy: 0.6734, Val Accuracy: 0.8896
2025-01-12 16:05:20,337 - INFO - Epoch [2/100], Train Accuracy: 0.9250, Val Accuracy: 0.9417
2025-01-12 16:05:20,485 - INFO - Epoch [3/100], Train Accuracy: 0.9828, Val Accuracy: 0.9542
2025-01-12 16:05:20,613 - INFO - Epoch [4/100], Train Accuracy: 0.9995, Val Accuracy: 0.9521
2025-01-12 16:05:20,636 - INFO - Fold 4 Validation Accuracy: 0.9521
2025-01-12 16:05:20,647 - INFO - Save model to C:\Users\LeoLi\OneDrive - 学校法人立命館\Ritsumei\4th_Semester\Artificial_Intelligence\final_project\code\FNN/model/2025-01-12/16-05-18/model_3.pth
2025-01-12 16:05:20,787 - INFO - Epoch [1/100], Train Accuracy: 0.6219, Val Accuracy: 0.8771
2025-01-12 16:05:20,906 - INFO - Epoch [2/100], Train Accuracy: 0.9339, Val Accuracy: 0.9292
2025-01-12 16:05:21,027 - INFO - Epoch [3/100], Train Accuracy: 0.9844, Val Accuracy: 0.9437
2025-01-12 16:05:21,139 - INFO - Epoch [4/100], Train Accuracy: 0.9990, Val Accuracy: 0.9375
2025-01-12 16:05:21,162 - INFO - Fold 5 Validation Accuracy: 0.9375
2025-01-12 16:05:21,166 - INFO - Save model to C:\Users\LeoLi\OneDrive - 学校法人立命館\Ritsumei\4th_Semester\Artificial_Intelligence\final_project\code\FNN/model/2025-01-12/16-05-18/model_4.pth
2025-01-12 16:05:21,166 - INFO - 
Average Validation Accuracy (Over 5 folds): 0.9342 

2025-01-12 16:05:21,340 - INFO - Training with Vectorized Data 1000 features. Dropout Rate 0.30. Dataset Size 2400
2025-01-12 16:05:21,526 - INFO - Epoch [1/100], Train Accuracy: 0.6438, Val Accuracy: 0.8750
2025-01-12 16:05:21,631 - INFO - Epoch [2/100], Train Accuracy: 0.9292, Val Accuracy: 0.9396
2025-01-12 16:05:21,763 - INFO - Epoch [3/100], Train Accuracy: 0.9807, Val Accuracy: 0.9667
2025-01-12 16:05:21,879 - INFO - Epoch [4/100], Train Accuracy: 0.9979, Val Accuracy: 0.9625
2025-01-12 16:05:21,889 - INFO - Fold 1 Validation Accuracy: 0.9625
2025-01-12 16:05:21,892 - INFO - Save model to C:\Users\LeoLi\OneDrive - 学校法人立命館\Ritsumei\4th_Semester\Artificial_Intelligence\final_project\code\FNN/model/2025-01-12/16-05-21/model_0.pth
2025-01-12 16:05:22,022 - INFO - Epoch [1/100], Train Accuracy: 0.5745, Val Accuracy: 0.9125
2025-01-12 16:05:22,129 - INFO - Epoch [2/100], Train Accuracy: 0.9276, Val Accuracy: 0.9375
2025-01-12 16:05:22,241 - INFO - Epoch [3/100], Train Accuracy: 0.9818, Val Accuracy: 0.9563
2025-01-12 16:05:22,367 - INFO - Epoch [4/100], Train Accuracy: 0.9979, Val Accuracy: 0.9542
2025-01-12 16:05:22,376 - INFO - Fold 2 Validation Accuracy: 0.9542
2025-01-12 16:05:22,379 - INFO - Save model to C:\Users\LeoLi\OneDrive - 学校法人立命館\Ritsumei\4th_Semester\Artificial_Intelligence\final_project\code\FNN/model/2025-01-12/16-05-21/model_1.pth
2025-01-12 16:05:22,522 - INFO - Epoch [1/100], Train Accuracy: 0.5927, Val Accuracy: 0.8562
2025-01-12 16:05:22,655 - INFO - Epoch [2/100], Train Accuracy: 0.9323, Val Accuracy: 0.9250
2025-01-12 16:05:22,786 - INFO - Epoch [3/100], Train Accuracy: 0.9839, Val Accuracy: 0.9437
2025-01-12 16:05:22,889 - INFO - Epoch [4/100], Train Accuracy: 0.9979, Val Accuracy: 0.9417
2025-01-12 16:05:22,901 - INFO - Fold 3 Validation Accuracy: 0.9417
2025-01-12 16:05:22,905 - INFO - Save model to C:\Users\LeoLi\OneDrive - 学校法人立命館\Ritsumei\4th_Semester\Artificial_Intelligence\final_project\code\FNN/model/2025-01-12/16-05-21/model_2.pth
2025-01-12 16:05:23,015 - INFO - Epoch [1/100], Train Accuracy: 0.6573, Val Accuracy: 0.8688
2025-01-12 16:05:23,201 - INFO - Epoch [2/100], Train Accuracy: 0.9323, Val Accuracy: 0.9208
2025-01-12 16:05:23,313 - INFO - Epoch [3/100], Train Accuracy: 0.9839, Val Accuracy: 0.9208
2025-01-12 16:05:23,418 - INFO - Epoch [4/100], Train Accuracy: 0.9984, Val Accuracy: 0.9396
2025-01-12 16:05:23,428 - INFO - Fold 4 Validation Accuracy: 0.9396
2025-01-12 16:05:23,432 - INFO - Save model to C:\Users\LeoLi\OneDrive - 学校法人立命館\Ritsumei\4th_Semester\Artificial_Intelligence\final_project\code\FNN/model/2025-01-12/16-05-21/model_3.pth
2025-01-12 16:05:23,580 - INFO - Epoch [1/100], Train Accuracy: 0.5953, Val Accuracy: 0.8750
2025-01-12 16:05:23,746 - INFO - Epoch [2/100], Train Accuracy: 0.9260, Val Accuracy: 0.9125
2025-01-12 16:05:23,874 - INFO - Epoch [3/100], Train Accuracy: 0.9828, Val Accuracy: 0.9375
2025-01-12 16:05:23,980 - INFO - Epoch [4/100], Train Accuracy: 0.9979, Val Accuracy: 0.9375
2025-01-12 16:05:23,990 - INFO - Fold 5 Validation Accuracy: 0.9375
2025-01-12 16:05:23,996 - INFO - Save model to C:\Users\LeoLi\OneDrive - 学校法人立命館\Ritsumei\4th_Semester\Artificial_Intelligence\final_project\code\FNN/model/2025-01-12/16-05-21/model_4.pth
2025-01-12 16:05:23,996 - INFO - 
Average Validation Accuracy (Over 5 folds): 0.9471 

2025-01-12 16:05:24,161 - INFO - Training with Vectorized Data 1000 features. Dropout Rate 0.40. Dataset Size 2400
2025-01-12 16:05:24,289 - INFO - Epoch [1/100], Train Accuracy: 0.5667, Val Accuracy: 0.8958
2025-01-12 16:05:24,429 - INFO - Epoch [2/100], Train Accuracy: 0.9359, Val Accuracy: 0.9292
2025-01-12 16:05:24,647 - INFO - Epoch [3/100], Train Accuracy: 0.9859, Val Accuracy: 0.9396
2025-01-12 16:05:24,839 - INFO - Epoch [4/100], Train Accuracy: 0.9990, Val Accuracy: 0.9437
2025-01-12 16:05:24,861 - INFO - Fold 1 Validation Accuracy: 0.9437
2025-01-12 16:05:24,867 - INFO - Save model to C:\Users\LeoLi\OneDrive - 学校法人立命館\Ritsumei\4th_Semester\Artificial_Intelligence\final_project\code\FNN/model/2025-01-12/16-05-23/model_0.pth
2025-01-12 16:05:25,051 - INFO - Epoch [1/100], Train Accuracy: 0.6094, Val Accuracy: 0.8667
2025-01-12 16:05:25,175 - INFO - Epoch [2/100], Train Accuracy: 0.9380, Val Accuracy: 0.9083
2025-01-12 16:05:25,289 - INFO - Epoch [3/100], Train Accuracy: 0.9839, Val Accuracy: 0.9125
2025-01-12 16:05:25,398 - INFO - Epoch [4/100], Train Accuracy: 0.9979, Val Accuracy: 0.9250
2025-01-12 16:05:25,409 - INFO - Fold 2 Validation Accuracy: 0.9250
2025-01-12 16:05:25,413 - INFO - Save model to C:\Users\LeoLi\OneDrive - 学校法人立命館\Ritsumei\4th_Semester\Artificial_Intelligence\final_project\code\FNN/model/2025-01-12/16-05-23/model_1.pth
2025-01-12 16:05:25,535 - INFO - Epoch [1/100], Train Accuracy: 0.6036, Val Accuracy: 0.8833
2025-01-12 16:05:25,658 - INFO - Epoch [2/100], Train Accuracy: 0.9333, Val Accuracy: 0.9396
2025-01-12 16:05:25,766 - INFO - Epoch [3/100], Train Accuracy: 0.9839, Val Accuracy: 0.9333
2025-01-12 16:05:25,777 - INFO - Fold 3 Validation Accuracy: 0.9333
2025-01-12 16:05:25,780 - INFO - Save model to C:\Users\LeoLi\OneDrive - 学校法人立命館\Ritsumei\4th_Semester\Artificial_Intelligence\final_project\code\FNN/model/2025-01-12/16-05-23/model_2.pth
2025-01-12 16:05:25,903 - INFO - Epoch [1/100], Train Accuracy: 0.6896, Val Accuracy: 0.8792
2025-01-12 16:05:26,012 - INFO - Epoch [2/100], Train Accuracy: 0.9292, Val Accuracy: 0.9396
2025-01-12 16:05:26,119 - INFO - Epoch [3/100], Train Accuracy: 0.9771, Val Accuracy: 0.9437
2025-01-12 16:05:26,223 - INFO - Epoch [4/100], Train Accuracy: 0.9974, Val Accuracy: 0.9521
2025-01-12 16:05:26,233 - INFO - Fold 4 Validation Accuracy: 0.9521
2025-01-12 16:05:26,236 - INFO - Save model to C:\Users\LeoLi\OneDrive - 学校法人立命館\Ritsumei\4th_Semester\Artificial_Intelligence\final_project\code\FNN/model/2025-01-12/16-05-23/model_3.pth
2025-01-12 16:05:26,347 - INFO - Epoch [1/100], Train Accuracy: 0.6354, Val Accuracy: 0.8604
2025-01-12 16:05:26,466 - INFO - Epoch [2/100], Train Accuracy: 0.9250, Val Accuracy: 0.9375
2025-01-12 16:05:26,598 - INFO - Epoch [3/100], Train Accuracy: 0.9865, Val Accuracy: 0.9417
2025-01-12 16:05:26,711 - INFO - Epoch [4/100], Train Accuracy: 0.9995, Val Accuracy: 0.9417
2025-01-12 16:05:26,721 - INFO - Fold 5 Validation Accuracy: 0.9417
2025-01-12 16:05:26,725 - INFO - Save model to C:\Users\LeoLi\OneDrive - 学校法人立命館\Ritsumei\4th_Semester\Artificial_Intelligence\final_project\code\FNN/model/2025-01-12/16-05-23/model_4.pth
2025-01-12 16:05:26,726 - INFO - 
Average Validation Accuracy (Over 5 folds): 0.9392 

2025-01-12 16:05:26,975 - INFO - Training with Vectorized Data 1000 features. Dropout Rate 0.50. Dataset Size 2400
2025-01-12 16:05:27,085 - INFO - Epoch [1/100], Train Accuracy: 0.6625, Val Accuracy: 0.9042
2025-01-12 16:05:27,198 - INFO - Epoch [2/100], Train Accuracy: 0.9313, Val Accuracy: 0.9313
2025-01-12 16:05:27,315 - INFO - Epoch [3/100], Train Accuracy: 0.9740, Val Accuracy: 0.9521
2025-01-12 16:05:27,432 - INFO - Epoch [4/100], Train Accuracy: 0.9974, Val Accuracy: 0.9563
2025-01-12 16:05:27,442 - INFO - Fold 1 Validation Accuracy: 0.9563
2025-01-12 16:05:27,445 - INFO - Save model to C:\Users\LeoLi\OneDrive - 学校法人立命館\Ritsumei\4th_Semester\Artificial_Intelligence\final_project\code\FNN/model/2025-01-12/16-05-26/model_0.pth
2025-01-12 16:05:27,602 - INFO - Epoch [1/100], Train Accuracy: 0.5589, Val Accuracy: 0.8938
2025-01-12 16:05:27,715 - INFO - Epoch [2/100], Train Accuracy: 0.9229, Val Accuracy: 0.9354
2025-01-12 16:05:27,819 - INFO - Epoch [3/100], Train Accuracy: 0.9750, Val Accuracy: 0.9500
2025-01-12 16:05:27,924 - INFO - Epoch [4/100], Train Accuracy: 0.9990, Val Accuracy: 0.9583
2025-01-12 16:05:27,935 - INFO - Fold 2 Validation Accuracy: 0.9583
2025-01-12 16:05:27,938 - INFO - Save model to C:\Users\LeoLi\OneDrive - 学校法人立命館\Ritsumei\4th_Semester\Artificial_Intelligence\final_project\code\FNN/model/2025-01-12/16-05-26/model_1.pth
2025-01-12 16:05:28,061 - INFO - Epoch [1/100], Train Accuracy: 0.5891, Val Accuracy: 0.8542
2025-01-12 16:05:28,177 - INFO - Epoch [2/100], Train Accuracy: 0.9313, Val Accuracy: 0.9208
2025-01-12 16:05:28,289 - INFO - Epoch [3/100], Train Accuracy: 0.9823, Val Accuracy: 0.9417
2025-01-12 16:05:28,390 - INFO - Epoch [4/100], Train Accuracy: 0.9979, Val Accuracy: 0.9313
2025-01-12 16:05:28,399 - INFO - Fold 3 Validation Accuracy: 0.9313
2025-01-12 16:05:28,403 - INFO - Save model to C:\Users\LeoLi\OneDrive - 学校法人立命館\Ritsumei\4th_Semester\Artificial_Intelligence\final_project\code\FNN/model/2025-01-12/16-05-26/model_2.pth
2025-01-12 16:05:28,521 - INFO - Epoch [1/100], Train Accuracy: 0.5281, Val Accuracy: 0.8958
2025-01-12 16:05:28,648 - INFO - Epoch [2/100], Train Accuracy: 0.9240, Val Accuracy: 0.9229
2025-01-12 16:05:28,752 - INFO - Epoch [3/100], Train Accuracy: 0.9812, Val Accuracy: 0.9354
2025-01-12 16:05:28,863 - INFO - Epoch [4/100], Train Accuracy: 0.9984, Val Accuracy: 0.9500
2025-01-12 16:05:28,874 - INFO - Fold 4 Validation Accuracy: 0.9500
2025-01-12 16:05:28,877 - INFO - Save model to C:\Users\LeoLi\OneDrive - 学校法人立命館\Ritsumei\4th_Semester\Artificial_Intelligence\final_project\code\FNN/model/2025-01-12/16-05-26/model_3.pth
2025-01-12 16:05:29,000 - INFO - Epoch [1/100], Train Accuracy: 0.6120, Val Accuracy: 0.8854
2025-01-12 16:05:29,121 - INFO - Epoch [2/100], Train Accuracy: 0.9260, Val Accuracy: 0.9250
2025-01-12 16:05:29,227 - INFO - Epoch [3/100], Train Accuracy: 0.9844, Val Accuracy: 0.9333
2025-01-12 16:05:29,359 - INFO - Epoch [4/100], Train Accuracy: 0.9990, Val Accuracy: 0.9396
2025-01-12 16:05:29,371 - INFO - Fold 5 Validation Accuracy: 0.9396
2025-01-12 16:05:29,375 - INFO - Save model to C:\Users\LeoLi\OneDrive - 学校法人立命館\Ritsumei\4th_Semester\Artificial_Intelligence\final_project\code\FNN/model/2025-01-12/16-05-26/model_4.pth
2025-01-12 16:05:29,375 - INFO - 
Average Validation Accuracy (Over 5 folds): 0.9471 

2025-01-12 16:05:29,547 - INFO - Training with Vectorized Data 1000 features. Dropout Rate 0.60. Dataset Size 2400
2025-01-12 16:05:29,689 - INFO - Epoch [1/100], Train Accuracy: 0.4635, Val Accuracy: 0.7562
2025-01-12 16:05:29,829 - INFO - Epoch [2/100], Train Accuracy: 0.9089, Val Accuracy: 0.9313
2025-01-12 16:05:29,963 - INFO - Epoch [3/100], Train Accuracy: 0.9786, Val Accuracy: 0.9437
2025-01-12 16:05:30,073 - INFO - Epoch [4/100], Train Accuracy: 0.9990, Val Accuracy: 0.9458
2025-01-12 16:05:30,085 - INFO - Fold 1 Validation Accuracy: 0.9458
2025-01-12 16:05:30,088 - INFO - Save model to C:\Users\LeoLi\OneDrive - 学校法人立命館\Ritsumei\4th_Semester\Artificial_Intelligence\final_project\code\FNN/model/2025-01-12/16-05-29/model_0.pth
2025-01-12 16:05:30,193 - INFO - Epoch [1/100], Train Accuracy: 0.5786, Val Accuracy: 0.8812
2025-01-12 16:05:30,311 - INFO - Epoch [2/100], Train Accuracy: 0.9208, Val Accuracy: 0.9271
2025-01-12 16:05:30,425 - INFO - Epoch [3/100], Train Accuracy: 0.9750, Val Accuracy: 0.9458
2025-01-12 16:05:30,563 - INFO - Epoch [4/100], Train Accuracy: 0.9979, Val Accuracy: 0.9417
2025-01-12 16:05:30,576 - INFO - Fold 2 Validation Accuracy: 0.9417
2025-01-12 16:05:30,579 - INFO - Save model to C:\Users\LeoLi\OneDrive - 学校法人立命館\Ritsumei\4th_Semester\Artificial_Intelligence\final_project\code\FNN/model/2025-01-12/16-05-29/model_1.pth
2025-01-12 16:05:30,705 - INFO - Epoch [1/100], Train Accuracy: 0.6292, Val Accuracy: 0.8917
2025-01-12 16:05:30,807 - INFO - Epoch [2/100], Train Accuracy: 0.9307, Val Accuracy: 0.8979
2025-01-12 16:05:30,916 - INFO - Epoch [3/100], Train Accuracy: 0.9786, Val Accuracy: 0.9437
2025-01-12 16:05:31,041 - INFO - Epoch [4/100], Train Accuracy: 0.9984, Val Accuracy: 0.9458
2025-01-12 16:05:31,053 - INFO - Fold 3 Validation Accuracy: 0.9458
2025-01-12 16:05:31,056 - INFO - Save model to C:\Users\LeoLi\OneDrive - 学校法人立命館\Ritsumei\4th_Semester\Artificial_Intelligence\final_project\code\FNN/model/2025-01-12/16-05-29/model_2.pth
2025-01-12 16:05:31,175 - INFO - Epoch [1/100], Train Accuracy: 0.5687, Val Accuracy: 0.8854
2025-01-12 16:05:31,293 - INFO - Epoch [2/100], Train Accuracy: 0.9193, Val Accuracy: 0.9062
2025-01-12 16:05:31,401 - INFO - Epoch [3/100], Train Accuracy: 0.9818, Val Accuracy: 0.9292
2025-01-12 16:05:31,508 - INFO - Epoch [4/100], Train Accuracy: 0.9979, Val Accuracy: 0.9375
2025-01-12 16:05:31,520 - INFO - Fold 4 Validation Accuracy: 0.9375
2025-01-12 16:05:31,525 - INFO - Save model to C:\Users\LeoLi\OneDrive - 学校法人立命館\Ritsumei\4th_Semester\Artificial_Intelligence\final_project\code\FNN/model/2025-01-12/16-05-29/model_3.pth
2025-01-12 16:05:31,639 - INFO - Epoch [1/100], Train Accuracy: 0.6365, Val Accuracy: 0.8646
2025-01-12 16:05:31,770 - INFO - Epoch [2/100], Train Accuracy: 0.9203, Val Accuracy: 0.9333
2025-01-12 16:05:31,877 - INFO - Epoch [3/100], Train Accuracy: 0.9818, Val Accuracy: 0.9271
2025-01-12 16:05:31,887 - INFO - Fold 5 Validation Accuracy: 0.9271
2025-01-12 16:05:31,890 - INFO - Save model to C:\Users\LeoLi\OneDrive - 学校法人立命館\Ritsumei\4th_Semester\Artificial_Intelligence\final_project\code\FNN/model/2025-01-12/16-05-29/model_4.pth
2025-01-12 16:05:31,891 - INFO - 
Average Validation Accuracy (Over 5 folds): 0.9396 

2025-01-12 16:05:32,090 - INFO - Training with Vectorized Data 1000 features. Dropout Rate 0.70. Dataset Size 2400
2025-01-12 16:05:32,246 - INFO - Epoch [1/100], Train Accuracy: 0.5609, Val Accuracy: 0.8604
2025-01-12 16:05:32,370 - INFO - Epoch [2/100], Train Accuracy: 0.9130, Val Accuracy: 0.9250
2025-01-12 16:05:32,498 - INFO - Epoch [3/100], Train Accuracy: 0.9792, Val Accuracy: 0.9458
2025-01-12 16:05:32,630 - INFO - Epoch [4/100], Train Accuracy: 0.9984, Val Accuracy: 0.9458
2025-01-12 16:05:32,642 - INFO - Fold 1 Validation Accuracy: 0.9458
2025-01-12 16:05:32,646 - INFO - Save model to C:\Users\LeoLi\OneDrive - 学校法人立命館\Ritsumei\4th_Semester\Artificial_Intelligence\final_project\code\FNN/model/2025-01-12/16-05-31/model_0.pth
2025-01-12 16:05:32,781 - INFO - Epoch [1/100], Train Accuracy: 0.5927, Val Accuracy: 0.9021
2025-01-12 16:05:32,908 - INFO - Epoch [2/100], Train Accuracy: 0.9115, Val Accuracy: 0.9396
2025-01-12 16:05:33,014 - INFO - Epoch [3/100], Train Accuracy: 0.9797, Val Accuracy: 0.9563
2025-01-12 16:05:33,139 - INFO - Epoch [4/100], Train Accuracy: 0.9995, Val Accuracy: 0.9646
2025-01-12 16:05:33,154 - INFO - Fold 2 Validation Accuracy: 0.9646
2025-01-12 16:05:33,159 - INFO - Save model to C:\Users\LeoLi\OneDrive - 学校法人立命館\Ritsumei\4th_Semester\Artificial_Intelligence\final_project\code\FNN/model/2025-01-12/16-05-31/model_1.pth
2025-01-12 16:05:33,283 - INFO - Epoch [1/100], Train Accuracy: 0.5130, Val Accuracy: 0.8917
2025-01-12 16:05:33,407 - INFO - Epoch [2/100], Train Accuracy: 0.9125, Val Accuracy: 0.9271
2025-01-12 16:05:33,536 - INFO - Epoch [3/100], Train Accuracy: 0.9719, Val Accuracy: 0.9479
2025-01-12 16:05:33,672 - INFO - Epoch [4/100], Train Accuracy: 0.9958, Val Accuracy: 0.9604
2025-01-12 16:05:33,690 - INFO - Fold 3 Validation Accuracy: 0.9604
2025-01-12 16:05:33,694 - INFO - Save model to C:\Users\LeoLi\OneDrive - 学校法人立命館\Ritsumei\4th_Semester\Artificial_Intelligence\final_project\code\FNN/model/2025-01-12/16-05-31/model_2.pth
2025-01-12 16:05:33,848 - INFO - Epoch [1/100], Train Accuracy: 0.4927, Val Accuracy: 0.7854
2025-01-12 16:05:33,987 - INFO - Epoch [2/100], Train Accuracy: 0.9115, Val Accuracy: 0.9167
2025-01-12 16:05:34,131 - INFO - Epoch [3/100], Train Accuracy: 0.9708, Val Accuracy: 0.9437
2025-01-12 16:05:34,270 - INFO - Epoch [4/100], Train Accuracy: 0.9974, Val Accuracy: 0.9375
2025-01-12 16:05:34,281 - INFO - Fold 4 Validation Accuracy: 0.9375
2025-01-12 16:05:34,284 - INFO - Save model to C:\Users\LeoLi\OneDrive - 学校法人立命館\Ritsumei\4th_Semester\Artificial_Intelligence\final_project\code\FNN/model/2025-01-12/16-05-31/model_3.pth
2025-01-12 16:05:34,425 - INFO - Epoch [1/100], Train Accuracy: 0.5146, Val Accuracy: 0.8146
2025-01-12 16:05:34,553 - INFO - Epoch [2/100], Train Accuracy: 0.9125, Val Accuracy: 0.9271
2025-01-12 16:05:34,687 - INFO - Epoch [3/100], Train Accuracy: 0.9776, Val Accuracy: 0.9354
2025-01-12 16:05:34,821 - INFO - Epoch [4/100], Train Accuracy: 0.9974, Val Accuracy: 0.9417
2025-01-12 16:05:34,832 - INFO - Fold 5 Validation Accuracy: 0.9417
2025-01-12 16:05:34,835 - INFO - Save model to C:\Users\LeoLi\OneDrive - 学校法人立命館\Ritsumei\4th_Semester\Artificial_Intelligence\final_project\code\FNN/model/2025-01-12/16-05-31/model_4.pth
2025-01-12 16:05:34,836 - INFO - 
Average Validation Accuracy (Over 5 folds): 0.9500 

2025-01-12 16:05:34,990 - INFO - Training with Vectorized Data 1000 features. Dropout Rate 0.80. Dataset Size 2400
2025-01-12 16:05:35,130 - INFO - Epoch [1/100], Train Accuracy: 0.5094, Val Accuracy: 0.8396
2025-01-12 16:05:35,263 - INFO - Epoch [2/100], Train Accuracy: 0.9052, Val Accuracy: 0.9292
2025-01-12 16:05:35,388 - INFO - Epoch [3/100], Train Accuracy: 0.9656, Val Accuracy: 0.9396
2025-01-12 16:05:35,522 - INFO - Epoch [4/100], Train Accuracy: 0.9958, Val Accuracy: 0.9500
2025-01-12 16:05:35,533 - INFO - Fold 1 Validation Accuracy: 0.9500
2025-01-12 16:05:35,537 - INFO - Save model to C:\Users\LeoLi\OneDrive - 学校法人立命館\Ritsumei\4th_Semester\Artificial_Intelligence\final_project\code\FNN/model/2025-01-12/16-05-34/model_0.pth
2025-01-12 16:05:35,679 - INFO - Epoch [1/100], Train Accuracy: 0.4901, Val Accuracy: 0.7333
2025-01-12 16:05:35,809 - INFO - Epoch [2/100], Train Accuracy: 0.9005, Val Accuracy: 0.9354
2025-01-12 16:05:35,932 - INFO - Epoch [3/100], Train Accuracy: 0.9620, Val Accuracy: 0.9208
2025-01-12 16:05:35,942 - INFO - Fold 2 Validation Accuracy: 0.9208
2025-01-12 16:05:35,946 - INFO - Save model to C:\Users\LeoLi\OneDrive - 学校法人立命館\Ritsumei\4th_Semester\Artificial_Intelligence\final_project\code\FNN/model/2025-01-12/16-05-34/model_1.pth
2025-01-12 16:05:36,088 - INFO - Epoch [1/100], Train Accuracy: 0.4990, Val Accuracy: 0.8854
2025-01-12 16:05:36,215 - INFO - Epoch [2/100], Train Accuracy: 0.8969, Val Accuracy: 0.9146
2025-01-12 16:05:36,351 - INFO - Epoch [3/100], Train Accuracy: 0.9766, Val Accuracy: 0.9042
2025-01-12 16:05:36,361 - INFO - Fold 3 Validation Accuracy: 0.9042
2025-01-12 16:05:36,365 - INFO - Save model to C:\Users\LeoLi\OneDrive - 学校法人立命館\Ritsumei\4th_Semester\Artificial_Intelligence\final_project\code\FNN/model/2025-01-12/16-05-34/model_2.pth
2025-01-12 16:05:36,586 - INFO - Epoch [1/100], Train Accuracy: 0.4083, Val Accuracy: 0.8292
2025-01-12 16:05:36,705 - INFO - Epoch [2/100], Train Accuracy: 0.9141, Val Accuracy: 0.9271
2025-01-12 16:05:36,832 - INFO - Epoch [3/100], Train Accuracy: 0.9693, Val Accuracy: 0.9458
2025-01-12 16:05:36,958 - INFO - Epoch [4/100], Train Accuracy: 0.9984, Val Accuracy: 0.9417
2025-01-12 16:05:36,974 - INFO - Fold 4 Validation Accuracy: 0.9417
2025-01-12 16:05:36,977 - INFO - Save model to C:\Users\LeoLi\OneDrive - 学校法人立命館\Ritsumei\4th_Semester\Artificial_Intelligence\final_project\code\FNN/model/2025-01-12/16-05-34/model_3.pth
2025-01-12 16:05:37,107 - INFO - Epoch [1/100], Train Accuracy: 0.4938, Val Accuracy: 0.8958
2025-01-12 16:05:37,215 - INFO - Epoch [2/100], Train Accuracy: 0.9099, Val Accuracy: 0.9271
2025-01-12 16:05:37,325 - INFO - Epoch [3/100], Train Accuracy: 0.9693, Val Accuracy: 0.9500
2025-01-12 16:05:37,438 - INFO - Epoch [4/100], Train Accuracy: 0.9974, Val Accuracy: 0.9458
2025-01-12 16:05:37,449 - INFO - Fold 5 Validation Accuracy: 0.9458
2025-01-12 16:05:37,453 - INFO - Save model to C:\Users\LeoLi\OneDrive - 学校法人立命館\Ritsumei\4th_Semester\Artificial_Intelligence\final_project\code\FNN/model/2025-01-12/16-05-34/model_4.pth
2025-01-12 16:05:37,454 - INFO - 
Average Validation Accuracy (Over 5 folds): 0.9325 

2025-01-12 16:05:37,636 - INFO - Training with Vectorized Data 1000 features. Dropout Rate 0.90. Dataset Size 2400
2025-01-12 16:05:37,753 - INFO - Epoch [1/100], Train Accuracy: 0.3870, Val Accuracy: 0.8250
2025-01-12 16:05:37,875 - INFO - Epoch [2/100], Train Accuracy: 0.8620, Val Accuracy: 0.9104
2025-01-12 16:05:38,005 - INFO - Epoch [3/100], Train Accuracy: 0.9594, Val Accuracy: 0.9542
2025-01-12 16:05:38,124 - INFO - Epoch [4/100], Train Accuracy: 0.9922, Val Accuracy: 0.9479
2025-01-12 16:05:38,134 - INFO - Fold 1 Validation Accuracy: 0.9479
2025-01-12 16:05:38,138 - INFO - Save model to C:\Users\LeoLi\OneDrive - 学校法人立命館\Ritsumei\4th_Semester\Artificial_Intelligence\final_project\code\FNN/model/2025-01-12/16-05-37/model_0.pth
2025-01-12 16:05:38,259 - INFO - Epoch [1/100], Train Accuracy: 0.4042, Val Accuracy: 0.6604
2025-01-12 16:05:38,381 - INFO - Epoch [2/100], Train Accuracy: 0.8323, Val Accuracy: 0.8917
2025-01-12 16:05:38,497 - INFO - Epoch [3/100], Train Accuracy: 0.9604, Val Accuracy: 0.9062
2025-01-12 16:05:38,609 - INFO - Epoch [4/100], Train Accuracy: 0.9964, Val Accuracy: 0.9333
2025-01-12 16:05:38,620 - INFO - Fold 2 Validation Accuracy: 0.9333
2025-01-12 16:05:38,623 - INFO - Save model to C:\Users\LeoLi\OneDrive - 学校法人立命館\Ritsumei\4th_Semester\Artificial_Intelligence\final_project\code\FNN/model/2025-01-12/16-05-37/model_1.pth
2025-01-12 16:05:38,767 - INFO - Epoch [1/100], Train Accuracy: 0.3724, Val Accuracy: 0.5021
2025-01-12 16:05:38,903 - INFO - Epoch [2/100], Train Accuracy: 0.8302, Val Accuracy: 0.9083
2025-01-12 16:05:39,022 - INFO - Epoch [3/100], Train Accuracy: 0.9583, Val Accuracy: 0.9437
2025-01-12 16:05:39,141 - INFO - Epoch [4/100], Train Accuracy: 0.9927, Val Accuracy: 0.9396
2025-01-12 16:05:39,151 - INFO - Fold 3 Validation Accuracy: 0.9396
2025-01-12 16:05:39,155 - INFO - Save model to C:\Users\LeoLi\OneDrive - 学校法人立命館\Ritsumei\4th_Semester\Artificial_Intelligence\final_project\code\FNN/model/2025-01-12/16-05-37/model_2.pth
2025-01-12 16:05:39,315 - INFO - Epoch [1/100], Train Accuracy: 0.3901, Val Accuracy: 0.8771
2025-01-12 16:05:39,459 - INFO - Epoch [2/100], Train Accuracy: 0.8839, Val Accuracy: 0.8854
2025-01-12 16:05:39,596 - INFO - Epoch [3/100], Train Accuracy: 0.9604, Val Accuracy: 0.9396
2025-01-12 16:05:39,711 - INFO - Epoch [4/100], Train Accuracy: 0.9927, Val Accuracy: 0.9292
2025-01-12 16:05:39,727 - INFO - Fold 4 Validation Accuracy: 0.9292
2025-01-12 16:05:39,730 - INFO - Save model to C:\Users\LeoLi\OneDrive - 学校法人立命館\Ritsumei\4th_Semester\Artificial_Intelligence\final_project\code\FNN/model/2025-01-12/16-05-37/model_3.pth
2025-01-12 16:05:39,846 - INFO - Epoch [1/100], Train Accuracy: 0.4370, Val Accuracy: 0.7937
2025-01-12 16:05:39,963 - INFO - Epoch [2/100], Train Accuracy: 0.8922, Val Accuracy: 0.9021
2025-01-12 16:05:40,074 - INFO - Epoch [3/100], Train Accuracy: 0.9651, Val Accuracy: 0.9354
2025-01-12 16:05:40,233 - INFO - Epoch [4/100], Train Accuracy: 0.9948, Val Accuracy: 0.9458
2025-01-12 16:05:40,245 - INFO - Fold 5 Validation Accuracy: 0.9458
2025-01-12 16:05:40,248 - INFO - Save model to C:\Users\LeoLi\OneDrive - 学校法人立命館\Ritsumei\4th_Semester\Artificial_Intelligence\final_project\code\FNN/model/2025-01-12/16-05-37/model_4.pth
2025-01-12 16:05:40,249 - INFO - 
Average Validation Accuracy (Over 5 folds): 0.9392 

