2025-01-12 17:00:18,880 - INFO - Testing console logging.
2025-01-12 17:00:19,288 - INFO - Training with Vectorized Data 1000 features. Dropout Rate 0.10. Dataset Size 4800
2025-01-12 17:00:20,718 - INFO - Epoch [1/100], Train Accuracy: 0.7865, Val Accuracy: 0.9427
2025-01-12 17:00:20,943 - INFO - Epoch [2/100], Train Accuracy: 0.9781, Val Accuracy: 0.9750
2025-01-12 17:00:21,164 - INFO - Epoch [3/100], Train Accuracy: 0.9961, Val Accuracy: 0.9760
2025-01-12 17:00:21,394 - INFO - Epoch [4/100], Train Accuracy: 0.9995, Val Accuracy: 0.9760
2025-01-12 17:00:21,618 - INFO - Epoch [5/100], Train Accuracy: 1.0000, Val Accuracy: 0.9760
2025-01-12 17:00:21,647 - INFO - Fold 1 Validation Accuracy: 0.9760
2025-01-12 17:00:21,650 - INFO - Save model to C:\Users\LeoLi\OneDrive - 学校法人立命館\Ritsumei\4th_Semester\Artificial_Intelligence\final_project\code\FNN/model/2025-01-12/17-00-19/model_0.pth
2025-01-12 17:00:21,894 - INFO - Epoch [1/100], Train Accuracy: 0.7935, Val Accuracy: 0.9531
2025-01-12 17:00:22,126 - INFO - Epoch [2/100], Train Accuracy: 0.9771, Val Accuracy: 0.9708
2025-01-12 17:00:22,349 - INFO - Epoch [3/100], Train Accuracy: 0.9964, Val Accuracy: 0.9750
2025-01-12 17:00:22,574 - INFO - Epoch [4/100], Train Accuracy: 0.9997, Val Accuracy: 0.9750
2025-01-12 17:00:22,794 - INFO - Epoch [5/100], Train Accuracy: 1.0000, Val Accuracy: 0.9750
2025-01-12 17:00:22,820 - INFO - Fold 2 Validation Accuracy: 0.9750
2025-01-12 17:00:22,822 - INFO - Save model to C:\Users\LeoLi\OneDrive - 学校法人立命館\Ritsumei\4th_Semester\Artificial_Intelligence\final_project\code\FNN/model/2025-01-12/17-00-19/model_1.pth
2025-01-12 17:00:23,052 - INFO - Epoch [1/100], Train Accuracy: 0.8060, Val Accuracy: 0.9375
2025-01-12 17:00:23,283 - INFO - Epoch [2/100], Train Accuracy: 0.9747, Val Accuracy: 0.9615
2025-01-12 17:00:23,508 - INFO - Epoch [3/100], Train Accuracy: 0.9964, Val Accuracy: 0.9760
2025-01-12 17:00:23,729 - INFO - Epoch [4/100], Train Accuracy: 0.9995, Val Accuracy: 0.9781
2025-01-12 17:00:23,967 - INFO - Epoch [5/100], Train Accuracy: 1.0000, Val Accuracy: 0.9760
2025-01-12 17:00:23,988 - INFO - Fold 3 Validation Accuracy: 0.9760
2025-01-12 17:00:23,991 - INFO - Save model to C:\Users\LeoLi\OneDrive - 学校法人立命館\Ritsumei\4th_Semester\Artificial_Intelligence\final_project\code\FNN/model/2025-01-12/17-00-19/model_2.pth
2025-01-12 17:00:24,288 - INFO - Epoch [1/100], Train Accuracy: 0.8154, Val Accuracy: 0.9479
2025-01-12 17:00:24,503 - INFO - Epoch [2/100], Train Accuracy: 0.9781, Val Accuracy: 0.9719
2025-01-12 17:00:24,732 - INFO - Epoch [3/100], Train Accuracy: 0.9958, Val Accuracy: 0.9760
2025-01-12 17:00:24,947 - INFO - Epoch [4/100], Train Accuracy: 0.9997, Val Accuracy: 0.9781
2025-01-12 17:00:25,255 - INFO - Epoch [5/100], Train Accuracy: 1.0000, Val Accuracy: 0.9792
2025-01-12 17:00:25,278 - INFO - Fold 4 Validation Accuracy: 0.9792
2025-01-12 17:00:25,281 - INFO - Save model to C:\Users\LeoLi\OneDrive - 学校法人立命館\Ritsumei\4th_Semester\Artificial_Intelligence\final_project\code\FNN/model/2025-01-12/17-00-19/model_3.pth
2025-01-12 17:00:25,537 - INFO - Epoch [1/100], Train Accuracy: 0.8482, Val Accuracy: 0.9479
2025-01-12 17:00:25,787 - INFO - Epoch [2/100], Train Accuracy: 0.9786, Val Accuracy: 0.9802
2025-01-12 17:00:26,039 - INFO - Epoch [3/100], Train Accuracy: 0.9969, Val Accuracy: 0.9792
2025-01-12 17:00:26,063 - INFO - Fold 5 Validation Accuracy: 0.9792
2025-01-12 17:00:26,069 - INFO - Save model to C:\Users\LeoLi\OneDrive - 学校法人立命館\Ritsumei\4th_Semester\Artificial_Intelligence\final_project\code\FNN/model/2025-01-12/17-00-19/model_4.pth
2025-01-12 17:00:26,070 - INFO - Average Validation Accuracy (Over 5 folds): 0.9771 

2025-01-12 17:00:26,373 - INFO - Training with Vectorized Data 1000 features. Dropout Rate 0.20. Dataset Size 4800
2025-01-12 17:00:26,608 - INFO - Epoch [1/100], Train Accuracy: 0.7831, Val Accuracy: 0.9385
2025-01-12 17:00:26,863 - INFO - Epoch [2/100], Train Accuracy: 0.9760, Val Accuracy: 0.9615
2025-01-12 17:00:27,082 - INFO - Epoch [3/100], Train Accuracy: 0.9966, Val Accuracy: 0.9656
2025-01-12 17:00:27,312 - INFO - Epoch [4/100], Train Accuracy: 0.9995, Val Accuracy: 0.9646
2025-01-12 17:00:27,344 - INFO - Fold 1 Validation Accuracy: 0.9646
2025-01-12 17:00:27,351 - INFO - Save model to C:\Users\LeoLi\OneDrive - 学校法人立命館\Ritsumei\4th_Semester\Artificial_Intelligence\final_project\code\FNN/model/2025-01-12/17-00-26/model_0.pth
2025-01-12 17:00:27,578 - INFO - Epoch [1/100], Train Accuracy: 0.7872, Val Accuracy: 0.9688
2025-01-12 17:00:27,799 - INFO - Epoch [2/100], Train Accuracy: 0.9771, Val Accuracy: 0.9812
2025-01-12 17:00:28,027 - INFO - Epoch [3/100], Train Accuracy: 0.9961, Val Accuracy: 0.9833
2025-01-12 17:00:28,244 - INFO - Epoch [4/100], Train Accuracy: 0.9995, Val Accuracy: 0.9823
2025-01-12 17:00:28,266 - INFO - Fold 2 Validation Accuracy: 0.9823
2025-01-12 17:00:28,269 - INFO - Save model to C:\Users\LeoLi\OneDrive - 学校法人立命館\Ritsumei\4th_Semester\Artificial_Intelligence\final_project\code\FNN/model/2025-01-12/17-00-26/model_1.pth
2025-01-12 17:00:28,498 - INFO - Epoch [1/100], Train Accuracy: 0.8122, Val Accuracy: 0.9448
2025-01-12 17:00:28,707 - INFO - Epoch [2/100], Train Accuracy: 0.9773, Val Accuracy: 0.9667
2025-01-12 17:00:28,940 - INFO - Epoch [3/100], Train Accuracy: 0.9964, Val Accuracy: 0.9729
2025-01-12 17:00:29,154 - INFO - Epoch [4/100], Train Accuracy: 0.9995, Val Accuracy: 0.9729
2025-01-12 17:00:29,384 - INFO - Epoch [5/100], Train Accuracy: 1.0000, Val Accuracy: 0.9708
2025-01-12 17:00:29,407 - INFO - Fold 3 Validation Accuracy: 0.9708
2025-01-12 17:00:29,410 - INFO - Save model to C:\Users\LeoLi\OneDrive - 学校法人立命館\Ritsumei\4th_Semester\Artificial_Intelligence\final_project\code\FNN/model/2025-01-12/17-00-26/model_2.pth
2025-01-12 17:00:29,652 - INFO - Epoch [1/100], Train Accuracy: 0.8326, Val Accuracy: 0.9302
2025-01-12 17:00:29,858 - INFO - Epoch [2/100], Train Accuracy: 0.9802, Val Accuracy: 0.9635
2025-01-12 17:00:30,071 - INFO - Epoch [3/100], Train Accuracy: 0.9951, Val Accuracy: 0.9615
2025-01-12 17:00:30,101 - INFO - Fold 4 Validation Accuracy: 0.9615
2025-01-12 17:00:30,105 - INFO - Save model to C:\Users\LeoLi\OneDrive - 学校法人立命館\Ritsumei\4th_Semester\Artificial_Intelligence\final_project\code\FNN/model/2025-01-12/17-00-26/model_3.pth
2025-01-12 17:00:30,327 - INFO - Epoch [1/100], Train Accuracy: 0.7937, Val Accuracy: 0.9531
2025-01-12 17:00:30,541 - INFO - Epoch [2/100], Train Accuracy: 0.9779, Val Accuracy: 0.9729
2025-01-12 17:00:30,752 - INFO - Epoch [3/100], Train Accuracy: 0.9964, Val Accuracy: 0.9792
2025-01-12 17:00:30,964 - INFO - Epoch [4/100], Train Accuracy: 1.0000, Val Accuracy: 0.9740
2025-01-12 17:00:30,985 - INFO - Fold 5 Validation Accuracy: 0.9740
2025-01-12 17:00:30,989 - INFO - Save model to C:\Users\LeoLi\OneDrive - 学校法人立命館\Ritsumei\4th_Semester\Artificial_Intelligence\final_project\code\FNN/model/2025-01-12/17-00-26/model_4.pth
2025-01-12 17:00:30,989 - INFO - Average Validation Accuracy (Over 5 folds): 0.9706 

2025-01-12 17:00:31,284 - INFO - Training with Vectorized Data 1000 features. Dropout Rate 0.30. Dataset Size 4800
2025-01-12 17:00:31,568 - INFO - Epoch [1/100], Train Accuracy: 0.7609, Val Accuracy: 0.9510
2025-01-12 17:00:31,789 - INFO - Epoch [2/100], Train Accuracy: 0.9760, Val Accuracy: 0.9646
2025-01-12 17:00:32,045 - INFO - Epoch [3/100], Train Accuracy: 0.9964, Val Accuracy: 0.9688
2025-01-12 17:00:32,257 - INFO - Epoch [4/100], Train Accuracy: 0.9995, Val Accuracy: 0.9708
2025-01-12 17:00:32,517 - INFO - Epoch [5/100], Train Accuracy: 1.0000, Val Accuracy: 0.9708
2025-01-12 17:00:32,540 - INFO - Fold 1 Validation Accuracy: 0.9708
2025-01-12 17:00:32,543 - INFO - Save model to C:\Users\LeoLi\OneDrive - 学校法人立命館\Ritsumei\4th_Semester\Artificial_Intelligence\final_project\code\FNN/model/2025-01-12/17-00-30/model_0.pth
2025-01-12 17:00:32,765 - INFO - Epoch [1/100], Train Accuracy: 0.7786, Val Accuracy: 0.9375
2025-01-12 17:00:32,968 - INFO - Epoch [2/100], Train Accuracy: 0.9758, Val Accuracy: 0.9604
2025-01-12 17:00:33,164 - INFO - Epoch [3/100], Train Accuracy: 0.9974, Val Accuracy: 0.9688
2025-01-12 17:00:33,374 - INFO - Epoch [4/100], Train Accuracy: 1.0000, Val Accuracy: 0.9688
2025-01-12 17:00:33,404 - INFO - Fold 2 Validation Accuracy: 0.9688
2025-01-12 17:00:33,409 - INFO - Save model to C:\Users\LeoLi\OneDrive - 学校法人立命館\Ritsumei\4th_Semester\Artificial_Intelligence\final_project\code\FNN/model/2025-01-12/17-00-30/model_1.pth
2025-01-12 17:00:33,662 - INFO - Epoch [1/100], Train Accuracy: 0.8044, Val Accuracy: 0.9406
2025-01-12 17:00:33,892 - INFO - Epoch [2/100], Train Accuracy: 0.9755, Val Accuracy: 0.9750
2025-01-12 17:00:34,113 - INFO - Epoch [3/100], Train Accuracy: 0.9951, Val Accuracy: 0.9802
2025-01-12 17:00:34,327 - INFO - Epoch [4/100], Train Accuracy: 1.0000, Val Accuracy: 0.9771
2025-01-12 17:00:34,351 - INFO - Fold 3 Validation Accuracy: 0.9771
2025-01-12 17:00:34,355 - INFO - Save model to C:\Users\LeoLi\OneDrive - 学校法人立命館\Ritsumei\4th_Semester\Artificial_Intelligence\final_project\code\FNN/model/2025-01-12/17-00-30/model_2.pth
2025-01-12 17:00:34,585 - INFO - Epoch [1/100], Train Accuracy: 0.8169, Val Accuracy: 0.9490
2025-01-12 17:00:34,790 - INFO - Epoch [2/100], Train Accuracy: 0.9750, Val Accuracy: 0.9719
2025-01-12 17:00:34,994 - INFO - Epoch [3/100], Train Accuracy: 0.9964, Val Accuracy: 0.9740
2025-01-12 17:00:35,209 - INFO - Epoch [4/100], Train Accuracy: 0.9995, Val Accuracy: 0.9698
2025-01-12 17:00:35,246 - INFO - Fold 4 Validation Accuracy: 0.9698
2025-01-12 17:00:35,254 - INFO - Save model to C:\Users\LeoLi\OneDrive - 学校法人立命館\Ritsumei\4th_Semester\Artificial_Intelligence\final_project\code\FNN/model/2025-01-12/17-00-30/model_3.pth
2025-01-12 17:00:35,495 - INFO - Epoch [1/100], Train Accuracy: 0.7906, Val Accuracy: 0.9552
2025-01-12 17:00:35,711 - INFO - Epoch [2/100], Train Accuracy: 0.9763, Val Accuracy: 0.9729
2025-01-12 17:00:35,914 - INFO - Epoch [3/100], Train Accuracy: 0.9956, Val Accuracy: 0.9750
2025-01-12 17:00:36,139 - INFO - Epoch [4/100], Train Accuracy: 0.9997, Val Accuracy: 0.9760
2025-01-12 17:00:36,351 - INFO - Epoch [5/100], Train Accuracy: 1.0000, Val Accuracy: 0.9760
2025-01-12 17:00:36,372 - INFO - Fold 5 Validation Accuracy: 0.9760
2025-01-12 17:00:36,375 - INFO - Save model to C:\Users\LeoLi\OneDrive - 学校法人立命館\Ritsumei\4th_Semester\Artificial_Intelligence\final_project\code\FNN/model/2025-01-12/17-00-30/model_4.pth
2025-01-12 17:00:36,375 - INFO - Average Validation Accuracy (Over 5 folds): 0.9725 

2025-01-12 17:00:36,743 - INFO - Training with Vectorized Data 1000 features. Dropout Rate 0.40. Dataset Size 4800
2025-01-12 17:00:36,996 - INFO - Epoch [1/100], Train Accuracy: 0.7305, Val Accuracy: 0.9531
2025-01-12 17:00:37,239 - INFO - Epoch [2/100], Train Accuracy: 0.9753, Val Accuracy: 0.9771
2025-01-12 17:00:37,484 - INFO - Epoch [3/100], Train Accuracy: 0.9956, Val Accuracy: 0.9750
2025-01-12 17:00:37,512 - INFO - Fold 1 Validation Accuracy: 0.9750
2025-01-12 17:00:37,516 - INFO - Save model to C:\Users\LeoLi\OneDrive - 学校法人立命館\Ritsumei\4th_Semester\Artificial_Intelligence\final_project\code\FNN/model/2025-01-12/17-00-36/model_0.pth
2025-01-12 17:00:37,779 - INFO - Epoch [1/100], Train Accuracy: 0.7836, Val Accuracy: 0.9510
2025-01-12 17:00:38,029 - INFO - Epoch [2/100], Train Accuracy: 0.9737, Val Accuracy: 0.9719
2025-01-12 17:00:38,280 - INFO - Epoch [3/100], Train Accuracy: 0.9953, Val Accuracy: 0.9760
2025-01-12 17:00:38,523 - INFO - Epoch [4/100], Train Accuracy: 0.9997, Val Accuracy: 0.9729
2025-01-12 17:00:38,549 - INFO - Fold 2 Validation Accuracy: 0.9729
2025-01-12 17:00:38,553 - INFO - Save model to C:\Users\LeoLi\OneDrive - 学校法人立命館\Ritsumei\4th_Semester\Artificial_Intelligence\final_project\code\FNN/model/2025-01-12/17-00-36/model_1.pth
2025-01-12 17:00:38,818 - INFO - Epoch [1/100], Train Accuracy: 0.7841, Val Accuracy: 0.9510
2025-01-12 17:00:39,070 - INFO - Epoch [2/100], Train Accuracy: 0.9753, Val Accuracy: 0.9771
2025-01-12 17:00:39,310 - INFO - Epoch [3/100], Train Accuracy: 0.9956, Val Accuracy: 0.9771
2025-01-12 17:00:39,537 - INFO - Epoch [4/100], Train Accuracy: 1.0000, Val Accuracy: 0.9760
2025-01-12 17:00:39,564 - INFO - Fold 3 Validation Accuracy: 0.9760
2025-01-12 17:00:39,568 - INFO - Save model to C:\Users\LeoLi\OneDrive - 学校法人立命館\Ritsumei\4th_Semester\Artificial_Intelligence\final_project\code\FNN/model/2025-01-12/17-00-36/model_2.pth
2025-01-12 17:00:39,827 - INFO - Epoch [1/100], Train Accuracy: 0.7826, Val Accuracy: 0.9427
2025-01-12 17:00:40,055 - INFO - Epoch [2/100], Train Accuracy: 0.9773, Val Accuracy: 0.9750
2025-01-12 17:00:40,304 - INFO - Epoch [3/100], Train Accuracy: 0.9969, Val Accuracy: 0.9708
2025-01-12 17:00:40,329 - INFO - Fold 4 Validation Accuracy: 0.9708
2025-01-12 17:00:40,333 - INFO - Save model to C:\Users\LeoLi\OneDrive - 学校法人立命館\Ritsumei\4th_Semester\Artificial_Intelligence\final_project\code\FNN/model/2025-01-12/17-00-36/model_3.pth
2025-01-12 17:00:40,603 - INFO - Epoch [1/100], Train Accuracy: 0.7924, Val Accuracy: 0.9427
2025-01-12 17:00:40,855 - INFO - Epoch [2/100], Train Accuracy: 0.9768, Val Accuracy: 0.9729
2025-01-12 17:00:41,096 - INFO - Epoch [3/100], Train Accuracy: 0.9974, Val Accuracy: 0.9771
2025-01-12 17:00:41,318 - INFO - Epoch [4/100], Train Accuracy: 1.0000, Val Accuracy: 0.9750
2025-01-12 17:00:41,347 - INFO - Fold 5 Validation Accuracy: 0.9750
2025-01-12 17:00:41,351 - INFO - Save model to C:\Users\LeoLi\OneDrive - 学校法人立命館\Ritsumei\4th_Semester\Artificial_Intelligence\final_project\code\FNN/model/2025-01-12/17-00-36/model_4.pth
2025-01-12 17:00:41,351 - INFO - Average Validation Accuracy (Over 5 folds): 0.9740 

2025-01-12 17:00:41,635 - INFO - Training with Vectorized Data 1000 features. Dropout Rate 0.50. Dataset Size 4800
2025-01-12 17:00:41,863 - INFO - Epoch [1/100], Train Accuracy: 0.7482, Val Accuracy: 0.9427
2025-01-12 17:00:42,068 - INFO - Epoch [2/100], Train Accuracy: 0.9714, Val Accuracy: 0.9781
2025-01-12 17:00:42,291 - INFO - Epoch [3/100], Train Accuracy: 0.9961, Val Accuracy: 0.9823
2025-01-12 17:00:42,515 - INFO - Epoch [4/100], Train Accuracy: 0.9990, Val Accuracy: 0.9823
2025-01-12 17:00:42,728 - INFO - Epoch [5/100], Train Accuracy: 0.9997, Val Accuracy: 0.9812
2025-01-12 17:00:42,750 - INFO - Fold 1 Validation Accuracy: 0.9812
2025-01-12 17:00:42,753 - INFO - Save model to C:\Users\LeoLi\OneDrive - 学校法人立命館\Ritsumei\4th_Semester\Artificial_Intelligence\final_project\code\FNN/model/2025-01-12/17-00-41/model_0.pth
2025-01-12 17:00:42,994 - INFO - Epoch [1/100], Train Accuracy: 0.7758, Val Accuracy: 0.9490
2025-01-12 17:00:43,216 - INFO - Epoch [2/100], Train Accuracy: 0.9711, Val Accuracy: 0.9698
2025-01-12 17:00:43,430 - INFO - Epoch [3/100], Train Accuracy: 0.9956, Val Accuracy: 0.9844
2025-01-12 17:00:43,672 - INFO - Epoch [4/100], Train Accuracy: 0.9997, Val Accuracy: 0.9844
2025-01-12 17:00:43,900 - INFO - Epoch [5/100], Train Accuracy: 1.0000, Val Accuracy: 0.9844
2025-01-12 17:00:43,924 - INFO - Fold 2 Validation Accuracy: 0.9844
2025-01-12 17:00:43,928 - INFO - Save model to C:\Users\LeoLi\OneDrive - 学校法人立命館\Ritsumei\4th_Semester\Artificial_Intelligence\final_project\code\FNN/model/2025-01-12/17-00-41/model_1.pth
2025-01-12 17:00:44,154 - INFO - Epoch [1/100], Train Accuracy: 0.7224, Val Accuracy: 0.9417
2025-01-12 17:00:44,375 - INFO - Epoch [2/100], Train Accuracy: 0.9729, Val Accuracy: 0.9760
2025-01-12 17:00:44,613 - INFO - Epoch [3/100], Train Accuracy: 0.9945, Val Accuracy: 0.9750
2025-01-12 17:00:44,660 - INFO - Fold 3 Validation Accuracy: 0.9750
2025-01-12 17:00:44,663 - INFO - Save model to C:\Users\LeoLi\OneDrive - 学校法人立命館\Ritsumei\4th_Semester\Artificial_Intelligence\final_project\code\FNN/model/2025-01-12/17-00-41/model_2.pth
2025-01-12 17:00:44,932 - INFO - Epoch [1/100], Train Accuracy: 0.7974, Val Accuracy: 0.9458
2025-01-12 17:00:45,147 - INFO - Epoch [2/100], Train Accuracy: 0.9760, Val Accuracy: 0.9635
2025-01-12 17:00:45,355 - INFO - Epoch [3/100], Train Accuracy: 0.9951, Val Accuracy: 0.9656
2025-01-12 17:00:45,576 - INFO - Epoch [4/100], Train Accuracy: 0.9995, Val Accuracy: 0.9729
2025-01-12 17:00:45,819 - INFO - Epoch [5/100], Train Accuracy: 1.0000, Val Accuracy: 0.9698
2025-01-12 17:00:45,848 - INFO - Fold 4 Validation Accuracy: 0.9698
2025-01-12 17:00:45,851 - INFO - Save model to C:\Users\LeoLi\OneDrive - 学校法人立命館\Ritsumei\4th_Semester\Artificial_Intelligence\final_project\code\FNN/model/2025-01-12/17-00-41/model_3.pth
2025-01-12 17:00:46,077 - INFO - Epoch [1/100], Train Accuracy: 0.7771, Val Accuracy: 0.9531
2025-01-12 17:00:46,294 - INFO - Epoch [2/100], Train Accuracy: 0.9727, Val Accuracy: 0.9729
2025-01-12 17:00:46,513 - INFO - Epoch [3/100], Train Accuracy: 0.9961, Val Accuracy: 0.9729
2025-01-12 17:00:46,722 - INFO - Epoch [4/100], Train Accuracy: 0.9995, Val Accuracy: 0.9729
2025-01-12 17:00:46,933 - INFO - Epoch [5/100], Train Accuracy: 1.0000, Val Accuracy: 0.9729
2025-01-12 17:00:46,954 - INFO - Fold 5 Validation Accuracy: 0.9729
2025-01-12 17:00:46,957 - INFO - Save model to C:\Users\LeoLi\OneDrive - 学校法人立命館\Ritsumei\4th_Semester\Artificial_Intelligence\final_project\code\FNN/model/2025-01-12/17-00-41/model_4.pth
2025-01-12 17:00:46,957 - INFO - Average Validation Accuracy (Over 5 folds): 0.9767 

2025-01-12 17:00:47,248 - INFO - Training with Vectorized Data 1000 features. Dropout Rate 0.60. Dataset Size 4800
2025-01-12 17:00:47,514 - INFO - Epoch [1/100], Train Accuracy: 0.7432, Val Accuracy: 0.9500
2025-01-12 17:00:47,736 - INFO - Epoch [2/100], Train Accuracy: 0.9729, Val Accuracy: 0.9792
2025-01-12 17:00:47,952 - INFO - Epoch [3/100], Train Accuracy: 0.9932, Val Accuracy: 0.9760
2025-01-12 17:00:47,975 - INFO - Fold 1 Validation Accuracy: 0.9760
2025-01-12 17:00:47,979 - INFO - Save model to C:\Users\LeoLi\OneDrive - 学校法人立命館\Ritsumei\4th_Semester\Artificial_Intelligence\final_project\code\FNN/model/2025-01-12/17-00-46/model_0.pth
2025-01-12 17:00:48,241 - INFO - Epoch [1/100], Train Accuracy: 0.7708, Val Accuracy: 0.9365
2025-01-12 17:00:48,460 - INFO - Epoch [2/100], Train Accuracy: 0.9711, Val Accuracy: 0.9750
2025-01-12 17:00:48,672 - INFO - Epoch [3/100], Train Accuracy: 0.9958, Val Accuracy: 0.9760
2025-01-12 17:00:48,901 - INFO - Epoch [4/100], Train Accuracy: 0.9997, Val Accuracy: 0.9781
2025-01-12 17:00:49,105 - INFO - Epoch [5/100], Train Accuracy: 1.0000, Val Accuracy: 0.9771
2025-01-12 17:00:49,135 - INFO - Fold 2 Validation Accuracy: 0.9771
2025-01-12 17:00:49,138 - INFO - Save model to C:\Users\LeoLi\OneDrive - 学校法人立命館\Ritsumei\4th_Semester\Artificial_Intelligence\final_project\code\FNN/model/2025-01-12/17-00-46/model_1.pth
2025-01-12 17:00:49,369 - INFO - Epoch [1/100], Train Accuracy: 0.7370, Val Accuracy: 0.9427
2025-01-12 17:00:49,584 - INFO - Epoch [2/100], Train Accuracy: 0.9727, Val Accuracy: 0.9750
2025-01-12 17:00:49,795 - INFO - Epoch [3/100], Train Accuracy: 0.9948, Val Accuracy: 0.9823
2025-01-12 17:00:50,033 - INFO - Epoch [4/100], Train Accuracy: 0.9992, Val Accuracy: 0.9812
2025-01-12 17:00:50,055 - INFO - Fold 3 Validation Accuracy: 0.9812
2025-01-12 17:00:50,060 - INFO - Save model to C:\Users\LeoLi\OneDrive - 学校法人立命館\Ritsumei\4th_Semester\Artificial_Intelligence\final_project\code\FNN/model/2025-01-12/17-00-46/model_2.pth
2025-01-12 17:00:50,284 - INFO - Epoch [1/100], Train Accuracy: 0.7693, Val Accuracy: 0.9323
2025-01-12 17:00:50,514 - INFO - Epoch [2/100], Train Accuracy: 0.9753, Val Accuracy: 0.9677
2025-01-12 17:00:50,742 - INFO - Epoch [3/100], Train Accuracy: 0.9961, Val Accuracy: 0.9708
2025-01-12 17:00:50,957 - INFO - Epoch [4/100], Train Accuracy: 1.0000, Val Accuracy: 0.9719
2025-01-12 17:00:50,977 - INFO - Fold 4 Validation Accuracy: 0.9719
2025-01-12 17:00:50,981 - INFO - Save model to C:\Users\LeoLi\OneDrive - 学校法人立命館\Ritsumei\4th_Semester\Artificial_Intelligence\final_project\code\FNN/model/2025-01-12/17-00-46/model_3.pth
2025-01-12 17:00:51,234 - INFO - Epoch [1/100], Train Accuracy: 0.7370, Val Accuracy: 0.9573
2025-01-12 17:00:51,455 - INFO - Epoch [2/100], Train Accuracy: 0.9714, Val Accuracy: 0.9771
2025-01-12 17:00:51,685 - INFO - Epoch [3/100], Train Accuracy: 0.9951, Val Accuracy: 0.9781
2025-01-12 17:00:51,917 - INFO - Epoch [4/100], Train Accuracy: 0.9995, Val Accuracy: 0.9771
2025-01-12 17:00:51,940 - INFO - Fold 5 Validation Accuracy: 0.9771
2025-01-12 17:00:51,944 - INFO - Save model to C:\Users\LeoLi\OneDrive - 学校法人立命館\Ritsumei\4th_Semester\Artificial_Intelligence\final_project\code\FNN/model/2025-01-12/17-00-46/model_4.pth
2025-01-12 17:00:51,944 - INFO - Average Validation Accuracy (Over 5 folds): 0.9767 

2025-01-12 17:00:52,269 - INFO - Training with Vectorized Data 1000 features. Dropout Rate 0.70. Dataset Size 4800
2025-01-12 17:00:52,506 - INFO - Epoch [1/100], Train Accuracy: 0.7273, Val Accuracy: 0.9427
2025-01-12 17:00:52,781 - INFO - Epoch [2/100], Train Accuracy: 0.9698, Val Accuracy: 0.9740
2025-01-12 17:00:53,019 - INFO - Epoch [3/100], Train Accuracy: 0.9951, Val Accuracy: 0.9750
2025-01-12 17:00:53,232 - INFO - Epoch [4/100], Train Accuracy: 0.9995, Val Accuracy: 0.9781
2025-01-12 17:00:53,470 - INFO - Epoch [5/100], Train Accuracy: 1.0000, Val Accuracy: 0.9781
2025-01-12 17:00:53,504 - INFO - Fold 1 Validation Accuracy: 0.9781
2025-01-12 17:00:53,507 - INFO - Save model to C:\Users\LeoLi\OneDrive - 学校法人立命館\Ritsumei\4th_Semester\Artificial_Intelligence\final_project\code\FNN/model/2025-01-12/17-00-51/model_0.pth
2025-01-12 17:00:53,749 - INFO - Epoch [1/100], Train Accuracy: 0.7253, Val Accuracy: 0.9437
2025-01-12 17:00:54,010 - INFO - Epoch [2/100], Train Accuracy: 0.9690, Val Accuracy: 0.9688
2025-01-12 17:00:54,233 - INFO - Epoch [3/100], Train Accuracy: 0.9971, Val Accuracy: 0.9719
2025-01-12 17:00:54,485 - INFO - Epoch [4/100], Train Accuracy: 0.9997, Val Accuracy: 0.9740
2025-01-12 17:00:54,861 - INFO - Epoch [5/100], Train Accuracy: 1.0000, Val Accuracy: 0.9760
2025-01-12 17:00:54,907 - INFO - Fold 2 Validation Accuracy: 0.9760
2025-01-12 17:00:54,912 - INFO - Save model to C:\Users\LeoLi\OneDrive - 学校法人立命館\Ritsumei\4th_Semester\Artificial_Intelligence\final_project\code\FNN/model/2025-01-12/17-00-51/model_1.pth
2025-01-12 17:00:55,184 - INFO - Epoch [1/100], Train Accuracy: 0.7333, Val Accuracy: 0.9417
2025-01-12 17:00:55,431 - INFO - Epoch [2/100], Train Accuracy: 0.9693, Val Accuracy: 0.9667
2025-01-12 17:00:55,669 - INFO - Epoch [3/100], Train Accuracy: 0.9951, Val Accuracy: 0.9688
2025-01-12 17:00:55,890 - INFO - Epoch [4/100], Train Accuracy: 0.9995, Val Accuracy: 0.9719
2025-01-12 17:00:56,114 - INFO - Epoch [5/100], Train Accuracy: 1.0000, Val Accuracy: 0.9719
2025-01-12 17:00:56,141 - INFO - Fold 3 Validation Accuracy: 0.9719
2025-01-12 17:00:56,144 - INFO - Save model to C:\Users\LeoLi\OneDrive - 学校法人立命館\Ritsumei\4th_Semester\Artificial_Intelligence\final_project\code\FNN/model/2025-01-12/17-00-51/model_2.pth
2025-01-12 17:00:56,374 - INFO - Epoch [1/100], Train Accuracy: 0.7198, Val Accuracy: 0.9437
2025-01-12 17:00:56,612 - INFO - Epoch [2/100], Train Accuracy: 0.9685, Val Accuracy: 0.9771
2025-01-12 17:00:56,838 - INFO - Epoch [3/100], Train Accuracy: 0.9958, Val Accuracy: 0.9792
2025-01-12 17:00:57,055 - INFO - Epoch [4/100], Train Accuracy: 0.9995, Val Accuracy: 0.9792
2025-01-12 17:00:57,271 - INFO - Epoch [5/100], Train Accuracy: 1.0000, Val Accuracy: 0.9802
2025-01-12 17:00:57,304 - INFO - Fold 4 Validation Accuracy: 0.9802
2025-01-12 17:00:57,307 - INFO - Save model to C:\Users\LeoLi\OneDrive - 学校法人立命館\Ritsumei\4th_Semester\Artificial_Intelligence\final_project\code\FNN/model/2025-01-12/17-00-51/model_3.pth
2025-01-12 17:00:57,582 - INFO - Epoch [1/100], Train Accuracy: 0.7081, Val Accuracy: 0.9344
2025-01-12 17:00:57,833 - INFO - Epoch [2/100], Train Accuracy: 0.9682, Val Accuracy: 0.9677
2025-01-12 17:00:58,068 - INFO - Epoch [3/100], Train Accuracy: 0.9938, Val Accuracy: 0.9729
2025-01-12 17:00:58,299 - INFO - Epoch [4/100], Train Accuracy: 0.9997, Val Accuracy: 0.9740
2025-01-12 17:00:58,548 - INFO - Epoch [5/100], Train Accuracy: 1.0000, Val Accuracy: 0.9698
2025-01-12 17:00:58,571 - INFO - Fold 5 Validation Accuracy: 0.9698
2025-01-12 17:00:58,575 - INFO - Save model to C:\Users\LeoLi\OneDrive - 学校法人立命館\Ritsumei\4th_Semester\Artificial_Intelligence\final_project\code\FNN/model/2025-01-12/17-00-51/model_4.pth
2025-01-12 17:00:58,575 - INFO - Average Validation Accuracy (Over 5 folds): 0.9752 

2025-01-12 17:00:58,885 - INFO - Training with Vectorized Data 1000 features. Dropout Rate 0.80. Dataset Size 4800
2025-01-12 17:00:59,120 - INFO - Epoch [1/100], Train Accuracy: 0.6839, Val Accuracy: 0.9250
2025-01-12 17:00:59,350 - INFO - Epoch [2/100], Train Accuracy: 0.9612, Val Accuracy: 0.9719
2025-01-12 17:00:59,569 - INFO - Epoch [3/100], Train Accuracy: 0.9943, Val Accuracy: 0.9781
2025-01-12 17:00:59,810 - INFO - Epoch [4/100], Train Accuracy: 0.9990, Val Accuracy: 0.9698
2025-01-12 17:00:59,833 - INFO - Fold 1 Validation Accuracy: 0.9698
2025-01-12 17:00:59,836 - INFO - Save model to C:\Users\LeoLi\OneDrive - 学校法人立命館\Ritsumei\4th_Semester\Artificial_Intelligence\final_project\code\FNN/model/2025-01-12/17-00-58/model_0.pth
2025-01-12 17:01:00,087 - INFO - Epoch [1/100], Train Accuracy: 0.6279, Val Accuracy: 0.9333
2025-01-12 17:01:00,319 - INFO - Epoch [2/100], Train Accuracy: 0.9646, Val Accuracy: 0.9719
2025-01-12 17:01:00,551 - INFO - Epoch [3/100], Train Accuracy: 0.9935, Val Accuracy: 0.9802
2025-01-12 17:01:00,788 - INFO - Epoch [4/100], Train Accuracy: 0.9997, Val Accuracy: 0.9792
2025-01-12 17:01:00,807 - INFO - Fold 2 Validation Accuracy: 0.9792
2025-01-12 17:01:00,811 - INFO - Save model to C:\Users\LeoLi\OneDrive - 学校法人立命館\Ritsumei\4th_Semester\Artificial_Intelligence\final_project\code\FNN/model/2025-01-12/17-00-58/model_1.pth
2025-01-12 17:01:01,057 - INFO - Epoch [1/100], Train Accuracy: 0.6234, Val Accuracy: 0.9271
2025-01-12 17:01:01,292 - INFO - Epoch [2/100], Train Accuracy: 0.9669, Val Accuracy: 0.9667
2025-01-12 17:01:01,527 - INFO - Epoch [3/100], Train Accuracy: 0.9938, Val Accuracy: 0.9750
2025-01-12 17:01:01,761 - INFO - Epoch [4/100], Train Accuracy: 1.0000, Val Accuracy: 0.9740
2025-01-12 17:01:01,782 - INFO - Fold 3 Validation Accuracy: 0.9740
2025-01-12 17:01:01,786 - INFO - Save model to C:\Users\LeoLi\OneDrive - 学校法人立命館\Ritsumei\4th_Semester\Artificial_Intelligence\final_project\code\FNN/model/2025-01-12/17-00-58/model_2.pth
2025-01-12 17:01:02,035 - INFO - Epoch [1/100], Train Accuracy: 0.6721, Val Accuracy: 0.9427
2025-01-12 17:01:02,271 - INFO - Epoch [2/100], Train Accuracy: 0.9641, Val Accuracy: 0.9729
2025-01-12 17:01:02,504 - INFO - Epoch [3/100], Train Accuracy: 0.9945, Val Accuracy: 0.9760
2025-01-12 17:01:02,738 - INFO - Epoch [4/100], Train Accuracy: 0.9995, Val Accuracy: 0.9792
2025-01-12 17:01:02,963 - INFO - Epoch [5/100], Train Accuracy: 1.0000, Val Accuracy: 0.9760
2025-01-12 17:01:02,988 - INFO - Fold 4 Validation Accuracy: 0.9760
2025-01-12 17:01:02,991 - INFO - Save model to C:\Users\LeoLi\OneDrive - 学校法人立命館\Ritsumei\4th_Semester\Artificial_Intelligence\final_project\code\FNN/model/2025-01-12/17-00-58/model_3.pth
2025-01-12 17:01:03,236 - INFO - Epoch [1/100], Train Accuracy: 0.6661, Val Accuracy: 0.9323
2025-01-12 17:01:03,474 - INFO - Epoch [2/100], Train Accuracy: 0.9591, Val Accuracy: 0.9802
2025-01-12 17:01:03,707 - INFO - Epoch [3/100], Train Accuracy: 0.9935, Val Accuracy: 0.9844
2025-01-12 17:01:03,920 - INFO - Epoch [4/100], Train Accuracy: 0.9997, Val Accuracy: 0.9844
2025-01-12 17:01:04,133 - INFO - Epoch [5/100], Train Accuracy: 1.0000, Val Accuracy: 0.9844
2025-01-12 17:01:04,159 - INFO - Fold 5 Validation Accuracy: 0.9844
2025-01-12 17:01:04,162 - INFO - Save model to C:\Users\LeoLi\OneDrive - 学校法人立命館\Ritsumei\4th_Semester\Artificial_Intelligence\final_project\code\FNN/model/2025-01-12/17-00-58/model_4.pth
2025-01-12 17:01:04,162 - INFO - Average Validation Accuracy (Over 5 folds): 0.9767 

2025-01-12 17:01:04,499 - INFO - Training with Vectorized Data 1000 features. Dropout Rate 0.90. Dataset Size 4800
2025-01-12 17:01:04,763 - INFO - Epoch [1/100], Train Accuracy: 0.5339, Val Accuracy: 0.9073
2025-01-12 17:01:05,024 - INFO - Epoch [2/100], Train Accuracy: 0.9568, Val Accuracy: 0.9573
2025-01-12 17:01:05,260 - INFO - Epoch [3/100], Train Accuracy: 0.9930, Val Accuracy: 0.9667
2025-01-12 17:01:05,488 - INFO - Epoch [4/100], Train Accuracy: 0.9990, Val Accuracy: 0.9635
2025-01-12 17:01:05,510 - INFO - Fold 1 Validation Accuracy: 0.9635
2025-01-12 17:01:05,513 - INFO - Save model to C:\Users\LeoLi\OneDrive - 学校法人立命館\Ritsumei\4th_Semester\Artificial_Intelligence\final_project\code\FNN/model/2025-01-12/17-01-04/model_0.pth
2025-01-12 17:01:05,750 - INFO - Epoch [1/100], Train Accuracy: 0.5388, Val Accuracy: 0.9104
2025-01-12 17:01:06,008 - INFO - Epoch [2/100], Train Accuracy: 0.9518, Val Accuracy: 0.9573
2025-01-12 17:01:06,221 - INFO - Epoch [3/100], Train Accuracy: 0.9896, Val Accuracy: 0.9698
2025-01-12 17:01:06,430 - INFO - Epoch [4/100], Train Accuracy: 0.9995, Val Accuracy: 0.9698
2025-01-12 17:01:06,652 - INFO - Epoch [5/100], Train Accuracy: 1.0000, Val Accuracy: 0.9688
2025-01-12 17:01:06,672 - INFO - Fold 2 Validation Accuracy: 0.9688
2025-01-12 17:01:06,676 - INFO - Save model to C:\Users\LeoLi\OneDrive - 学校法人立命館\Ritsumei\4th_Semester\Artificial_Intelligence\final_project\code\FNN/model/2025-01-12/17-01-04/model_1.pth
2025-01-12 17:01:06,943 - INFO - Epoch [1/100], Train Accuracy: 0.5505, Val Accuracy: 0.9177
2025-01-12 17:01:07,171 - INFO - Epoch [2/100], Train Accuracy: 0.9552, Val Accuracy: 0.9760
2025-01-12 17:01:07,389 - INFO - Epoch [3/100], Train Accuracy: 0.9924, Val Accuracy: 0.9771
2025-01-12 17:01:07,614 - INFO - Epoch [4/100], Train Accuracy: 0.9990, Val Accuracy: 0.9833
2025-01-12 17:01:07,829 - INFO - Epoch [5/100], Train Accuracy: 0.9997, Val Accuracy: 0.9812
2025-01-12 17:01:07,851 - INFO - Fold 3 Validation Accuracy: 0.9812
2025-01-12 17:01:07,855 - INFO - Save model to C:\Users\LeoLi\OneDrive - 学校法人立命館\Ritsumei\4th_Semester\Artificial_Intelligence\final_project\code\FNN/model/2025-01-12/17-01-04/model_2.pth
2025-01-12 17:01:08,141 - INFO - Epoch [1/100], Train Accuracy: 0.5458, Val Accuracy: 0.9281
2025-01-12 17:01:08,388 - INFO - Epoch [2/100], Train Accuracy: 0.9552, Val Accuracy: 0.9750
2025-01-12 17:01:08,643 - INFO - Epoch [3/100], Train Accuracy: 0.9924, Val Accuracy: 0.9781
2025-01-12 17:01:08,878 - INFO - Epoch [4/100], Train Accuracy: 0.9987, Val Accuracy: 0.9771
2025-01-12 17:01:08,905 - INFO - Fold 4 Validation Accuracy: 0.9771
2025-01-12 17:01:08,907 - INFO - Save model to C:\Users\LeoLi\OneDrive - 学校法人立命館\Ritsumei\4th_Semester\Artificial_Intelligence\final_project\code\FNN/model/2025-01-12/17-01-04/model_3.pth
2025-01-12 17:01:09,154 - INFO - Epoch [1/100], Train Accuracy: 0.5378, Val Accuracy: 0.9323
2025-01-12 17:01:09,389 - INFO - Epoch [2/100], Train Accuracy: 0.9557, Val Accuracy: 0.9729
2025-01-12 17:01:09,630 - INFO - Epoch [3/100], Train Accuracy: 0.9930, Val Accuracy: 0.9729
2025-01-12 17:01:09,842 - INFO - Epoch [4/100], Train Accuracy: 0.9997, Val Accuracy: 0.9771
2025-01-12 17:01:10,071 - INFO - Epoch [5/100], Train Accuracy: 1.0000, Val Accuracy: 0.9760
2025-01-12 17:01:10,094 - INFO - Fold 5 Validation Accuracy: 0.9760
2025-01-12 17:01:10,097 - INFO - Save model to C:\Users\LeoLi\OneDrive - 学校法人立命館\Ritsumei\4th_Semester\Artificial_Intelligence\final_project\code\FNN/model/2025-01-12/17-01-04/model_4.pth
2025-01-12 17:01:10,098 - INFO - Average Validation Accuracy (Over 5 folds): 0.9733 

