2025-01-12 17:39:47,530 - INFO - Testing console logging.
2025-01-12 17:39:47,765 - INFO - Training with Vectorized Data 1000 features. Dropout Rate 0.70. Dataset Size 2520
2025-01-12 17:39:49,009 - INFO - Epoch [1/100], Train Accuracy: 0.5064, Val Accuracy: 0.8214
2025-01-12 17:39:49,127 - INFO - Epoch [2/100], Train Accuracy: 0.8442, Val Accuracy: 0.8532
2025-01-12 17:39:49,246 - INFO - Epoch [3/100], Train Accuracy: 0.9196, Val Accuracy: 0.8532
2025-01-12 17:39:49,368 - INFO - Epoch [4/100], Train Accuracy: 0.9668, Val Accuracy: 0.8552
2025-01-12 17:39:49,494 - INFO - Epoch [5/100], Train Accuracy: 0.9896, Val Accuracy: 0.8552
2025-01-12 17:39:49,615 - INFO - Epoch [6/100], Train Accuracy: 0.9995, Val Accuracy: 0.8552
2025-01-12 17:39:49,746 - INFO - Epoch [7/100], Train Accuracy: 1.0000, Val Accuracy: 0.8591
2025-01-12 17:39:49,757 - INFO - Fold 1 Validation Accuracy: 0.8591
2025-01-12 17:39:49,760 - INFO - Save model to C:\Users\LeoLi\OneDrive - 学校法人立命館\Ritsumei\4th_Semester\Artificial_Intelligence\final_project\code\FNN/model/2025-01-12/17-39-47/model_0.pth
2025-01-12 17:39:49,887 - INFO - Epoch [1/100], Train Accuracy: 0.4975, Val Accuracy: 0.7956
2025-01-12 17:39:50,018 - INFO - Epoch [2/100], Train Accuracy: 0.8180, Val Accuracy: 0.8313
2025-01-12 17:39:50,143 - INFO - Epoch [3/100], Train Accuracy: 0.9231, Val Accuracy: 0.8155
2025-01-12 17:39:50,153 - INFO - Fold 2 Validation Accuracy: 0.8155
2025-01-12 17:39:50,156 - INFO - Save model to C:\Users\LeoLi\OneDrive - 学校法人立命館\Ritsumei\4th_Semester\Artificial_Intelligence\final_project\code\FNN/model/2025-01-12/17-39-47/model_1.pth
2025-01-12 17:39:50,284 - INFO - Epoch [1/100], Train Accuracy: 0.4296, Val Accuracy: 0.6766
2025-01-12 17:39:50,413 - INFO - Epoch [2/100], Train Accuracy: 0.8274, Val Accuracy: 0.8313
2025-01-12 17:39:50,546 - INFO - Epoch [3/100], Train Accuracy: 0.9201, Val Accuracy: 0.8492
2025-01-12 17:39:50,664 - INFO - Epoch [4/100], Train Accuracy: 0.9707, Val Accuracy: 0.8433
2025-01-12 17:39:50,680 - INFO - Fold 3 Validation Accuracy: 0.8433
2025-01-12 17:39:50,683 - INFO - Save model to C:\Users\LeoLi\OneDrive - 学校法人立命館\Ritsumei\4th_Semester\Artificial_Intelligence\final_project\code\FNN/model/2025-01-12/17-39-47/model_2.pth
2025-01-12 17:39:50,809 - INFO - Epoch [1/100], Train Accuracy: 0.4960, Val Accuracy: 0.7599
2025-01-12 17:39:50,932 - INFO - Epoch [2/100], Train Accuracy: 0.8403, Val Accuracy: 0.8016
2025-01-12 17:39:51,055 - INFO - Epoch [3/100], Train Accuracy: 0.9266, Val Accuracy: 0.7917
2025-01-12 17:39:51,069 - INFO - Fold 4 Validation Accuracy: 0.7917
2025-01-12 17:39:51,073 - INFO - Save model to C:\Users\LeoLi\OneDrive - 学校法人立命館\Ritsumei\4th_Semester\Artificial_Intelligence\final_project\code\FNN/model/2025-01-12/17-39-47/model_3.pth
2025-01-12 17:39:51,198 - INFO - Epoch [1/100], Train Accuracy: 0.4821, Val Accuracy: 0.8274
2025-01-12 17:39:51,325 - INFO - Epoch [2/100], Train Accuracy: 0.8383, Val Accuracy: 0.8552
2025-01-12 17:39:51,441 - INFO - Epoch [3/100], Train Accuracy: 0.9231, Val Accuracy: 0.8492
2025-01-12 17:39:51,454 - INFO - Fold 5 Validation Accuracy: 0.8492
2025-01-12 17:39:51,458 - INFO - Save model to C:\Users\LeoLi\OneDrive - 学校法人立命館\Ritsumei\4th_Semester\Artificial_Intelligence\final_project\code\FNN/model/2025-01-12/17-39-47/model_4.pth
2025-01-12 17:39:51,458 - INFO - Average Validation Accuracy (Over 5 folds): 0.8317 

