2025-01-12 17:41:49,289 - INFO - Testing console logging.
2025-01-12 17:41:49,555 - INFO - Training with Vectorized Data 1000 features. Dropout Rate 0.70. Dataset Size 2520
2025-01-12 17:41:50,854 - INFO - Epoch [1/100], Train Accuracy: 0.6478, Val Accuracy: 0.8611
2025-01-12 17:41:50,990 - INFO - Epoch [2/100], Train Accuracy: 0.8894, Val Accuracy: 0.8710
2025-01-12 17:41:51,106 - INFO - Epoch [3/100], Train Accuracy: 0.9802, Val Accuracy: 0.8651
2025-01-12 17:41:51,121 - INFO - Fold 1 Validation Accuracy: 0.8651
2025-01-12 17:41:51,132 - INFO - Save model to C:\Users\LeoLi\OneDrive - 学校法人立命館\Ritsumei\4th_Semester\Artificial_Intelligence\final_project\code\FNN/model/2025-01-12/17-41-49/model_0.pth
2025-01-12 17:41:51,272 - INFO - Epoch [1/100], Train Accuracy: 0.6126, Val Accuracy: 0.8194
2025-01-12 17:41:51,385 - INFO - Epoch [2/100], Train Accuracy: 0.8859, Val Accuracy: 0.8095
2025-01-12 17:41:51,520 - INFO - Epoch [3/100], Train Accuracy: 0.9772, Val Accuracy: 0.8095
2025-01-12 17:41:51,655 - INFO - Epoch [4/100], Train Accuracy: 0.9990, Val Accuracy: 0.8095
2025-01-12 17:41:51,789 - INFO - Epoch [5/100], Train Accuracy: 1.0000, Val Accuracy: 0.8075
2025-01-12 17:41:51,802 - INFO - Fold 2 Validation Accuracy: 0.8075
2025-01-12 17:41:51,812 - INFO - Save model to C:\Users\LeoLi\OneDrive - 学校法人立命館\Ritsumei\4th_Semester\Artificial_Intelligence\final_project\code\FNN/model/2025-01-12/17-41-49/model_1.pth
2025-01-12 17:41:51,962 - INFO - Epoch [1/100], Train Accuracy: 0.6359, Val Accuracy: 0.8274
2025-01-12 17:41:52,083 - INFO - Epoch [2/100], Train Accuracy: 0.8929, Val Accuracy: 0.8214
2025-01-12 17:41:52,199 - INFO - Epoch [3/100], Train Accuracy: 0.9747, Val Accuracy: 0.8294
2025-01-12 17:41:52,333 - INFO - Epoch [4/100], Train Accuracy: 0.9990, Val Accuracy: 0.8175
2025-01-12 17:41:52,347 - INFO - Fold 3 Validation Accuracy: 0.8175
2025-01-12 17:41:52,359 - INFO - Save model to C:\Users\LeoLi\OneDrive - 学校法人立命館\Ritsumei\4th_Semester\Artificial_Intelligence\final_project\code\FNN/model/2025-01-12/17-41-49/model_2.pth
2025-01-12 17:41:52,503 - INFO - Epoch [1/100], Train Accuracy: 0.6409, Val Accuracy: 0.8353
2025-01-12 17:41:52,635 - INFO - Epoch [2/100], Train Accuracy: 0.8943, Val Accuracy: 0.8413
2025-01-12 17:41:52,764 - INFO - Epoch [3/100], Train Accuracy: 0.9821, Val Accuracy: 0.8492
2025-01-12 17:41:52,894 - INFO - Epoch [4/100], Train Accuracy: 0.9995, Val Accuracy: 0.8532
2025-01-12 17:41:53,022 - INFO - Epoch [5/100], Train Accuracy: 1.0000, Val Accuracy: 0.8512
2025-01-12 17:41:53,032 - INFO - Fold 4 Validation Accuracy: 0.8512
2025-01-12 17:41:53,042 - INFO - Save model to C:\Users\LeoLi\OneDrive - 学校法人立命館\Ritsumei\4th_Semester\Artificial_Intelligence\final_project\code\FNN/model/2025-01-12/17-41-49/model_3.pth
2025-01-12 17:41:53,196 - INFO - Epoch [1/100], Train Accuracy: 0.6562, Val Accuracy: 0.8155
2025-01-12 17:41:53,332 - INFO - Epoch [2/100], Train Accuracy: 0.9003, Val Accuracy: 0.7996
2025-01-12 17:41:53,466 - INFO - Epoch [3/100], Train Accuracy: 0.9807, Val Accuracy: 0.8333
2025-01-12 17:41:53,589 - INFO - Epoch [4/100], Train Accuracy: 0.9985, Val Accuracy: 0.8274
2025-01-12 17:41:53,599 - INFO - Fold 5 Validation Accuracy: 0.8274
2025-01-12 17:41:53,612 - INFO - Save model to C:\Users\LeoLi\OneDrive - 学校法人立命館\Ritsumei\4th_Semester\Artificial_Intelligence\final_project\code\FNN/model/2025-01-12/17-41-49/model_4.pth
2025-01-12 17:41:53,612 - INFO - Average Validation Accuracy (Over 5 folds): 0.8337 

