2025-01-12 17:52:14,304 - INFO - Testing console logging.
2025-01-12 17:52:14,494 - INFO - Training with Vectorized Data 1000 features. Dropout Rate 1.00. Dataset Size 2580
2025-01-12 17:52:15,596 - INFO - Epoch [1/100], Train Accuracy: 0.3198, Val Accuracy: 0.3275
2025-01-12 17:52:15,745 - INFO - Epoch [2/100], Train Accuracy: 0.7272, Val Accuracy: 0.8159
2025-01-12 17:52:15,866 - INFO - Epoch [3/100], Train Accuracy: 0.9341, Val Accuracy: 0.8295
2025-01-12 17:52:15,986 - INFO - Epoch [4/100], Train Accuracy: 0.9869, Val Accuracy: 0.8178
2025-01-12 17:52:16,104 - INFO - Epoch [5/100], Train Accuracy: 0.9981, Val Accuracy: 0.8178
2025-01-12 17:52:16,228 - INFO - Epoch [6/100], Train Accuracy: 0.9995, Val Accuracy: 0.8140
2025-01-12 17:52:16,367 - INFO - Epoch [7/100], Train Accuracy: 1.0000, Val Accuracy: 0.8178
2025-01-12 17:52:16,383 - INFO - Fold 1 Validation Accuracy: 0.8178
2025-01-12 17:52:16,393 - INFO - Save model to C:\Users\LeoLi\OneDrive - 学校法人立命館\Ritsumei\4th_Semester\Artificial_Intelligence\final_project\code\FNN/model/2025-01-12/17-52-14/model_0.pth
2025-01-12 17:52:16,546 - INFO - Epoch [1/100], Train Accuracy: 0.3421, Val Accuracy: 0.2926
2025-01-12 17:52:16,657 - INFO - Epoch [2/100], Train Accuracy: 0.7340, Val Accuracy: 0.8236
2025-01-12 17:52:16,772 - INFO - Epoch [3/100], Train Accuracy: 0.9307, Val Accuracy: 0.7965
2025-01-12 17:52:16,910 - INFO - Epoch [4/100], Train Accuracy: 0.9855, Val Accuracy: 0.8314
2025-01-12 17:52:17,063 - INFO - Epoch [5/100], Train Accuracy: 0.9990, Val Accuracy: 0.8372
2025-01-12 17:52:17,182 - INFO - Epoch [6/100], Train Accuracy: 1.0000, Val Accuracy: 0.8333
2025-01-12 17:52:17,195 - INFO - Fold 2 Validation Accuracy: 0.8333
2025-01-12 17:52:17,204 - INFO - Save model to C:\Users\LeoLi\OneDrive - 学校法人立命館\Ritsumei\4th_Semester\Artificial_Intelligence\final_project\code\FNN/model/2025-01-12/17-52-14/model_1.pth
2025-01-12 17:52:17,335 - INFO - Epoch [1/100], Train Accuracy: 0.3401, Val Accuracy: 0.3062
2025-01-12 17:52:17,457 - INFO - Epoch [2/100], Train Accuracy: 0.7432, Val Accuracy: 0.7965
2025-01-12 17:52:17,589 - INFO - Epoch [3/100], Train Accuracy: 0.9380, Val Accuracy: 0.8062
2025-01-12 17:52:17,712 - INFO - Epoch [4/100], Train Accuracy: 0.9840, Val Accuracy: 0.7868
2025-01-12 17:52:17,823 - INFO - Epoch [5/100], Train Accuracy: 0.9995, Val Accuracy: 0.7791
2025-01-12 17:52:17,951 - INFO - Epoch [6/100], Train Accuracy: 1.0000, Val Accuracy: 0.7946
2025-01-12 17:52:17,967 - INFO - Fold 3 Validation Accuracy: 0.7946
2025-01-12 17:52:17,977 - INFO - Save model to C:\Users\LeoLi\OneDrive - 学校法人立命館\Ritsumei\4th_Semester\Artificial_Intelligence\final_project\code\FNN/model/2025-01-12/17-52-14/model_2.pth
2025-01-12 17:52:18,133 - INFO - Epoch [1/100], Train Accuracy: 0.3309, Val Accuracy: 0.3256
2025-01-12 17:52:18,249 - INFO - Epoch [2/100], Train Accuracy: 0.7214, Val Accuracy: 0.8314
2025-01-12 17:52:18,366 - INFO - Epoch [3/100], Train Accuracy: 0.9317, Val Accuracy: 0.8256
2025-01-12 17:52:18,492 - INFO - Epoch [4/100], Train Accuracy: 0.9874, Val Accuracy: 0.8333
2025-01-12 17:52:18,622 - INFO - Epoch [5/100], Train Accuracy: 0.9990, Val Accuracy: 0.8333
2025-01-12 17:52:18,751 - INFO - Epoch [6/100], Train Accuracy: 1.0000, Val Accuracy: 0.8314
2025-01-12 17:52:18,766 - INFO - Fold 4 Validation Accuracy: 0.8314
2025-01-12 17:52:18,776 - INFO - Save model to C:\Users\LeoLi\OneDrive - 学校法人立命館\Ritsumei\4th_Semester\Artificial_Intelligence\final_project\code\FNN/model/2025-01-12/17-52-14/model_3.pth
2025-01-12 17:52:18,933 - INFO - Epoch [1/100], Train Accuracy: 0.3328, Val Accuracy: 0.2849
2025-01-12 17:52:19,065 - INFO - Epoch [2/100], Train Accuracy: 0.6991, Val Accuracy: 0.8120
2025-01-12 17:52:19,195 - INFO - Epoch [3/100], Train Accuracy: 0.9264, Val Accuracy: 0.8430
2025-01-12 17:52:19,334 - INFO - Epoch [4/100], Train Accuracy: 0.9801, Val Accuracy: 0.8430
2025-01-12 17:52:19,453 - INFO - Epoch [5/100], Train Accuracy: 0.9976, Val Accuracy: 0.8527
2025-01-12 17:52:19,592 - INFO - Epoch [6/100], Train Accuracy: 1.0000, Val Accuracy: 0.8547
2025-01-12 17:52:19,606 - INFO - Fold 5 Validation Accuracy: 0.8547
2025-01-12 17:52:19,617 - INFO - Save model to C:\Users\LeoLi\OneDrive - 学校法人立命館\Ritsumei\4th_Semester\Artificial_Intelligence\final_project\code\FNN/model/2025-01-12/17-52-14/model_4.pth
2025-01-12 17:52:19,618 - INFO - Average Validation Accuracy (Over 5 folds): 0.8264 

