2025-01-12 17:52:38,134 - INFO - Testing console logging.
2025-01-12 17:52:38,369 - INFO - Training with Vectorized Data 1000 features. Dropout Rate 0.90. Dataset Size 2580
2025-01-12 17:52:39,608 - INFO - Epoch [1/100], Train Accuracy: 0.3609, Val Accuracy: 0.3682
2025-01-12 17:52:39,732 - INFO - Epoch [2/100], Train Accuracy: 0.6357, Val Accuracy: 0.7209
2025-01-12 17:52:39,853 - INFO - Epoch [3/100], Train Accuracy: 0.8232, Val Accuracy: 0.7849
2025-01-12 17:52:39,967 - INFO - Epoch [4/100], Train Accuracy: 0.9026, Val Accuracy: 0.8120
2025-01-12 17:52:40,085 - INFO - Epoch [5/100], Train Accuracy: 0.9317, Val Accuracy: 0.7926
2025-01-12 17:52:40,214 - INFO - Epoch [6/100], Train Accuracy: 0.9569, Val Accuracy: 0.7984
2025-01-12 17:52:40,333 - INFO - Epoch [7/100], Train Accuracy: 0.9738, Val Accuracy: 0.8004
2025-01-12 17:52:40,456 - INFO - Epoch [8/100], Train Accuracy: 0.9869, Val Accuracy: 0.7965
2025-01-12 17:52:40,581 - INFO - Epoch [9/100], Train Accuracy: 0.9952, Val Accuracy: 0.7907
2025-01-12 17:52:40,706 - INFO - Epoch [10/100], Train Accuracy: 0.9985, Val Accuracy: 0.7907
2025-01-12 17:52:40,826 - INFO - Epoch [11/100], Train Accuracy: 1.0000, Val Accuracy: 0.7926
2025-01-12 17:52:40,837 - INFO - Fold 1 Validation Accuracy: 0.7926
2025-01-12 17:52:40,840 - INFO - Save model to C:\Users\LeoLi\OneDrive - 学校法人立命館\Ritsumei\4th_Semester\Artificial_Intelligence\final_project\code\FNN/model/2025-01-12/17-52-38/model_0.pth
2025-01-12 17:52:40,974 - INFO - Epoch [1/100], Train Accuracy: 0.3406, Val Accuracy: 0.3140
2025-01-12 17:52:41,101 - INFO - Epoch [2/100], Train Accuracy: 0.4327, Val Accuracy: 0.6085
2025-01-12 17:52:41,225 - INFO - Epoch [3/100], Train Accuracy: 0.7558, Val Accuracy: 0.8275
2025-01-12 17:52:41,350 - INFO - Epoch [4/100], Train Accuracy: 0.8832, Val Accuracy: 0.8314
2025-01-12 17:52:41,482 - INFO - Epoch [5/100], Train Accuracy: 0.9244, Val Accuracy: 0.8469
2025-01-12 17:52:41,616 - INFO - Epoch [6/100], Train Accuracy: 0.9535, Val Accuracy: 0.8353
2025-01-12 17:52:41,743 - INFO - Epoch [7/100], Train Accuracy: 0.9753, Val Accuracy: 0.8333
2025-01-12 17:52:41,862 - INFO - Epoch [8/100], Train Accuracy: 0.9874, Val Accuracy: 0.8275
2025-01-12 17:52:41,988 - INFO - Epoch [9/100], Train Accuracy: 0.9922, Val Accuracy: 0.8314
2025-01-12 17:52:42,107 - INFO - Epoch [10/100], Train Accuracy: 0.9971, Val Accuracy: 0.8295
2025-01-12 17:52:42,236 - INFO - Epoch [11/100], Train Accuracy: 0.9990, Val Accuracy: 0.8295
2025-01-12 17:52:42,349 - INFO - Epoch [12/100], Train Accuracy: 0.9995, Val Accuracy: 0.8256
2025-01-12 17:52:42,476 - INFO - Epoch [13/100], Train Accuracy: 0.9995, Val Accuracy: 0.8275
2025-01-12 17:52:42,598 - INFO - Epoch [14/100], Train Accuracy: 0.9995, Val Accuracy: 0.8236
2025-01-12 17:52:42,719 - INFO - Epoch [15/100], Train Accuracy: 1.0000, Val Accuracy: 0.8217
2025-01-12 17:52:42,730 - INFO - Fold 2 Validation Accuracy: 0.8217
2025-01-12 17:52:42,732 - INFO - Save model to C:\Users\LeoLi\OneDrive - 学校法人立命館\Ritsumei\4th_Semester\Artificial_Intelligence\final_project\code\FNN/model/2025-01-12/17-52-38/model_1.pth
2025-01-12 17:52:42,859 - INFO - Epoch [1/100], Train Accuracy: 0.3493, Val Accuracy: 0.5969
2025-01-12 17:52:42,981 - INFO - Epoch [2/100], Train Accuracy: 0.5891, Val Accuracy: 0.7713
2025-01-12 17:52:43,100 - INFO - Epoch [3/100], Train Accuracy: 0.8251, Val Accuracy: 0.8333
2025-01-12 17:52:43,228 - INFO - Epoch [4/100], Train Accuracy: 0.8866, Val Accuracy: 0.8663
2025-01-12 17:52:43,352 - INFO - Epoch [5/100], Train Accuracy: 0.9293, Val Accuracy: 0.8663
2025-01-12 17:52:43,474 - INFO - Epoch [6/100], Train Accuracy: 0.9540, Val Accuracy: 0.8663
2025-01-12 17:52:43,597 - INFO - Epoch [7/100], Train Accuracy: 0.9767, Val Accuracy: 0.8605
2025-01-12 17:52:43,710 - INFO - Epoch [8/100], Train Accuracy: 0.9884, Val Accuracy: 0.8643
2025-01-12 17:52:43,830 - INFO - Epoch [9/100], Train Accuracy: 0.9952, Val Accuracy: 0.8585
2025-01-12 17:52:43,952 - INFO - Epoch [10/100], Train Accuracy: 0.9981, Val Accuracy: 0.8566
2025-01-12 17:52:44,077 - INFO - Epoch [11/100], Train Accuracy: 0.9990, Val Accuracy: 0.8527
2025-01-12 17:52:44,187 - INFO - Epoch [12/100], Train Accuracy: 0.9995, Val Accuracy: 0.8469
2025-01-12 17:52:44,308 - INFO - Epoch [13/100], Train Accuracy: 0.9995, Val Accuracy: 0.8488
2025-01-12 17:52:44,415 - INFO - Epoch [14/100], Train Accuracy: 0.9995, Val Accuracy: 0.8469
2025-01-12 17:52:44,545 - INFO - Epoch [15/100], Train Accuracy: 1.0000, Val Accuracy: 0.8488
2025-01-12 17:52:44,556 - INFO - Fold 3 Validation Accuracy: 0.8488
2025-01-12 17:52:44,558 - INFO - Save model to C:\Users\LeoLi\OneDrive - 学校法人立命館\Ritsumei\4th_Semester\Artificial_Intelligence\final_project\code\FNN/model/2025-01-12/17-52-38/model_2.pth
2025-01-12 17:52:44,676 - INFO - Epoch [1/100], Train Accuracy: 0.3387, Val Accuracy: 0.3857
2025-01-12 17:52:44,793 - INFO - Epoch [2/100], Train Accuracy: 0.6458, Val Accuracy: 0.7209
2025-01-12 17:52:44,931 - INFO - Epoch [3/100], Train Accuracy: 0.8198, Val Accuracy: 0.8062
2025-01-12 17:52:45,044 - INFO - Epoch [4/100], Train Accuracy: 0.8968, Val Accuracy: 0.8159
2025-01-12 17:52:45,181 - INFO - Epoch [5/100], Train Accuracy: 0.9356, Val Accuracy: 0.8275
2025-01-12 17:52:45,298 - INFO - Epoch [6/100], Train Accuracy: 0.9593, Val Accuracy: 0.8217
2025-01-12 17:52:45,428 - INFO - Epoch [7/100], Train Accuracy: 0.9792, Val Accuracy: 0.8159
2025-01-12 17:52:45,548 - INFO - Epoch [8/100], Train Accuracy: 0.9898, Val Accuracy: 0.8120
2025-01-12 17:52:45,674 - INFO - Epoch [9/100], Train Accuracy: 0.9981, Val Accuracy: 0.8120
2025-01-12 17:52:45,777 - INFO - Epoch [10/100], Train Accuracy: 0.9990, Val Accuracy: 0.8120
2025-01-12 17:52:45,902 - INFO - Epoch [11/100], Train Accuracy: 0.9995, Val Accuracy: 0.8101
2025-01-12 17:52:46,008 - INFO - Epoch [12/100], Train Accuracy: 1.0000, Val Accuracy: 0.8120
2025-01-12 17:52:46,019 - INFO - Fold 4 Validation Accuracy: 0.8120
2025-01-12 17:52:46,022 - INFO - Save model to C:\Users\LeoLi\OneDrive - 学校法人立命館\Ritsumei\4th_Semester\Artificial_Intelligence\final_project\code\FNN/model/2025-01-12/17-52-38/model_3.pth
2025-01-12 17:52:46,154 - INFO - Epoch [1/100], Train Accuracy: 0.3624, Val Accuracy: 0.3643
2025-01-12 17:52:46,264 - INFO - Epoch [2/100], Train Accuracy: 0.5649, Val Accuracy: 0.7306
2025-01-12 17:52:46,388 - INFO - Epoch [3/100], Train Accuracy: 0.8154, Val Accuracy: 0.8295
2025-01-12 17:52:46,571 - INFO - Epoch [4/100], Train Accuracy: 0.8813, Val Accuracy: 0.8547
2025-01-12 17:52:46,695 - INFO - Epoch [5/100], Train Accuracy: 0.9249, Val Accuracy: 0.8566
2025-01-12 17:52:46,800 - INFO - Epoch [6/100], Train Accuracy: 0.9496, Val Accuracy: 0.8585
2025-01-12 17:52:46,919 - INFO - Epoch [7/100], Train Accuracy: 0.9700, Val Accuracy: 0.8566
2025-01-12 17:52:47,039 - INFO - Epoch [8/100], Train Accuracy: 0.9850, Val Accuracy: 0.8547
2025-01-12 17:52:47,168 - INFO - Epoch [9/100], Train Accuracy: 0.9966, Val Accuracy: 0.8488
2025-01-12 17:52:47,288 - INFO - Epoch [10/100], Train Accuracy: 0.9981, Val Accuracy: 0.8450
2025-01-12 17:52:47,404 - INFO - Epoch [11/100], Train Accuracy: 0.9990, Val Accuracy: 0.8469
2025-01-12 17:52:47,535 - INFO - Epoch [12/100], Train Accuracy: 0.9995, Val Accuracy: 0.8430
2025-01-12 17:52:47,654 - INFO - Epoch [13/100], Train Accuracy: 1.0000, Val Accuracy: 0.8488
2025-01-12 17:52:47,665 - INFO - Fold 5 Validation Accuracy: 0.8488
2025-01-12 17:52:47,667 - INFO - Save model to C:\Users\LeoLi\OneDrive - 学校法人立命館\Ritsumei\4th_Semester\Artificial_Intelligence\final_project\code\FNN/model/2025-01-12/17-52-38/model_4.pth
2025-01-12 17:52:47,667 - INFO - Average Validation Accuracy (Over 5 folds): 0.8248 

