2025-01-12 17:57:11,449 - INFO - Testing console logging.
2025-01-12 17:57:11,659 - INFO - Training with Vectorized Data 3000 features. Dropout Rate 0.50. Dataset Size 2580
2025-01-12 17:57:12,705 - INFO - Epoch [1/100], Train Accuracy: 0.5455, Val Accuracy: 0.8101
2025-01-12 17:57:12,835 - INFO - Epoch [2/100], Train Accuracy: 0.8939, Val Accuracy: 0.8527
2025-01-12 17:57:12,968 - INFO - Epoch [3/100], Train Accuracy: 0.9830, Val Accuracy: 0.8488
2025-01-12 17:57:13,103 - INFO - Epoch [4/100], Train Accuracy: 0.9976, Val Accuracy: 0.8488
2025-01-12 17:57:13,120 - INFO - Fold 1 Validation Accuracy: 0.8488
2025-01-12 17:57:13,124 - INFO - Save model to C:\Users\LeoLi\OneDrive - 学校法人立命館\Ritsumei\4th_Semester\Artificial_Intelligence\final_project\code\FNN/model/2025-01-12/17-57-11/model_0.pth
2025-01-12 17:57:13,256 - INFO - Epoch [1/100], Train Accuracy: 0.5024, Val Accuracy: 0.7849
2025-01-12 17:57:13,388 - INFO - Epoch [2/100], Train Accuracy: 0.8861, Val Accuracy: 0.8295
2025-01-12 17:57:13,522 - INFO - Epoch [3/100], Train Accuracy: 0.9830, Val Accuracy: 0.8391
2025-01-12 17:57:13,649 - INFO - Epoch [4/100], Train Accuracy: 1.0000, Val Accuracy: 0.8372
2025-01-12 17:57:13,665 - INFO - Fold 2 Validation Accuracy: 0.8372
2025-01-12 17:57:13,668 - INFO - Save model to C:\Users\LeoLi\OneDrive - 学校法人立命館\Ritsumei\4th_Semester\Artificial_Intelligence\final_project\code\FNN/model/2025-01-12/17-57-11/model_1.pth
2025-01-12 17:57:13,808 - INFO - Epoch [1/100], Train Accuracy: 0.5746, Val Accuracy: 0.7752
2025-01-12 17:57:13,923 - INFO - Epoch [2/100], Train Accuracy: 0.8992, Val Accuracy: 0.8450
2025-01-12 17:57:14,050 - INFO - Epoch [3/100], Train Accuracy: 0.9816, Val Accuracy: 0.8643
2025-01-12 17:57:14,177 - INFO - Epoch [4/100], Train Accuracy: 0.9990, Val Accuracy: 0.8585
2025-01-12 17:57:14,193 - INFO - Fold 3 Validation Accuracy: 0.8585
2025-01-12 17:57:14,197 - INFO - Save model to C:\Users\LeoLi\OneDrive - 学校法人立命館\Ritsumei\4th_Semester\Artificial_Intelligence\final_project\code\FNN/model/2025-01-12/17-57-11/model_2.pth
2025-01-12 17:57:14,330 - INFO - Epoch [1/100], Train Accuracy: 0.5872, Val Accuracy: 0.7461
2025-01-12 17:57:14,459 - INFO - Epoch [2/100], Train Accuracy: 0.8769, Val Accuracy: 0.8740
2025-01-12 17:57:14,586 - INFO - Epoch [3/100], Train Accuracy: 0.9816, Val Accuracy: 0.8624
2025-01-12 17:57:14,725 - INFO - Epoch [4/100], Train Accuracy: 0.9990, Val Accuracy: 0.8624
2025-01-12 17:57:14,737 - INFO - Fold 4 Validation Accuracy: 0.8624
2025-01-12 17:57:14,741 - INFO - Save model to C:\Users\LeoLi\OneDrive - 学校法人立命館\Ritsumei\4th_Semester\Artificial_Intelligence\final_project\code\FNN/model/2025-01-12/17-57-11/model_3.pth
2025-01-12 17:57:14,891 - INFO - Epoch [1/100], Train Accuracy: 0.5494, Val Accuracy: 0.7868
2025-01-12 17:57:15,025 - INFO - Epoch [2/100], Train Accuracy: 0.8891, Val Accuracy: 0.8256
2025-01-12 17:57:15,150 - INFO - Epoch [3/100], Train Accuracy: 0.9826, Val Accuracy: 0.8411
2025-01-12 17:57:15,272 - INFO - Epoch [4/100], Train Accuracy: 0.9985, Val Accuracy: 0.8411
2025-01-12 17:57:15,290 - INFO - Fold 5 Validation Accuracy: 0.8411
2025-01-12 17:57:15,295 - INFO - Save model to C:\Users\LeoLi\OneDrive - 学校法人立命館\Ritsumei\4th_Semester\Artificial_Intelligence\final_project\code\FNN/model/2025-01-12/17-57-11/model_4.pth
2025-01-12 17:57:15,295 - INFO - Average Validation Accuracy (Over 5 folds): 0.8496 

