2025-01-12 17:54:47,574 - INFO - Testing console logging.
2025-01-12 17:54:47,788 - INFO - Training with Vectorized Data 1000 features. Dropout Rate 0.50. Dataset Size 2580
2025-01-12 17:54:49,053 - INFO - Epoch [1/100], Train Accuracy: 0.3527, Val Accuracy: 0.4884
2025-01-12 17:54:49,177 - INFO - Epoch [2/100], Train Accuracy: 0.5291, Val Accuracy: 0.5078
2025-01-12 17:54:49,298 - INFO - Epoch [3/100], Train Accuracy: 0.5451, Val Accuracy: 0.5252
2025-01-12 17:54:49,420 - INFO - Epoch [4/100], Train Accuracy: 0.5543, Val Accuracy: 0.5543
2025-01-12 17:54:49,536 - INFO - Epoch [5/100], Train Accuracy: 0.6546, Val Accuracy: 0.6977
2025-01-12 17:54:49,649 - INFO - Epoch [6/100], Train Accuracy: 0.7776, Val Accuracy: 0.7733
2025-01-12 17:54:49,763 - INFO - Epoch [7/100], Train Accuracy: 0.8430, Val Accuracy: 0.7849
2025-01-12 17:54:49,883 - INFO - Epoch [8/100], Train Accuracy: 0.8706, Val Accuracy: 0.8004
2025-01-12 17:54:49,997 - INFO - Epoch [9/100], Train Accuracy: 0.8958, Val Accuracy: 0.7984
2025-01-12 17:54:50,119 - INFO - Epoch [10/100], Train Accuracy: 0.9036, Val Accuracy: 0.8140
2025-01-12 17:54:50,234 - INFO - Epoch [11/100], Train Accuracy: 0.9215, Val Accuracy: 0.8217
2025-01-12 17:54:50,350 - INFO - Epoch [12/100], Train Accuracy: 0.9336, Val Accuracy: 0.8159
2025-01-12 17:54:50,469 - INFO - Epoch [13/100], Train Accuracy: 0.9419, Val Accuracy: 0.8159
2025-01-12 17:54:50,585 - INFO - Epoch [14/100], Train Accuracy: 0.9511, Val Accuracy: 0.8217
2025-01-12 17:54:50,704 - INFO - Epoch [15/100], Train Accuracy: 0.9588, Val Accuracy: 0.8275
2025-01-12 17:54:50,822 - INFO - Epoch [16/100], Train Accuracy: 0.9641, Val Accuracy: 0.8256
2025-01-12 17:54:50,936 - INFO - Epoch [17/100], Train Accuracy: 0.9685, Val Accuracy: 0.8198
2025-01-12 17:54:51,049 - INFO - Epoch [18/100], Train Accuracy: 0.9748, Val Accuracy: 0.8178
2025-01-12 17:54:51,166 - INFO - Epoch [19/100], Train Accuracy: 0.9787, Val Accuracy: 0.8198
2025-01-12 17:54:51,286 - INFO - Epoch [20/100], Train Accuracy: 0.9835, Val Accuracy: 0.8217
2025-01-12 17:54:51,407 - INFO - Epoch [21/100], Train Accuracy: 0.9884, Val Accuracy: 0.8159
2025-01-12 17:54:51,518 - INFO - Epoch [22/100], Train Accuracy: 0.9908, Val Accuracy: 0.8140
2025-01-12 17:54:51,532 - INFO - Fold 1 Validation Accuracy: 0.8140
2025-01-12 17:54:51,535 - INFO - Save model to C:\Users\LeoLi\OneDrive - 学校法人立命館\Ritsumei\4th_Semester\Artificial_Intelligence\final_project\code\FNN/model/2025-01-12/17-54-47/model_0.pth
2025-01-12 17:54:51,661 - INFO - Epoch [1/100], Train Accuracy: 0.3391, Val Accuracy: 0.3895
2025-01-12 17:54:51,778 - INFO - Epoch [2/100], Train Accuracy: 0.5814, Val Accuracy: 0.5252
2025-01-12 17:54:51,890 - INFO - Epoch [3/100], Train Accuracy: 0.5547, Val Accuracy: 0.5116
2025-01-12 17:54:52,005 - INFO - Epoch [4/100], Train Accuracy: 0.5751, Val Accuracy: 0.5349
2025-01-12 17:54:52,127 - INFO - Epoch [5/100], Train Accuracy: 0.6022, Val Accuracy: 0.5601
2025-01-12 17:54:52,241 - INFO - Epoch [6/100], Train Accuracy: 0.6245, Val Accuracy: 0.5659
2025-01-12 17:54:52,357 - INFO - Epoch [7/100], Train Accuracy: 0.6357, Val Accuracy: 0.5775
2025-01-12 17:54:52,472 - INFO - Epoch [8/100], Train Accuracy: 0.6468, Val Accuracy: 0.5717
2025-01-12 17:54:52,591 - INFO - Epoch [9/100], Train Accuracy: 0.6521, Val Accuracy: 0.5853
2025-01-12 17:54:52,704 - INFO - Epoch [10/100], Train Accuracy: 0.6565, Val Accuracy: 0.5833
2025-01-12 17:54:52,883 - INFO - Epoch [11/100], Train Accuracy: 0.6696, Val Accuracy: 0.5872
2025-01-12 17:54:52,988 - INFO - Epoch [12/100], Train Accuracy: 0.6846, Val Accuracy: 0.6008
2025-01-12 17:54:53,173 - INFO - Epoch [13/100], Train Accuracy: 0.6957, Val Accuracy: 0.6066
2025-01-12 17:54:53,301 - INFO - Epoch [14/100], Train Accuracy: 0.7108, Val Accuracy: 0.6085
2025-01-12 17:54:53,452 - INFO - Epoch [15/100], Train Accuracy: 0.7258, Val Accuracy: 0.6124
2025-01-12 17:54:53,581 - INFO - Epoch [16/100], Train Accuracy: 0.7461, Val Accuracy: 0.6182
2025-01-12 17:54:53,704 - INFO - Epoch [17/100], Train Accuracy: 0.7679, Val Accuracy: 0.6221
2025-01-12 17:54:53,832 - INFO - Epoch [18/100], Train Accuracy: 0.7825, Val Accuracy: 0.6318
2025-01-12 17:54:53,951 - INFO - Epoch [19/100], Train Accuracy: 0.7941, Val Accuracy: 0.6240
2025-01-12 17:54:54,108 - INFO - Epoch [20/100], Train Accuracy: 0.8081, Val Accuracy: 0.6453
2025-01-12 17:54:54,229 - INFO - Epoch [21/100], Train Accuracy: 0.8261, Val Accuracy: 0.6434
2025-01-12 17:54:54,353 - INFO - Epoch [22/100], Train Accuracy: 0.8387, Val Accuracy: 0.6531
2025-01-12 17:54:54,481 - INFO - Epoch [23/100], Train Accuracy: 0.8532, Val Accuracy: 0.6453
2025-01-12 17:54:54,601 - INFO - Epoch [24/100], Train Accuracy: 0.8595, Val Accuracy: 0.6609
2025-01-12 17:54:54,737 - INFO - Epoch [25/100], Train Accuracy: 0.8731, Val Accuracy: 0.6570
2025-01-12 17:54:54,854 - INFO - Epoch [26/100], Train Accuracy: 0.8837, Val Accuracy: 0.6570
2025-01-12 17:54:54,959 - INFO - Epoch [27/100], Train Accuracy: 0.8929, Val Accuracy: 0.6628
2025-01-12 17:54:55,070 - INFO - Epoch [28/100], Train Accuracy: 0.9031, Val Accuracy: 0.6705
2025-01-12 17:54:55,212 - INFO - Epoch [29/100], Train Accuracy: 0.9113, Val Accuracy: 0.6705
2025-01-12 17:54:55,334 - INFO - Epoch [30/100], Train Accuracy: 0.9220, Val Accuracy: 0.6705
2025-01-12 17:54:55,446 - INFO - Epoch [31/100], Train Accuracy: 0.9254, Val Accuracy: 0.6880
2025-01-12 17:54:55,583 - INFO - Epoch [32/100], Train Accuracy: 0.9341, Val Accuracy: 0.6899
2025-01-12 17:54:55,705 - INFO - Epoch [33/100], Train Accuracy: 0.9385, Val Accuracy: 0.6977
2025-01-12 17:54:55,822 - INFO - Epoch [34/100], Train Accuracy: 0.9448, Val Accuracy: 0.7054
2025-01-12 17:54:55,939 - INFO - Epoch [35/100], Train Accuracy: 0.9496, Val Accuracy: 0.7093
2025-01-12 17:54:56,053 - INFO - Epoch [36/100], Train Accuracy: 0.9535, Val Accuracy: 0.7112
2025-01-12 17:54:56,169 - INFO - Epoch [37/100], Train Accuracy: 0.9564, Val Accuracy: 0.7209
2025-01-12 17:54:56,292 - INFO - Epoch [38/100], Train Accuracy: 0.9617, Val Accuracy: 0.7209
2025-01-12 17:54:56,412 - INFO - Epoch [39/100], Train Accuracy: 0.9666, Val Accuracy: 0.7229
2025-01-12 17:54:56,550 - INFO - Epoch [40/100], Train Accuracy: 0.9685, Val Accuracy: 0.7267
2025-01-12 17:54:56,663 - INFO - Epoch [41/100], Train Accuracy: 0.9709, Val Accuracy: 0.7306
2025-01-12 17:54:56,790 - INFO - Epoch [42/100], Train Accuracy: 0.9734, Val Accuracy: 0.7306
2025-01-12 17:54:56,919 - INFO - Epoch [43/100], Train Accuracy: 0.9748, Val Accuracy: 0.7267
2025-01-12 17:54:57,033 - INFO - Epoch [44/100], Train Accuracy: 0.9758, Val Accuracy: 0.7267
2025-01-12 17:54:57,144 - INFO - Epoch [45/100], Train Accuracy: 0.9767, Val Accuracy: 0.7248
2025-01-12 17:54:57,285 - INFO - Epoch [46/100], Train Accuracy: 0.9811, Val Accuracy: 0.7306
2025-01-12 17:54:57,406 - INFO - Epoch [47/100], Train Accuracy: 0.9821, Val Accuracy: 0.7364
2025-01-12 17:54:57,534 - INFO - Epoch [48/100], Train Accuracy: 0.9830, Val Accuracy: 0.7364
2025-01-12 17:54:57,649 - INFO - Epoch [49/100], Train Accuracy: 0.9830, Val Accuracy: 0.7384
2025-01-12 17:54:57,765 - INFO - Epoch [50/100], Train Accuracy: 0.9845, Val Accuracy: 0.7345
2025-01-12 17:54:57,880 - INFO - Epoch [51/100], Train Accuracy: 0.9850, Val Accuracy: 0.7403
2025-01-12 17:54:58,000 - INFO - Epoch [52/100], Train Accuracy: 0.9850, Val Accuracy: 0.7422
2025-01-12 17:54:58,117 - INFO - Epoch [53/100], Train Accuracy: 0.9855, Val Accuracy: 0.7364
2025-01-12 17:54:58,248 - INFO - Epoch [54/100], Train Accuracy: 0.9855, Val Accuracy: 0.7384
2025-01-12 17:54:58,366 - INFO - Epoch [55/100], Train Accuracy: 0.9859, Val Accuracy: 0.7345
2025-01-12 17:54:58,494 - INFO - Epoch [56/100], Train Accuracy: 0.9864, Val Accuracy: 0.7403
2025-01-12 17:54:58,620 - INFO - Epoch [57/100], Train Accuracy: 0.9864, Val Accuracy: 0.7384
2025-01-12 17:54:58,744 - INFO - Epoch [58/100], Train Accuracy: 0.9864, Val Accuracy: 0.7442
2025-01-12 17:54:58,873 - INFO - Epoch [59/100], Train Accuracy: 0.9864, Val Accuracy: 0.7384
2025-01-12 17:54:58,996 - INFO - Epoch [60/100], Train Accuracy: 0.9864, Val Accuracy: 0.7442
2025-01-12 17:54:59,127 - INFO - Epoch [61/100], Train Accuracy: 0.9864, Val Accuracy: 0.7442
2025-01-12 17:54:59,250 - INFO - Epoch [62/100], Train Accuracy: 0.9864, Val Accuracy: 0.7422
2025-01-12 17:54:59,398 - INFO - Epoch [63/100], Train Accuracy: 0.9869, Val Accuracy: 0.7384
2025-01-12 17:54:59,547 - INFO - Epoch [64/100], Train Accuracy: 0.9869, Val Accuracy: 0.7481
2025-01-12 17:54:59,701 - INFO - Epoch [65/100], Train Accuracy: 0.9869, Val Accuracy: 0.7403
2025-01-12 17:54:59,802 - INFO - Epoch [66/100], Train Accuracy: 0.9869, Val Accuracy: 0.7422
2025-01-12 17:54:59,911 - INFO - Epoch [67/100], Train Accuracy: 0.9869, Val Accuracy: 0.7384
2025-01-12 17:55:00,021 - INFO - Epoch [68/100], Train Accuracy: 0.9869, Val Accuracy: 0.7442
2025-01-12 17:55:00,156 - INFO - Epoch [69/100], Train Accuracy: 0.9874, Val Accuracy: 0.7442
2025-01-12 17:55:00,258 - INFO - Epoch [70/100], Train Accuracy: 0.9874, Val Accuracy: 0.7403
2025-01-12 17:55:00,388 - INFO - Epoch [71/100], Train Accuracy: 0.9874, Val Accuracy: 0.7442
2025-01-12 17:55:00,524 - INFO - Epoch [72/100], Train Accuracy: 0.9874, Val Accuracy: 0.7422
2025-01-12 17:55:00,636 - INFO - Epoch [73/100], Train Accuracy: 0.9874, Val Accuracy: 0.7422
2025-01-12 17:55:00,751 - INFO - Epoch [74/100], Train Accuracy: 0.9874, Val Accuracy: 0.7403
2025-01-12 17:55:00,858 - INFO - Epoch [75/100], Train Accuracy: 0.9874, Val Accuracy: 0.7403
2025-01-12 17:55:00,981 - INFO - Epoch [76/100], Train Accuracy: 0.9874, Val Accuracy: 0.7422
2025-01-12 17:55:01,089 - INFO - Epoch [77/100], Train Accuracy: 0.9874, Val Accuracy: 0.7384
2025-01-12 17:55:01,247 - INFO - Epoch [78/100], Train Accuracy: 0.9874, Val Accuracy: 0.7422
2025-01-12 17:55:01,352 - INFO - Epoch [79/100], Train Accuracy: 0.9874, Val Accuracy: 0.7422
2025-01-12 17:55:01,486 - INFO - Epoch [80/100], Train Accuracy: 0.9874, Val Accuracy: 0.7422
2025-01-12 17:55:01,615 - INFO - Epoch [81/100], Train Accuracy: 0.9874, Val Accuracy: 0.7461
2025-01-12 17:55:01,739 - INFO - Epoch [82/100], Train Accuracy: 0.9874, Val Accuracy: 0.7422
2025-01-12 17:55:01,849 - INFO - Epoch [83/100], Train Accuracy: 0.9879, Val Accuracy: 0.7442
2025-01-12 17:55:01,966 - INFO - Epoch [84/100], Train Accuracy: 0.9879, Val Accuracy: 0.7422
2025-01-12 17:55:02,070 - INFO - Epoch [85/100], Train Accuracy: 0.9879, Val Accuracy: 0.7461
2025-01-12 17:55:02,193 - INFO - Epoch [86/100], Train Accuracy: 0.9879, Val Accuracy: 0.7461
2025-01-12 17:55:02,314 - INFO - Epoch [87/100], Train Accuracy: 0.9879, Val Accuracy: 0.7422
2025-01-12 17:55:02,430 - INFO - Epoch [88/100], Train Accuracy: 0.9879, Val Accuracy: 0.7442
2025-01-12 17:55:02,562 - INFO - Epoch [89/100], Train Accuracy: 0.9879, Val Accuracy: 0.7422
2025-01-12 17:55:02,670 - INFO - Epoch [90/100], Train Accuracy: 0.9879, Val Accuracy: 0.7442
2025-01-12 17:55:02,796 - INFO - Epoch [91/100], Train Accuracy: 0.9879, Val Accuracy: 0.7403
2025-01-12 17:55:02,917 - INFO - Epoch [92/100], Train Accuracy: 0.9879, Val Accuracy: 0.7403
2025-01-12 17:55:03,039 - INFO - Epoch [93/100], Train Accuracy: 0.9879, Val Accuracy: 0.7442
2025-01-12 17:55:03,149 - INFO - Epoch [94/100], Train Accuracy: 0.9879, Val Accuracy: 0.7422
2025-01-12 17:55:03,255 - INFO - Epoch [95/100], Train Accuracy: 0.9879, Val Accuracy: 0.7422
2025-01-12 17:55:03,366 - INFO - Epoch [96/100], Train Accuracy: 0.9879, Val Accuracy: 0.7442
2025-01-12 17:55:03,490 - INFO - Epoch [97/100], Train Accuracy: 0.9879, Val Accuracy: 0.7384
2025-01-12 17:55:03,608 - INFO - Epoch [98/100], Train Accuracy: 0.9879, Val Accuracy: 0.7422
2025-01-12 17:55:03,719 - INFO - Epoch [99/100], Train Accuracy: 0.9879, Val Accuracy: 0.7422
2025-01-12 17:55:03,837 - INFO - Epoch [100/100], Train Accuracy: 0.9879, Val Accuracy: 0.7422
2025-01-12 17:55:03,848 - INFO - Fold 2 Validation Accuracy: 0.7422
2025-01-12 17:55:03,851 - INFO - Save model to C:\Users\LeoLi\OneDrive - 学校法人立命館\Ritsumei\4th_Semester\Artificial_Intelligence\final_project\code\FNN/model/2025-01-12/17-54-47/model_1.pth
2025-01-12 17:55:03,971 - INFO - Epoch [1/100], Train Accuracy: 0.3430, Val Accuracy: 0.3391
2025-01-12 17:55:04,088 - INFO - Epoch [2/100], Train Accuracy: 0.5029, Val Accuracy: 0.5620
2025-01-12 17:55:04,225 - INFO - Epoch [3/100], Train Accuracy: 0.5984, Val Accuracy: 0.5620
2025-01-12 17:55:04,345 - INFO - Epoch [4/100], Train Accuracy: 0.6080, Val Accuracy: 0.5698
2025-01-12 17:55:04,470 - INFO - Epoch [5/100], Train Accuracy: 0.6429, Val Accuracy: 0.6008
2025-01-12 17:55:04,599 - INFO - Epoch [6/100], Train Accuracy: 0.6478, Val Accuracy: 0.6027
2025-01-12 17:55:04,709 - INFO - Epoch [7/100], Train Accuracy: 0.6846, Val Accuracy: 0.6221
2025-01-12 17:55:04,860 - INFO - Epoch [8/100], Train Accuracy: 0.7088, Val Accuracy: 0.6318
2025-01-12 17:55:04,988 - INFO - Epoch [9/100], Train Accuracy: 0.7515, Val Accuracy: 0.6783
2025-01-12 17:55:05,121 - INFO - Epoch [10/100], Train Accuracy: 0.8009, Val Accuracy: 0.7093
2025-01-12 17:55:05,268 - INFO - Epoch [11/100], Train Accuracy: 0.8503, Val Accuracy: 0.7248
2025-01-12 17:55:05,388 - INFO - Epoch [12/100], Train Accuracy: 0.8808, Val Accuracy: 0.7500
2025-01-12 17:55:05,515 - INFO - Epoch [13/100], Train Accuracy: 0.9021, Val Accuracy: 0.7578
2025-01-12 17:55:05,636 - INFO - Epoch [14/100], Train Accuracy: 0.9176, Val Accuracy: 0.7674
2025-01-12 17:55:05,784 - INFO - Epoch [15/100], Train Accuracy: 0.9264, Val Accuracy: 0.7752
2025-01-12 17:55:05,910 - INFO - Epoch [16/100], Train Accuracy: 0.9322, Val Accuracy: 0.7829
2025-01-12 17:55:06,032 - INFO - Epoch [17/100], Train Accuracy: 0.9385, Val Accuracy: 0.7888
2025-01-12 17:55:06,151 - INFO - Epoch [18/100], Train Accuracy: 0.9501, Val Accuracy: 0.7907
2025-01-12 17:55:06,268 - INFO - Epoch [19/100], Train Accuracy: 0.9617, Val Accuracy: 0.7965
2025-01-12 17:55:06,389 - INFO - Epoch [20/100], Train Accuracy: 0.9690, Val Accuracy: 0.7984
2025-01-12 17:55:06,518 - INFO - Epoch [21/100], Train Accuracy: 0.9700, Val Accuracy: 0.8043
2025-01-12 17:55:06,642 - INFO - Epoch [22/100], Train Accuracy: 0.9772, Val Accuracy: 0.8101
2025-01-12 17:55:06,754 - INFO - Epoch [23/100], Train Accuracy: 0.9826, Val Accuracy: 0.8062
2025-01-12 17:55:06,883 - INFO - Epoch [24/100], Train Accuracy: 0.9879, Val Accuracy: 0.8159
2025-01-12 17:55:07,012 - INFO - Epoch [25/100], Train Accuracy: 0.9893, Val Accuracy: 0.8140
2025-01-12 17:55:07,138 - INFO - Epoch [26/100], Train Accuracy: 0.9927, Val Accuracy: 0.8159
2025-01-12 17:55:07,150 - INFO - Fold 3 Validation Accuracy: 0.8159
2025-01-12 17:55:07,153 - INFO - Save model to C:\Users\LeoLi\OneDrive - 学校法人立命館\Ritsumei\4th_Semester\Artificial_Intelligence\final_project\code\FNN/model/2025-01-12/17-54-47/model_2.pth
2025-01-12 17:55:07,305 - INFO - Epoch [1/100], Train Accuracy: 0.3387, Val Accuracy: 0.3120
2025-01-12 17:55:07,448 - INFO - Epoch [2/100], Train Accuracy: 0.3614, Val Accuracy: 0.5078
2025-01-12 17:55:07,589 - INFO - Epoch [3/100], Train Accuracy: 0.6405, Val Accuracy: 0.7209
2025-01-12 17:55:07,727 - INFO - Epoch [4/100], Train Accuracy: 0.7670, Val Accuracy: 0.7461
2025-01-12 17:55:07,860 - INFO - Epoch [5/100], Train Accuracy: 0.6914, Val Accuracy: 0.7190
2025-01-12 17:55:07,992 - INFO - Epoch [6/100], Train Accuracy: 0.7442, Val Accuracy: 0.7229
2025-01-12 17:55:08,127 - INFO - Epoch [7/100], Train Accuracy: 0.7616, Val Accuracy: 0.7965
2025-01-12 17:55:08,258 - INFO - Epoch [8/100], Train Accuracy: 0.8261, Val Accuracy: 0.8101
2025-01-12 17:55:08,386 - INFO - Epoch [9/100], Train Accuracy: 0.8624, Val Accuracy: 0.8140
2025-01-12 17:55:08,514 - INFO - Epoch [10/100], Train Accuracy: 0.8828, Val Accuracy: 0.8140
2025-01-12 17:55:08,637 - INFO - Epoch [11/100], Train Accuracy: 0.8958, Val Accuracy: 0.8275
2025-01-12 17:55:08,766 - INFO - Epoch [12/100], Train Accuracy: 0.9147, Val Accuracy: 0.8198
2025-01-12 17:55:08,902 - INFO - Epoch [13/100], Train Accuracy: 0.9220, Val Accuracy: 0.8275
2025-01-12 17:55:09,031 - INFO - Epoch [14/100], Train Accuracy: 0.9341, Val Accuracy: 0.8275
2025-01-12 17:55:09,162 - INFO - Epoch [15/100], Train Accuracy: 0.9419, Val Accuracy: 0.8256
2025-01-12 17:55:09,294 - INFO - Epoch [16/100], Train Accuracy: 0.9448, Val Accuracy: 0.8353
2025-01-12 17:55:09,426 - INFO - Epoch [17/100], Train Accuracy: 0.9525, Val Accuracy: 0.8353
2025-01-12 17:55:09,574 - INFO - Epoch [18/100], Train Accuracy: 0.9559, Val Accuracy: 0.8333
2025-01-12 17:55:09,702 - INFO - Epoch [19/100], Train Accuracy: 0.9617, Val Accuracy: 0.8353
2025-01-12 17:55:09,814 - INFO - Epoch [20/100], Train Accuracy: 0.9675, Val Accuracy: 0.8314
2025-01-12 17:55:09,949 - INFO - Epoch [21/100], Train Accuracy: 0.9675, Val Accuracy: 0.8295
2025-01-12 17:55:10,072 - INFO - Epoch [22/100], Train Accuracy: 0.9734, Val Accuracy: 0.8314
2025-01-12 17:55:10,189 - INFO - Epoch [23/100], Train Accuracy: 0.9777, Val Accuracy: 0.8333
2025-01-12 17:55:10,322 - INFO - Epoch [24/100], Train Accuracy: 0.9811, Val Accuracy: 0.8314
2025-01-12 17:55:10,440 - INFO - Epoch [25/100], Train Accuracy: 0.9830, Val Accuracy: 0.8295
2025-01-12 17:55:10,562 - INFO - Epoch [26/100], Train Accuracy: 0.9864, Val Accuracy: 0.8295
2025-01-12 17:55:10,681 - INFO - Epoch [27/100], Train Accuracy: 0.9884, Val Accuracy: 0.8275
2025-01-12 17:55:10,802 - INFO - Epoch [28/100], Train Accuracy: 0.9913, Val Accuracy: 0.8275
2025-01-12 17:55:10,818 - INFO - Fold 4 Validation Accuracy: 0.8275
2025-01-12 17:55:10,821 - INFO - Save model to C:\Users\LeoLi\OneDrive - 学校法人立命館\Ritsumei\4th_Semester\Artificial_Intelligence\final_project\code\FNN/model/2025-01-12/17-54-47/model_3.pth
2025-01-12 17:55:10,963 - INFO - Epoch [1/100], Train Accuracy: 0.3304, Val Accuracy: 0.3450
2025-01-12 17:55:11,091 - INFO - Epoch [2/100], Train Accuracy: 0.3314, Val Accuracy: 0.3624
2025-01-12 17:55:11,222 - INFO - Epoch [3/100], Train Accuracy: 0.6095, Val Accuracy: 0.6822
2025-01-12 17:55:11,357 - INFO - Epoch [4/100], Train Accuracy: 0.7156, Val Accuracy: 0.6550
2025-01-12 17:55:11,502 - INFO - Epoch [5/100], Train Accuracy: 0.7141, Val Accuracy: 0.6628
2025-01-12 17:55:11,643 - INFO - Epoch [6/100], Train Accuracy: 0.7432, Val Accuracy: 0.6977
2025-01-12 17:55:11,789 - INFO - Epoch [7/100], Train Accuracy: 0.7742, Val Accuracy: 0.7132
2025-01-12 17:55:11,916 - INFO - Epoch [8/100], Train Accuracy: 0.8086, Val Accuracy: 0.7422
2025-01-12 17:55:12,052 - INFO - Epoch [9/100], Train Accuracy: 0.8251, Val Accuracy: 0.7597
2025-01-12 17:55:12,182 - INFO - Epoch [10/100], Train Accuracy: 0.8542, Val Accuracy: 0.7674
2025-01-12 17:55:12,316 - INFO - Epoch [11/100], Train Accuracy: 0.8721, Val Accuracy: 0.7888
2025-01-12 17:55:12,438 - INFO - Epoch [12/100], Train Accuracy: 0.8895, Val Accuracy: 0.7946
2025-01-12 17:55:12,585 - INFO - Epoch [13/100], Train Accuracy: 0.9099, Val Accuracy: 0.7984
2025-01-12 17:55:12,716 - INFO - Epoch [14/100], Train Accuracy: 0.9205, Val Accuracy: 0.8178
2025-01-12 17:55:12,831 - INFO - Epoch [15/100], Train Accuracy: 0.9322, Val Accuracy: 0.8198
2025-01-12 17:55:12,945 - INFO - Epoch [16/100], Train Accuracy: 0.9409, Val Accuracy: 0.8159
2025-01-12 17:55:13,083 - INFO - Epoch [17/100], Train Accuracy: 0.9443, Val Accuracy: 0.8140
2025-01-12 17:55:13,214 - INFO - Epoch [18/100], Train Accuracy: 0.9516, Val Accuracy: 0.8101
2025-01-12 17:55:13,347 - INFO - Epoch [19/100], Train Accuracy: 0.9545, Val Accuracy: 0.8140
2025-01-12 17:55:13,483 - INFO - Epoch [20/100], Train Accuracy: 0.9574, Val Accuracy: 0.8140
2025-01-12 17:55:13,612 - INFO - Epoch [21/100], Train Accuracy: 0.9656, Val Accuracy: 0.8178
2025-01-12 17:55:13,745 - INFO - Epoch [22/100], Train Accuracy: 0.9685, Val Accuracy: 0.8178
2025-01-12 17:55:13,869 - INFO - Epoch [23/100], Train Accuracy: 0.9743, Val Accuracy: 0.8198
2025-01-12 17:55:13,987 - INFO - Epoch [24/100], Train Accuracy: 0.9797, Val Accuracy: 0.8140
2025-01-12 17:55:14,094 - INFO - Epoch [25/100], Train Accuracy: 0.9826, Val Accuracy: 0.8120
2025-01-12 17:55:14,209 - INFO - Epoch [26/100], Train Accuracy: 0.9845, Val Accuracy: 0.8101
2025-01-12 17:55:14,323 - INFO - Epoch [27/100], Train Accuracy: 0.9869, Val Accuracy: 0.8062
2025-01-12 17:55:14,435 - INFO - Epoch [28/100], Train Accuracy: 0.9889, Val Accuracy: 0.8043
2025-01-12 17:55:14,556 - INFO - Epoch [29/100], Train Accuracy: 0.9918, Val Accuracy: 0.8043
2025-01-12 17:55:14,566 - INFO - Fold 5 Validation Accuracy: 0.8043
2025-01-12 17:55:14,570 - INFO - Save model to C:\Users\LeoLi\OneDrive - 学校法人立命館\Ritsumei\4th_Semester\Artificial_Intelligence\final_project\code\FNN/model/2025-01-12/17-54-47/model_4.pth
2025-01-12 17:55:14,570 - INFO - Average Validation Accuracy (Over 5 folds): 0.8008 

