2025-01-12 17:55:33,263 - INFO - Testing console logging.
2025-01-12 17:55:33,474 - INFO - Training with Vectorized Data 100 features. Dropout Rate 0.50. Dataset Size 2580
2025-01-12 17:55:34,653 - INFO - Epoch [1/100], Train Accuracy: 0.3377, Val Accuracy: 0.3159
2025-01-12 17:55:34,778 - INFO - Epoch [2/100], Train Accuracy: 0.4821, Val Accuracy: 0.7229
2025-01-12 17:55:34,896 - INFO - Epoch [3/100], Train Accuracy: 0.6996, Val Accuracy: 0.7752
2025-01-12 17:55:35,006 - INFO - Epoch [4/100], Train Accuracy: 0.7592, Val Accuracy: 0.7868
2025-01-12 17:55:35,114 - INFO - Epoch [5/100], Train Accuracy: 0.7737, Val Accuracy: 0.7829
2025-01-12 17:55:35,230 - INFO - Epoch [6/100], Train Accuracy: 0.7878, Val Accuracy: 0.7907
2025-01-12 17:55:35,352 - INFO - Epoch [7/100], Train Accuracy: 0.7989, Val Accuracy: 0.8023
2025-01-12 17:55:35,470 - INFO - Epoch [8/100], Train Accuracy: 0.7941, Val Accuracy: 0.7907
2025-01-12 17:55:35,582 - INFO - Epoch [9/100], Train Accuracy: 0.7980, Val Accuracy: 0.7829
2025-01-12 17:55:35,706 - INFO - Epoch [10/100], Train Accuracy: 0.8033, Val Accuracy: 0.7907
2025-01-12 17:55:35,830 - INFO - Epoch [11/100], Train Accuracy: 0.8096, Val Accuracy: 0.7868
2025-01-12 17:55:35,953 - INFO - Epoch [12/100], Train Accuracy: 0.8164, Val Accuracy: 0.7888
2025-01-12 17:55:36,075 - INFO - Epoch [13/100], Train Accuracy: 0.8110, Val Accuracy: 0.7849
2025-01-12 17:55:36,199 - INFO - Epoch [14/100], Train Accuracy: 0.8125, Val Accuracy: 0.7868
2025-01-12 17:55:36,320 - INFO - Epoch [15/100], Train Accuracy: 0.8178, Val Accuracy: 0.7907
2025-01-12 17:55:36,444 - INFO - Epoch [16/100], Train Accuracy: 0.8173, Val Accuracy: 0.7888
2025-01-12 17:55:36,566 - INFO - Epoch [17/100], Train Accuracy: 0.8125, Val Accuracy: 0.7926
2025-01-12 17:55:36,682 - INFO - Epoch [18/100], Train Accuracy: 0.8207, Val Accuracy: 0.7984
2025-01-12 17:55:36,812 - INFO - Epoch [19/100], Train Accuracy: 0.8149, Val Accuracy: 0.7868
2025-01-12 17:55:36,937 - INFO - Epoch [20/100], Train Accuracy: 0.8232, Val Accuracy: 0.7810
2025-01-12 17:55:37,063 - INFO - Epoch [21/100], Train Accuracy: 0.8246, Val Accuracy: 0.7829
2025-01-12 17:55:37,187 - INFO - Epoch [22/100], Train Accuracy: 0.8241, Val Accuracy: 0.7888
2025-01-12 17:55:37,311 - INFO - Epoch [23/100], Train Accuracy: 0.8275, Val Accuracy: 0.7888
2025-01-12 17:55:37,437 - INFO - Epoch [24/100], Train Accuracy: 0.8261, Val Accuracy: 0.7888
2025-01-12 17:55:37,561 - INFO - Epoch [25/100], Train Accuracy: 0.8261, Val Accuracy: 0.7926
2025-01-12 17:55:37,684 - INFO - Epoch [26/100], Train Accuracy: 0.8261, Val Accuracy: 0.7926
2025-01-12 17:55:37,807 - INFO - Epoch [27/100], Train Accuracy: 0.8203, Val Accuracy: 0.7868
2025-01-12 17:55:37,930 - INFO - Epoch [28/100], Train Accuracy: 0.8261, Val Accuracy: 0.7926
2025-01-12 17:55:38,054 - INFO - Epoch [29/100], Train Accuracy: 0.8261, Val Accuracy: 0.7868
2025-01-12 17:55:38,182 - INFO - Epoch [30/100], Train Accuracy: 0.8309, Val Accuracy: 0.7946
2025-01-12 17:55:38,309 - INFO - Epoch [31/100], Train Accuracy: 0.8319, Val Accuracy: 0.7849
2025-01-12 17:55:38,439 - INFO - Epoch [32/100], Train Accuracy: 0.8328, Val Accuracy: 0.7868
2025-01-12 17:55:38,567 - INFO - Epoch [33/100], Train Accuracy: 0.8338, Val Accuracy: 0.7907
2025-01-12 17:55:38,683 - INFO - Epoch [34/100], Train Accuracy: 0.8333, Val Accuracy: 0.7984
2025-01-12 17:55:38,792 - INFO - Epoch [35/100], Train Accuracy: 0.8353, Val Accuracy: 0.7926
2025-01-12 17:55:38,899 - INFO - Epoch [36/100], Train Accuracy: 0.8362, Val Accuracy: 0.7965
2025-01-12 17:55:39,011 - INFO - Epoch [37/100], Train Accuracy: 0.8396, Val Accuracy: 0.7907
2025-01-12 17:55:39,121 - INFO - Epoch [38/100], Train Accuracy: 0.8348, Val Accuracy: 0.7926
2025-01-12 17:55:39,233 - INFO - Epoch [39/100], Train Accuracy: 0.8401, Val Accuracy: 0.7984
2025-01-12 17:55:39,335 - INFO - Epoch [40/100], Train Accuracy: 0.8396, Val Accuracy: 0.7965
2025-01-12 17:55:39,452 - INFO - Epoch [41/100], Train Accuracy: 0.8454, Val Accuracy: 0.7926
2025-01-12 17:55:39,564 - INFO - Epoch [42/100], Train Accuracy: 0.8411, Val Accuracy: 0.7984
2025-01-12 17:55:39,673 - INFO - Epoch [43/100], Train Accuracy: 0.8464, Val Accuracy: 0.7946
2025-01-12 17:55:39,786 - INFO - Epoch [44/100], Train Accuracy: 0.8396, Val Accuracy: 0.8043
2025-01-12 17:55:39,896 - INFO - Epoch [45/100], Train Accuracy: 0.8464, Val Accuracy: 0.7965
2025-01-12 17:55:40,023 - INFO - Epoch [46/100], Train Accuracy: 0.8454, Val Accuracy: 0.7926
2025-01-12 17:55:40,128 - INFO - Epoch [47/100], Train Accuracy: 0.8430, Val Accuracy: 0.7888
2025-01-12 17:55:40,248 - INFO - Epoch [48/100], Train Accuracy: 0.8479, Val Accuracy: 0.8023
2025-01-12 17:55:40,369 - INFO - Epoch [49/100], Train Accuracy: 0.8454, Val Accuracy: 0.8004
2025-01-12 17:55:40,524 - INFO - Epoch [50/100], Train Accuracy: 0.8498, Val Accuracy: 0.7984
2025-01-12 17:55:40,649 - INFO - Epoch [51/100], Train Accuracy: 0.8459, Val Accuracy: 0.8023
2025-01-12 17:55:40,760 - INFO - Epoch [52/100], Train Accuracy: 0.8537, Val Accuracy: 0.7888
2025-01-12 17:55:40,885 - INFO - Epoch [53/100], Train Accuracy: 0.8469, Val Accuracy: 0.7965
2025-01-12 17:55:40,993 - INFO - Epoch [54/100], Train Accuracy: 0.8532, Val Accuracy: 0.7907
2025-01-12 17:55:41,108 - INFO - Epoch [55/100], Train Accuracy: 0.8522, Val Accuracy: 0.7926
2025-01-12 17:55:41,212 - INFO - Epoch [56/100], Train Accuracy: 0.8547, Val Accuracy: 0.7946
2025-01-12 17:55:41,336 - INFO - Epoch [57/100], Train Accuracy: 0.8576, Val Accuracy: 0.7888
2025-01-12 17:55:41,451 - INFO - Epoch [58/100], Train Accuracy: 0.8571, Val Accuracy: 0.8004
2025-01-12 17:55:41,580 - INFO - Epoch [59/100], Train Accuracy: 0.8605, Val Accuracy: 0.7771
2025-01-12 17:55:41,686 - INFO - Epoch [60/100], Train Accuracy: 0.8537, Val Accuracy: 0.7926
2025-01-12 17:55:41,818 - INFO - Epoch [61/100], Train Accuracy: 0.8614, Val Accuracy: 0.7926
2025-01-12 17:55:41,937 - INFO - Epoch [62/100], Train Accuracy: 0.8585, Val Accuracy: 0.7791
2025-01-12 17:55:42,043 - INFO - Epoch [63/100], Train Accuracy: 0.8609, Val Accuracy: 0.7849
2025-01-12 17:55:42,160 - INFO - Epoch [64/100], Train Accuracy: 0.8590, Val Accuracy: 0.7926
2025-01-12 17:55:42,269 - INFO - Epoch [65/100], Train Accuracy: 0.8629, Val Accuracy: 0.7907
2025-01-12 17:55:42,380 - INFO - Epoch [66/100], Train Accuracy: 0.8624, Val Accuracy: 0.7849
2025-01-12 17:55:42,508 - INFO - Epoch [67/100], Train Accuracy: 0.8643, Val Accuracy: 0.7829
2025-01-12 17:55:42,665 - INFO - Epoch [68/100], Train Accuracy: 0.8624, Val Accuracy: 0.7791
2025-01-12 17:55:42,776 - INFO - Epoch [69/100], Train Accuracy: 0.8643, Val Accuracy: 0.7752
2025-01-12 17:55:42,892 - INFO - Epoch [70/100], Train Accuracy: 0.8672, Val Accuracy: 0.7791
2025-01-12 17:55:43,026 - INFO - Epoch [71/100], Train Accuracy: 0.8668, Val Accuracy: 0.7888
2025-01-12 17:55:43,155 - INFO - Epoch [72/100], Train Accuracy: 0.8697, Val Accuracy: 0.7926
2025-01-12 17:55:43,291 - INFO - Epoch [73/100], Train Accuracy: 0.8702, Val Accuracy: 0.7868
2025-01-12 17:55:43,407 - INFO - Epoch [74/100], Train Accuracy: 0.8731, Val Accuracy: 0.7791
2025-01-12 17:55:43,524 - INFO - Epoch [75/100], Train Accuracy: 0.8672, Val Accuracy: 0.7868
2025-01-12 17:55:43,654 - INFO - Epoch [76/100], Train Accuracy: 0.8750, Val Accuracy: 0.7868
2025-01-12 17:55:43,775 - INFO - Epoch [77/100], Train Accuracy: 0.8760, Val Accuracy: 0.7849
2025-01-12 17:55:43,887 - INFO - Epoch [78/100], Train Accuracy: 0.8745, Val Accuracy: 0.7849
2025-01-12 17:55:44,002 - INFO - Epoch [79/100], Train Accuracy: 0.8769, Val Accuracy: 0.7888
2025-01-12 17:55:44,110 - INFO - Epoch [80/100], Train Accuracy: 0.8813, Val Accuracy: 0.7849
2025-01-12 17:55:44,226 - INFO - Epoch [81/100], Train Accuracy: 0.8798, Val Accuracy: 0.7946
2025-01-12 17:55:44,342 - INFO - Epoch [82/100], Train Accuracy: 0.8784, Val Accuracy: 0.7888
2025-01-12 17:55:44,467 - INFO - Epoch [83/100], Train Accuracy: 0.8794, Val Accuracy: 0.7829
2025-01-12 17:55:44,586 - INFO - Epoch [84/100], Train Accuracy: 0.8803, Val Accuracy: 0.7907
2025-01-12 17:55:44,722 - INFO - Epoch [85/100], Train Accuracy: 0.8871, Val Accuracy: 0.7907
2025-01-12 17:55:44,847 - INFO - Epoch [86/100], Train Accuracy: 0.8794, Val Accuracy: 0.7810
2025-01-12 17:55:44,978 - INFO - Epoch [87/100], Train Accuracy: 0.8852, Val Accuracy: 0.7810
2025-01-12 17:55:45,101 - INFO - Epoch [88/100], Train Accuracy: 0.8837, Val Accuracy: 0.7946
2025-01-12 17:55:45,220 - INFO - Epoch [89/100], Train Accuracy: 0.8852, Val Accuracy: 0.7888
2025-01-12 17:55:45,342 - INFO - Epoch [90/100], Train Accuracy: 0.8876, Val Accuracy: 0.7829
2025-01-12 17:55:45,462 - INFO - Epoch [91/100], Train Accuracy: 0.8895, Val Accuracy: 0.7829
2025-01-12 17:55:45,605 - INFO - Epoch [92/100], Train Accuracy: 0.8900, Val Accuracy: 0.7907
2025-01-12 17:55:45,735 - INFO - Epoch [93/100], Train Accuracy: 0.8905, Val Accuracy: 0.7849
2025-01-12 17:55:45,859 - INFO - Epoch [94/100], Train Accuracy: 0.8910, Val Accuracy: 0.7926
2025-01-12 17:55:45,995 - INFO - Epoch [95/100], Train Accuracy: 0.8939, Val Accuracy: 0.7791
2025-01-12 17:55:46,131 - INFO - Epoch [96/100], Train Accuracy: 0.8939, Val Accuracy: 0.7849
2025-01-12 17:55:46,244 - INFO - Epoch [97/100], Train Accuracy: 0.8992, Val Accuracy: 0.7733
2025-01-12 17:55:46,376 - INFO - Epoch [98/100], Train Accuracy: 0.8958, Val Accuracy: 0.7771
2025-01-12 17:55:46,511 - INFO - Epoch [99/100], Train Accuracy: 0.8949, Val Accuracy: 0.7771
2025-01-12 17:55:46,626 - INFO - Epoch [100/100], Train Accuracy: 0.8910, Val Accuracy: 0.7829
2025-01-12 17:55:46,636 - INFO - Fold 1 Validation Accuracy: 0.7829
2025-01-12 17:55:46,640 - INFO - Save model to C:\Users\LeoLi\OneDrive - äwçZñ@êlóßñΩäŸ\Ritsumei\4th_Semester\Artificial_Intelligence\final_project\code\FNN/model/2025-01-12/17-55-33/model_0.pth
2025-01-12 17:55:46,771 - INFO - Epoch [1/100], Train Accuracy: 0.3382, Val Accuracy: 0.3140
2025-01-12 17:55:46,895 - INFO - Epoch [2/100], Train Accuracy: 0.4995, Val Accuracy: 0.7093
2025-01-12 17:55:47,023 - INFO - Epoch [3/100], Train Accuracy: 0.7563, Val Accuracy: 0.7481
2025-01-12 17:55:47,146 - INFO - Epoch [4/100], Train Accuracy: 0.7728, Val Accuracy: 0.7636
2025-01-12 17:55:47,265 - INFO - Epoch [5/100], Train Accuracy: 0.7810, Val Accuracy: 0.7578
2025-01-12 17:55:47,387 - INFO - Epoch [6/100], Train Accuracy: 0.7946, Val Accuracy: 0.7771
2025-01-12 17:55:47,554 - INFO - Epoch [7/100], Train Accuracy: 0.8004, Val Accuracy: 0.7597
2025-01-12 17:55:47,683 - INFO - Epoch [8/100], Train Accuracy: 0.8028, Val Accuracy: 0.7694
2025-01-12 17:55:47,803 - INFO - Epoch [9/100], Train Accuracy: 0.8052, Val Accuracy: 0.7597
2025-01-12 17:55:47,936 - INFO - Epoch [10/100], Train Accuracy: 0.8106, Val Accuracy: 0.7597
2025-01-12 17:55:48,081 - INFO - Epoch [11/100], Train Accuracy: 0.8106, Val Accuracy: 0.7519
2025-01-12 17:55:48,221 - INFO - Epoch [12/100], Train Accuracy: 0.8101, Val Accuracy: 0.7403
2025-01-12 17:55:48,340 - INFO - Epoch [13/100], Train Accuracy: 0.8144, Val Accuracy: 0.7578
2025-01-12 17:55:48,454 - INFO - Epoch [14/100], Train Accuracy: 0.8115, Val Accuracy: 0.7558
2025-01-12 17:55:48,589 - INFO - Epoch [15/100], Train Accuracy: 0.8188, Val Accuracy: 0.7558
2025-01-12 17:55:48,705 - INFO - Epoch [16/100], Train Accuracy: 0.8120, Val Accuracy: 0.7578
2025-01-12 17:55:48,820 - INFO - Epoch [17/100], Train Accuracy: 0.8178, Val Accuracy: 0.7519
2025-01-12 17:55:48,942 - INFO - Epoch [18/100], Train Accuracy: 0.8135, Val Accuracy: 0.7539
2025-01-12 17:55:49,056 - INFO - Epoch [19/100], Train Accuracy: 0.8164, Val Accuracy: 0.7500
2025-01-12 17:55:49,171 - INFO - Epoch [20/100], Train Accuracy: 0.8232, Val Accuracy: 0.7597
2025-01-12 17:55:49,295 - INFO - Epoch [21/100], Train Accuracy: 0.8198, Val Accuracy: 0.7481
2025-01-12 17:55:49,458 - INFO - Epoch [22/100], Train Accuracy: 0.8164, Val Accuracy: 0.7519
2025-01-12 17:55:49,593 - INFO - Epoch [23/100], Train Accuracy: 0.8154, Val Accuracy: 0.7597
2025-01-12 17:55:49,714 - INFO - Epoch [24/100], Train Accuracy: 0.8212, Val Accuracy: 0.7500
2025-01-12 17:55:49,831 - INFO - Epoch [25/100], Train Accuracy: 0.8212, Val Accuracy: 0.7558
2025-01-12 17:55:49,958 - INFO - Epoch [26/100], Train Accuracy: 0.8154, Val Accuracy: 0.7539
2025-01-12 17:55:50,077 - INFO - Epoch [27/100], Train Accuracy: 0.8188, Val Accuracy: 0.7539
2025-01-12 17:55:50,210 - INFO - Epoch [28/100], Train Accuracy: 0.8183, Val Accuracy: 0.7500
2025-01-12 17:55:50,338 - INFO - Epoch [29/100], Train Accuracy: 0.8164, Val Accuracy: 0.7481
2025-01-12 17:55:50,446 - INFO - Epoch [30/100], Train Accuracy: 0.8173, Val Accuracy: 0.7461
2025-01-12 17:55:50,560 - INFO - Epoch [31/100], Train Accuracy: 0.8164, Val Accuracy: 0.7558
2025-01-12 17:55:50,670 - INFO - Epoch [32/100], Train Accuracy: 0.8222, Val Accuracy: 0.7481
2025-01-12 17:55:50,780 - INFO - Epoch [33/100], Train Accuracy: 0.8188, Val Accuracy: 0.7461
2025-01-12 17:55:50,885 - INFO - Epoch [34/100], Train Accuracy: 0.8222, Val Accuracy: 0.7519
2025-01-12 17:55:50,992 - INFO - Epoch [35/100], Train Accuracy: 0.8217, Val Accuracy: 0.7500
2025-01-12 17:55:51,102 - INFO - Epoch [36/100], Train Accuracy: 0.8212, Val Accuracy: 0.7481
2025-01-12 17:55:51,227 - INFO - Epoch [37/100], Train Accuracy: 0.8193, Val Accuracy: 0.7500
2025-01-12 17:55:51,364 - INFO - Epoch [38/100], Train Accuracy: 0.8207, Val Accuracy: 0.7442
2025-01-12 17:55:51,504 - INFO - Epoch [39/100], Train Accuracy: 0.8212, Val Accuracy: 0.7461
2025-01-12 17:55:51,623 - INFO - Epoch [40/100], Train Accuracy: 0.8246, Val Accuracy: 0.7500
2025-01-12 17:55:51,763 - INFO - Epoch [41/100], Train Accuracy: 0.8198, Val Accuracy: 0.7461
2025-01-12 17:55:51,902 - INFO - Epoch [42/100], Train Accuracy: 0.8232, Val Accuracy: 0.7481
2025-01-12 17:55:52,019 - INFO - Epoch [43/100], Train Accuracy: 0.8222, Val Accuracy: 0.7500
2025-01-12 17:55:52,134 - INFO - Epoch [44/100], Train Accuracy: 0.8236, Val Accuracy: 0.7578
2025-01-12 17:55:52,259 - INFO - Epoch [45/100], Train Accuracy: 0.8227, Val Accuracy: 0.7558
2025-01-12 17:55:52,398 - INFO - Epoch [46/100], Train Accuracy: 0.8222, Val Accuracy: 0.7597
2025-01-12 17:55:52,524 - INFO - Epoch [47/100], Train Accuracy: 0.8222, Val Accuracy: 0.7500
2025-01-12 17:55:52,665 - INFO - Epoch [48/100], Train Accuracy: 0.8236, Val Accuracy: 0.7481
2025-01-12 17:55:52,806 - INFO - Epoch [49/100], Train Accuracy: 0.8207, Val Accuracy: 0.7519
2025-01-12 17:55:52,939 - INFO - Epoch [50/100], Train Accuracy: 0.8256, Val Accuracy: 0.7500
2025-01-12 17:55:53,074 - INFO - Epoch [51/100], Train Accuracy: 0.8275, Val Accuracy: 0.7519
2025-01-12 17:55:53,209 - INFO - Epoch [52/100], Train Accuracy: 0.8241, Val Accuracy: 0.7539
2025-01-12 17:55:53,362 - INFO - Epoch [53/100], Train Accuracy: 0.8314, Val Accuracy: 0.7539
2025-01-12 17:55:53,506 - INFO - Epoch [54/100], Train Accuracy: 0.8304, Val Accuracy: 0.7519
2025-01-12 17:55:53,638 - INFO - Epoch [55/100], Train Accuracy: 0.8290, Val Accuracy: 0.7442
2025-01-12 17:55:53,757 - INFO - Epoch [56/100], Train Accuracy: 0.8319, Val Accuracy: 0.7558
2025-01-12 17:55:53,909 - INFO - Epoch [57/100], Train Accuracy: 0.8319, Val Accuracy: 0.7500
2025-01-12 17:55:54,039 - INFO - Epoch [58/100], Train Accuracy: 0.8348, Val Accuracy: 0.7500
2025-01-12 17:55:54,178 - INFO - Epoch [59/100], Train Accuracy: 0.8309, Val Accuracy: 0.7519
2025-01-12 17:55:54,317 - INFO - Epoch [60/100], Train Accuracy: 0.8328, Val Accuracy: 0.7442
2025-01-12 17:55:54,458 - INFO - Epoch [61/100], Train Accuracy: 0.8328, Val Accuracy: 0.7539
2025-01-12 17:55:54,609 - INFO - Epoch [62/100], Train Accuracy: 0.8319, Val Accuracy: 0.7500
2025-01-12 17:55:54,732 - INFO - Epoch [63/100], Train Accuracy: 0.8328, Val Accuracy: 0.7558
2025-01-12 17:55:54,866 - INFO - Epoch [64/100], Train Accuracy: 0.8353, Val Accuracy: 0.7539
2025-01-12 17:55:55,002 - INFO - Epoch [65/100], Train Accuracy: 0.8362, Val Accuracy: 0.7461
2025-01-12 17:55:55,130 - INFO - Epoch [66/100], Train Accuracy: 0.8285, Val Accuracy: 0.7558
2025-01-12 17:55:55,263 - INFO - Epoch [67/100], Train Accuracy: 0.8343, Val Accuracy: 0.7558
2025-01-12 17:55:55,413 - INFO - Epoch [68/100], Train Accuracy: 0.8314, Val Accuracy: 0.7442
2025-01-12 17:55:55,596 - INFO - Epoch [69/100], Train Accuracy: 0.8372, Val Accuracy: 0.7519
2025-01-12 17:55:55,725 - INFO - Epoch [70/100], Train Accuracy: 0.8333, Val Accuracy: 0.7519
2025-01-12 17:55:55,863 - INFO - Epoch [71/100], Train Accuracy: 0.8401, Val Accuracy: 0.7442
2025-01-12 17:55:55,992 - INFO - Epoch [72/100], Train Accuracy: 0.8382, Val Accuracy: 0.7558
2025-01-12 17:55:56,125 - INFO - Epoch [73/100], Train Accuracy: 0.8445, Val Accuracy: 0.7539
2025-01-12 17:55:56,254 - INFO - Epoch [74/100], Train Accuracy: 0.8454, Val Accuracy: 0.7578
2025-01-12 17:55:56,389 - INFO - Epoch [75/100], Train Accuracy: 0.8367, Val Accuracy: 0.7519
2025-01-12 17:55:56,523 - INFO - Epoch [76/100], Train Accuracy: 0.8391, Val Accuracy: 0.7519
2025-01-12 17:55:56,654 - INFO - Epoch [77/100], Train Accuracy: 0.8401, Val Accuracy: 0.7519
2025-01-12 17:55:56,775 - INFO - Epoch [78/100], Train Accuracy: 0.8440, Val Accuracy: 0.7597
2025-01-12 17:55:56,906 - INFO - Epoch [79/100], Train Accuracy: 0.8411, Val Accuracy: 0.7481
