2025-01-12 18:27:32,100 - INFO - Testing console logging.
2025-01-12 18:27:32,409 - INFO - Training with Vectorized Data 10000 features. Dropout Rate 0.90. Dataset Size 2490
2025-01-12 18:27:33,543 - INFO - Epoch [1/100], Train Accuracy: 0.3665, Val Accuracy: 0.5743
2025-01-12 18:27:33,692 - INFO - Epoch [2/100], Train Accuracy: 0.7063, Val Accuracy: 0.7189
2025-01-12 18:27:33,825 - INFO - Epoch [3/100], Train Accuracy: 0.9172, Val Accuracy: 0.7450
2025-01-12 18:27:33,963 - INFO - Epoch [4/100], Train Accuracy: 0.9915, Val Accuracy: 0.7410
2025-01-12 18:27:34,087 - INFO - Epoch [5/100], Train Accuracy: 0.9995, Val Accuracy: 0.7490
2025-01-12 18:27:34,106 - INFO - Fold 1 Validation Accuracy: 0.7490
2025-01-12 18:27:34,111 - INFO - Save model to C:\Users\LeoLi\OneDrive - 学校法人立命館\Ritsumei\4th_Semester\Artificial_Intelligence\final_project\code\FNN/model/2025-01-12/18-27-32/model_0.pth
2025-01-12 18:27:34,253 - INFO - Epoch [1/100], Train Accuracy: 0.3399, Val Accuracy: 0.3072
2025-01-12 18:27:34,400 - INFO - Epoch [2/100], Train Accuracy: 0.6466, Val Accuracy: 0.7992
2025-01-12 18:27:34,551 - INFO - Epoch [3/100], Train Accuracy: 0.9217, Val Accuracy: 0.8112
2025-01-12 18:27:34,684 - INFO - Epoch [4/100], Train Accuracy: 0.9940, Val Accuracy: 0.8133
2025-01-12 18:27:34,819 - INFO - Epoch [5/100], Train Accuracy: 0.9995, Val Accuracy: 0.8133
2025-01-12 18:27:34,838 - INFO - Fold 2 Validation Accuracy: 0.8133
2025-01-12 18:27:34,843 - INFO - Save model to C:\Users\LeoLi\OneDrive - 学校法人立命館\Ritsumei\4th_Semester\Artificial_Intelligence\final_project\code\FNN/model/2025-01-12/18-27-32/model_1.pth
2025-01-12 18:27:35,000 - INFO - Epoch [1/100], Train Accuracy: 0.3619, Val Accuracy: 0.6787
2025-01-12 18:27:35,137 - INFO - Epoch [2/100], Train Accuracy: 0.7575, Val Accuracy: 0.7530
2025-01-12 18:27:35,267 - INFO - Epoch [3/100], Train Accuracy: 0.9101, Val Accuracy: 0.7952
2025-01-12 18:27:35,391 - INFO - Epoch [4/100], Train Accuracy: 0.9920, Val Accuracy: 0.7871
2025-01-12 18:27:35,525 - INFO - Epoch [5/100], Train Accuracy: 0.9995, Val Accuracy: 0.7831
2025-01-12 18:27:35,543 - INFO - Fold 3 Validation Accuracy: 0.7831
2025-01-12 18:27:35,547 - INFO - Save model to C:\Users\LeoLi\OneDrive - 学校法人立命館\Ritsumei\4th_Semester\Artificial_Intelligence\final_project\code\FNN/model/2025-01-12/18-27-32/model_2.pth
2025-01-12 18:27:35,704 - INFO - Epoch [1/100], Train Accuracy: 0.3474, Val Accuracy: 0.6867
2025-01-12 18:27:35,840 - INFO - Epoch [2/100], Train Accuracy: 0.7510, Val Accuracy: 0.7108
2025-01-12 18:27:35,975 - INFO - Epoch [3/100], Train Accuracy: 0.9242, Val Accuracy: 0.7972
2025-01-12 18:27:36,107 - INFO - Epoch [4/100], Train Accuracy: 0.9940, Val Accuracy: 0.7972
2025-01-12 18:27:36,276 - INFO - Epoch [5/100], Train Accuracy: 0.9990, Val Accuracy: 0.8012
2025-01-12 18:27:36,414 - INFO - Epoch [6/100], Train Accuracy: 1.0000, Val Accuracy: 0.7932
2025-01-12 18:27:36,428 - INFO - Fold 4 Validation Accuracy: 0.7932
2025-01-12 18:27:36,432 - INFO - Save model to C:\Users\LeoLi\OneDrive - 学校法人立命館\Ritsumei\4th_Semester\Artificial_Intelligence\final_project\code\FNN/model/2025-01-12/18-27-32/model_3.pth
2025-01-12 18:27:36,597 - INFO - Epoch [1/100], Train Accuracy: 0.3278, Val Accuracy: 0.3916
2025-01-12 18:27:36,724 - INFO - Epoch [2/100], Train Accuracy: 0.6345, Val Accuracy: 0.7068
2025-01-12 18:27:36,850 - INFO - Epoch [3/100], Train Accuracy: 0.9212, Val Accuracy: 0.7751
2025-01-12 18:27:36,992 - INFO - Epoch [4/100], Train Accuracy: 0.9920, Val Accuracy: 0.7811
2025-01-12 18:27:37,127 - INFO - Epoch [5/100], Train Accuracy: 1.0000, Val Accuracy: 0.7791
2025-01-12 18:27:37,145 - INFO - Fold 5 Validation Accuracy: 0.7791
2025-01-12 18:27:37,149 - INFO - Save model to C:\Users\LeoLi\OneDrive - 学校法人立命館\Ritsumei\4th_Semester\Artificial_Intelligence\final_project\code\FNN/model/2025-01-12/18-27-32/model_4.pth
2025-01-12 18:27:37,149 - INFO - Average Validation Accuracy (Over 5 folds): 0.7835 

