2025-01-12 18:29:37,456 - INFO - Testing console logging.
2025-01-12 18:29:37,797 - INFO - Training with Vectorized Data 10000 features. Dropout Rate 0.90. Dataset Size 2388
2025-01-12 18:29:38,857 - INFO - Epoch [1/100], Train Accuracy: 0.3393, Val Accuracy: 0.3410
2025-01-12 18:29:38,977 - INFO - Epoch [2/100], Train Accuracy: 0.7927, Val Accuracy: 0.8828
2025-01-12 18:29:39,099 - INFO - Epoch [3/100], Train Accuracy: 0.9707, Val Accuracy: 0.9310
2025-01-12 18:29:39,221 - INFO - Epoch [4/100], Train Accuracy: 0.9990, Val Accuracy: 0.9247
2025-01-12 18:29:39,329 - INFO - Epoch [5/100], Train Accuracy: 1.0000, Val Accuracy: 0.9289
2025-01-12 18:29:39,346 - INFO - Fold 1 Validation Accuracy: 0.9289
2025-01-12 18:29:39,351 - INFO - Save model to C:\Users\LeoLi\OneDrive - 学校法人立命館\Ritsumei\4th_Semester\Artificial_Intelligence\final_project\code\FNN/model/2025-01-12/18-29-37/model_0.pth
2025-01-12 18:29:39,493 - INFO - Epoch [1/100], Train Accuracy: 0.4293, Val Accuracy: 0.6339
2025-01-12 18:29:39,616 - INFO - Epoch [2/100], Train Accuracy: 0.8272, Val Accuracy: 0.9038
2025-01-12 18:29:39,739 - INFO - Epoch [3/100], Train Accuracy: 0.9848, Val Accuracy: 0.9331
2025-01-12 18:29:39,870 - INFO - Epoch [4/100], Train Accuracy: 1.0000, Val Accuracy: 0.9289
2025-01-12 18:29:39,882 - INFO - Fold 2 Validation Accuracy: 0.9289
2025-01-12 18:29:39,887 - INFO - Save model to C:\Users\LeoLi\OneDrive - 学校法人立命館\Ritsumei\4th_Semester\Artificial_Intelligence\final_project\code\FNN/model/2025-01-12/18-29-37/model_1.pth
2025-01-12 18:29:40,024 - INFO - Epoch [1/100], Train Accuracy: 0.3843, Val Accuracy: 0.8033
2025-01-12 18:29:40,170 - INFO - Epoch [2/100], Train Accuracy: 0.9026, Val Accuracy: 0.8933
2025-01-12 18:29:40,287 - INFO - Epoch [3/100], Train Accuracy: 0.9785, Val Accuracy: 0.9268
2025-01-12 18:29:40,424 - INFO - Epoch [4/100], Train Accuracy: 0.9995, Val Accuracy: 0.9226
2025-01-12 18:29:40,436 - INFO - Fold 3 Validation Accuracy: 0.9226
2025-01-12 18:29:40,442 - INFO - Save model to C:\Users\LeoLi\OneDrive - 学校法人立命館\Ritsumei\4th_Semester\Artificial_Intelligence\final_project\code\FNN/model/2025-01-12/18-29-37/model_2.pth
2025-01-12 18:29:40,609 - INFO - Epoch [1/100], Train Accuracy: 0.3956, Val Accuracy: 0.8553
2025-01-12 18:29:40,727 - INFO - Epoch [2/100], Train Accuracy: 0.8880, Val Accuracy: 0.9224
2025-01-12 18:29:40,844 - INFO - Epoch [3/100], Train Accuracy: 0.9827, Val Accuracy: 0.9329
2025-01-12 18:29:40,964 - INFO - Epoch [4/100], Train Accuracy: 1.0000, Val Accuracy: 0.9329
2025-01-12 18:29:40,977 - INFO - Fold 4 Validation Accuracy: 0.9329
2025-01-12 18:29:40,982 - INFO - Save model to C:\Users\LeoLi\OneDrive - 学校法人立命館\Ritsumei\4th_Semester\Artificial_Intelligence\final_project\code\FNN/model/2025-01-12/18-29-37/model_3.pth
2025-01-12 18:29:41,135 - INFO - Epoch [1/100], Train Accuracy: 0.3830, Val Accuracy: 0.4172
2025-01-12 18:29:41,268 - INFO - Epoch [2/100], Train Accuracy: 0.8362, Val Accuracy: 0.8847
2025-01-12 18:29:41,385 - INFO - Epoch [3/100], Train Accuracy: 0.9864, Val Accuracy: 0.9015
2025-01-12 18:29:41,521 - INFO - Epoch [4/100], Train Accuracy: 0.9995, Val Accuracy: 0.9015
2025-01-12 18:29:41,533 - INFO - Fold 5 Validation Accuracy: 0.9015
2025-01-12 18:29:41,538 - INFO - Save model to C:\Users\LeoLi\OneDrive - 学校法人立命館\Ritsumei\4th_Semester\Artificial_Intelligence\final_project\code\FNN/model/2025-01-12/18-29-37/model_4.pth
2025-01-12 18:29:41,539 - INFO - Average Validation Accuracy (Over 5 folds): 0.9229 

