2025-01-12 18:29:00,110 - INFO - Testing console logging.
2025-01-12 18:29:00,411 - INFO - Training with Vectorized Data 10000 features. Dropout Rate 0.90. Dataset Size 2400
2025-01-12 18:29:01,652 - INFO - Epoch [1/100], Train Accuracy: 0.3682, Val Accuracy: 0.3583
2025-01-12 18:29:01,773 - INFO - Epoch [2/100], Train Accuracy: 0.8281, Val Accuracy: 0.8854
2025-01-12 18:29:01,901 - INFO - Epoch [3/100], Train Accuracy: 0.9823, Val Accuracy: 0.8958
2025-01-12 18:29:02,023 - INFO - Epoch [4/100], Train Accuracy: 0.9995, Val Accuracy: 0.9104
2025-01-12 18:29:02,038 - INFO - Fold 1 Validation Accuracy: 0.9104
2025-01-12 18:29:02,042 - INFO - Save model to C:\Users\LeoLi\OneDrive - 学校法人立命館\Ritsumei\4th_Semester\Artificial_Intelligence\final_project\code\FNN/model/2025-01-12/18-29-00/model_0.pth
2025-01-12 18:29:02,182 - INFO - Epoch [1/100], Train Accuracy: 0.3922, Val Accuracy: 0.7854
2025-01-12 18:29:02,300 - INFO - Epoch [2/100], Train Accuracy: 0.9026, Val Accuracy: 0.8667
2025-01-12 18:29:02,427 - INFO - Epoch [3/100], Train Accuracy: 0.9807, Val Accuracy: 0.9042
2025-01-12 18:29:02,552 - INFO - Epoch [4/100], Train Accuracy: 0.9984, Val Accuracy: 0.9021
2025-01-12 18:29:02,683 - INFO - Epoch [5/100], Train Accuracy: 1.0000, Val Accuracy: 0.9125
2025-01-12 18:29:02,703 - INFO - Fold 2 Validation Accuracy: 0.9125
2025-01-12 18:29:02,707 - INFO - Save model to C:\Users\LeoLi\OneDrive - 学校法人立命館\Ritsumei\4th_Semester\Artificial_Intelligence\final_project\code\FNN/model/2025-01-12/18-29-00/model_1.pth
2025-01-12 18:29:02,847 - INFO - Epoch [1/100], Train Accuracy: 0.3786, Val Accuracy: 0.5604
2025-01-12 18:29:02,987 - INFO - Epoch [2/100], Train Accuracy: 0.8380, Val Accuracy: 0.8833
2025-01-12 18:29:03,115 - INFO - Epoch [3/100], Train Accuracy: 0.9823, Val Accuracy: 0.8875
2025-01-12 18:29:03,257 - INFO - Epoch [4/100], Train Accuracy: 0.9990, Val Accuracy: 0.9042
2025-01-12 18:29:03,405 - INFO - Epoch [5/100], Train Accuracy: 1.0000, Val Accuracy: 0.9062
2025-01-12 18:29:03,419 - INFO - Fold 3 Validation Accuracy: 0.9062
2025-01-12 18:29:03,423 - INFO - Save model to C:\Users\LeoLi\OneDrive - 学校法人立命館\Ritsumei\4th_Semester\Artificial_Intelligence\final_project\code\FNN/model/2025-01-12/18-29-00/model_2.pth
2025-01-12 18:29:03,574 - INFO - Epoch [1/100], Train Accuracy: 0.3667, Val Accuracy: 0.6417
2025-01-12 18:29:03,706 - INFO - Epoch [2/100], Train Accuracy: 0.8130, Val Accuracy: 0.8854
2025-01-12 18:29:03,873 - INFO - Epoch [3/100], Train Accuracy: 0.9812, Val Accuracy: 0.9208
2025-01-12 18:29:03,993 - INFO - Epoch [4/100], Train Accuracy: 0.9995, Val Accuracy: 0.9250
2025-01-12 18:29:04,006 - INFO - Fold 4 Validation Accuracy: 0.9250
2025-01-12 18:29:04,011 - INFO - Save model to C:\Users\LeoLi\OneDrive - 学校法人立命館\Ritsumei\4th_Semester\Artificial_Intelligence\final_project\code\FNN/model/2025-01-12/18-29-00/model_3.pth
2025-01-12 18:29:04,158 - INFO - Epoch [1/100], Train Accuracy: 0.3672, Val Accuracy: 0.4833
2025-01-12 18:29:04,281 - INFO - Epoch [2/100], Train Accuracy: 0.7927, Val Accuracy: 0.9021
2025-01-12 18:29:04,449 - INFO - Epoch [3/100], Train Accuracy: 0.9818, Val Accuracy: 0.9125
2025-01-12 18:29:04,573 - INFO - Epoch [4/100], Train Accuracy: 0.9990, Val Accuracy: 0.9187
2025-01-12 18:29:04,697 - INFO - Epoch [5/100], Train Accuracy: 0.9995, Val Accuracy: 0.9208
2025-01-12 18:29:04,712 - INFO - Fold 5 Validation Accuracy: 0.9208
2025-01-12 18:29:04,716 - INFO - Save model to C:\Users\LeoLi\OneDrive - 学校法人立命館\Ritsumei\4th_Semester\Artificial_Intelligence\final_project\code\FNN/model/2025-01-12/18-29-00/model_4.pth
2025-01-12 18:29:04,716 - INFO - Average Validation Accuracy (Over 5 folds): 0.9150 

