2025-01-12 18:36:02,722 - INFO - Testing console logging.
2025-01-12 18:36:02,926 - INFO - Training with Vectorized Data 5000 features. Dropout Rate 0.70. Dataset Size 2388
2025-01-12 18:36:03,971 - INFO - Epoch [1/100], Train Accuracy: 0.4665, Val Accuracy: 0.8912
2025-01-12 18:36:04,108 - INFO - Epoch [2/100], Train Accuracy: 0.9178, Val Accuracy: 0.8912
2025-01-12 18:36:04,253 - INFO - Epoch [3/100], Train Accuracy: 0.9796, Val Accuracy: 0.9184
2025-01-12 18:36:04,387 - INFO - Epoch [4/100], Train Accuracy: 0.9984, Val Accuracy: 0.9226
2025-01-12 18:36:04,398 - INFO - Fold 1 Validation Accuracy: 0.9226
2025-01-12 18:36:04,401 - INFO - Save model to C:\Users\LeoLi\OneDrive - 学校法人立命館\Ritsumei\4th_Semester\Artificial_Intelligence\final_project\code\FNN/model/2025-01-12/18-36-02/model_0.pth
2025-01-12 18:36:04,540 - INFO - Epoch [1/100], Train Accuracy: 0.4911, Val Accuracy: 0.8808
2025-01-12 18:36:04,675 - INFO - Epoch [2/100], Train Accuracy: 0.9105, Val Accuracy: 0.8933
2025-01-12 18:36:04,802 - INFO - Epoch [3/100], Train Accuracy: 0.9791, Val Accuracy: 0.9017
2025-01-12 18:36:04,925 - INFO - Epoch [4/100], Train Accuracy: 0.9990, Val Accuracy: 0.9079
2025-01-12 18:36:04,935 - INFO - Fold 2 Validation Accuracy: 0.9079
2025-01-12 18:36:04,939 - INFO - Save model to C:\Users\LeoLi\OneDrive - 学校法人立命館\Ritsumei\4th_Semester\Artificial_Intelligence\final_project\code\FNN/model/2025-01-12/18-36-02/model_1.pth
2025-01-12 18:36:05,070 - INFO - Epoch [1/100], Train Accuracy: 0.5005, Val Accuracy: 0.8452
2025-01-12 18:36:05,219 - INFO - Epoch [2/100], Train Accuracy: 0.9089, Val Accuracy: 0.9100
2025-01-12 18:36:05,346 - INFO - Epoch [3/100], Train Accuracy: 0.9775, Val Accuracy: 0.9142
2025-01-12 18:36:05,486 - INFO - Epoch [4/100], Train Accuracy: 0.9990, Val Accuracy: 0.9393
2025-01-12 18:36:05,502 - INFO - Fold 3 Validation Accuracy: 0.9393
2025-01-12 18:36:05,505 - INFO - Save model to C:\Users\LeoLi\OneDrive - 学校法人立命館\Ritsumei\4th_Semester\Artificial_Intelligence\final_project\code\FNN/model/2025-01-12/18-36-02/model_2.pth
2025-01-12 18:36:05,643 - INFO - Epoch [1/100], Train Accuracy: 0.5306, Val Accuracy: 0.8889
2025-01-12 18:36:05,764 - INFO - Epoch [2/100], Train Accuracy: 0.9246, Val Accuracy: 0.8910
2025-01-12 18:36:05,884 - INFO - Epoch [3/100], Train Accuracy: 0.9843, Val Accuracy: 0.8847
2025-01-12 18:36:06,012 - INFO - Epoch [4/100], Train Accuracy: 0.9995, Val Accuracy: 0.8931
2025-01-12 18:36:06,024 - INFO - Fold 4 Validation Accuracy: 0.8931
2025-01-12 18:36:06,028 - INFO - Save model to C:\Users\LeoLi\OneDrive - 学校法人立命館\Ritsumei\4th_Semester\Artificial_Intelligence\final_project\code\FNN/model/2025-01-12/18-36-02/model_3.pth
2025-01-12 18:36:06,173 - INFO - Epoch [1/100], Train Accuracy: 0.4997, Val Accuracy: 0.8868
2025-01-12 18:36:06,301 - INFO - Epoch [2/100], Train Accuracy: 0.9173, Val Accuracy: 0.9203
2025-01-12 18:36:06,424 - INFO - Epoch [3/100], Train Accuracy: 0.9801, Val Accuracy: 0.9266
2025-01-12 18:36:06,561 - INFO - Epoch [4/100], Train Accuracy: 0.9974, Val Accuracy: 0.9308
2025-01-12 18:36:06,572 - INFO - Fold 5 Validation Accuracy: 0.9308
2025-01-12 18:36:06,576 - INFO - Save model to C:\Users\LeoLi\OneDrive - 学校法人立命館\Ritsumei\4th_Semester\Artificial_Intelligence\final_project\code\FNN/model/2025-01-12/18-36-02/model_4.pth
2025-01-12 18:36:06,577 - INFO - Average Validation Accuracy (Over 5 folds): 0.9188 

