2025-01-12 18:34:02,051 - INFO - Testing console logging.
2025-01-12 18:34:02,269 - INFO - Training with Vectorized Data 500 features. Dropout Rate 0.90. Dataset Size 2388
2025-01-12 18:34:03,344 - INFO - Epoch [1/100], Train Accuracy: 0.3586, Val Accuracy: 0.6025
2025-01-12 18:34:03,456 - INFO - Epoch [2/100], Train Accuracy: 0.7592, Val Accuracy: 0.9017
2025-01-12 18:34:03,576 - INFO - Epoch [3/100], Train Accuracy: 0.9246, Val Accuracy: 0.9226
2025-01-12 18:34:03,691 - INFO - Epoch [4/100], Train Accuracy: 0.9524, Val Accuracy: 0.9205
2025-01-12 18:34:03,801 - INFO - Epoch [5/100], Train Accuracy: 0.9749, Val Accuracy: 0.9310
2025-01-12 18:34:03,909 - INFO - Epoch [6/100], Train Accuracy: 0.9880, Val Accuracy: 0.9289
2025-01-12 18:34:04,020 - INFO - Epoch [7/100], Train Accuracy: 0.9927, Val Accuracy: 0.9184
2025-01-12 18:34:04,028 - INFO - Fold 1 Validation Accuracy: 0.9184
2025-01-12 18:34:04,031 - INFO - Save model to C:\Users\LeoLi\OneDrive - 学校法人立命館\Ritsumei\4th_Semester\Artificial_Intelligence\final_project\code\FNN/model/2025-01-12/18-34-02/model_0.pth
2025-01-12 18:34:04,147 - INFO - Epoch [1/100], Train Accuracy: 0.3780, Val Accuracy: 0.6130
2025-01-12 18:34:04,253 - INFO - Epoch [2/100], Train Accuracy: 0.7984, Val Accuracy: 0.8996
2025-01-12 18:34:04,365 - INFO - Epoch [3/100], Train Accuracy: 0.9361, Val Accuracy: 0.9059
2025-01-12 18:34:04,475 - INFO - Epoch [4/100], Train Accuracy: 0.9639, Val Accuracy: 0.9038
2025-01-12 18:34:04,585 - INFO - Epoch [5/100], Train Accuracy: 0.9864, Val Accuracy: 0.8996
2025-01-12 18:34:04,701 - INFO - Epoch [6/100], Train Accuracy: 0.9953, Val Accuracy: 0.8996
2025-01-12 18:34:04,809 - INFO - Epoch [7/100], Train Accuracy: 0.9984, Val Accuracy: 0.8891
2025-01-12 18:34:04,822 - INFO - Fold 2 Validation Accuracy: 0.8891
2025-01-12 18:34:04,825 - INFO - Save model to C:\Users\LeoLi\OneDrive - 学校法人立命館\Ritsumei\4th_Semester\Artificial_Intelligence\final_project\code\FNN/model/2025-01-12/18-34-02/model_1.pth
2025-01-12 18:34:04,937 - INFO - Epoch [1/100], Train Accuracy: 0.3560, Val Accuracy: 0.6715
2025-01-12 18:34:05,045 - INFO - Epoch [2/100], Train Accuracy: 0.8094, Val Accuracy: 0.8766
2025-01-12 18:34:05,157 - INFO - Epoch [3/100], Train Accuracy: 0.9277, Val Accuracy: 0.8849
2025-01-12 18:34:05,266 - INFO - Epoch [4/100], Train Accuracy: 0.9623, Val Accuracy: 0.9121
2025-01-12 18:34:05,374 - INFO - Epoch [5/100], Train Accuracy: 0.9796, Val Accuracy: 0.9038
2025-01-12 18:34:05,485 - INFO - Epoch [6/100], Train Accuracy: 0.9890, Val Accuracy: 0.9100
2025-01-12 18:34:05,596 - INFO - Epoch [7/100], Train Accuracy: 0.9937, Val Accuracy: 0.9100
2025-01-12 18:34:05,712 - INFO - Epoch [8/100], Train Accuracy: 0.9984, Val Accuracy: 0.9038
2025-01-12 18:34:05,825 - INFO - Epoch [9/100], Train Accuracy: 0.9984, Val Accuracy: 0.9100
2025-01-12 18:34:05,941 - INFO - Epoch [10/100], Train Accuracy: 0.9990, Val Accuracy: 0.9017
2025-01-12 18:34:05,955 - INFO - Fold 3 Validation Accuracy: 0.9017
2025-01-12 18:34:05,958 - INFO - Save model to C:\Users\LeoLi\OneDrive - 学校法人立命館\Ritsumei\4th_Semester\Artificial_Intelligence\final_project\code\FNN/model/2025-01-12/18-34-02/model_2.pth
2025-01-12 18:34:06,071 - INFO - Epoch [1/100], Train Accuracy: 0.3810, Val Accuracy: 0.6331
2025-01-12 18:34:06,194 - INFO - Epoch [2/100], Train Accuracy: 0.8545, Val Accuracy: 0.9182
2025-01-12 18:34:06,308 - INFO - Epoch [3/100], Train Accuracy: 0.9205, Val Accuracy: 0.9203
2025-01-12 18:34:06,416 - INFO - Epoch [4/100], Train Accuracy: 0.9576, Val Accuracy: 0.9161
2025-01-12 18:34:06,522 - INFO - Epoch [5/100], Train Accuracy: 0.9791, Val Accuracy: 0.9161
2025-01-12 18:34:06,630 - INFO - Epoch [6/100], Train Accuracy: 0.9895, Val Accuracy: 0.9245
2025-01-12 18:34:06,737 - INFO - Epoch [7/100], Train Accuracy: 0.9948, Val Accuracy: 0.9119
2025-01-12 18:34:06,750 - INFO - Fold 4 Validation Accuracy: 0.9119
2025-01-12 18:34:06,753 - INFO - Save model to C:\Users\LeoLi\OneDrive - 学校法人立命館\Ritsumei\4th_Semester\Artificial_Intelligence\final_project\code\FNN/model/2025-01-12/18-34-02/model_3.pth
2025-01-12 18:34:06,859 - INFO - Epoch [1/100], Train Accuracy: 0.3810, Val Accuracy: 0.3857
2025-01-12 18:34:06,970 - INFO - Epoch [2/100], Train Accuracy: 0.7650, Val Accuracy: 0.8470
2025-01-12 18:34:07,082 - INFO - Epoch [3/100], Train Accuracy: 0.9215, Val Accuracy: 0.9057
2025-01-12 18:34:07,189 - INFO - Epoch [4/100], Train Accuracy: 0.9618, Val Accuracy: 0.9182
2025-01-12 18:34:07,295 - INFO - Epoch [5/100], Train Accuracy: 0.9770, Val Accuracy: 0.9099
2025-01-12 18:34:07,408 - INFO - Epoch [6/100], Train Accuracy: 0.9869, Val Accuracy: 0.9099
2025-01-12 18:34:07,513 - INFO - Epoch [7/100], Train Accuracy: 0.9942, Val Accuracy: 0.9078
2025-01-12 18:34:07,522 - INFO - Fold 5 Validation Accuracy: 0.9078
2025-01-12 18:34:07,524 - INFO - Save model to C:\Users\LeoLi\OneDrive - 学校法人立命館\Ritsumei\4th_Semester\Artificial_Intelligence\final_project\code\FNN/model/2025-01-12/18-34-02/model_4.pth
2025-01-12 18:34:07,525 - INFO - Average Validation Accuracy (Over 5 folds): 0.9058 

