2025-01-12 18:35:22,792 - INFO - Testing console logging.
2025-01-12 18:35:23,020 - INFO - Training with Vectorized Data 5000 features. Dropout Rate 0.99. Dataset Size 2388
2025-01-12 18:35:24,095 - INFO - Epoch [1/100], Train Accuracy: 0.3361, Val Accuracy: 0.3222
2025-01-12 18:35:24,208 - INFO - Epoch [2/100], Train Accuracy: 0.5979, Val Accuracy: 0.8577
2025-01-12 18:35:24,316 - INFO - Epoch [3/100], Train Accuracy: 0.9597, Val Accuracy: 0.8808
2025-01-12 18:35:24,436 - INFO - Epoch [4/100], Train Accuracy: 0.9963, Val Accuracy: 0.8808
2025-01-12 18:35:24,453 - INFO - Fold 1 Validation Accuracy: 0.8808
2025-01-12 18:35:24,457 - INFO - Save model to C:\Users\LeoLi\OneDrive - 学校法人立命館\Ritsumei\4th_Semester\Artificial_Intelligence\final_project\code\FNN/model/2025-01-12/18-35-22/model_0.pth
2025-01-12 18:35:24,601 - INFO - Epoch [1/100], Train Accuracy: 0.3366, Val Accuracy: 0.3159
2025-01-12 18:35:24,718 - INFO - Epoch [2/100], Train Accuracy: 0.6005, Val Accuracy: 0.8452
2025-01-12 18:35:24,828 - INFO - Epoch [3/100], Train Accuracy: 0.9293, Val Accuracy: 0.8996
2025-01-12 18:35:24,979 - INFO - Epoch [4/100], Train Accuracy: 0.9948, Val Accuracy: 0.9079
2025-01-12 18:35:25,092 - INFO - Epoch [5/100], Train Accuracy: 1.0000, Val Accuracy: 0.9121
2025-01-12 18:35:25,102 - INFO - Fold 2 Validation Accuracy: 0.9121
2025-01-12 18:35:25,106 - INFO - Save model to C:\Users\LeoLi\OneDrive - 学校法人立命館\Ritsumei\4th_Semester\Artificial_Intelligence\final_project\code\FNN/model/2025-01-12/18-35-22/model_1.pth
2025-01-12 18:35:25,237 - INFO - Epoch [1/100], Train Accuracy: 0.3241, Val Accuracy: 0.3201
2025-01-12 18:35:25,345 - INFO - Epoch [2/100], Train Accuracy: 0.6052, Val Accuracy: 0.8661
2025-01-12 18:35:25,470 - INFO - Epoch [3/100], Train Accuracy: 0.9545, Val Accuracy: 0.8954
2025-01-12 18:35:25,598 - INFO - Epoch [4/100], Train Accuracy: 0.9948, Val Accuracy: 0.9142
2025-01-12 18:35:25,719 - INFO - Epoch [5/100], Train Accuracy: 0.9990, Val Accuracy: 0.9121
2025-01-12 18:35:25,736 - INFO - Fold 3 Validation Accuracy: 0.9121
2025-01-12 18:35:25,739 - INFO - Save model to C:\Users\LeoLi\OneDrive - 学校法人立命館\Ritsumei\4th_Semester\Artificial_Intelligence\final_project\code\FNN/model/2025-01-12/18-35-22/model_2.pth
2025-01-12 18:35:25,872 - INFO - Epoch [1/100], Train Accuracy: 0.3229, Val Accuracy: 0.3732
2025-01-12 18:35:25,992 - INFO - Epoch [2/100], Train Accuracy: 0.5636, Val Accuracy: 0.7212
2025-01-12 18:35:26,108 - INFO - Epoch [3/100], Train Accuracy: 0.8864, Val Accuracy: 0.8889
2025-01-12 18:35:26,229 - INFO - Epoch [4/100], Train Accuracy: 0.9916, Val Accuracy: 0.8973
2025-01-12 18:35:26,358 - INFO - Epoch [5/100], Train Accuracy: 0.9995, Val Accuracy: 0.8994
2025-01-12 18:35:26,371 - INFO - Fold 4 Validation Accuracy: 0.8994
2025-01-12 18:35:26,374 - INFO - Save model to C:\Users\LeoLi\OneDrive - 学校法人立命館\Ritsumei\4th_Semester\Artificial_Intelligence\final_project\code\FNN/model/2025-01-12/18-35-22/model_3.pth
2025-01-12 18:35:26,510 - INFO - Epoch [1/100], Train Accuracy: 0.3255, Val Accuracy: 0.3459
2025-01-12 18:35:26,631 - INFO - Epoch [2/100], Train Accuracy: 0.6824, Val Accuracy: 0.8302
2025-01-12 18:35:26,766 - INFO - Epoch [3/100], Train Accuracy: 0.9471, Val Accuracy: 0.8700
2025-01-12 18:35:26,876 - INFO - Epoch [4/100], Train Accuracy: 0.9953, Val Accuracy: 0.8910
2025-01-12 18:35:26,891 - INFO - Fold 5 Validation Accuracy: 0.8910
2025-01-12 18:35:26,894 - INFO - Save model to C:\Users\LeoLi\OneDrive - 学校法人立命館\Ritsumei\4th_Semester\Artificial_Intelligence\final_project\code\FNN/model/2025-01-12/18-35-22/model_4.pth
2025-01-12 18:35:26,895 - INFO - Average Validation Accuracy (Over 5 folds): 0.8991 

