2025-01-12 18:37:40,991 - INFO - Testing console logging.
2025-01-12 18:37:41,216 - INFO - Training with Vectorized Data 5000 features. Dropout Rate 0.70. Dataset Size 2388
2025-01-12 18:37:42,281 - INFO - Epoch [1/100], Train Accuracy: 0.3398, Val Accuracy: 0.3096
2025-01-12 18:37:42,408 - INFO - Epoch [2/100], Train Accuracy: 0.6503, Val Accuracy: 0.8075
2025-01-12 18:37:42,532 - INFO - Epoch [3/100], Train Accuracy: 0.9241, Val Accuracy: 0.9121
2025-01-12 18:37:42,650 - INFO - Epoch [4/100], Train Accuracy: 0.9822, Val Accuracy: 0.9121
2025-01-12 18:37:42,768 - INFO - Epoch [5/100], Train Accuracy: 0.9979, Val Accuracy: 0.9100
2025-01-12 18:37:42,896 - INFO - Epoch [6/100], Train Accuracy: 0.9990, Val Accuracy: 0.9121
2025-01-12 18:37:43,016 - INFO - Epoch [7/100], Train Accuracy: 0.9995, Val Accuracy: 0.9226
2025-01-12 18:37:43,135 - INFO - Epoch [8/100], Train Accuracy: 0.9995, Val Accuracy: 0.9205
2025-01-12 18:37:43,260 - INFO - Epoch [9/100], Train Accuracy: 0.9995, Val Accuracy: 0.9226
2025-01-12 18:37:43,382 - INFO - Epoch [10/100], Train Accuracy: 0.9995, Val Accuracy: 0.9205
2025-01-12 18:37:43,501 - INFO - Epoch [11/100], Train Accuracy: 1.0000, Val Accuracy: 0.9205
2025-01-12 18:37:43,615 - INFO - Epoch [12/100], Train Accuracy: 1.0000, Val Accuracy: 0.9205
2025-01-12 18:37:43,738 - INFO - Epoch [13/100], Train Accuracy: 1.0000, Val Accuracy: 0.9205
2025-01-12 18:37:43,870 - INFO - Epoch [14/100], Train Accuracy: 1.0000, Val Accuracy: 0.9205
2025-01-12 18:37:44,023 - INFO - Epoch [15/100], Train Accuracy: 1.0000, Val Accuracy: 0.9205
2025-01-12 18:37:44,143 - INFO - Epoch [16/100], Train Accuracy: 1.0000, Val Accuracy: 0.9205
2025-01-12 18:37:44,260 - INFO - Epoch [17/100], Train Accuracy: 1.0000, Val Accuracy: 0.9205
2025-01-12 18:37:44,378 - INFO - Epoch [18/100], Train Accuracy: 1.0000, Val Accuracy: 0.9226
2025-01-12 18:37:44,503 - INFO - Epoch [19/100], Train Accuracy: 1.0000, Val Accuracy: 0.9184
2025-01-12 18:37:44,627 - INFO - Epoch [20/100], Train Accuracy: 1.0000, Val Accuracy: 0.9184
2025-01-12 18:37:44,748 - INFO - Epoch [21/100], Train Accuracy: 1.0000, Val Accuracy: 0.9226
2025-01-12 18:37:44,867 - INFO - Epoch [22/100], Train Accuracy: 1.0000, Val Accuracy: 0.9121
2025-01-12 18:37:44,884 - INFO - Fold 1 Validation Accuracy: 0.9121
2025-01-12 18:37:44,888 - INFO - Save model to C:\Users\LeoLi\OneDrive - 学校法人立命館\Ritsumei\4th_Semester\Artificial_Intelligence\final_project\code\FNN/model/2025-01-12/18-37-41/model_0.pth
2025-01-12 18:37:45,022 - INFO - Epoch [1/100], Train Accuracy: 0.3366, Val Accuracy: 0.4874
2025-01-12 18:37:45,144 - INFO - Epoch [2/100], Train Accuracy: 0.8136, Val Accuracy: 0.8766
2025-01-12 18:37:45,272 - INFO - Epoch [3/100], Train Accuracy: 0.9539, Val Accuracy: 0.9059
2025-01-12 18:37:45,400 - INFO - Epoch [4/100], Train Accuracy: 0.9890, Val Accuracy: 0.9017
2025-01-12 18:37:45,529 - INFO - Epoch [5/100], Train Accuracy: 0.9979, Val Accuracy: 0.8891
2025-01-12 18:37:45,546 - INFO - Fold 2 Validation Accuracy: 0.8891
2025-01-12 18:37:45,548 - INFO - Save model to C:\Users\LeoLi\OneDrive - 学校法人立命館\Ritsumei\4th_Semester\Artificial_Intelligence\final_project\code\FNN/model/2025-01-12/18-37-41/model_1.pth
2025-01-12 18:37:45,674 - INFO - Epoch [1/100], Train Accuracy: 0.3581, Val Accuracy: 0.5418
2025-01-12 18:37:45,810 - INFO - Epoch [2/100], Train Accuracy: 0.8241, Val Accuracy: 0.9121
2025-01-12 18:37:45,932 - INFO - Epoch [3/100], Train Accuracy: 0.9618, Val Accuracy: 0.9351
2025-01-12 18:37:46,060 - INFO - Epoch [4/100], Train Accuracy: 0.9895, Val Accuracy: 0.9351
2025-01-12 18:37:46,206 - INFO - Epoch [5/100], Train Accuracy: 0.9979, Val Accuracy: 0.9351
2025-01-12 18:37:46,340 - INFO - Epoch [6/100], Train Accuracy: 0.9995, Val Accuracy: 0.9351
2025-01-12 18:37:46,463 - INFO - Epoch [7/100], Train Accuracy: 0.9995, Val Accuracy: 0.9351
2025-01-12 18:37:46,586 - INFO - Epoch [8/100], Train Accuracy: 0.9995, Val Accuracy: 0.9351
2025-01-12 18:37:46,707 - INFO - Epoch [9/100], Train Accuracy: 0.9995, Val Accuracy: 0.9351
2025-01-12 18:37:46,833 - INFO - Epoch [10/100], Train Accuracy: 0.9995, Val Accuracy: 0.9351
2025-01-12 18:37:46,955 - INFO - Epoch [11/100], Train Accuracy: 0.9995, Val Accuracy: 0.9372
2025-01-12 18:37:47,087 - INFO - Epoch [12/100], Train Accuracy: 0.9995, Val Accuracy: 0.9351
2025-01-12 18:37:47,224 - INFO - Epoch [13/100], Train Accuracy: 0.9995, Val Accuracy: 0.9372
2025-01-12 18:37:47,358 - INFO - Epoch [14/100], Train Accuracy: 0.9995, Val Accuracy: 0.9372
2025-01-12 18:37:47,548 - INFO - Epoch [15/100], Train Accuracy: 1.0000, Val Accuracy: 0.9372
2025-01-12 18:37:47,658 - INFO - Epoch [16/100], Train Accuracy: 1.0000, Val Accuracy: 0.9372
2025-01-12 18:37:47,932 - INFO - Epoch [17/100], Train Accuracy: 1.0000, Val Accuracy: 0.9372
2025-01-12 18:37:48,178 - INFO - Epoch [18/100], Train Accuracy: 1.0000, Val Accuracy: 0.9372
2025-01-12 18:37:48,305 - INFO - Epoch [19/100], Train Accuracy: 1.0000, Val Accuracy: 0.9372
2025-01-12 18:37:48,437 - INFO - Epoch [20/100], Train Accuracy: 1.0000, Val Accuracy: 0.9372
2025-01-12 18:37:48,572 - INFO - Epoch [21/100], Train Accuracy: 1.0000, Val Accuracy: 0.9372
2025-01-12 18:37:48,698 - INFO - Epoch [22/100], Train Accuracy: 1.0000, Val Accuracy: 0.9372
2025-01-12 18:37:48,974 - INFO - Epoch [23/100], Train Accuracy: 1.0000, Val Accuracy: 0.9372
2025-01-12 18:37:49,089 - INFO - Epoch [24/100], Train Accuracy: 1.0000, Val Accuracy: 0.9372
2025-01-12 18:37:49,222 - INFO - Epoch [25/100], Train Accuracy: 1.0000, Val Accuracy: 0.9351
2025-01-12 18:37:49,337 - INFO - Epoch [26/100], Train Accuracy: 1.0000, Val Accuracy: 0.9351
2025-01-12 18:37:49,456 - INFO - Epoch [27/100], Train Accuracy: 1.0000, Val Accuracy: 0.9351
2025-01-12 18:37:49,591 - INFO - Epoch [28/100], Train Accuracy: 1.0000, Val Accuracy: 0.9351
2025-01-12 18:37:49,718 - INFO - Epoch [29/100], Train Accuracy: 1.0000, Val Accuracy: 0.9351
2025-01-12 18:37:49,831 - INFO - Epoch [30/100], Train Accuracy: 1.0000, Val Accuracy: 0.9351
2025-01-12 18:37:49,954 - INFO - Epoch [31/100], Train Accuracy: 1.0000, Val Accuracy: 0.9351
2025-01-12 18:37:50,069 - INFO - Epoch [32/100], Train Accuracy: 1.0000, Val Accuracy: 0.9351
2025-01-12 18:37:50,191 - INFO - Epoch [33/100], Train Accuracy: 1.0000, Val Accuracy: 0.9351
2025-01-12 18:37:50,318 - INFO - Epoch [34/100], Train Accuracy: 1.0000, Val Accuracy: 0.9351
2025-01-12 18:37:50,432 - INFO - Epoch [35/100], Train Accuracy: 1.0000, Val Accuracy: 0.9351
2025-01-12 18:37:50,568 - INFO - Epoch [36/100], Train Accuracy: 1.0000, Val Accuracy: 0.9372
2025-01-12 18:37:50,898 - INFO - Epoch [37/100], Train Accuracy: 1.0000, Val Accuracy: 0.9372
2025-01-12 18:37:51,035 - INFO - Epoch [38/100], Train Accuracy: 1.0000, Val Accuracy: 0.9372
2025-01-12 18:37:51,168 - INFO - Epoch [39/100], Train Accuracy: 1.0000, Val Accuracy: 0.9372
2025-01-12 18:37:51,295 - INFO - Epoch [40/100], Train Accuracy: 1.0000, Val Accuracy: 0.9372
2025-01-12 18:37:51,450 - INFO - Epoch [41/100], Train Accuracy: 1.0000, Val Accuracy: 0.9372
2025-01-12 18:37:51,587 - INFO - Epoch [42/100], Train Accuracy: 1.0000, Val Accuracy: 0.9372
2025-01-12 18:37:51,720 - INFO - Epoch [43/100], Train Accuracy: 1.0000, Val Accuracy: 0.9372
2025-01-12 18:37:51,855 - INFO - Epoch [44/100], Train Accuracy: 1.0000, Val Accuracy: 0.9372
2025-01-12 18:37:51,979 - INFO - Epoch [45/100], Train Accuracy: 1.0000, Val Accuracy: 0.9372
2025-01-12 18:37:52,127 - INFO - Epoch [46/100], Train Accuracy: 1.0000, Val Accuracy: 0.9372
2025-01-12 18:37:52,242 - INFO - Epoch [47/100], Train Accuracy: 1.0000, Val Accuracy: 0.9372
2025-01-12 18:37:52,470 - INFO - Epoch [48/100], Train Accuracy: 1.0000, Val Accuracy: 0.9372
2025-01-12 18:37:52,588 - INFO - Epoch [49/100], Train Accuracy: 1.0000, Val Accuracy: 0.9372
2025-01-12 18:37:52,702 - INFO - Epoch [50/100], Train Accuracy: 1.0000, Val Accuracy: 0.9372
2025-01-12 18:37:52,818 - INFO - Epoch [51/100], Train Accuracy: 1.0000, Val Accuracy: 0.9372
2025-01-12 18:37:52,947 - INFO - Epoch [52/100], Train Accuracy: 1.0000, Val Accuracy: 0.9372
2025-01-12 18:37:53,065 - INFO - Epoch [53/100], Train Accuracy: 1.0000, Val Accuracy: 0.9372
2025-01-12 18:37:53,181 - INFO - Epoch [54/100], Train Accuracy: 1.0000, Val Accuracy: 0.9372
2025-01-12 18:37:53,298 - INFO - Epoch [55/100], Train Accuracy: 1.0000, Val Accuracy: 0.9372
2025-01-12 18:37:53,418 - INFO - Epoch [56/100], Train Accuracy: 1.0000, Val Accuracy: 0.9372
2025-01-12 18:37:53,547 - INFO - Epoch [57/100], Train Accuracy: 1.0000, Val Accuracy: 0.9372
2025-01-12 18:37:53,674 - INFO - Epoch [58/100], Train Accuracy: 1.0000, Val Accuracy: 0.9372
2025-01-12 18:37:53,788 - INFO - Epoch [59/100], Train Accuracy: 1.0000, Val Accuracy: 0.9372
2025-01-12 18:37:53,931 - INFO - Epoch [60/100], Train Accuracy: 1.0000, Val Accuracy: 0.9372
2025-01-12 18:37:54,112 - INFO - Epoch [61/100], Train Accuracy: 1.0000, Val Accuracy: 0.9372
2025-01-12 18:37:54,245 - INFO - Epoch [62/100], Train Accuracy: 1.0000, Val Accuracy: 0.9372
2025-01-12 18:37:54,383 - INFO - Epoch [63/100], Train Accuracy: 1.0000, Val Accuracy: 0.9372
2025-01-12 18:37:54,531 - INFO - Epoch [64/100], Train Accuracy: 1.0000, Val Accuracy: 0.9372
2025-01-12 18:37:54,658 - INFO - Epoch [65/100], Train Accuracy: 1.0000, Val Accuracy: 0.9372
2025-01-12 18:37:54,777 - INFO - Epoch [66/100], Train Accuracy: 1.0000, Val Accuracy: 0.9372
2025-01-12 18:37:54,889 - INFO - Epoch [67/100], Train Accuracy: 1.0000, Val Accuracy: 0.9372
2025-01-12 18:37:55,016 - INFO - Epoch [68/100], Train Accuracy: 1.0000, Val Accuracy: 0.9372
2025-01-12 18:37:55,155 - INFO - Epoch [69/100], Train Accuracy: 1.0000, Val Accuracy: 0.9372
2025-01-12 18:37:55,279 - INFO - Epoch [70/100], Train Accuracy: 1.0000, Val Accuracy: 0.9372
2025-01-12 18:37:55,411 - INFO - Epoch [71/100], Train Accuracy: 1.0000, Val Accuracy: 0.9372
2025-01-12 18:37:55,569 - INFO - Epoch [72/100], Train Accuracy: 1.0000, Val Accuracy: 0.9372
2025-01-12 18:37:55,683 - INFO - Epoch [73/100], Train Accuracy: 1.0000, Val Accuracy: 0.9372
2025-01-12 18:37:55,793 - INFO - Epoch [74/100], Train Accuracy: 1.0000, Val Accuracy: 0.9372
2025-01-12 18:37:55,911 - INFO - Epoch [75/100], Train Accuracy: 1.0000, Val Accuracy: 0.9372
2025-01-12 18:37:56,024 - INFO - Epoch [76/100], Train Accuracy: 1.0000, Val Accuracy: 0.9372
2025-01-12 18:37:56,144 - INFO - Epoch [77/100], Train Accuracy: 1.0000, Val Accuracy: 0.9372
2025-01-12 18:37:56,257 - INFO - Epoch [78/100], Train Accuracy: 1.0000, Val Accuracy: 0.9372
2025-01-12 18:37:56,372 - INFO - Epoch [79/100], Train Accuracy: 1.0000, Val Accuracy: 0.9372
2025-01-12 18:37:56,513 - INFO - Epoch [80/100], Train Accuracy: 1.0000, Val Accuracy: 0.9372
2025-01-12 18:37:56,624 - INFO - Epoch [81/100], Train Accuracy: 1.0000, Val Accuracy: 0.9372
2025-01-12 18:37:56,742 - INFO - Epoch [82/100], Train Accuracy: 1.0000, Val Accuracy: 0.9372
2025-01-12 18:37:56,854 - INFO - Epoch [83/100], Train Accuracy: 1.0000, Val Accuracy: 0.9372
2025-01-12 18:37:56,981 - INFO - Epoch [84/100], Train Accuracy: 1.0000, Val Accuracy: 0.9372
2025-01-12 18:37:57,109 - INFO - Epoch [85/100], Train Accuracy: 1.0000, Val Accuracy: 0.9372
2025-01-12 18:37:57,227 - INFO - Epoch [86/100], Train Accuracy: 1.0000, Val Accuracy: 0.9372
2025-01-12 18:37:57,351 - INFO - Epoch [87/100], Train Accuracy: 1.0000, Val Accuracy: 0.9351
2025-01-12 18:37:57,481 - INFO - Epoch [88/100], Train Accuracy: 1.0000, Val Accuracy: 0.9372
2025-01-12 18:37:57,614 - INFO - Epoch [89/100], Train Accuracy: 1.0000, Val Accuracy: 0.9351
2025-01-12 18:37:57,735 - INFO - Epoch [90/100], Train Accuracy: 1.0000, Val Accuracy: 0.9351
2025-01-12 18:37:57,933 - INFO - Epoch [91/100], Train Accuracy: 1.0000, Val Accuracy: 0.9351
2025-01-12 18:37:58,090 - INFO - Epoch [92/100], Train Accuracy: 1.0000, Val Accuracy: 0.9351
2025-01-12 18:37:58,200 - INFO - Epoch [93/100], Train Accuracy: 1.0000, Val Accuracy: 0.9351
2025-01-12 18:37:58,322 - INFO - Epoch [94/100], Train Accuracy: 1.0000, Val Accuracy: 0.9351
2025-01-12 18:37:58,435 - INFO - Epoch [95/100], Train Accuracy: 1.0000, Val Accuracy: 0.9351
2025-01-12 18:37:58,567 - INFO - Epoch [96/100], Train Accuracy: 1.0000, Val Accuracy: 0.9351
2025-01-12 18:37:58,698 - INFO - Epoch [97/100], Train Accuracy: 1.0000, Val Accuracy: 0.9331
2025-01-12 18:37:58,860 - INFO - Epoch [98/100], Train Accuracy: 1.0000, Val Accuracy: 0.9351
2025-01-12 18:37:58,975 - INFO - Epoch [99/100], Train Accuracy: 1.0000, Val Accuracy: 0.9351
2025-01-12 18:37:59,095 - INFO - Epoch [100/100], Train Accuracy: 1.0000, Val Accuracy: 0.9331
2025-01-12 18:37:59,109 - INFO - Fold 3 Validation Accuracy: 0.9331
2025-01-12 18:37:59,112 - INFO - Save model to C:\Users\LeoLi\OneDrive - 学校法人立命館\Ritsumei\4th_Semester\Artificial_Intelligence\final_project\code\FNN/model/2025-01-12/18-37-41/model_2.pth
2025-01-12 18:37:59,241 - INFO - Epoch [1/100], Train Accuracy: 0.3454, Val Accuracy: 0.3774
2025-01-12 18:37:59,361 - INFO - Epoch [2/100], Train Accuracy: 0.7860, Val Accuracy: 0.7820
2025-01-12 18:37:59,483 - INFO - Epoch [3/100], Train Accuracy: 0.9477, Val Accuracy: 0.8742
2025-01-12 18:37:59,619 - INFO - Epoch [4/100], Train Accuracy: 0.9848, Val Accuracy: 0.8847
2025-01-12 18:37:59,747 - INFO - Epoch [5/100], Train Accuracy: 0.9979, Val Accuracy: 0.8910
2025-01-12 18:37:59,887 - INFO - Epoch [6/100], Train Accuracy: 0.9990, Val Accuracy: 0.9015
2025-01-12 18:38:00,036 - INFO - Epoch [7/100], Train Accuracy: 0.9995, Val Accuracy: 0.9036
2025-01-12 18:38:00,177 - INFO - Epoch [8/100], Train Accuracy: 0.9995, Val Accuracy: 0.9057
2025-01-12 18:38:00,322 - INFO - Epoch [9/100], Train Accuracy: 0.9995, Val Accuracy: 0.9078
2025-01-12 18:38:00,467 - INFO - Epoch [10/100], Train Accuracy: 0.9995, Val Accuracy: 0.9099
2025-01-12 18:38:00,615 - INFO - Epoch [11/100], Train Accuracy: 0.9995, Val Accuracy: 0.9099
2025-01-12 18:38:00,761 - INFO - Epoch [12/100], Train Accuracy: 0.9995, Val Accuracy: 0.9078
2025-01-12 18:38:00,907 - INFO - Epoch [13/100], Train Accuracy: 1.0000, Val Accuracy: 0.9057
2025-01-12 18:38:01,056 - INFO - Epoch [14/100], Train Accuracy: 1.0000, Val Accuracy: 0.9078
2025-01-12 18:38:01,223 - INFO - Epoch [15/100], Train Accuracy: 1.0000, Val Accuracy: 0.9078
2025-01-12 18:38:01,388 - INFO - Epoch [16/100], Train Accuracy: 1.0000, Val Accuracy: 0.9057
2025-01-12 18:38:01,580 - INFO - Epoch [17/100], Train Accuracy: 1.0000, Val Accuracy: 0.9078
2025-01-12 18:38:01,739 - INFO - Epoch [18/100], Train Accuracy: 1.0000, Val Accuracy: 0.9078
2025-01-12 18:38:01,881 - INFO - Epoch [19/100], Train Accuracy: 1.0000, Val Accuracy: 0.9078
2025-01-12 18:38:02,027 - INFO - Epoch [20/100], Train Accuracy: 1.0000, Val Accuracy: 0.9057
2025-01-12 18:38:02,166 - INFO - Epoch [21/100], Train Accuracy: 1.0000, Val Accuracy: 0.9057
2025-01-12 18:38:02,310 - INFO - Epoch [22/100], Train Accuracy: 1.0000, Val Accuracy: 0.9078
2025-01-12 18:38:02,452 - INFO - Epoch [23/100], Train Accuracy: 1.0000, Val Accuracy: 0.9057
2025-01-12 18:38:02,600 - INFO - Epoch [24/100], Train Accuracy: 1.0000, Val Accuracy: 0.9057
2025-01-12 18:38:02,745 - INFO - Epoch [25/100], Train Accuracy: 1.0000, Val Accuracy: 0.9057
2025-01-12 18:38:02,887 - INFO - Epoch [26/100], Train Accuracy: 1.0000, Val Accuracy: 0.9057
2025-01-12 18:38:03,031 - INFO - Epoch [27/100], Train Accuracy: 1.0000, Val Accuracy: 0.9057
2025-01-12 18:38:03,176 - INFO - Epoch [28/100], Train Accuracy: 1.0000, Val Accuracy: 0.9057
2025-01-12 18:38:03,320 - INFO - Epoch [29/100], Train Accuracy: 1.0000, Val Accuracy: 0.9057
