2025-01-12 18:51:22,624 - INFO - Testing console logging.
2025-01-12 18:51:22,880 - INFO - Training with Vectorized Data 5000 features. Dropout Rate 0.70. Dataset Size 2388
2025-01-12 18:51:24,078 - INFO - Epoch [1/100], Train Accuracy: 0.3346, Val Accuracy: 0.3556
2025-01-12 18:51:24,213 - INFO - Epoch [2/100], Train Accuracy: 0.8414, Val Accuracy: 0.9163
2025-01-12 18:51:24,356 - INFO - Epoch [3/100], Train Accuracy: 0.9723, Val Accuracy: 0.9121
2025-01-12 18:51:24,474 - INFO - Epoch [4/100], Train Accuracy: 0.9916, Val Accuracy: 0.9226
2025-01-12 18:51:24,610 - INFO - Epoch [5/100], Train Accuracy: 0.9995, Val Accuracy: 0.9331
2025-01-12 18:51:24,736 - INFO - Epoch [6/100], Train Accuracy: 0.9995, Val Accuracy: 0.9351
2025-01-12 18:51:24,992 - INFO - Epoch [7/100], Train Accuracy: 0.9995, Val Accuracy: 0.9331
2025-01-12 18:51:25,222 - INFO - Epoch [8/100], Train Accuracy: 1.0000, Val Accuracy: 0.9351
2025-01-12 18:51:25,235 - INFO - Fold 1 Validation Accuracy: 0.9351
2025-01-12 18:51:25,241 - INFO - Save model to C:\Users\LeoLi\OneDrive - 学校法人立命館\Ritsumei\4th_Semester\Artificial_Intelligence\final_project\code\FNN/model/2025-01-12/18-51-22/model_0.pth
2025-01-12 18:51:25,393 - INFO - Epoch [1/100], Train Accuracy: 0.4126, Val Accuracy: 0.6695
2025-01-12 18:51:25,519 - INFO - Epoch [2/100], Train Accuracy: 0.8026, Val Accuracy: 0.8264
2025-01-12 18:51:25,655 - INFO - Epoch [3/100], Train Accuracy: 0.9450, Val Accuracy: 0.9100
2025-01-12 18:51:25,782 - INFO - Epoch [4/100], Train Accuracy: 0.9890, Val Accuracy: 0.9121
2025-01-12 18:51:25,924 - INFO - Epoch [5/100], Train Accuracy: 0.9974, Val Accuracy: 0.9142
2025-01-12 18:51:26,048 - INFO - Epoch [6/100], Train Accuracy: 0.9990, Val Accuracy: 0.9142
2025-01-12 18:51:26,192 - INFO - Epoch [7/100], Train Accuracy: 0.9995, Val Accuracy: 0.9184
2025-01-12 18:51:26,320 - INFO - Epoch [8/100], Train Accuracy: 0.9995, Val Accuracy: 0.9163
2025-01-12 18:51:26,443 - INFO - Epoch [9/100], Train Accuracy: 0.9995, Val Accuracy: 0.9163
2025-01-12 18:51:26,562 - INFO - Epoch [10/100], Train Accuracy: 0.9995, Val Accuracy: 0.9205
2025-01-12 18:51:26,708 - INFO - Epoch [11/100], Train Accuracy: 0.9995, Val Accuracy: 0.9184
2025-01-12 18:51:26,828 - INFO - Epoch [12/100], Train Accuracy: 0.9995, Val Accuracy: 0.9184
2025-01-12 18:51:26,958 - INFO - Epoch [13/100], Train Accuracy: 0.9995, Val Accuracy: 0.9163
2025-01-12 18:51:27,091 - INFO - Epoch [14/100], Train Accuracy: 1.0000, Val Accuracy: 0.9163
2025-01-12 18:51:27,102 - INFO - Fold 2 Validation Accuracy: 0.9163
2025-01-12 18:51:27,105 - INFO - Save model to C:\Users\LeoLi\OneDrive - 学校法人立命館\Ritsumei\4th_Semester\Artificial_Intelligence\final_project\code\FNN/model/2025-01-12/18-51-22/model_1.pth
2025-01-12 18:51:27,236 - INFO - Epoch [1/100], Train Accuracy: 0.3581, Val Accuracy: 0.6025
2025-01-12 18:51:27,357 - INFO - Epoch [2/100], Train Accuracy: 0.8607, Val Accuracy: 0.8724
2025-01-12 18:51:27,478 - INFO - Epoch [3/100], Train Accuracy: 0.9649, Val Accuracy: 0.9226
2025-01-12 18:51:27,603 - INFO - Epoch [4/100], Train Accuracy: 0.9916, Val Accuracy: 0.9351
2025-01-12 18:51:27,723 - INFO - Epoch [5/100], Train Accuracy: 0.9990, Val Accuracy: 0.9331
2025-01-12 18:51:27,849 - INFO - Epoch [6/100], Train Accuracy: 0.9995, Val Accuracy: 0.9331
2025-01-12 18:51:27,984 - INFO - Epoch [7/100], Train Accuracy: 1.0000, Val Accuracy: 0.9310
2025-01-12 18:51:28,003 - INFO - Fold 3 Validation Accuracy: 0.9310
2025-01-12 18:51:28,006 - INFO - Save model to C:\Users\LeoLi\OneDrive - 学校法人立命館\Ritsumei\4th_Semester\Artificial_Intelligence\final_project\code\FNN/model/2025-01-12/18-51-22/model_2.pth
2025-01-12 18:51:28,160 - INFO - Epoch [1/100], Train Accuracy: 0.4443, Val Accuracy: 0.7086
2025-01-12 18:51:28,314 - INFO - Epoch [2/100], Train Accuracy: 0.8901, Val Accuracy: 0.9015
2025-01-12 18:51:28,445 - INFO - Epoch [3/100], Train Accuracy: 0.9681, Val Accuracy: 0.9245
2025-01-12 18:51:28,592 - INFO - Epoch [4/100], Train Accuracy: 0.9932, Val Accuracy: 0.9329
2025-01-12 18:51:28,735 - INFO - Epoch [5/100], Train Accuracy: 0.9990, Val Accuracy: 0.9350
2025-01-12 18:51:28,873 - INFO - Epoch [6/100], Train Accuracy: 1.0000, Val Accuracy: 0.9371
2025-01-12 18:51:28,884 - INFO - Fold 4 Validation Accuracy: 0.9371
2025-01-12 18:51:28,887 - INFO - Save model to C:\Users\LeoLi\OneDrive - 学校法人立命館\Ritsumei\4th_Semester\Artificial_Intelligence\final_project\code\FNN/model/2025-01-12/18-51-22/model_3.pth
2025-01-12 18:51:29,032 - INFO - Epoch [1/100], Train Accuracy: 0.3726, Val Accuracy: 0.6855
2025-01-12 18:51:29,181 - INFO - Epoch [2/100], Train Accuracy: 0.8477, Val Accuracy: 0.8973
2025-01-12 18:51:29,328 - INFO - Epoch [3/100], Train Accuracy: 0.9665, Val Accuracy: 0.8952
2025-01-12 18:51:29,447 - INFO - Epoch [4/100], Train Accuracy: 0.9937, Val Accuracy: 0.9119
2025-01-12 18:51:29,579 - INFO - Epoch [5/100], Train Accuracy: 0.9995, Val Accuracy: 0.9140
2025-01-12 18:51:29,696 - INFO - Epoch [6/100], Train Accuracy: 1.0000, Val Accuracy: 0.9182
2025-01-12 18:51:29,710 - INFO - Fold 5 Validation Accuracy: 0.9182
2025-01-12 18:51:29,713 - INFO - Save model to C:\Users\LeoLi\OneDrive - 学校法人立命館\Ritsumei\4th_Semester\Artificial_Intelligence\final_project\code\FNN/model/2025-01-12/18-51-22/model_4.pth
2025-01-12 18:51:29,713 - INFO - Average Validation Accuracy (Over 5 folds): 0.9276 

