2025-01-12 19:04:06,403 - INFO - Testing console logging.
2025-01-12 19:04:06,623 - INFO - Training with Vectorized Data 1000 features. Dropout Rate 0.70. Dataset Size 2388
2025-01-12 19:04:07,761 - INFO - Epoch [1/100], Train Accuracy: 0.3545, Val Accuracy: 0.4393
2025-01-12 19:04:07,880 - INFO - Epoch [2/100], Train Accuracy: 0.7843, Val Accuracy: 0.9142
2025-01-12 19:04:07,984 - INFO - Epoch [3/100], Train Accuracy: 0.9304, Val Accuracy: 0.9310
2025-01-12 19:04:08,115 - INFO - Epoch [4/100], Train Accuracy: 0.9649, Val Accuracy: 0.9268
2025-01-12 19:04:08,229 - INFO - Epoch [5/100], Train Accuracy: 0.9848, Val Accuracy: 0.9372
2025-01-12 19:04:08,338 - INFO - Epoch [6/100], Train Accuracy: 0.9942, Val Accuracy: 0.9289
2025-01-12 19:04:08,454 - INFO - Epoch [7/100], Train Accuracy: 0.9990, Val Accuracy: 0.9310
2025-01-12 19:04:08,466 - INFO - Fold 1 Validation Accuracy: 0.9310
2025-01-12 19:04:08,469 - INFO - Save model to C:\Users\LeoLi\OneDrive - 学校法人立命館\Ritsumei\4th_Semester\Artificial_Intelligence\final_project\code\FNN/model/2025-01-12/19-04-06/model_0.pth
2025-01-12 19:04:12,144 - INFO - Epoch [1/100], Train Accuracy: 0.4749, Val Accuracy: 0.8598
2025-01-12 19:04:12,259 - INFO - Epoch [2/100], Train Accuracy: 0.8660, Val Accuracy: 0.9038
2025-01-12 19:04:12,379 - INFO - Epoch [3/100], Train Accuracy: 0.9361, Val Accuracy: 0.9226
2025-01-12 19:04:12,493 - INFO - Epoch [4/100], Train Accuracy: 0.9628, Val Accuracy: 0.9310
2025-01-12 19:04:12,605 - INFO - Epoch [5/100], Train Accuracy: 0.9848, Val Accuracy: 0.9268
2025-01-12 19:04:12,717 - INFO - Epoch [6/100], Train Accuracy: 0.9963, Val Accuracy: 0.9205
2025-01-12 19:04:12,730 - INFO - Fold 2 Validation Accuracy: 0.9205
2025-01-12 19:04:12,734 - INFO - Save model to C:\Users\LeoLi\OneDrive - 学校法人立命館\Ritsumei\4th_Semester\Artificial_Intelligence\final_project\code\FNN/model/2025-01-12/19-04-06/model_1.pth
2025-01-12 19:04:14,260 - INFO - Epoch [1/100], Train Accuracy: 0.4000, Val Accuracy: 0.7803
2025-01-12 19:04:14,399 - INFO - Epoch [2/100], Train Accuracy: 0.8885, Val Accuracy: 0.8996
2025-01-12 19:04:14,510 - INFO - Epoch [3/100], Train Accuracy: 0.9304, Val Accuracy: 0.9121
2025-01-12 19:04:14,627 - INFO - Epoch [4/100], Train Accuracy: 0.9639, Val Accuracy: 0.9184
2025-01-12 19:04:14,739 - INFO - Epoch [5/100], Train Accuracy: 0.9785, Val Accuracy: 0.9163
2025-01-12 19:04:14,849 - INFO - Epoch [6/100], Train Accuracy: 0.9916, Val Accuracy: 0.9163
2025-01-12 19:04:14,955 - INFO - Epoch [7/100], Train Accuracy: 0.9963, Val Accuracy: 0.9121
2025-01-12 19:04:14,969 - INFO - Fold 3 Validation Accuracy: 0.9121
2025-01-12 19:04:14,973 - INFO - Save model to C:\Users\LeoLi\OneDrive - 学校法人立命館\Ritsumei\4th_Semester\Artificial_Intelligence\final_project\code\FNN/model/2025-01-12/19-04-06/model_2.pth
2025-01-12 19:04:17,271 - INFO - Epoch [1/100], Train Accuracy: 0.3537, Val Accuracy: 0.4361
2025-01-12 19:04:17,392 - INFO - Epoch [2/100], Train Accuracy: 0.7933, Val Accuracy: 0.8763
2025-01-12 19:04:17,502 - INFO - Epoch [3/100], Train Accuracy: 0.9314, Val Accuracy: 0.8952
2025-01-12 19:04:17,601 - INFO - Epoch [4/100], Train Accuracy: 0.9623, Val Accuracy: 0.9036
2025-01-12 19:04:17,699 - INFO - Epoch [5/100], Train Accuracy: 0.9801, Val Accuracy: 0.9099
2025-01-12 19:04:17,802 - INFO - Epoch [6/100], Train Accuracy: 0.9880, Val Accuracy: 0.9224
2025-01-12 19:04:17,902 - INFO - Epoch [7/100], Train Accuracy: 0.9953, Val Accuracy: 0.9245
2025-01-12 19:04:18,007 - INFO - Epoch [8/100], Train Accuracy: 0.9979, Val Accuracy: 0.9224
2025-01-12 19:04:18,026 - INFO - Fold 4 Validation Accuracy: 0.9224
2025-01-12 19:04:18,036 - INFO - Save model to C:\Users\LeoLi\OneDrive - 学校法人立命館\Ritsumei\4th_Semester\Artificial_Intelligence\final_project\code\FNN/model/2025-01-12/19-04-06/model_3.pth
2025-01-12 19:04:19,522 - INFO - Epoch [1/100], Train Accuracy: 0.4165, Val Accuracy: 0.6373
2025-01-12 19:04:19,667 - INFO - Epoch [2/100], Train Accuracy: 0.8713, Val Accuracy: 0.8847
2025-01-12 19:04:19,778 - INFO - Epoch [3/100], Train Accuracy: 0.9288, Val Accuracy: 0.8994
2025-01-12 19:04:19,877 - INFO - Epoch [4/100], Train Accuracy: 0.9639, Val Accuracy: 0.9057
2025-01-12 19:04:19,976 - INFO - Epoch [5/100], Train Accuracy: 0.9822, Val Accuracy: 0.9329
2025-01-12 19:04:20,079 - INFO - Epoch [6/100], Train Accuracy: 0.9932, Val Accuracy: 0.9224
2025-01-12 19:04:20,184 - INFO - Epoch [7/100], Train Accuracy: 0.9990, Val Accuracy: 0.9287
2025-01-12 19:04:20,194 - INFO - Fold 5 Validation Accuracy: 0.9287
2025-01-12 19:04:20,196 - INFO - Save model to C:\Users\LeoLi\OneDrive - 学校法人立命館\Ritsumei\4th_Semester\Artificial_Intelligence\final_project\code\FNN/model/2025-01-12/19-04-06/model_4.pth
2025-01-12 19:04:21,413 - INFO - Average Validation Accuracy (Over 5 folds): 0.9230 

