2025-01-12 19:37:56,275 - INFO - Testing console logging.
2025-01-12 19:37:56,539 - INFO - Training with Vectorized Data 1000 features. Dropout Rate 0.70. Dataset Size 2388
2025-01-12 19:37:57,754 - INFO - Epoch [1/100], Train Accuracy: 0.3618, Val Accuracy: 0.6004
2025-01-12 19:37:57,865 - INFO - Epoch [2/100], Train Accuracy: 0.7937, Val Accuracy: 0.8536
2025-01-12 19:37:57,977 - INFO - Epoch [3/100], Train Accuracy: 0.9356, Val Accuracy: 0.8975
2025-01-12 19:37:58,101 - INFO - Epoch [4/100], Train Accuracy: 0.9654, Val Accuracy: 0.9142
2025-01-12 19:37:58,214 - INFO - Epoch [5/100], Train Accuracy: 0.9838, Val Accuracy: 0.9038
2025-01-12 19:37:58,324 - INFO - Epoch [6/100], Train Accuracy: 0.9916, Val Accuracy: 0.9017
2025-01-12 19:37:58,435 - INFO - Epoch [7/100], Train Accuracy: 0.9979, Val Accuracy: 0.8975
2025-01-12 19:37:58,447 - INFO - Fold 1 Validation Accuracy: 0.8975
2025-01-12 19:37:58,449 - INFO - Save model to C:\Users\LeoLi\OneDrive - 学校法人立命館\Ritsumei\4th_Semester\Artificial_Intelligence\final_project\code\FNN/model/2025-01-12/19-37-56/model_0.pth
2025-01-12 19:38:03,437 - INFO - Epoch [1/100], Train Accuracy: 0.3372, Val Accuracy: 0.3598
2025-01-12 19:38:03,560 - INFO - Epoch [2/100], Train Accuracy: 0.6906, Val Accuracy: 0.8201
2025-01-12 19:38:03,668 - INFO - Epoch [3/100], Train Accuracy: 0.9241, Val Accuracy: 0.9163
2025-01-12 19:38:03,792 - INFO - Epoch [4/100], Train Accuracy: 0.9634, Val Accuracy: 0.9268
2025-01-12 19:38:03,907 - INFO - Epoch [5/100], Train Accuracy: 0.9764, Val Accuracy: 0.9247
2025-01-12 19:38:04,021 - INFO - Epoch [6/100], Train Accuracy: 0.9916, Val Accuracy: 0.9247
2025-01-12 19:38:04,141 - INFO - Epoch [7/100], Train Accuracy: 0.9958, Val Accuracy: 0.9226
2025-01-12 19:38:04,156 - INFO - Fold 2 Validation Accuracy: 0.9226
2025-01-12 19:38:04,159 - INFO - Save model to C:\Users\LeoLi\OneDrive - 学校法人立命館\Ritsumei\4th_Semester\Artificial_Intelligence\final_project\code\FNN/model/2025-01-12/19-37-56/model_1.pth
2025-01-12 19:38:05,465 - INFO - Epoch [1/100], Train Accuracy: 0.4743, Val Accuracy: 0.5858
2025-01-12 19:38:05,609 - INFO - Epoch [2/100], Train Accuracy: 0.7832, Val Accuracy: 0.8954
2025-01-12 19:38:05,729 - INFO - Epoch [3/100], Train Accuracy: 0.9346, Val Accuracy: 0.9059
2025-01-12 19:38:05,835 - INFO - Epoch [4/100], Train Accuracy: 0.9618, Val Accuracy: 0.9289
2025-01-12 19:38:05,940 - INFO - Epoch [5/100], Train Accuracy: 0.9806, Val Accuracy: 0.9247
2025-01-12 19:38:06,048 - INFO - Epoch [6/100], Train Accuracy: 0.9906, Val Accuracy: 0.9289
2025-01-12 19:38:06,156 - INFO - Epoch [7/100], Train Accuracy: 0.9974, Val Accuracy: 0.9247
2025-01-12 19:38:06,170 - INFO - Fold 3 Validation Accuracy: 0.9247
2025-01-12 19:38:06,173 - INFO - Save model to C:\Users\LeoLi\OneDrive - 学校法人立命館\Ritsumei\4th_Semester\Artificial_Intelligence\final_project\code\FNN/model/2025-01-12/19-37-56/model_2.pth
2025-01-12 19:38:07,059 - INFO - Epoch [1/100], Train Accuracy: 0.4228, Val Accuracy: 0.8532
2025-01-12 19:38:07,170 - INFO - Epoch [2/100], Train Accuracy: 0.9001, Val Accuracy: 0.8973
2025-01-12 19:38:07,277 - INFO - Epoch [3/100], Train Accuracy: 0.9294, Val Accuracy: 0.9203
2025-01-12 19:38:07,397 - INFO - Epoch [4/100], Train Accuracy: 0.9597, Val Accuracy: 0.9287
2025-01-12 19:38:07,526 - INFO - Epoch [5/100], Train Accuracy: 0.9791, Val Accuracy: 0.9245
2025-01-12 19:38:07,641 - INFO - Epoch [6/100], Train Accuracy: 0.9927, Val Accuracy: 0.9287
2025-01-12 19:38:07,749 - INFO - Epoch [7/100], Train Accuracy: 0.9979, Val Accuracy: 0.9266
2025-01-12 19:38:07,760 - INFO - Fold 4 Validation Accuracy: 0.9266
2025-01-12 19:38:07,763 - INFO - Save model to C:\Users\LeoLi\OneDrive - 学校法人立命館\Ritsumei\4th_Semester\Artificial_Intelligence\final_project\code\FNN/model/2025-01-12/19-37-56/model_3.pth
2025-01-12 19:38:08,660 - INFO - Epoch [1/100], Train Accuracy: 0.3653, Val Accuracy: 0.5681
2025-01-12 19:38:08,767 - INFO - Epoch [2/100], Train Accuracy: 0.8148, Val Accuracy: 0.9140
2025-01-12 19:38:08,879 - INFO - Epoch [3/100], Train Accuracy: 0.9356, Val Accuracy: 0.9266
2025-01-12 19:38:08,986 - INFO - Epoch [4/100], Train Accuracy: 0.9618, Val Accuracy: 0.9287
2025-01-12 19:38:09,092 - INFO - Epoch [5/100], Train Accuracy: 0.9822, Val Accuracy: 0.9287
2025-01-12 19:38:09,196 - INFO - Epoch [6/100], Train Accuracy: 0.9916, Val Accuracy: 0.9245
2025-01-12 19:38:09,300 - INFO - Epoch [7/100], Train Accuracy: 0.9974, Val Accuracy: 0.9329
2025-01-12 19:38:09,419 - INFO - Epoch [8/100], Train Accuracy: 1.0000, Val Accuracy: 0.9224
2025-01-12 19:38:09,429 - INFO - Fold 5 Validation Accuracy: 0.9224
2025-01-12 19:38:09,432 - INFO - Save model to C:\Users\LeoLi\OneDrive - 学校法人立命館\Ritsumei\4th_Semester\Artificial_Intelligence\final_project\code\FNN/model/2025-01-12/19-37-56/model_4.pth
2025-01-12 19:38:11,471 - INFO - Average Validation Accuracy (Over 5 folds): 0.9188 

