2025-01-12 20:07:31,199 - INFO - Training with Vectorized Data 1000 features. Dropout Rate 0.70. Dataset Size 2388
2025-01-12 20:07:32,469 - INFO - Epoch [1/100], Train Accuracy: 0.3466, Val Accuracy: 0.3556
2025-01-12 20:07:32,582 - INFO - Epoch [2/100], Train Accuracy: 0.7691, Val Accuracy: 0.8954
2025-01-12 20:07:32,700 - INFO - Epoch [3/100], Train Accuracy: 0.9298, Val Accuracy: 0.9038
2025-01-12 20:07:32,806 - INFO - Epoch [4/100], Train Accuracy: 0.9634, Val Accuracy: 0.9205
2025-01-12 20:07:32,915 - INFO - Epoch [5/100], Train Accuracy: 0.9822, Val Accuracy: 0.9310
2025-01-12 20:07:33,024 - INFO - Epoch [6/100], Train Accuracy: 0.9921, Val Accuracy: 0.9310
2025-01-12 20:07:33,139 - INFO - Epoch [7/100], Train Accuracy: 0.9984, Val Accuracy: 0.9247
2025-01-12 20:07:33,148 - INFO - Fold 1 Validation Accuracy: 0.9247
2025-01-12 20:07:33,150 - INFO - Save model to C:\Users\LeoLi\OneDrive - 学校法人立命館\Ritsumei\4th_Semester\Artificial_Intelligence\final_project\code\FNN/model/2025-01-12/20-07-31/model_0.pth
2025-01-12 20:08:12,847 - INFO - Epoch [1/100], Train Accuracy: 0.3356, Val Accuracy: 0.4017
2025-01-12 20:08:12,986 - INFO - Epoch [2/100], Train Accuracy: 0.6838, Val Accuracy: 0.7887
2025-01-12 20:08:13,099 - INFO - Epoch [3/100], Train Accuracy: 0.8916, Val Accuracy: 0.8808
2025-01-12 20:08:13,222 - INFO - Epoch [4/100], Train Accuracy: 0.9707, Val Accuracy: 0.8912
2025-01-12 20:08:13,331 - INFO - Epoch [5/100], Train Accuracy: 0.9848, Val Accuracy: 0.8975
2025-01-12 20:08:13,443 - INFO - Epoch [6/100], Train Accuracy: 0.9958, Val Accuracy: 0.8996
2025-01-12 20:08:13,566 - INFO - Epoch [7/100], Train Accuracy: 0.9990, Val Accuracy: 0.8954
2025-01-12 20:08:13,579 - INFO - Fold 2 Validation Accuracy: 0.8954
2025-01-12 20:08:13,581 - INFO - Save model to C:\Users\LeoLi\OneDrive - 学校法人立命館\Ritsumei\4th_Semester\Artificial_Intelligence\final_project\code\FNN/model/2025-01-12/20-07-31/model_1.pth
2025-01-12 20:08:15,551 - INFO - Epoch [1/100], Train Accuracy: 0.4660, Val Accuracy: 0.5188
2025-01-12 20:08:15,682 - INFO - Epoch [2/100], Train Accuracy: 0.7843, Val Accuracy: 0.8975
2025-01-12 20:08:15,809 - INFO - Epoch [3/100], Train Accuracy: 0.9361, Val Accuracy: 0.9121
2025-01-12 20:08:15,934 - INFO - Epoch [4/100], Train Accuracy: 0.9634, Val Accuracy: 0.9226
2025-01-12 20:08:16,054 - INFO - Epoch [5/100], Train Accuracy: 0.9832, Val Accuracy: 0.9351
2025-01-12 20:08:16,174 - INFO - Epoch [6/100], Train Accuracy: 0.9921, Val Accuracy: 0.9289
2025-01-12 20:08:16,291 - INFO - Epoch [7/100], Train Accuracy: 0.9995, Val Accuracy: 0.9289
2025-01-12 20:08:16,302 - INFO - Fold 3 Validation Accuracy: 0.9289
2025-01-12 20:08:16,304 - INFO - Save model to C:\Users\LeoLi\OneDrive - 学校法人立命館\Ritsumei\4th_Semester\Artificial_Intelligence\final_project\code\FNN/model/2025-01-12/20-07-31/model_2.pth
2025-01-12 20:08:17,413 - INFO - Epoch [1/100], Train Accuracy: 0.3605, Val Accuracy: 0.4340
2025-01-12 20:08:17,518 - INFO - Epoch [2/100], Train Accuracy: 0.7394, Val Accuracy: 0.8365
2025-01-12 20:08:17,618 - INFO - Epoch [3/100], Train Accuracy: 0.9215, Val Accuracy: 0.9350
2025-01-12 20:08:17,713 - INFO - Epoch [4/100], Train Accuracy: 0.9571, Val Accuracy: 0.9413
2025-01-12 20:08:17,812 - INFO - Epoch [5/100], Train Accuracy: 0.9785, Val Accuracy: 0.9308
2025-01-12 20:08:17,911 - INFO - Epoch [6/100], Train Accuracy: 0.9906, Val Accuracy: 0.9413
2025-01-12 20:08:18,008 - INFO - Epoch [7/100], Train Accuracy: 0.9969, Val Accuracy: 0.9308
2025-01-12 20:08:18,017 - INFO - Fold 4 Validation Accuracy: 0.9308
2025-01-12 20:08:18,019 - INFO - Save model to C:\Users\LeoLi\OneDrive - 学校法人立命館\Ritsumei\4th_Semester\Artificial_Intelligence\final_project\code\FNN/model/2025-01-12/20-07-31/model_3.pth
2025-01-12 20:08:18,810 - INFO - Epoch [1/100], Train Accuracy: 0.4406, Val Accuracy: 0.7170
2025-01-12 20:08:18,910 - INFO - Epoch [2/100], Train Accuracy: 0.8367, Val Accuracy: 0.8155
2025-01-12 20:08:19,016 - INFO - Epoch [3/100], Train Accuracy: 0.9048, Val Accuracy: 0.8868
2025-01-12 20:08:19,111 - INFO - Epoch [4/100], Train Accuracy: 0.9587, Val Accuracy: 0.8973
2025-01-12 20:08:19,214 - INFO - Epoch [5/100], Train Accuracy: 0.9796, Val Accuracy: 0.9119
2025-01-12 20:08:19,314 - INFO - Epoch [6/100], Train Accuracy: 0.9885, Val Accuracy: 0.9057
2025-01-12 20:08:19,418 - INFO - Epoch [7/100], Train Accuracy: 0.9963, Val Accuracy: 0.9057
2025-01-12 20:08:19,428 - INFO - Fold 5 Validation Accuracy: 0.9057
2025-01-12 20:08:19,431 - INFO - Save model to C:\Users\LeoLi\OneDrive - 学校法人立命館\Ritsumei\4th_Semester\Artificial_Intelligence\final_project\code\FNN/model/2025-01-12/20-07-31/model_4.pth
2025-01-12 20:08:20,869 - INFO - Average Validation Accuracy (Over 5 folds): 0.9171 

