2025-01-12 21:54:36,203 - INFO - Training with Vectorized Data 1000 features. Dropout Rate 0.70. Dataset Size 2388
2025-01-12 21:54:36,203 - INFO - Training for fold 1/5
2025-01-12 21:54:37,398 - INFO - Epoch [1/100], Train Accuracy: 0.3696, Val Accuracy: 0.6088
2025-01-12 21:54:37,509 - INFO - Epoch [2/100], Train Accuracy: 0.6649, Val Accuracy: 0.6841
2025-01-12 21:54:37,626 - INFO - Epoch [3/100], Train Accuracy: 0.8466, Val Accuracy: 0.8891
2025-01-12 21:54:37,737 - INFO - Epoch [4/100], Train Accuracy: 0.9576, Val Accuracy: 0.9038
2025-01-12 21:54:37,856 - INFO - Epoch [5/100], Train Accuracy: 0.9780, Val Accuracy: 0.9059
2025-01-12 21:54:37,970 - INFO - Epoch [6/100], Train Accuracy: 0.9880, Val Accuracy: 0.9079
2025-01-12 21:54:38,085 - INFO - Epoch [7/100], Train Accuracy: 0.9937, Val Accuracy: 0.9079
2025-01-12 21:54:38,195 - INFO - Epoch [8/100], Train Accuracy: 0.9969, Val Accuracy: 0.9184
2025-01-12 21:54:38,311 - INFO - Epoch [9/100], Train Accuracy: 0.9984, Val Accuracy: 0.9163
2025-01-12 21:54:38,321 - INFO - Fold 1 Validation Accuracy: 0.9163
2025-01-12 21:54:38,324 - INFO - Save model to C:\Users\LeoLi\OneDrive - 学校法人立命館\Ritsumei\4th_Semester\Artificial_Intelligence\final_project\code\FNN/model/2025-01-12/21-54-36/model_0.pth
2025-01-12 21:54:38,324 - INFO - Training for fold 2/5
2025-01-12 21:54:38,548 - INFO - Epoch [1/100], Train Accuracy: 0.3414, Val Accuracy: 0.3013
2025-01-12 21:54:38,732 - INFO - Epoch [2/100], Train Accuracy: 0.6691, Val Accuracy: 0.8598
2025-01-12 21:54:38,934 - INFO - Epoch [3/100], Train Accuracy: 0.9314, Val Accuracy: 0.9519
2025-01-12 21:54:39,102 - INFO - Epoch [4/100], Train Accuracy: 0.9654, Val Accuracy: 0.9477
2025-01-12 21:54:39,225 - INFO - Epoch [5/100], Train Accuracy: 0.9838, Val Accuracy: 0.9456
2025-01-12 21:54:39,380 - INFO - Epoch [6/100], Train Accuracy: 0.9927, Val Accuracy: 0.9393
2025-01-12 21:54:39,499 - INFO - Epoch [7/100], Train Accuracy: 0.9995, Val Accuracy: 0.9456
2025-01-12 21:54:39,514 - INFO - Fold 2 Validation Accuracy: 0.9456
2025-01-12 21:54:39,517 - INFO - Save model to C:\Users\LeoLi\OneDrive - 学校法人立命館\Ritsumei\4th_Semester\Artificial_Intelligence\final_project\code\FNN/model/2025-01-12/21-54-36/model_1.pth
2025-01-12 21:54:39,517 - INFO - Training for fold 3/5
2025-01-12 21:54:39,637 - INFO - Epoch [1/100], Train Accuracy: 0.4021, Val Accuracy: 0.8075
2025-01-12 21:54:39,748 - INFO - Epoch [2/100], Train Accuracy: 0.8874, Val Accuracy: 0.8933
2025-01-12 21:54:39,864 - INFO - Epoch [3/100], Train Accuracy: 0.9419, Val Accuracy: 0.9289
2025-01-12 21:54:39,977 - INFO - Epoch [4/100], Train Accuracy: 0.9686, Val Accuracy: 0.9310
2025-01-12 21:54:40,095 - INFO - Epoch [5/100], Train Accuracy: 0.9853, Val Accuracy: 0.9393
2025-01-12 21:54:40,209 - INFO - Epoch [6/100], Train Accuracy: 0.9963, Val Accuracy: 0.9477
2025-01-12 21:54:40,348 - INFO - Epoch [7/100], Train Accuracy: 0.9979, Val Accuracy: 0.9414
2025-01-12 21:54:40,366 - INFO - Fold 3 Validation Accuracy: 0.9414
2025-01-12 21:54:40,370 - INFO - Save model to C:\Users\LeoLi\OneDrive - 学校法人立命館\Ritsumei\4th_Semester\Artificial_Intelligence\final_project\code\FNN/model/2025-01-12/21-54-36/model_2.pth
2025-01-12 21:54:40,370 - INFO - Training for fold 4/5
2025-01-12 21:54:40,511 - INFO - Epoch [1/100], Train Accuracy: 0.3841, Val Accuracy: 0.7945
2025-01-12 21:54:40,655 - INFO - Epoch [2/100], Train Accuracy: 0.8859, Val Accuracy: 0.8658
2025-01-12 21:54:40,794 - INFO - Epoch [3/100], Train Accuracy: 0.9267, Val Accuracy: 0.9119
2025-01-12 21:54:40,919 - INFO - Epoch [4/100], Train Accuracy: 0.9644, Val Accuracy: 0.9287
2025-01-12 21:54:41,033 - INFO - Epoch [5/100], Train Accuracy: 0.9838, Val Accuracy: 0.9350
2025-01-12 21:54:41,148 - INFO - Epoch [6/100], Train Accuracy: 0.9953, Val Accuracy: 0.9350
2025-01-12 21:54:41,263 - INFO - Epoch [7/100], Train Accuracy: 0.9974, Val Accuracy: 0.9266
2025-01-12 21:54:41,273 - INFO - Fold 4 Validation Accuracy: 0.9266
2025-01-12 21:54:41,275 - INFO - Save model to C:\Users\LeoLi\OneDrive - 学校法人立命館\Ritsumei\4th_Semester\Artificial_Intelligence\final_project\code\FNN/model/2025-01-12/21-54-36/model_3.pth
2025-01-12 21:54:41,275 - INFO - Training for fold 5/5
2025-01-12 21:54:41,395 - INFO - Epoch [1/100], Train Accuracy: 0.3883, Val Accuracy: 0.6331
2025-01-12 21:54:41,513 - INFO - Epoch [2/100], Train Accuracy: 0.8948, Val Accuracy: 0.8637
2025-01-12 21:54:41,626 - INFO - Epoch [3/100], Train Accuracy: 0.9398, Val Accuracy: 0.9078
2025-01-12 21:54:41,729 - INFO - Epoch [4/100], Train Accuracy: 0.9712, Val Accuracy: 0.9078
2025-01-12 21:54:41,834 - INFO - Epoch [5/100], Train Accuracy: 0.9874, Val Accuracy: 0.9140
2025-01-12 21:54:41,937 - INFO - Epoch [6/100], Train Accuracy: 0.9974, Val Accuracy: 0.9119
2025-01-12 21:54:41,946 - INFO - Fold 5 Validation Accuracy: 0.9119
2025-01-12 21:54:41,949 - INFO - Save model to C:\Users\LeoLi\OneDrive - 学校法人立命館\Ritsumei\4th_Semester\Artificial_Intelligence\final_project\code\FNN/model/2025-01-12/21-54-36/model_4.pth
2025-01-12 21:54:41,949 - INFO - Average Validation Accuracy (Over 5 folds): 0.9284 

