2025-01-12 21:52:37,701 - INFO - Training with Vectorized Data 1000 features. Dropout Rate 0.70. Dataset Size 2388
2025-01-12 21:52:37,701 - INFO - Training for fold 1/5
2025-01-12 21:52:38,838 - INFO - Epoch [1/100], Train Accuracy: 0.3607, Val Accuracy: 0.5900
2025-01-12 21:52:38,946 - INFO - Epoch [2/100], Train Accuracy: 0.8696, Val Accuracy: 0.9100
2025-01-12 21:52:39,051 - INFO - Epoch [3/100], Train Accuracy: 0.9298, Val Accuracy: 0.9142
2025-01-12 21:52:39,146 - INFO - Epoch [4/100], Train Accuracy: 0.9560, Val Accuracy: 0.9268
2025-01-12 21:52:39,247 - INFO - Epoch [5/100], Train Accuracy: 0.9717, Val Accuracy: 0.9351
2025-01-12 21:52:39,357 - INFO - Epoch [6/100], Train Accuracy: 0.9864, Val Accuracy: 0.9310
2025-01-12 21:52:39,467 - INFO - Epoch [7/100], Train Accuracy: 0.9969, Val Accuracy: 0.9247
2025-01-12 21:52:39,477 - INFO - Fold 1 Validation Accuracy: 0.9247
2025-01-12 21:52:39,480 - INFO - Save model to C:\Users\LeoLi\OneDrive - 学校法人立命館\Ritsumei\4th_Semester\Artificial_Intelligence\final_project\code\FNN/model/2025-01-12/21-52-37/model_0.pth
2025-01-12 21:52:39,480 - INFO - Training for fold 2/5
2025-01-12 21:52:39,586 - INFO - Epoch [1/100], Train Accuracy: 0.3377, Val Accuracy: 0.3180
2025-01-12 21:52:39,692 - INFO - Epoch [2/100], Train Accuracy: 0.5827, Val Accuracy: 0.8473
2025-01-12 21:52:39,802 - INFO - Epoch [3/100], Train Accuracy: 0.9183, Val Accuracy: 0.9121
2025-01-12 21:52:39,910 - INFO - Epoch [4/100], Train Accuracy: 0.9503, Val Accuracy: 0.9121
2025-01-12 21:52:40,023 - INFO - Epoch [5/100], Train Accuracy: 0.9702, Val Accuracy: 0.9142
2025-01-12 21:52:40,127 - INFO - Epoch [6/100], Train Accuracy: 0.9843, Val Accuracy: 0.9226
2025-01-12 21:52:40,238 - INFO - Epoch [7/100], Train Accuracy: 0.9942, Val Accuracy: 0.9205
2025-01-12 21:52:40,404 - INFO - Epoch [8/100], Train Accuracy: 0.9979, Val Accuracy: 0.9142
2025-01-12 21:52:40,422 - INFO - Fold 2 Validation Accuracy: 0.9142
2025-01-12 21:52:40,426 - INFO - Save model to C:\Users\LeoLi\OneDrive - 学校法人立命館\Ritsumei\4th_Semester\Artificial_Intelligence\final_project\code\FNN/model/2025-01-12/21-52-37/model_1.pth
2025-01-12 21:52:40,427 - INFO - Training for fold 3/5
2025-01-12 21:52:40,627 - INFO - Epoch [1/100], Train Accuracy: 0.3346, Val Accuracy: 0.3326
2025-01-12 21:52:40,802 - INFO - Epoch [2/100], Train Accuracy: 0.5670, Val Accuracy: 0.6778
2025-01-12 21:52:40,940 - INFO - Epoch [3/100], Train Accuracy: 0.7602, Val Accuracy: 0.7971
2025-01-12 21:52:41,041 - INFO - Epoch [4/100], Train Accuracy: 0.9168, Val Accuracy: 0.9017
2025-01-12 21:52:41,175 - INFO - Epoch [5/100], Train Accuracy: 0.9654, Val Accuracy: 0.9142
2025-01-12 21:52:41,282 - INFO - Epoch [6/100], Train Accuracy: 0.9780, Val Accuracy: 0.9289
2025-01-12 21:52:41,393 - INFO - Epoch [7/100], Train Accuracy: 0.9890, Val Accuracy: 0.9351
2025-01-12 21:52:41,501 - INFO - Epoch [8/100], Train Accuracy: 0.9958, Val Accuracy: 0.9351
2025-01-12 21:52:41,612 - INFO - Epoch [9/100], Train Accuracy: 0.9974, Val Accuracy: 0.9331
2025-01-12 21:52:41,627 - INFO - Fold 3 Validation Accuracy: 0.9331
2025-01-12 21:52:41,629 - INFO - Save model to C:\Users\LeoLi\OneDrive - 学校法人立命館\Ritsumei\4th_Semester\Artificial_Intelligence\final_project\code\FNN/model/2025-01-12/21-52-37/model_2.pth
2025-01-12 21:52:41,629 - INFO - Training for fold 4/5
2025-01-12 21:52:41,740 - INFO - Epoch [1/100], Train Accuracy: 0.3543, Val Accuracy: 0.4423
2025-01-12 21:52:41,837 - INFO - Epoch [2/100], Train Accuracy: 0.6316, Val Accuracy: 0.6478
2025-01-12 21:52:41,953 - INFO - Epoch [3/100], Train Accuracy: 0.8043, Val Accuracy: 0.8847
2025-01-12 21:52:42,098 - INFO - Epoch [4/100], Train Accuracy: 0.9524, Val Accuracy: 0.9015
2025-01-12 21:52:42,233 - INFO - Epoch [5/100], Train Accuracy: 0.9670, Val Accuracy: 0.9119
2025-01-12 21:52:42,370 - INFO - Epoch [6/100], Train Accuracy: 0.9838, Val Accuracy: 0.9078
2025-01-12 21:52:42,499 - INFO - Epoch [7/100], Train Accuracy: 0.9901, Val Accuracy: 0.9057
2025-01-12 21:52:42,613 - INFO - Epoch [8/100], Train Accuracy: 0.9942, Val Accuracy: 0.9119
2025-01-12 21:52:42,739 - INFO - Epoch [9/100], Train Accuracy: 0.9969, Val Accuracy: 0.9140
2025-01-12 21:52:42,838 - INFO - Epoch [10/100], Train Accuracy: 0.9990, Val Accuracy: 0.9119
2025-01-12 21:52:42,853 - INFO - Fold 4 Validation Accuracy: 0.9119
2025-01-12 21:52:42,855 - INFO - Save model to C:\Users\LeoLi\OneDrive - 学校法人立命館\Ritsumei\4th_Semester\Artificial_Intelligence\final_project\code\FNN/model/2025-01-12/21-52-37/model_3.pth
2025-01-12 21:52:42,856 - INFO - Training for fold 5/5
2025-01-12 21:52:42,961 - INFO - Epoch [1/100], Train Accuracy: 0.3878, Val Accuracy: 0.6876
2025-01-12 21:52:43,067 - INFO - Epoch [2/100], Train Accuracy: 0.8022, Val Accuracy: 0.8553
2025-01-12 21:52:43,162 - INFO - Epoch [3/100], Train Accuracy: 0.9126, Val Accuracy: 0.9119
2025-01-12 21:52:43,277 - INFO - Epoch [4/100], Train Accuracy: 0.9519, Val Accuracy: 0.9140
2025-01-12 21:52:43,374 - INFO - Epoch [5/100], Train Accuracy: 0.9717, Val Accuracy: 0.9203
2025-01-12 21:52:43,474 - INFO - Epoch [6/100], Train Accuracy: 0.9827, Val Accuracy: 0.9140
2025-01-12 21:52:43,575 - INFO - Epoch [7/100], Train Accuracy: 0.9916, Val Accuracy: 0.9140
2025-01-12 21:52:43,670 - INFO - Epoch [8/100], Train Accuracy: 0.9963, Val Accuracy: 0.9182
2025-01-12 21:52:43,679 - INFO - Fold 5 Validation Accuracy: 0.9182
2025-01-12 21:52:43,682 - INFO - Save model to C:\Users\LeoLi\OneDrive - 学校法人立命館\Ritsumei\4th_Semester\Artificial_Intelligence\final_project\code\FNN/model/2025-01-12/21-52-37/model_4.pth
2025-01-12 21:52:43,683 - INFO - Average Validation Accuracy (Over 5 folds): 0.9204 

