2025-01-12 21:57:37,223 - INFO - Training with Vectorized Data 1000 features. Dropout Rate 0.70. Dataset Size 2388
2025-01-12 21:57:37,223 - INFO - Training for fold 1/5
2025-01-12 21:57:38,337 - INFO - Epoch [1/100], Train Accuracy: 0.4346, Val Accuracy: 0.8912
2025-01-12 21:57:38,452 - INFO - Epoch [2/100], Train Accuracy: 0.8901, Val Accuracy: 0.8891
2025-01-12 21:57:38,569 - INFO - Epoch [3/100], Train Accuracy: 0.9597, Val Accuracy: 0.9247
2025-01-12 21:57:38,684 - INFO - Epoch [4/100], Train Accuracy: 0.9812, Val Accuracy: 0.9310
2025-01-12 21:57:38,790 - INFO - Epoch [5/100], Train Accuracy: 0.9958, Val Accuracy: 0.9226
2025-01-12 21:57:38,801 - INFO - Fold 1 Validation Accuracy: 0.9226
2025-01-12 21:57:38,804 - INFO - Save model to C:\Users\LeoLi\OneDrive - 学校法人立命館\Ritsumei\4th_Semester\Artificial_Intelligence\final_project\code\FNN/model/2025-01-12/21-57-37/model_0.pth
2025-01-12 21:57:38,804 - INFO - Training for fold 2/5
2025-01-12 21:57:38,925 - INFO - Epoch [1/100], Train Accuracy: 0.5178, Val Accuracy: 0.8264
2025-01-12 21:57:39,039 - INFO - Epoch [2/100], Train Accuracy: 0.8963, Val Accuracy: 0.9079
2025-01-12 21:57:39,159 - INFO - Epoch [3/100], Train Accuracy: 0.9571, Val Accuracy: 0.9226
2025-01-12 21:57:39,284 - INFO - Epoch [4/100], Train Accuracy: 0.9864, Val Accuracy: 0.9331
2025-01-12 21:57:39,398 - INFO - Epoch [5/100], Train Accuracy: 0.9953, Val Accuracy: 0.9310
2025-01-12 21:57:39,409 - INFO - Fold 2 Validation Accuracy: 0.9310
2025-01-12 21:57:39,412 - INFO - Save model to C:\Users\LeoLi\OneDrive - 学校法人立命館\Ritsumei\4th_Semester\Artificial_Intelligence\final_project\code\FNN/model/2025-01-12/21-57-37/model_1.pth
2025-01-12 21:57:39,412 - INFO - Training for fold 3/5
2025-01-12 21:57:39,533 - INFO - Epoch [1/100], Train Accuracy: 0.4534, Val Accuracy: 0.6297
2025-01-12 21:57:39,655 - INFO - Epoch [2/100], Train Accuracy: 0.8670, Val Accuracy: 0.9289
2025-01-12 21:57:39,772 - INFO - Epoch [3/100], Train Accuracy: 0.9592, Val Accuracy: 0.9372
2025-01-12 21:57:39,895 - INFO - Epoch [4/100], Train Accuracy: 0.9843, Val Accuracy: 0.9435
2025-01-12 21:57:40,011 - INFO - Epoch [5/100], Train Accuracy: 0.9969, Val Accuracy: 0.9414
2025-01-12 21:57:40,021 - INFO - Fold 3 Validation Accuracy: 0.9414
2025-01-12 21:57:40,024 - INFO - Save model to C:\Users\LeoLi\OneDrive - 学校法人立命館\Ritsumei\4th_Semester\Artificial_Intelligence\final_project\code\FNN/model/2025-01-12/21-57-37/model_2.pth
2025-01-12 21:57:40,024 - INFO - Training for fold 4/5
2025-01-12 21:57:40,142 - INFO - Epoch [1/100], Train Accuracy: 0.4537, Val Accuracy: 0.8826
2025-01-12 21:57:40,265 - INFO - Epoch [2/100], Train Accuracy: 0.8980, Val Accuracy: 0.8910
2025-01-12 21:57:40,384 - INFO - Epoch [3/100], Train Accuracy: 0.9597, Val Accuracy: 0.9140
2025-01-12 21:57:40,506 - INFO - Epoch [4/100], Train Accuracy: 0.9874, Val Accuracy: 0.9036
2025-01-12 21:57:40,623 - INFO - Epoch [5/100], Train Accuracy: 0.9953, Val Accuracy: 0.9057
2025-01-12 21:57:40,632 - INFO - Fold 4 Validation Accuracy: 0.9057
2025-01-12 21:57:40,635 - INFO - Save model to C:\Users\LeoLi\OneDrive - 学校法人立命館\Ritsumei\4th_Semester\Artificial_Intelligence\final_project\code\FNN/model/2025-01-12/21-57-37/model_3.pth
2025-01-12 21:57:40,635 - INFO - Training for fold 5/5
2025-01-12 21:57:40,761 - INFO - Epoch [1/100], Train Accuracy: 0.4731, Val Accuracy: 0.8553
2025-01-12 21:57:40,874 - INFO - Epoch [2/100], Train Accuracy: 0.8844, Val Accuracy: 0.9161
2025-01-12 21:57:40,992 - INFO - Epoch [3/100], Train Accuracy: 0.9550, Val Accuracy: 0.9350
2025-01-12 21:57:41,104 - INFO - Epoch [4/100], Train Accuracy: 0.9838, Val Accuracy: 0.9308
2025-01-12 21:57:41,224 - INFO - Epoch [5/100], Train Accuracy: 0.9953, Val Accuracy: 0.9287
2025-01-12 21:57:41,234 - INFO - Fold 5 Validation Accuracy: 0.9287
2025-01-12 21:57:41,237 - INFO - Save model to C:\Users\LeoLi\OneDrive - 学校法人立命館\Ritsumei\4th_Semester\Artificial_Intelligence\final_project\code\FNN/model/2025-01-12/21-57-37/model_4.pth
2025-01-12 21:57:41,238 - INFO - Average Validation Accuracy (Over 5 folds): 0.9259 

