2025-01-12 21:56:29,285 - INFO - Training with Vectorized Data 1000 features. Dropout Rate 0.70. Dataset Size 2388
2025-01-12 21:56:29,285 - INFO - Training for fold 1/5
2025-01-12 21:56:30,506 - INFO - Epoch [1/100], Train Accuracy: 0.7063, Val Accuracy: 0.8975
2025-01-12 21:56:30,619 - INFO - Epoch [2/100], Train Accuracy: 0.9518, Val Accuracy: 0.9205
2025-01-12 21:56:30,725 - INFO - Epoch [3/100], Train Accuracy: 0.9963, Val Accuracy: 0.9121
2025-01-12 21:56:30,735 - INFO - Fold 1 Validation Accuracy: 0.9121
2025-01-12 21:56:30,742 - INFO - Save model to C:\Users\LeoLi\OneDrive - 学校法人立命館\Ritsumei\4th_Semester\Artificial_Intelligence\final_project\code\FNN/model/2025-01-12/21-56-29/model_0.pth
2025-01-12 21:56:30,743 - INFO - Training for fold 2/5
2025-01-12 21:56:30,861 - INFO - Epoch [1/100], Train Accuracy: 0.6518, Val Accuracy: 0.9100
2025-01-12 21:56:30,966 - INFO - Epoch [2/100], Train Accuracy: 0.9497, Val Accuracy: 0.9205
2025-01-12 21:56:31,076 - INFO - Epoch [3/100], Train Accuracy: 0.9948, Val Accuracy: 0.9142
2025-01-12 21:56:31,178 - INFO - Epoch [4/100], Train Accuracy: 0.9990, Val Accuracy: 0.9079
2025-01-12 21:56:31,193 - INFO - Fold 2 Validation Accuracy: 0.9079
2025-01-12 21:56:31,200 - INFO - Save model to C:\Users\LeoLi\OneDrive - 学校法人立命館\Ritsumei\4th_Semester\Artificial_Intelligence\final_project\code\FNN/model/2025-01-12/21-56-29/model_1.pth
2025-01-12 21:56:31,200 - INFO - Training for fold 3/5
2025-01-12 21:56:31,309 - INFO - Epoch [1/100], Train Accuracy: 0.6492, Val Accuracy: 0.9017
2025-01-12 21:56:31,423 - INFO - Epoch [2/100], Train Accuracy: 0.9492, Val Accuracy: 0.9247
2025-01-12 21:56:31,531 - INFO - Epoch [3/100], Train Accuracy: 0.9948, Val Accuracy: 0.9100
2025-01-12 21:56:31,644 - INFO - Epoch [4/100], Train Accuracy: 1.0000, Val Accuracy: 0.9121
2025-01-12 21:56:31,655 - INFO - Fold 3 Validation Accuracy: 0.9121
2025-01-12 21:56:31,662 - INFO - Save model to C:\Users\LeoLi\OneDrive - 学校法人立命館\Ritsumei\4th_Semester\Artificial_Intelligence\final_project\code\FNN/model/2025-01-12/21-56-29/model_2.pth
2025-01-12 21:56:31,662 - INFO - Training for fold 4/5
2025-01-12 21:56:31,783 - INFO - Epoch [1/100], Train Accuracy: 0.7415, Val Accuracy: 0.9224
2025-01-12 21:56:31,894 - INFO - Epoch [2/100], Train Accuracy: 0.9461, Val Accuracy: 0.9392
2025-01-12 21:56:31,996 - INFO - Epoch [3/100], Train Accuracy: 0.9922, Val Accuracy: 0.9287
2025-01-12 21:56:32,103 - INFO - Epoch [4/100], Train Accuracy: 1.0000, Val Accuracy: 0.9350
2025-01-12 21:56:32,117 - INFO - Fold 4 Validation Accuracy: 0.9350
2025-01-12 21:56:32,123 - INFO - Save model to C:\Users\LeoLi\OneDrive - 学校法人立命館\Ritsumei\4th_Semester\Artificial_Intelligence\final_project\code\FNN/model/2025-01-12/21-56-29/model_3.pth
2025-01-12 21:56:32,124 - INFO - Training for fold 5/5
2025-01-12 21:56:32,242 - INFO - Epoch [1/100], Train Accuracy: 0.6928, Val Accuracy: 0.9308
2025-01-12 21:56:32,353 - INFO - Epoch [2/100], Train Accuracy: 0.9445, Val Accuracy: 0.9371
2025-01-12 21:56:32,464 - INFO - Epoch [3/100], Train Accuracy: 0.9942, Val Accuracy: 0.9245
2025-01-12 21:56:32,571 - INFO - Epoch [4/100], Train Accuracy: 0.9995, Val Accuracy: 0.9245
2025-01-12 21:56:32,582 - INFO - Fold 5 Validation Accuracy: 0.9245
2025-01-12 21:56:32,587 - INFO - Save model to C:\Users\LeoLi\OneDrive - 学校法人立命館\Ritsumei\4th_Semester\Artificial_Intelligence\final_project\code\FNN/model/2025-01-12/21-56-29/model_4.pth
2025-01-12 21:56:32,588 - INFO - Average Validation Accuracy (Over 5 folds): 0.9184 

