2025-01-12 21:53:07,642 - INFO - Training with Vectorized Data 1000 features. Dropout Rate 0.70. Dataset Size 2388
2025-01-12 21:53:07,642 - INFO - Training for fold 1/5
2025-01-12 21:53:08,814 - INFO - Epoch [1/100], Train Accuracy: 0.3565, Val Accuracy: 0.5293
2025-01-12 21:53:08,920 - INFO - Epoch [2/100], Train Accuracy: 0.6079, Val Accuracy: 0.7176
2025-01-12 21:53:09,028 - INFO - Epoch [3/100], Train Accuracy: 0.8717, Val Accuracy: 0.8975
2025-01-12 21:53:09,140 - INFO - Epoch [4/100], Train Accuracy: 0.9450, Val Accuracy: 0.9121
2025-01-12 21:53:09,242 - INFO - Epoch [5/100], Train Accuracy: 0.9644, Val Accuracy: 0.9163
2025-01-12 21:53:09,348 - INFO - Epoch [6/100], Train Accuracy: 0.9785, Val Accuracy: 0.9205
2025-01-12 21:53:09,455 - INFO - Epoch [7/100], Train Accuracy: 0.9874, Val Accuracy: 0.9163
2025-01-12 21:53:09,560 - INFO - Epoch [8/100], Train Accuracy: 0.9937, Val Accuracy: 0.9100
2025-01-12 21:53:09,673 - INFO - Epoch [9/100], Train Accuracy: 0.9963, Val Accuracy: 0.9142
2025-01-12 21:53:09,687 - INFO - Fold 1 Validation Accuracy: 0.9142
2025-01-12 21:53:09,689 - INFO - Save model to C:\Users\LeoLi\OneDrive - 学校法人立命館\Ritsumei\4th_Semester\Artificial_Intelligence\final_project\code\FNN/model/2025-01-12/21-53-07/model_0.pth
2025-01-12 21:53:09,690 - INFO - Training for fold 2/5
2025-01-12 21:53:09,804 - INFO - Epoch [1/100], Train Accuracy: 0.3366, Val Accuracy: 0.3201
2025-01-12 21:53:09,913 - INFO - Epoch [2/100], Train Accuracy: 0.4094, Val Accuracy: 0.6151
2025-01-12 21:53:10,021 - INFO - Epoch [3/100], Train Accuracy: 0.7450, Val Accuracy: 0.8828
2025-01-12 21:53:10,132 - INFO - Epoch [4/100], Train Accuracy: 0.9335, Val Accuracy: 0.9247
2025-01-12 21:53:10,240 - INFO - Epoch [5/100], Train Accuracy: 0.9513, Val Accuracy: 0.9247
2025-01-12 21:53:10,350 - INFO - Epoch [6/100], Train Accuracy: 0.9696, Val Accuracy: 0.9393
2025-01-12 21:53:10,455 - INFO - Epoch [7/100], Train Accuracy: 0.9812, Val Accuracy: 0.9414
2025-01-12 21:53:10,565 - INFO - Epoch [8/100], Train Accuracy: 0.9911, Val Accuracy: 0.9393
2025-01-12 21:53:10,672 - INFO - Epoch [9/100], Train Accuracy: 0.9942, Val Accuracy: 0.9435
2025-01-12 21:53:10,778 - INFO - Epoch [10/100], Train Accuracy: 0.9974, Val Accuracy: 0.9456
2025-01-12 21:53:10,890 - INFO - Epoch [11/100], Train Accuracy: 0.9984, Val Accuracy: 0.9498
2025-01-12 21:53:11,001 - INFO - Epoch [12/100], Train Accuracy: 0.9990, Val Accuracy: 0.9477
2025-01-12 21:53:11,010 - INFO - Fold 2 Validation Accuracy: 0.9477
2025-01-12 21:53:11,014 - INFO - Save model to C:\Users\LeoLi\OneDrive - 学校法人立命館\Ritsumei\4th_Semester\Artificial_Intelligence\final_project\code\FNN/model/2025-01-12/21-53-07/model_1.pth
2025-01-12 21:53:11,014 - INFO - Training for fold 3/5
2025-01-12 21:53:11,127 - INFO - Epoch [1/100], Train Accuracy: 0.3314, Val Accuracy: 0.3410
2025-01-12 21:53:11,240 - INFO - Epoch [2/100], Train Accuracy: 0.4120, Val Accuracy: 0.5649
2025-01-12 21:53:11,354 - INFO - Epoch [3/100], Train Accuracy: 0.5702, Val Accuracy: 0.5649
2025-01-12 21:53:11,459 - INFO - Epoch [4/100], Train Accuracy: 0.6356, Val Accuracy: 0.7531
2025-01-12 21:53:11,567 - INFO - Epoch [5/100], Train Accuracy: 0.8654, Val Accuracy: 0.8054
2025-01-12 21:53:11,675 - INFO - Epoch [6/100], Train Accuracy: 0.9293, Val Accuracy: 0.8556
2025-01-12 21:53:11,785 - INFO - Epoch [7/100], Train Accuracy: 0.9586, Val Accuracy: 0.8703
2025-01-12 21:53:11,894 - INFO - Epoch [8/100], Train Accuracy: 0.9791, Val Accuracy: 0.8828
2025-01-12 21:53:12,009 - INFO - Epoch [9/100], Train Accuracy: 0.9921, Val Accuracy: 0.9017
2025-01-12 21:53:12,121 - INFO - Epoch [10/100], Train Accuracy: 0.9953, Val Accuracy: 0.9038
2025-01-12 21:53:12,237 - INFO - Epoch [11/100], Train Accuracy: 0.9984, Val Accuracy: 0.9121
2025-01-12 21:53:12,351 - INFO - Epoch [12/100], Train Accuracy: 0.9990, Val Accuracy: 0.9121
2025-01-12 21:53:12,463 - INFO - Epoch [13/100], Train Accuracy: 1.0000, Val Accuracy: 0.9100
2025-01-12 21:53:12,473 - INFO - Fold 3 Validation Accuracy: 0.9100
2025-01-12 21:53:12,476 - INFO - Save model to C:\Users\LeoLi\OneDrive - 学校法人立命館\Ritsumei\4th_Semester\Artificial_Intelligence\final_project\code\FNN/model/2025-01-12/21-53-07/model_2.pth
2025-01-12 21:53:12,476 - INFO - Training for fold 4/5
2025-01-12 21:53:12,589 - INFO - Epoch [1/100], Train Accuracy: 0.3333, Val Accuracy: 0.3459
2025-01-12 21:53:12,700 - INFO - Epoch [2/100], Train Accuracy: 0.7441, Val Accuracy: 0.7400
2025-01-12 21:53:12,810 - INFO - Epoch [3/100], Train Accuracy: 0.8200, Val Accuracy: 0.8449
2025-01-12 21:53:12,925 - INFO - Epoch [4/100], Train Accuracy: 0.9226, Val Accuracy: 0.8994
2025-01-12 21:53:13,033 - INFO - Epoch [5/100], Train Accuracy: 0.9623, Val Accuracy: 0.9119
2025-01-12 21:53:13,130 - INFO - Epoch [6/100], Train Accuracy: 0.9754, Val Accuracy: 0.9161
2025-01-12 21:53:13,228 - INFO - Epoch [7/100], Train Accuracy: 0.9869, Val Accuracy: 0.9119
2025-01-12 21:53:13,324 - INFO - Epoch [8/100], Train Accuracy: 0.9942, Val Accuracy: 0.9161
2025-01-12 21:53:13,423 - INFO - Epoch [9/100], Train Accuracy: 0.9979, Val Accuracy: 0.9099
2025-01-12 21:53:13,432 - INFO - Fold 4 Validation Accuracy: 0.9099
2025-01-12 21:53:13,435 - INFO - Save model to C:\Users\LeoLi\OneDrive - 学校法人立命館\Ritsumei\4th_Semester\Artificial_Intelligence\final_project\code\FNN/model/2025-01-12/21-53-07/model_3.pth
2025-01-12 21:53:13,436 - INFO - Training for fold 5/5
2025-01-12 21:53:13,547 - INFO - Epoch [1/100], Train Accuracy: 0.3396, Val Accuracy: 0.3166
2025-01-12 21:53:13,642 - INFO - Epoch [2/100], Train Accuracy: 0.6400, Val Accuracy: 0.8260
2025-01-12 21:53:13,743 - INFO - Epoch [3/100], Train Accuracy: 0.8817, Val Accuracy: 0.8721
2025-01-12 21:53:13,842 - INFO - Epoch [4/100], Train Accuracy: 0.9461, Val Accuracy: 0.9057
2025-01-12 21:53:13,939 - INFO - Epoch [5/100], Train Accuracy: 0.9639, Val Accuracy: 0.9161
2025-01-12 21:53:14,043 - INFO - Epoch [6/100], Train Accuracy: 0.9759, Val Accuracy: 0.9161
2025-01-12 21:53:14,138 - INFO - Epoch [7/100], Train Accuracy: 0.9853, Val Accuracy: 0.9161
2025-01-12 21:53:14,238 - INFO - Epoch [8/100], Train Accuracy: 0.9911, Val Accuracy: 0.9140
2025-01-12 21:53:14,342 - INFO - Epoch [9/100], Train Accuracy: 0.9958, Val Accuracy: 0.9119
2025-01-12 21:53:14,350 - INFO - Fold 5 Validation Accuracy: 0.9119
2025-01-12 21:53:14,353 - INFO - Save model to C:\Users\LeoLi\OneDrive - 学校法人立命館\Ritsumei\4th_Semester\Artificial_Intelligence\final_project\code\FNN/model/2025-01-12/21-53-07/model_4.pth
2025-01-12 21:53:14,353 - INFO - Average Validation Accuracy (Over 5 folds): 0.9188 

