2025-01-12 21:55:04,980 - INFO - Training with Vectorized Data 1000 features. Dropout Rate 0.70. Dataset Size 2388
2025-01-12 21:55:04,980 - INFO - Training for fold 1/5
2025-01-12 21:55:06,080 - INFO - Epoch [1/100], Train Accuracy: 0.3377, Val Accuracy: 0.3243
2025-01-12 21:55:06,194 - INFO - Epoch [2/100], Train Accuracy: 0.7445, Val Accuracy: 0.8954
2025-01-12 21:55:06,311 - INFO - Epoch [3/100], Train Accuracy: 0.9319, Val Accuracy: 0.9059
2025-01-12 21:55:06,424 - INFO - Epoch [4/100], Train Accuracy: 0.9576, Val Accuracy: 0.9268
2025-01-12 21:55:06,538 - INFO - Epoch [5/100], Train Accuracy: 0.9723, Val Accuracy: 0.9247
2025-01-12 21:55:06,650 - INFO - Epoch [6/100], Train Accuracy: 0.9895, Val Accuracy: 0.9289
2025-01-12 21:55:06,759 - INFO - Epoch [7/100], Train Accuracy: 0.9942, Val Accuracy: 0.9310
2025-01-12 21:55:06,868 - INFO - Epoch [8/100], Train Accuracy: 0.9990, Val Accuracy: 0.9205
2025-01-12 21:55:06,879 - INFO - Fold 1 Validation Accuracy: 0.9205
2025-01-12 21:55:06,881 - INFO - Save model to C:\Users\LeoLi\OneDrive - 学校法人立命館\Ritsumei\4th_Semester\Artificial_Intelligence\final_project\code\FNN/model/2025-01-12/21-55-04/model_0.pth
2025-01-12 21:55:06,881 - INFO - Training for fold 2/5
2025-01-12 21:55:07,003 - INFO - Epoch [1/100], Train Accuracy: 0.3429, Val Accuracy: 0.4059
2025-01-12 21:55:07,116 - INFO - Epoch [2/100], Train Accuracy: 0.6173, Val Accuracy: 0.8033
2025-01-12 21:55:07,220 - INFO - Epoch [3/100], Train Accuracy: 0.9157, Val Accuracy: 0.9121
2025-01-12 21:55:07,332 - INFO - Epoch [4/100], Train Accuracy: 0.9539, Val Accuracy: 0.9247
2025-01-12 21:55:07,442 - INFO - Epoch [5/100], Train Accuracy: 0.9738, Val Accuracy: 0.9268
2025-01-12 21:55:07,565 - INFO - Epoch [6/100], Train Accuracy: 0.9906, Val Accuracy: 0.9289
2025-01-12 21:55:07,675 - INFO - Epoch [7/100], Train Accuracy: 0.9990, Val Accuracy: 0.9289
2025-01-12 21:55:07,792 - INFO - Epoch [8/100], Train Accuracy: 0.9995, Val Accuracy: 0.9268
2025-01-12 21:55:07,801 - INFO - Fold 2 Validation Accuracy: 0.9268
2025-01-12 21:55:07,804 - INFO - Save model to C:\Users\LeoLi\OneDrive - 学校法人立命館\Ritsumei\4th_Semester\Artificial_Intelligence\final_project\code\FNN/model/2025-01-12/21-55-04/model_1.pth
2025-01-12 21:55:07,804 - INFO - Training for fold 3/5
2025-01-12 21:55:07,924 - INFO - Epoch [1/100], Train Accuracy: 0.3476, Val Accuracy: 0.4644
2025-01-12 21:55:08,037 - INFO - Epoch [2/100], Train Accuracy: 0.6691, Val Accuracy: 0.8410
2025-01-12 21:55:08,145 - INFO - Epoch [3/100], Train Accuracy: 0.9058, Val Accuracy: 0.9184
2025-01-12 21:55:08,254 - INFO - Epoch [4/100], Train Accuracy: 0.9571, Val Accuracy: 0.9372
2025-01-12 21:55:08,373 - INFO - Epoch [5/100], Train Accuracy: 0.9764, Val Accuracy: 0.9351
2025-01-12 21:55:08,488 - INFO - Epoch [6/100], Train Accuracy: 0.9885, Val Accuracy: 0.9351
2025-01-12 21:55:08,603 - INFO - Epoch [7/100], Train Accuracy: 0.9921, Val Accuracy: 0.9331
2025-01-12 21:55:08,718 - INFO - Epoch [8/100], Train Accuracy: 0.9969, Val Accuracy: 0.9331
2025-01-12 21:55:08,729 - INFO - Fold 3 Validation Accuracy: 0.9331
2025-01-12 21:55:08,732 - INFO - Save model to C:\Users\LeoLi\OneDrive - 学校法人立命館\Ritsumei\4th_Semester\Artificial_Intelligence\final_project\code\FNN/model/2025-01-12/21-55-04/model_2.pth
2025-01-12 21:55:08,732 - INFO - Training for fold 4/5
2025-01-12 21:55:08,848 - INFO - Epoch [1/100], Train Accuracy: 0.3339, Val Accuracy: 0.3312
2025-01-12 21:55:08,961 - INFO - Epoch [2/100], Train Accuracy: 0.5871, Val Accuracy: 0.8239
2025-01-12 21:55:09,081 - INFO - Epoch [3/100], Train Accuracy: 0.8844, Val Accuracy: 0.8910
2025-01-12 21:55:09,200 - INFO - Epoch [4/100], Train Accuracy: 0.9477, Val Accuracy: 0.9140
2025-01-12 21:55:09,313 - INFO - Epoch [5/100], Train Accuracy: 0.9665, Val Accuracy: 0.9224
2025-01-12 21:55:09,420 - INFO - Epoch [6/100], Train Accuracy: 0.9869, Val Accuracy: 0.9182
2025-01-12 21:55:09,535 - INFO - Epoch [7/100], Train Accuracy: 0.9948, Val Accuracy: 0.9119
2025-01-12 21:55:09,645 - INFO - Epoch [8/100], Train Accuracy: 0.9979, Val Accuracy: 0.9161
2025-01-12 21:55:09,656 - INFO - Fold 4 Validation Accuracy: 0.9161
2025-01-12 21:55:09,658 - INFO - Save model to C:\Users\LeoLi\OneDrive - 学校法人立命館\Ritsumei\4th_Semester\Artificial_Intelligence\final_project\code\FNN/model/2025-01-12/21-55-04/model_3.pth
2025-01-12 21:55:09,659 - INFO - Training for fold 5/5
2025-01-12 21:55:09,776 - INFO - Epoch [1/100], Train Accuracy: 0.3762, Val Accuracy: 0.7484
2025-01-12 21:55:09,891 - INFO - Epoch [2/100], Train Accuracy: 0.8922, Val Accuracy: 0.9266
2025-01-12 21:55:09,997 - INFO - Epoch [3/100], Train Accuracy: 0.9372, Val Accuracy: 0.9287
2025-01-12 21:55:10,113 - INFO - Epoch [4/100], Train Accuracy: 0.9581, Val Accuracy: 0.9371
2025-01-12 21:55:10,225 - INFO - Epoch [5/100], Train Accuracy: 0.9785, Val Accuracy: 0.9308
2025-01-12 21:55:10,345 - INFO - Epoch [6/100], Train Accuracy: 0.9911, Val Accuracy: 0.9308
2025-01-12 21:55:10,455 - INFO - Epoch [7/100], Train Accuracy: 0.9974, Val Accuracy: 0.9308
2025-01-12 21:55:10,471 - INFO - Fold 5 Validation Accuracy: 0.9308
2025-01-12 21:55:10,473 - INFO - Save model to C:\Users\LeoLi\OneDrive - 学校法人立命館\Ritsumei\4th_Semester\Artificial_Intelligence\final_project\code\FNN/model/2025-01-12/21-55-04/model_4.pth
2025-01-12 21:55:10,473 - INFO - Average Validation Accuracy (Over 5 folds): 0.9255 

