2025-01-12 21:52:27,605 - INFO - Training with Vectorized Data 1000 features. Dropout Rate 0.70. Dataset Size 2388
2025-01-12 21:52:27,605 - INFO - Training for fold 1/5
2025-01-12 21:52:28,774 - INFO - Epoch [1/100], Train Accuracy: 0.3476, Val Accuracy: 0.5753
2025-01-12 21:52:28,881 - INFO - Epoch [2/100], Train Accuracy: 0.7361, Val Accuracy: 0.8912
2025-01-12 21:52:28,988 - INFO - Epoch [3/100], Train Accuracy: 0.9257, Val Accuracy: 0.8912
2025-01-12 21:52:29,093 - INFO - Epoch [4/100], Train Accuracy: 0.9482, Val Accuracy: 0.9017
2025-01-12 21:52:29,204 - INFO - Epoch [5/100], Train Accuracy: 0.9696, Val Accuracy: 0.9100
2025-01-12 21:52:29,321 - INFO - Epoch [6/100], Train Accuracy: 0.9864, Val Accuracy: 0.9038
2025-01-12 21:52:29,433 - INFO - Epoch [7/100], Train Accuracy: 0.9916, Val Accuracy: 0.9121
2025-01-12 21:52:29,545 - INFO - Epoch [8/100], Train Accuracy: 0.9984, Val Accuracy: 0.9100
2025-01-12 21:52:29,555 - INFO - Fold 1 Validation Accuracy: 0.9100
2025-01-12 21:52:29,557 - INFO - Save model to C:\Users\LeoLi\OneDrive - 学校法人立命館\Ritsumei\4th_Semester\Artificial_Intelligence\final_project\code\FNN/model/2025-01-12/21-52-27/model_0.pth
2025-01-12 21:52:29,557 - INFO - Training for fold 2/5
2025-01-12 21:52:29,689 - INFO - Epoch [1/100], Train Accuracy: 0.3267, Val Accuracy: 0.3598
2025-01-12 21:52:29,807 - INFO - Epoch [2/100], Train Accuracy: 0.6592, Val Accuracy: 0.8619
2025-01-12 21:52:29,916 - INFO - Epoch [3/100], Train Accuracy: 0.9293, Val Accuracy: 0.8954
2025-01-12 21:52:30,022 - INFO - Epoch [4/100], Train Accuracy: 0.9508, Val Accuracy: 0.8975
2025-01-12 21:52:30,137 - INFO - Epoch [5/100], Train Accuracy: 0.9665, Val Accuracy: 0.8975
2025-01-12 21:52:30,252 - INFO - Epoch [6/100], Train Accuracy: 0.9822, Val Accuracy: 0.8849
2025-01-12 21:52:30,362 - INFO - Epoch [7/100], Train Accuracy: 0.9927, Val Accuracy: 0.8870
2025-01-12 21:52:30,470 - INFO - Epoch [8/100], Train Accuracy: 0.9979, Val Accuracy: 0.8870
2025-01-12 21:52:30,480 - INFO - Fold 2 Validation Accuracy: 0.8870
2025-01-12 21:52:30,482 - INFO - Save model to C:\Users\LeoLi\OneDrive - 学校法人立命館\Ritsumei\4th_Semester\Artificial_Intelligence\final_project\code\FNN/model/2025-01-12/21-52-27/model_1.pth
2025-01-12 21:52:30,483 - INFO - Training for fold 3/5
2025-01-12 21:52:30,605 - INFO - Epoch [1/100], Train Accuracy: 0.3848, Val Accuracy: 0.5167
2025-01-12 21:52:30,720 - INFO - Epoch [2/100], Train Accuracy: 0.7068, Val Accuracy: 0.8598
2025-01-12 21:52:30,838 - INFO - Epoch [3/100], Train Accuracy: 0.9199, Val Accuracy: 0.9079
2025-01-12 21:52:30,949 - INFO - Epoch [4/100], Train Accuracy: 0.9476, Val Accuracy: 0.9289
2025-01-12 21:52:31,059 - INFO - Epoch [5/100], Train Accuracy: 0.9733, Val Accuracy: 0.9268
2025-01-12 21:52:31,167 - INFO - Epoch [6/100], Train Accuracy: 0.9848, Val Accuracy: 0.9351
2025-01-12 21:52:31,282 - INFO - Epoch [7/100], Train Accuracy: 0.9927, Val Accuracy: 0.9372
2025-01-12 21:52:31,396 - INFO - Epoch [8/100], Train Accuracy: 0.9969, Val Accuracy: 0.9310
2025-01-12 21:52:31,405 - INFO - Fold 3 Validation Accuracy: 0.9310
2025-01-12 21:52:31,408 - INFO - Save model to C:\Users\LeoLi\OneDrive - 学校法人立命館\Ritsumei\4th_Semester\Artificial_Intelligence\final_project\code\FNN/model/2025-01-12/21-52-27/model_2.pth
2025-01-12 21:52:31,408 - INFO - Training for fold 4/5
2025-01-12 21:52:31,522 - INFO - Epoch [1/100], Train Accuracy: 0.4082, Val Accuracy: 0.5996
2025-01-12 21:52:31,632 - INFO - Epoch [2/100], Train Accuracy: 0.6096, Val Accuracy: 0.6101
2025-01-12 21:52:31,743 - INFO - Epoch [3/100], Train Accuracy: 0.8278, Val Accuracy: 0.8931
2025-01-12 21:52:31,854 - INFO - Epoch [4/100], Train Accuracy: 0.9372, Val Accuracy: 0.9140
2025-01-12 21:52:31,963 - INFO - Epoch [5/100], Train Accuracy: 0.9665, Val Accuracy: 0.8973
2025-01-12 21:52:32,069 - INFO - Epoch [6/100], Train Accuracy: 0.9853, Val Accuracy: 0.9015
2025-01-12 21:52:32,177 - INFO - Epoch [7/100], Train Accuracy: 0.9922, Val Accuracy: 0.9015
2025-01-12 21:52:32,285 - INFO - Epoch [8/100], Train Accuracy: 0.9969, Val Accuracy: 0.9078
2025-01-12 21:52:32,294 - INFO - Fold 4 Validation Accuracy: 0.9078
2025-01-12 21:52:32,298 - INFO - Save model to C:\Users\LeoLi\OneDrive - 学校法人立命館\Ritsumei\4th_Semester\Artificial_Intelligence\final_project\code\FNN/model/2025-01-12/21-52-27/model_3.pth
2025-01-12 21:52:32,299 - INFO - Training for fold 5/5
2025-01-12 21:52:32,421 - INFO - Epoch [1/100], Train Accuracy: 0.3312, Val Accuracy: 0.3417
2025-01-12 21:52:32,527 - INFO - Epoch [2/100], Train Accuracy: 0.5181, Val Accuracy: 0.8428
2025-01-12 21:52:32,647 - INFO - Epoch [3/100], Train Accuracy: 0.9231, Val Accuracy: 0.9036
2025-01-12 21:52:32,758 - INFO - Epoch [4/100], Train Accuracy: 0.9388, Val Accuracy: 0.9287
2025-01-12 21:52:32,864 - INFO - Epoch [5/100], Train Accuracy: 0.9660, Val Accuracy: 0.9350
2025-01-12 21:52:32,994 - INFO - Epoch [6/100], Train Accuracy: 0.9796, Val Accuracy: 0.9350
2025-01-12 21:52:33,101 - INFO - Epoch [7/100], Train Accuracy: 0.9885, Val Accuracy: 0.9371
2025-01-12 21:52:33,208 - INFO - Epoch [8/100], Train Accuracy: 0.9953, Val Accuracy: 0.9308
2025-01-12 21:52:33,218 - INFO - Fold 5 Validation Accuracy: 0.9308
2025-01-12 21:52:33,222 - INFO - Save model to C:\Users\LeoLi\OneDrive - 学校法人立命館\Ritsumei\4th_Semester\Artificial_Intelligence\final_project\code\FNN/model/2025-01-12/21-52-27/model_4.pth
2025-01-12 21:52:33,223 - INFO - Average Validation Accuracy (Over 5 folds): 0.9133 

