2025-01-12 21:55:52,918 - INFO - Training with Vectorized Data 1000 features. Dropout Rate 0.70. Dataset Size 2388
2025-01-12 21:55:52,918 - INFO - Training for fold 1/5
2025-01-12 21:55:54,055 - INFO - Epoch [1/100], Train Accuracy: 0.4131, Val Accuracy: 0.8515
2025-01-12 21:55:54,167 - INFO - Epoch [2/100], Train Accuracy: 0.8895, Val Accuracy: 0.8787
2025-01-12 21:55:54,279 - INFO - Epoch [3/100], Train Accuracy: 0.9529, Val Accuracy: 0.9059
2025-01-12 21:55:54,397 - INFO - Epoch [4/100], Train Accuracy: 0.9796, Val Accuracy: 0.8996
2025-01-12 21:55:54,507 - INFO - Epoch [5/100], Train Accuracy: 0.9984, Val Accuracy: 0.9121
2025-01-12 21:55:54,627 - INFO - Epoch [6/100], Train Accuracy: 0.9990, Val Accuracy: 0.9079
2025-01-12 21:55:54,636 - INFO - Fold 1 Validation Accuracy: 0.9079
2025-01-12 21:55:54,639 - INFO - Save model to C:\Users\LeoLi\OneDrive - 学校法人立命館\Ritsumei\4th_Semester\Artificial_Intelligence\final_project\code\FNN/model/2025-01-12/21-55-52/model_0.pth
2025-01-12 21:55:54,639 - INFO - Training for fold 2/5
2025-01-12 21:55:54,763 - INFO - Epoch [1/100], Train Accuracy: 0.3393, Val Accuracy: 0.4519
2025-01-12 21:55:54,885 - INFO - Epoch [2/100], Train Accuracy: 0.7408, Val Accuracy: 0.8787
2025-01-12 21:55:55,005 - INFO - Epoch [3/100], Train Accuracy: 0.9382, Val Accuracy: 0.9142
2025-01-12 21:55:55,120 - INFO - Epoch [4/100], Train Accuracy: 0.9733, Val Accuracy: 0.9310
2025-01-12 21:55:55,236 - INFO - Epoch [5/100], Train Accuracy: 0.9911, Val Accuracy: 0.9289
2025-01-12 21:55:55,347 - INFO - Epoch [6/100], Train Accuracy: 0.9995, Val Accuracy: 0.9310
2025-01-12 21:55:55,456 - INFO - Epoch [7/100], Train Accuracy: 1.0000, Val Accuracy: 0.9289
2025-01-12 21:55:55,465 - INFO - Fold 2 Validation Accuracy: 0.9289
2025-01-12 21:55:55,468 - INFO - Save model to C:\Users\LeoLi\OneDrive - 学校法人立命館\Ritsumei\4th_Semester\Artificial_Intelligence\final_project\code\FNN/model/2025-01-12/21-55-52/model_1.pth
2025-01-12 21:55:55,469 - INFO - Training for fold 3/5
2025-01-12 21:55:55,587 - INFO - Epoch [1/100], Train Accuracy: 0.4581, Val Accuracy: 0.8515
2025-01-12 21:55:55,692 - INFO - Epoch [2/100], Train Accuracy: 0.8775, Val Accuracy: 0.9184
2025-01-12 21:55:55,808 - INFO - Epoch [3/100], Train Accuracy: 0.9487, Val Accuracy: 0.9414
2025-01-12 21:55:55,920 - INFO - Epoch [4/100], Train Accuracy: 0.9780, Val Accuracy: 0.9393
2025-01-12 21:55:56,034 - INFO - Epoch [5/100], Train Accuracy: 0.9953, Val Accuracy: 0.9393
2025-01-12 21:55:56,043 - INFO - Fold 3 Validation Accuracy: 0.9393
2025-01-12 21:55:56,046 - INFO - Save model to C:\Users\LeoLi\OneDrive - 学校法人立命館\Ritsumei\4th_Semester\Artificial_Intelligence\final_project\code\FNN/model/2025-01-12/21-55-52/model_2.pth
2025-01-12 21:55:56,047 - INFO - Training for fold 4/5
2025-01-12 21:55:56,159 - INFO - Epoch [1/100], Train Accuracy: 0.3987, Val Accuracy: 0.7400
2025-01-12 21:55:56,276 - INFO - Epoch [2/100], Train Accuracy: 0.8985, Val Accuracy: 0.9015
2025-01-12 21:55:56,386 - INFO - Epoch [3/100], Train Accuracy: 0.9524, Val Accuracy: 0.9182
2025-01-12 21:55:56,504 - INFO - Epoch [4/100], Train Accuracy: 0.9843, Val Accuracy: 0.9119
2025-01-12 21:55:56,613 - INFO - Epoch [5/100], Train Accuracy: 0.9974, Val Accuracy: 0.9140
2025-01-12 21:55:56,626 - INFO - Fold 4 Validation Accuracy: 0.9140
2025-01-12 21:55:56,628 - INFO - Save model to C:\Users\LeoLi\OneDrive - 学校法人立命館\Ritsumei\4th_Semester\Artificial_Intelligence\final_project\code\FNN/model/2025-01-12/21-55-52/model_3.pth
2025-01-12 21:55:56,629 - INFO - Training for fold 5/5
2025-01-12 21:55:56,750 - INFO - Epoch [1/100], Train Accuracy: 0.4108, Val Accuracy: 0.9203
2025-01-12 21:55:56,859 - INFO - Epoch [2/100], Train Accuracy: 0.9011, Val Accuracy: 0.9182
2025-01-12 21:55:56,978 - INFO - Epoch [3/100], Train Accuracy: 0.9456, Val Accuracy: 0.9455
2025-01-12 21:55:57,092 - INFO - Epoch [4/100], Train Accuracy: 0.9744, Val Accuracy: 0.9392
2025-01-12 21:55:57,209 - INFO - Epoch [5/100], Train Accuracy: 0.9937, Val Accuracy: 0.9371
2025-01-12 21:55:57,324 - INFO - Epoch [6/100], Train Accuracy: 0.9990, Val Accuracy: 0.9308
2025-01-12 21:55:57,334 - INFO - Fold 5 Validation Accuracy: 0.9308
2025-01-12 21:55:57,337 - INFO - Save model to C:\Users\LeoLi\OneDrive - 学校法人立命館\Ritsumei\4th_Semester\Artificial_Intelligence\final_project\code\FNN/model/2025-01-12/21-55-52/model_4.pth
2025-01-12 21:55:57,337 - INFO - Average Validation Accuracy (Over 5 folds): 0.9242 

