2025-01-12 22:00:31,764 - INFO - Training with Vectorized Data 1000 features. Dropout Rate 0.70. Dataset Size 2388
2025-01-12 22:00:31,764 - INFO - Training for fold 1/5
2025-01-12 22:00:32,943 - INFO - Epoch [1/100], Train Accuracy: 0.3806, Val Accuracy: 0.6151
2025-01-12 22:00:33,057 - INFO - Epoch [2/100], Train Accuracy: 0.8618, Val Accuracy: 0.8703
2025-01-12 22:00:33,173 - INFO - Epoch [3/100], Train Accuracy: 0.9346, Val Accuracy: 0.8996
2025-01-12 22:00:33,293 - INFO - Epoch [4/100], Train Accuracy: 0.9644, Val Accuracy: 0.9289
2025-01-12 22:00:33,431 - INFO - Epoch [5/100], Train Accuracy: 0.9843, Val Accuracy: 0.9289
2025-01-12 22:00:33,605 - INFO - Epoch [6/100], Train Accuracy: 0.9927, Val Accuracy: 0.9372
2025-01-12 22:00:33,767 - INFO - Epoch [7/100], Train Accuracy: 0.9979, Val Accuracy: 0.9331
2025-01-12 22:00:33,784 - INFO - Fold 1 Validation Accuracy: 0.9331
2025-01-12 22:00:33,788 - INFO - Save model to C:\Users\LeoLi\OneDrive - 学校法人立命館\Ritsumei\4th_Semester\Artificial_Intelligence\final_project\code\FNN/model/2025-01-12/22-00-31/model_0.pth
2025-01-12 22:00:33,789 - INFO - Training for fold 2/5
2025-01-12 22:00:33,981 - INFO - Epoch [1/100], Train Accuracy: 0.3586, Val Accuracy: 0.3556
2025-01-12 22:00:34,097 - INFO - Epoch [2/100], Train Accuracy: 0.7895, Val Accuracy: 0.8808
2025-01-12 22:00:34,225 - INFO - Epoch [3/100], Train Accuracy: 0.9414, Val Accuracy: 0.9100
2025-01-12 22:00:34,339 - INFO - Epoch [4/100], Train Accuracy: 0.9665, Val Accuracy: 0.9226
2025-01-12 22:00:34,444 - INFO - Epoch [5/100], Train Accuracy: 0.9874, Val Accuracy: 0.9226
2025-01-12 22:00:34,544 - INFO - Epoch [6/100], Train Accuracy: 0.9937, Val Accuracy: 0.9226
2025-01-12 22:00:34,650 - INFO - Epoch [7/100], Train Accuracy: 0.9984, Val Accuracy: 0.9247
2025-01-12 22:00:34,768 - INFO - Epoch [8/100], Train Accuracy: 0.9995, Val Accuracy: 0.9184
2025-01-12 22:00:34,777 - INFO - Fold 2 Validation Accuracy: 0.9184
2025-01-12 22:00:34,779 - INFO - Save model to C:\Users\LeoLi\OneDrive - 学校法人立命館\Ritsumei\4th_Semester\Artificial_Intelligence\final_project\code\FNN/model/2025-01-12/22-00-31/model_1.pth
2025-01-12 22:00:34,779 - INFO - Training for fold 3/5
2025-01-12 22:00:34,906 - INFO - Epoch [1/100], Train Accuracy: 0.3963, Val Accuracy: 0.7050
2025-01-12 22:00:35,009 - INFO - Epoch [2/100], Train Accuracy: 0.8969, Val Accuracy: 0.8975
2025-01-12 22:00:35,133 - INFO - Epoch [3/100], Train Accuracy: 0.9319, Val Accuracy: 0.9059
2025-01-12 22:00:35,249 - INFO - Epoch [4/100], Train Accuracy: 0.9607, Val Accuracy: 0.9205
2025-01-12 22:00:35,363 - INFO - Epoch [5/100], Train Accuracy: 0.9801, Val Accuracy: 0.9205
2025-01-12 22:00:35,477 - INFO - Epoch [6/100], Train Accuracy: 0.9932, Val Accuracy: 0.9205
2025-01-12 22:00:35,589 - INFO - Epoch [7/100], Train Accuracy: 0.9995, Val Accuracy: 0.9205
2025-01-12 22:00:35,701 - INFO - Epoch [8/100], Train Accuracy: 1.0000, Val Accuracy: 0.9226
2025-01-12 22:00:35,713 - INFO - Fold 3 Validation Accuracy: 0.9226
2025-01-12 22:00:35,715 - INFO - Save model to C:\Users\LeoLi\OneDrive - 学校法人立命館\Ritsumei\4th_Semester\Artificial_Intelligence\final_project\code\FNN/model/2025-01-12/22-00-31/model_2.pth
2025-01-12 22:00:35,716 - INFO - Training for fold 4/5
2025-01-12 22:00:35,833 - INFO - Epoch [1/100], Train Accuracy: 0.3574, Val Accuracy: 0.4465
2025-01-12 22:00:35,957 - INFO - Epoch [2/100], Train Accuracy: 0.6949, Val Accuracy: 0.8176
2025-01-12 22:00:36,073 - INFO - Epoch [3/100], Train Accuracy: 0.9184, Val Accuracy: 0.9182
2025-01-12 22:00:36,191 - INFO - Epoch [4/100], Train Accuracy: 0.9602, Val Accuracy: 0.9287
2025-01-12 22:00:36,317 - INFO - Epoch [5/100], Train Accuracy: 0.9806, Val Accuracy: 0.9287
2025-01-12 22:00:36,431 - INFO - Epoch [6/100], Train Accuracy: 0.9922, Val Accuracy: 0.9329
2025-01-12 22:00:36,546 - INFO - Epoch [7/100], Train Accuracy: 0.9984, Val Accuracy: 0.9329
2025-01-12 22:00:36,657 - INFO - Epoch [8/100], Train Accuracy: 0.9990, Val Accuracy: 0.9245
2025-01-12 22:00:36,667 - INFO - Fold 4 Validation Accuracy: 0.9245
2025-01-12 22:00:36,669 - INFO - Save model to C:\Users\LeoLi\OneDrive - 学校法人立命館\Ritsumei\4th_Semester\Artificial_Intelligence\final_project\code\FNN/model/2025-01-12/22-00-31/model_3.pth
2025-01-12 22:00:36,669 - INFO - Training for fold 5/5
2025-01-12 22:00:36,792 - INFO - Epoch [1/100], Train Accuracy: 0.3359, Val Accuracy: 0.3501
2025-01-12 22:00:36,894 - INFO - Epoch [2/100], Train Accuracy: 0.7650, Val Accuracy: 0.8805
2025-01-12 22:00:37,007 - INFO - Epoch [3/100], Train Accuracy: 0.8922, Val Accuracy: 0.9266
2025-01-12 22:00:37,107 - INFO - Epoch [4/100], Train Accuracy: 0.9560, Val Accuracy: 0.9392
2025-01-12 22:00:37,213 - INFO - Epoch [5/100], Train Accuracy: 0.9812, Val Accuracy: 0.9329
2025-01-12 22:00:37,318 - INFO - Epoch [6/100], Train Accuracy: 0.9906, Val Accuracy: 0.9434
2025-01-12 22:00:37,431 - INFO - Epoch [7/100], Train Accuracy: 0.9979, Val Accuracy: 0.9392
2025-01-12 22:00:37,439 - INFO - Fold 5 Validation Accuracy: 0.9392
2025-01-12 22:00:37,443 - INFO - Save model to C:\Users\LeoLi\OneDrive - 学校法人立命館\Ritsumei\4th_Semester\Artificial_Intelligence\final_project\code\FNN/model/2025-01-12/22-00-31/model_4.pth
2025-01-12 22:00:37,443 - INFO - Average Validation Accuracy (Over 5 folds): 0.9276 

