2025-01-12 22:32:39,157 - INFO - Training with Vectorized Data 1000 features. Dropout Rate 0.70. Dataset Size 2388
2025-01-12 22:32:39,870 - INFO - Training for fold 1/5
2025-01-12 22:32:40,903 - INFO - Epoch [1/100], Train Accuracy: 0.3414, Val Accuracy: 0.3515
2025-01-12 22:32:41,020 - INFO - Epoch [2/100], Train Accuracy: 0.7571, Val Accuracy: 0.8431
2025-01-12 22:32:41,134 - INFO - Epoch [3/100], Train Accuracy: 0.9131, Val Accuracy: 0.8849
2025-01-12 22:32:41,253 - INFO - Epoch [4/100], Train Accuracy: 0.9571, Val Accuracy: 0.8933
2025-01-12 22:32:41,368 - INFO - Epoch [5/100], Train Accuracy: 0.9822, Val Accuracy: 0.9017
2025-01-12 22:32:41,484 - INFO - Epoch [6/100], Train Accuracy: 0.9901, Val Accuracy: 0.9079
2025-01-12 22:32:41,598 - INFO - Epoch [7/100], Train Accuracy: 0.9984, Val Accuracy: 0.9100
2025-01-12 22:32:41,724 - INFO - Epoch [8/100], Train Accuracy: 0.9995, Val Accuracy: 0.9079
2025-01-12 22:32:41,733 - INFO - Fold 1 Validation Accuracy: 0.9079
2025-01-12 22:32:41,736 - INFO - Save model to C:\Users\LeoLi\OneDrive - 学校法人立命館\Ritsumei\4th_Semester\Artificial_Intelligence\final_project\code\FNN/model/2025-01-12/22-32-38/model_0.pth
2025-01-12 22:32:41,736 - INFO - Training for fold 2/5
2025-01-12 22:32:41,864 - INFO - Epoch [1/100], Train Accuracy: 0.4382, Val Accuracy: 0.6883
2025-01-12 22:32:41,991 - INFO - Epoch [2/100], Train Accuracy: 0.7749, Val Accuracy: 0.8473
2025-01-12 22:32:42,111 - INFO - Epoch [3/100], Train Accuracy: 0.9131, Val Accuracy: 0.8912
2025-01-12 22:32:42,234 - INFO - Epoch [4/100], Train Accuracy: 0.9565, Val Accuracy: 0.9038
2025-01-12 22:32:42,352 - INFO - Epoch [5/100], Train Accuracy: 0.9770, Val Accuracy: 0.9184
2025-01-12 22:32:42,482 - INFO - Epoch [6/100], Train Accuracy: 0.9921, Val Accuracy: 0.9121
2025-01-12 22:32:42,611 - INFO - Epoch [7/100], Train Accuracy: 0.9974, Val Accuracy: 0.9121
2025-01-12 22:32:42,621 - INFO - Fold 2 Validation Accuracy: 0.9121
2025-01-12 22:32:42,624 - INFO - Save model to C:\Users\LeoLi\OneDrive - 学校法人立命館\Ritsumei\4th_Semester\Artificial_Intelligence\final_project\code\FNN/model/2025-01-12/22-32-38/model_1.pth
2025-01-12 22:32:42,624 - INFO - Training for fold 3/5
2025-01-12 22:32:42,749 - INFO - Epoch [1/100], Train Accuracy: 0.3414, Val Accuracy: 0.3096
2025-01-12 22:32:42,864 - INFO - Epoch [2/100], Train Accuracy: 0.6780, Val Accuracy: 0.8828
2025-01-12 22:32:42,980 - INFO - Epoch [3/100], Train Accuracy: 0.9272, Val Accuracy: 0.9017
2025-01-12 22:32:43,100 - INFO - Epoch [4/100], Train Accuracy: 0.9654, Val Accuracy: 0.9079
2025-01-12 22:32:43,217 - INFO - Epoch [5/100], Train Accuracy: 0.9853, Val Accuracy: 0.9142
2025-01-12 22:32:43,335 - INFO - Epoch [6/100], Train Accuracy: 0.9927, Val Accuracy: 0.9059
2025-01-12 22:32:43,450 - INFO - Epoch [7/100], Train Accuracy: 0.9974, Val Accuracy: 0.9038
2025-01-12 22:32:43,462 - INFO - Fold 3 Validation Accuracy: 0.9038
2025-01-12 22:32:43,464 - INFO - Save model to C:\Users\LeoLi\OneDrive - 学校法人立命館\Ritsumei\4th_Semester\Artificial_Intelligence\final_project\code\FNN/model/2025-01-12/22-32-38/model_2.pth
2025-01-12 22:32:43,464 - INFO - Training for fold 4/5
2025-01-12 22:32:43,589 - INFO - Epoch [1/100], Train Accuracy: 0.3422, Val Accuracy: 0.3962
2025-01-12 22:32:43,721 - INFO - Epoch [2/100], Train Accuracy: 0.7729, Val Accuracy: 0.9036
2025-01-12 22:32:43,838 - INFO - Epoch [3/100], Train Accuracy: 0.9147, Val Accuracy: 0.9161
2025-01-12 22:32:43,956 - INFO - Epoch [4/100], Train Accuracy: 0.9519, Val Accuracy: 0.9350
2025-01-12 22:32:44,077 - INFO - Epoch [5/100], Train Accuracy: 0.9775, Val Accuracy: 0.9350
2025-01-12 22:32:44,198 - INFO - Epoch [6/100], Train Accuracy: 0.9937, Val Accuracy: 0.9392
2025-01-12 22:32:44,317 - INFO - Epoch [7/100], Train Accuracy: 0.9979, Val Accuracy: 0.9434
2025-01-12 22:32:44,432 - INFO - Epoch [8/100], Train Accuracy: 0.9995, Val Accuracy: 0.9329
2025-01-12 22:32:44,447 - INFO - Fold 4 Validation Accuracy: 0.9329
2025-01-12 22:32:44,450 - INFO - Save model to C:\Users\LeoLi\OneDrive - 学校法人立命館\Ritsumei\4th_Semester\Artificial_Intelligence\final_project\code\FNN/model/2025-01-12/22-32-38/model_3.pth
2025-01-12 22:32:44,450 - INFO - Training for fold 5/5
2025-01-12 22:32:44,577 - INFO - Epoch [1/100], Train Accuracy: 0.4453, Val Accuracy: 0.5849
2025-01-12 22:32:44,691 - INFO - Epoch [2/100], Train Accuracy: 0.7457, Val Accuracy: 0.8805
2025-01-12 22:32:44,812 - INFO - Epoch [3/100], Train Accuracy: 0.9241, Val Accuracy: 0.9078
2025-01-12 22:32:44,925 - INFO - Epoch [4/100], Train Accuracy: 0.9602, Val Accuracy: 0.9245
2025-01-12 22:32:45,039 - INFO - Epoch [5/100], Train Accuracy: 0.9822, Val Accuracy: 0.9329
2025-01-12 22:32:45,157 - INFO - Epoch [6/100], Train Accuracy: 0.9927, Val Accuracy: 0.9287
2025-01-12 22:32:45,276 - INFO - Epoch [7/100], Train Accuracy: 0.9974, Val Accuracy: 0.9413
2025-01-12 22:32:45,389 - INFO - Epoch [8/100], Train Accuracy: 0.9990, Val Accuracy: 0.9350
2025-01-12 22:32:45,398 - INFO - Fold 5 Validation Accuracy: 0.9350
2025-01-12 22:32:45,400 - INFO - Save model to C:\Users\LeoLi\OneDrive - 学校法人立命館\Ritsumei\4th_Semester\Artificial_Intelligence\final_project\code\FNN/model/2025-01-12/22-32-38/model_4.pth
2025-01-12 22:32:45,401 - INFO - Average Validation Accuracy (Over 5 folds): 0.9184 

