2025-01-12 22:46:03,968 - INFO - Training with Vectorized Data 1000 features. Dropout Rate 0.70. Dataset Size 2388
2025-01-12 22:46:03,969 - INFO - Training for fold 1/5
2025-01-12 22:46:05,056 - INFO - Epoch [1/100], Train Accuracy: 0.3372, Val Accuracy: 0.3180
2025-01-12 22:46:05,157 - INFO - Epoch [2/100], Train Accuracy: 0.3372, Val Accuracy: 0.3180
2025-01-12 22:46:05,259 - INFO - Epoch [3/100], Train Accuracy: 0.3372, Val Accuracy: 0.3180
2025-01-12 22:46:05,363 - INFO - Epoch [4/100], Train Accuracy: 0.3372, Val Accuracy: 0.3180
2025-01-12 22:46:05,456 - INFO - Epoch [5/100], Train Accuracy: 0.3372, Val Accuracy: 0.3180
2025-01-12 22:46:05,561 - INFO - Epoch [6/100], Train Accuracy: 0.3372, Val Accuracy: 0.3180
2025-01-12 22:46:05,666 - INFO - Epoch [7/100], Train Accuracy: 0.3372, Val Accuracy: 0.3180
2025-01-12 22:46:05,769 - INFO - Epoch [8/100], Train Accuracy: 0.3372, Val Accuracy: 0.3180
2025-01-12 22:46:05,872 - INFO - Epoch [9/100], Train Accuracy: 0.3372, Val Accuracy: 0.3180
2025-01-12 22:46:05,970 - INFO - Epoch [10/100], Train Accuracy: 0.3372, Val Accuracy: 0.3180
2025-01-12 22:46:06,070 - INFO - Epoch [11/100], Train Accuracy: 0.3372, Val Accuracy: 0.3180
2025-01-12 22:46:06,174 - INFO - Epoch [12/100], Train Accuracy: 0.3372, Val Accuracy: 0.3180
2025-01-12 22:46:06,275 - INFO - Epoch [13/100], Train Accuracy: 0.4607, Val Accuracy: 0.5105
2025-01-12 22:46:06,381 - INFO - Epoch [14/100], Train Accuracy: 0.6429, Val Accuracy: 0.5188
2025-01-12 22:46:06,485 - INFO - Epoch [15/100], Train Accuracy: 0.6476, Val Accuracy: 0.5314
2025-01-12 22:46:06,585 - INFO - Epoch [16/100], Train Accuracy: 0.6539, Val Accuracy: 0.5481
2025-01-12 22:46:06,690 - INFO - Epoch [17/100], Train Accuracy: 0.6602, Val Accuracy: 0.5523
2025-01-12 22:46:06,795 - INFO - Epoch [18/100], Train Accuracy: 0.6623, Val Accuracy: 0.5628
2025-01-12 22:46:06,902 - INFO - Epoch [19/100], Train Accuracy: 0.6634, Val Accuracy: 0.5649
2025-01-12 22:46:07,009 - INFO - Epoch [20/100], Train Accuracy: 0.6675, Val Accuracy: 0.5649
2025-01-12 22:46:07,109 - INFO - Epoch [21/100], Train Accuracy: 0.6691, Val Accuracy: 0.5690
2025-01-12 22:46:07,214 - INFO - Epoch [22/100], Train Accuracy: 0.6702, Val Accuracy: 0.5690
2025-01-12 22:46:07,318 - INFO - Epoch [23/100], Train Accuracy: 0.6728, Val Accuracy: 0.5711
2025-01-12 22:46:07,417 - INFO - Epoch [24/100], Train Accuracy: 0.6806, Val Accuracy: 0.5753
2025-01-12 22:46:07,521 - INFO - Epoch [25/100], Train Accuracy: 0.6843, Val Accuracy: 0.5816
2025-01-12 22:46:07,624 - INFO - Epoch [26/100], Train Accuracy: 0.6864, Val Accuracy: 0.5858
2025-01-12 22:46:07,722 - INFO - Epoch [27/100], Train Accuracy: 0.6911, Val Accuracy: 0.5921
2025-01-12 22:46:07,826 - INFO - Epoch [28/100], Train Accuracy: 0.6911, Val Accuracy: 0.5921
2025-01-12 22:46:07,928 - INFO - Epoch [29/100], Train Accuracy: 0.6958, Val Accuracy: 0.5962
2025-01-12 22:46:08,036 - INFO - Epoch [30/100], Train Accuracy: 0.6979, Val Accuracy: 0.5921
2025-01-12 22:46:08,143 - INFO - Epoch [31/100], Train Accuracy: 0.7000, Val Accuracy: 0.5962
2025-01-12 22:46:08,250 - INFO - Epoch [32/100], Train Accuracy: 0.7026, Val Accuracy: 0.6025
2025-01-12 22:46:08,352 - INFO - Epoch [33/100], Train Accuracy: 0.7021, Val Accuracy: 0.6025
2025-01-12 22:46:08,458 - INFO - Epoch [34/100], Train Accuracy: 0.7037, Val Accuracy: 0.6046
2025-01-12 22:46:08,559 - INFO - Epoch [35/100], Train Accuracy: 0.7084, Val Accuracy: 0.6067
2025-01-12 22:46:08,659 - INFO - Epoch [36/100], Train Accuracy: 0.7099, Val Accuracy: 0.6088
2025-01-12 22:46:08,758 - INFO - Epoch [37/100], Train Accuracy: 0.7131, Val Accuracy: 0.6109
2025-01-12 22:46:08,862 - INFO - Epoch [38/100], Train Accuracy: 0.7152, Val Accuracy: 0.6130
2025-01-12 22:46:08,966 - INFO - Epoch [39/100], Train Accuracy: 0.7183, Val Accuracy: 0.6130
2025-01-12 22:46:09,071 - INFO - Epoch [40/100], Train Accuracy: 0.7194, Val Accuracy: 0.6109
2025-01-12 22:46:09,168 - INFO - Epoch [41/100], Train Accuracy: 0.7251, Val Accuracy: 0.6109
2025-01-12 22:46:09,265 - INFO - Epoch [42/100], Train Accuracy: 0.7272, Val Accuracy: 0.6130
2025-01-12 22:46:09,360 - INFO - Epoch [43/100], Train Accuracy: 0.7309, Val Accuracy: 0.6172
2025-01-12 22:46:09,450 - INFO - Epoch [44/100], Train Accuracy: 0.7361, Val Accuracy: 0.6151
2025-01-12 22:46:09,542 - INFO - Epoch [45/100], Train Accuracy: 0.7419, Val Accuracy: 0.6192
2025-01-12 22:46:09,630 - INFO - Epoch [46/100], Train Accuracy: 0.7471, Val Accuracy: 0.6151
2025-01-12 22:46:09,727 - INFO - Epoch [47/100], Train Accuracy: 0.7545, Val Accuracy: 0.6192
2025-01-12 22:46:09,833 - INFO - Epoch [48/100], Train Accuracy: 0.7618, Val Accuracy: 0.6234
2025-01-12 22:46:09,921 - INFO - Epoch [49/100], Train Accuracy: 0.7691, Val Accuracy: 0.6276
2025-01-12 22:46:10,007 - INFO - Epoch [50/100], Train Accuracy: 0.7775, Val Accuracy: 0.6234
2025-01-12 22:46:10,097 - INFO - Epoch [51/100], Train Accuracy: 0.7806, Val Accuracy: 0.6234
2025-01-12 22:46:10,181 - INFO - Epoch [52/100], Train Accuracy: 0.7827, Val Accuracy: 0.6213
2025-01-12 22:46:10,270 - INFO - Epoch [53/100], Train Accuracy: 0.7869, Val Accuracy: 0.6213
2025-01-12 22:46:10,362 - INFO - Epoch [54/100], Train Accuracy: 0.7942, Val Accuracy: 0.6234
2025-01-12 22:46:10,453 - INFO - Epoch [55/100], Train Accuracy: 0.7984, Val Accuracy: 0.6255
2025-01-12 22:46:10,542 - INFO - Epoch [56/100], Train Accuracy: 0.8016, Val Accuracy: 0.6297
2025-01-12 22:46:10,631 - INFO - Epoch [57/100], Train Accuracy: 0.8047, Val Accuracy: 0.6318
2025-01-12 22:46:10,721 - INFO - Epoch [58/100], Train Accuracy: 0.8063, Val Accuracy: 0.6423
2025-01-12 22:46:10,827 - INFO - Epoch [59/100], Train Accuracy: 0.8099, Val Accuracy: 0.6402
2025-01-12 22:46:10,912 - INFO - Epoch [60/100], Train Accuracy: 0.8126, Val Accuracy: 0.6381
2025-01-12 22:46:10,998 - INFO - Epoch [61/100], Train Accuracy: 0.8183, Val Accuracy: 0.6381
2025-01-12 22:46:11,083 - INFO - Epoch [62/100], Train Accuracy: 0.8236, Val Accuracy: 0.6381
2025-01-12 22:46:11,171 - INFO - Epoch [63/100], Train Accuracy: 0.8293, Val Accuracy: 0.6423
2025-01-12 22:46:11,263 - INFO - Epoch [64/100], Train Accuracy: 0.8356, Val Accuracy: 0.6464
2025-01-12 22:46:11,351 - INFO - Epoch [65/100], Train Accuracy: 0.8429, Val Accuracy: 0.6527
2025-01-12 22:46:11,439 - INFO - Epoch [66/100], Train Accuracy: 0.8461, Val Accuracy: 0.6590
2025-01-12 22:46:11,528 - INFO - Epoch [67/100], Train Accuracy: 0.8529, Val Accuracy: 0.6715
2025-01-12 22:46:11,616 - INFO - Epoch [68/100], Train Accuracy: 0.8607, Val Accuracy: 0.6799
2025-01-12 22:46:11,701 - INFO - Epoch [69/100], Train Accuracy: 0.8639, Val Accuracy: 0.6862
2025-01-12 22:46:11,796 - INFO - Epoch [70/100], Train Accuracy: 0.8660, Val Accuracy: 0.6925
2025-01-12 22:46:11,889 - INFO - Epoch [71/100], Train Accuracy: 0.8707, Val Accuracy: 0.6946
2025-01-12 22:46:11,975 - INFO - Epoch [72/100], Train Accuracy: 0.8754, Val Accuracy: 0.6987
2025-01-12 22:46:12,072 - INFO - Epoch [73/100], Train Accuracy: 0.8812, Val Accuracy: 0.7134
2025-01-12 22:46:12,160 - INFO - Epoch [74/100], Train Accuracy: 0.8869, Val Accuracy: 0.7155
2025-01-12 22:46:12,250 - INFO - Epoch [75/100], Train Accuracy: 0.8932, Val Accuracy: 0.7197
2025-01-12 22:46:12,343 - INFO - Epoch [76/100], Train Accuracy: 0.9000, Val Accuracy: 0.7218
2025-01-12 22:46:12,434 - INFO - Epoch [77/100], Train Accuracy: 0.9052, Val Accuracy: 0.7322
2025-01-12 22:46:12,521 - INFO - Epoch [78/100], Train Accuracy: 0.9063, Val Accuracy: 0.7406
2025-01-12 22:46:12,612 - INFO - Epoch [79/100], Train Accuracy: 0.9126, Val Accuracy: 0.7427
2025-01-12 22:46:12,701 - INFO - Epoch [80/100], Train Accuracy: 0.9178, Val Accuracy: 0.7427
2025-01-12 22:46:12,799 - INFO - Epoch [81/100], Train Accuracy: 0.9209, Val Accuracy: 0.7448
2025-01-12 22:46:12,895 - INFO - Epoch [82/100], Train Accuracy: 0.9241, Val Accuracy: 0.7448
2025-01-12 22:46:12,988 - INFO - Epoch [83/100], Train Accuracy: 0.9251, Val Accuracy: 0.7510
2025-01-12 22:46:13,075 - INFO - Epoch [84/100], Train Accuracy: 0.9309, Val Accuracy: 0.7510
2025-01-12 22:46:13,162 - INFO - Epoch [85/100], Train Accuracy: 0.9330, Val Accuracy: 0.7531
2025-01-12 22:46:13,255 - INFO - Epoch [86/100], Train Accuracy: 0.9340, Val Accuracy: 0.7573
2025-01-12 22:46:13,346 - INFO - Epoch [87/100], Train Accuracy: 0.9351, Val Accuracy: 0.7573
2025-01-12 22:46:13,445 - INFO - Epoch [88/100], Train Accuracy: 0.9366, Val Accuracy: 0.7594
2025-01-12 22:46:13,536 - INFO - Epoch [89/100], Train Accuracy: 0.9366, Val Accuracy: 0.7657
2025-01-12 22:46:13,623 - INFO - Epoch [90/100], Train Accuracy: 0.9361, Val Accuracy: 0.7657
2025-01-12 22:46:13,726 - INFO - Epoch [91/100], Train Accuracy: 0.9372, Val Accuracy: 0.7657
2025-01-12 22:46:13,818 - INFO - Epoch [92/100], Train Accuracy: 0.9377, Val Accuracy: 0.7636
2025-01-12 22:46:13,913 - INFO - Epoch [93/100], Train Accuracy: 0.9366, Val Accuracy: 0.7615
2025-01-12 22:46:14,008 - INFO - Epoch [94/100], Train Accuracy: 0.9372, Val Accuracy: 0.7636
2025-01-12 22:46:14,097 - INFO - Epoch [95/100], Train Accuracy: 0.9377, Val Accuracy: 0.7615
2025-01-12 22:46:14,199 - INFO - Epoch [96/100], Train Accuracy: 0.9387, Val Accuracy: 0.7636
2025-01-12 22:46:14,291 - INFO - Epoch [97/100], Train Accuracy: 0.9387, Val Accuracy: 0.7636
2025-01-12 22:46:14,379 - INFO - Epoch [98/100], Train Accuracy: 0.9414, Val Accuracy: 0.7657
2025-01-12 22:46:14,475 - INFO - Epoch [99/100], Train Accuracy: 0.9414, Val Accuracy: 0.7657
2025-01-12 22:46:14,576 - INFO - Epoch [100/100], Train Accuracy: 0.9429, Val Accuracy: 0.7636
2025-01-12 22:46:14,585 - INFO - Fold 1 Validation Accuracy: 0.7636
2025-01-12 22:46:14,589 - INFO - Save model to C:\Users\LeoLi\OneDrive - 学校法人立命館\Ritsumei\4th_Semester\Artificial_Intelligence\final_project\code\FNN/model/2025-01-12/22-46-03/model_0.pth
2025-01-12 22:46:14,590 - INFO - Training for fold 2/5
2025-01-12 22:46:14,722 - INFO - Epoch [1/100], Train Accuracy: 0.3377, Val Accuracy: 0.3159
2025-01-12 22:46:14,815 - INFO - Epoch [2/100], Train Accuracy: 0.3377, Val Accuracy: 0.3159
2025-01-12 22:46:14,907 - INFO - Epoch [3/100], Train Accuracy: 0.3377, Val Accuracy: 0.3159
2025-01-12 22:46:15,010 - INFO - Epoch [4/100], Train Accuracy: 0.3377, Val Accuracy: 0.3159
2025-01-12 22:46:15,126 - INFO - Epoch [5/100], Train Accuracy: 0.3382, Val Accuracy: 0.3285
2025-01-12 22:46:15,230 - INFO - Epoch [6/100], Train Accuracy: 0.4325, Val Accuracy: 0.4728
2025-01-12 22:46:15,355 - INFO - Epoch [7/100], Train Accuracy: 0.5717, Val Accuracy: 0.5690
2025-01-12 22:46:15,453 - INFO - Epoch [8/100], Train Accuracy: 0.6277, Val Accuracy: 0.6025
2025-01-12 22:46:15,571 - INFO - Epoch [9/100], Train Accuracy: 0.6435, Val Accuracy: 0.6151
2025-01-12 22:46:15,668 - INFO - Epoch [10/100], Train Accuracy: 0.6450, Val Accuracy: 0.6025
2025-01-12 22:46:15,775 - INFO - Epoch [11/100], Train Accuracy: 0.6445, Val Accuracy: 0.6025
2025-01-12 22:46:15,885 - INFO - Epoch [12/100], Train Accuracy: 0.6455, Val Accuracy: 0.6025
2025-01-12 22:46:15,983 - INFO - Epoch [13/100], Train Accuracy: 0.6466, Val Accuracy: 0.5983
2025-01-12 22:46:16,082 - INFO - Epoch [14/100], Train Accuracy: 0.6476, Val Accuracy: 0.6046
2025-01-12 22:46:16,181 - INFO - Epoch [15/100], Train Accuracy: 0.6487, Val Accuracy: 0.6046
2025-01-12 22:46:16,284 - INFO - Epoch [16/100], Train Accuracy: 0.6503, Val Accuracy: 0.6046
2025-01-12 22:46:16,382 - INFO - Epoch [17/100], Train Accuracy: 0.6518, Val Accuracy: 0.6067
2025-01-12 22:46:16,486 - INFO - Epoch [18/100], Train Accuracy: 0.6529, Val Accuracy: 0.6088
2025-01-12 22:46:16,585 - INFO - Epoch [19/100], Train Accuracy: 0.6550, Val Accuracy: 0.6088
2025-01-12 22:46:16,687 - INFO - Epoch [20/100], Train Accuracy: 0.6550, Val Accuracy: 0.6088
2025-01-12 22:46:16,796 - INFO - Epoch [21/100], Train Accuracy: 0.6555, Val Accuracy: 0.6088
2025-01-12 22:46:16,898 - INFO - Epoch [22/100], Train Accuracy: 0.6576, Val Accuracy: 0.6130
2025-01-12 22:46:16,997 - INFO - Epoch [23/100], Train Accuracy: 0.6576, Val Accuracy: 0.6130
2025-01-12 22:46:17,104 - INFO - Epoch [24/100], Train Accuracy: 0.6586, Val Accuracy: 0.6130
2025-01-12 22:46:17,204 - INFO - Epoch [25/100], Train Accuracy: 0.6586, Val Accuracy: 0.6130
2025-01-12 22:46:17,305 - INFO - Epoch [26/100], Train Accuracy: 0.6592, Val Accuracy: 0.6130
2025-01-12 22:46:17,404 - INFO - Epoch [27/100], Train Accuracy: 0.6597, Val Accuracy: 0.6130
2025-01-12 22:46:17,506 - INFO - Epoch [28/100], Train Accuracy: 0.6607, Val Accuracy: 0.6130
2025-01-12 22:46:17,607 - INFO - Epoch [29/100], Train Accuracy: 0.6607, Val Accuracy: 0.6130
2025-01-12 22:46:17,703 - INFO - Epoch [30/100], Train Accuracy: 0.6618, Val Accuracy: 0.6130
2025-01-12 22:46:17,803 - INFO - Epoch [31/100], Train Accuracy: 0.6618, Val Accuracy: 0.6130
2025-01-12 22:46:17,906 - INFO - Epoch [32/100], Train Accuracy: 0.6634, Val Accuracy: 0.6130
2025-01-12 22:46:18,000 - INFO - Epoch [33/100], Train Accuracy: 0.6644, Val Accuracy: 0.6130
2025-01-12 22:46:18,102 - INFO - Epoch [34/100], Train Accuracy: 0.6649, Val Accuracy: 0.6130
2025-01-12 22:46:18,203 - INFO - Epoch [35/100], Train Accuracy: 0.6654, Val Accuracy: 0.6130
2025-01-12 22:46:18,295 - INFO - Epoch [36/100], Train Accuracy: 0.6660, Val Accuracy: 0.6109
2025-01-12 22:46:18,397 - INFO - Epoch [37/100], Train Accuracy: 0.6654, Val Accuracy: 0.6109
2025-01-12 22:46:18,496 - INFO - Epoch [38/100], Train Accuracy: 0.6660, Val Accuracy: 0.6109
2025-01-12 22:46:18,589 - INFO - Epoch [39/100], Train Accuracy: 0.6665, Val Accuracy: 0.6109
2025-01-12 22:46:18,690 - INFO - Epoch [40/100], Train Accuracy: 0.6665, Val Accuracy: 0.6109
2025-01-12 22:46:18,795 - INFO - Epoch [41/100], Train Accuracy: 0.6670, Val Accuracy: 0.6109
2025-01-12 22:46:18,893 - INFO - Epoch [42/100], Train Accuracy: 0.6597, Val Accuracy: 0.6109
2025-01-12 22:46:18,993 - INFO - Epoch [43/100], Train Accuracy: 0.6670, Val Accuracy: 0.6109
2025-01-12 22:46:19,090 - INFO - Epoch [44/100], Train Accuracy: 0.6670, Val Accuracy: 0.6109
2025-01-12 22:46:19,193 - INFO - Epoch [45/100], Train Accuracy: 0.6681, Val Accuracy: 0.6130
2025-01-12 22:46:19,287 - INFO - Epoch [46/100], Train Accuracy: 0.6691, Val Accuracy: 0.6109
2025-01-12 22:46:19,383 - INFO - Epoch [47/100], Train Accuracy: 0.6696, Val Accuracy: 0.6109
2025-01-12 22:46:19,487 - INFO - Epoch [48/100], Train Accuracy: 0.6644, Val Accuracy: 0.6109
2025-01-12 22:46:19,581 - INFO - Epoch [49/100], Train Accuracy: 0.6696, Val Accuracy: 0.6109
2025-01-12 22:46:19,676 - INFO - Epoch [50/100], Train Accuracy: 0.6702, Val Accuracy: 0.6130
2025-01-12 22:46:19,783 - INFO - Epoch [51/100], Train Accuracy: 0.6707, Val Accuracy: 0.6130
2025-01-12 22:46:19,881 - INFO - Epoch [52/100], Train Accuracy: 0.6702, Val Accuracy: 0.6130
2025-01-12 22:46:19,983 - INFO - Epoch [53/100], Train Accuracy: 0.6707, Val Accuracy: 0.6130
2025-01-12 22:46:20,084 - INFO - Epoch [54/100], Train Accuracy: 0.6634, Val Accuracy: 0.6025
2025-01-12 22:46:20,177 - INFO - Epoch [55/100], Train Accuracy: 0.6743, Val Accuracy: 0.6130
2025-01-12 22:46:20,281 - INFO - Epoch [56/100], Train Accuracy: 0.6712, Val Accuracy: 0.6067
2025-01-12 22:46:20,377 - INFO - Epoch [57/100], Train Accuracy: 0.6675, Val Accuracy: 0.6067
2025-01-12 22:46:20,472 - INFO - Epoch [58/100], Train Accuracy: 0.6743, Val Accuracy: 0.6130
2025-01-12 22:46:20,573 - INFO - Epoch [59/100], Train Accuracy: 0.6995, Val Accuracy: 0.6088
2025-01-12 22:46:20,667 - INFO - Epoch [60/100], Train Accuracy: 0.6806, Val Accuracy: 0.6109
2025-01-12 22:46:20,764 - INFO - Epoch [61/100], Train Accuracy: 0.7152, Val Accuracy: 0.6130
2025-01-12 22:46:20,862 - INFO - Epoch [62/100], Train Accuracy: 0.7147, Val Accuracy: 0.6172
2025-01-12 22:46:20,957 - INFO - Epoch [63/100], Train Accuracy: 0.6832, Val Accuracy: 0.6192
2025-01-12 22:46:21,075 - INFO - Epoch [64/100], Train Accuracy: 0.7246, Val Accuracy: 0.6255
2025-01-12 22:46:21,172 - INFO - Epoch [65/100], Train Accuracy: 0.7283, Val Accuracy: 0.6234
2025-01-12 22:46:21,268 - INFO - Epoch [66/100], Train Accuracy: 0.7325, Val Accuracy: 0.6234
2025-01-12 22:46:21,370 - INFO - Epoch [67/100], Train Accuracy: 0.7330, Val Accuracy: 0.6234
2025-01-12 22:46:21,464 - INFO - Epoch [68/100], Train Accuracy: 0.7377, Val Accuracy: 0.6276
2025-01-12 22:46:21,565 - INFO - Epoch [69/100], Train Accuracy: 0.7440, Val Accuracy: 0.6318
2025-01-12 22:46:21,659 - INFO - Epoch [70/100], Train Accuracy: 0.7476, Val Accuracy: 0.6297
2025-01-12 22:46:21,761 - INFO - Epoch [71/100], Train Accuracy: 0.7518, Val Accuracy: 0.6339
2025-01-12 22:46:21,877 - INFO - Epoch [72/100], Train Accuracy: 0.7581, Val Accuracy: 0.6360
2025-01-12 22:46:21,997 - INFO - Epoch [73/100], Train Accuracy: 0.7634, Val Accuracy: 0.6464
2025-01-12 22:46:22,113 - INFO - Epoch [74/100], Train Accuracy: 0.7691, Val Accuracy: 0.6485
2025-01-12 22:46:22,229 - INFO - Epoch [75/100], Train Accuracy: 0.7738, Val Accuracy: 0.6548
2025-01-12 22:46:22,347 - INFO - Epoch [76/100], Train Accuracy: 0.7817, Val Accuracy: 0.6611
2025-01-12 22:46:22,463 - INFO - Epoch [77/100], Train Accuracy: 0.7958, Val Accuracy: 0.6632
2025-01-12 22:46:22,581 - INFO - Epoch [78/100], Train Accuracy: 0.8042, Val Accuracy: 0.6632
2025-01-12 22:46:22,713 - INFO - Epoch [79/100], Train Accuracy: 0.8105, Val Accuracy: 0.6715
2025-01-12 22:46:22,852 - INFO - Epoch [80/100], Train Accuracy: 0.8147, Val Accuracy: 0.6778
2025-01-12 22:46:22,977 - INFO - Epoch [81/100], Train Accuracy: 0.8199, Val Accuracy: 0.6841
2025-01-12 22:46:23,097 - INFO - Epoch [82/100], Train Accuracy: 0.8277, Val Accuracy: 0.6967
2025-01-12 22:46:23,222 - INFO - Epoch [83/100], Train Accuracy: 0.8351, Val Accuracy: 0.7029
2025-01-12 22:46:23,348 - INFO - Epoch [84/100], Train Accuracy: 0.8471, Val Accuracy: 0.7092
2025-01-12 22:46:23,493 - INFO - Epoch [85/100], Train Accuracy: 0.8597, Val Accuracy: 0.7155
2025-01-12 22:46:23,614 - INFO - Epoch [86/100], Train Accuracy: 0.8654, Val Accuracy: 0.7218
2025-01-12 22:46:23,744 - INFO - Epoch [87/100], Train Accuracy: 0.8743, Val Accuracy: 0.7280
2025-01-12 22:46:23,866 - INFO - Epoch [88/100], Train Accuracy: 0.8822, Val Accuracy: 0.7343
2025-01-12 22:46:23,984 - INFO - Epoch [89/100], Train Accuracy: 0.8874, Val Accuracy: 0.7385
2025-01-12 22:46:24,094 - INFO - Epoch [90/100], Train Accuracy: 0.8984, Val Accuracy: 0.7531
2025-01-12 22:46:24,202 - INFO - Epoch [91/100], Train Accuracy: 0.9063, Val Accuracy: 0.7594
2025-01-12 22:46:24,326 - INFO - Epoch [92/100], Train Accuracy: 0.9157, Val Accuracy: 0.7594
2025-01-12 22:46:24,440 - INFO - Epoch [93/100], Train Accuracy: 0.9220, Val Accuracy: 0.7615
2025-01-12 22:46:24,558 - INFO - Epoch [94/100], Train Accuracy: 0.9293, Val Accuracy: 0.7573
2025-01-12 22:46:24,679 - INFO - Epoch [95/100], Train Accuracy: 0.9304, Val Accuracy: 0.7636
2025-01-12 22:46:24,804 - INFO - Epoch [96/100], Train Accuracy: 0.9377, Val Accuracy: 0.7699
2025-01-12 22:46:24,915 - INFO - Epoch [97/100], Train Accuracy: 0.9414, Val Accuracy: 0.7762
2025-01-12 22:46:25,039 - INFO - Epoch [98/100], Train Accuracy: 0.9435, Val Accuracy: 0.7741
2025-01-12 22:46:25,154 - INFO - Epoch [99/100], Train Accuracy: 0.9466, Val Accuracy: 0.7782
2025-01-12 22:46:25,279 - INFO - Epoch [100/100], Train Accuracy: 0.9508, Val Accuracy: 0.7845
2025-01-12 22:46:25,289 - INFO - Fold 2 Validation Accuracy: 0.7845
2025-01-12 22:46:25,291 - INFO - Save model to C:\Users\LeoLi\OneDrive - 学校法人立命館\Ritsumei\4th_Semester\Artificial_Intelligence\final_project\code\FNN/model/2025-01-12/22-46-03/model_1.pth
2025-01-12 22:46:25,291 - INFO - Training for fold 3/5
2025-01-12 22:46:25,421 - INFO - Epoch [1/100], Train Accuracy: 0.3335, Val Accuracy: 0.3326
2025-01-12 22:46:25,543 - INFO - Epoch [2/100], Train Accuracy: 0.3335, Val Accuracy: 0.3326
2025-01-12 22:46:25,658 - INFO - Epoch [3/100], Train Accuracy: 0.3335, Val Accuracy: 0.3326
2025-01-12 22:46:25,777 - INFO - Epoch [4/100], Train Accuracy: 0.3346, Val Accuracy: 0.3431
2025-01-12 22:46:25,907 - INFO - Epoch [5/100], Train Accuracy: 0.4817, Val Accuracy: 0.5732
2025-01-12 22:46:26,023 - INFO - Epoch [6/100], Train Accuracy: 0.6267, Val Accuracy: 0.6151
2025-01-12 22:46:26,143 - INFO - Epoch [7/100], Train Accuracy: 0.6361, Val Accuracy: 0.6067
2025-01-12 22:46:26,258 - INFO - Epoch [8/100], Train Accuracy: 0.6314, Val Accuracy: 0.6004
2025-01-12 22:46:26,379 - INFO - Epoch [9/100], Train Accuracy: 0.6236, Val Accuracy: 0.6004
2025-01-12 22:46:26,482 - INFO - Epoch [10/100], Train Accuracy: 0.6283, Val Accuracy: 0.6004
2025-01-12 22:46:26,590 - INFO - Epoch [11/100], Train Accuracy: 0.6277, Val Accuracy: 0.6004
2025-01-12 22:46:26,710 - INFO - Epoch [12/100], Train Accuracy: 0.6277, Val Accuracy: 0.6025
2025-01-12 22:46:26,839 - INFO - Epoch [13/100], Train Accuracy: 0.6314, Val Accuracy: 0.6025
2025-01-12 22:46:26,943 - INFO - Epoch [14/100], Train Accuracy: 0.6335, Val Accuracy: 0.6046
2025-01-12 22:46:27,050 - INFO - Epoch [15/100], Train Accuracy: 0.6366, Val Accuracy: 0.6067
2025-01-12 22:46:27,156 - INFO - Epoch [16/100], Train Accuracy: 0.6398, Val Accuracy: 0.6109
2025-01-12 22:46:27,253 - INFO - Epoch [17/100], Train Accuracy: 0.6429, Val Accuracy: 0.6109
2025-01-12 22:46:27,369 - INFO - Epoch [18/100], Train Accuracy: 0.6461, Val Accuracy: 0.6130
2025-01-12 22:46:27,473 - INFO - Epoch [19/100], Train Accuracy: 0.6466, Val Accuracy: 0.6151
2025-01-12 22:46:27,569 - INFO - Epoch [20/100], Train Accuracy: 0.6482, Val Accuracy: 0.6172
2025-01-12 22:46:27,672 - INFO - Epoch [21/100], Train Accuracy: 0.6503, Val Accuracy: 0.6172
2025-01-12 22:46:27,783 - INFO - Epoch [22/100], Train Accuracy: 0.6529, Val Accuracy: 0.6192
2025-01-12 22:46:27,896 - INFO - Epoch [23/100], Train Accuracy: 0.6513, Val Accuracy: 0.6192
2025-01-12 22:46:28,004 - INFO - Epoch [24/100], Train Accuracy: 0.6534, Val Accuracy: 0.6192
2025-01-12 22:46:28,107 - INFO - Epoch [25/100], Train Accuracy: 0.6539, Val Accuracy: 0.6192
2025-01-12 22:46:28,210 - INFO - Epoch [26/100], Train Accuracy: 0.6550, Val Accuracy: 0.6213
2025-01-12 22:46:28,308 - INFO - Epoch [27/100], Train Accuracy: 0.6576, Val Accuracy: 0.6234
2025-01-12 22:46:28,411 - INFO - Epoch [28/100], Train Accuracy: 0.6586, Val Accuracy: 0.6234
2025-01-12 22:46:28,521 - INFO - Epoch [29/100], Train Accuracy: 0.6602, Val Accuracy: 0.6255
2025-01-12 22:46:28,616 - INFO - Epoch [30/100], Train Accuracy: 0.6602, Val Accuracy: 0.6297
2025-01-12 22:46:28,711 - INFO - Epoch [31/100], Train Accuracy: 0.6607, Val Accuracy: 0.6297
2025-01-12 22:46:28,813 - INFO - Epoch [32/100], Train Accuracy: 0.6607, Val Accuracy: 0.6297
2025-01-12 22:46:28,911 - INFO - Epoch [33/100], Train Accuracy: 0.6618, Val Accuracy: 0.6318
2025-01-12 22:46:29,031 - INFO - Epoch [34/100], Train Accuracy: 0.6623, Val Accuracy: 0.6339
2025-01-12 22:46:29,135 - INFO - Epoch [35/100], Train Accuracy: 0.6628, Val Accuracy: 0.6339
2025-01-12 22:46:29,242 - INFO - Epoch [36/100], Train Accuracy: 0.6628, Val Accuracy: 0.6339
2025-01-12 22:46:29,344 - INFO - Epoch [37/100], Train Accuracy: 0.6634, Val Accuracy: 0.6339
2025-01-12 22:46:29,438 - INFO - Epoch [38/100], Train Accuracy: 0.6639, Val Accuracy: 0.6339
2025-01-12 22:46:29,541 - INFO - Epoch [39/100], Train Accuracy: 0.6644, Val Accuracy: 0.6339
2025-01-12 22:46:29,637 - INFO - Epoch [40/100], Train Accuracy: 0.6534, Val Accuracy: 0.6339
2025-01-12 22:46:29,745 - INFO - Epoch [41/100], Train Accuracy: 0.6545, Val Accuracy: 0.6025
2025-01-12 22:46:29,853 - INFO - Epoch [42/100], Train Accuracy: 0.6618, Val Accuracy: 0.6046
2025-01-12 22:46:29,959 - INFO - Epoch [43/100], Train Accuracy: 0.6649, Val Accuracy: 0.6360
2025-01-12 22:46:30,080 - INFO - Epoch [44/100], Train Accuracy: 0.6665, Val Accuracy: 0.6360
2025-01-12 22:46:30,185 - INFO - Epoch [45/100], Train Accuracy: 0.6592, Val Accuracy: 0.6046
2025-01-12 22:46:30,283 - INFO - Epoch [46/100], Train Accuracy: 0.6607, Val Accuracy: 0.6088
2025-01-12 22:46:30,381 - INFO - Epoch [47/100], Train Accuracy: 0.6529, Val Accuracy: 0.6360
2025-01-12 22:46:30,480 - INFO - Epoch [48/100], Train Accuracy: 0.6654, Val Accuracy: 0.6130
2025-01-12 22:46:30,583 - INFO - Epoch [49/100], Train Accuracy: 0.6696, Val Accuracy: 0.6151
2025-01-12 22:46:30,681 - INFO - Epoch [50/100], Train Accuracy: 0.6723, Val Accuracy: 0.6151
2025-01-12 22:46:30,797 - INFO - Epoch [51/100], Train Accuracy: 0.6702, Val Accuracy: 0.6151
2025-01-12 22:46:30,900 - INFO - Epoch [52/100], Train Accuracy: 0.6691, Val Accuracy: 0.6172
2025-01-12 22:46:30,996 - INFO - Epoch [53/100], Train Accuracy: 0.6702, Val Accuracy: 0.6192
2025-01-12 22:46:31,096 - INFO - Epoch [54/100], Train Accuracy: 0.6686, Val Accuracy: 0.6151
2025-01-12 22:46:31,195 - INFO - Epoch [55/100], Train Accuracy: 0.6560, Val Accuracy: 0.6172
2025-01-12 22:46:31,293 - INFO - Epoch [56/100], Train Accuracy: 0.6560, Val Accuracy: 0.6360
2025-01-12 22:46:31,396 - INFO - Epoch [57/100], Train Accuracy: 0.6670, Val Accuracy: 0.6192
2025-01-12 22:46:31,493 - INFO - Epoch [58/100], Train Accuracy: 0.6560, Val Accuracy: 0.6213
2025-01-12 22:46:31,592 - INFO - Epoch [59/100], Train Accuracy: 0.6717, Val Accuracy: 0.6234
2025-01-12 22:46:31,692 - INFO - Epoch [60/100], Train Accuracy: 0.6702, Val Accuracy: 0.6213
2025-01-12 22:46:31,800 - INFO - Epoch [61/100], Train Accuracy: 0.6738, Val Accuracy: 0.6234
2025-01-12 22:46:31,907 - INFO - Epoch [62/100], Train Accuracy: 0.6754, Val Accuracy: 0.6234
2025-01-12 22:46:32,005 - INFO - Epoch [63/100], Train Accuracy: 0.6759, Val Accuracy: 0.6255
2025-01-12 22:46:32,110 - INFO - Epoch [64/100], Train Accuracy: 0.6670, Val Accuracy: 0.6255
2025-01-12 22:46:32,253 - INFO - Epoch [65/100], Train Accuracy: 0.6644, Val Accuracy: 0.6234
2025-01-12 22:46:32,357 - INFO - Epoch [66/100], Train Accuracy: 0.6843, Val Accuracy: 0.6318
2025-01-12 22:46:32,462 - INFO - Epoch [67/100], Train Accuracy: 0.6853, Val Accuracy: 0.6318
2025-01-12 22:46:32,573 - INFO - Epoch [68/100], Train Accuracy: 0.6812, Val Accuracy: 0.6318
2025-01-12 22:46:32,675 - INFO - Epoch [69/100], Train Accuracy: 0.6874, Val Accuracy: 0.6360
2025-01-12 22:46:32,793 - INFO - Epoch [70/100], Train Accuracy: 0.6916, Val Accuracy: 0.6297
2025-01-12 22:46:32,898 - INFO - Epoch [71/100], Train Accuracy: 0.6921, Val Accuracy: 0.6360
2025-01-12 22:46:32,993 - INFO - Epoch [72/100], Train Accuracy: 0.6953, Val Accuracy: 0.6297
2025-01-12 22:46:33,113 - INFO - Epoch [73/100], Train Accuracy: 0.6974, Val Accuracy: 0.6276
2025-01-12 22:46:33,230 - INFO - Epoch [74/100], Train Accuracy: 0.6974, Val Accuracy: 0.6297
2025-01-12 22:46:33,331 - INFO - Epoch [75/100], Train Accuracy: 0.7010, Val Accuracy: 0.6339
2025-01-12 22:46:33,459 - INFO - Epoch [76/100], Train Accuracy: 0.7042, Val Accuracy: 0.6339
2025-01-12 22:46:33,583 - INFO - Epoch [77/100], Train Accuracy: 0.7073, Val Accuracy: 0.6297
2025-01-12 22:46:33,680 - INFO - Epoch [78/100], Train Accuracy: 0.7084, Val Accuracy: 0.6318
2025-01-12 22:46:33,791 - INFO - Epoch [79/100], Train Accuracy: 0.7141, Val Accuracy: 0.6297
2025-01-12 22:46:33,902 - INFO - Epoch [80/100], Train Accuracy: 0.7141, Val Accuracy: 0.6339
2025-01-12 22:46:34,021 - INFO - Epoch [81/100], Train Accuracy: 0.7183, Val Accuracy: 0.6297
2025-01-12 22:46:34,118 - INFO - Epoch [82/100], Train Accuracy: 0.7230, Val Accuracy: 0.6318
2025-01-12 22:46:34,222 - INFO - Epoch [83/100], Train Accuracy: 0.7241, Val Accuracy: 0.6297
2025-01-12 22:46:34,332 - INFO - Epoch [84/100], Train Accuracy: 0.7288, Val Accuracy: 0.6276
2025-01-12 22:46:34,441 - INFO - Epoch [85/100], Train Accuracy: 0.7309, Val Accuracy: 0.6297
2025-01-12 22:46:34,548 - INFO - Epoch [86/100], Train Accuracy: 0.7366, Val Accuracy: 0.6339
2025-01-12 22:46:34,650 - INFO - Epoch [87/100], Train Accuracy: 0.7398, Val Accuracy: 0.6318
2025-01-12 22:46:34,767 - INFO - Epoch [88/100], Train Accuracy: 0.7440, Val Accuracy: 0.6402
2025-01-12 22:46:34,872 - INFO - Epoch [89/100], Train Accuracy: 0.7513, Val Accuracy: 0.6569
2025-01-12 22:46:34,980 - INFO - Epoch [90/100], Train Accuracy: 0.7597, Val Accuracy: 0.6569
2025-01-12 22:46:35,092 - INFO - Epoch [91/100], Train Accuracy: 0.7691, Val Accuracy: 0.6611
2025-01-12 22:46:35,211 - INFO - Epoch [92/100], Train Accuracy: 0.7764, Val Accuracy: 0.6715
2025-01-12 22:46:35,315 - INFO - Epoch [93/100], Train Accuracy: 0.7838, Val Accuracy: 0.6757
2025-01-12 22:46:35,412 - INFO - Epoch [94/100], Train Accuracy: 0.7906, Val Accuracy: 0.6862
2025-01-12 22:46:35,510 - INFO - Epoch [95/100], Train Accuracy: 0.8005, Val Accuracy: 0.6967
2025-01-12 22:46:35,623 - INFO - Epoch [96/100], Train Accuracy: 0.8115, Val Accuracy: 0.7050
2025-01-12 22:46:35,732 - INFO - Epoch [97/100], Train Accuracy: 0.8188, Val Accuracy: 0.7092
2025-01-12 22:46:35,847 - INFO - Epoch [98/100], Train Accuracy: 0.8277, Val Accuracy: 0.7176
2025-01-12 22:46:35,956 - INFO - Epoch [99/100], Train Accuracy: 0.8366, Val Accuracy: 0.7280
2025-01-12 22:46:36,058 - INFO - Epoch [100/100], Train Accuracy: 0.8424, Val Accuracy: 0.7322
2025-01-12 22:46:36,067 - INFO - Fold 3 Validation Accuracy: 0.7322
2025-01-12 22:46:36,069 - INFO - Save model to C:\Users\LeoLi\OneDrive - 学校法人立命館\Ritsumei\4th_Semester\Artificial_Intelligence\final_project\code\FNN/model/2025-01-12/22-46-03/model_2.pth
2025-01-12 22:46:36,069 - INFO - Training for fold 4/5
2025-01-12 22:46:36,188 - INFO - Epoch [1/100], Train Accuracy: 0.3433, Val Accuracy: 0.2935
2025-01-12 22:46:36,288 - INFO - Epoch [2/100], Train Accuracy: 0.3433, Val Accuracy: 0.2935
2025-01-12 22:46:36,393 - INFO - Epoch [3/100], Train Accuracy: 0.3433, Val Accuracy: 0.2935
2025-01-12 22:46:36,512 - INFO - Epoch [4/100], Train Accuracy: 0.3438, Val Accuracy: 0.2977
2025-01-12 22:46:36,614 - INFO - Epoch [5/100], Train Accuracy: 0.3537, Val Accuracy: 0.4528
2025-01-12 22:46:36,718 - INFO - Epoch [6/100], Train Accuracy: 0.5877, Val Accuracy: 0.5912
2025-01-12 22:46:36,827 - INFO - Epoch [7/100], Train Accuracy: 0.6353, Val Accuracy: 0.6268
2025-01-12 22:46:36,930 - INFO - Epoch [8/100], Train Accuracy: 0.6583, Val Accuracy: 0.6499
2025-01-12 22:46:37,036 - INFO - Epoch [9/100], Train Accuracy: 0.6358, Val Accuracy: 0.6457
2025-01-12 22:46:37,137 - INFO - Epoch [10/100], Train Accuracy: 0.6478, Val Accuracy: 0.6688
2025-01-12 22:46:37,242 - INFO - Epoch [11/100], Train Accuracy: 0.6510, Val Accuracy: 0.6646
2025-01-12 22:46:37,346 - INFO - Epoch [12/100], Train Accuracy: 0.6604, Val Accuracy: 0.6813
2025-01-12 22:46:37,451 - INFO - Epoch [13/100], Train Accuracy: 0.6740, Val Accuracy: 0.6855
2025-01-12 22:46:37,547 - INFO - Epoch [14/100], Train Accuracy: 0.6672, Val Accuracy: 0.6792
2025-01-12 22:46:37,644 - INFO - Epoch [15/100], Train Accuracy: 0.6745, Val Accuracy: 0.6939
2025-01-12 22:46:37,750 - INFO - Epoch [16/100], Train Accuracy: 0.6839, Val Accuracy: 0.6918
2025-01-12 22:46:37,853 - INFO - Epoch [17/100], Train Accuracy: 0.6855, Val Accuracy: 0.7002
2025-01-12 22:46:37,956 - INFO - Epoch [18/100], Train Accuracy: 0.6902, Val Accuracy: 0.7086
2025-01-12 22:46:38,051 - INFO - Epoch [19/100], Train Accuracy: 0.6850, Val Accuracy: 0.7149
2025-01-12 22:46:38,145 - INFO - Epoch [20/100], Train Accuracy: 0.6913, Val Accuracy: 0.7212
2025-01-12 22:46:38,253 - INFO - Epoch [21/100], Train Accuracy: 0.7002, Val Accuracy: 0.7254
2025-01-12 22:46:38,352 - INFO - Epoch [22/100], Train Accuracy: 0.7179, Val Accuracy: 0.7296
2025-01-12 22:46:38,448 - INFO - Epoch [23/100], Train Accuracy: 0.7174, Val Accuracy: 0.7296
2025-01-12 22:46:38,618 - INFO - Epoch [24/100], Train Accuracy: 0.7227, Val Accuracy: 0.7400
2025-01-12 22:46:38,743 - INFO - Epoch [25/100], Train Accuracy: 0.7326, Val Accuracy: 0.7379
2025-01-12 22:46:38,847 - INFO - Epoch [26/100], Train Accuracy: 0.7289, Val Accuracy: 0.7463
2025-01-12 22:46:38,960 - INFO - Epoch [27/100], Train Accuracy: 0.7410, Val Accuracy: 0.7484
2025-01-12 22:46:39,071 - INFO - Epoch [28/100], Train Accuracy: 0.7457, Val Accuracy: 0.7505
2025-01-12 22:46:39,177 - INFO - Epoch [29/100], Train Accuracy: 0.7630, Val Accuracy: 0.7568
2025-01-12 22:46:39,288 - INFO - Epoch [30/100], Train Accuracy: 0.7614, Val Accuracy: 0.7589
2025-01-12 22:46:39,387 - INFO - Epoch [31/100], Train Accuracy: 0.7750, Val Accuracy: 0.7631
2025-01-12 22:46:39,499 - INFO - Epoch [32/100], Train Accuracy: 0.7797, Val Accuracy: 0.7673
2025-01-12 22:46:39,604 - INFO - Epoch [33/100], Train Accuracy: 0.7855, Val Accuracy: 0.7736
2025-01-12 22:46:39,718 - INFO - Epoch [34/100], Train Accuracy: 0.7923, Val Accuracy: 0.7799
2025-01-12 22:46:39,840 - INFO - Epoch [35/100], Train Accuracy: 0.8006, Val Accuracy: 0.7862
2025-01-12 22:46:39,945 - INFO - Epoch [36/100], Train Accuracy: 0.8048, Val Accuracy: 0.7945
2025-01-12 22:46:40,080 - INFO - Epoch [37/100], Train Accuracy: 0.8127, Val Accuracy: 0.7883
2025-01-12 22:46:40,201 - INFO - Epoch [38/100], Train Accuracy: 0.8153, Val Accuracy: 0.7966
2025-01-12 22:46:40,321 - INFO - Epoch [39/100], Train Accuracy: 0.8226, Val Accuracy: 0.7966
2025-01-12 22:46:40,439 - INFO - Epoch [40/100], Train Accuracy: 0.8299, Val Accuracy: 0.8050
2025-01-12 22:46:40,552 - INFO - Epoch [41/100], Train Accuracy: 0.8378, Val Accuracy: 0.7987
2025-01-12 22:46:40,659 - INFO - Epoch [42/100], Train Accuracy: 0.8409, Val Accuracy: 0.8050
2025-01-12 22:46:40,768 - INFO - Epoch [43/100], Train Accuracy: 0.8488, Val Accuracy: 0.8008
2025-01-12 22:46:40,871 - INFO - Epoch [44/100], Train Accuracy: 0.8556, Val Accuracy: 0.7987
2025-01-12 22:46:40,969 - INFO - Epoch [45/100], Train Accuracy: 0.8598, Val Accuracy: 0.8071
2025-01-12 22:46:41,074 - INFO - Epoch [46/100], Train Accuracy: 0.8692, Val Accuracy: 0.8113
2025-01-12 22:46:41,173 - INFO - Epoch [47/100], Train Accuracy: 0.8734, Val Accuracy: 0.8155
2025-01-12 22:46:41,270 - INFO - Epoch [48/100], Train Accuracy: 0.8765, Val Accuracy: 0.8176
2025-01-12 22:46:41,373 - INFO - Epoch [49/100], Train Accuracy: 0.8859, Val Accuracy: 0.8239
2025-01-12 22:46:41,470 - INFO - Epoch [50/100], Train Accuracy: 0.8854, Val Accuracy: 0.8197
2025-01-12 22:46:41,577 - INFO - Epoch [51/100], Train Accuracy: 0.8864, Val Accuracy: 0.8155
2025-01-12 22:46:41,688 - INFO - Epoch [52/100], Train Accuracy: 0.8932, Val Accuracy: 0.8176
2025-01-12 22:46:41,791 - INFO - Epoch [53/100], Train Accuracy: 0.8943, Val Accuracy: 0.8197
2025-01-12 22:46:41,893 - INFO - Epoch [54/100], Train Accuracy: 0.9006, Val Accuracy: 0.8134
2025-01-12 22:46:41,991 - INFO - Epoch [55/100], Train Accuracy: 0.9006, Val Accuracy: 0.8134
2025-01-12 22:46:42,094 - INFO - Epoch [56/100], Train Accuracy: 0.9027, Val Accuracy: 0.8218
2025-01-12 22:46:42,198 - INFO - Epoch [57/100], Train Accuracy: 0.9079, Val Accuracy: 0.8239
2025-01-12 22:46:42,299 - INFO - Epoch [58/100], Train Accuracy: 0.9089, Val Accuracy: 0.8176
2025-01-12 22:46:42,407 - INFO - Epoch [59/100], Train Accuracy: 0.9089, Val Accuracy: 0.8197
2025-01-12 22:46:42,517 - INFO - Epoch [60/100], Train Accuracy: 0.9126, Val Accuracy: 0.8239
2025-01-12 22:46:42,621 - INFO - Epoch [61/100], Train Accuracy: 0.9142, Val Accuracy: 0.8218
2025-01-12 22:46:42,752 - INFO - Epoch [62/100], Train Accuracy: 0.9147, Val Accuracy: 0.8239
2025-01-12 22:46:42,897 - INFO - Epoch [63/100], Train Accuracy: 0.9163, Val Accuracy: 0.8218
2025-01-12 22:46:43,005 - INFO - Epoch [64/100], Train Accuracy: 0.9189, Val Accuracy: 0.8197
2025-01-12 22:46:43,110 - INFO - Epoch [65/100], Train Accuracy: 0.9178, Val Accuracy: 0.8218
2025-01-12 22:46:43,223 - INFO - Epoch [66/100], Train Accuracy: 0.9210, Val Accuracy: 0.8260
2025-01-12 22:46:43,337 - INFO - Epoch [67/100], Train Accuracy: 0.9210, Val Accuracy: 0.8281
2025-01-12 22:46:43,457 - INFO - Epoch [68/100], Train Accuracy: 0.9220, Val Accuracy: 0.8302
2025-01-12 22:46:43,567 - INFO - Epoch [69/100], Train Accuracy: 0.9236, Val Accuracy: 0.8302
2025-01-12 22:46:43,680 - INFO - Epoch [70/100], Train Accuracy: 0.9236, Val Accuracy: 0.8302
2025-01-12 22:46:43,785 - INFO - Epoch [71/100], Train Accuracy: 0.9246, Val Accuracy: 0.8302
2025-01-12 22:46:43,883 - INFO - Epoch [72/100], Train Accuracy: 0.9252, Val Accuracy: 0.8302
2025-01-12 22:46:43,986 - INFO - Epoch [73/100], Train Accuracy: 0.9246, Val Accuracy: 0.8302
2025-01-12 22:46:44,093 - INFO - Epoch [74/100], Train Accuracy: 0.9267, Val Accuracy: 0.8302
2025-01-12 22:46:44,198 - INFO - Epoch [75/100], Train Accuracy: 0.9257, Val Accuracy: 0.8281
2025-01-12 22:46:44,303 - INFO - Epoch [76/100], Train Accuracy: 0.9262, Val Accuracy: 0.8260
2025-01-12 22:46:44,405 - INFO - Epoch [77/100], Train Accuracy: 0.9299, Val Accuracy: 0.8260
2025-01-12 22:46:44,505 - INFO - Epoch [78/100], Train Accuracy: 0.9294, Val Accuracy: 0.8260
2025-01-12 22:46:44,613 - INFO - Epoch [79/100], Train Accuracy: 0.9288, Val Accuracy: 0.8260
2025-01-12 22:46:44,718 - INFO - Epoch [80/100], Train Accuracy: 0.9320, Val Accuracy: 0.8239
2025-01-12 22:46:44,837 - INFO - Epoch [81/100], Train Accuracy: 0.9299, Val Accuracy: 0.8197
2025-01-12 22:46:44,956 - INFO - Epoch [82/100], Train Accuracy: 0.9330, Val Accuracy: 0.8218
2025-01-12 22:46:45,066 - INFO - Epoch [83/100], Train Accuracy: 0.9325, Val Accuracy: 0.8260
2025-01-12 22:46:45,185 - INFO - Epoch [84/100], Train Accuracy: 0.9351, Val Accuracy: 0.8239
2025-01-12 22:46:45,304 - INFO - Epoch [85/100], Train Accuracy: 0.9335, Val Accuracy: 0.8260
2025-01-12 22:46:45,431 - INFO - Epoch [86/100], Train Accuracy: 0.9351, Val Accuracy: 0.8260
2025-01-12 22:46:45,555 - INFO - Epoch [87/100], Train Accuracy: 0.9346, Val Accuracy: 0.8239
2025-01-12 22:46:45,664 - INFO - Epoch [88/100], Train Accuracy: 0.9367, Val Accuracy: 0.8281
2025-01-12 22:46:45,779 - INFO - Epoch [89/100], Train Accuracy: 0.9362, Val Accuracy: 0.8239
2025-01-12 22:46:45,903 - INFO - Epoch [90/100], Train Accuracy: 0.9367, Val Accuracy: 0.8239
2025-01-12 22:46:46,030 - INFO - Epoch [91/100], Train Accuracy: 0.9377, Val Accuracy: 0.8239
2025-01-12 22:46:46,140 - INFO - Epoch [92/100], Train Accuracy: 0.9398, Val Accuracy: 0.8239
2025-01-12 22:46:46,253 - INFO - Epoch [93/100], Train Accuracy: 0.9383, Val Accuracy: 0.8239
2025-01-12 22:46:46,375 - INFO - Epoch [94/100], Train Accuracy: 0.9403, Val Accuracy: 0.8239
2025-01-12 22:46:46,520 - INFO - Epoch [95/100], Train Accuracy: 0.9409, Val Accuracy: 0.8239
2025-01-12 22:46:46,623 - INFO - Epoch [96/100], Train Accuracy: 0.9414, Val Accuracy: 0.8260
2025-01-12 22:46:46,728 - INFO - Epoch [97/100], Train Accuracy: 0.9430, Val Accuracy: 0.8260
2025-01-12 22:46:46,845 - INFO - Epoch [98/100], Train Accuracy: 0.9440, Val Accuracy: 0.8239
2025-01-12 22:46:46,948 - INFO - Epoch [99/100], Train Accuracy: 0.9440, Val Accuracy: 0.8281
2025-01-12 22:46:47,069 - INFO - Epoch [100/100], Train Accuracy: 0.9424, Val Accuracy: 0.8302
2025-01-12 22:46:47,078 - INFO - Fold 4 Validation Accuracy: 0.8302
2025-01-12 22:46:47,080 - INFO - Save model to C:\Users\LeoLi\OneDrive - 学校法人立命館\Ritsumei\4th_Semester\Artificial_Intelligence\final_project\code\FNN/model/2025-01-12/22-46-03/model_3.pth
2025-01-12 22:46:47,081 - INFO - Training for fold 5/5
2025-01-12 22:46:47,198 - INFO - Epoch [1/100], Train Accuracy: 0.3632, Val Accuracy: 0.3522
2025-01-12 22:46:47,325 - INFO - Epoch [2/100], Train Accuracy: 0.4825, Val Accuracy: 0.5849
2025-01-12 22:46:47,435 - INFO - Epoch [3/100], Train Accuracy: 0.5364, Val Accuracy: 0.5430
2025-01-12 22:46:47,549 - INFO - Epoch [4/100], Train Accuracy: 0.5039, Val Accuracy: 0.5430
2025-01-12 22:46:47,667 - INFO - Epoch [5/100], Train Accuracy: 0.5568, Val Accuracy: 0.5493
2025-01-12 22:46:47,779 - INFO - Epoch [6/100], Train Accuracy: 0.5761, Val Accuracy: 0.5660
2025-01-12 22:46:47,883 - INFO - Epoch [7/100], Train Accuracy: 0.5945, Val Accuracy: 0.5702
2025-01-12 22:46:47,985 - INFO - Epoch [8/100], Train Accuracy: 0.6133, Val Accuracy: 0.5765
2025-01-12 22:46:48,081 - INFO - Epoch [9/100], Train Accuracy: 0.6206, Val Accuracy: 0.5891
2025-01-12 22:46:48,181 - INFO - Epoch [10/100], Train Accuracy: 0.6248, Val Accuracy: 0.6038
2025-01-12 22:46:48,287 - INFO - Epoch [11/100], Train Accuracy: 0.6410, Val Accuracy: 0.6122
2025-01-12 22:46:48,383 - INFO - Epoch [12/100], Train Accuracy: 0.6442, Val Accuracy: 0.6226
2025-01-12 22:46:48,499 - INFO - Epoch [13/100], Train Accuracy: 0.6499, Val Accuracy: 0.6226
2025-01-12 22:46:48,601 - INFO - Epoch [14/100], Train Accuracy: 0.6494, Val Accuracy: 0.6268
2025-01-12 22:46:48,703 - INFO - Epoch [15/100], Train Accuracy: 0.6504, Val Accuracy: 0.6289
2025-01-12 22:46:48,818 - INFO - Epoch [16/100], Train Accuracy: 0.6499, Val Accuracy: 0.6268
2025-01-12 22:46:48,924 - INFO - Epoch [17/100], Train Accuracy: 0.6541, Val Accuracy: 0.6289
2025-01-12 22:46:49,039 - INFO - Epoch [18/100], Train Accuracy: 0.6541, Val Accuracy: 0.6226
2025-01-12 22:46:49,164 - INFO - Epoch [19/100], Train Accuracy: 0.6588, Val Accuracy: 0.6247
2025-01-12 22:46:49,265 - INFO - Epoch [20/100], Train Accuracy: 0.6593, Val Accuracy: 0.6289
2025-01-12 22:46:49,366 - INFO - Epoch [21/100], Train Accuracy: 0.6593, Val Accuracy: 0.6289
2025-01-12 22:46:49,469 - INFO - Epoch [22/100], Train Accuracy: 0.6515, Val Accuracy: 0.6352
2025-01-12 22:46:49,570 - INFO - Epoch [23/100], Train Accuracy: 0.6583, Val Accuracy: 0.6352
2025-01-12 22:46:49,674 - INFO - Epoch [24/100], Train Accuracy: 0.6525, Val Accuracy: 0.6415
2025-01-12 22:46:49,778 - INFO - Epoch [25/100], Train Accuracy: 0.6583, Val Accuracy: 0.6310
2025-01-12 22:46:49,881 - INFO - Epoch [26/100], Train Accuracy: 0.6625, Val Accuracy: 0.6394
2025-01-12 22:46:49,979 - INFO - Epoch [27/100], Train Accuracy: 0.6557, Val Accuracy: 0.6436
2025-01-12 22:46:50,082 - INFO - Epoch [28/100], Train Accuracy: 0.6620, Val Accuracy: 0.6394
2025-01-12 22:46:50,185 - INFO - Epoch [29/100], Train Accuracy: 0.6661, Val Accuracy: 0.6457
2025-01-12 22:46:50,283 - INFO - Epoch [30/100], Train Accuracy: 0.6599, Val Accuracy: 0.6436
2025-01-12 22:46:50,378 - INFO - Epoch [31/100], Train Accuracy: 0.6651, Val Accuracy: 0.6457
2025-01-12 22:46:50,483 - INFO - Epoch [32/100], Train Accuracy: 0.6651, Val Accuracy: 0.6436
2025-01-12 22:46:50,583 - INFO - Epoch [33/100], Train Accuracy: 0.6630, Val Accuracy: 0.6478
2025-01-12 22:46:50,682 - INFO - Epoch [34/100], Train Accuracy: 0.6693, Val Accuracy: 0.6499
2025-01-12 22:46:50,785 - INFO - Epoch [35/100], Train Accuracy: 0.6641, Val Accuracy: 0.6457
2025-01-12 22:46:50,886 - INFO - Epoch [36/100], Train Accuracy: 0.6750, Val Accuracy: 0.6499
2025-01-12 22:46:50,980 - INFO - Epoch [37/100], Train Accuracy: 0.6672, Val Accuracy: 0.6562
2025-01-12 22:46:51,075 - INFO - Epoch [38/100], Train Accuracy: 0.6761, Val Accuracy: 0.6541
2025-01-12 22:46:51,175 - INFO - Epoch [39/100], Train Accuracy: 0.6750, Val Accuracy: 0.6604
2025-01-12 22:46:51,273 - INFO - Epoch [40/100], Train Accuracy: 0.6787, Val Accuracy: 0.6646
2025-01-12 22:46:51,370 - INFO - Epoch [41/100], Train Accuracy: 0.6777, Val Accuracy: 0.6625
2025-01-12 22:46:51,472 - INFO - Epoch [42/100], Train Accuracy: 0.6797, Val Accuracy: 0.6625
2025-01-12 22:46:51,574 - INFO - Epoch [43/100], Train Accuracy: 0.6813, Val Accuracy: 0.6688
2025-01-12 22:46:51,692 - INFO - Epoch [44/100], Train Accuracy: 0.6829, Val Accuracy: 0.6667
2025-01-12 22:46:51,818 - INFO - Epoch [45/100], Train Accuracy: 0.6866, Val Accuracy: 0.6709
2025-01-12 22:46:51,920 - INFO - Epoch [46/100], Train Accuracy: 0.6902, Val Accuracy: 0.6709
2025-01-12 22:46:52,019 - INFO - Epoch [47/100], Train Accuracy: 0.6902, Val Accuracy: 0.6792
2025-01-12 22:46:52,124 - INFO - Epoch [48/100], Train Accuracy: 0.6939, Val Accuracy: 0.6730
2025-01-12 22:46:52,231 - INFO - Epoch [49/100], Train Accuracy: 0.6975, Val Accuracy: 0.6813
2025-01-12 22:46:52,329 - INFO - Epoch [50/100], Train Accuracy: 0.7012, Val Accuracy: 0.6855
2025-01-12 22:46:52,423 - INFO - Epoch [51/100], Train Accuracy: 0.7106, Val Accuracy: 0.6939
2025-01-12 22:46:52,528 - INFO - Epoch [52/100], Train Accuracy: 0.7117, Val Accuracy: 0.6939
2025-01-12 22:46:52,637 - INFO - Epoch [53/100], Train Accuracy: 0.7174, Val Accuracy: 0.7002
2025-01-12 22:46:52,759 - INFO - Epoch [54/100], Train Accuracy: 0.7227, Val Accuracy: 0.7023
2025-01-12 22:46:52,863 - INFO - Epoch [55/100], Train Accuracy: 0.7263, Val Accuracy: 0.7107
2025-01-12 22:46:52,961 - INFO - Epoch [56/100], Train Accuracy: 0.7331, Val Accuracy: 0.7149
2025-01-12 22:46:53,061 - INFO - Epoch [57/100], Train Accuracy: 0.7488, Val Accuracy: 0.7149
2025-01-12 22:46:53,165 - INFO - Epoch [58/100], Train Accuracy: 0.7493, Val Accuracy: 0.7128
2025-01-12 22:46:53,270 - INFO - Epoch [59/100], Train Accuracy: 0.7520, Val Accuracy: 0.7191
2025-01-12 22:46:53,365 - INFO - Epoch [60/100], Train Accuracy: 0.7650, Val Accuracy: 0.7233
2025-01-12 22:46:53,467 - INFO - Epoch [61/100], Train Accuracy: 0.7640, Val Accuracy: 0.7254
2025-01-12 22:46:53,572 - INFO - Epoch [62/100], Train Accuracy: 0.7886, Val Accuracy: 0.7317
2025-01-12 22:46:53,673 - INFO - Epoch [63/100], Train Accuracy: 0.7975, Val Accuracy: 0.7442
2025-01-12 22:46:53,784 - INFO - Epoch [64/100], Train Accuracy: 0.7991, Val Accuracy: 0.7442
2025-01-12 22:46:53,893 - INFO - Epoch [65/100], Train Accuracy: 0.8148, Val Accuracy: 0.7463
2025-01-12 22:46:53,998 - INFO - Epoch [66/100], Train Accuracy: 0.8200, Val Accuracy: 0.7400
2025-01-12 22:46:54,097 - INFO - Epoch [67/100], Train Accuracy: 0.8310, Val Accuracy: 0.7463
2025-01-12 22:46:54,195 - INFO - Epoch [68/100], Train Accuracy: 0.8362, Val Accuracy: 0.7442
2025-01-12 22:46:54,298 - INFO - Epoch [69/100], Train Accuracy: 0.8456, Val Accuracy: 0.7568
2025-01-12 22:46:54,403 - INFO - Epoch [70/100], Train Accuracy: 0.8613, Val Accuracy: 0.7547
2025-01-12 22:46:54,506 - INFO - Epoch [71/100], Train Accuracy: 0.8697, Val Accuracy: 0.7631
2025-01-12 22:46:54,614 - INFO - Epoch [72/100], Train Accuracy: 0.8807, Val Accuracy: 0.7757
2025-01-12 22:46:54,715 - INFO - Epoch [73/100], Train Accuracy: 0.8844, Val Accuracy: 0.7757
2025-01-12 22:46:54,828 - INFO - Epoch [74/100], Train Accuracy: 0.8875, Val Accuracy: 0.7757
2025-01-12 22:46:54,930 - INFO - Epoch [75/100], Train Accuracy: 0.8953, Val Accuracy: 0.7799
2025-01-12 22:46:55,035 - INFO - Epoch [76/100], Train Accuracy: 0.9021, Val Accuracy: 0.7862
2025-01-12 22:46:55,133 - INFO - Epoch [77/100], Train Accuracy: 0.9089, Val Accuracy: 0.7904
2025-01-12 22:46:55,233 - INFO - Epoch [78/100], Train Accuracy: 0.9147, Val Accuracy: 0.7925
2025-01-12 22:46:55,329 - INFO - Epoch [79/100], Train Accuracy: 0.9147, Val Accuracy: 0.7945
2025-01-12 22:46:55,440 - INFO - Epoch [80/100], Train Accuracy: 0.9178, Val Accuracy: 0.7945
2025-01-12 22:46:55,544 - INFO - Epoch [81/100], Train Accuracy: 0.9236, Val Accuracy: 0.8008
2025-01-12 22:46:55,646 - INFO - Epoch [82/100], Train Accuracy: 0.9262, Val Accuracy: 0.8029
2025-01-12 22:46:55,755 - INFO - Epoch [83/100], Train Accuracy: 0.9288, Val Accuracy: 0.8050
2025-01-12 22:46:55,855 - INFO - Epoch [84/100], Train Accuracy: 0.9314, Val Accuracy: 0.8050
2025-01-12 22:46:55,959 - INFO - Epoch [85/100], Train Accuracy: 0.9330, Val Accuracy: 0.8029
2025-01-12 22:46:56,059 - INFO - Epoch [86/100], Train Accuracy: 0.9351, Val Accuracy: 0.8029
2025-01-12 22:46:56,169 - INFO - Epoch [87/100], Train Accuracy: 0.9383, Val Accuracy: 0.8050
2025-01-12 22:46:56,288 - INFO - Epoch [88/100], Train Accuracy: 0.9388, Val Accuracy: 0.8050
2025-01-12 22:46:56,396 - INFO - Epoch [89/100], Train Accuracy: 0.9414, Val Accuracy: 0.8071
2025-01-12 22:46:56,505 - INFO - Epoch [90/100], Train Accuracy: 0.9440, Val Accuracy: 0.8092
2025-01-12 22:46:56,609 - INFO - Epoch [91/100], Train Accuracy: 0.9440, Val Accuracy: 0.8092
2025-01-12 22:46:56,721 - INFO - Epoch [92/100], Train Accuracy: 0.9456, Val Accuracy: 0.8134
2025-01-12 22:46:56,847 - INFO - Epoch [93/100], Train Accuracy: 0.9477, Val Accuracy: 0.8113
2025-01-12 22:46:56,955 - INFO - Epoch [94/100], Train Accuracy: 0.9482, Val Accuracy: 0.8155
2025-01-12 22:46:57,059 - INFO - Epoch [95/100], Train Accuracy: 0.9498, Val Accuracy: 0.8155
2025-01-12 22:46:57,159 - INFO - Epoch [96/100], Train Accuracy: 0.9513, Val Accuracy: 0.8155
2025-01-12 22:46:57,266 - INFO - Epoch [97/100], Train Accuracy: 0.9513, Val Accuracy: 0.8155
2025-01-12 22:46:57,365 - INFO - Epoch [98/100], Train Accuracy: 0.9519, Val Accuracy: 0.8155
2025-01-12 22:46:57,473 - INFO - Epoch [99/100], Train Accuracy: 0.9519, Val Accuracy: 0.8176
2025-01-12 22:46:57,578 - INFO - Epoch [100/100], Train Accuracy: 0.9534, Val Accuracy: 0.8155
2025-01-12 22:46:57,593 - INFO - Fold 5 Validation Accuracy: 0.8155
2025-01-12 22:46:57,595 - INFO - Save model to C:\Users\LeoLi\OneDrive - 学校法人立命館\Ritsumei\4th_Semester\Artificial_Intelligence\final_project\code\FNN/model/2025-01-12/22-46-03/model_4.pth
2025-01-12 22:46:57,595 - INFO - Average Validation Accuracy (Over 5 folds): 0.7852 

