2025-01-12 22:45:27,217 - INFO - Training with Vectorized Data 1000 features. Dropout Rate 0.70. Dataset Size 2388
2025-01-12 22:45:27,217 - INFO - Training for fold 1/5
2025-01-12 22:45:28,560 - INFO - Epoch [1/100], Train Accuracy: 0.3293, Val Accuracy: 0.3494
2025-01-12 22:45:28,650 - INFO - Epoch [2/100], Train Accuracy: 0.3550, Val Accuracy: 0.3808
2025-01-12 22:45:28,753 - INFO - Epoch [3/100], Train Accuracy: 0.3843, Val Accuracy: 0.4121
2025-01-12 22:45:28,848 - INFO - Epoch [4/100], Train Accuracy: 0.4398, Val Accuracy: 0.4665
2025-01-12 22:45:28,945 - INFO - Epoch [5/100], Train Accuracy: 0.4717, Val Accuracy: 0.5021
2025-01-12 22:45:29,046 - INFO - Epoch [6/100], Train Accuracy: 0.5183, Val Accuracy: 0.5084
2025-01-12 22:45:29,147 - INFO - Epoch [7/100], Train Accuracy: 0.5298, Val Accuracy: 0.5356
2025-01-12 22:45:29,250 - INFO - Epoch [8/100], Train Accuracy: 0.5524, Val Accuracy: 0.5628
2025-01-12 22:45:29,348 - INFO - Epoch [9/100], Train Accuracy: 0.5764, Val Accuracy: 0.5649
2025-01-12 22:45:29,445 - INFO - Epoch [10/100], Train Accuracy: 0.5859, Val Accuracy: 0.5732
2025-01-12 22:45:29,542 - INFO - Epoch [11/100], Train Accuracy: 0.6026, Val Accuracy: 0.5837
2025-01-12 22:45:29,642 - INFO - Epoch [12/100], Train Accuracy: 0.6141, Val Accuracy: 0.5837
2025-01-12 22:45:29,743 - INFO - Epoch [13/100], Train Accuracy: 0.6173, Val Accuracy: 0.5921
2025-01-12 22:45:29,839 - INFO - Epoch [14/100], Train Accuracy: 0.6225, Val Accuracy: 0.5921
2025-01-12 22:45:29,941 - INFO - Epoch [15/100], Train Accuracy: 0.6283, Val Accuracy: 0.5983
2025-01-12 22:45:30,041 - INFO - Epoch [16/100], Train Accuracy: 0.7068, Val Accuracy: 0.6527
2025-01-12 22:45:30,138 - INFO - Epoch [17/100], Train Accuracy: 0.7377, Val Accuracy: 0.6632
2025-01-12 22:45:30,236 - INFO - Epoch [18/100], Train Accuracy: 0.7435, Val Accuracy: 0.6611
2025-01-12 22:45:30,330 - INFO - Epoch [19/100], Train Accuracy: 0.7518, Val Accuracy: 0.6715
2025-01-12 22:45:30,428 - INFO - Epoch [20/100], Train Accuracy: 0.7586, Val Accuracy: 0.6778
2025-01-12 22:45:30,525 - INFO - Epoch [21/100], Train Accuracy: 0.7675, Val Accuracy: 0.6757
2025-01-12 22:45:30,623 - INFO - Epoch [22/100], Train Accuracy: 0.7796, Val Accuracy: 0.6778
2025-01-12 22:45:30,720 - INFO - Epoch [23/100], Train Accuracy: 0.7932, Val Accuracy: 0.6841
2025-01-12 22:45:30,822 - INFO - Epoch [24/100], Train Accuracy: 0.8084, Val Accuracy: 0.6841
2025-01-12 22:45:30,923 - INFO - Epoch [25/100], Train Accuracy: 0.8204, Val Accuracy: 0.6967
2025-01-12 22:45:31,021 - INFO - Epoch [26/100], Train Accuracy: 0.8372, Val Accuracy: 0.7176
2025-01-12 22:45:31,121 - INFO - Epoch [27/100], Train Accuracy: 0.8597, Val Accuracy: 0.7322
2025-01-12 22:45:31,219 - INFO - Epoch [28/100], Train Accuracy: 0.8853, Val Accuracy: 0.7552
2025-01-12 22:45:31,316 - INFO - Epoch [29/100], Train Accuracy: 0.9047, Val Accuracy: 0.7887
2025-01-12 22:45:31,412 - INFO - Epoch [30/100], Train Accuracy: 0.9246, Val Accuracy: 0.7866
2025-01-12 22:45:31,516 - INFO - Epoch [31/100], Train Accuracy: 0.9372, Val Accuracy: 0.8075
2025-01-12 22:45:31,617 - INFO - Epoch [32/100], Train Accuracy: 0.9524, Val Accuracy: 0.8326
2025-01-12 22:45:31,716 - INFO - Epoch [33/100], Train Accuracy: 0.9654, Val Accuracy: 0.8536
2025-01-12 22:45:31,817 - INFO - Epoch [34/100], Train Accuracy: 0.9780, Val Accuracy: 0.8640
2025-01-12 22:45:31,916 - INFO - Epoch [35/100], Train Accuracy: 0.9822, Val Accuracy: 0.8766
2025-01-12 22:45:32,016 - INFO - Epoch [36/100], Train Accuracy: 0.9869, Val Accuracy: 0.8870
2025-01-12 22:45:32,113 - INFO - Epoch [37/100], Train Accuracy: 0.9880, Val Accuracy: 0.8870
2025-01-12 22:45:32,208 - INFO - Epoch [38/100], Train Accuracy: 0.9890, Val Accuracy: 0.8996
2025-01-12 22:45:32,302 - INFO - Epoch [39/100], Train Accuracy: 0.9895, Val Accuracy: 0.9059
2025-01-12 22:45:32,403 - INFO - Epoch [40/100], Train Accuracy: 0.9921, Val Accuracy: 0.9059
2025-01-12 22:45:32,495 - INFO - Epoch [41/100], Train Accuracy: 0.9932, Val Accuracy: 0.9142
2025-01-12 22:45:32,581 - INFO - Epoch [42/100], Train Accuracy: 0.9953, Val Accuracy: 0.9184
2025-01-12 22:45:32,675 - INFO - Epoch [43/100], Train Accuracy: 0.9958, Val Accuracy: 0.9184
2025-01-12 22:45:32,787 - INFO - Epoch [44/100], Train Accuracy: 0.9963, Val Accuracy: 0.9205
2025-01-12 22:45:32,871 - INFO - Epoch [45/100], Train Accuracy: 0.9974, Val Accuracy: 0.9226
2025-01-12 22:45:32,963 - INFO - Epoch [46/100], Train Accuracy: 0.9974, Val Accuracy: 0.9226
2025-01-12 22:45:33,050 - INFO - Epoch [47/100], Train Accuracy: 0.9979, Val Accuracy: 0.9268
2025-01-12 22:45:33,136 - INFO - Epoch [48/100], Train Accuracy: 0.9974, Val Accuracy: 0.9289
2025-01-12 22:45:33,231 - INFO - Epoch [49/100], Train Accuracy: 0.9979, Val Accuracy: 0.9310
2025-01-12 22:45:33,321 - INFO - Epoch [50/100], Train Accuracy: 0.9974, Val Accuracy: 0.9331
2025-01-12 22:45:33,407 - INFO - Epoch [51/100], Train Accuracy: 0.9974, Val Accuracy: 0.9289
2025-01-12 22:45:33,416 - INFO - Fold 1 Validation Accuracy: 0.9289
2025-01-12 22:45:33,418 - INFO - Save model to C:\Users\LeoLi\OneDrive - 学校法人立命館\Ritsumei\4th_Semester\Artificial_Intelligence\final_project\code\FNN/model/2025-01-12/22-45-27/model_0.pth
2025-01-12 22:45:33,419 - INFO - Training for fold 2/5
2025-01-12 22:45:33,525 - INFO - Epoch [1/100], Train Accuracy: 0.3660, Val Accuracy: 0.5565
2025-01-12 22:45:33,630 - INFO - Epoch [2/100], Train Accuracy: 0.6152, Val Accuracy: 0.6067
2025-01-12 22:45:33,726 - INFO - Epoch [3/100], Train Accuracy: 0.7356, Val Accuracy: 0.8264
2025-01-12 22:45:33,831 - INFO - Epoch [4/100], Train Accuracy: 0.8670, Val Accuracy: 0.8180
2025-01-12 22:45:33,917 - INFO - Epoch [5/100], Train Accuracy: 0.8356, Val Accuracy: 0.7782
2025-01-12 22:45:34,008 - INFO - Epoch [6/100], Train Accuracy: 0.8293, Val Accuracy: 0.7824
2025-01-12 22:45:34,097 - INFO - Epoch [7/100], Train Accuracy: 0.8377, Val Accuracy: 0.7929
2025-01-12 22:45:34,202 - INFO - Epoch [8/100], Train Accuracy: 0.8555, Val Accuracy: 0.8075
2025-01-12 22:45:34,293 - INFO - Epoch [9/100], Train Accuracy: 0.8743, Val Accuracy: 0.8222
2025-01-12 22:45:34,381 - INFO - Epoch [10/100], Train Accuracy: 0.8911, Val Accuracy: 0.8368
2025-01-12 22:45:34,469 - INFO - Epoch [11/100], Train Accuracy: 0.9026, Val Accuracy: 0.8326
2025-01-12 22:45:34,566 - INFO - Epoch [12/100], Train Accuracy: 0.9105, Val Accuracy: 0.8661
2025-01-12 22:45:34,659 - INFO - Epoch [13/100], Train Accuracy: 0.9298, Val Accuracy: 0.8724
2025-01-12 22:45:34,754 - INFO - Epoch [14/100], Train Accuracy: 0.9361, Val Accuracy: 0.8787
2025-01-12 22:45:34,846 - INFO - Epoch [15/100], Train Accuracy: 0.9424, Val Accuracy: 0.8912
2025-01-12 22:45:34,933 - INFO - Epoch [16/100], Train Accuracy: 0.9487, Val Accuracy: 0.9038
2025-01-12 22:45:35,022 - INFO - Epoch [17/100], Train Accuracy: 0.9545, Val Accuracy: 0.9059
2025-01-12 22:45:35,115 - INFO - Epoch [18/100], Train Accuracy: 0.9571, Val Accuracy: 0.9079
2025-01-12 22:45:35,207 - INFO - Epoch [19/100], Train Accuracy: 0.9613, Val Accuracy: 0.9059
2025-01-12 22:45:35,307 - INFO - Epoch [20/100], Train Accuracy: 0.9623, Val Accuracy: 0.9100
2025-01-12 22:45:35,395 - INFO - Epoch [21/100], Train Accuracy: 0.9644, Val Accuracy: 0.9079
2025-01-12 22:45:35,483 - INFO - Epoch [22/100], Train Accuracy: 0.9670, Val Accuracy: 0.9121
2025-01-12 22:45:35,574 - INFO - Epoch [23/100], Train Accuracy: 0.9686, Val Accuracy: 0.9121
2025-01-12 22:45:35,661 - INFO - Epoch [24/100], Train Accuracy: 0.9728, Val Accuracy: 0.9121
2025-01-12 22:45:35,753 - INFO - Epoch [25/100], Train Accuracy: 0.9728, Val Accuracy: 0.9121
2025-01-12 22:45:35,846 - INFO - Epoch [26/100], Train Accuracy: 0.9738, Val Accuracy: 0.9100
2025-01-12 22:45:35,932 - INFO - Epoch [27/100], Train Accuracy: 0.9754, Val Accuracy: 0.9163
2025-01-12 22:45:36,024 - INFO - Epoch [28/100], Train Accuracy: 0.9770, Val Accuracy: 0.9184
2025-01-12 22:45:36,115 - INFO - Epoch [29/100], Train Accuracy: 0.9780, Val Accuracy: 0.9184
2025-01-12 22:45:36,208 - INFO - Epoch [30/100], Train Accuracy: 0.9801, Val Accuracy: 0.9163
2025-01-12 22:45:36,300 - INFO - Epoch [31/100], Train Accuracy: 0.9827, Val Accuracy: 0.9184
2025-01-12 22:45:36,390 - INFO - Epoch [32/100], Train Accuracy: 0.9838, Val Accuracy: 0.9142
2025-01-12 22:45:36,485 - INFO - Epoch [33/100], Train Accuracy: 0.9848, Val Accuracy: 0.9142
2025-01-12 22:45:36,573 - INFO - Epoch [34/100], Train Accuracy: 0.9859, Val Accuracy: 0.9142
2025-01-12 22:45:36,662 - INFO - Epoch [35/100], Train Accuracy: 0.9869, Val Accuracy: 0.9163
2025-01-12 22:45:36,769 - INFO - Epoch [36/100], Train Accuracy: 0.9869, Val Accuracy: 0.9163
2025-01-12 22:45:36,857 - INFO - Epoch [37/100], Train Accuracy: 0.9880, Val Accuracy: 0.9142
2025-01-12 22:45:36,951 - INFO - Epoch [38/100], Train Accuracy: 0.9890, Val Accuracy: 0.9142
2025-01-12 22:45:37,041 - INFO - Epoch [39/100], Train Accuracy: 0.9901, Val Accuracy: 0.9121
2025-01-12 22:45:37,137 - INFO - Epoch [40/100], Train Accuracy: 0.9906, Val Accuracy: 0.9142
2025-01-12 22:45:37,231 - INFO - Epoch [41/100], Train Accuracy: 0.9916, Val Accuracy: 0.9121
2025-01-12 22:45:37,321 - INFO - Epoch [42/100], Train Accuracy: 0.9916, Val Accuracy: 0.9121
2025-01-12 22:45:37,414 - INFO - Epoch [43/100], Train Accuracy: 0.9927, Val Accuracy: 0.9121
2025-01-12 22:45:37,502 - INFO - Epoch [44/100], Train Accuracy: 0.9937, Val Accuracy: 0.9163
2025-01-12 22:45:37,590 - INFO - Epoch [45/100], Train Accuracy: 0.9942, Val Accuracy: 0.9100
2025-01-12 22:45:37,684 - INFO - Epoch [46/100], Train Accuracy: 0.9953, Val Accuracy: 0.9079
2025-01-12 22:45:37,692 - INFO - Fold 2 Validation Accuracy: 0.9079
2025-01-12 22:45:37,695 - INFO - Save model to C:\Users\LeoLi\OneDrive - 学校法人立命館\Ritsumei\4th_Semester\Artificial_Intelligence\final_project\code\FNN/model/2025-01-12/22-45-27/model_1.pth
2025-01-12 22:45:37,696 - INFO - Training for fold 3/5
2025-01-12 22:45:37,797 - INFO - Epoch [1/100], Train Accuracy: 0.3325, Val Accuracy: 0.3368
2025-01-12 22:45:37,885 - INFO - Epoch [2/100], Train Accuracy: 0.3325, Val Accuracy: 0.3368
2025-01-12 22:45:37,983 - INFO - Epoch [3/100], Train Accuracy: 0.3325, Val Accuracy: 0.3368
2025-01-12 22:45:38,073 - INFO - Epoch [4/100], Train Accuracy: 0.3518, Val Accuracy: 0.4310
2025-01-12 22:45:38,163 - INFO - Epoch [5/100], Train Accuracy: 0.5084, Val Accuracy: 0.5188
2025-01-12 22:45:38,262 - INFO - Epoch [6/100], Train Accuracy: 0.6770, Val Accuracy: 0.8013
2025-01-12 22:45:38,358 - INFO - Epoch [7/100], Train Accuracy: 0.8696, Val Accuracy: 0.8682
2025-01-12 22:45:38,451 - INFO - Epoch [8/100], Train Accuracy: 0.9026, Val Accuracy: 0.8996
2025-01-12 22:45:38,538 - INFO - Epoch [9/100], Train Accuracy: 0.9173, Val Accuracy: 0.9059
2025-01-12 22:45:38,628 - INFO - Epoch [10/100], Train Accuracy: 0.9293, Val Accuracy: 0.9100
2025-01-12 22:45:38,726 - INFO - Epoch [11/100], Train Accuracy: 0.9330, Val Accuracy: 0.9163
2025-01-12 22:45:38,818 - INFO - Epoch [12/100], Train Accuracy: 0.9377, Val Accuracy: 0.9142
2025-01-12 22:45:38,911 - INFO - Epoch [13/100], Train Accuracy: 0.9387, Val Accuracy: 0.9184
2025-01-12 22:45:39,006 - INFO - Epoch [14/100], Train Accuracy: 0.9424, Val Accuracy: 0.9226
2025-01-12 22:45:39,121 - INFO - Epoch [15/100], Train Accuracy: 0.9440, Val Accuracy: 0.9205
2025-01-12 22:45:39,223 - INFO - Epoch [16/100], Train Accuracy: 0.9487, Val Accuracy: 0.9226
2025-01-12 22:45:39,316 - INFO - Epoch [17/100], Train Accuracy: 0.9476, Val Accuracy: 0.9226
2025-01-12 22:45:39,410 - INFO - Epoch [18/100], Train Accuracy: 0.9524, Val Accuracy: 0.9226
2025-01-12 22:45:39,511 - INFO - Epoch [19/100], Train Accuracy: 0.9565, Val Accuracy: 0.9268
2025-01-12 22:45:39,602 - INFO - Epoch [20/100], Train Accuracy: 0.9586, Val Accuracy: 0.9268
2025-01-12 22:45:39,692 - INFO - Epoch [21/100], Train Accuracy: 0.9628, Val Accuracy: 0.9268
2025-01-12 22:45:39,792 - INFO - Epoch [22/100], Train Accuracy: 0.9649, Val Accuracy: 0.9268
2025-01-12 22:45:39,885 - INFO - Epoch [23/100], Train Accuracy: 0.9675, Val Accuracy: 0.9331
2025-01-12 22:45:39,982 - INFO - Epoch [24/100], Train Accuracy: 0.9712, Val Accuracy: 0.9310
2025-01-12 22:45:40,075 - INFO - Epoch [25/100], Train Accuracy: 0.9733, Val Accuracy: 0.9331
2025-01-12 22:45:40,167 - INFO - Epoch [26/100], Train Accuracy: 0.9749, Val Accuracy: 0.9331
2025-01-12 22:45:40,260 - INFO - Epoch [27/100], Train Accuracy: 0.9785, Val Accuracy: 0.9372
2025-01-12 22:45:40,355 - INFO - Epoch [28/100], Train Accuracy: 0.9796, Val Accuracy: 0.9351
2025-01-12 22:45:40,450 - INFO - Epoch [29/100], Train Accuracy: 0.9817, Val Accuracy: 0.9393
2025-01-12 22:45:40,548 - INFO - Epoch [30/100], Train Accuracy: 0.9827, Val Accuracy: 0.9372
2025-01-12 22:45:40,637 - INFO - Epoch [31/100], Train Accuracy: 0.9838, Val Accuracy: 0.9372
2025-01-12 22:45:40,741 - INFO - Epoch [32/100], Train Accuracy: 0.9843, Val Accuracy: 0.9393
2025-01-12 22:45:40,840 - INFO - Epoch [33/100], Train Accuracy: 0.9864, Val Accuracy: 0.9393
2025-01-12 22:45:40,934 - INFO - Epoch [34/100], Train Accuracy: 0.9869, Val Accuracy: 0.9372
2025-01-12 22:45:41,029 - INFO - Epoch [35/100], Train Accuracy: 0.9890, Val Accuracy: 0.9372
2025-01-12 22:45:41,124 - INFO - Epoch [36/100], Train Accuracy: 0.9901, Val Accuracy: 0.9393
2025-01-12 22:45:41,222 - INFO - Epoch [37/100], Train Accuracy: 0.9911, Val Accuracy: 0.9372
2025-01-12 22:45:41,317 - INFO - Epoch [38/100], Train Accuracy: 0.9916, Val Accuracy: 0.9372
2025-01-12 22:45:41,412 - INFO - Epoch [39/100], Train Accuracy: 0.9916, Val Accuracy: 0.9372
2025-01-12 22:45:41,509 - INFO - Epoch [40/100], Train Accuracy: 0.9927, Val Accuracy: 0.9372
2025-01-12 22:45:41,599 - INFO - Epoch [41/100], Train Accuracy: 0.9927, Val Accuracy: 0.9351
2025-01-12 22:45:41,688 - INFO - Epoch [42/100], Train Accuracy: 0.9942, Val Accuracy: 0.9351
2025-01-12 22:45:41,787 - INFO - Epoch [43/100], Train Accuracy: 0.9953, Val Accuracy: 0.9372
2025-01-12 22:45:41,796 - INFO - Fold 3 Validation Accuracy: 0.9372
2025-01-12 22:45:41,798 - INFO - Save model to C:\Users\LeoLi\OneDrive - 学校法人立命館\Ritsumei\4th_Semester\Artificial_Intelligence\final_project\code\FNN/model/2025-01-12/22-45-27/model_2.pth
2025-01-12 22:45:41,798 - INFO - Training for fold 4/5
2025-01-12 22:45:41,895 - INFO - Epoch [1/100], Train Accuracy: 0.3312, Val Accuracy: 0.3417
2025-01-12 22:45:41,983 - INFO - Epoch [2/100], Train Accuracy: 0.3312, Val Accuracy: 0.3417
2025-01-12 22:45:42,074 - INFO - Epoch [3/100], Train Accuracy: 0.3935, Val Accuracy: 0.5702
2025-01-12 22:45:42,164 - INFO - Epoch [4/100], Train Accuracy: 0.6023, Val Accuracy: 0.5786
2025-01-12 22:45:42,257 - INFO - Epoch [5/100], Train Accuracy: 0.5971, Val Accuracy: 0.6436
2025-01-12 22:45:42,345 - INFO - Epoch [6/100], Train Accuracy: 0.8090, Val Accuracy: 0.7338
2025-01-12 22:45:42,440 - INFO - Epoch [7/100], Train Accuracy: 0.7865, Val Accuracy: 0.7128
2025-01-12 22:45:42,528 - INFO - Epoch [8/100], Train Accuracy: 0.7980, Val Accuracy: 0.7505
2025-01-12 22:45:42,616 - INFO - Epoch [9/100], Train Accuracy: 0.8273, Val Accuracy: 0.7945
2025-01-12 22:45:42,705 - INFO - Epoch [10/100], Train Accuracy: 0.8687, Val Accuracy: 0.8071
2025-01-12 22:45:42,799 - INFO - Epoch [11/100], Train Accuracy: 0.8959, Val Accuracy: 0.8344
2025-01-12 22:45:42,888 - INFO - Epoch [12/100], Train Accuracy: 0.9100, Val Accuracy: 0.8512
2025-01-12 22:45:42,982 - INFO - Epoch [13/100], Train Accuracy: 0.9205, Val Accuracy: 0.8637
2025-01-12 22:45:43,074 - INFO - Epoch [14/100], Train Accuracy: 0.9299, Val Accuracy: 0.8742
2025-01-12 22:45:43,162 - INFO - Epoch [15/100], Train Accuracy: 0.9398, Val Accuracy: 0.8784
2025-01-12 22:45:43,258 - INFO - Epoch [16/100], Train Accuracy: 0.9445, Val Accuracy: 0.8847
2025-01-12 22:45:43,348 - INFO - Epoch [17/100], Train Accuracy: 0.9492, Val Accuracy: 0.8931
2025-01-12 22:45:43,442 - INFO - Epoch [18/100], Train Accuracy: 0.9540, Val Accuracy: 0.8931
2025-01-12 22:45:43,541 - INFO - Epoch [19/100], Train Accuracy: 0.9576, Val Accuracy: 0.8931
2025-01-12 22:45:43,635 - INFO - Epoch [20/100], Train Accuracy: 0.9602, Val Accuracy: 0.8994
2025-01-12 22:45:43,739 - INFO - Epoch [21/100], Train Accuracy: 0.9639, Val Accuracy: 0.9036
2025-01-12 22:45:43,836 - INFO - Epoch [22/100], Train Accuracy: 0.9670, Val Accuracy: 0.9015
2025-01-12 22:45:43,928 - INFO - Epoch [23/100], Train Accuracy: 0.9712, Val Accuracy: 0.9099
2025-01-12 22:45:44,022 - INFO - Epoch [24/100], Train Accuracy: 0.9728, Val Accuracy: 0.9119
2025-01-12 22:45:44,117 - INFO - Epoch [25/100], Train Accuracy: 0.9754, Val Accuracy: 0.9099
2025-01-12 22:45:44,204 - INFO - Epoch [26/100], Train Accuracy: 0.9785, Val Accuracy: 0.9140
2025-01-12 22:45:44,306 - INFO - Epoch [27/100], Train Accuracy: 0.9791, Val Accuracy: 0.9119
2025-01-12 22:45:44,392 - INFO - Epoch [28/100], Train Accuracy: 0.9812, Val Accuracy: 0.9140
2025-01-12 22:45:44,501 - INFO - Epoch [29/100], Train Accuracy: 0.9822, Val Accuracy: 0.9140
2025-01-12 22:45:44,593 - INFO - Epoch [30/100], Train Accuracy: 0.9848, Val Accuracy: 0.9140
2025-01-12 22:45:44,681 - INFO - Epoch [31/100], Train Accuracy: 0.9848, Val Accuracy: 0.9140
2025-01-12 22:45:44,777 - INFO - Epoch [32/100], Train Accuracy: 0.9853, Val Accuracy: 0.9140
2025-01-12 22:45:44,870 - INFO - Epoch [33/100], Train Accuracy: 0.9869, Val Accuracy: 0.9182
2025-01-12 22:45:44,967 - INFO - Epoch [34/100], Train Accuracy: 0.9869, Val Accuracy: 0.9224
2025-01-12 22:45:45,054 - INFO - Epoch [35/100], Train Accuracy: 0.9885, Val Accuracy: 0.9224
2025-01-12 22:45:45,143 - INFO - Epoch [36/100], Train Accuracy: 0.9885, Val Accuracy: 0.9224
2025-01-12 22:45:45,252 - INFO - Epoch [37/100], Train Accuracy: 0.9901, Val Accuracy: 0.9224
2025-01-12 22:45:45,365 - INFO - Epoch [38/100], Train Accuracy: 0.9901, Val Accuracy: 0.9224
2025-01-12 22:45:45,473 - INFO - Epoch [39/100], Train Accuracy: 0.9911, Val Accuracy: 0.9224
2025-01-12 22:45:45,590 - INFO - Epoch [40/100], Train Accuracy: 0.9927, Val Accuracy: 0.9203
2025-01-12 22:45:45,703 - INFO - Epoch [41/100], Train Accuracy: 0.9932, Val Accuracy: 0.9224
2025-01-12 22:45:45,833 - INFO - Epoch [42/100], Train Accuracy: 0.9942, Val Accuracy: 0.9203
2025-01-12 22:45:45,946 - INFO - Epoch [43/100], Train Accuracy: 0.9948, Val Accuracy: 0.9182
2025-01-12 22:45:46,056 - INFO - Epoch [44/100], Train Accuracy: 0.9948, Val Accuracy: 0.9203
2025-01-12 22:45:46,162 - INFO - Epoch [45/100], Train Accuracy: 0.9958, Val Accuracy: 0.9203
2025-01-12 22:45:46,173 - INFO - Fold 4 Validation Accuracy: 0.9203
2025-01-12 22:45:46,176 - INFO - Save model to C:\Users\LeoLi\OneDrive - 学校法人立命館\Ritsumei\4th_Semester\Artificial_Intelligence\final_project\code\FNN/model/2025-01-12/22-45-27/model_3.pth
2025-01-12 22:45:46,176 - INFO - Training for fold 5/5
2025-01-12 22:45:46,299 - INFO - Epoch [1/100], Train Accuracy: 0.3359, Val Accuracy: 0.3229
2025-01-12 22:45:46,419 - INFO - Epoch [2/100], Train Accuracy: 0.3359, Val Accuracy: 0.3229
2025-01-12 22:45:46,538 - INFO - Epoch [3/100], Train Accuracy: 0.3485, Val Accuracy: 0.3899
2025-01-12 22:45:46,651 - INFO - Epoch [4/100], Train Accuracy: 0.5536, Val Accuracy: 0.5891
2025-01-12 22:45:46,771 - INFO - Epoch [5/100], Train Accuracy: 0.6175, Val Accuracy: 0.6059
2025-01-12 22:45:46,892 - INFO - Epoch [6/100], Train Accuracy: 0.6347, Val Accuracy: 0.6184
2025-01-12 22:45:47,009 - INFO - Epoch [7/100], Train Accuracy: 0.6415, Val Accuracy: 0.6331
2025-01-12 22:45:47,121 - INFO - Epoch [8/100], Train Accuracy: 0.6452, Val Accuracy: 0.6373
2025-01-12 22:45:47,236 - INFO - Epoch [9/100], Train Accuracy: 0.7028, Val Accuracy: 0.6771
2025-01-12 22:45:47,353 - INFO - Epoch [10/100], Train Accuracy: 0.6813, Val Accuracy: 0.6457
2025-01-12 22:45:47,468 - INFO - Epoch [11/100], Train Accuracy: 0.6923, Val Accuracy: 0.6625
2025-01-12 22:45:47,582 - INFO - Epoch [12/100], Train Accuracy: 0.7007, Val Accuracy: 0.6541
2025-01-12 22:45:47,699 - INFO - Epoch [13/100], Train Accuracy: 0.6981, Val Accuracy: 0.6667
2025-01-12 22:45:47,818 - INFO - Epoch [14/100], Train Accuracy: 0.7075, Val Accuracy: 0.6939
2025-01-12 22:45:47,932 - INFO - Epoch [15/100], Train Accuracy: 0.7258, Val Accuracy: 0.6918
2025-01-12 22:45:48,048 - INFO - Epoch [16/100], Train Accuracy: 0.7326, Val Accuracy: 0.7044
2025-01-12 22:45:48,161 - INFO - Epoch [17/100], Train Accuracy: 0.7446, Val Accuracy: 0.7107
2025-01-12 22:45:48,279 - INFO - Epoch [18/100], Train Accuracy: 0.7488, Val Accuracy: 0.7170
2025-01-12 22:45:48,393 - INFO - Epoch [19/100], Train Accuracy: 0.7656, Val Accuracy: 0.7212
2025-01-12 22:45:48,502 - INFO - Epoch [20/100], Train Accuracy: 0.7786, Val Accuracy: 0.7421
2025-01-12 22:45:48,613 - INFO - Epoch [21/100], Train Accuracy: 0.7896, Val Accuracy: 0.7463
2025-01-12 22:45:48,732 - INFO - Epoch [22/100], Train Accuracy: 0.8027, Val Accuracy: 0.7547
2025-01-12 22:45:48,853 - INFO - Epoch [23/100], Train Accuracy: 0.8137, Val Accuracy: 0.7694
2025-01-12 22:45:48,968 - INFO - Epoch [24/100], Train Accuracy: 0.8273, Val Accuracy: 0.7757
2025-01-12 22:45:49,086 - INFO - Epoch [25/100], Train Accuracy: 0.8425, Val Accuracy: 0.7862
2025-01-12 22:45:49,201 - INFO - Epoch [26/100], Train Accuracy: 0.8577, Val Accuracy: 0.7925
2025-01-12 22:45:49,324 - INFO - Epoch [27/100], Train Accuracy: 0.8718, Val Accuracy: 0.8134
2025-01-12 22:45:49,439 - INFO - Epoch [28/100], Train Accuracy: 0.8828, Val Accuracy: 0.8176
2025-01-12 22:45:49,559 - INFO - Epoch [29/100], Train Accuracy: 0.8922, Val Accuracy: 0.8323
2025-01-12 22:45:49,673 - INFO - Epoch [30/100], Train Accuracy: 0.8964, Val Accuracy: 0.8323
2025-01-12 22:45:49,794 - INFO - Epoch [31/100], Train Accuracy: 0.9084, Val Accuracy: 0.8365
2025-01-12 22:45:49,913 - INFO - Epoch [32/100], Train Accuracy: 0.9137, Val Accuracy: 0.8386
2025-01-12 22:45:50,020 - INFO - Epoch [33/100], Train Accuracy: 0.9199, Val Accuracy: 0.8428
2025-01-12 22:45:50,109 - INFO - Epoch [34/100], Train Accuracy: 0.9267, Val Accuracy: 0.8491
2025-01-12 22:45:50,212 - INFO - Epoch [35/100], Train Accuracy: 0.9294, Val Accuracy: 0.8512
2025-01-12 22:45:50,311 - INFO - Epoch [36/100], Train Accuracy: 0.9335, Val Accuracy: 0.8512
2025-01-12 22:45:50,409 - INFO - Epoch [37/100], Train Accuracy: 0.9362, Val Accuracy: 0.8595
2025-01-12 22:45:50,501 - INFO - Epoch [38/100], Train Accuracy: 0.9388, Val Accuracy: 0.8595
2025-01-12 22:45:50,598 - INFO - Epoch [39/100], Train Accuracy: 0.9440, Val Accuracy: 0.8595
2025-01-12 22:45:50,702 - INFO - Epoch [40/100], Train Accuracy: 0.9471, Val Accuracy: 0.8658
2025-01-12 22:45:50,821 - INFO - Epoch [41/100], Train Accuracy: 0.9513, Val Accuracy: 0.8637
2025-01-12 22:45:50,918 - INFO - Epoch [42/100], Train Accuracy: 0.9524, Val Accuracy: 0.8679
2025-01-12 22:45:51,015 - INFO - Epoch [43/100], Train Accuracy: 0.9566, Val Accuracy: 0.8721
2025-01-12 22:45:51,110 - INFO - Epoch [44/100], Train Accuracy: 0.9597, Val Accuracy: 0.8700
2025-01-12 22:45:51,210 - INFO - Epoch [45/100], Train Accuracy: 0.9608, Val Accuracy: 0.8784
2025-01-12 22:45:51,311 - INFO - Epoch [46/100], Train Accuracy: 0.9628, Val Accuracy: 0.8763
2025-01-12 22:45:51,410 - INFO - Epoch [47/100], Train Accuracy: 0.9649, Val Accuracy: 0.8805
2025-01-12 22:45:51,501 - INFO - Epoch [48/100], Train Accuracy: 0.9660, Val Accuracy: 0.8805
2025-01-12 22:45:51,605 - INFO - Epoch [49/100], Train Accuracy: 0.9691, Val Accuracy: 0.8826
2025-01-12 22:45:51,703 - INFO - Epoch [50/100], Train Accuracy: 0.9712, Val Accuracy: 0.8805
2025-01-12 22:45:51,812 - INFO - Epoch [51/100], Train Accuracy: 0.9717, Val Accuracy: 0.8826
2025-01-12 22:45:51,908 - INFO - Epoch [52/100], Train Accuracy: 0.9754, Val Accuracy: 0.8847
2025-01-12 22:45:51,999 - INFO - Epoch [53/100], Train Accuracy: 0.9770, Val Accuracy: 0.8847
2025-01-12 22:45:52,102 - INFO - Epoch [54/100], Train Accuracy: 0.9770, Val Accuracy: 0.8826
2025-01-12 22:45:52,199 - INFO - Epoch [55/100], Train Accuracy: 0.9796, Val Accuracy: 0.8868
2025-01-12 22:45:52,296 - INFO - Epoch [56/100], Train Accuracy: 0.9806, Val Accuracy: 0.8847
2025-01-12 22:45:52,381 - INFO - Epoch [57/100], Train Accuracy: 0.9812, Val Accuracy: 0.8910
2025-01-12 22:45:52,470 - INFO - Epoch [58/100], Train Accuracy: 0.9838, Val Accuracy: 0.8910
2025-01-12 22:45:52,569 - INFO - Epoch [59/100], Train Accuracy: 0.9848, Val Accuracy: 0.8910
2025-01-12 22:45:52,653 - INFO - Epoch [60/100], Train Accuracy: 0.9864, Val Accuracy: 0.8952
2025-01-12 22:45:52,745 - INFO - Epoch [61/100], Train Accuracy: 0.9890, Val Accuracy: 0.8931
2025-01-12 22:45:52,834 - INFO - Epoch [62/100], Train Accuracy: 0.9895, Val Accuracy: 0.8952
2025-01-12 22:45:52,924 - INFO - Epoch [63/100], Train Accuracy: 0.9901, Val Accuracy: 0.8952
2025-01-12 22:45:53,011 - INFO - Epoch [64/100], Train Accuracy: 0.9911, Val Accuracy: 0.8952
2025-01-12 22:45:53,101 - INFO - Epoch [65/100], Train Accuracy: 0.9906, Val Accuracy: 0.8952
2025-01-12 22:45:53,189 - INFO - Epoch [66/100], Train Accuracy: 0.9916, Val Accuracy: 0.8952
2025-01-12 22:45:53,282 - INFO - Epoch [67/100], Train Accuracy: 0.9927, Val Accuracy: 0.8952
2025-01-12 22:45:53,370 - INFO - Epoch [68/100], Train Accuracy: 0.9927, Val Accuracy: 0.8952
2025-01-12 22:45:53,465 - INFO - Epoch [69/100], Train Accuracy: 0.9942, Val Accuracy: 0.8952
2025-01-12 22:45:53,560 - INFO - Epoch [70/100], Train Accuracy: 0.9942, Val Accuracy: 0.8931
2025-01-12 22:45:53,658 - INFO - Epoch [71/100], Train Accuracy: 0.9953, Val Accuracy: 0.8952
2025-01-12 22:45:53,811 - INFO - Epoch [72/100], Train Accuracy: 0.9958, Val Accuracy: 0.8952
2025-01-12 22:45:53,925 - INFO - Epoch [73/100], Train Accuracy: 0.9963, Val Accuracy: 0.8973
2025-01-12 22:45:54,016 - INFO - Epoch [74/100], Train Accuracy: 0.9969, Val Accuracy: 0.8973
2025-01-12 22:45:54,107 - INFO - Epoch [75/100], Train Accuracy: 0.9963, Val Accuracy: 0.8973
2025-01-12 22:45:54,205 - INFO - Epoch [76/100], Train Accuracy: 0.9969, Val Accuracy: 0.8952
2025-01-12 22:45:54,214 - INFO - Fold 5 Validation Accuracy: 0.8952
2025-01-12 22:45:54,215 - INFO - Save model to C:\Users\LeoLi\OneDrive - 学校法人立命館\Ritsumei\4th_Semester\Artificial_Intelligence\final_project\code\FNN/model/2025-01-12/22-45-27/model_4.pth
2025-01-12 22:45:54,216 - INFO - Average Validation Accuracy (Over 5 folds): 0.9179 

