2025-01-12 22:57:03,847 - INFO - Training with Vectorized Data 1000 features. Dropout Rate 0.70. Dataset Size 2388. 1 neurons.
2025-01-12 22:57:03,848 - INFO - Training for fold 1/5
2025-01-12 22:57:05,059 - INFO - Epoch [1/100], Train Accuracy: 0.3262, Val Accuracy: 0.3619
2025-01-12 22:57:05,160 - INFO - Epoch [2/100], Train Accuracy: 0.3262, Val Accuracy: 0.3619
2025-01-12 22:57:05,258 - INFO - Epoch [3/100], Train Accuracy: 0.3262, Val Accuracy: 0.3619
2025-01-12 22:57:05,357 - INFO - Epoch [4/100], Train Accuracy: 0.3262, Val Accuracy: 0.3619
2025-01-12 22:57:05,459 - INFO - Epoch [5/100], Train Accuracy: 0.3262, Val Accuracy: 0.3619
2025-01-12 22:57:05,560 - INFO - Epoch [6/100], Train Accuracy: 0.3262, Val Accuracy: 0.3619
2025-01-12 22:57:05,666 - INFO - Epoch [7/100], Train Accuracy: 0.3634, Val Accuracy: 0.4874
2025-01-12 22:57:05,767 - INFO - Epoch [8/100], Train Accuracy: 0.4921, Val Accuracy: 0.5146
2025-01-12 22:57:05,863 - INFO - Epoch [9/100], Train Accuracy: 0.5162, Val Accuracy: 0.5377
2025-01-12 22:57:05,963 - INFO - Epoch [10/100], Train Accuracy: 0.5419, Val Accuracy: 0.5523
2025-01-12 22:57:06,065 - INFO - Epoch [11/100], Train Accuracy: 0.5597, Val Accuracy: 0.5628
2025-01-12 22:57:06,169 - INFO - Epoch [12/100], Train Accuracy: 0.5764, Val Accuracy: 0.5711
2025-01-12 22:57:06,269 - INFO - Epoch [13/100], Train Accuracy: 0.5916, Val Accuracy: 0.5711
2025-01-12 22:57:06,369 - INFO - Epoch [14/100], Train Accuracy: 0.6042, Val Accuracy: 0.5774
2025-01-12 22:57:06,474 - INFO - Epoch [15/100], Train Accuracy: 0.6063, Val Accuracy: 0.5858
2025-01-12 22:57:06,579 - INFO - Epoch [16/100], Train Accuracy: 0.6131, Val Accuracy: 0.5837
2025-01-12 22:57:06,683 - INFO - Epoch [17/100], Train Accuracy: 0.6152, Val Accuracy: 0.5921
2025-01-12 22:57:06,791 - INFO - Epoch [18/100], Train Accuracy: 0.6571, Val Accuracy: 0.6297
2025-01-12 22:57:06,896 - INFO - Epoch [19/100], Train Accuracy: 0.6906, Val Accuracy: 0.6402
2025-01-12 22:57:06,997 - INFO - Epoch [20/100], Train Accuracy: 0.6948, Val Accuracy: 0.6444
2025-01-12 22:57:07,095 - INFO - Epoch [21/100], Train Accuracy: 0.6942, Val Accuracy: 0.6381
2025-01-12 22:57:07,200 - INFO - Epoch [22/100], Train Accuracy: 0.6906, Val Accuracy: 0.6423
2025-01-12 22:57:07,300 - INFO - Epoch [23/100], Train Accuracy: 0.6880, Val Accuracy: 0.6444
2025-01-12 22:57:07,409 - INFO - Epoch [24/100], Train Accuracy: 0.6864, Val Accuracy: 0.6444
2025-01-12 22:57:07,509 - INFO - Epoch [25/100], Train Accuracy: 0.6859, Val Accuracy: 0.6423
2025-01-12 22:57:07,606 - INFO - Epoch [26/100], Train Accuracy: 0.6880, Val Accuracy: 0.6444
2025-01-12 22:57:07,709 - INFO - Epoch [27/100], Train Accuracy: 0.6932, Val Accuracy: 0.6423
2025-01-12 22:57:07,818 - INFO - Epoch [28/100], Train Accuracy: 0.6895, Val Accuracy: 0.6381
2025-01-12 22:57:07,932 - INFO - Epoch [29/100], Train Accuracy: 0.6927, Val Accuracy: 0.6444
2025-01-12 22:57:08,030 - INFO - Epoch [30/100], Train Accuracy: 0.6921, Val Accuracy: 0.6444
2025-01-12 22:57:08,146 - INFO - Epoch [31/100], Train Accuracy: 0.6958, Val Accuracy: 0.6444
2025-01-12 22:57:08,283 - INFO - Epoch [32/100], Train Accuracy: 0.6974, Val Accuracy: 0.6527
2025-01-12 22:57:08,415 - INFO - Epoch [33/100], Train Accuracy: 0.6974, Val Accuracy: 0.6485
2025-01-12 22:57:08,543 - INFO - Epoch [34/100], Train Accuracy: 0.6995, Val Accuracy: 0.6506
2025-01-12 22:57:08,637 - INFO - Epoch [35/100], Train Accuracy: 0.7021, Val Accuracy: 0.6444
2025-01-12 22:57:08,757 - INFO - Epoch [36/100], Train Accuracy: 0.7005, Val Accuracy: 0.6464
2025-01-12 22:57:08,849 - INFO - Epoch [37/100], Train Accuracy: 0.7031, Val Accuracy: 0.6485
2025-01-12 22:57:08,938 - INFO - Epoch [38/100], Train Accuracy: 0.7052, Val Accuracy: 0.6464
2025-01-12 22:57:09,031 - INFO - Epoch [39/100], Train Accuracy: 0.7084, Val Accuracy: 0.6485
2025-01-12 22:57:09,134 - INFO - Epoch [40/100], Train Accuracy: 0.7110, Val Accuracy: 0.6485
2025-01-12 22:57:09,235 - INFO - Epoch [41/100], Train Accuracy: 0.7120, Val Accuracy: 0.6485
2025-01-12 22:57:09,390 - INFO - Epoch [42/100], Train Accuracy: 0.7188, Val Accuracy: 0.6485
2025-01-12 22:57:09,575 - INFO - Epoch [43/100], Train Accuracy: 0.7194, Val Accuracy: 0.6464
2025-01-12 22:57:09,737 - INFO - Epoch [44/100], Train Accuracy: 0.7246, Val Accuracy: 0.6485
2025-01-12 22:57:09,943 - INFO - Epoch [45/100], Train Accuracy: 0.7283, Val Accuracy: 0.6506
2025-01-12 22:57:10,050 - INFO - Epoch [46/100], Train Accuracy: 0.7335, Val Accuracy: 0.6527
2025-01-12 22:57:10,200 - INFO - Epoch [47/100], Train Accuracy: 0.7340, Val Accuracy: 0.6611
2025-01-12 22:57:10,322 - INFO - Epoch [48/100], Train Accuracy: 0.7403, Val Accuracy: 0.6611
2025-01-12 22:57:10,429 - INFO - Epoch [49/100], Train Accuracy: 0.7445, Val Accuracy: 0.6590
2025-01-12 22:57:10,535 - INFO - Epoch [50/100], Train Accuracy: 0.7492, Val Accuracy: 0.6611
2025-01-12 22:57:10,639 - INFO - Epoch [51/100], Train Accuracy: 0.7539, Val Accuracy: 0.6632
2025-01-12 22:57:10,752 - INFO - Epoch [52/100], Train Accuracy: 0.7592, Val Accuracy: 0.6653
2025-01-12 22:57:10,894 - INFO - Epoch [53/100], Train Accuracy: 0.7613, Val Accuracy: 0.6653
2025-01-12 22:57:11,029 - INFO - Epoch [54/100], Train Accuracy: 0.7654, Val Accuracy: 0.6674
2025-01-12 22:57:11,168 - INFO - Epoch [55/100], Train Accuracy: 0.7691, Val Accuracy: 0.6695
2025-01-12 22:57:11,320 - INFO - Epoch [56/100], Train Accuracy: 0.7723, Val Accuracy: 0.6674
2025-01-12 22:57:11,442 - INFO - Epoch [57/100], Train Accuracy: 0.7770, Val Accuracy: 0.6674
2025-01-12 22:57:11,559 - INFO - Epoch [58/100], Train Accuracy: 0.7812, Val Accuracy: 0.6695
2025-01-12 22:57:11,655 - INFO - Epoch [59/100], Train Accuracy: 0.7848, Val Accuracy: 0.6674
2025-01-12 22:57:11,752 - INFO - Epoch [60/100], Train Accuracy: 0.7916, Val Accuracy: 0.6715
2025-01-12 22:57:11,868 - INFO - Epoch [61/100], Train Accuracy: 0.7953, Val Accuracy: 0.6715
2025-01-12 22:57:11,961 - INFO - Epoch [62/100], Train Accuracy: 0.8037, Val Accuracy: 0.6736
2025-01-12 22:57:12,061 - INFO - Epoch [63/100], Train Accuracy: 0.8120, Val Accuracy: 0.6820
2025-01-12 22:57:12,214 - INFO - Epoch [64/100], Train Accuracy: 0.8183, Val Accuracy: 0.6799
2025-01-12 22:57:12,326 - INFO - Epoch [65/100], Train Accuracy: 0.8236, Val Accuracy: 0.6862
2025-01-12 22:57:12,418 - INFO - Epoch [66/100], Train Accuracy: 0.8335, Val Accuracy: 0.6967
2025-01-12 22:57:12,523 - INFO - Epoch [67/100], Train Accuracy: 0.8377, Val Accuracy: 0.7050
2025-01-12 22:57:12,626 - INFO - Epoch [68/100], Train Accuracy: 0.8482, Val Accuracy: 0.7071
2025-01-12 22:57:12,735 - INFO - Epoch [69/100], Train Accuracy: 0.8607, Val Accuracy: 0.7218
2025-01-12 22:57:12,830 - INFO - Epoch [70/100], Train Accuracy: 0.8707, Val Accuracy: 0.7176
2025-01-12 22:57:12,933 - INFO - Epoch [71/100], Train Accuracy: 0.8759, Val Accuracy: 0.7259
2025-01-12 22:57:13,033 - INFO - Epoch [72/100], Train Accuracy: 0.8796, Val Accuracy: 0.7238
2025-01-12 22:57:13,129 - INFO - Epoch [73/100], Train Accuracy: 0.8817, Val Accuracy: 0.7280
2025-01-12 22:57:13,228 - INFO - Epoch [74/100], Train Accuracy: 0.8885, Val Accuracy: 0.7218
2025-01-12 22:57:13,330 - INFO - Epoch [75/100], Train Accuracy: 0.8916, Val Accuracy: 0.7343
2025-01-12 22:57:13,432 - INFO - Epoch [76/100], Train Accuracy: 0.8984, Val Accuracy: 0.7343
2025-01-12 22:57:13,531 - INFO - Epoch [77/100], Train Accuracy: 0.9031, Val Accuracy: 0.7364
2025-01-12 22:57:13,627 - INFO - Epoch [78/100], Train Accuracy: 0.9099, Val Accuracy: 0.7385
2025-01-12 22:57:13,738 - INFO - Epoch [79/100], Train Accuracy: 0.9141, Val Accuracy: 0.7427
2025-01-12 22:57:13,845 - INFO - Epoch [80/100], Train Accuracy: 0.9168, Val Accuracy: 0.7427
2025-01-12 22:57:13,950 - INFO - Epoch [81/100], Train Accuracy: 0.9209, Val Accuracy: 0.7448
2025-01-12 22:57:14,068 - INFO - Epoch [82/100], Train Accuracy: 0.9246, Val Accuracy: 0.7531
2025-01-12 22:57:14,169 - INFO - Epoch [83/100], Train Accuracy: 0.9262, Val Accuracy: 0.7490
2025-01-12 22:57:14,273 - INFO - Epoch [84/100], Train Accuracy: 0.9283, Val Accuracy: 0.7490
2025-01-12 22:57:14,372 - INFO - Epoch [85/100], Train Accuracy: 0.9325, Val Accuracy: 0.7490
2025-01-12 22:57:14,483 - INFO - Epoch [86/100], Train Accuracy: 0.9340, Val Accuracy: 0.7531
2025-01-12 22:57:14,586 - INFO - Epoch [87/100], Train Accuracy: 0.9377, Val Accuracy: 0.7510
2025-01-12 22:57:14,683 - INFO - Epoch [88/100], Train Accuracy: 0.9393, Val Accuracy: 0.7552
2025-01-12 22:57:14,797 - INFO - Epoch [89/100], Train Accuracy: 0.9429, Val Accuracy: 0.7552
2025-01-12 22:57:14,896 - INFO - Epoch [90/100], Train Accuracy: 0.9429, Val Accuracy: 0.7615
2025-01-12 22:57:14,998 - INFO - Epoch [91/100], Train Accuracy: 0.9450, Val Accuracy: 0.7615
2025-01-12 22:57:15,106 - INFO - Epoch [92/100], Train Accuracy: 0.9476, Val Accuracy: 0.7615
2025-01-12 22:57:15,205 - INFO - Epoch [93/100], Train Accuracy: 0.9482, Val Accuracy: 0.7636
2025-01-12 22:57:15,314 - INFO - Epoch [94/100], Train Accuracy: 0.9487, Val Accuracy: 0.7615
2025-01-12 22:57:15,413 - INFO - Epoch [95/100], Train Accuracy: 0.9508, Val Accuracy: 0.7573
2025-01-12 22:57:15,516 - INFO - Epoch [96/100], Train Accuracy: 0.9539, Val Accuracy: 0.7594
2025-01-12 22:57:15,615 - INFO - Epoch [97/100], Train Accuracy: 0.9560, Val Accuracy: 0.7573
2025-01-12 22:57:15,726 - INFO - Epoch [98/100], Train Accuracy: 0.9560, Val Accuracy: 0.7573
2025-01-12 22:57:15,857 - INFO - Epoch [99/100], Train Accuracy: 0.9571, Val Accuracy: 0.7573
2025-01-12 22:57:15,960 - INFO - Epoch [100/100], Train Accuracy: 0.9576, Val Accuracy: 0.7573
2025-01-12 22:57:15,972 - INFO - Fold 1 Validation Accuracy: 0.7573
2025-01-12 22:57:15,975 - INFO - Save model to C:\Users\LeoLi\OneDrive - 学校法人立命館\Ritsumei\4th_Semester\Artificial_Intelligence\final_project\code\FNN/model/2025-01-12/22-57-03/model_0.pth
2025-01-12 22:57:15,976 - INFO - Training for fold 2/5
2025-01-12 22:57:16,119 - INFO - Epoch [1/100], Train Accuracy: 0.3471, Val Accuracy: 0.4121
2025-01-12 22:57:16,219 - INFO - Epoch [2/100], Train Accuracy: 0.4267, Val Accuracy: 0.4226
2025-01-12 22:57:16,322 - INFO - Epoch [3/100], Train Accuracy: 0.4440, Val Accuracy: 0.4540
2025-01-12 22:57:16,423 - INFO - Epoch [4/100], Train Accuracy: 0.4848, Val Accuracy: 0.4979
2025-01-12 22:57:16,531 - INFO - Epoch [5/100], Train Accuracy: 0.5173, Val Accuracy: 0.5418
2025-01-12 22:57:16,646 - INFO - Epoch [6/100], Train Accuracy: 0.5513, Val Accuracy: 0.5544
2025-01-12 22:57:16,825 - INFO - Epoch [7/100], Train Accuracy: 0.5743, Val Accuracy: 0.5711
2025-01-12 22:57:16,989 - INFO - Epoch [8/100], Train Accuracy: 0.6000, Val Accuracy: 0.5795
2025-01-12 22:57:17,094 - INFO - Epoch [9/100], Train Accuracy: 0.6105, Val Accuracy: 0.5921
2025-01-12 22:57:17,217 - INFO - Epoch [10/100], Train Accuracy: 0.6220, Val Accuracy: 0.6088
2025-01-12 22:57:17,321 - INFO - Epoch [11/100], Train Accuracy: 0.6298, Val Accuracy: 0.6109
2025-01-12 22:57:17,429 - INFO - Epoch [12/100], Train Accuracy: 0.6319, Val Accuracy: 0.6109
2025-01-12 22:57:17,528 - INFO - Epoch [13/100], Train Accuracy: 0.6387, Val Accuracy: 0.6276
2025-01-12 22:57:17,636 - INFO - Epoch [14/100], Train Accuracy: 0.6408, Val Accuracy: 0.6234
2025-01-12 22:57:17,753 - INFO - Epoch [15/100], Train Accuracy: 0.6471, Val Accuracy: 0.6339
2025-01-12 22:57:17,851 - INFO - Epoch [16/100], Train Accuracy: 0.6492, Val Accuracy: 0.6444
2025-01-12 22:57:17,954 - INFO - Epoch [17/100], Train Accuracy: 0.6508, Val Accuracy: 0.6339
2025-01-12 22:57:18,048 - INFO - Epoch [18/100], Train Accuracy: 0.6602, Val Accuracy: 0.6485
2025-01-12 22:57:18,152 - INFO - Epoch [19/100], Train Accuracy: 0.6581, Val Accuracy: 0.6464
2025-01-12 22:57:18,249 - INFO - Epoch [20/100], Train Accuracy: 0.6576, Val Accuracy: 0.6569
2025-01-12 22:57:18,337 - INFO - Epoch [21/100], Train Accuracy: 0.6634, Val Accuracy: 0.6653
2025-01-12 22:57:18,426 - INFO - Epoch [22/100], Train Accuracy: 0.6644, Val Accuracy: 0.6695
2025-01-12 22:57:18,518 - INFO - Epoch [23/100], Train Accuracy: 0.6780, Val Accuracy: 0.6778
2025-01-12 22:57:18,603 - INFO - Epoch [24/100], Train Accuracy: 0.6754, Val Accuracy: 0.6799
2025-01-12 22:57:18,696 - INFO - Epoch [25/100], Train Accuracy: 0.6791, Val Accuracy: 0.6841
2025-01-12 22:57:18,792 - INFO - Epoch [26/100], Train Accuracy: 0.6801, Val Accuracy: 0.6967
2025-01-12 22:57:18,884 - INFO - Epoch [27/100], Train Accuracy: 0.6853, Val Accuracy: 0.7008
2025-01-12 22:57:18,982 - INFO - Epoch [28/100], Train Accuracy: 0.6895, Val Accuracy: 0.7029
2025-01-12 22:57:19,079 - INFO - Epoch [29/100], Train Accuracy: 0.6948, Val Accuracy: 0.7050
2025-01-12 22:57:19,178 - INFO - Epoch [30/100], Train Accuracy: 0.7021, Val Accuracy: 0.7071
2025-01-12 22:57:19,280 - INFO - Epoch [31/100], Train Accuracy: 0.7079, Val Accuracy: 0.7092
2025-01-12 22:57:19,375 - INFO - Epoch [32/100], Train Accuracy: 0.7209, Val Accuracy: 0.7176
2025-01-12 22:57:19,474 - INFO - Epoch [33/100], Train Accuracy: 0.7257, Val Accuracy: 0.7176
2025-01-12 22:57:19,573 - INFO - Epoch [34/100], Train Accuracy: 0.7304, Val Accuracy: 0.7259
2025-01-12 22:57:19,678 - INFO - Epoch [35/100], Train Accuracy: 0.7382, Val Accuracy: 0.7259
2025-01-12 22:57:19,784 - INFO - Epoch [36/100], Train Accuracy: 0.7576, Val Accuracy: 0.7364
2025-01-12 22:57:19,882 - INFO - Epoch [37/100], Train Accuracy: 0.7597, Val Accuracy: 0.7364
2025-01-12 22:57:19,979 - INFO - Epoch [38/100], Train Accuracy: 0.7780, Val Accuracy: 0.7406
2025-01-12 22:57:20,080 - INFO - Epoch [39/100], Train Accuracy: 0.7827, Val Accuracy: 0.7364
2025-01-12 22:57:20,180 - INFO - Epoch [40/100], Train Accuracy: 0.7969, Val Accuracy: 0.7406
2025-01-12 22:57:20,278 - INFO - Epoch [41/100], Train Accuracy: 0.8042, Val Accuracy: 0.7406
2025-01-12 22:57:20,375 - INFO - Epoch [42/100], Train Accuracy: 0.8225, Val Accuracy: 0.7510
2025-01-12 22:57:20,473 - INFO - Epoch [43/100], Train Accuracy: 0.8372, Val Accuracy: 0.7573
2025-01-12 22:57:20,567 - INFO - Epoch [44/100], Train Accuracy: 0.8424, Val Accuracy: 0.7678
2025-01-12 22:57:20,662 - INFO - Epoch [45/100], Train Accuracy: 0.8545, Val Accuracy: 0.7657
2025-01-12 22:57:20,770 - INFO - Epoch [46/100], Train Accuracy: 0.8654, Val Accuracy: 0.7782
2025-01-12 22:57:20,889 - INFO - Epoch [47/100], Train Accuracy: 0.8754, Val Accuracy: 0.7887
2025-01-12 22:57:21,015 - INFO - Epoch [48/100], Train Accuracy: 0.8827, Val Accuracy: 0.7929
2025-01-12 22:57:21,136 - INFO - Epoch [49/100], Train Accuracy: 0.8890, Val Accuracy: 0.7992
2025-01-12 22:57:21,255 - INFO - Epoch [50/100], Train Accuracy: 0.8932, Val Accuracy: 0.8013
2025-01-12 22:57:21,377 - INFO - Epoch [51/100], Train Accuracy: 0.8974, Val Accuracy: 0.7992
2025-01-12 22:57:21,493 - INFO - Epoch [52/100], Train Accuracy: 0.9052, Val Accuracy: 0.7971
2025-01-12 22:57:21,608 - INFO - Epoch [53/100], Train Accuracy: 0.9073, Val Accuracy: 0.7971
2025-01-12 22:57:21,734 - INFO - Epoch [54/100], Train Accuracy: 0.9136, Val Accuracy: 0.7992
2025-01-12 22:57:21,855 - INFO - Epoch [55/100], Train Accuracy: 0.9194, Val Accuracy: 0.8096
2025-01-12 22:57:21,984 - INFO - Epoch [56/100], Train Accuracy: 0.9204, Val Accuracy: 0.8138
2025-01-12 22:57:22,099 - INFO - Epoch [57/100], Train Accuracy: 0.9241, Val Accuracy: 0.8096
2025-01-12 22:57:22,223 - INFO - Epoch [58/100], Train Accuracy: 0.9277, Val Accuracy: 0.8117
2025-01-12 22:57:22,350 - INFO - Epoch [59/100], Train Accuracy: 0.9304, Val Accuracy: 0.8138
2025-01-12 22:57:22,472 - INFO - Epoch [60/100], Train Accuracy: 0.9325, Val Accuracy: 0.8180
2025-01-12 22:57:22,586 - INFO - Epoch [61/100], Train Accuracy: 0.9356, Val Accuracy: 0.8159
2025-01-12 22:57:22,712 - INFO - Epoch [62/100], Train Accuracy: 0.9377, Val Accuracy: 0.8180
2025-01-12 22:57:22,835 - INFO - Epoch [63/100], Train Accuracy: 0.9403, Val Accuracy: 0.8222
2025-01-12 22:57:22,953 - INFO - Epoch [64/100], Train Accuracy: 0.9424, Val Accuracy: 0.8243
2025-01-12 22:57:23,062 - INFO - Epoch [65/100], Train Accuracy: 0.9435, Val Accuracy: 0.8222
2025-01-12 22:57:23,172 - INFO - Epoch [66/100], Train Accuracy: 0.9461, Val Accuracy: 0.8243
2025-01-12 22:57:23,288 - INFO - Epoch [67/100], Train Accuracy: 0.9466, Val Accuracy: 0.8243
2025-01-12 22:57:23,406 - INFO - Epoch [68/100], Train Accuracy: 0.9497, Val Accuracy: 0.8243
2025-01-12 22:57:23,525 - INFO - Epoch [69/100], Train Accuracy: 0.9513, Val Accuracy: 0.8285
2025-01-12 22:57:23,632 - INFO - Epoch [70/100], Train Accuracy: 0.9529, Val Accuracy: 0.8285
2025-01-12 22:57:23,744 - INFO - Epoch [71/100], Train Accuracy: 0.9545, Val Accuracy: 0.8305
2025-01-12 22:57:23,869 - INFO - Epoch [72/100], Train Accuracy: 0.9560, Val Accuracy: 0.8285
2025-01-12 22:57:23,992 - INFO - Epoch [73/100], Train Accuracy: 0.9565, Val Accuracy: 0.8305
2025-01-12 22:57:24,118 - INFO - Epoch [74/100], Train Accuracy: 0.9581, Val Accuracy: 0.8305
2025-01-12 22:57:24,239 - INFO - Epoch [75/100], Train Accuracy: 0.9576, Val Accuracy: 0.8305
2025-01-12 22:57:24,356 - INFO - Epoch [76/100], Train Accuracy: 0.9581, Val Accuracy: 0.8347
2025-01-12 22:57:24,477 - INFO - Epoch [77/100], Train Accuracy: 0.9602, Val Accuracy: 0.8326
2025-01-12 22:57:24,600 - INFO - Epoch [78/100], Train Accuracy: 0.9602, Val Accuracy: 0.8347
2025-01-12 22:57:24,712 - INFO - Epoch [79/100], Train Accuracy: 0.9618, Val Accuracy: 0.8285
2025-01-12 22:57:24,839 - INFO - Epoch [80/100], Train Accuracy: 0.9613, Val Accuracy: 0.8326
2025-01-12 22:57:24,948 - INFO - Epoch [81/100], Train Accuracy: 0.9623, Val Accuracy: 0.8305
2025-01-12 22:57:25,069 - INFO - Epoch [82/100], Train Accuracy: 0.9618, Val Accuracy: 0.8305
2025-01-12 22:57:25,192 - INFO - Epoch [83/100], Train Accuracy: 0.9618, Val Accuracy: 0.8285
2025-01-12 22:57:25,307 - INFO - Epoch [84/100], Train Accuracy: 0.9634, Val Accuracy: 0.8285
2025-01-12 22:57:25,433 - INFO - Epoch [85/100], Train Accuracy: 0.9623, Val Accuracy: 0.8264
2025-01-12 22:57:25,559 - INFO - Epoch [86/100], Train Accuracy: 0.9634, Val Accuracy: 0.8243
2025-01-12 22:57:25,661 - INFO - Epoch [87/100], Train Accuracy: 0.9639, Val Accuracy: 0.8243
2025-01-12 22:57:25,772 - INFO - Epoch [88/100], Train Accuracy: 0.9654, Val Accuracy: 0.8243
2025-01-12 22:57:25,874 - INFO - Epoch [89/100], Train Accuracy: 0.9660, Val Accuracy: 0.8264
2025-01-12 22:57:25,973 - INFO - Epoch [90/100], Train Accuracy: 0.9660, Val Accuracy: 0.8264
2025-01-12 22:57:26,081 - INFO - Epoch [91/100], Train Accuracy: 0.9654, Val Accuracy: 0.8264
2025-01-12 22:57:26,182 - INFO - Epoch [92/100], Train Accuracy: 0.9660, Val Accuracy: 0.8264
2025-01-12 22:57:26,287 - INFO - Epoch [93/100], Train Accuracy: 0.9691, Val Accuracy: 0.8243
2025-01-12 22:57:26,387 - INFO - Epoch [94/100], Train Accuracy: 0.9670, Val Accuracy: 0.8264
2025-01-12 22:57:26,481 - INFO - Epoch [95/100], Train Accuracy: 0.9681, Val Accuracy: 0.8243
2025-01-12 22:57:26,578 - INFO - Epoch [96/100], Train Accuracy: 0.9696, Val Accuracy: 0.8243
2025-01-12 22:57:26,680 - INFO - Epoch [97/100], Train Accuracy: 0.9702, Val Accuracy: 0.8264
2025-01-12 22:57:26,788 - INFO - Epoch [98/100], Train Accuracy: 0.9696, Val Accuracy: 0.8264
2025-01-12 22:57:26,890 - INFO - Epoch [99/100], Train Accuracy: 0.9712, Val Accuracy: 0.8285
2025-01-12 22:57:26,993 - INFO - Epoch [100/100], Train Accuracy: 0.9707, Val Accuracy: 0.8264
2025-01-12 22:57:27,005 - INFO - Fold 2 Validation Accuracy: 0.8264
2025-01-12 22:57:27,008 - INFO - Save model to C:\Users\LeoLi\OneDrive - 学校法人立命館\Ritsumei\4th_Semester\Artificial_Intelligence\final_project\code\FNN/model/2025-01-12/22-57-03/model_1.pth
2025-01-12 22:57:27,008 - INFO - Training for fold 3/5
2025-01-12 22:57:27,150 - INFO - Epoch [1/100], Train Accuracy: 0.3356, Val Accuracy: 0.3243
2025-01-12 22:57:27,253 - INFO - Epoch [2/100], Train Accuracy: 0.3356, Val Accuracy: 0.3243
2025-01-12 22:57:27,359 - INFO - Epoch [3/100], Train Accuracy: 0.3801, Val Accuracy: 0.4582
2025-01-12 22:57:27,458 - INFO - Epoch [4/100], Train Accuracy: 0.5901, Val Accuracy: 0.5858
2025-01-12 22:57:27,568 - INFO - Epoch [5/100], Train Accuracy: 0.6246, Val Accuracy: 0.5941
2025-01-12 22:57:27,688 - INFO - Epoch [6/100], Train Accuracy: 0.6188, Val Accuracy: 0.5900
2025-01-12 22:57:27,808 - INFO - Epoch [7/100], Train Accuracy: 0.6183, Val Accuracy: 0.5900
2025-01-12 22:57:27,914 - INFO - Epoch [8/100], Train Accuracy: 0.6183, Val Accuracy: 0.5816
2025-01-12 22:57:28,023 - INFO - Epoch [9/100], Train Accuracy: 0.6141, Val Accuracy: 0.5879
2025-01-12 22:57:28,135 - INFO - Epoch [10/100], Train Accuracy: 0.6209, Val Accuracy: 0.5900
2025-01-12 22:57:28,250 - INFO - Epoch [11/100], Train Accuracy: 0.6246, Val Accuracy: 0.5962
2025-01-12 22:57:28,364 - INFO - Epoch [12/100], Train Accuracy: 0.6319, Val Accuracy: 0.6025
2025-01-12 22:57:28,470 - INFO - Epoch [13/100], Train Accuracy: 0.6340, Val Accuracy: 0.6025
2025-01-12 22:57:28,577 - INFO - Epoch [14/100], Train Accuracy: 0.6382, Val Accuracy: 0.6004
2025-01-12 22:57:28,678 - INFO - Epoch [15/100], Train Accuracy: 0.6419, Val Accuracy: 0.5921
2025-01-12 22:57:28,828 - INFO - Epoch [16/100], Train Accuracy: 0.6435, Val Accuracy: 0.5941
2025-01-12 22:57:28,941 - INFO - Epoch [17/100], Train Accuracy: 0.6482, Val Accuracy: 0.5941
2025-01-12 22:57:29,045 - INFO - Epoch [18/100], Train Accuracy: 0.6492, Val Accuracy: 0.5941
2025-01-12 22:57:29,148 - INFO - Epoch [19/100], Train Accuracy: 0.6503, Val Accuracy: 0.6004
2025-01-12 22:57:29,250 - INFO - Epoch [20/100], Train Accuracy: 0.6618, Val Accuracy: 0.6109
2025-01-12 22:57:29,359 - INFO - Epoch [21/100], Train Accuracy: 0.6733, Val Accuracy: 0.6172
2025-01-12 22:57:29,462 - INFO - Epoch [22/100], Train Accuracy: 0.6812, Val Accuracy: 0.6297
2025-01-12 22:57:29,584 - INFO - Epoch [23/100], Train Accuracy: 0.6942, Val Accuracy: 0.6381
2025-01-12 22:57:29,736 - INFO - Epoch [24/100], Train Accuracy: 0.7037, Val Accuracy: 0.6444
2025-01-12 22:57:29,882 - INFO - Epoch [25/100], Train Accuracy: 0.7089, Val Accuracy: 0.6548
2025-01-12 22:57:30,024 - INFO - Epoch [26/100], Train Accuracy: 0.7157, Val Accuracy: 0.6653
2025-01-12 22:57:30,150 - INFO - Epoch [27/100], Train Accuracy: 0.7277, Val Accuracy: 0.6653
2025-01-12 22:57:30,256 - INFO - Epoch [28/100], Train Accuracy: 0.7314, Val Accuracy: 0.6820
2025-01-12 22:57:30,360 - INFO - Epoch [29/100], Train Accuracy: 0.7513, Val Accuracy: 0.6883
2025-01-12 22:57:30,457 - INFO - Epoch [30/100], Train Accuracy: 0.7597, Val Accuracy: 0.6967
2025-01-12 22:57:30,558 - INFO - Epoch [31/100], Train Accuracy: 0.7660, Val Accuracy: 0.7176
2025-01-12 22:57:30,661 - INFO - Epoch [32/100], Train Accuracy: 0.7806, Val Accuracy: 0.7155
2025-01-12 22:57:30,769 - INFO - Epoch [33/100], Train Accuracy: 0.7832, Val Accuracy: 0.7259
2025-01-12 22:57:30,867 - INFO - Epoch [34/100], Train Accuracy: 0.7895, Val Accuracy: 0.7322
2025-01-12 22:57:30,965 - INFO - Epoch [35/100], Train Accuracy: 0.8047, Val Accuracy: 0.7406
2025-01-12 22:57:31,064 - INFO - Epoch [36/100], Train Accuracy: 0.8005, Val Accuracy: 0.7448
2025-01-12 22:57:31,173 - INFO - Epoch [37/100], Train Accuracy: 0.8110, Val Accuracy: 0.7510
2025-01-12 22:57:31,283 - INFO - Epoch [38/100], Train Accuracy: 0.8230, Val Accuracy: 0.7594
2025-01-12 22:57:31,381 - INFO - Epoch [39/100], Train Accuracy: 0.8272, Val Accuracy: 0.7678
2025-01-12 22:57:31,480 - INFO - Epoch [40/100], Train Accuracy: 0.8319, Val Accuracy: 0.7699
2025-01-12 22:57:31,582 - INFO - Epoch [41/100], Train Accuracy: 0.8366, Val Accuracy: 0.7762
2025-01-12 22:57:31,688 - INFO - Epoch [42/100], Train Accuracy: 0.8435, Val Accuracy: 0.7782
2025-01-12 22:57:31,798 - INFO - Epoch [43/100], Train Accuracy: 0.8424, Val Accuracy: 0.7803
2025-01-12 22:57:31,895 - INFO - Epoch [44/100], Train Accuracy: 0.8602, Val Accuracy: 0.7866
2025-01-12 22:57:32,005 - INFO - Epoch [45/100], Train Accuracy: 0.8571, Val Accuracy: 0.7866
2025-01-12 22:57:32,106 - INFO - Epoch [46/100], Train Accuracy: 0.8644, Val Accuracy: 0.7824
2025-01-12 22:57:32,207 - INFO - Epoch [47/100], Train Accuracy: 0.8696, Val Accuracy: 0.7803
2025-01-12 22:57:32,315 - INFO - Epoch [48/100], Train Accuracy: 0.8749, Val Accuracy: 0.7845
2025-01-12 22:57:32,427 - INFO - Epoch [49/100], Train Accuracy: 0.8754, Val Accuracy: 0.7866
2025-01-12 22:57:32,535 - INFO - Epoch [50/100], Train Accuracy: 0.8770, Val Accuracy: 0.7908
2025-01-12 22:57:32,641 - INFO - Epoch [51/100], Train Accuracy: 0.8874, Val Accuracy: 0.7971
2025-01-12 22:57:32,751 - INFO - Epoch [52/100], Train Accuracy: 0.8827, Val Accuracy: 0.7971
2025-01-12 22:57:32,850 - INFO - Epoch [53/100], Train Accuracy: 0.8948, Val Accuracy: 0.8013
2025-01-12 22:57:32,955 - INFO - Epoch [54/100], Train Accuracy: 0.8963, Val Accuracy: 0.8033
2025-01-12 22:57:33,061 - INFO - Epoch [55/100], Train Accuracy: 0.9031, Val Accuracy: 0.8075
2025-01-12 22:57:33,173 - INFO - Epoch [56/100], Train Accuracy: 0.9037, Val Accuracy: 0.8054
2025-01-12 22:57:33,273 - INFO - Epoch [57/100], Train Accuracy: 0.9042, Val Accuracy: 0.8054
2025-01-12 22:57:33,377 - INFO - Epoch [58/100], Train Accuracy: 0.9079, Val Accuracy: 0.8096
2025-01-12 22:57:33,476 - INFO - Epoch [59/100], Train Accuracy: 0.9120, Val Accuracy: 0.8117
2025-01-12 22:57:33,579 - INFO - Epoch [60/100], Train Accuracy: 0.9131, Val Accuracy: 0.8117
2025-01-12 22:57:33,683 - INFO - Epoch [61/100], Train Accuracy: 0.9162, Val Accuracy: 0.8138
2025-01-12 22:57:33,791 - INFO - Epoch [62/100], Train Accuracy: 0.9157, Val Accuracy: 0.8117
2025-01-12 22:57:33,915 - INFO - Epoch [63/100], Train Accuracy: 0.9194, Val Accuracy: 0.8096
2025-01-12 22:57:34,014 - INFO - Epoch [64/100], Train Accuracy: 0.9215, Val Accuracy: 0.8096
2025-01-12 22:57:34,121 - INFO - Epoch [65/100], Train Accuracy: 0.9199, Val Accuracy: 0.8159
2025-01-12 22:57:34,236 - INFO - Epoch [66/100], Train Accuracy: 0.9220, Val Accuracy: 0.8117
2025-01-12 22:57:34,373 - INFO - Epoch [67/100], Train Accuracy: 0.9220, Val Accuracy: 0.8117
2025-01-12 22:57:34,484 - INFO - Epoch [68/100], Train Accuracy: 0.9251, Val Accuracy: 0.8138
2025-01-12 22:57:34,589 - INFO - Epoch [69/100], Train Accuracy: 0.9257, Val Accuracy: 0.8117
2025-01-12 22:57:34,707 - INFO - Epoch [70/100], Train Accuracy: 0.9267, Val Accuracy: 0.8159
2025-01-12 22:57:34,863 - INFO - Epoch [71/100], Train Accuracy: 0.9277, Val Accuracy: 0.8138
2025-01-12 22:57:34,964 - INFO - Epoch [72/100], Train Accuracy: 0.9283, Val Accuracy: 0.8138
2025-01-12 22:57:35,070 - INFO - Epoch [73/100], Train Accuracy: 0.9298, Val Accuracy: 0.8180
2025-01-12 22:57:35,194 - INFO - Epoch [74/100], Train Accuracy: 0.9314, Val Accuracy: 0.8222
2025-01-12 22:57:35,298 - INFO - Epoch [75/100], Train Accuracy: 0.9319, Val Accuracy: 0.8243
2025-01-12 22:57:35,424 - INFO - Epoch [76/100], Train Accuracy: 0.9330, Val Accuracy: 0.8243
2025-01-12 22:57:35,535 - INFO - Epoch [77/100], Train Accuracy: 0.9340, Val Accuracy: 0.8222
2025-01-12 22:57:35,637 - INFO - Epoch [78/100], Train Accuracy: 0.9340, Val Accuracy: 0.8243
2025-01-12 22:57:35,766 - INFO - Epoch [79/100], Train Accuracy: 0.9356, Val Accuracy: 0.8222
2025-01-12 22:57:35,865 - INFO - Epoch [80/100], Train Accuracy: 0.9356, Val Accuracy: 0.8201
2025-01-12 22:57:35,970 - INFO - Epoch [81/100], Train Accuracy: 0.9377, Val Accuracy: 0.8201
2025-01-12 22:57:36,088 - INFO - Epoch [82/100], Train Accuracy: 0.9372, Val Accuracy: 0.8201
2025-01-12 22:57:36,213 - INFO - Epoch [83/100], Train Accuracy: 0.9393, Val Accuracy: 0.8201
2025-01-12 22:57:36,315 - INFO - Epoch [84/100], Train Accuracy: 0.9414, Val Accuracy: 0.8180
2025-01-12 22:57:36,413 - INFO - Epoch [85/100], Train Accuracy: 0.9419, Val Accuracy: 0.8180
2025-01-12 22:57:36,514 - INFO - Epoch [86/100], Train Accuracy: 0.9440, Val Accuracy: 0.8159
2025-01-12 22:57:36,614 - INFO - Epoch [87/100], Train Accuracy: 0.9435, Val Accuracy: 0.8159
2025-01-12 22:57:36,718 - INFO - Epoch [88/100], Train Accuracy: 0.9450, Val Accuracy: 0.8138
2025-01-12 22:57:36,826 - INFO - Epoch [89/100], Train Accuracy: 0.9482, Val Accuracy: 0.8117
2025-01-12 22:57:36,959 - INFO - Epoch [90/100], Train Accuracy: 0.9482, Val Accuracy: 0.8138
2025-01-12 22:57:37,065 - INFO - Epoch [91/100], Train Accuracy: 0.9482, Val Accuracy: 0.8138
2025-01-12 22:57:37,169 - INFO - Epoch [92/100], Train Accuracy: 0.9482, Val Accuracy: 0.8138
2025-01-12 22:57:37,283 - INFO - Epoch [93/100], Train Accuracy: 0.9487, Val Accuracy: 0.8138
2025-01-12 22:57:37,386 - INFO - Epoch [94/100], Train Accuracy: 0.9503, Val Accuracy: 0.8096
2025-01-12 22:57:37,484 - INFO - Epoch [95/100], Train Accuracy: 0.9524, Val Accuracy: 0.8096
2025-01-12 22:57:37,589 - INFO - Epoch [96/100], Train Accuracy: 0.9518, Val Accuracy: 0.8117
2025-01-12 22:57:37,685 - INFO - Epoch [97/100], Train Accuracy: 0.9518, Val Accuracy: 0.8138
2025-01-12 22:57:37,800 - INFO - Epoch [98/100], Train Accuracy: 0.9534, Val Accuracy: 0.8096
2025-01-12 22:57:37,903 - INFO - Epoch [99/100], Train Accuracy: 0.9539, Val Accuracy: 0.8096
2025-01-12 22:57:38,006 - INFO - Epoch [100/100], Train Accuracy: 0.9534, Val Accuracy: 0.8096
2025-01-12 22:57:38,019 - INFO - Fold 3 Validation Accuracy: 0.8096
2025-01-12 22:57:38,021 - INFO - Save model to C:\Users\LeoLi\OneDrive - 学校法人立命館\Ritsumei\4th_Semester\Artificial_Intelligence\final_project\code\FNN/model/2025-01-12/22-57-03/model_2.pth
2025-01-12 22:57:38,022 - INFO - Training for fold 4/5
2025-01-12 22:57:38,165 - INFO - Epoch [1/100], Train Accuracy: 0.3328, Val Accuracy: 0.3354
2025-01-12 22:57:38,276 - INFO - Epoch [2/100], Train Accuracy: 0.3328, Val Accuracy: 0.3354
2025-01-12 22:57:38,391 - INFO - Epoch [3/100], Train Accuracy: 0.3349, Val Accuracy: 0.3501
2025-01-12 22:57:38,510 - INFO - Epoch [4/100], Train Accuracy: 0.4652, Val Accuracy: 0.5618
2025-01-12 22:57:38,632 - INFO - Epoch [5/100], Train Accuracy: 0.5929, Val Accuracy: 0.6122
2025-01-12 22:57:38,757 - INFO - Epoch [6/100], Train Accuracy: 0.6175, Val Accuracy: 0.6101
2025-01-12 22:57:38,882 - INFO - Epoch [7/100], Train Accuracy: 0.6170, Val Accuracy: 0.6017
2025-01-12 22:57:39,002 - INFO - Epoch [8/100], Train Accuracy: 0.6170, Val Accuracy: 0.6017
2025-01-12 22:57:39,128 - INFO - Epoch [9/100], Train Accuracy: 0.6180, Val Accuracy: 0.6059
2025-01-12 22:57:39,235 - INFO - Epoch [10/100], Train Accuracy: 0.6227, Val Accuracy: 0.6310
2025-01-12 22:57:39,349 - INFO - Epoch [11/100], Train Accuracy: 0.6295, Val Accuracy: 0.6038
2025-01-12 22:57:39,463 - INFO - Epoch [12/100], Train Accuracy: 0.6347, Val Accuracy: 0.6059
2025-01-12 22:57:39,568 - INFO - Epoch [13/100], Train Accuracy: 0.6321, Val Accuracy: 0.6038
2025-01-12 22:57:39,690 - INFO - Epoch [14/100], Train Accuracy: 0.6332, Val Accuracy: 0.6059
2025-01-12 22:57:39,821 - INFO - Epoch [15/100], Train Accuracy: 0.6363, Val Accuracy: 0.6059
2025-01-12 22:57:39,930 - INFO - Epoch [16/100], Train Accuracy: 0.6379, Val Accuracy: 0.6080
2025-01-12 22:57:40,040 - INFO - Epoch [17/100], Train Accuracy: 0.6400, Val Accuracy: 0.6080
2025-01-12 22:57:40,184 - INFO - Epoch [18/100], Train Accuracy: 0.6415, Val Accuracy: 0.6101
2025-01-12 22:57:40,289 - INFO - Epoch [19/100], Train Accuracy: 0.6484, Val Accuracy: 0.6164
2025-01-12 22:57:40,415 - INFO - Epoch [20/100], Train Accuracy: 0.6421, Val Accuracy: 0.6184
2025-01-12 22:57:40,526 - INFO - Epoch [21/100], Train Accuracy: 0.6431, Val Accuracy: 0.6184
2025-01-12 22:57:40,649 - INFO - Epoch [22/100], Train Accuracy: 0.6442, Val Accuracy: 0.6164
2025-01-12 22:57:40,774 - INFO - Epoch [23/100], Train Accuracy: 0.6525, Val Accuracy: 0.6226
2025-01-12 22:57:40,886 - INFO - Epoch [24/100], Train Accuracy: 0.6557, Val Accuracy: 0.6226
2025-01-12 22:57:41,005 - INFO - Epoch [25/100], Train Accuracy: 0.6567, Val Accuracy: 0.6247
2025-01-12 22:57:41,119 - INFO - Epoch [26/100], Train Accuracy: 0.6646, Val Accuracy: 0.6205
2025-01-12 22:57:41,267 - INFO - Epoch [27/100], Train Accuracy: 0.6578, Val Accuracy: 0.6226
2025-01-12 22:57:41,378 - INFO - Epoch [28/100], Train Accuracy: 0.6667, Val Accuracy: 0.6289
2025-01-12 22:57:41,495 - INFO - Epoch [29/100], Train Accuracy: 0.6714, Val Accuracy: 0.6331
2025-01-12 22:57:41,617 - INFO - Epoch [30/100], Train Accuracy: 0.6787, Val Accuracy: 0.6289
2025-01-12 22:57:41,724 - INFO - Epoch [31/100], Train Accuracy: 0.6761, Val Accuracy: 0.6289
2025-01-12 22:57:41,830 - INFO - Epoch [32/100], Train Accuracy: 0.6771, Val Accuracy: 0.6373
2025-01-12 22:57:41,953 - INFO - Epoch [33/100], Train Accuracy: 0.6860, Val Accuracy: 0.6436
2025-01-12 22:57:42,069 - INFO - Epoch [34/100], Train Accuracy: 0.6881, Val Accuracy: 0.6394
2025-01-12 22:57:42,179 - INFO - Epoch [35/100], Train Accuracy: 0.6855, Val Accuracy: 0.6457
2025-01-12 22:57:42,288 - INFO - Epoch [36/100], Train Accuracy: 0.6918, Val Accuracy: 0.6457
2025-01-12 22:57:42,416 - INFO - Epoch [37/100], Train Accuracy: 0.7012, Val Accuracy: 0.6478
2025-01-12 22:57:42,548 - INFO - Epoch [38/100], Train Accuracy: 0.7012, Val Accuracy: 0.6541
2025-01-12 22:57:42,670 - INFO - Epoch [39/100], Train Accuracy: 0.7033, Val Accuracy: 0.6562
2025-01-12 22:57:42,804 - INFO - Epoch [40/100], Train Accuracy: 0.7185, Val Accuracy: 0.6604
2025-01-12 22:57:42,926 - INFO - Epoch [41/100], Train Accuracy: 0.7159, Val Accuracy: 0.6604
2025-01-12 22:57:43,031 - INFO - Epoch [42/100], Train Accuracy: 0.7211, Val Accuracy: 0.6771
2025-01-12 22:57:43,157 - INFO - Epoch [43/100], Train Accuracy: 0.7415, Val Accuracy: 0.6876
2025-01-12 22:57:43,261 - INFO - Epoch [44/100], Train Accuracy: 0.7368, Val Accuracy: 0.6897
2025-01-12 22:57:43,380 - INFO - Epoch [45/100], Train Accuracy: 0.7483, Val Accuracy: 0.6960
2025-01-12 22:57:43,494 - INFO - Epoch [46/100], Train Accuracy: 0.7572, Val Accuracy: 0.7044
2025-01-12 22:57:43,612 - INFO - Epoch [47/100], Train Accuracy: 0.7766, Val Accuracy: 0.7212
2025-01-12 22:57:43,729 - INFO - Epoch [48/100], Train Accuracy: 0.7886, Val Accuracy: 0.7212
2025-01-12 22:57:43,851 - INFO - Epoch [49/100], Train Accuracy: 0.7975, Val Accuracy: 0.7317
2025-01-12 22:57:43,970 - INFO - Epoch [50/100], Train Accuracy: 0.8148, Val Accuracy: 0.7463
2025-01-12 22:57:44,102 - INFO - Epoch [51/100], Train Accuracy: 0.8226, Val Accuracy: 0.7526
2025-01-12 22:57:44,227 - INFO - Epoch [52/100], Train Accuracy: 0.8315, Val Accuracy: 0.7757
2025-01-12 22:57:44,329 - INFO - Epoch [53/100], Train Accuracy: 0.8414, Val Accuracy: 0.7820
2025-01-12 22:57:44,451 - INFO - Epoch [54/100], Train Accuracy: 0.8519, Val Accuracy: 0.7862
2025-01-12 22:57:44,567 - INFO - Epoch [55/100], Train Accuracy: 0.8613, Val Accuracy: 0.7966
2025-01-12 22:57:44,703 - INFO - Epoch [56/100], Train Accuracy: 0.8702, Val Accuracy: 0.7945
2025-01-12 22:57:44,854 - INFO - Epoch [57/100], Train Accuracy: 0.8744, Val Accuracy: 0.8008
2025-01-12 22:57:44,982 - INFO - Epoch [58/100], Train Accuracy: 0.8849, Val Accuracy: 0.8029
2025-01-12 22:57:45,096 - INFO - Epoch [59/100], Train Accuracy: 0.8891, Val Accuracy: 0.8092
2025-01-12 22:57:45,203 - INFO - Epoch [60/100], Train Accuracy: 0.8985, Val Accuracy: 0.8113
2025-01-12 22:57:45,320 - INFO - Epoch [61/100], Train Accuracy: 0.9063, Val Accuracy: 0.8092
2025-01-12 22:57:45,433 - INFO - Epoch [62/100], Train Accuracy: 0.9084, Val Accuracy: 0.8134
2025-01-12 22:57:45,553 - INFO - Epoch [63/100], Train Accuracy: 0.9100, Val Accuracy: 0.8176
2025-01-12 22:57:45,656 - INFO - Epoch [64/100], Train Accuracy: 0.9142, Val Accuracy: 0.8218
2025-01-12 22:57:45,777 - INFO - Epoch [65/100], Train Accuracy: 0.9147, Val Accuracy: 0.8218
2025-01-12 22:57:45,892 - INFO - Epoch [66/100], Train Accuracy: 0.9189, Val Accuracy: 0.8239
2025-01-12 22:57:46,009 - INFO - Epoch [67/100], Train Accuracy: 0.9257, Val Accuracy: 0.8239
2025-01-12 22:57:46,123 - INFO - Epoch [68/100], Train Accuracy: 0.9262, Val Accuracy: 0.8239
2025-01-12 22:57:46,231 - INFO - Epoch [69/100], Train Accuracy: 0.9309, Val Accuracy: 0.8281
2025-01-12 22:57:46,355 - INFO - Epoch [70/100], Train Accuracy: 0.9304, Val Accuracy: 0.8281
2025-01-12 22:57:46,471 - INFO - Epoch [71/100], Train Accuracy: 0.9325, Val Accuracy: 0.8260
2025-01-12 22:57:46,588 - INFO - Epoch [72/100], Train Accuracy: 0.9346, Val Accuracy: 0.8218
2025-01-12 22:57:46,700 - INFO - Epoch [73/100], Train Accuracy: 0.9356, Val Accuracy: 0.8218
2025-01-12 22:57:46,823 - INFO - Epoch [74/100], Train Accuracy: 0.9362, Val Accuracy: 0.8197
2025-01-12 22:57:46,924 - INFO - Epoch [75/100], Train Accuracy: 0.9383, Val Accuracy: 0.8197
2025-01-12 22:57:47,028 - INFO - Epoch [76/100], Train Accuracy: 0.9409, Val Accuracy: 0.8197
2025-01-12 22:57:47,132 - INFO - Epoch [77/100], Train Accuracy: 0.9409, Val Accuracy: 0.8197
2025-01-12 22:57:47,236 - INFO - Epoch [78/100], Train Accuracy: 0.9424, Val Accuracy: 0.8197
2025-01-12 22:57:47,344 - INFO - Epoch [79/100], Train Accuracy: 0.9451, Val Accuracy: 0.8260
2025-01-12 22:57:47,447 - INFO - Epoch [80/100], Train Accuracy: 0.9445, Val Accuracy: 0.8281
2025-01-12 22:57:47,551 - INFO - Epoch [81/100], Train Accuracy: 0.9466, Val Accuracy: 0.8281
2025-01-12 22:57:47,662 - INFO - Epoch [82/100], Train Accuracy: 0.9471, Val Accuracy: 0.8302
2025-01-12 22:57:47,771 - INFO - Epoch [83/100], Train Accuracy: 0.9477, Val Accuracy: 0.8302
2025-01-12 22:57:47,878 - INFO - Epoch [84/100], Train Accuracy: 0.9482, Val Accuracy: 0.8302
2025-01-12 22:57:47,979 - INFO - Epoch [85/100], Train Accuracy: 0.9498, Val Accuracy: 0.8281
2025-01-12 22:57:48,089 - INFO - Epoch [86/100], Train Accuracy: 0.9498, Val Accuracy: 0.8302
2025-01-12 22:57:48,194 - INFO - Epoch [87/100], Train Accuracy: 0.9534, Val Accuracy: 0.8281
2025-01-12 22:57:48,301 - INFO - Epoch [88/100], Train Accuracy: 0.9529, Val Accuracy: 0.8281
2025-01-12 22:57:48,404 - INFO - Epoch [89/100], Train Accuracy: 0.9540, Val Accuracy: 0.8281
2025-01-12 22:57:48,508 - INFO - Epoch [90/100], Train Accuracy: 0.9545, Val Accuracy: 0.8260
2025-01-12 22:57:48,623 - INFO - Epoch [91/100], Train Accuracy: 0.9540, Val Accuracy: 0.8281
2025-01-12 22:57:48,734 - INFO - Epoch [92/100], Train Accuracy: 0.9550, Val Accuracy: 0.8281
2025-01-12 22:57:48,831 - INFO - Epoch [93/100], Train Accuracy: 0.9555, Val Accuracy: 0.8281
2025-01-12 22:57:48,935 - INFO - Epoch [94/100], Train Accuracy: 0.9576, Val Accuracy: 0.8302
2025-01-12 22:57:49,036 - INFO - Epoch [95/100], Train Accuracy: 0.9571, Val Accuracy: 0.8323
2025-01-12 22:57:49,141 - INFO - Epoch [96/100], Train Accuracy: 0.9571, Val Accuracy: 0.8281
2025-01-12 22:57:49,255 - INFO - Epoch [97/100], Train Accuracy: 0.9576, Val Accuracy: 0.8323
2025-01-12 22:57:49,348 - INFO - Epoch [98/100], Train Accuracy: 0.9602, Val Accuracy: 0.8344
2025-01-12 22:57:49,466 - INFO - Epoch [99/100], Train Accuracy: 0.9618, Val Accuracy: 0.8344
2025-01-12 22:57:49,576 - INFO - Epoch [100/100], Train Accuracy: 0.9628, Val Accuracy: 0.8344
2025-01-12 22:57:49,598 - INFO - Fold 4 Validation Accuracy: 0.8344
2025-01-12 22:57:49,599 - INFO - Save model to C:\Users\LeoLi\OneDrive - 学校法人立命館\Ritsumei\4th_Semester\Artificial_Intelligence\final_project\code\FNN/model/2025-01-12/22-57-03/model_3.pth
2025-01-12 22:57:49,600 - INFO - Training for fold 5/5
2025-01-12 22:57:49,804 - INFO - Epoch [1/100], Train Accuracy: 0.3637, Val Accuracy: 0.4843
2025-01-12 22:57:49,905 - INFO - Epoch [2/100], Train Accuracy: 0.5709, Val Accuracy: 0.5472
2025-01-12 22:57:50,006 - INFO - Epoch [3/100], Train Accuracy: 0.5306, Val Accuracy: 0.5052
2025-01-12 22:57:50,111 - INFO - Epoch [4/100], Train Accuracy: 0.5447, Val Accuracy: 0.4759
2025-01-12 22:57:50,242 - INFO - Epoch [5/100], Train Accuracy: 0.5233, Val Accuracy: 0.4780
2025-01-12 22:57:50,349 - INFO - Epoch [6/100], Train Accuracy: 0.5552, Val Accuracy: 0.4969
2025-01-12 22:57:50,456 - INFO - Epoch [7/100], Train Accuracy: 0.5604, Val Accuracy: 0.5052
2025-01-12 22:57:50,560 - INFO - Epoch [8/100], Train Accuracy: 0.5725, Val Accuracy: 0.5136
2025-01-12 22:57:50,667 - INFO - Epoch [9/100], Train Accuracy: 0.5845, Val Accuracy: 0.5304
2025-01-12 22:57:50,783 - INFO - Epoch [10/100], Train Accuracy: 0.5992, Val Accuracy: 0.5304
2025-01-12 22:57:50,894 - INFO - Epoch [11/100], Train Accuracy: 0.6007, Val Accuracy: 0.5346
2025-01-12 22:57:51,007 - INFO - Epoch [12/100], Train Accuracy: 0.6112, Val Accuracy: 0.5493
2025-01-12 22:57:51,103 - INFO - Epoch [13/100], Train Accuracy: 0.6217, Val Accuracy: 0.5535
2025-01-12 22:57:51,207 - INFO - Epoch [14/100], Train Accuracy: 0.6248, Val Accuracy: 0.5618
2025-01-12 22:57:51,315 - INFO - Epoch [15/100], Train Accuracy: 0.6316, Val Accuracy: 0.5618
2025-01-12 22:57:51,444 - INFO - Epoch [16/100], Train Accuracy: 0.6363, Val Accuracy: 0.5723
2025-01-12 22:57:51,561 - INFO - Epoch [17/100], Train Accuracy: 0.6395, Val Accuracy: 0.5744
2025-01-12 22:57:51,659 - INFO - Epoch [18/100], Train Accuracy: 0.6442, Val Accuracy: 0.5744
2025-01-12 22:57:51,791 - INFO - Epoch [19/100], Train Accuracy: 0.6457, Val Accuracy: 0.5744
2025-01-12 22:57:51,908 - INFO - Epoch [20/100], Train Accuracy: 0.6484, Val Accuracy: 0.5765
2025-01-12 22:57:52,014 - INFO - Epoch [21/100], Train Accuracy: 0.6525, Val Accuracy: 0.5786
2025-01-12 22:57:52,117 - INFO - Epoch [22/100], Train Accuracy: 0.6531, Val Accuracy: 0.5828
2025-01-12 22:57:52,225 - INFO - Epoch [23/100], Train Accuracy: 0.6546, Val Accuracy: 0.5849
2025-01-12 22:57:52,335 - INFO - Epoch [24/100], Train Accuracy: 0.6562, Val Accuracy: 0.5849
2025-01-12 22:57:52,431 - INFO - Epoch [25/100], Train Accuracy: 0.6578, Val Accuracy: 0.5828
2025-01-12 22:57:52,541 - INFO - Epoch [26/100], Train Accuracy: 0.6572, Val Accuracy: 0.5849
2025-01-12 22:57:52,661 - INFO - Epoch [27/100], Train Accuracy: 0.6588, Val Accuracy: 0.5765
2025-01-12 22:57:52,772 - INFO - Epoch [28/100], Train Accuracy: 0.6578, Val Accuracy: 0.5765
2025-01-12 22:57:52,875 - INFO - Epoch [29/100], Train Accuracy: 0.6609, Val Accuracy: 0.5870
2025-01-12 22:57:52,981 - INFO - Epoch [30/100], Train Accuracy: 0.6593, Val Accuracy: 0.5744
2025-01-12 22:57:53,086 - INFO - Epoch [31/100], Train Accuracy: 0.6593, Val Accuracy: 0.5870
2025-01-12 22:57:53,189 - INFO - Epoch [32/100], Train Accuracy: 0.6630, Val Accuracy: 0.5828
2025-01-12 22:57:53,304 - INFO - Epoch [33/100], Train Accuracy: 0.6651, Val Accuracy: 0.5849
2025-01-12 22:57:53,406 - INFO - Epoch [34/100], Train Accuracy: 0.6614, Val Accuracy: 0.5849
2025-01-12 22:57:53,510 - INFO - Epoch [35/100], Train Accuracy: 0.6609, Val Accuracy: 0.5954
2025-01-12 22:57:53,613 - INFO - Epoch [36/100], Train Accuracy: 0.6641, Val Accuracy: 0.5870
2025-01-12 22:57:53,723 - INFO - Epoch [37/100], Train Accuracy: 0.6661, Val Accuracy: 0.5891
2025-01-12 22:57:53,837 - INFO - Epoch [38/100], Train Accuracy: 0.6625, Val Accuracy: 0.5849
2025-01-12 22:57:53,939 - INFO - Epoch [39/100], Train Accuracy: 0.6672, Val Accuracy: 0.5849
2025-01-12 22:57:54,046 - INFO - Epoch [40/100], Train Accuracy: 0.6656, Val Accuracy: 0.5912
2025-01-12 22:57:54,170 - INFO - Epoch [41/100], Train Accuracy: 0.6641, Val Accuracy: 0.5891
2025-01-12 22:57:54,269 - INFO - Epoch [42/100], Train Accuracy: 0.6651, Val Accuracy: 0.5870
2025-01-12 22:57:54,380 - INFO - Epoch [43/100], Train Accuracy: 0.6667, Val Accuracy: 0.5870
2025-01-12 22:57:54,487 - INFO - Epoch [44/100], Train Accuracy: 0.6630, Val Accuracy: 0.5954
2025-01-12 22:57:54,595 - INFO - Epoch [45/100], Train Accuracy: 0.6651, Val Accuracy: 0.5912
2025-01-12 22:57:54,705 - INFO - Epoch [46/100], Train Accuracy: 0.6646, Val Accuracy: 0.5954
2025-01-12 22:57:54,810 - INFO - Epoch [47/100], Train Accuracy: 0.6672, Val Accuracy: 0.5912
2025-01-12 22:57:54,925 - INFO - Epoch [48/100], Train Accuracy: 0.6661, Val Accuracy: 0.5933
2025-01-12 22:57:55,034 - INFO - Epoch [49/100], Train Accuracy: 0.6672, Val Accuracy: 0.5933
2025-01-12 22:57:55,145 - INFO - Epoch [50/100], Train Accuracy: 0.6693, Val Accuracy: 0.5933
2025-01-12 22:57:55,257 - INFO - Epoch [51/100], Train Accuracy: 0.6688, Val Accuracy: 0.5954
2025-01-12 22:57:55,359 - INFO - Epoch [52/100], Train Accuracy: 0.6661, Val Accuracy: 0.5954
2025-01-12 22:57:55,463 - INFO - Epoch [53/100], Train Accuracy: 0.6714, Val Accuracy: 0.5912
2025-01-12 22:57:55,567 - INFO - Epoch [54/100], Train Accuracy: 0.6703, Val Accuracy: 0.5912
2025-01-12 22:57:55,677 - INFO - Epoch [55/100], Train Accuracy: 0.6698, Val Accuracy: 0.5912
2025-01-12 22:57:55,790 - INFO - Epoch [56/100], Train Accuracy: 0.6709, Val Accuracy: 0.5975
2025-01-12 22:57:55,895 - INFO - Epoch [57/100], Train Accuracy: 0.6714, Val Accuracy: 0.5870
2025-01-12 22:57:56,005 - INFO - Epoch [58/100], Train Accuracy: 0.6714, Val Accuracy: 0.5933
2025-01-12 22:57:56,109 - INFO - Epoch [59/100], Train Accuracy: 0.6682, Val Accuracy: 0.5912
2025-01-12 22:57:56,216 - INFO - Epoch [60/100], Train Accuracy: 0.6714, Val Accuracy: 0.5870
2025-01-12 22:57:56,319 - INFO - Epoch [61/100], Train Accuracy: 0.6698, Val Accuracy: 0.5849
2025-01-12 22:57:56,440 - INFO - Epoch [62/100], Train Accuracy: 0.6714, Val Accuracy: 0.5891
2025-01-12 22:57:56,574 - INFO - Epoch [63/100], Train Accuracy: 0.6719, Val Accuracy: 0.5891
2025-01-12 22:57:56,696 - INFO - Epoch [64/100], Train Accuracy: 0.6688, Val Accuracy: 0.5786
2025-01-12 22:57:56,818 - INFO - Epoch [65/100], Train Accuracy: 0.6719, Val Accuracy: 0.5891
2025-01-12 22:57:56,938 - INFO - Epoch [66/100], Train Accuracy: 0.6719, Val Accuracy: 0.5765
2025-01-12 22:57:57,037 - INFO - Epoch [67/100], Train Accuracy: 0.6688, Val Accuracy: 0.5891
2025-01-12 22:57:57,147 - INFO - Epoch [68/100], Train Accuracy: 0.6693, Val Accuracy: 0.5891
2025-01-12 22:57:57,274 - INFO - Epoch [69/100], Train Accuracy: 0.6693, Val Accuracy: 0.5765
2025-01-12 22:57:57,385 - INFO - Epoch [70/100], Train Accuracy: 0.6709, Val Accuracy: 0.5765
2025-01-12 22:57:57,508 - INFO - Epoch [71/100], Train Accuracy: 0.6714, Val Accuracy: 0.5765
2025-01-12 22:57:57,615 - INFO - Epoch [72/100], Train Accuracy: 0.6703, Val Accuracy: 0.5849
2025-01-12 22:57:57,729 - INFO - Epoch [73/100], Train Accuracy: 0.6714, Val Accuracy: 0.5849
2025-01-12 22:57:57,868 - INFO - Epoch [74/100], Train Accuracy: 0.6703, Val Accuracy: 0.5765
2025-01-12 22:57:57,990 - INFO - Epoch [75/100], Train Accuracy: 0.6714, Val Accuracy: 0.5786
2025-01-12 22:57:58,123 - INFO - Epoch [76/100], Train Accuracy: 0.6709, Val Accuracy: 0.5807
2025-01-12 22:57:58,235 - INFO - Epoch [77/100], Train Accuracy: 0.6719, Val Accuracy: 0.5828
2025-01-12 22:57:58,358 - INFO - Epoch [78/100], Train Accuracy: 0.6719, Val Accuracy: 0.5786
2025-01-12 22:57:58,490 - INFO - Epoch [79/100], Train Accuracy: 0.6729, Val Accuracy: 0.5765
2025-01-12 22:57:58,595 - INFO - Epoch [80/100], Train Accuracy: 0.6729, Val Accuracy: 0.5765
2025-01-12 22:57:58,716 - INFO - Epoch [81/100], Train Accuracy: 0.6729, Val Accuracy: 0.5786
2025-01-12 22:57:58,841 - INFO - Epoch [82/100], Train Accuracy: 0.6729, Val Accuracy: 0.5786
2025-01-12 22:57:58,946 - INFO - Epoch [83/100], Train Accuracy: 0.6729, Val Accuracy: 0.5786
2025-01-12 22:57:59,063 - INFO - Epoch [84/100], Train Accuracy: 0.6729, Val Accuracy: 0.5786
2025-01-12 22:57:59,173 - INFO - Epoch [85/100], Train Accuracy: 0.6729, Val Accuracy: 0.5786
2025-01-12 22:57:59,286 - INFO - Epoch [86/100], Train Accuracy: 0.6729, Val Accuracy: 0.5786
2025-01-12 22:57:59,394 - INFO - Epoch [87/100], Train Accuracy: 0.6729, Val Accuracy: 0.5765
2025-01-12 22:57:59,505 - INFO - Epoch [88/100], Train Accuracy: 0.6729, Val Accuracy: 0.5765
2025-01-12 22:57:59,627 - INFO - Epoch [89/100], Train Accuracy: 0.6729, Val Accuracy: 0.5765
2025-01-12 22:57:59,730 - INFO - Epoch [90/100], Train Accuracy: 0.6729, Val Accuracy: 0.5765
2025-01-12 22:57:59,852 - INFO - Epoch [91/100], Train Accuracy: 0.6729, Val Accuracy: 0.5765
2025-01-12 22:57:59,959 - INFO - Epoch [92/100], Train Accuracy: 0.6729, Val Accuracy: 0.5765
2025-01-12 22:58:00,057 - INFO - Epoch [93/100], Train Accuracy: 0.6729, Val Accuracy: 0.5765
2025-01-12 22:58:00,175 - INFO - Epoch [94/100], Train Accuracy: 0.6729, Val Accuracy: 0.5744
2025-01-12 22:58:00,285 - INFO - Epoch [95/100], Train Accuracy: 0.6729, Val Accuracy: 0.5765
2025-01-12 22:58:00,387 - INFO - Epoch [96/100], Train Accuracy: 0.6729, Val Accuracy: 0.5765
2025-01-12 22:58:00,487 - INFO - Epoch [97/100], Train Accuracy: 0.6729, Val Accuracy: 0.5765
2025-01-12 22:58:00,589 - INFO - Epoch [98/100], Train Accuracy: 0.6729, Val Accuracy: 0.5744
2025-01-12 22:58:00,689 - INFO - Epoch [99/100], Train Accuracy: 0.6729, Val Accuracy: 0.5765
2025-01-12 22:58:00,809 - INFO - Epoch [100/100], Train Accuracy: 0.6729, Val Accuracy: 0.5765
2025-01-12 22:58:00,820 - INFO - Fold 5 Validation Accuracy: 0.5765
2025-01-12 22:58:00,822 - INFO - Save model to C:\Users\LeoLi\OneDrive - 学校法人立命館\Ritsumei\4th_Semester\Artificial_Intelligence\final_project\code\FNN/model/2025-01-12/22-57-03/model_4.pth
2025-01-12 22:58:00,823 - INFO - Average Validation Accuracy (Over 5 folds): 0.7608 

2025-01-12 22:58:00,972 - INFO - Training with Vectorized Data 1000 features. Dropout Rate 0.70. Dataset Size 2388. 2 neurons.
2025-01-12 22:58:00,974 - INFO - Training for fold 1/5
2025-01-12 22:58:01,117 - INFO - Epoch [1/100], Train Accuracy: 0.3241, Val Accuracy: 0.3703
2025-01-12 22:58:01,213 - INFO - Epoch [2/100], Train Accuracy: 0.3241, Val Accuracy: 0.3703
2025-01-12 22:58:01,316 - INFO - Epoch [3/100], Train Accuracy: 0.3241, Val Accuracy: 0.3703
2025-01-12 22:58:01,406 - INFO - Epoch [4/100], Train Accuracy: 0.3241, Val Accuracy: 0.3703
2025-01-12 22:58:01,504 - INFO - Epoch [5/100], Train Accuracy: 0.3241, Val Accuracy: 0.3703
2025-01-12 22:58:01,627 - INFO - Epoch [6/100], Train Accuracy: 0.3241, Val Accuracy: 0.3703
2025-01-12 22:58:01,738 - INFO - Epoch [7/100], Train Accuracy: 0.4812, Val Accuracy: 0.5732
2025-01-12 22:58:01,837 - INFO - Epoch [8/100], Train Accuracy: 0.5466, Val Accuracy: 0.5983
2025-01-12 22:58:01,934 - INFO - Epoch [9/100], Train Accuracy: 0.5654, Val Accuracy: 0.6088
2025-01-12 22:58:02,030 - INFO - Epoch [10/100], Train Accuracy: 0.5796, Val Accuracy: 0.6255
2025-01-12 22:58:02,120 - INFO - Epoch [11/100], Train Accuracy: 0.5948, Val Accuracy: 0.6381
2025-01-12 22:58:02,216 - INFO - Epoch [12/100], Train Accuracy: 0.6073, Val Accuracy: 0.6402
2025-01-12 22:58:02,309 - INFO - Epoch [13/100], Train Accuracy: 0.6126, Val Accuracy: 0.6402
2025-01-12 22:58:02,411 - INFO - Epoch [14/100], Train Accuracy: 0.6220, Val Accuracy: 0.6444
2025-01-12 22:58:02,500 - INFO - Epoch [15/100], Train Accuracy: 0.6246, Val Accuracy: 0.6423
2025-01-12 22:58:02,593 - INFO - Epoch [16/100], Train Accuracy: 0.6330, Val Accuracy: 0.6402
2025-01-12 22:58:02,686 - INFO - Epoch [17/100], Train Accuracy: 0.6361, Val Accuracy: 0.6402
2025-01-12 22:58:02,784 - INFO - Epoch [18/100], Train Accuracy: 0.6366, Val Accuracy: 0.6444
2025-01-12 22:58:02,872 - INFO - Epoch [19/100], Train Accuracy: 0.6435, Val Accuracy: 0.6444
2025-01-12 22:58:02,955 - INFO - Epoch [20/100], Train Accuracy: 0.6429, Val Accuracy: 0.6423
2025-01-12 22:58:03,053 - INFO - Epoch [21/100], Train Accuracy: 0.6429, Val Accuracy: 0.6444
2025-01-12 22:58:03,149 - INFO - Epoch [22/100], Train Accuracy: 0.6440, Val Accuracy: 0.6423
2025-01-12 22:58:03,241 - INFO - Epoch [23/100], Train Accuracy: 0.6455, Val Accuracy: 0.6423
2025-01-12 22:58:03,331 - INFO - Epoch [24/100], Train Accuracy: 0.6445, Val Accuracy: 0.6423
2025-01-12 22:58:03,416 - INFO - Epoch [25/100], Train Accuracy: 0.6471, Val Accuracy: 0.6402
2025-01-12 22:58:03,498 - INFO - Epoch [26/100], Train Accuracy: 0.6487, Val Accuracy: 0.6381
2025-01-12 22:58:03,594 - INFO - Epoch [27/100], Train Accuracy: 0.6497, Val Accuracy: 0.6444
2025-01-12 22:58:03,702 - INFO - Epoch [28/100], Train Accuracy: 0.6503, Val Accuracy: 0.6444
2025-01-12 22:58:03,816 - INFO - Epoch [29/100], Train Accuracy: 0.6497, Val Accuracy: 0.6444
2025-01-12 22:58:03,960 - INFO - Epoch [30/100], Train Accuracy: 0.6466, Val Accuracy: 0.6444
2025-01-12 22:58:04,117 - INFO - Epoch [31/100], Train Accuracy: 0.6539, Val Accuracy: 0.6464
2025-01-12 22:58:04,250 - INFO - Epoch [32/100], Train Accuracy: 0.6534, Val Accuracy: 0.6464
2025-01-12 22:58:04,366 - INFO - Epoch [33/100], Train Accuracy: 0.6545, Val Accuracy: 0.6506
2025-01-12 22:58:04,471 - INFO - Epoch [34/100], Train Accuracy: 0.6539, Val Accuracy: 0.6485
2025-01-12 22:58:04,590 - INFO - Epoch [35/100], Train Accuracy: 0.6524, Val Accuracy: 0.6527
2025-01-12 22:58:04,714 - INFO - Epoch [36/100], Train Accuracy: 0.6524, Val Accuracy: 0.6506
2025-01-12 22:58:04,823 - INFO - Epoch [37/100], Train Accuracy: 0.6524, Val Accuracy: 0.6527
2025-01-12 22:58:04,923 - INFO - Epoch [38/100], Train Accuracy: 0.6518, Val Accuracy: 0.6423
2025-01-12 22:58:05,028 - INFO - Epoch [39/100], Train Accuracy: 0.6440, Val Accuracy: 0.6402
2025-01-12 22:58:05,133 - INFO - Epoch [40/100], Train Accuracy: 0.6497, Val Accuracy: 0.6318
2025-01-12 22:58:05,238 - INFO - Epoch [41/100], Train Accuracy: 0.6487, Val Accuracy: 0.6318
2025-01-12 22:58:05,348 - INFO - Epoch [42/100], Train Accuracy: 0.6445, Val Accuracy: 0.6318
2025-01-12 22:58:05,457 - INFO - Epoch [43/100], Train Accuracy: 0.6628, Val Accuracy: 0.6318
2025-01-12 22:58:05,563 - INFO - Epoch [44/100], Train Accuracy: 0.6560, Val Accuracy: 0.6318
2025-01-12 22:58:05,662 - INFO - Epoch [45/100], Train Accuracy: 0.6639, Val Accuracy: 0.6318
2025-01-12 22:58:05,768 - INFO - Epoch [46/100], Train Accuracy: 0.6644, Val Accuracy: 0.6339
2025-01-12 22:58:05,864 - INFO - Epoch [47/100], Train Accuracy: 0.6513, Val Accuracy: 0.6339
2025-01-12 22:58:05,969 - INFO - Epoch [48/100], Train Accuracy: 0.6644, Val Accuracy: 0.6360
2025-01-12 22:58:06,075 - INFO - Epoch [49/100], Train Accuracy: 0.6649, Val Accuracy: 0.6360
2025-01-12 22:58:06,179 - INFO - Epoch [50/100], Train Accuracy: 0.6649, Val Accuracy: 0.6360
2025-01-12 22:58:06,281 - INFO - Epoch [51/100], Train Accuracy: 0.6649, Val Accuracy: 0.6360
2025-01-12 22:58:06,385 - INFO - Epoch [52/100], Train Accuracy: 0.6649, Val Accuracy: 0.6360
2025-01-12 22:58:06,488 - INFO - Epoch [53/100], Train Accuracy: 0.6649, Val Accuracy: 0.6360
2025-01-12 22:58:06,590 - INFO - Epoch [54/100], Train Accuracy: 0.6649, Val Accuracy: 0.6360
2025-01-12 22:58:06,694 - INFO - Epoch [55/100], Train Accuracy: 0.6649, Val Accuracy: 0.6360
2025-01-12 22:58:06,806 - INFO - Epoch [56/100], Train Accuracy: 0.6649, Val Accuracy: 0.6339
2025-01-12 22:58:06,907 - INFO - Epoch [57/100], Train Accuracy: 0.6649, Val Accuracy: 0.6339
2025-01-12 22:58:07,065 - INFO - Epoch [58/100], Train Accuracy: 0.6649, Val Accuracy: 0.6339
2025-01-12 22:58:07,194 - INFO - Epoch [59/100], Train Accuracy: 0.6649, Val Accuracy: 0.6318
2025-01-12 22:58:07,304 - INFO - Epoch [60/100], Train Accuracy: 0.6565, Val Accuracy: 0.6318
2025-01-12 22:58:07,413 - INFO - Epoch [61/100], Train Accuracy: 0.6649, Val Accuracy: 0.6339
2025-01-12 22:58:07,510 - INFO - Epoch [62/100], Train Accuracy: 0.6649, Val Accuracy: 0.6339
2025-01-12 22:58:07,618 - INFO - Epoch [63/100], Train Accuracy: 0.6649, Val Accuracy: 0.6339
2025-01-12 22:58:07,730 - INFO - Epoch [64/100], Train Accuracy: 0.6649, Val Accuracy: 0.6339
2025-01-12 22:58:07,840 - INFO - Epoch [65/100], Train Accuracy: 0.6654, Val Accuracy: 0.6360
2025-01-12 22:58:07,945 - INFO - Epoch [66/100], Train Accuracy: 0.6660, Val Accuracy: 0.6360
2025-01-12 22:58:08,037 - INFO - Epoch [67/100], Train Accuracy: 0.6654, Val Accuracy: 0.6360
2025-01-12 22:58:08,146 - INFO - Epoch [68/100], Train Accuracy: 0.6660, Val Accuracy: 0.6360
2025-01-12 22:58:08,232 - INFO - Epoch [69/100], Train Accuracy: 0.6660, Val Accuracy: 0.6339
2025-01-12 22:58:08,319 - INFO - Epoch [70/100], Train Accuracy: 0.6660, Val Accuracy: 0.6339
2025-01-12 22:58:08,412 - INFO - Epoch [71/100], Train Accuracy: 0.6660, Val Accuracy: 0.6339
2025-01-12 22:58:08,497 - INFO - Epoch [72/100], Train Accuracy: 0.6660, Val Accuracy: 0.6339
2025-01-12 22:58:08,591 - INFO - Epoch [73/100], Train Accuracy: 0.6654, Val Accuracy: 0.6339
2025-01-12 22:58:08,680 - INFO - Epoch [74/100], Train Accuracy: 0.6660, Val Accuracy: 0.6339
2025-01-12 22:58:08,771 - INFO - Epoch [75/100], Train Accuracy: 0.6660, Val Accuracy: 0.6360
2025-01-12 22:58:08,861 - INFO - Epoch [76/100], Train Accuracy: 0.6660, Val Accuracy: 0.6381
2025-01-12 22:58:08,956 - INFO - Epoch [77/100], Train Accuracy: 0.6654, Val Accuracy: 0.6360
2025-01-12 22:58:09,054 - INFO - Epoch [78/100], Train Accuracy: 0.6728, Val Accuracy: 0.6381
2025-01-12 22:58:09,160 - INFO - Epoch [79/100], Train Accuracy: 0.6780, Val Accuracy: 0.6381
2025-01-12 22:58:09,249 - INFO - Epoch [80/100], Train Accuracy: 0.6743, Val Accuracy: 0.6339
2025-01-12 22:58:09,338 - INFO - Epoch [81/100], Train Accuracy: 0.6733, Val Accuracy: 0.6381
2025-01-12 22:58:09,433 - INFO - Epoch [82/100], Train Accuracy: 0.6796, Val Accuracy: 0.6402
2025-01-12 22:58:09,522 - INFO - Epoch [83/100], Train Accuracy: 0.6817, Val Accuracy: 0.6360
2025-01-12 22:58:09,612 - INFO - Epoch [84/100], Train Accuracy: 0.6838, Val Accuracy: 0.6360
2025-01-12 22:58:09,703 - INFO - Epoch [85/100], Train Accuracy: 0.6859, Val Accuracy: 0.6423
2025-01-12 22:58:09,797 - INFO - Epoch [86/100], Train Accuracy: 0.6812, Val Accuracy: 0.6423
2025-01-12 22:58:09,891 - INFO - Epoch [87/100], Train Accuracy: 0.6832, Val Accuracy: 0.6444
2025-01-12 22:58:09,992 - INFO - Epoch [88/100], Train Accuracy: 0.6848, Val Accuracy: 0.6444
2025-01-12 22:58:10,079 - INFO - Epoch [89/100], Train Accuracy: 0.6885, Val Accuracy: 0.6423
2025-01-12 22:58:10,192 - INFO - Epoch [90/100], Train Accuracy: 0.6953, Val Accuracy: 0.6423
2025-01-12 22:58:10,289 - INFO - Epoch [91/100], Train Accuracy: 0.7021, Val Accuracy: 0.6402
2025-01-12 22:58:10,388 - INFO - Epoch [92/100], Train Accuracy: 0.7058, Val Accuracy: 0.6444
2025-01-12 22:58:10,487 - INFO - Epoch [93/100], Train Accuracy: 0.7110, Val Accuracy: 0.6464
2025-01-12 22:58:10,589 - INFO - Epoch [94/100], Train Accuracy: 0.7199, Val Accuracy: 0.6485
2025-01-12 22:58:10,687 - INFO - Epoch [95/100], Train Accuracy: 0.7314, Val Accuracy: 0.6444
2025-01-12 22:58:10,785 - INFO - Epoch [96/100], Train Accuracy: 0.7372, Val Accuracy: 0.6464
2025-01-12 22:58:10,876 - INFO - Epoch [97/100], Train Accuracy: 0.7414, Val Accuracy: 0.6485
2025-01-12 22:58:10,966 - INFO - Epoch [98/100], Train Accuracy: 0.7450, Val Accuracy: 0.6569
2025-01-12 22:58:11,058 - INFO - Epoch [99/100], Train Accuracy: 0.7524, Val Accuracy: 0.6590
2025-01-12 22:58:11,146 - INFO - Epoch [100/100], Train Accuracy: 0.7592, Val Accuracy: 0.6611
2025-01-12 22:58:11,158 - INFO - Fold 1 Validation Accuracy: 0.6611
2025-01-12 22:58:11,160 - INFO - Save model to C:\Users\LeoLi\OneDrive - 学校法人立命館\Ritsumei\4th_Semester\Artificial_Intelligence\final_project\code\FNN/model/2025-01-12/22-58-00/model_0.pth
2025-01-12 22:58:11,160 - INFO - Training for fold 2/5
2025-01-12 22:58:11,291 - INFO - Epoch [1/100], Train Accuracy: 0.3513, Val Accuracy: 0.3326
2025-01-12 22:58:11,380 - INFO - Epoch [2/100], Train Accuracy: 0.4330, Val Accuracy: 0.5941
2025-01-12 22:58:11,468 - INFO - Epoch [3/100], Train Accuracy: 0.7435, Val Accuracy: 0.6925
2025-01-12 22:58:11,555 - INFO - Epoch [4/100], Train Accuracy: 0.7597, Val Accuracy: 0.6987
2025-01-12 22:58:11,644 - INFO - Epoch [5/100], Train Accuracy: 0.7864, Val Accuracy: 0.7280
2025-01-12 22:58:11,738 - INFO - Epoch [6/100], Train Accuracy: 0.8120, Val Accuracy: 0.7490
2025-01-12 22:58:11,830 - INFO - Epoch [7/100], Train Accuracy: 0.8503, Val Accuracy: 0.7741
2025-01-12 22:58:11,915 - INFO - Epoch [8/100], Train Accuracy: 0.8723, Val Accuracy: 0.8013
2025-01-12 22:58:12,009 - INFO - Epoch [9/100], Train Accuracy: 0.8942, Val Accuracy: 0.8201
2025-01-12 22:58:12,099 - INFO - Epoch [10/100], Train Accuracy: 0.9047, Val Accuracy: 0.8243
2025-01-12 22:58:12,192 - INFO - Epoch [11/100], Train Accuracy: 0.9183, Val Accuracy: 0.8347
2025-01-12 22:58:12,283 - INFO - Epoch [12/100], Train Accuracy: 0.9220, Val Accuracy: 0.8389
2025-01-12 22:58:12,381 - INFO - Epoch [13/100], Train Accuracy: 0.9298, Val Accuracy: 0.8494
2025-01-12 22:58:12,479 - INFO - Epoch [14/100], Train Accuracy: 0.9372, Val Accuracy: 0.8556
2025-01-12 22:58:12,573 - INFO - Epoch [15/100], Train Accuracy: 0.9408, Val Accuracy: 0.8577
2025-01-12 22:58:12,670 - INFO - Epoch [16/100], Train Accuracy: 0.9471, Val Accuracy: 0.8682
2025-01-12 22:58:12,767 - INFO - Epoch [17/100], Train Accuracy: 0.9539, Val Accuracy: 0.8724
2025-01-12 22:58:12,864 - INFO - Epoch [18/100], Train Accuracy: 0.9560, Val Accuracy: 0.8766
2025-01-12 22:58:12,957 - INFO - Epoch [19/100], Train Accuracy: 0.9576, Val Accuracy: 0.8849
2025-01-12 22:58:13,058 - INFO - Epoch [20/100], Train Accuracy: 0.9634, Val Accuracy: 0.8849
2025-01-12 22:58:13,160 - INFO - Epoch [21/100], Train Accuracy: 0.9634, Val Accuracy: 0.8954
2025-01-12 22:58:13,250 - INFO - Epoch [22/100], Train Accuracy: 0.9665, Val Accuracy: 0.8954
2025-01-12 22:58:13,353 - INFO - Epoch [23/100], Train Accuracy: 0.9702, Val Accuracy: 0.8975
2025-01-12 22:58:13,452 - INFO - Epoch [24/100], Train Accuracy: 0.9712, Val Accuracy: 0.8996
2025-01-12 22:58:13,553 - INFO - Epoch [25/100], Train Accuracy: 0.9733, Val Accuracy: 0.8996
2025-01-12 22:58:13,653 - INFO - Epoch [26/100], Train Accuracy: 0.9733, Val Accuracy: 0.8996
2025-01-12 22:58:13,776 - INFO - Epoch [27/100], Train Accuracy: 0.9754, Val Accuracy: 0.9038
2025-01-12 22:58:13,875 - INFO - Epoch [28/100], Train Accuracy: 0.9770, Val Accuracy: 0.9038
2025-01-12 22:58:13,979 - INFO - Epoch [29/100], Train Accuracy: 0.9785, Val Accuracy: 0.9059
2025-01-12 22:58:14,081 - INFO - Epoch [30/100], Train Accuracy: 0.9801, Val Accuracy: 0.9059
2025-01-12 22:58:14,191 - INFO - Epoch [31/100], Train Accuracy: 0.9812, Val Accuracy: 0.9059
2025-01-12 22:58:14,293 - INFO - Epoch [32/100], Train Accuracy: 0.9827, Val Accuracy: 0.9059
2025-01-12 22:58:14,416 - INFO - Epoch [33/100], Train Accuracy: 0.9848, Val Accuracy: 0.9079
2025-01-12 22:58:14,524 - INFO - Epoch [34/100], Train Accuracy: 0.9874, Val Accuracy: 0.9079
2025-01-12 22:58:14,620 - INFO - Epoch [35/100], Train Accuracy: 0.9880, Val Accuracy: 0.9100
2025-01-12 22:58:14,724 - INFO - Epoch [36/100], Train Accuracy: 0.9895, Val Accuracy: 0.9100
2025-01-12 22:58:14,823 - INFO - Epoch [37/100], Train Accuracy: 0.9901, Val Accuracy: 0.9100
2025-01-12 22:58:14,918 - INFO - Epoch [38/100], Train Accuracy: 0.9906, Val Accuracy: 0.9142
2025-01-12 22:58:15,026 - INFO - Epoch [39/100], Train Accuracy: 0.9911, Val Accuracy: 0.9121
2025-01-12 22:58:15,127 - INFO - Epoch [40/100], Train Accuracy: 0.9927, Val Accuracy: 0.9100
2025-01-12 22:58:15,229 - INFO - Epoch [41/100], Train Accuracy: 0.9937, Val Accuracy: 0.9100
2025-01-12 22:58:15,330 - INFO - Epoch [42/100], Train Accuracy: 0.9937, Val Accuracy: 0.9142
2025-01-12 22:58:15,427 - INFO - Epoch [43/100], Train Accuracy: 0.9942, Val Accuracy: 0.9121
2025-01-12 22:58:15,525 - INFO - Epoch [44/100], Train Accuracy: 0.9948, Val Accuracy: 0.9163
2025-01-12 22:58:15,628 - INFO - Epoch [45/100], Train Accuracy: 0.9953, Val Accuracy: 0.9163
2025-01-12 22:58:15,728 - INFO - Epoch [46/100], Train Accuracy: 0.9953, Val Accuracy: 0.9163
2025-01-12 22:58:15,843 - INFO - Epoch [47/100], Train Accuracy: 0.9958, Val Accuracy: 0.9142
2025-01-12 22:58:15,854 - INFO - Fold 2 Validation Accuracy: 0.9142
2025-01-12 22:58:15,857 - INFO - Save model to C:\Users\LeoLi\OneDrive - 学校法人立命館\Ritsumei\4th_Semester\Artificial_Intelligence\final_project\code\FNN/model/2025-01-12/22-58-00/model_1.pth
2025-01-12 22:58:15,857 - INFO - Training for fold 3/5
2025-01-12 22:58:15,970 - INFO - Epoch [1/100], Train Accuracy: 0.3241, Val Accuracy: 0.3703
2025-01-12 22:58:16,067 - INFO - Epoch [2/100], Train Accuracy: 0.3241, Val Accuracy: 0.3703
2025-01-12 22:58:16,173 - INFO - Epoch [3/100], Train Accuracy: 0.3241, Val Accuracy: 0.3703
2025-01-12 22:58:16,275 - INFO - Epoch [4/100], Train Accuracy: 0.3387, Val Accuracy: 0.4414
2025-01-12 22:58:16,376 - INFO - Epoch [5/100], Train Accuracy: 0.5340, Val Accuracy: 0.5983
2025-01-12 22:58:16,526 - INFO - Epoch [6/100], Train Accuracy: 0.6131, Val Accuracy: 0.6820
2025-01-12 22:58:16,635 - INFO - Epoch [7/100], Train Accuracy: 0.7209, Val Accuracy: 0.7301
2025-01-12 22:58:16,738 - INFO - Epoch [8/100], Train Accuracy: 0.7723, Val Accuracy: 0.7490
2025-01-12 22:58:16,833 - INFO - Epoch [9/100], Train Accuracy: 0.8136, Val Accuracy: 0.7762
2025-01-12 22:58:16,924 - INFO - Epoch [10/100], Train Accuracy: 0.8503, Val Accuracy: 0.7950
2025-01-12 22:58:17,021 - INFO - Epoch [11/100], Train Accuracy: 0.8649, Val Accuracy: 0.8285
2025-01-12 22:58:17,117 - INFO - Epoch [12/100], Train Accuracy: 0.8832, Val Accuracy: 0.8347
2025-01-12 22:58:17,208 - INFO - Epoch [13/100], Train Accuracy: 0.9042, Val Accuracy: 0.8410
2025-01-12 22:58:17,292 - INFO - Epoch [14/100], Train Accuracy: 0.9136, Val Accuracy: 0.8494
