2025-01-12 23:51:43,786 - INFO - Training with Vectorized Data 500 features. Dropout Rate 0.70. Dataset Size 2388. 1 neurons.
2025-01-12 23:51:43,788 - INFO - Training for fold 1/10
2025-01-12 23:51:44,917 - INFO - Epoch [1/100], Train Accuracy: 0.3332, Val Accuracy: 0.3347
2025-01-12 23:51:45,023 - INFO - Epoch [2/100], Train Accuracy: 0.3332, Val Accuracy: 0.3347
2025-01-12 23:51:45,121 - INFO - Epoch [3/100], Train Accuracy: 0.3495, Val Accuracy: 0.4100
2025-01-12 23:51:45,228 - INFO - Epoch [4/100], Train Accuracy: 0.5542, Val Accuracy: 0.5900
2025-01-12 23:51:45,336 - INFO - Epoch [5/100], Train Accuracy: 0.6194, Val Accuracy: 0.5900
2025-01-12 23:51:45,436 - INFO - Epoch [6/100], Train Accuracy: 0.6259, Val Accuracy: 0.5858
2025-01-12 23:51:45,537 - INFO - Epoch [7/100], Train Accuracy: 0.6221, Val Accuracy: 0.5900
2025-01-12 23:51:45,634 - INFO - Epoch [8/100], Train Accuracy: 0.6184, Val Accuracy: 0.5858
2025-01-12 23:51:45,740 - INFO - Epoch [9/100], Train Accuracy: 0.6245, Val Accuracy: 0.5900
2025-01-12 23:51:45,845 - INFO - Epoch [10/100], Train Accuracy: 0.6259, Val Accuracy: 0.5816
2025-01-12 23:51:45,959 - INFO - Epoch [11/100], Train Accuracy: 0.6277, Val Accuracy: 0.5858
2025-01-12 23:51:46,063 - INFO - Epoch [12/100], Train Accuracy: 0.6333, Val Accuracy: 0.5690
2025-01-12 23:51:46,169 - INFO - Epoch [13/100], Train Accuracy: 0.6366, Val Accuracy: 0.5732
2025-01-12 23:51:46,273 - INFO - Epoch [14/100], Train Accuracy: 0.6412, Val Accuracy: 0.5900
2025-01-12 23:51:46,371 - INFO - Epoch [15/100], Train Accuracy: 0.6426, Val Accuracy: 0.5941
2025-01-12 23:51:46,474 - INFO - Epoch [16/100], Train Accuracy: 0.6473, Val Accuracy: 0.5816
2025-01-12 23:51:46,575 - INFO - Epoch [17/100], Train Accuracy: 0.6445, Val Accuracy: 0.5900
2025-01-12 23:51:46,682 - INFO - Epoch [18/100], Train Accuracy: 0.6431, Val Accuracy: 0.5941
2025-01-12 23:51:46,777 - INFO - Epoch [19/100], Train Accuracy: 0.6189, Val Accuracy: 0.5774
2025-01-12 23:51:46,877 - INFO - Epoch [20/100], Train Accuracy: 0.6380, Val Accuracy: 0.5900
2025-01-12 23:51:46,973 - INFO - Epoch [21/100], Train Accuracy: 0.6263, Val Accuracy: 0.5983
2025-01-12 23:51:47,077 - INFO - Epoch [22/100], Train Accuracy: 0.6315, Val Accuracy: 0.5983
2025-01-12 23:51:47,181 - INFO - Epoch [23/100], Train Accuracy: 0.6263, Val Accuracy: 0.5690
2025-01-12 23:51:47,279 - INFO - Epoch [24/100], Train Accuracy: 0.6310, Val Accuracy: 0.5900
2025-01-12 23:51:47,375 - INFO - Epoch [25/100], Train Accuracy: 0.6398, Val Accuracy: 0.5941
2025-01-12 23:51:47,475 - INFO - Epoch [26/100], Train Accuracy: 0.6370, Val Accuracy: 0.6360
2025-01-12 23:51:47,580 - INFO - Epoch [27/100], Train Accuracy: 0.6235, Val Accuracy: 0.6192
2025-01-12 23:51:47,687 - INFO - Epoch [28/100], Train Accuracy: 0.6291, Val Accuracy: 0.6402
2025-01-12 23:51:47,795 - INFO - Epoch [29/100], Train Accuracy: 0.6356, Val Accuracy: 0.6276
2025-01-12 23:51:47,904 - INFO - Epoch [30/100], Train Accuracy: 0.6254, Val Accuracy: 0.6151
2025-01-12 23:51:48,007 - INFO - Epoch [31/100], Train Accuracy: 0.6394, Val Accuracy: 0.6360
2025-01-12 23:51:48,117 - INFO - Epoch [32/100], Train Accuracy: 0.6510, Val Accuracy: 0.6485
2025-01-12 23:51:48,224 - INFO - Epoch [33/100], Train Accuracy: 0.6529, Val Accuracy: 0.6485
2025-01-12 23:51:48,329 - INFO - Epoch [34/100], Train Accuracy: 0.6533, Val Accuracy: 0.6527
2025-01-12 23:51:48,436 - INFO - Epoch [35/100], Train Accuracy: 0.6538, Val Accuracy: 0.6527
2025-01-12 23:51:48,539 - INFO - Epoch [36/100], Train Accuracy: 0.6543, Val Accuracy: 0.6527
2025-01-12 23:51:48,643 - INFO - Epoch [37/100], Train Accuracy: 0.6543, Val Accuracy: 0.6527
2025-01-12 23:51:48,750 - INFO - Epoch [38/100], Train Accuracy: 0.6538, Val Accuracy: 0.6527
2025-01-12 23:51:48,852 - INFO - Epoch [39/100], Train Accuracy: 0.6543, Val Accuracy: 0.6527
2025-01-12 23:51:48,953 - INFO - Epoch [40/100], Train Accuracy: 0.6608, Val Accuracy: 0.6444
2025-01-12 23:51:49,042 - INFO - Epoch [41/100], Train Accuracy: 0.6570, Val Accuracy: 0.6527
2025-01-12 23:51:49,154 - INFO - Epoch [42/100], Train Accuracy: 0.6561, Val Accuracy: 0.6527
2025-01-12 23:51:49,245 - INFO - Epoch [43/100], Train Accuracy: 0.6561, Val Accuracy: 0.6360
2025-01-12 23:51:49,339 - INFO - Epoch [44/100], Train Accuracy: 0.6608, Val Accuracy: 0.6402
2025-01-12 23:51:49,440 - INFO - Epoch [45/100], Train Accuracy: 0.6645, Val Accuracy: 0.6653
2025-01-12 23:51:49,569 - INFO - Epoch [46/100], Train Accuracy: 0.6678, Val Accuracy: 0.6653
2025-01-12 23:51:49,662 - INFO - Epoch [47/100], Train Accuracy: 0.6724, Val Accuracy: 0.6736
2025-01-12 23:51:49,763 - INFO - Epoch [48/100], Train Accuracy: 0.6696, Val Accuracy: 0.6695
2025-01-12 23:51:49,866 - INFO - Epoch [49/100], Train Accuracy: 0.6747, Val Accuracy: 0.6736
2025-01-12 23:51:49,959 - INFO - Epoch [50/100], Train Accuracy: 0.6775, Val Accuracy: 0.6736
2025-01-12 23:51:50,059 - INFO - Epoch [51/100], Train Accuracy: 0.6812, Val Accuracy: 0.6736
2025-01-12 23:51:50,170 - INFO - Epoch [52/100], Train Accuracy: 0.6747, Val Accuracy: 0.6695
2025-01-12 23:51:50,252 - INFO - Epoch [53/100], Train Accuracy: 0.6854, Val Accuracy: 0.6695
2025-01-12 23:51:50,346 - INFO - Epoch [54/100], Train Accuracy: 0.6929, Val Accuracy: 0.6736
2025-01-12 23:51:50,434 - INFO - Epoch [55/100], Train Accuracy: 0.6924, Val Accuracy: 0.6778
2025-01-12 23:51:50,531 - INFO - Epoch [56/100], Train Accuracy: 0.6952, Val Accuracy: 0.6820
2025-01-12 23:51:50,627 - INFO - Epoch [57/100], Train Accuracy: 0.6994, Val Accuracy: 0.6820
2025-01-12 23:51:50,742 - INFO - Epoch [58/100], Train Accuracy: 0.7087, Val Accuracy: 0.6862
2025-01-12 23:51:50,881 - INFO - Epoch [59/100], Train Accuracy: 0.7134, Val Accuracy: 0.6862
2025-01-12 23:51:50,978 - INFO - Epoch [60/100], Train Accuracy: 0.7166, Val Accuracy: 0.6904
2025-01-12 23:51:51,068 - INFO - Epoch [61/100], Train Accuracy: 0.7287, Val Accuracy: 0.6904
2025-01-12 23:51:51,154 - INFO - Epoch [62/100], Train Accuracy: 0.7255, Val Accuracy: 0.7029
2025-01-12 23:51:51,238 - INFO - Epoch [63/100], Train Accuracy: 0.7329, Val Accuracy: 0.7029
2025-01-12 23:51:51,342 - INFO - Epoch [64/100], Train Accuracy: 0.7413, Val Accuracy: 0.7029
2025-01-12 23:51:51,427 - INFO - Epoch [65/100], Train Accuracy: 0.7501, Val Accuracy: 0.7155
2025-01-12 23:51:51,524 - INFO - Epoch [66/100], Train Accuracy: 0.7538, Val Accuracy: 0.7113
2025-01-12 23:51:51,614 - INFO - Epoch [67/100], Train Accuracy: 0.7627, Val Accuracy: 0.7197
2025-01-12 23:51:51,703 - INFO - Epoch [68/100], Train Accuracy: 0.7669, Val Accuracy: 0.7280
2025-01-12 23:51:51,795 - INFO - Epoch [69/100], Train Accuracy: 0.7799, Val Accuracy: 0.7364
2025-01-12 23:51:51,881 - INFO - Epoch [70/100], Train Accuracy: 0.7878, Val Accuracy: 0.7573
2025-01-12 23:51:51,977 - INFO - Epoch [71/100], Train Accuracy: 0.7897, Val Accuracy: 0.7657
2025-01-12 23:51:52,140 - INFO - Epoch [72/100], Train Accuracy: 0.7915, Val Accuracy: 0.7782
2025-01-12 23:51:52,226 - INFO - Epoch [73/100], Train Accuracy: 0.8022, Val Accuracy: 0.7866
2025-01-12 23:51:52,329 - INFO - Epoch [74/100], Train Accuracy: 0.8101, Val Accuracy: 0.7908
2025-01-12 23:51:52,422 - INFO - Epoch [75/100], Train Accuracy: 0.8157, Val Accuracy: 0.7908
2025-01-12 23:51:52,507 - INFO - Epoch [76/100], Train Accuracy: 0.8227, Val Accuracy: 0.7908
2025-01-12 23:51:52,595 - INFO - Epoch [77/100], Train Accuracy: 0.8264, Val Accuracy: 0.7908
2025-01-12 23:51:52,681 - INFO - Epoch [78/100], Train Accuracy: 0.8269, Val Accuracy: 0.7950
2025-01-12 23:51:52,768 - INFO - Epoch [79/100], Train Accuracy: 0.8381, Val Accuracy: 0.7950
2025-01-12 23:51:52,874 - INFO - Epoch [80/100], Train Accuracy: 0.8404, Val Accuracy: 0.7950
2025-01-12 23:51:52,962 - INFO - Epoch [81/100], Train Accuracy: 0.8460, Val Accuracy: 0.8075
2025-01-12 23:51:53,055 - INFO - Epoch [82/100], Train Accuracy: 0.8516, Val Accuracy: 0.8075
2025-01-12 23:51:53,139 - INFO - Epoch [83/100], Train Accuracy: 0.8562, Val Accuracy: 0.8075
2025-01-12 23:51:53,233 - INFO - Epoch [84/100], Train Accuracy: 0.8590, Val Accuracy: 0.8033
2025-01-12 23:51:53,334 - INFO - Epoch [85/100], Train Accuracy: 0.8613, Val Accuracy: 0.8117
2025-01-12 23:51:53,425 - INFO - Epoch [86/100], Train Accuracy: 0.8641, Val Accuracy: 0.8075
2025-01-12 23:51:53,518 - INFO - Epoch [87/100], Train Accuracy: 0.8674, Val Accuracy: 0.8075
2025-01-12 23:51:53,615 - INFO - Epoch [88/100], Train Accuracy: 0.8678, Val Accuracy: 0.8159
2025-01-12 23:51:53,699 - INFO - Epoch [89/100], Train Accuracy: 0.8753, Val Accuracy: 0.8159
2025-01-12 23:51:53,817 - INFO - Epoch [90/100], Train Accuracy: 0.8795, Val Accuracy: 0.8075
2025-01-12 23:51:53,912 - INFO - Epoch [91/100], Train Accuracy: 0.8776, Val Accuracy: 0.8201
2025-01-12 23:51:54,010 - INFO - Epoch [92/100], Train Accuracy: 0.8823, Val Accuracy: 0.8117
2025-01-12 23:51:54,101 - INFO - Epoch [93/100], Train Accuracy: 0.8827, Val Accuracy: 0.8159
2025-01-12 23:51:54,197 - INFO - Epoch [94/100], Train Accuracy: 0.8855, Val Accuracy: 0.8117
2025-01-12 23:51:54,290 - INFO - Epoch [95/100], Train Accuracy: 0.8869, Val Accuracy: 0.8159
2025-01-12 23:51:54,385 - INFO - Epoch [96/100], Train Accuracy: 0.8893, Val Accuracy: 0.8201
2025-01-12 23:51:54,470 - INFO - Epoch [97/100], Train Accuracy: 0.8888, Val Accuracy: 0.8201
2025-01-12 23:51:54,563 - INFO - Epoch [98/100], Train Accuracy: 0.8897, Val Accuracy: 0.8201
2025-01-12 23:51:54,660 - INFO - Epoch [99/100], Train Accuracy: 0.8920, Val Accuracy: 0.8285
2025-01-12 23:51:54,754 - INFO - Epoch [100/100], Train Accuracy: 0.8916, Val Accuracy: 0.8243
2025-01-12 23:51:54,760 - INFO - Fold 1 Validation Accuracy: 0.8243
2025-01-12 23:51:54,762 - INFO - Save model to C:\Users\LeoLi\OneDrive - äwçZñ@êlóßñΩäŸ\Ritsumei\4th_Semester\Artificial_Intelligence\final_project\code\FNN/model/2025-01-12/23-51-43/model_0.pth
2025-01-12 23:51:54,763 - INFO - Training for fold 2/10
2025-01-12 23:51:54,876 - INFO - Epoch [1/100], Train Accuracy: 0.3309, Val Accuracy: 0.3556
2025-01-12 23:51:54,963 - INFO - Epoch [2/100], Train Accuracy: 0.3309, Val Accuracy: 0.3556
2025-01-12 23:51:55,054 - INFO - Epoch [3/100], Train Accuracy: 0.3443, Val Accuracy: 0.4310
2025-01-12 23:51:55,152 - INFO - Epoch [4/100], Train Accuracy: 0.5510, Val Accuracy: 0.6192
2025-01-12 23:51:55,256 - INFO - Epoch [5/100], Train Accuracy: 0.6329, Val Accuracy: 0.6025
2025-01-12 23:51:55,365 - INFO - Epoch [6/100], Train Accuracy: 0.6329, Val Accuracy: 0.5816
2025-01-12 23:51:55,465 - INFO - Epoch [7/100], Train Accuracy: 0.6245, Val Accuracy: 0.5732
2025-01-12 23:51:55,583 - INFO - Epoch [8/100], Train Accuracy: 0.6254, Val Accuracy: 0.5774
2025-01-12 23:51:55,688 - INFO - Epoch [9/100], Train Accuracy: 0.6282, Val Accuracy: 0.5774
2025-01-12 23:51:55,792 - INFO - Epoch [10/100], Train Accuracy: 0.6305, Val Accuracy: 0.5816
2025-01-12 23:51:55,891 - INFO - Epoch [11/100], Train Accuracy: 0.6329, Val Accuracy: 0.6067
2025-01-12 23:51:55,981 - INFO - Epoch [12/100], Train Accuracy: 0.6501, Val Accuracy: 0.6025
2025-01-12 23:51:56,072 - INFO - Epoch [13/100], Train Accuracy: 0.6612, Val Accuracy: 0.6109
2025-01-12 23:51:56,168 - INFO - Epoch [14/100], Train Accuracy: 0.6757, Val Accuracy: 0.6318
2025-01-12 23:51:56,272 - INFO - Epoch [15/100], Train Accuracy: 0.6915, Val Accuracy: 0.6485
2025-01-12 23:51:56,373 - INFO - Epoch [16/100], Train Accuracy: 0.7036, Val Accuracy: 0.6569
2025-01-12 23:51:56,467 - INFO - Epoch [17/100], Train Accuracy: 0.7124, Val Accuracy: 0.6611
2025-01-12 23:51:56,570 - INFO - Epoch [18/100], Train Accuracy: 0.7348, Val Accuracy: 0.6569
2025-01-12 23:51:56,666 - INFO - Epoch [19/100], Train Accuracy: 0.7399, Val Accuracy: 0.6736
2025-01-12 23:51:56,762 - INFO - Epoch [20/100], Train Accuracy: 0.7510, Val Accuracy: 0.6778
2025-01-12 23:51:56,865 - INFO - Epoch [21/100], Train Accuracy: 0.7534, Val Accuracy: 0.6778
2025-01-12 23:51:56,995 - INFO - Epoch [22/100], Train Accuracy: 0.7673, Val Accuracy: 0.6736
2025-01-12 23:51:57,097 - INFO - Epoch [23/100], Train Accuracy: 0.7697, Val Accuracy: 0.6820
2025-01-12 23:51:57,205 - INFO - Epoch [24/100], Train Accuracy: 0.7864, Val Accuracy: 0.6904
2025-01-12 23:51:57,385 - INFO - Epoch [25/100], Train Accuracy: 0.7971, Val Accuracy: 0.6946
2025-01-12 23:51:57,516 - INFO - Epoch [26/100], Train Accuracy: 0.8083, Val Accuracy: 0.7197
2025-01-12 23:51:57,642 - INFO - Epoch [27/100], Train Accuracy: 0.8157, Val Accuracy: 0.7238
2025-01-12 23:51:57,764 - INFO - Epoch [28/100], Train Accuracy: 0.8274, Val Accuracy: 0.7322
2025-01-12 23:51:57,870 - INFO - Epoch [29/100], Train Accuracy: 0.8315, Val Accuracy: 0.7406
2025-01-12 23:51:57,964 - INFO - Epoch [30/100], Train Accuracy: 0.8385, Val Accuracy: 0.7490
2025-01-12 23:51:58,061 - INFO - Epoch [31/100], Train Accuracy: 0.8464, Val Accuracy: 0.7573
2025-01-12 23:51:58,157 - INFO - Epoch [32/100], Train Accuracy: 0.8492, Val Accuracy: 0.7657
2025-01-12 23:51:58,244 - INFO - Epoch [33/100], Train Accuracy: 0.8590, Val Accuracy: 0.7782
2025-01-12 23:51:58,342 - INFO - Epoch [34/100], Train Accuracy: 0.8678, Val Accuracy: 0.7824
2025-01-12 23:51:58,432 - INFO - Epoch [35/100], Train Accuracy: 0.8697, Val Accuracy: 0.7866
2025-01-12 23:51:58,529 - INFO - Epoch [36/100], Train Accuracy: 0.8762, Val Accuracy: 0.7950
2025-01-12 23:51:58,617 - INFO - Epoch [37/100], Train Accuracy: 0.8785, Val Accuracy: 0.7950
2025-01-12 23:51:58,700 - INFO - Epoch [38/100], Train Accuracy: 0.8827, Val Accuracy: 0.7950
