2025-01-17 00:28:26,718 - INFO - Training with Vectorized Data 1000 features. Dropout Rate 0.010. Dataset Size 2400. 218 neurons. Leanring Rate 0.0025
2025-01-17 00:28:26,718 - INFO - Training for fold 1/5
2025-01-17 00:28:28,029 - INFO - Epoch [1/100], Train Accuracy: 0.7969, Val Accuracy: 0.8771
2025-01-17 00:28:28,130 - INFO - Epoch [2/100], Train Accuracy: 0.9443, Val Accuracy: 0.9187
2025-01-17 00:28:28,233 - INFO - Epoch [3/100], Train Accuracy: 0.9828, Val Accuracy: 0.9187
2025-01-17 00:28:28,335 - INFO - Epoch [4/100], Train Accuracy: 0.9927, Val Accuracy: 0.9146
2025-01-17 00:28:28,434 - INFO - Epoch [5/100], Train Accuracy: 0.9948, Val Accuracy: 0.9125
2025-01-17 00:28:28,530 - INFO - Epoch [6/100], Train Accuracy: 0.9969, Val Accuracy: 0.9125
2025-01-17 00:28:28,540 - INFO - Fold 1 Validation Accuracy: 0.9125
2025-01-17 00:28:28,540 - INFO - Training for fold 2/5
2025-01-17 00:28:28,649 - INFO - Epoch [1/100], Train Accuracy: 0.7474, Val Accuracy: 0.8979
2025-01-17 00:28:28,745 - INFO - Epoch [2/100], Train Accuracy: 0.9443, Val Accuracy: 0.9375
2025-01-17 00:28:28,842 - INFO - Epoch [3/100], Train Accuracy: 0.9760, Val Accuracy: 0.9396
2025-01-17 00:28:28,943 - INFO - Epoch [4/100], Train Accuracy: 0.9880, Val Accuracy: 0.9396
2025-01-17 00:28:29,038 - INFO - Epoch [5/100], Train Accuracy: 0.9938, Val Accuracy: 0.9396
2025-01-17 00:28:29,140 - INFO - Epoch [6/100], Train Accuracy: 0.9958, Val Accuracy: 0.9437
2025-01-17 00:28:29,239 - INFO - Epoch [7/100], Train Accuracy: 0.9964, Val Accuracy: 0.9396
2025-01-17 00:28:29,249 - INFO - Fold 2 Validation Accuracy: 0.9396
2025-01-17 00:28:29,250 - INFO - Training for fold 3/5
2025-01-17 00:28:29,366 - INFO - Epoch [1/100], Train Accuracy: 0.7552, Val Accuracy: 0.9000
2025-01-17 00:28:29,466 - INFO - Epoch [2/100], Train Accuracy: 0.9505, Val Accuracy: 0.9125
2025-01-17 00:28:29,555 - INFO - Epoch [3/100], Train Accuracy: 0.9792, Val Accuracy: 0.9104
2025-01-17 00:28:29,650 - INFO - Epoch [4/100], Train Accuracy: 0.9906, Val Accuracy: 0.9167
2025-01-17 00:28:29,749 - INFO - Epoch [5/100], Train Accuracy: 0.9953, Val Accuracy: 0.9083
2025-01-17 00:28:29,758 - INFO - Fold 3 Validation Accuracy: 0.9083
2025-01-17 00:28:29,758 - INFO - Training for fold 4/5
2025-01-17 00:28:29,866 - INFO - Epoch [1/100], Train Accuracy: 0.8172, Val Accuracy: 0.9021
2025-01-17 00:28:29,963 - INFO - Epoch [2/100], Train Accuracy: 0.9490, Val Accuracy: 0.9208
2025-01-17 00:28:30,059 - INFO - Epoch [3/100], Train Accuracy: 0.9828, Val Accuracy: 0.9187
2025-01-17 00:28:30,155 - INFO - Epoch [4/100], Train Accuracy: 0.9938, Val Accuracy: 0.9187
2025-01-17 00:28:30,252 - INFO - Epoch [5/100], Train Accuracy: 0.9964, Val Accuracy: 0.9167
2025-01-17 00:28:30,261 - INFO - Fold 4 Validation Accuracy: 0.9167
2025-01-17 00:28:30,261 - INFO - Training for fold 5/5
2025-01-17 00:28:30,365 - INFO - Epoch [1/100], Train Accuracy: 0.8208, Val Accuracy: 0.9000
2025-01-17 00:28:30,469 - INFO - Epoch [2/100], Train Accuracy: 0.9427, Val Accuracy: 0.9313
2025-01-17 00:28:30,567 - INFO - Epoch [3/100], Train Accuracy: 0.9812, Val Accuracy: 0.9292
2025-01-17 00:28:30,668 - INFO - Epoch [4/100], Train Accuracy: 0.9906, Val Accuracy: 0.9229
2025-01-17 00:28:30,766 - INFO - Epoch [5/100], Train Accuracy: 0.9922, Val Accuracy: 0.9229
2025-01-17 00:28:30,863 - INFO - Epoch [6/100], Train Accuracy: 0.9938, Val Accuracy: 0.9229
2025-01-17 00:28:30,965 - INFO - Epoch [7/100], Train Accuracy: 0.9943, Val Accuracy: 0.9250
2025-01-17 00:28:31,063 - INFO - Epoch [8/100], Train Accuracy: 0.9948, Val Accuracy: 0.9229
2025-01-17 00:28:31,159 - INFO - Epoch [9/100], Train Accuracy: 0.9953, Val Accuracy: 0.9229
2025-01-17 00:28:31,171 - INFO - Fold 5 Validation Accuracy: 0.9229
2025-01-17 00:28:31,172 - INFO - Average Validation Accuracy (Over 5 folds): 0.9200 

2025-01-17 00:28:31,296 - INFO - Training with Vectorized Data 1000 features. Dropout Rate 0.060. Dataset Size 2400. 218 neurons. Leanring Rate 0.0025
2025-01-17 00:28:31,297 - INFO - Training for fold 1/5
2025-01-17 00:28:31,405 - INFO - Epoch [1/100], Train Accuracy: 0.7891, Val Accuracy: 0.8854
2025-01-17 00:28:31,504 - INFO - Epoch [2/100], Train Accuracy: 0.9495, Val Accuracy: 0.8938
2025-01-17 00:28:31,605 - INFO - Epoch [3/100], Train Accuracy: 0.9776, Val Accuracy: 0.8938
2025-01-17 00:28:31,703 - INFO - Epoch [4/100], Train Accuracy: 0.9911, Val Accuracy: 0.8875
2025-01-17 00:28:31,802 - INFO - Epoch [5/100], Train Accuracy: 0.9932, Val Accuracy: 0.8875
2025-01-17 00:28:31,898 - INFO - Epoch [6/100], Train Accuracy: 0.9948, Val Accuracy: 0.8875
2025-01-17 00:28:31,995 - INFO - Epoch [7/100], Train Accuracy: 0.9964, Val Accuracy: 0.8833
2025-01-17 00:28:32,004 - INFO - Fold 1 Validation Accuracy: 0.8833
2025-01-17 00:28:32,004 - INFO - Training for fold 2/5
2025-01-17 00:28:32,109 - INFO - Epoch [1/100], Train Accuracy: 0.7635, Val Accuracy: 0.8917
2025-01-17 00:28:32,206 - INFO - Epoch [2/100], Train Accuracy: 0.9448, Val Accuracy: 0.9333
2025-01-17 00:28:32,301 - INFO - Epoch [3/100], Train Accuracy: 0.9802, Val Accuracy: 0.9354
2025-01-17 00:28:32,396 - INFO - Epoch [4/100], Train Accuracy: 0.9901, Val Accuracy: 0.9333
2025-01-17 00:28:32,489 - INFO - Epoch [5/100], Train Accuracy: 0.9948, Val Accuracy: 0.9271
2025-01-17 00:28:32,590 - INFO - Epoch [6/100], Train Accuracy: 0.9969, Val Accuracy: 0.9250
2025-01-17 00:28:32,600 - INFO - Fold 2 Validation Accuracy: 0.9250
2025-01-17 00:28:32,600 - INFO - Training for fold 3/5
2025-01-17 00:28:32,703 - INFO - Epoch [1/100], Train Accuracy: 0.7630, Val Accuracy: 0.8958
2025-01-17 00:28:32,794 - INFO - Epoch [2/100], Train Accuracy: 0.9490, Val Accuracy: 0.9208
2025-01-17 00:28:32,892 - INFO - Epoch [3/100], Train Accuracy: 0.9823, Val Accuracy: 0.9208
2025-01-17 00:28:32,987 - INFO - Epoch [4/100], Train Accuracy: 0.9938, Val Accuracy: 0.9208
2025-01-17 00:28:33,089 - INFO - Epoch [5/100], Train Accuracy: 0.9958, Val Accuracy: 0.9250
2025-01-17 00:28:33,185 - INFO - Epoch [6/100], Train Accuracy: 0.9969, Val Accuracy: 0.9250
2025-01-17 00:28:33,282 - INFO - Epoch [7/100], Train Accuracy: 0.9974, Val Accuracy: 0.9292
2025-01-17 00:28:33,385 - INFO - Epoch [8/100], Train Accuracy: 0.9974, Val Accuracy: 0.9250
2025-01-17 00:28:33,395 - INFO - Fold 3 Validation Accuracy: 0.9250
2025-01-17 00:28:33,395 - INFO - Training for fold 4/5
2025-01-17 00:28:33,507 - INFO - Epoch [1/100], Train Accuracy: 0.7885, Val Accuracy: 0.9000
2025-01-17 00:28:33,612 - INFO - Epoch [2/100], Train Accuracy: 0.9484, Val Accuracy: 0.9125
2025-01-17 00:28:33,707 - INFO - Epoch [3/100], Train Accuracy: 0.9802, Val Accuracy: 0.9229
2025-01-17 00:28:33,806 - INFO - Epoch [4/100], Train Accuracy: 0.9891, Val Accuracy: 0.9187
2025-01-17 00:28:33,904 - INFO - Epoch [5/100], Train Accuracy: 0.9943, Val Accuracy: 0.9208
2025-01-17 00:28:34,007 - INFO - Epoch [6/100], Train Accuracy: 0.9958, Val Accuracy: 0.9187
2025-01-17 00:28:34,017 - INFO - Fold 4 Validation Accuracy: 0.9187
2025-01-17 00:28:34,017 - INFO - Training for fold 5/5
2025-01-17 00:28:34,125 - INFO - Epoch [1/100], Train Accuracy: 0.7443, Val Accuracy: 0.8958
2025-01-17 00:28:34,224 - INFO - Epoch [2/100], Train Accuracy: 0.9464, Val Accuracy: 0.9271
2025-01-17 00:28:34,319 - INFO - Epoch [3/100], Train Accuracy: 0.9792, Val Accuracy: 0.9292
2025-01-17 00:28:34,412 - INFO - Epoch [4/100], Train Accuracy: 0.9927, Val Accuracy: 0.9313
2025-01-17 00:28:34,504 - INFO - Epoch [5/100], Train Accuracy: 0.9958, Val Accuracy: 0.9354
2025-01-17 00:28:34,603 - INFO - Epoch [6/100], Train Accuracy: 0.9964, Val Accuracy: 0.9354
2025-01-17 00:28:34,703 - INFO - Epoch [7/100], Train Accuracy: 0.9969, Val Accuracy: 0.9375
2025-01-17 00:28:34,799 - INFO - Epoch [8/100], Train Accuracy: 0.9974, Val Accuracy: 0.9333
2025-01-17 00:28:34,808 - INFO - Fold 5 Validation Accuracy: 0.9333
2025-01-17 00:28:34,808 - INFO - Average Validation Accuracy (Over 5 folds): 0.9171 

2025-01-17 00:28:34,939 - INFO - Training with Vectorized Data 1000 features. Dropout Rate 0.110. Dataset Size 2400. 218 neurons. Leanring Rate 0.0025
2025-01-17 00:28:34,940 - INFO - Training for fold 1/5
2025-01-17 00:28:35,057 - INFO - Epoch [1/100], Train Accuracy: 0.6854, Val Accuracy: 0.9125
2025-01-17 00:28:35,151 - INFO - Epoch [2/100], Train Accuracy: 0.9391, Val Accuracy: 0.9417
2025-01-17 00:28:35,247 - INFO - Epoch [3/100], Train Accuracy: 0.9766, Val Accuracy: 0.9354
2025-01-17 00:28:35,338 - INFO - Epoch [4/100], Train Accuracy: 0.9870, Val Accuracy: 0.9333
2025-01-17 00:28:35,441 - INFO - Epoch [5/100], Train Accuracy: 0.9938, Val Accuracy: 0.9333
2025-01-17 00:28:35,540 - INFO - Epoch [6/100], Train Accuracy: 0.9964, Val Accuracy: 0.9313
2025-01-17 00:28:35,552 - INFO - Fold 1 Validation Accuracy: 0.9313
2025-01-17 00:28:35,552 - INFO - Training for fold 2/5
2025-01-17 00:28:35,663 - INFO - Epoch [1/100], Train Accuracy: 0.7594, Val Accuracy: 0.8979
2025-01-17 00:28:35,764 - INFO - Epoch [2/100], Train Accuracy: 0.9464, Val Accuracy: 0.9021
2025-01-17 00:28:35,860 - INFO - Epoch [3/100], Train Accuracy: 0.9818, Val Accuracy: 0.9021
2025-01-17 00:28:35,957 - INFO - Epoch [4/100], Train Accuracy: 0.9932, Val Accuracy: 0.8958
2025-01-17 00:28:36,054 - INFO - Epoch [5/100], Train Accuracy: 0.9953, Val Accuracy: 0.8917
2025-01-17 00:28:36,064 - INFO - Fold 2 Validation Accuracy: 0.8917
2025-01-17 00:28:36,064 - INFO - Training for fold 3/5
2025-01-17 00:28:36,170 - INFO - Epoch [1/100], Train Accuracy: 0.7693, Val Accuracy: 0.8708
2025-01-17 00:28:36,273 - INFO - Epoch [2/100], Train Accuracy: 0.9479, Val Accuracy: 0.8938
2025-01-17 00:28:36,369 - INFO - Epoch [3/100], Train Accuracy: 0.9839, Val Accuracy: 0.8875
2025-01-17 00:28:36,462 - INFO - Epoch [4/100], Train Accuracy: 0.9922, Val Accuracy: 0.8896
2025-01-17 00:28:36,562 - INFO - Epoch [5/100], Train Accuracy: 0.9964, Val Accuracy: 0.8854
2025-01-17 00:28:36,572 - INFO - Fold 3 Validation Accuracy: 0.8854
2025-01-17 00:28:36,572 - INFO - Training for fold 4/5
2025-01-17 00:28:36,682 - INFO - Epoch [1/100], Train Accuracy: 0.7245, Val Accuracy: 0.8833
2025-01-17 00:28:36,779 - INFO - Epoch [2/100], Train Accuracy: 0.9427, Val Accuracy: 0.9167
2025-01-17 00:28:36,874 - INFO - Epoch [3/100], Train Accuracy: 0.9797, Val Accuracy: 0.9187
2025-01-17 00:28:36,976 - INFO - Epoch [4/100], Train Accuracy: 0.9911, Val Accuracy: 0.9208
2025-01-17 00:28:37,077 - INFO - Epoch [5/100], Train Accuracy: 0.9948, Val Accuracy: 0.9187
2025-01-17 00:28:37,176 - INFO - Epoch [6/100], Train Accuracy: 0.9958, Val Accuracy: 0.9146
2025-01-17 00:28:37,189 - INFO - Fold 4 Validation Accuracy: 0.9146
2025-01-17 00:28:37,189 - INFO - Training for fold 5/5
2025-01-17 00:28:37,297 - INFO - Epoch [1/100], Train Accuracy: 0.7469, Val Accuracy: 0.9021
2025-01-17 00:28:37,394 - INFO - Epoch [2/100], Train Accuracy: 0.9396, Val Accuracy: 0.9146
2025-01-17 00:28:37,493 - INFO - Epoch [3/100], Train Accuracy: 0.9766, Val Accuracy: 0.9292
2025-01-17 00:28:37,593 - INFO - Epoch [4/100], Train Accuracy: 0.9885, Val Accuracy: 0.9313
2025-01-17 00:28:37,691 - INFO - Epoch [5/100], Train Accuracy: 0.9948, Val Accuracy: 0.9375
2025-01-17 00:28:37,804 - INFO - Epoch [6/100], Train Accuracy: 0.9964, Val Accuracy: 0.9229
2025-01-17 00:28:37,829 - INFO - Fold 5 Validation Accuracy: 0.9229
2025-01-17 00:28:37,829 - INFO - Average Validation Accuracy (Over 5 folds): 0.9092 

2025-01-17 00:28:38,009 - INFO - Training with Vectorized Data 1000 features. Dropout Rate 0.160. Dataset Size 2400. 218 neurons. Leanring Rate 0.0025
2025-01-17 00:28:38,010 - INFO - Training for fold 1/5
2025-01-17 00:28:38,136 - INFO - Epoch [1/100], Train Accuracy: 0.7542, Val Accuracy: 0.9187
2025-01-17 00:28:38,237 - INFO - Epoch [2/100], Train Accuracy: 0.9411, Val Accuracy: 0.9437
2025-01-17 00:28:38,334 - INFO - Epoch [3/100], Train Accuracy: 0.9797, Val Accuracy: 0.9500
2025-01-17 00:28:38,434 - INFO - Epoch [4/100], Train Accuracy: 0.9901, Val Accuracy: 0.9437
2025-01-17 00:28:38,537 - INFO - Epoch [5/100], Train Accuracy: 0.9932, Val Accuracy: 0.9396
2025-01-17 00:28:38,639 - INFO - Epoch [6/100], Train Accuracy: 0.9943, Val Accuracy: 0.9396
2025-01-17 00:28:38,741 - INFO - Epoch [7/100], Train Accuracy: 0.9953, Val Accuracy: 0.9396
2025-01-17 00:28:38,753 - INFO - Fold 1 Validation Accuracy: 0.9396
2025-01-17 00:28:38,754 - INFO - Training for fold 2/5
2025-01-17 00:28:38,868 - INFO - Epoch [1/100], Train Accuracy: 0.8141, Val Accuracy: 0.8604
2025-01-17 00:28:38,970 - INFO - Epoch [2/100], Train Accuracy: 0.9484, Val Accuracy: 0.9083
2025-01-17 00:28:39,071 - INFO - Epoch [3/100], Train Accuracy: 0.9823, Val Accuracy: 0.9167
2025-01-17 00:28:39,175 - INFO - Epoch [4/100], Train Accuracy: 0.9901, Val Accuracy: 0.9187
2025-01-17 00:28:39,281 - INFO - Epoch [5/100], Train Accuracy: 0.9938, Val Accuracy: 0.9208
2025-01-17 00:28:39,380 - INFO - Epoch [6/100], Train Accuracy: 0.9953, Val Accuracy: 0.9146
2025-01-17 00:28:39,391 - INFO - Fold 2 Validation Accuracy: 0.9146
2025-01-17 00:28:39,391 - INFO - Training for fold 3/5
2025-01-17 00:28:39,503 - INFO - Epoch [1/100], Train Accuracy: 0.8000, Val Accuracy: 0.8875
2025-01-17 00:28:39,604 - INFO - Epoch [2/100], Train Accuracy: 0.9443, Val Accuracy: 0.9021
2025-01-17 00:28:39,708 - INFO - Epoch [3/100], Train Accuracy: 0.9818, Val Accuracy: 0.9021
2025-01-17 00:28:39,804 - INFO - Epoch [4/100], Train Accuracy: 0.9906, Val Accuracy: 0.8979
2025-01-17 00:28:39,908 - INFO - Epoch [5/100], Train Accuracy: 0.9943, Val Accuracy: 0.8938
2025-01-17 00:28:40,033 - INFO - Epoch [6/100], Train Accuracy: 0.9964, Val Accuracy: 0.8958
2025-01-17 00:28:40,048 - INFO - Fold 3 Validation Accuracy: 0.8958
2025-01-17 00:28:40,048 - INFO - Training for fold 4/5
2025-01-17 00:28:40,169 - INFO - Epoch [1/100], Train Accuracy: 0.8089, Val Accuracy: 0.8625
2025-01-17 00:28:40,284 - INFO - Epoch [2/100], Train Accuracy: 0.9458, Val Accuracy: 0.9125
2025-01-17 00:28:40,397 - INFO - Epoch [3/100], Train Accuracy: 0.9786, Val Accuracy: 0.9042
2025-01-17 00:28:40,508 - INFO - Epoch [4/100], Train Accuracy: 0.9948, Val Accuracy: 0.9167
2025-01-17 00:28:40,609 - INFO - Epoch [5/100], Train Accuracy: 0.9953, Val Accuracy: 0.9167
2025-01-17 00:28:40,708 - INFO - Epoch [6/100], Train Accuracy: 0.9979, Val Accuracy: 0.9146
2025-01-17 00:28:40,804 - INFO - Epoch [7/100], Train Accuracy: 0.9979, Val Accuracy: 0.9146
2025-01-17 00:28:40,908 - INFO - Epoch [8/100], Train Accuracy: 0.9979, Val Accuracy: 0.9083
2025-01-17 00:28:40,918 - INFO - Fold 4 Validation Accuracy: 0.9083
2025-01-17 00:28:40,919 - INFO - Training for fold 5/5
2025-01-17 00:28:41,034 - INFO - Epoch [1/100], Train Accuracy: 0.8000, Val Accuracy: 0.8958
2025-01-17 00:28:41,134 - INFO - Epoch [2/100], Train Accuracy: 0.9437, Val Accuracy: 0.9271
2025-01-17 00:28:41,241 - INFO - Epoch [3/100], Train Accuracy: 0.9766, Val Accuracy: 0.9229
2025-01-17 00:28:41,341 - INFO - Epoch [4/100], Train Accuracy: 0.9906, Val Accuracy: 0.9167
2025-01-17 00:28:41,440 - INFO - Epoch [5/100], Train Accuracy: 0.9958, Val Accuracy: 0.9208
2025-01-17 00:28:41,453 - INFO - Fold 5 Validation Accuracy: 0.9208
2025-01-17 00:28:41,454 - INFO - Average Validation Accuracy (Over 5 folds): 0.9158 

2025-01-17 00:28:41,574 - INFO - Training with Vectorized Data 1000 features. Dropout Rate 0.210. Dataset Size 2400. 218 neurons. Leanring Rate 0.0025
2025-01-17 00:28:41,574 - INFO - Training for fold 1/5
2025-01-17 00:28:41,683 - INFO - Epoch [1/100], Train Accuracy: 0.7828, Val Accuracy: 0.8958
2025-01-17 00:28:41,783 - INFO - Epoch [2/100], Train Accuracy: 0.9422, Val Accuracy: 0.9292
2025-01-17 00:28:41,878 - INFO - Epoch [3/100], Train Accuracy: 0.9802, Val Accuracy: 0.9333
2025-01-17 00:28:41,973 - INFO - Epoch [4/100], Train Accuracy: 0.9906, Val Accuracy: 0.9250
2025-01-17 00:28:42,073 - INFO - Epoch [5/100], Train Accuracy: 0.9958, Val Accuracy: 0.9313
2025-01-17 00:28:42,179 - INFO - Epoch [6/100], Train Accuracy: 0.9974, Val Accuracy: 0.9313
2025-01-17 00:28:42,276 - INFO - Epoch [7/100], Train Accuracy: 0.9979, Val Accuracy: 0.9229
2025-01-17 00:28:42,287 - INFO - Fold 1 Validation Accuracy: 0.9229
2025-01-17 00:28:42,287 - INFO - Training for fold 2/5
2025-01-17 00:28:42,398 - INFO - Epoch [1/100], Train Accuracy: 0.8010, Val Accuracy: 0.8604
2025-01-17 00:28:42,492 - INFO - Epoch [2/100], Train Accuracy: 0.9516, Val Accuracy: 0.8896
2025-01-17 00:28:42,584 - INFO - Epoch [3/100], Train Accuracy: 0.9849, Val Accuracy: 0.8938
2025-01-17 00:28:42,671 - INFO - Epoch [4/100], Train Accuracy: 0.9938, Val Accuracy: 0.8875
2025-01-17 00:28:42,772 - INFO - Epoch [5/100], Train Accuracy: 0.9953, Val Accuracy: 0.8854
2025-01-17 00:28:42,781 - INFO - Fold 2 Validation Accuracy: 0.8854
2025-01-17 00:28:42,781 - INFO - Training for fold 3/5
2025-01-17 00:28:42,887 - INFO - Epoch [1/100], Train Accuracy: 0.7979, Val Accuracy: 0.9062
2025-01-17 00:28:42,994 - INFO - Epoch [2/100], Train Accuracy: 0.9469, Val Accuracy: 0.9250
2025-01-17 00:28:43,096 - INFO - Epoch [3/100], Train Accuracy: 0.9797, Val Accuracy: 0.9250
2025-01-17 00:28:43,197 - INFO - Epoch [4/100], Train Accuracy: 0.9927, Val Accuracy: 0.9354
2025-01-17 00:28:43,297 - INFO - Epoch [5/100], Train Accuracy: 0.9943, Val Accuracy: 0.9313
2025-01-17 00:28:43,389 - INFO - Epoch [6/100], Train Accuracy: 0.9969, Val Accuracy: 0.9292
2025-01-17 00:28:43,399 - INFO - Fold 3 Validation Accuracy: 0.9292
2025-01-17 00:28:43,399 - INFO - Training for fold 4/5
2025-01-17 00:28:43,511 - INFO - Epoch [1/100], Train Accuracy: 0.7083, Val Accuracy: 0.8875
2025-01-17 00:28:43,613 - INFO - Epoch [2/100], Train Accuracy: 0.9401, Val Accuracy: 0.9146
2025-01-17 00:28:43,713 - INFO - Epoch [3/100], Train Accuracy: 0.9802, Val Accuracy: 0.9104
2025-01-17 00:28:43,813 - INFO - Epoch [4/100], Train Accuracy: 0.9911, Val Accuracy: 0.9104
2025-01-17 00:28:43,907 - INFO - Epoch [5/100], Train Accuracy: 0.9938, Val Accuracy: 0.9062
2025-01-17 00:28:43,991 - INFO - Epoch [6/100], Train Accuracy: 0.9969, Val Accuracy: 0.9104
2025-01-17 00:28:44,000 - INFO - Fold 4 Validation Accuracy: 0.9104
2025-01-17 00:28:44,000 - INFO - Training for fold 5/5
2025-01-17 00:28:44,109 - INFO - Epoch [1/100], Train Accuracy: 0.7703, Val Accuracy: 0.8958
2025-01-17 00:28:44,209 - INFO - Epoch [2/100], Train Accuracy: 0.9453, Val Accuracy: 0.9187
2025-01-17 00:28:44,309 - INFO - Epoch [3/100], Train Accuracy: 0.9766, Val Accuracy: 0.9271
2025-01-17 00:28:44,409 - INFO - Epoch [4/100], Train Accuracy: 0.9891, Val Accuracy: 0.9354
2025-01-17 00:28:44,494 - INFO - Epoch [5/100], Train Accuracy: 0.9932, Val Accuracy: 0.9375
2025-01-17 00:28:44,584 - INFO - Epoch [6/100], Train Accuracy: 0.9953, Val Accuracy: 0.9396
2025-01-17 00:28:44,680 - INFO - Epoch [7/100], Train Accuracy: 0.9958, Val Accuracy: 0.9417
2025-01-17 00:28:44,778 - INFO - Epoch [8/100], Train Accuracy: 0.9958, Val Accuracy: 0.9417
2025-01-17 00:28:44,872 - INFO - Epoch [9/100], Train Accuracy: 0.9958, Val Accuracy: 0.9375
2025-01-17 00:28:44,881 - INFO - Fold 5 Validation Accuracy: 0.9375
2025-01-17 00:28:44,882 - INFO - Average Validation Accuracy (Over 5 folds): 0.9171 

2025-01-17 00:28:45,022 - INFO - Training with Vectorized Data 1000 features. Dropout Rate 0.260. Dataset Size 2400. 218 neurons. Leanring Rate 0.0025
2025-01-17 00:28:45,022 - INFO - Training for fold 1/5
2025-01-17 00:28:45,131 - INFO - Epoch [1/100], Train Accuracy: 0.8104, Val Accuracy: 0.9125
2025-01-17 00:28:45,229 - INFO - Epoch [2/100], Train Accuracy: 0.9432, Val Accuracy: 0.9229
2025-01-17 00:28:45,333 - INFO - Epoch [3/100], Train Accuracy: 0.9818, Val Accuracy: 0.9333
2025-01-17 00:28:45,424 - INFO - Epoch [4/100], Train Accuracy: 0.9932, Val Accuracy: 0.9375
2025-01-17 00:28:45,514 - INFO - Epoch [5/100], Train Accuracy: 0.9958, Val Accuracy: 0.9333
2025-01-17 00:28:45,525 - INFO - Fold 1 Validation Accuracy: 0.9333
2025-01-17 00:28:45,525 - INFO - Training for fold 2/5
2025-01-17 00:28:45,631 - INFO - Epoch [1/100], Train Accuracy: 0.7948, Val Accuracy: 0.8854
2025-01-17 00:28:45,734 - INFO - Epoch [2/100], Train Accuracy: 0.9432, Val Accuracy: 0.9083
2025-01-17 00:28:45,831 - INFO - Epoch [3/100], Train Accuracy: 0.9818, Val Accuracy: 0.9083
2025-01-17 00:28:45,929 - INFO - Epoch [4/100], Train Accuracy: 0.9901, Val Accuracy: 0.9104
2025-01-17 00:28:46,029 - INFO - Epoch [5/100], Train Accuracy: 0.9932, Val Accuracy: 0.9062
2025-01-17 00:28:46,128 - INFO - Epoch [6/100], Train Accuracy: 0.9948, Val Accuracy: 0.9104
2025-01-17 00:28:46,225 - INFO - Epoch [7/100], Train Accuracy: 0.9964, Val Accuracy: 0.9083
2025-01-17 00:28:46,313 - INFO - Epoch [8/100], Train Accuracy: 0.9969, Val Accuracy: 0.9042
2025-01-17 00:28:46,327 - INFO - Fold 2 Validation Accuracy: 0.9042
2025-01-17 00:28:46,327 - INFO - Training for fold 3/5
2025-01-17 00:28:46,451 - INFO - Epoch [1/100], Train Accuracy: 0.7870, Val Accuracy: 0.8708
2025-01-17 00:28:46,554 - INFO - Epoch [2/100], Train Accuracy: 0.9411, Val Accuracy: 0.9104
2025-01-17 00:28:46,660 - INFO - Epoch [3/100], Train Accuracy: 0.9802, Val Accuracy: 0.9229
2025-01-17 00:28:46,764 - INFO - Epoch [4/100], Train Accuracy: 0.9901, Val Accuracy: 0.9187
2025-01-17 00:28:46,867 - INFO - Epoch [5/100], Train Accuracy: 0.9927, Val Accuracy: 0.9187
2025-01-17 00:28:46,973 - INFO - Epoch [6/100], Train Accuracy: 0.9964, Val Accuracy: 0.9125
2025-01-17 00:28:46,982 - INFO - Fold 3 Validation Accuracy: 0.9125
2025-01-17 00:28:46,982 - INFO - Training for fold 4/5
2025-01-17 00:28:47,104 - INFO - Epoch [1/100], Train Accuracy: 0.8115, Val Accuracy: 0.8875
2025-01-17 00:28:47,210 - INFO - Epoch [2/100], Train Accuracy: 0.9396, Val Accuracy: 0.9313
2025-01-17 00:28:47,316 - INFO - Epoch [3/100], Train Accuracy: 0.9802, Val Accuracy: 0.9229
2025-01-17 00:28:47,418 - INFO - Epoch [4/100], Train Accuracy: 0.9911, Val Accuracy: 0.9187
2025-01-17 00:28:47,506 - INFO - Epoch [5/100], Train Accuracy: 0.9938, Val Accuracy: 0.9208
2025-01-17 00:28:47,600 - INFO - Epoch [6/100], Train Accuracy: 0.9953, Val Accuracy: 0.9187
2025-01-17 00:28:47,610 - INFO - Fold 4 Validation Accuracy: 0.9187
2025-01-17 00:28:47,611 - INFO - Training for fold 5/5
2025-01-17 00:28:47,713 - INFO - Epoch [1/100], Train Accuracy: 0.7948, Val Accuracy: 0.8917
2025-01-17 00:28:47,818 - INFO - Epoch [2/100], Train Accuracy: 0.9422, Val Accuracy: 0.9146
2025-01-17 00:28:47,905 - INFO - Epoch [3/100], Train Accuracy: 0.9833, Val Accuracy: 0.9229
2025-01-17 00:28:48,000 - INFO - Epoch [4/100], Train Accuracy: 0.9917, Val Accuracy: 0.9229
2025-01-17 00:28:48,103 - INFO - Epoch [5/100], Train Accuracy: 0.9938, Val Accuracy: 0.9208
2025-01-17 00:28:48,209 - INFO - Epoch [6/100], Train Accuracy: 0.9974, Val Accuracy: 0.9229
2025-01-17 00:28:48,295 - INFO - Epoch [7/100], Train Accuracy: 0.9984, Val Accuracy: 0.9208
2025-01-17 00:28:48,398 - INFO - Epoch [8/100], Train Accuracy: 0.9990, Val Accuracy: 0.9208
2025-01-17 00:28:48,502 - INFO - Epoch [9/100], Train Accuracy: 0.9990, Val Accuracy: 0.9187
2025-01-17 00:28:48,516 - INFO - Fold 5 Validation Accuracy: 0.9187
2025-01-17 00:28:48,516 - INFO - Average Validation Accuracy (Over 5 folds): 0.9175 

2025-01-17 00:28:48,640 - INFO - Training with Vectorized Data 1000 features. Dropout Rate 0.310. Dataset Size 2400. 218 neurons. Leanring Rate 0.0025
2025-01-17 00:28:48,640 - INFO - Training for fold 1/5
2025-01-17 00:28:48,758 - INFO - Epoch [1/100], Train Accuracy: 0.7839, Val Accuracy: 0.8958
2025-01-17 00:28:48,864 - INFO - Epoch [2/100], Train Accuracy: 0.9469, Val Accuracy: 0.9187
2025-01-17 00:28:48,953 - INFO - Epoch [3/100], Train Accuracy: 0.9828, Val Accuracy: 0.9146
2025-01-17 00:28:49,060 - INFO - Epoch [4/100], Train Accuracy: 0.9911, Val Accuracy: 0.9083
2025-01-17 00:28:49,165 - INFO - Epoch [5/100], Train Accuracy: 0.9948, Val Accuracy: 0.9083
2025-01-17 00:28:49,268 - INFO - Epoch [6/100], Train Accuracy: 0.9953, Val Accuracy: 0.9125
2025-01-17 00:28:49,278 - INFO - Fold 1 Validation Accuracy: 0.9125
2025-01-17 00:28:49,279 - INFO - Training for fold 2/5
2025-01-17 00:28:49,388 - INFO - Epoch [1/100], Train Accuracy: 0.7776, Val Accuracy: 0.8688
2025-01-17 00:28:49,476 - INFO - Epoch [2/100], Train Accuracy: 0.9479, Val Accuracy: 0.9125
2025-01-17 00:28:49,582 - INFO - Epoch [3/100], Train Accuracy: 0.9750, Val Accuracy: 0.9125
2025-01-17 00:28:49,686 - INFO - Epoch [4/100], Train Accuracy: 0.9880, Val Accuracy: 0.9187
2025-01-17 00:28:49,777 - INFO - Epoch [5/100], Train Accuracy: 0.9932, Val Accuracy: 0.9187
2025-01-17 00:28:49,878 - INFO - Epoch [6/100], Train Accuracy: 0.9969, Val Accuracy: 0.9083
2025-01-17 00:28:49,888 - INFO - Fold 2 Validation Accuracy: 0.9083
2025-01-17 00:28:49,889 - INFO - Training for fold 3/5
2025-01-17 00:28:50,004 - INFO - Epoch [1/100], Train Accuracy: 0.7714, Val Accuracy: 0.8979
2025-01-17 00:28:50,110 - INFO - Epoch [2/100], Train Accuracy: 0.9469, Val Accuracy: 0.9167
2025-01-17 00:28:50,214 - INFO - Epoch [3/100], Train Accuracy: 0.9833, Val Accuracy: 0.9187
2025-01-17 00:28:50,322 - INFO - Epoch [4/100], Train Accuracy: 0.9911, Val Accuracy: 0.9104
2025-01-17 00:28:50,411 - INFO - Epoch [5/100], Train Accuracy: 0.9958, Val Accuracy: 0.9083
2025-01-17 00:28:50,422 - INFO - Fold 3 Validation Accuracy: 0.9083
2025-01-17 00:28:50,422 - INFO - Training for fold 4/5
2025-01-17 00:28:50,533 - INFO - Epoch [1/100], Train Accuracy: 0.7734, Val Accuracy: 0.8979
2025-01-17 00:28:50,632 - INFO - Epoch [2/100], Train Accuracy: 0.9401, Val Accuracy: 0.9417
2025-01-17 00:28:50,735 - INFO - Epoch [3/100], Train Accuracy: 0.9755, Val Accuracy: 0.9396
2025-01-17 00:28:50,833 - INFO - Epoch [4/100], Train Accuracy: 0.9885, Val Accuracy: 0.9375
2025-01-17 00:28:50,927 - INFO - Epoch [5/100], Train Accuracy: 0.9938, Val Accuracy: 0.9333
2025-01-17 00:28:51,035 - INFO - Epoch [6/100], Train Accuracy: 0.9964, Val Accuracy: 0.9333
2025-01-17 00:28:51,044 - INFO - Fold 4 Validation Accuracy: 0.9333
2025-01-17 00:28:51,044 - INFO - Training for fold 5/5
2025-01-17 00:28:51,156 - INFO - Epoch [1/100], Train Accuracy: 0.7583, Val Accuracy: 0.9000
2025-01-17 00:28:51,263 - INFO - Epoch [2/100], Train Accuracy: 0.9427, Val Accuracy: 0.9146
2025-01-17 00:28:51,366 - INFO - Epoch [3/100], Train Accuracy: 0.9781, Val Accuracy: 0.9417
2025-01-17 00:28:51,453 - INFO - Epoch [4/100], Train Accuracy: 0.9917, Val Accuracy: 0.9354
2025-01-17 00:28:51,554 - INFO - Epoch [5/100], Train Accuracy: 0.9964, Val Accuracy: 0.9333
2025-01-17 00:28:51,565 - INFO - Fold 5 Validation Accuracy: 0.9333
2025-01-17 00:28:51,565 - INFO - Average Validation Accuracy (Over 5 folds): 0.9192 

2025-01-17 00:28:51,689 - INFO - Training with Vectorized Data 1000 features. Dropout Rate 0.360. Dataset Size 2400. 218 neurons. Leanring Rate 0.0025
2025-01-17 00:28:51,689 - INFO - Training for fold 1/5
2025-01-17 00:28:51,804 - INFO - Epoch [1/100], Train Accuracy: 0.7490, Val Accuracy: 0.9000
2025-01-17 00:28:51,903 - INFO - Epoch [2/100], Train Accuracy: 0.9422, Val Accuracy: 0.9208
2025-01-17 00:28:51,993 - INFO - Epoch [3/100], Train Accuracy: 0.9771, Val Accuracy: 0.9229
2025-01-17 00:28:52,097 - INFO - Epoch [4/100], Train Accuracy: 0.9891, Val Accuracy: 0.9229
2025-01-17 00:28:52,198 - INFO - Epoch [5/100], Train Accuracy: 0.9922, Val Accuracy: 0.9292
2025-01-17 00:28:52,297 - INFO - Epoch [6/100], Train Accuracy: 0.9943, Val Accuracy: 0.9250
2025-01-17 00:28:52,402 - INFO - Epoch [7/100], Train Accuracy: 0.9958, Val Accuracy: 0.9271
2025-01-17 00:28:52,510 - INFO - Epoch [8/100], Train Accuracy: 0.9958, Val Accuracy: 0.9229
2025-01-17 00:28:52,521 - INFO - Fold 1 Validation Accuracy: 0.9229
2025-01-17 00:28:52,521 - INFO - Training for fold 2/5
2025-01-17 00:28:52,634 - INFO - Epoch [1/100], Train Accuracy: 0.7865, Val Accuracy: 0.8792
2025-01-17 00:28:52,737 - INFO - Epoch [2/100], Train Accuracy: 0.9427, Val Accuracy: 0.9250
2025-01-17 00:28:52,826 - INFO - Epoch [3/100], Train Accuracy: 0.9755, Val Accuracy: 0.9271
2025-01-17 00:28:52,919 - INFO - Epoch [4/100], Train Accuracy: 0.9906, Val Accuracy: 0.9313
2025-01-17 00:28:53,024 - INFO - Epoch [5/100], Train Accuracy: 0.9953, Val Accuracy: 0.9292
2025-01-17 00:28:53,129 - INFO - Epoch [6/100], Train Accuracy: 0.9969, Val Accuracy: 0.9229
2025-01-17 00:28:53,143 - INFO - Fold 2 Validation Accuracy: 0.9229
2025-01-17 00:28:53,143 - INFO - Training for fold 3/5
2025-01-17 00:28:53,248 - INFO - Epoch [1/100], Train Accuracy: 0.7443, Val Accuracy: 0.9000
2025-01-17 00:28:53,347 - INFO - Epoch [2/100], Train Accuracy: 0.9516, Val Accuracy: 0.9187
2025-01-17 00:28:53,445 - INFO - Epoch [3/100], Train Accuracy: 0.9823, Val Accuracy: 0.9229
2025-01-17 00:28:53,545 - INFO - Epoch [4/100], Train Accuracy: 0.9906, Val Accuracy: 0.9187
2025-01-17 00:28:53,639 - INFO - Epoch [5/100], Train Accuracy: 0.9969, Val Accuracy: 0.9229
2025-01-17 00:28:53,737 - INFO - Epoch [6/100], Train Accuracy: 0.9990, Val Accuracy: 0.9229
2025-01-17 00:28:53,832 - INFO - Epoch [7/100], Train Accuracy: 0.9990, Val Accuracy: 0.9229
2025-01-17 00:28:53,930 - INFO - Epoch [8/100], Train Accuracy: 0.9990, Val Accuracy: 0.9187
2025-01-17 00:28:53,940 - INFO - Fold 3 Validation Accuracy: 0.9187
2025-01-17 00:28:53,940 - INFO - Training for fold 4/5
2025-01-17 00:28:54,050 - INFO - Epoch [1/100], Train Accuracy: 0.8016, Val Accuracy: 0.8812
2025-01-17 00:28:54,150 - INFO - Epoch [2/100], Train Accuracy: 0.9401, Val Accuracy: 0.8958
2025-01-17 00:28:54,253 - INFO - Epoch [3/100], Train Accuracy: 0.9807, Val Accuracy: 0.9125
2025-01-17 00:28:54,348 - INFO - Epoch [4/100], Train Accuracy: 0.9917, Val Accuracy: 0.9104
2025-01-17 00:28:54,455 - INFO - Epoch [5/100], Train Accuracy: 0.9964, Val Accuracy: 0.9000
2025-01-17 00:28:54,465 - INFO - Fold 4 Validation Accuracy: 0.9000
2025-01-17 00:28:54,465 - INFO - Training for fold 5/5
2025-01-17 00:28:54,576 - INFO - Epoch [1/100], Train Accuracy: 0.7422, Val Accuracy: 0.9187
2025-01-17 00:28:54,677 - INFO - Epoch [2/100], Train Accuracy: 0.9448, Val Accuracy: 0.9292
2025-01-17 00:28:54,778 - INFO - Epoch [3/100], Train Accuracy: 0.9771, Val Accuracy: 0.9354
2025-01-17 00:28:54,880 - INFO - Epoch [4/100], Train Accuracy: 0.9906, Val Accuracy: 0.9292
2025-01-17 00:28:54,984 - INFO - Epoch [5/100], Train Accuracy: 0.9948, Val Accuracy: 0.9333
2025-01-17 00:28:55,088 - INFO - Epoch [6/100], Train Accuracy: 0.9964, Val Accuracy: 0.9292
2025-01-17 00:28:55,099 - INFO - Fold 5 Validation Accuracy: 0.9292
2025-01-17 00:28:55,099 - INFO - Average Validation Accuracy (Over 5 folds): 0.9187 

2025-01-17 00:28:55,214 - INFO - Training with Vectorized Data 1000 features. Dropout Rate 0.410. Dataset Size 2400. 218 neurons. Leanring Rate 0.0025
2025-01-17 00:28:55,214 - INFO - Training for fold 1/5
2025-01-17 00:28:55,326 - INFO - Epoch [1/100], Train Accuracy: 0.7427, Val Accuracy: 0.9083
2025-01-17 00:28:55,426 - INFO - Epoch [2/100], Train Accuracy: 0.9401, Val Accuracy: 0.9479
2025-01-17 00:28:55,529 - INFO - Epoch [3/100], Train Accuracy: 0.9781, Val Accuracy: 0.9396
2025-01-17 00:28:55,623 - INFO - Epoch [4/100], Train Accuracy: 0.9911, Val Accuracy: 0.9417
2025-01-17 00:28:55,722 - INFO - Epoch [5/100], Train Accuracy: 0.9964, Val Accuracy: 0.9437
2025-01-17 00:28:55,732 - INFO - Fold 1 Validation Accuracy: 0.9437
2025-01-17 00:28:55,732 - INFO - Training for fold 2/5
2025-01-17 00:28:55,843 - INFO - Epoch [1/100], Train Accuracy: 0.7802, Val Accuracy: 0.8958
2025-01-17 00:28:55,944 - INFO - Epoch [2/100], Train Accuracy: 0.9422, Val Accuracy: 0.9271
2025-01-17 00:28:56,044 - INFO - Epoch [3/100], Train Accuracy: 0.9771, Val Accuracy: 0.9187
2025-01-17 00:28:56,142 - INFO - Epoch [4/100], Train Accuracy: 0.9901, Val Accuracy: 0.9146
2025-01-17 00:28:56,245 - INFO - Epoch [5/100], Train Accuracy: 0.9958, Val Accuracy: 0.9187
2025-01-17 00:28:56,255 - INFO - Fold 2 Validation Accuracy: 0.9187
2025-01-17 00:28:56,255 - INFO - Training for fold 3/5
2025-01-17 00:28:56,364 - INFO - Epoch [1/100], Train Accuracy: 0.7729, Val Accuracy: 0.8896
2025-01-17 00:28:56,470 - INFO - Epoch [2/100], Train Accuracy: 0.9427, Val Accuracy: 0.9167
2025-01-17 00:28:56,573 - INFO - Epoch [3/100], Train Accuracy: 0.9786, Val Accuracy: 0.9271
2025-01-17 00:28:56,674 - INFO - Epoch [4/100], Train Accuracy: 0.9906, Val Accuracy: 0.9292
2025-01-17 00:28:56,771 - INFO - Epoch [5/100], Train Accuracy: 0.9938, Val Accuracy: 0.9417
2025-01-17 00:28:56,871 - INFO - Epoch [6/100], Train Accuracy: 0.9958, Val Accuracy: 0.9375
2025-01-17 00:28:56,881 - INFO - Fold 3 Validation Accuracy: 0.9375
2025-01-17 00:28:56,881 - INFO - Training for fold 4/5
2025-01-17 00:28:56,998 - INFO - Epoch [1/100], Train Accuracy: 0.7615, Val Accuracy: 0.8854
2025-01-17 00:28:57,105 - INFO - Epoch [2/100], Train Accuracy: 0.9427, Val Accuracy: 0.8958
2025-01-17 00:28:57,207 - INFO - Epoch [3/100], Train Accuracy: 0.9818, Val Accuracy: 0.9000
2025-01-17 00:28:57,304 - INFO - Epoch [4/100], Train Accuracy: 0.9927, Val Accuracy: 0.9042
2025-01-17 00:28:57,404 - INFO - Epoch [5/100], Train Accuracy: 0.9969, Val Accuracy: 0.9083
2025-01-17 00:28:57,508 - INFO - Epoch [6/100], Train Accuracy: 0.9979, Val Accuracy: 0.9083
2025-01-17 00:28:57,607 - INFO - Epoch [7/100], Train Accuracy: 0.9979, Val Accuracy: 0.9062
2025-01-17 00:28:57,709 - INFO - Epoch [8/100], Train Accuracy: 0.9979, Val Accuracy: 0.9062
2025-01-17 00:28:57,809 - INFO - Epoch [9/100], Train Accuracy: 0.9979, Val Accuracy: 0.9042
2025-01-17 00:28:57,820 - INFO - Fold 4 Validation Accuracy: 0.9042
2025-01-17 00:28:57,821 - INFO - Training for fold 5/5
2025-01-17 00:28:57,934 - INFO - Epoch [1/100], Train Accuracy: 0.7953, Val Accuracy: 0.8833
2025-01-17 00:28:58,034 - INFO - Epoch [2/100], Train Accuracy: 0.9453, Val Accuracy: 0.9167
2025-01-17 00:28:58,131 - INFO - Epoch [3/100], Train Accuracy: 0.9776, Val Accuracy: 0.9271
2025-01-17 00:28:58,232 - INFO - Epoch [4/100], Train Accuracy: 0.9891, Val Accuracy: 0.9354
2025-01-17 00:28:58,336 - INFO - Epoch [5/100], Train Accuracy: 0.9932, Val Accuracy: 0.9313
2025-01-17 00:28:58,426 - INFO - Epoch [6/100], Train Accuracy: 0.9964, Val Accuracy: 0.9292
2025-01-17 00:28:58,436 - INFO - Fold 5 Validation Accuracy: 0.9292
2025-01-17 00:28:58,436 - INFO - Average Validation Accuracy (Over 5 folds): 0.9267 

2025-01-17 00:28:58,556 - INFO - Training with Vectorized Data 1000 features. Dropout Rate 0.460. Dataset Size 2400. 218 neurons. Leanring Rate 0.0025
2025-01-17 00:28:58,557 - INFO - Training for fold 1/5
2025-01-17 00:28:58,674 - INFO - Epoch [1/100], Train Accuracy: 0.7766, Val Accuracy: 0.9000
2025-01-17 00:28:58,776 - INFO - Epoch [2/100], Train Accuracy: 0.9443, Val Accuracy: 0.9146
2025-01-17 00:28:58,878 - INFO - Epoch [3/100], Train Accuracy: 0.9786, Val Accuracy: 0.9125
2025-01-17 00:28:58,983 - INFO - Epoch [4/100], Train Accuracy: 0.9896, Val Accuracy: 0.9146
2025-01-17 00:28:59,089 - INFO - Epoch [5/100], Train Accuracy: 0.9938, Val Accuracy: 0.9062
2025-01-17 00:28:59,191 - INFO - Epoch [6/100], Train Accuracy: 0.9958, Val Accuracy: 0.9104
2025-01-17 00:28:59,201 - INFO - Fold 1 Validation Accuracy: 0.9104
2025-01-17 00:28:59,202 - INFO - Training for fold 2/5
2025-01-17 00:28:59,314 - INFO - Epoch [1/100], Train Accuracy: 0.7568, Val Accuracy: 0.9292
2025-01-17 00:28:59,415 - INFO - Epoch [2/100], Train Accuracy: 0.9370, Val Accuracy: 0.9375
2025-01-17 00:28:59,520 - INFO - Epoch [3/100], Train Accuracy: 0.9760, Val Accuracy: 0.9396
2025-01-17 00:28:59,614 - INFO - Epoch [4/100], Train Accuracy: 0.9891, Val Accuracy: 0.9333
2025-01-17 00:28:59,713 - INFO - Epoch [5/100], Train Accuracy: 0.9943, Val Accuracy: 0.9313
2025-01-17 00:28:59,811 - INFO - Epoch [6/100], Train Accuracy: 0.9958, Val Accuracy: 0.9354
2025-01-17 00:28:59,822 - INFO - Fold 2 Validation Accuracy: 0.9354
2025-01-17 00:28:59,822 - INFO - Training for fold 3/5
2025-01-17 00:28:59,930 - INFO - Epoch [1/100], Train Accuracy: 0.7448, Val Accuracy: 0.8979
2025-01-17 00:29:00,032 - INFO - Epoch [2/100], Train Accuracy: 0.9417, Val Accuracy: 0.9187
2025-01-17 00:29:00,133 - INFO - Epoch [3/100], Train Accuracy: 0.9807, Val Accuracy: 0.9292
2025-01-17 00:29:00,237 - INFO - Epoch [4/100], Train Accuracy: 0.9943, Val Accuracy: 0.9250
2025-01-17 00:29:00,335 - INFO - Epoch [5/100], Train Accuracy: 0.9964, Val Accuracy: 0.9208
2025-01-17 00:29:00,346 - INFO - Fold 3 Validation Accuracy: 0.9208
2025-01-17 00:29:00,346 - INFO - Training for fold 4/5
2025-01-17 00:29:00,457 - INFO - Epoch [1/100], Train Accuracy: 0.7641, Val Accuracy: 0.8708
2025-01-17 00:29:00,558 - INFO - Epoch [2/100], Train Accuracy: 0.9464, Val Accuracy: 0.9000
2025-01-17 00:29:00,650 - INFO - Epoch [3/100], Train Accuracy: 0.9797, Val Accuracy: 0.9062
2025-01-17 00:29:00,730 - INFO - Epoch [4/100], Train Accuracy: 0.9922, Val Accuracy: 0.9042
2025-01-17 00:29:00,822 - INFO - Epoch [5/100], Train Accuracy: 0.9943, Val Accuracy: 0.9042
2025-01-17 00:29:00,914 - INFO - Epoch [6/100], Train Accuracy: 0.9953, Val Accuracy: 0.9083
2025-01-17 00:29:01,018 - INFO - Epoch [7/100], Train Accuracy: 0.9964, Val Accuracy: 0.9042
2025-01-17 00:29:01,027 - INFO - Fold 4 Validation Accuracy: 0.9042
2025-01-17 00:29:01,027 - INFO - Training for fold 5/5
2025-01-17 00:29:01,136 - INFO - Epoch [1/100], Train Accuracy: 0.7573, Val Accuracy: 0.9146
2025-01-17 00:29:01,220 - INFO - Epoch [2/100], Train Accuracy: 0.9443, Val Accuracy: 0.9229
2025-01-17 00:29:01,313 - INFO - Epoch [3/100], Train Accuracy: 0.9823, Val Accuracy: 0.9250
2025-01-17 00:29:01,409 - INFO - Epoch [4/100], Train Accuracy: 0.9901, Val Accuracy: 0.9187
2025-01-17 00:29:01,502 - INFO - Epoch [5/100], Train Accuracy: 0.9948, Val Accuracy: 0.9146
2025-01-17 00:29:01,600 - INFO - Epoch [6/100], Train Accuracy: 0.9964, Val Accuracy: 0.9187
2025-01-17 00:29:01,610 - INFO - Fold 5 Validation Accuracy: 0.9187
2025-01-17 00:29:01,611 - INFO - Average Validation Accuracy (Over 5 folds): 0.9179 

2025-01-17 00:29:01,730 - INFO - Training with Vectorized Data 1000 features. Dropout Rate 0.510. Dataset Size 2400. 218 neurons. Leanring Rate 0.0025
2025-01-17 00:29:01,731 - INFO - Training for fold 1/5
2025-01-17 00:29:01,839 - INFO - Epoch [1/100], Train Accuracy: 0.7490, Val Accuracy: 0.8979
2025-01-17 00:29:01,932 - INFO - Epoch [2/100], Train Accuracy: 0.9437, Val Accuracy: 0.9354
2025-01-17 00:29:02,018 - INFO - Epoch [3/100], Train Accuracy: 0.9755, Val Accuracy: 0.9292
2025-01-17 00:29:02,118 - INFO - Epoch [4/100], Train Accuracy: 0.9891, Val Accuracy: 0.9250
2025-01-17 00:29:02,217 - INFO - Epoch [5/100], Train Accuracy: 0.9953, Val Accuracy: 0.9292
2025-01-17 00:29:02,228 - INFO - Fold 1 Validation Accuracy: 0.9292
2025-01-17 00:29:02,228 - INFO - Training for fold 2/5
2025-01-17 00:29:02,340 - INFO - Epoch [1/100], Train Accuracy: 0.7500, Val Accuracy: 0.8854
2025-01-17 00:29:02,438 - INFO - Epoch [2/100], Train Accuracy: 0.9437, Val Accuracy: 0.9104
2025-01-17 00:29:02,530 - INFO - Epoch [3/100], Train Accuracy: 0.9776, Val Accuracy: 0.9146
2025-01-17 00:29:02,620 - INFO - Epoch [4/100], Train Accuracy: 0.9917, Val Accuracy: 0.9146
2025-01-17 00:29:02,717 - INFO - Epoch [5/100], Train Accuracy: 0.9953, Val Accuracy: 0.9146
2025-01-17 00:29:02,816 - INFO - Epoch [6/100], Train Accuracy: 0.9964, Val Accuracy: 0.9167
2025-01-17 00:29:02,916 - INFO - Epoch [7/100], Train Accuracy: 0.9964, Val Accuracy: 0.9208
2025-01-17 00:29:03,017 - INFO - Epoch [8/100], Train Accuracy: 0.9979, Val Accuracy: 0.9167
2025-01-17 00:29:03,028 - INFO - Fold 2 Validation Accuracy: 0.9167
2025-01-17 00:29:03,028 - INFO - Training for fold 3/5
2025-01-17 00:29:03,140 - INFO - Epoch [1/100], Train Accuracy: 0.7302, Val Accuracy: 0.8917
2025-01-17 00:29:03,237 - INFO - Epoch [2/100], Train Accuracy: 0.9406, Val Accuracy: 0.9333
2025-01-17 00:29:03,331 - INFO - Epoch [3/100], Train Accuracy: 0.9797, Val Accuracy: 0.9333
2025-01-17 00:29:03,431 - INFO - Epoch [4/100], Train Accuracy: 0.9896, Val Accuracy: 0.9396
2025-01-17 00:29:03,526 - INFO - Epoch [5/100], Train Accuracy: 0.9932, Val Accuracy: 0.9375
2025-01-17 00:29:03,614 - INFO - Epoch [6/100], Train Accuracy: 0.9948, Val Accuracy: 0.9354
2025-01-17 00:29:03,711 - INFO - Epoch [7/100], Train Accuracy: 0.9958, Val Accuracy: 0.9333
2025-01-17 00:29:03,721 - INFO - Fold 3 Validation Accuracy: 0.9333
2025-01-17 00:29:03,721 - INFO - Training for fold 4/5
2025-01-17 00:29:03,826 - INFO - Epoch [1/100], Train Accuracy: 0.7510, Val Accuracy: 0.9208
2025-01-17 00:29:03,916 - INFO - Epoch [2/100], Train Accuracy: 0.9370, Val Accuracy: 0.9167
2025-01-17 00:29:03,999 - INFO - Epoch [3/100], Train Accuracy: 0.9802, Val Accuracy: 0.9375
2025-01-17 00:29:04,097 - INFO - Epoch [4/100], Train Accuracy: 0.9911, Val Accuracy: 0.9271
2025-01-17 00:29:04,189 - INFO - Epoch [5/100], Train Accuracy: 0.9953, Val Accuracy: 0.9292
2025-01-17 00:29:04,204 - INFO - Fold 4 Validation Accuracy: 0.9292
2025-01-17 00:29:04,204 - INFO - Training for fold 5/5
2025-01-17 00:29:04,310 - INFO - Epoch [1/100], Train Accuracy: 0.7729, Val Accuracy: 0.9000
2025-01-17 00:29:04,402 - INFO - Epoch [2/100], Train Accuracy: 0.9458, Val Accuracy: 0.9125
2025-01-17 00:29:04,487 - INFO - Epoch [3/100], Train Accuracy: 0.9828, Val Accuracy: 0.9208
2025-01-17 00:29:04,575 - INFO - Epoch [4/100], Train Accuracy: 0.9906, Val Accuracy: 0.9042
2025-01-17 00:29:04,584 - INFO - Fold 5 Validation Accuracy: 0.9042
2025-01-17 00:29:04,584 - INFO - Average Validation Accuracy (Over 5 folds): 0.9225 

2025-01-17 00:29:04,713 - INFO - Training with Vectorized Data 1000 features. Dropout Rate 0.560. Dataset Size 2400. 218 neurons. Leanring Rate 0.0025
2025-01-17 00:29:04,714 - INFO - Training for fold 1/5
2025-01-17 00:29:04,810 - INFO - Epoch [1/100], Train Accuracy: 0.7250, Val Accuracy: 0.8729
2025-01-17 00:29:04,899 - INFO - Epoch [2/100], Train Accuracy: 0.9391, Val Accuracy: 0.9167
2025-01-17 00:29:05,006 - INFO - Epoch [3/100], Train Accuracy: 0.9766, Val Accuracy: 0.9125
2025-01-17 00:29:05,108 - INFO - Epoch [4/100], Train Accuracy: 0.9901, Val Accuracy: 0.9042
2025-01-17 00:29:05,206 - INFO - Epoch [5/100], Train Accuracy: 0.9958, Val Accuracy: 0.9000
2025-01-17 00:29:05,215 - INFO - Fold 1 Validation Accuracy: 0.9000
2025-01-17 00:29:05,215 - INFO - Training for fold 2/5
2025-01-17 00:29:05,320 - INFO - Epoch [1/100], Train Accuracy: 0.7583, Val Accuracy: 0.8792
2025-01-17 00:29:05,407 - INFO - Epoch [2/100], Train Accuracy: 0.9401, Val Accuracy: 0.9104
2025-01-17 00:29:05,509 - INFO - Epoch [3/100], Train Accuracy: 0.9781, Val Accuracy: 0.9208
2025-01-17 00:29:05,593 - INFO - Epoch [4/100], Train Accuracy: 0.9917, Val Accuracy: 0.9229
2025-01-17 00:29:05,694 - INFO - Epoch [5/100], Train Accuracy: 0.9948, Val Accuracy: 0.9250
2025-01-17 00:29:05,795 - INFO - Epoch [6/100], Train Accuracy: 0.9953, Val Accuracy: 0.9104
2025-01-17 00:29:05,809 - INFO - Fold 2 Validation Accuracy: 0.9104
2025-01-17 00:29:05,809 - INFO - Training for fold 3/5
2025-01-17 00:29:05,912 - INFO - Epoch [1/100], Train Accuracy: 0.7625, Val Accuracy: 0.8958
2025-01-17 00:29:06,013 - INFO - Epoch [2/100], Train Accuracy: 0.9380, Val Accuracy: 0.9229
2025-01-17 00:29:06,111 - INFO - Epoch [3/100], Train Accuracy: 0.9766, Val Accuracy: 0.9187
2025-01-17 00:29:06,203 - INFO - Epoch [4/100], Train Accuracy: 0.9906, Val Accuracy: 0.9167
2025-01-17 00:29:06,310 - INFO - Epoch [5/100], Train Accuracy: 0.9948, Val Accuracy: 0.9208
2025-01-17 00:29:06,411 - INFO - Epoch [6/100], Train Accuracy: 0.9969, Val Accuracy: 0.9187
2025-01-17 00:29:06,420 - INFO - Fold 3 Validation Accuracy: 0.9187
2025-01-17 00:29:06,421 - INFO - Training for fold 4/5
2025-01-17 00:29:06,520 - INFO - Epoch [1/100], Train Accuracy: 0.7125, Val Accuracy: 0.8938
2025-01-17 00:29:06,628 - INFO - Epoch [2/100], Train Accuracy: 0.9359, Val Accuracy: 0.9458
2025-01-17 00:29:06,728 - INFO - Epoch [3/100], Train Accuracy: 0.9740, Val Accuracy: 0.9437
2025-01-17 00:29:06,837 - INFO - Epoch [4/100], Train Accuracy: 0.9885, Val Accuracy: 0.9375
2025-01-17 00:29:06,929 - INFO - Epoch [5/100], Train Accuracy: 0.9932, Val Accuracy: 0.9292
2025-01-17 00:29:06,939 - INFO - Fold 4 Validation Accuracy: 0.9292
2025-01-17 00:29:06,939 - INFO - Training for fold 5/5
2025-01-17 00:29:07,054 - INFO - Epoch [1/100], Train Accuracy: 0.7625, Val Accuracy: 0.9271
2025-01-17 00:29:07,156 - INFO - Epoch [2/100], Train Accuracy: 0.9365, Val Accuracy: 0.9354
2025-01-17 00:29:07,260 - INFO - Epoch [3/100], Train Accuracy: 0.9776, Val Accuracy: 0.9292
2025-01-17 00:29:07,364 - INFO - Epoch [4/100], Train Accuracy: 0.9891, Val Accuracy: 0.9187
2025-01-17 00:29:07,373 - INFO - Fold 5 Validation Accuracy: 0.9187
2025-01-17 00:29:07,374 - INFO - Average Validation Accuracy (Over 5 folds): 0.9154 

2025-01-17 00:29:07,490 - INFO - Training with Vectorized Data 1000 features. Dropout Rate 0.610. Dataset Size 2400. 218 neurons. Leanring Rate 0.0025
2025-01-17 00:29:07,490 - INFO - Training for fold 1/5
2025-01-17 00:29:07,608 - INFO - Epoch [1/100], Train Accuracy: 0.7630, Val Accuracy: 0.9104
2025-01-17 00:29:07,710 - INFO - Epoch [2/100], Train Accuracy: 0.9323, Val Accuracy: 0.9208
2025-01-17 00:29:07,812 - INFO - Epoch [3/100], Train Accuracy: 0.9760, Val Accuracy: 0.9229
2025-01-17 00:29:07,908 - INFO - Epoch [4/100], Train Accuracy: 0.9911, Val Accuracy: 0.9292
2025-01-17 00:29:08,001 - INFO - Epoch [5/100], Train Accuracy: 0.9938, Val Accuracy: 0.9229
2025-01-17 00:29:08,100 - INFO - Epoch [6/100], Train Accuracy: 0.9948, Val Accuracy: 0.9187
2025-01-17 00:29:08,194 - INFO - Epoch [7/100], Train Accuracy: 0.9969, Val Accuracy: 0.9229
2025-01-17 00:29:08,204 - INFO - Fold 1 Validation Accuracy: 0.9229
2025-01-17 00:29:08,204 - INFO - Training for fold 2/5
2025-01-17 00:29:08,324 - INFO - Epoch [1/100], Train Accuracy: 0.7224, Val Accuracy: 0.8938
2025-01-17 00:29:08,432 - INFO - Epoch [2/100], Train Accuracy: 0.9391, Val Accuracy: 0.9208
2025-01-17 00:29:08,520 - INFO - Epoch [3/100], Train Accuracy: 0.9740, Val Accuracy: 0.9250
2025-01-17 00:29:08,615 - INFO - Epoch [4/100], Train Accuracy: 0.9875, Val Accuracy: 0.9229
2025-01-17 00:29:08,714 - INFO - Epoch [5/100], Train Accuracy: 0.9938, Val Accuracy: 0.9271
2025-01-17 00:29:08,813 - INFO - Epoch [6/100], Train Accuracy: 0.9958, Val Accuracy: 0.9250
2025-01-17 00:29:08,918 - INFO - Epoch [7/100], Train Accuracy: 0.9969, Val Accuracy: 0.9208
2025-01-17 00:29:08,927 - INFO - Fold 2 Validation Accuracy: 0.9208
2025-01-17 00:29:08,927 - INFO - Training for fold 3/5
2025-01-17 00:29:09,028 - INFO - Epoch [1/100], Train Accuracy: 0.7807, Val Accuracy: 0.8979
2025-01-17 00:29:09,123 - INFO - Epoch [2/100], Train Accuracy: 0.9354, Val Accuracy: 0.9208
2025-01-17 00:29:09,227 - INFO - Epoch [3/100], Train Accuracy: 0.9766, Val Accuracy: 0.9208
2025-01-17 00:29:09,330 - INFO - Epoch [4/100], Train Accuracy: 0.9917, Val Accuracy: 0.9333
2025-01-17 00:29:09,428 - INFO - Epoch [5/100], Train Accuracy: 0.9953, Val Accuracy: 0.9313
2025-01-17 00:29:09,538 - INFO - Epoch [6/100], Train Accuracy: 0.9969, Val Accuracy: 0.9333
2025-01-17 00:29:09,643 - INFO - Epoch [7/100], Train Accuracy: 0.9969, Val Accuracy: 0.9313
2025-01-17 00:29:09,739 - INFO - Epoch [8/100], Train Accuracy: 0.9974, Val Accuracy: 0.9333
2025-01-17 00:29:09,842 - INFO - Epoch [9/100], Train Accuracy: 0.9974, Val Accuracy: 0.9250
2025-01-17 00:29:09,852 - INFO - Fold 3 Validation Accuracy: 0.9250
2025-01-17 00:29:09,852 - INFO - Training for fold 4/5
2025-01-17 00:29:09,961 - INFO - Epoch [1/100], Train Accuracy: 0.7089, Val Accuracy: 0.8958
2025-01-17 00:29:10,061 - INFO - Epoch [2/100], Train Accuracy: 0.9458, Val Accuracy: 0.9208
2025-01-17 00:29:10,161 - INFO - Epoch [3/100], Train Accuracy: 0.9786, Val Accuracy: 0.9208
2025-01-17 00:29:10,258 - INFO - Epoch [4/100], Train Accuracy: 0.9911, Val Accuracy: 0.9146
2025-01-17 00:29:10,359 - INFO - Epoch [5/100], Train Accuracy: 0.9958, Val Accuracy: 0.9167
2025-01-17 00:29:10,370 - INFO - Fold 4 Validation Accuracy: 0.9167
2025-01-17 00:29:10,370 - INFO - Training for fold 5/5
2025-01-17 00:29:10,479 - INFO - Epoch [1/100], Train Accuracy: 0.6901, Val Accuracy: 0.8958
2025-01-17 00:29:10,579 - INFO - Epoch [2/100], Train Accuracy: 0.9365, Val Accuracy: 0.9396
2025-01-17 00:29:10,677 - INFO - Epoch [3/100], Train Accuracy: 0.9708, Val Accuracy: 0.9500
2025-01-17 00:29:10,768 - INFO - Epoch [4/100], Train Accuracy: 0.9891, Val Accuracy: 0.9437
2025-01-17 00:29:10,864 - INFO - Epoch [5/100], Train Accuracy: 0.9932, Val Accuracy: 0.9479
2025-01-17 00:29:10,957 - INFO - Epoch [6/100], Train Accuracy: 0.9974, Val Accuracy: 0.9479
2025-01-17 00:29:11,061 - INFO - Epoch [7/100], Train Accuracy: 0.9974, Val Accuracy: 0.9500
2025-01-17 00:29:11,174 - INFO - Epoch [8/100], Train Accuracy: 0.9974, Val Accuracy: 0.9479
2025-01-17 00:29:11,275 - INFO - Epoch [9/100], Train Accuracy: 0.9979, Val Accuracy: 0.9479
2025-01-17 00:29:11,377 - INFO - Epoch [10/100], Train Accuracy: 0.9979, Val Accuracy: 0.9479
2025-01-17 00:29:11,477 - INFO - Epoch [11/100], Train Accuracy: 0.9979, Val Accuracy: 0.9479
2025-01-17 00:29:11,577 - INFO - Epoch [12/100], Train Accuracy: 0.9979, Val Accuracy: 0.9521
2025-01-17 00:29:11,672 - INFO - Epoch [13/100], Train Accuracy: 0.9979, Val Accuracy: 0.9479
2025-01-17 00:29:11,681 - INFO - Fold 5 Validation Accuracy: 0.9479
2025-01-17 00:29:11,682 - INFO - Average Validation Accuracy (Over 5 folds): 0.9267 

2025-01-17 00:29:11,805 - INFO - Training with Vectorized Data 1000 features. Dropout Rate 0.660. Dataset Size 2400. 218 neurons. Leanring Rate 0.0025
2025-01-17 00:29:11,806 - INFO - Training for fold 1/5
2025-01-17 00:29:11,926 - INFO - Epoch [1/100], Train Accuracy: 0.7167, Val Accuracy: 0.9083
2025-01-17 00:29:12,028 - INFO - Epoch [2/100], Train Accuracy: 0.9391, Val Accuracy: 0.9333
2025-01-17 00:29:12,132 - INFO - Epoch [3/100], Train Accuracy: 0.9776, Val Accuracy: 0.9375
2025-01-17 00:29:12,237 - INFO - Epoch [4/100], Train Accuracy: 0.9901, Val Accuracy: 0.9333
2025-01-17 00:29:12,329 - INFO - Epoch [5/100], Train Accuracy: 0.9953, Val Accuracy: 0.9313
2025-01-17 00:29:12,340 - INFO - Fold 1 Validation Accuracy: 0.9313
2025-01-17 00:29:12,340 - INFO - Training for fold 2/5
2025-01-17 00:29:12,446 - INFO - Epoch [1/100], Train Accuracy: 0.7177, Val Accuracy: 0.9021
2025-01-17 00:29:12,542 - INFO - Epoch [2/100], Train Accuracy: 0.9380, Val Accuracy: 0.9250
2025-01-17 00:29:12,632 - INFO - Epoch [3/100], Train Accuracy: 0.9812, Val Accuracy: 0.9167
2025-01-17 00:29:12,728 - INFO - Epoch [4/100], Train Accuracy: 0.9922, Val Accuracy: 0.9125
2025-01-17 00:29:12,819 - INFO - Epoch [5/100], Train Accuracy: 0.9938, Val Accuracy: 0.9104
2025-01-17 00:29:12,917 - INFO - Epoch [6/100], Train Accuracy: 0.9969, Val Accuracy: 0.9042
2025-01-17 00:29:12,930 - INFO - Fold 2 Validation Accuracy: 0.9042
2025-01-17 00:29:12,930 - INFO - Training for fold 3/5
2025-01-17 00:29:13,029 - INFO - Epoch [1/100], Train Accuracy: 0.6932, Val Accuracy: 0.8646
2025-01-17 00:29:13,130 - INFO - Epoch [2/100], Train Accuracy: 0.9359, Val Accuracy: 0.9187
2025-01-17 00:29:13,222 - INFO - Epoch [3/100], Train Accuracy: 0.9729, Val Accuracy: 0.9375
2025-01-17 00:29:13,310 - INFO - Epoch [4/100], Train Accuracy: 0.9865, Val Accuracy: 0.9354
2025-01-17 00:29:13,403 - INFO - Epoch [5/100], Train Accuracy: 0.9943, Val Accuracy: 0.9292
2025-01-17 00:29:13,492 - INFO - Epoch [6/100], Train Accuracy: 0.9964, Val Accuracy: 0.9375
2025-01-17 00:29:13,585 - INFO - Epoch [7/100], Train Accuracy: 0.9969, Val Accuracy: 0.9396
2025-01-17 00:29:13,684 - INFO - Epoch [8/100], Train Accuracy: 0.9974, Val Accuracy: 0.9333
2025-01-17 00:29:13,693 - INFO - Fold 3 Validation Accuracy: 0.9333
2025-01-17 00:29:13,693 - INFO - Training for fold 4/5
2025-01-17 00:29:13,794 - INFO - Epoch [1/100], Train Accuracy: 0.7161, Val Accuracy: 0.9167
2025-01-17 00:29:13,890 - INFO - Epoch [2/100], Train Accuracy: 0.9391, Val Accuracy: 0.9208
2025-01-17 00:29:13,986 - INFO - Epoch [3/100], Train Accuracy: 0.9766, Val Accuracy: 0.9333
2025-01-17 00:29:14,085 - INFO - Epoch [4/100], Train Accuracy: 0.9891, Val Accuracy: 0.9250
2025-01-17 00:29:14,242 - INFO - Epoch [5/100], Train Accuracy: 0.9953, Val Accuracy: 0.9354
2025-01-17 00:29:14,381 - INFO - Epoch [6/100], Train Accuracy: 0.9969, Val Accuracy: 0.9333
2025-01-17 00:29:14,474 - INFO - Epoch [7/100], Train Accuracy: 0.9974, Val Accuracy: 0.9292
2025-01-17 00:29:14,484 - INFO - Fold 4 Validation Accuracy: 0.9292
2025-01-17 00:29:14,484 - INFO - Training for fold 5/5
2025-01-17 00:29:14,587 - INFO - Epoch [1/100], Train Accuracy: 0.7359, Val Accuracy: 0.9000
2025-01-17 00:29:14,679 - INFO - Epoch [2/100], Train Accuracy: 0.9328, Val Accuracy: 0.9271
2025-01-17 00:29:14,777 - INFO - Epoch [3/100], Train Accuracy: 0.9734, Val Accuracy: 0.9271
2025-01-17 00:29:14,876 - INFO - Epoch [4/100], Train Accuracy: 0.9911, Val Accuracy: 0.9313
2025-01-17 00:29:14,976 - INFO - Epoch [5/100], Train Accuracy: 0.9948, Val Accuracy: 0.9271
2025-01-17 00:29:15,077 - INFO - Epoch [6/100], Train Accuracy: 0.9958, Val Accuracy: 0.9292
2025-01-17 00:29:15,172 - INFO - Epoch [7/100], Train Accuracy: 0.9958, Val Accuracy: 0.9292
2025-01-17 00:29:15,270 - INFO - Epoch [8/100], Train Accuracy: 0.9964, Val Accuracy: 0.9292
2025-01-17 00:29:15,371 - INFO - Epoch [9/100], Train Accuracy: 0.9969, Val Accuracy: 0.9313
2025-01-17 00:29:15,473 - INFO - Epoch [10/100], Train Accuracy: 0.9969, Val Accuracy: 0.9292
2025-01-17 00:29:15,576 - INFO - Epoch [11/100], Train Accuracy: 0.9974, Val Accuracy: 0.9292
2025-01-17 00:29:15,676 - INFO - Epoch [12/100], Train Accuracy: 0.9974, Val Accuracy: 0.9313
2025-01-17 00:29:15,776 - INFO - Epoch [13/100], Train Accuracy: 0.9979, Val Accuracy: 0.9292
2025-01-17 00:29:15,877 - INFO - Epoch [14/100], Train Accuracy: 0.9979, Val Accuracy: 0.9313
2025-01-17 00:29:15,974 - INFO - Epoch [15/100], Train Accuracy: 0.9979, Val Accuracy: 0.9333
2025-01-17 00:29:16,070 - INFO - Epoch [16/100], Train Accuracy: 0.9979, Val Accuracy: 0.9354
2025-01-17 00:29:16,168 - INFO - Epoch [17/100], Train Accuracy: 0.9979, Val Accuracy: 0.9354
2025-01-17 00:29:16,267 - INFO - Epoch [18/100], Train Accuracy: 0.9979, Val Accuracy: 0.9375
2025-01-17 00:29:16,364 - INFO - Epoch [19/100], Train Accuracy: 0.9979, Val Accuracy: 0.9333
2025-01-17 00:29:16,374 - INFO - Fold 5 Validation Accuracy: 0.9333
2025-01-17 00:29:16,374 - INFO - Average Validation Accuracy (Over 5 folds): 0.9262 

2025-01-17 00:29:16,507 - INFO - Training with Vectorized Data 1000 features. Dropout Rate 0.710. Dataset Size 2400. 218 neurons. Leanring Rate 0.0025
2025-01-17 00:29:16,507 - INFO - Training for fold 1/5
2025-01-17 00:29:16,636 - INFO - Epoch [1/100], Train Accuracy: 0.7307, Val Accuracy: 0.9062
2025-01-17 00:29:16,749 - INFO - Epoch [2/100], Train Accuracy: 0.9339, Val Accuracy: 0.9313
2025-01-17 00:29:16,848 - INFO - Epoch [3/100], Train Accuracy: 0.9734, Val Accuracy: 0.9313
2025-01-17 00:29:16,947 - INFO - Epoch [4/100], Train Accuracy: 0.9875, Val Accuracy: 0.9333
2025-01-17 00:29:17,048 - INFO - Epoch [5/100], Train Accuracy: 0.9943, Val Accuracy: 0.9187
2025-01-17 00:29:17,152 - INFO - Epoch [6/100], Train Accuracy: 0.9969, Val Accuracy: 0.9250
2025-01-17 00:29:17,167 - INFO - Fold 1 Validation Accuracy: 0.9250
2025-01-17 00:29:17,168 - INFO - Training for fold 2/5
2025-01-17 00:29:17,280 - INFO - Epoch [1/100], Train Accuracy: 0.7109, Val Accuracy: 0.9125
2025-01-17 00:29:17,384 - INFO - Epoch [2/100], Train Accuracy: 0.9349, Val Accuracy: 0.9354
2025-01-17 00:29:17,477 - INFO - Epoch [3/100], Train Accuracy: 0.9745, Val Accuracy: 0.9313
2025-01-17 00:29:17,573 - INFO - Epoch [4/100], Train Accuracy: 0.9927, Val Accuracy: 0.9250
2025-01-17 00:29:17,673 - INFO - Epoch [5/100], Train Accuracy: 0.9953, Val Accuracy: 0.9250
2025-01-17 00:29:17,684 - INFO - Fold 2 Validation Accuracy: 0.9250
2025-01-17 00:29:17,684 - INFO - Training for fold 3/5
2025-01-17 00:29:17,795 - INFO - Epoch [1/100], Train Accuracy: 0.7521, Val Accuracy: 0.9021
2025-01-17 00:29:17,893 - INFO - Epoch [2/100], Train Accuracy: 0.9333, Val Accuracy: 0.9250
2025-01-17 00:29:17,985 - INFO - Epoch [3/100], Train Accuracy: 0.9745, Val Accuracy: 0.9229
2025-01-17 00:29:18,084 - INFO - Epoch [4/100], Train Accuracy: 0.9901, Val Accuracy: 0.9083
2025-01-17 00:29:18,096 - INFO - Fold 3 Validation Accuracy: 0.9083
2025-01-17 00:29:18,096 - INFO - Training for fold 4/5
2025-01-17 00:29:18,209 - INFO - Epoch [1/100], Train Accuracy: 0.7453, Val Accuracy: 0.9021
2025-01-17 00:29:18,311 - INFO - Epoch [2/100], Train Accuracy: 0.9359, Val Accuracy: 0.9271
2025-01-17 00:29:18,407 - INFO - Epoch [3/100], Train Accuracy: 0.9745, Val Accuracy: 0.9229
2025-01-17 00:29:18,506 - INFO - Epoch [4/100], Train Accuracy: 0.9911, Val Accuracy: 0.9208
2025-01-17 00:29:18,597 - INFO - Epoch [5/100], Train Accuracy: 0.9958, Val Accuracy: 0.9167
2025-01-17 00:29:18,608 - INFO - Fold 4 Validation Accuracy: 0.9167
2025-01-17 00:29:18,608 - INFO - Training for fold 5/5
2025-01-17 00:29:18,720 - INFO - Epoch [1/100], Train Accuracy: 0.6766, Val Accuracy: 0.8917
2025-01-17 00:29:18,821 - INFO - Epoch [2/100], Train Accuracy: 0.9391, Val Accuracy: 0.9167
2025-01-17 00:29:18,926 - INFO - Epoch [3/100], Train Accuracy: 0.9734, Val Accuracy: 0.9250
2025-01-17 00:29:19,014 - INFO - Epoch [4/100], Train Accuracy: 0.9885, Val Accuracy: 0.9292
2025-01-17 00:29:19,117 - INFO - Epoch [5/100], Train Accuracy: 0.9932, Val Accuracy: 0.9229
2025-01-17 00:29:19,225 - INFO - Epoch [6/100], Train Accuracy: 0.9953, Val Accuracy: 0.9229
2025-01-17 00:29:19,238 - INFO - Fold 5 Validation Accuracy: 0.9229
2025-01-17 00:29:19,239 - INFO - Average Validation Accuracy (Over 5 folds): 0.9196 

2025-01-17 00:29:19,359 - INFO - Training with Vectorized Data 1000 features. Dropout Rate 0.760. Dataset Size 2400. 218 neurons. Leanring Rate 0.0025
2025-01-17 00:29:19,359 - INFO - Training for fold 1/5
2025-01-17 00:29:19,471 - INFO - Epoch [1/100], Train Accuracy: 0.6234, Val Accuracy: 0.8938
2025-01-17 00:29:19,573 - INFO - Epoch [2/100], Train Accuracy: 0.9401, Val Accuracy: 0.9125
2025-01-17 00:29:19,674 - INFO - Epoch [3/100], Train Accuracy: 0.9714, Val Accuracy: 0.9062
2025-01-17 00:29:19,775 - INFO - Epoch [4/100], Train Accuracy: 0.9880, Val Accuracy: 0.9146
2025-01-17 00:29:19,877 - INFO - Epoch [5/100], Train Accuracy: 0.9964, Val Accuracy: 0.9062
2025-01-17 00:29:19,887 - INFO - Fold 1 Validation Accuracy: 0.9062
2025-01-17 00:29:19,887 - INFO - Training for fold 2/5
2025-01-17 00:29:19,995 - INFO - Epoch [1/100], Train Accuracy: 0.6943, Val Accuracy: 0.8917
2025-01-17 00:29:20,096 - INFO - Epoch [2/100], Train Accuracy: 0.9276, Val Accuracy: 0.9292
2025-01-17 00:29:20,198 - INFO - Epoch [3/100], Train Accuracy: 0.9688, Val Accuracy: 0.9354
2025-01-17 00:29:20,298 - INFO - Epoch [4/100], Train Accuracy: 0.9859, Val Accuracy: 0.9271
2025-01-17 00:29:20,397 - INFO - Epoch [5/100], Train Accuracy: 0.9932, Val Accuracy: 0.9313
2025-01-17 00:29:20,501 - INFO - Epoch [6/100], Train Accuracy: 0.9953, Val Accuracy: 0.9333
2025-01-17 00:29:20,606 - INFO - Epoch [7/100], Train Accuracy: 0.9964, Val Accuracy: 0.9292
2025-01-17 00:29:20,615 - INFO - Fold 2 Validation Accuracy: 0.9292
2025-01-17 00:29:20,615 - INFO - Training for fold 3/5
2025-01-17 00:29:20,733 - INFO - Epoch [1/100], Train Accuracy: 0.6823, Val Accuracy: 0.9167
2025-01-17 00:29:20,837 - INFO - Epoch [2/100], Train Accuracy: 0.9339, Val Accuracy: 0.9500
2025-01-17 00:29:20,939 - INFO - Epoch [3/100], Train Accuracy: 0.9703, Val Accuracy: 0.9521
2025-01-17 00:29:21,041 - INFO - Epoch [4/100], Train Accuracy: 0.9865, Val Accuracy: 0.9563
2025-01-17 00:29:21,143 - INFO - Epoch [5/100], Train Accuracy: 0.9922, Val Accuracy: 0.9458
2025-01-17 00:29:21,246 - INFO - Epoch [6/100], Train Accuracy: 0.9958, Val Accuracy: 0.9437
2025-01-17 00:29:21,256 - INFO - Fold 3 Validation Accuracy: 0.9437
2025-01-17 00:29:21,256 - INFO - Training for fold 4/5
2025-01-17 00:29:21,373 - INFO - Epoch [1/100], Train Accuracy: 0.7448, Val Accuracy: 0.9000
2025-01-17 00:29:21,474 - INFO - Epoch [2/100], Train Accuracy: 0.9385, Val Accuracy: 0.9187
2025-01-17 00:29:21,575 - INFO - Epoch [3/100], Train Accuracy: 0.9781, Val Accuracy: 0.9229
2025-01-17 00:29:21,675 - INFO - Epoch [4/100], Train Accuracy: 0.9948, Val Accuracy: 0.9250
2025-01-17 00:29:21,783 - INFO - Epoch [5/100], Train Accuracy: 0.9969, Val Accuracy: 0.9271
2025-01-17 00:29:21,882 - INFO - Epoch [6/100], Train Accuracy: 0.9984, Val Accuracy: 0.9250
2025-01-17 00:29:21,980 - INFO - Epoch [7/100], Train Accuracy: 0.9984, Val Accuracy: 0.9167
2025-01-17 00:29:21,991 - INFO - Fold 4 Validation Accuracy: 0.9167
2025-01-17 00:29:21,991 - INFO - Training for fold 5/5
2025-01-17 00:29:22,102 - INFO - Epoch [1/100], Train Accuracy: 0.7443, Val Accuracy: 0.8792
2025-01-17 00:29:22,201 - INFO - Epoch [2/100], Train Accuracy: 0.9297, Val Accuracy: 0.9104
2025-01-17 00:29:22,303 - INFO - Epoch [3/100], Train Accuracy: 0.9729, Val Accuracy: 0.9083
2025-01-17 00:29:22,403 - INFO - Epoch [4/100], Train Accuracy: 0.9865, Val Accuracy: 0.9104
2025-01-17 00:29:22,503 - INFO - Epoch [5/100], Train Accuracy: 0.9938, Val Accuracy: 0.9146
2025-01-17 00:29:22,608 - INFO - Epoch [6/100], Train Accuracy: 0.9958, Val Accuracy: 0.9125
2025-01-17 00:29:22,705 - INFO - Epoch [7/100], Train Accuracy: 0.9969, Val Accuracy: 0.9104
2025-01-17 00:29:22,715 - INFO - Fold 5 Validation Accuracy: 0.9104
2025-01-17 00:29:22,715 - INFO - Average Validation Accuracy (Over 5 folds): 0.9213 

2025-01-17 00:29:22,834 - INFO - Training with Vectorized Data 1000 features. Dropout Rate 0.810. Dataset Size 2400. 218 neurons. Leanring Rate 0.0025
2025-01-17 00:29:22,834 - INFO - Training for fold 1/5
2025-01-17 00:29:22,947 - INFO - Epoch [1/100], Train Accuracy: 0.7042, Val Accuracy: 0.9104
2025-01-17 00:29:23,051 - INFO - Epoch [2/100], Train Accuracy: 0.9349, Val Accuracy: 0.9292
2025-01-17 00:29:23,155 - INFO - Epoch [3/100], Train Accuracy: 0.9682, Val Accuracy: 0.9375
2025-01-17 00:29:23,260 - INFO - Epoch [4/100], Train Accuracy: 0.9854, Val Accuracy: 0.9333
2025-01-17 00:29:23,357 - INFO - Epoch [5/100], Train Accuracy: 0.9958, Val Accuracy: 0.9292
2025-01-17 00:29:23,367 - INFO - Fold 1 Validation Accuracy: 0.9292
2025-01-17 00:29:23,368 - INFO - Training for fold 2/5
2025-01-17 00:29:23,483 - INFO - Epoch [1/100], Train Accuracy: 0.6068, Val Accuracy: 0.9167
2025-01-17 00:29:23,583 - INFO - Epoch [2/100], Train Accuracy: 0.9276, Val Accuracy: 0.9229
2025-01-17 00:29:23,689 - INFO - Epoch [3/100], Train Accuracy: 0.9708, Val Accuracy: 0.9396
2025-01-17 00:29:23,791 - INFO - Epoch [4/100], Train Accuracy: 0.9865, Val Accuracy: 0.9187
2025-01-17 00:29:23,801 - INFO - Fold 2 Validation Accuracy: 0.9187
2025-01-17 00:29:23,802 - INFO - Training for fold 3/5
2025-01-17 00:29:23,917 - INFO - Epoch [1/100], Train Accuracy: 0.6396, Val Accuracy: 0.9062
2025-01-17 00:29:24,017 - INFO - Epoch [2/100], Train Accuracy: 0.9359, Val Accuracy: 0.9250
2025-01-17 00:29:24,118 - INFO - Epoch [3/100], Train Accuracy: 0.9708, Val Accuracy: 0.9271
2025-01-17 00:29:24,229 - INFO - Epoch [4/100], Train Accuracy: 0.9891, Val Accuracy: 0.9167
2025-01-17 00:29:24,331 - INFO - Epoch [5/100], Train Accuracy: 0.9953, Val Accuracy: 0.9208
2025-01-17 00:29:24,341 - INFO - Fold 3 Validation Accuracy: 0.9208
2025-01-17 00:29:24,341 - INFO - Training for fold 4/5
2025-01-17 00:29:24,454 - INFO - Epoch [1/100], Train Accuracy: 0.6010, Val Accuracy: 0.8938
2025-01-17 00:29:24,557 - INFO - Epoch [2/100], Train Accuracy: 0.9302, Val Accuracy: 0.9354
2025-01-17 00:29:24,654 - INFO - Epoch [3/100], Train Accuracy: 0.9677, Val Accuracy: 0.9479
2025-01-17 00:29:24,754 - INFO - Epoch [4/100], Train Accuracy: 0.9865, Val Accuracy: 0.9375
2025-01-17 00:29:24,861 - INFO - Epoch [5/100], Train Accuracy: 0.9917, Val Accuracy: 0.9354
2025-01-17 00:29:24,968 - INFO - Epoch [6/100], Train Accuracy: 0.9969, Val Accuracy: 0.9313
2025-01-17 00:29:24,979 - INFO - Fold 4 Validation Accuracy: 0.9313
2025-01-17 00:29:24,979 - INFO - Training for fold 5/5
2025-01-17 00:29:25,098 - INFO - Epoch [1/100], Train Accuracy: 0.6786, Val Accuracy: 0.9083
2025-01-17 00:29:25,199 - INFO - Epoch [2/100], Train Accuracy: 0.9318, Val Accuracy: 0.9292
2025-01-17 00:29:25,299 - INFO - Epoch [3/100], Train Accuracy: 0.9698, Val Accuracy: 0.9146
2025-01-17 00:29:25,401 - INFO - Epoch [4/100], Train Accuracy: 0.9875, Val Accuracy: 0.9125
2025-01-17 00:29:25,411 - INFO - Fold 5 Validation Accuracy: 0.9125
2025-01-17 00:29:25,411 - INFO - Average Validation Accuracy (Over 5 folds): 0.9225 

2025-01-17 00:29:25,536 - INFO - Training with Vectorized Data 1000 features. Dropout Rate 0.860. Dataset Size 2400. 218 neurons. Leanring Rate 0.0025
2025-01-17 00:29:25,536 - INFO - Training for fold 1/5
2025-01-17 00:29:25,649 - INFO - Epoch [1/100], Train Accuracy: 0.6094, Val Accuracy: 0.8729
2025-01-17 00:29:25,750 - INFO - Epoch [2/100], Train Accuracy: 0.9344, Val Accuracy: 0.8833
2025-01-17 00:29:25,853 - INFO - Epoch [3/100], Train Accuracy: 0.9703, Val Accuracy: 0.9000
2025-01-17 00:29:25,955 - INFO - Epoch [4/100], Train Accuracy: 0.9865, Val Accuracy: 0.8938
2025-01-17 00:29:26,058 - INFO - Epoch [5/100], Train Accuracy: 0.9948, Val Accuracy: 0.8979
2025-01-17 00:29:26,160 - INFO - Epoch [6/100], Train Accuracy: 0.9969, Val Accuracy: 0.8958
2025-01-17 00:29:26,172 - INFO - Fold 1 Validation Accuracy: 0.8958
2025-01-17 00:29:26,172 - INFO - Training for fold 2/5
2025-01-17 00:29:26,284 - INFO - Epoch [1/100], Train Accuracy: 0.6161, Val Accuracy: 0.9042
2025-01-17 00:29:26,389 - INFO - Epoch [2/100], Train Accuracy: 0.9266, Val Accuracy: 0.9333
2025-01-17 00:29:26,486 - INFO - Epoch [3/100], Train Accuracy: 0.9677, Val Accuracy: 0.9313
2025-01-17 00:29:26,584 - INFO - Epoch [4/100], Train Accuracy: 0.9880, Val Accuracy: 0.9333
2025-01-17 00:29:26,683 - INFO - Epoch [5/100], Train Accuracy: 0.9932, Val Accuracy: 0.9313
2025-01-17 00:29:26,788 - INFO - Epoch [6/100], Train Accuracy: 0.9958, Val Accuracy: 0.9271
2025-01-17 00:29:26,800 - INFO - Fold 2 Validation Accuracy: 0.9271
2025-01-17 00:29:26,800 - INFO - Training for fold 3/5
2025-01-17 00:29:26,916 - INFO - Epoch [1/100], Train Accuracy: 0.6182, Val Accuracy: 0.9083
2025-01-17 00:29:27,016 - INFO - Epoch [2/100], Train Accuracy: 0.9266, Val Accuracy: 0.9313
2025-01-17 00:29:27,112 - INFO - Epoch [3/100], Train Accuracy: 0.9656, Val Accuracy: 0.9208
2025-01-17 00:29:27,217 - INFO - Epoch [4/100], Train Accuracy: 0.9896, Val Accuracy: 0.9292
2025-01-17 00:29:27,313 - INFO - Epoch [5/100], Train Accuracy: 0.9943, Val Accuracy: 0.9333
2025-01-17 00:29:27,411 - INFO - Epoch [6/100], Train Accuracy: 0.9958, Val Accuracy: 0.9396
2025-01-17 00:29:27,507 - INFO - Epoch [7/100], Train Accuracy: 0.9969, Val Accuracy: 0.9354
2025-01-17 00:29:27,519 - INFO - Fold 3 Validation Accuracy: 0.9354
2025-01-17 00:29:27,519 - INFO - Training for fold 4/5
2025-01-17 00:29:27,629 - INFO - Epoch [1/100], Train Accuracy: 0.6234, Val Accuracy: 0.8875
2025-01-17 00:29:27,729 - INFO - Epoch [2/100], Train Accuracy: 0.9240, Val Accuracy: 0.9208
2025-01-17 00:29:27,829 - INFO - Epoch [3/100], Train Accuracy: 0.9620, Val Accuracy: 0.9187
2025-01-17 00:29:27,930 - INFO - Epoch [4/100], Train Accuracy: 0.9854, Val Accuracy: 0.9292
2025-01-17 00:29:28,028 - INFO - Epoch [5/100], Train Accuracy: 0.9932, Val Accuracy: 0.9292
2025-01-17 00:29:28,131 - INFO - Epoch [6/100], Train Accuracy: 0.9969, Val Accuracy: 0.9396
2025-01-17 00:29:28,236 - INFO - Epoch [7/100], Train Accuracy: 0.9974, Val Accuracy: 0.9354
2025-01-17 00:29:28,246 - INFO - Fold 4 Validation Accuracy: 0.9354
2025-01-17 00:29:28,246 - INFO - Training for fold 5/5
2025-01-17 00:29:28,354 - INFO - Epoch [1/100], Train Accuracy: 0.6115, Val Accuracy: 0.8896
2025-01-17 00:29:28,462 - INFO - Epoch [2/100], Train Accuracy: 0.9219, Val Accuracy: 0.9146
2025-01-17 00:29:28,568 - INFO - Epoch [3/100], Train Accuracy: 0.9641, Val Accuracy: 0.9187
2025-01-17 00:29:28,674 - INFO - Epoch [4/100], Train Accuracy: 0.9865, Val Accuracy: 0.9354
2025-01-17 00:29:28,774 - INFO - Epoch [5/100], Train Accuracy: 0.9938, Val Accuracy: 0.9250
2025-01-17 00:29:28,874 - INFO - Epoch [6/100], Train Accuracy: 0.9953, Val Accuracy: 0.9208
2025-01-17 00:29:28,884 - INFO - Fold 5 Validation Accuracy: 0.9208
2025-01-17 00:29:28,884 - INFO - Average Validation Accuracy (Over 5 folds): 0.9229 

2025-01-17 00:29:29,013 - INFO - Training with Vectorized Data 1000 features. Dropout Rate 0.910. Dataset Size 2400. 218 neurons. Leanring Rate 0.0025
2025-01-17 00:29:29,013 - INFO - Training for fold 1/5
2025-01-17 00:29:29,129 - INFO - Epoch [1/100], Train Accuracy: 0.5495, Val Accuracy: 0.8938
2025-01-17 00:29:29,237 - INFO - Epoch [2/100], Train Accuracy: 0.9234, Val Accuracy: 0.9187
2025-01-17 00:29:29,336 - INFO - Epoch [3/100], Train Accuracy: 0.9641, Val Accuracy: 0.9271
2025-01-17 00:29:29,436 - INFO - Epoch [4/100], Train Accuracy: 0.9849, Val Accuracy: 0.9375
2025-01-17 00:29:29,538 - INFO - Epoch [5/100], Train Accuracy: 0.9938, Val Accuracy: 0.9354
2025-01-17 00:29:29,639 - INFO - Epoch [6/100], Train Accuracy: 0.9958, Val Accuracy: 0.9271
2025-01-17 00:29:29,648 - INFO - Fold 1 Validation Accuracy: 0.9271
2025-01-17 00:29:29,648 - INFO - Training for fold 2/5
2025-01-17 00:29:29,764 - INFO - Epoch [1/100], Train Accuracy: 0.5865, Val Accuracy: 0.9104
2025-01-17 00:29:29,866 - INFO - Epoch [2/100], Train Accuracy: 0.9182, Val Accuracy: 0.9208
2025-01-17 00:29:29,962 - INFO - Epoch [3/100], Train Accuracy: 0.9646, Val Accuracy: 0.9354
2025-01-17 00:29:30,062 - INFO - Epoch [4/100], Train Accuracy: 0.9854, Val Accuracy: 0.9354
2025-01-17 00:29:30,161 - INFO - Epoch [5/100], Train Accuracy: 0.9927, Val Accuracy: 0.9271
2025-01-17 00:29:30,262 - INFO - Epoch [6/100], Train Accuracy: 0.9943, Val Accuracy: 0.9271
2025-01-17 00:29:30,362 - INFO - Epoch [7/100], Train Accuracy: 0.9953, Val Accuracy: 0.9271
2025-01-17 00:29:30,375 - INFO - Fold 2 Validation Accuracy: 0.9271
2025-01-17 00:29:30,375 - INFO - Training for fold 3/5
2025-01-17 00:29:30,489 - INFO - Epoch [1/100], Train Accuracy: 0.5021, Val Accuracy: 0.9313
2025-01-17 00:29:30,590 - INFO - Epoch [2/100], Train Accuracy: 0.9177, Val Accuracy: 0.9250
2025-01-17 00:29:30,691 - INFO - Epoch [3/100], Train Accuracy: 0.9630, Val Accuracy: 0.9396
2025-01-17 00:29:30,792 - INFO - Epoch [4/100], Train Accuracy: 0.9865, Val Accuracy: 0.9354
2025-01-17 00:29:30,893 - INFO - Epoch [5/100], Train Accuracy: 0.9927, Val Accuracy: 0.9396
2025-01-17 00:29:30,994 - INFO - Epoch [6/100], Train Accuracy: 0.9958, Val Accuracy: 0.9375
2025-01-17 00:29:31,099 - INFO - Epoch [7/100], Train Accuracy: 0.9969, Val Accuracy: 0.9396
2025-01-17 00:29:31,200 - INFO - Epoch [8/100], Train Accuracy: 0.9974, Val Accuracy: 0.9354
2025-01-17 00:29:31,209 - INFO - Fold 3 Validation Accuracy: 0.9354
2025-01-17 00:29:31,210 - INFO - Training for fold 4/5
2025-01-17 00:29:31,325 - INFO - Epoch [1/100], Train Accuracy: 0.5698, Val Accuracy: 0.8958
2025-01-17 00:29:31,424 - INFO - Epoch [2/100], Train Accuracy: 0.9198, Val Accuracy: 0.9187
2025-01-17 00:29:31,522 - INFO - Epoch [3/100], Train Accuracy: 0.9604, Val Accuracy: 0.9354
2025-01-17 00:29:31,621 - INFO - Epoch [4/100], Train Accuracy: 0.9833, Val Accuracy: 0.9375
2025-01-17 00:29:31,719 - INFO - Epoch [5/100], Train Accuracy: 0.9932, Val Accuracy: 0.9250
2025-01-17 00:29:31,814 - INFO - Epoch [6/100], Train Accuracy: 0.9958, Val Accuracy: 0.9313
2025-01-17 00:29:31,826 - INFO - Fold 4 Validation Accuracy: 0.9313
2025-01-17 00:29:31,826 - INFO - Training for fold 5/5
2025-01-17 00:29:31,942 - INFO - Epoch [1/100], Train Accuracy: 0.5094, Val Accuracy: 0.9146
2025-01-17 00:29:32,043 - INFO - Epoch [2/100], Train Accuracy: 0.9266, Val Accuracy: 0.9167
2025-01-17 00:29:32,144 - INFO - Epoch [3/100], Train Accuracy: 0.9688, Val Accuracy: 0.9229
2025-01-17 00:29:32,242 - INFO - Epoch [4/100], Train Accuracy: 0.9859, Val Accuracy: 0.9292
2025-01-17 00:29:32,343 - INFO - Epoch [5/100], Train Accuracy: 0.9922, Val Accuracy: 0.9146
2025-01-17 00:29:32,443 - INFO - Epoch [6/100], Train Accuracy: 0.9938, Val Accuracy: 0.9250
2025-01-17 00:29:32,538 - INFO - Epoch [7/100], Train Accuracy: 0.9958, Val Accuracy: 0.9167
2025-01-17 00:29:32,549 - INFO - Fold 5 Validation Accuracy: 0.9167
2025-01-17 00:29:32,549 - INFO - Average Validation Accuracy (Over 5 folds): 0.9275 

2025-01-17 00:29:32,672 - INFO - Training with Vectorized Data 1000 features. Dropout Rate 0.960. Dataset Size 2400. 218 neurons. Leanring Rate 0.0025
2025-01-17 00:29:32,673 - INFO - Training for fold 1/5
2025-01-17 00:29:32,787 - INFO - Epoch [1/100], Train Accuracy: 0.4328, Val Accuracy: 0.8958
2025-01-17 00:29:32,882 - INFO - Epoch [2/100], Train Accuracy: 0.9146, Val Accuracy: 0.9083
2025-01-17 00:29:32,985 - INFO - Epoch [3/100], Train Accuracy: 0.9620, Val Accuracy: 0.9146
2025-01-17 00:29:33,089 - INFO - Epoch [4/100], Train Accuracy: 0.9818, Val Accuracy: 0.9292
2025-01-17 00:29:33,185 - INFO - Epoch [5/100], Train Accuracy: 0.9927, Val Accuracy: 0.9208
2025-01-17 00:29:33,286 - INFO - Epoch [6/100], Train Accuracy: 0.9938, Val Accuracy: 0.9187
2025-01-17 00:29:33,382 - INFO - Epoch [7/100], Train Accuracy: 0.9948, Val Accuracy: 0.9229
2025-01-17 00:29:33,480 - INFO - Epoch [8/100], Train Accuracy: 0.9958, Val Accuracy: 0.9208
2025-01-17 00:29:33,489 - INFO - Fold 1 Validation Accuracy: 0.9208
2025-01-17 00:29:33,489 - INFO - Training for fold 2/5
2025-01-17 00:29:33,607 - INFO - Epoch [1/100], Train Accuracy: 0.4255, Val Accuracy: 0.9000
2025-01-17 00:29:33,717 - INFO - Epoch [2/100], Train Accuracy: 0.8927, Val Accuracy: 0.9187
2025-01-17 00:29:33,815 - INFO - Epoch [3/100], Train Accuracy: 0.9536, Val Accuracy: 0.9250
2025-01-17 00:29:33,915 - INFO - Epoch [4/100], Train Accuracy: 0.9812, Val Accuracy: 0.9292
2025-01-17 00:29:34,020 - INFO - Epoch [5/100], Train Accuracy: 0.9927, Val Accuracy: 0.9271
2025-01-17 00:29:34,123 - INFO - Epoch [6/100], Train Accuracy: 0.9948, Val Accuracy: 0.9187
2025-01-17 00:29:34,228 - INFO - Epoch [7/100], Train Accuracy: 0.9958, Val Accuracy: 0.9250
2025-01-17 00:29:34,238 - INFO - Fold 2 Validation Accuracy: 0.9250
2025-01-17 00:29:34,238 - INFO - Training for fold 3/5
2025-01-17 00:29:34,355 - INFO - Epoch [1/100], Train Accuracy: 0.4516, Val Accuracy: 0.9104
2025-01-17 00:29:34,457 - INFO - Epoch [2/100], Train Accuracy: 0.9068, Val Accuracy: 0.9083
2025-01-17 00:29:34,559 - INFO - Epoch [3/100], Train Accuracy: 0.9552, Val Accuracy: 0.9125
2025-01-17 00:29:34,660 - INFO - Epoch [4/100], Train Accuracy: 0.9859, Val Accuracy: 0.9125
2025-01-17 00:29:34,763 - INFO - Epoch [5/100], Train Accuracy: 0.9948, Val Accuracy: 0.9208
2025-01-17 00:29:34,869 - INFO - Epoch [6/100], Train Accuracy: 0.9974, Val Accuracy: 0.9208
2025-01-17 00:29:34,975 - INFO - Epoch [7/100], Train Accuracy: 0.9984, Val Accuracy: 0.9125
2025-01-17 00:29:34,988 - INFO - Fold 3 Validation Accuracy: 0.9125
2025-01-17 00:29:34,988 - INFO - Training for fold 4/5
2025-01-17 00:29:35,105 - INFO - Epoch [1/100], Train Accuracy: 0.4250, Val Accuracy: 0.7188
2025-01-17 00:29:35,212 - INFO - Epoch [2/100], Train Accuracy: 0.8844, Val Accuracy: 0.8938
2025-01-17 00:29:35,322 - INFO - Epoch [3/100], Train Accuracy: 0.9531, Val Accuracy: 0.9167
2025-01-17 00:29:35,422 - INFO - Epoch [4/100], Train Accuracy: 0.9792, Val Accuracy: 0.9146
2025-01-17 00:29:35,524 - INFO - Epoch [5/100], Train Accuracy: 0.9906, Val Accuracy: 0.9229
2025-01-17 00:29:35,624 - INFO - Epoch [6/100], Train Accuracy: 0.9943, Val Accuracy: 0.9208
2025-01-17 00:29:35,725 - INFO - Epoch [7/100], Train Accuracy: 0.9958, Val Accuracy: 0.9125
2025-01-17 00:29:35,736 - INFO - Fold 4 Validation Accuracy: 0.9125
2025-01-17 00:29:35,736 - INFO - Training for fold 5/5
2025-01-17 00:29:35,852 - INFO - Epoch [1/100], Train Accuracy: 0.4365, Val Accuracy: 0.9104
2025-01-17 00:29:35,957 - INFO - Epoch [2/100], Train Accuracy: 0.9016, Val Accuracy: 0.9208
2025-01-17 00:29:36,057 - INFO - Epoch [3/100], Train Accuracy: 0.9464, Val Accuracy: 0.9208
2025-01-17 00:29:36,157 - INFO - Epoch [4/100], Train Accuracy: 0.9828, Val Accuracy: 0.9187
2025-01-17 00:29:36,266 - INFO - Epoch [5/100], Train Accuracy: 0.9927, Val Accuracy: 0.9313
2025-01-17 00:29:36,370 - INFO - Epoch [6/100], Train Accuracy: 0.9943, Val Accuracy: 0.9271
2025-01-17 00:29:36,476 - INFO - Epoch [7/100], Train Accuracy: 0.9969, Val Accuracy: 0.9250
2025-01-17 00:29:36,485 - INFO - Fold 5 Validation Accuracy: 0.9250
2025-01-17 00:29:36,485 - INFO - Average Validation Accuracy (Over 5 folds): 0.9192 

