2025-01-17 01:02:00,762 - INFO - Training with Vectorized Data 1000 features. Dropout Rate 0.768. Dataset Size 2400. 218 neurons. Leanring Rate 0.0025
2025-01-17 01:02:00,762 - INFO - Training for fold 1/5
2025-01-17 01:02:01,972 - INFO - Epoch [1/100], Train Accuracy: 0.6964, Val Accuracy: 0.8938
2025-01-17 01:02:02,073 - INFO - Epoch [2/100], Train Accuracy: 0.9365, Val Accuracy: 0.9125
2025-01-17 01:02:02,179 - INFO - Epoch [3/100], Train Accuracy: 0.9698, Val Accuracy: 0.9229
2025-01-17 01:02:02,279 - INFO - Epoch [4/100], Train Accuracy: 0.9875, Val Accuracy: 0.9125
2025-01-17 01:02:02,381 - INFO - Epoch [5/100], Train Accuracy: 0.9943, Val Accuracy: 0.9187
2025-01-17 01:02:02,478 - INFO - Epoch [6/100], Train Accuracy: 0.9958, Val Accuracy: 0.9187
2025-01-17 01:02:02,487 - INFO - Fold 1 Validation Accuracy: 0.9187
2025-01-17 01:02:02,487 - INFO - Training for fold 2/5
2025-01-17 01:02:02,598 - INFO - Epoch [1/100], Train Accuracy: 0.6948, Val Accuracy: 0.8583
2025-01-17 01:02:02,700 - INFO - Epoch [2/100], Train Accuracy: 0.9313, Val Accuracy: 0.8979
2025-01-17 01:02:02,801 - INFO - Epoch [3/100], Train Accuracy: 0.9729, Val Accuracy: 0.9042
2025-01-17 01:02:02,905 - INFO - Epoch [4/100], Train Accuracy: 0.9859, Val Accuracy: 0.9000
2025-01-17 01:02:03,041 - INFO - Epoch [5/100], Train Accuracy: 0.9938, Val Accuracy: 0.9000
2025-01-17 01:02:03,144 - INFO - Epoch [6/100], Train Accuracy: 0.9958, Val Accuracy: 0.9000
2025-01-17 01:02:03,153 - INFO - Fold 2 Validation Accuracy: 0.9000
2025-01-17 01:02:03,153 - INFO - Training for fold 3/5
2025-01-17 01:02:03,263 - INFO - Epoch [1/100], Train Accuracy: 0.6813, Val Accuracy: 0.9104
2025-01-17 01:02:03,371 - INFO - Epoch [2/100], Train Accuracy: 0.9271, Val Accuracy: 0.9396
2025-01-17 01:02:03,470 - INFO - Epoch [3/100], Train Accuracy: 0.9682, Val Accuracy: 0.9375
2025-01-17 01:02:03,570 - INFO - Epoch [4/100], Train Accuracy: 0.9885, Val Accuracy: 0.9375
2025-01-17 01:02:03,675 - INFO - Epoch [5/100], Train Accuracy: 0.9969, Val Accuracy: 0.9437
2025-01-17 01:02:03,776 - INFO - Epoch [6/100], Train Accuracy: 0.9979, Val Accuracy: 0.9437
2025-01-17 01:02:03,878 - INFO - Epoch [7/100], Train Accuracy: 0.9979, Val Accuracy: 0.9333
2025-01-17 01:02:03,891 - INFO - Fold 3 Validation Accuracy: 0.9333
2025-01-17 01:02:03,891 - INFO - Training for fold 4/5
2025-01-17 01:02:04,005 - INFO - Epoch [1/100], Train Accuracy: 0.6818, Val Accuracy: 0.8812
2025-01-17 01:02:04,110 - INFO - Epoch [2/100], Train Accuracy: 0.9328, Val Accuracy: 0.9167
2025-01-17 01:02:04,214 - INFO - Epoch [3/100], Train Accuracy: 0.9755, Val Accuracy: 0.9187
2025-01-17 01:02:04,311 - INFO - Epoch [4/100], Train Accuracy: 0.9906, Val Accuracy: 0.9187
2025-01-17 01:02:04,410 - INFO - Epoch [5/100], Train Accuracy: 0.9953, Val Accuracy: 0.9208
2025-01-17 01:02:04,507 - INFO - Epoch [6/100], Train Accuracy: 0.9964, Val Accuracy: 0.9187
2025-01-17 01:02:04,607 - INFO - Epoch [7/100], Train Accuracy: 0.9974, Val Accuracy: 0.9167
2025-01-17 01:02:04,616 - INFO - Fold 4 Validation Accuracy: 0.9167
2025-01-17 01:02:04,616 - INFO - Training for fold 5/5
2025-01-17 01:02:04,723 - INFO - Epoch [1/100], Train Accuracy: 0.6562, Val Accuracy: 0.9208
2025-01-17 01:02:04,822 - INFO - Epoch [2/100], Train Accuracy: 0.9313, Val Accuracy: 0.9396
2025-01-17 01:02:04,927 - INFO - Epoch [3/100], Train Accuracy: 0.9688, Val Accuracy: 0.9333
2025-01-17 01:02:05,032 - INFO - Epoch [4/100], Train Accuracy: 0.9880, Val Accuracy: 0.9437
2025-01-17 01:02:05,133 - INFO - Epoch [5/100], Train Accuracy: 0.9927, Val Accuracy: 0.9396
2025-01-17 01:02:05,229 - INFO - Epoch [6/100], Train Accuracy: 0.9958, Val Accuracy: 0.9417
2025-01-17 01:02:05,330 - INFO - Epoch [7/100], Train Accuracy: 0.9974, Val Accuracy: 0.9375
2025-01-17 01:02:05,341 - INFO - Fold 5 Validation Accuracy: 0.9375
2025-01-17 01:02:05,342 - INFO - Average Validation Accuracy (Over 5 folds): 0.9212 

2025-01-17 01:02:05,468 - INFO - Training with Vectorized Data 1000 features. Dropout Rate 0.768. Dataset Size 2400. 218 neurons. Leanring Rate 0.0025
2025-01-17 01:02:05,468 - INFO - Training for fold 1/5
2025-01-17 01:02:05,581 - INFO - Epoch [1/100], Train Accuracy: 0.7151, Val Accuracy: 0.9292
2025-01-17 01:02:05,680 - INFO - Epoch [2/100], Train Accuracy: 0.9365, Val Accuracy: 0.9333
2025-01-17 01:02:05,787 - INFO - Epoch [3/100], Train Accuracy: 0.9693, Val Accuracy: 0.9437
2025-01-17 01:02:05,890 - INFO - Epoch [4/100], Train Accuracy: 0.9880, Val Accuracy: 0.9396
2025-01-17 01:02:05,982 - INFO - Epoch [5/100], Train Accuracy: 0.9938, Val Accuracy: 0.9437
2025-01-17 01:02:06,077 - INFO - Epoch [6/100], Train Accuracy: 0.9969, Val Accuracy: 0.9417
2025-01-17 01:02:06,173 - INFO - Epoch [7/100], Train Accuracy: 0.9974, Val Accuracy: 0.9417
2025-01-17 01:02:06,268 - INFO - Epoch [8/100], Train Accuracy: 0.9979, Val Accuracy: 0.9458
2025-01-17 01:02:06,364 - INFO - Epoch [9/100], Train Accuracy: 0.9979, Val Accuracy: 0.9458
2025-01-17 01:02:06,463 - INFO - Epoch [10/100], Train Accuracy: 0.9979, Val Accuracy: 0.9479
2025-01-17 01:02:06,559 - INFO - Epoch [11/100], Train Accuracy: 0.9979, Val Accuracy: 0.9458
2025-01-17 01:02:06,657 - INFO - Epoch [12/100], Train Accuracy: 0.9979, Val Accuracy: 0.9479
2025-01-17 01:02:06,759 - INFO - Epoch [13/100], Train Accuracy: 0.9984, Val Accuracy: 0.9500
2025-01-17 01:02:06,861 - INFO - Epoch [14/100], Train Accuracy: 0.9984, Val Accuracy: 0.9500
2025-01-17 01:02:06,963 - INFO - Epoch [15/100], Train Accuracy: 0.9984, Val Accuracy: 0.9479
2025-01-17 01:02:07,066 - INFO - Epoch [16/100], Train Accuracy: 0.9984, Val Accuracy: 0.9500
2025-01-17 01:02:07,165 - INFO - Epoch [17/100], Train Accuracy: 0.9984, Val Accuracy: 0.9479
2025-01-17 01:02:07,266 - INFO - Epoch [18/100], Train Accuracy: 0.9984, Val Accuracy: 0.9521
2025-01-17 01:02:07,361 - INFO - Epoch [19/100], Train Accuracy: 0.9984, Val Accuracy: 0.9500
2025-01-17 01:02:07,463 - INFO - Epoch [20/100], Train Accuracy: 0.9984, Val Accuracy: 0.9437
2025-01-17 01:02:07,473 - INFO - Fold 1 Validation Accuracy: 0.9437
2025-01-17 01:02:07,473 - INFO - Training for fold 2/5
2025-01-17 01:02:07,587 - INFO - Epoch [1/100], Train Accuracy: 0.6818, Val Accuracy: 0.8979
2025-01-17 01:02:07,687 - INFO - Epoch [2/100], Train Accuracy: 0.9286, Val Accuracy: 0.9271
2025-01-17 01:02:07,796 - INFO - Epoch [3/100], Train Accuracy: 0.9755, Val Accuracy: 0.9354
2025-01-17 01:02:07,893 - INFO - Epoch [4/100], Train Accuracy: 0.9891, Val Accuracy: 0.9292
2025-01-17 01:02:07,993 - INFO - Epoch [5/100], Train Accuracy: 0.9943, Val Accuracy: 0.9375
2025-01-17 01:02:08,095 - INFO - Epoch [6/100], Train Accuracy: 0.9958, Val Accuracy: 0.9250
2025-01-17 01:02:08,109 - INFO - Fold 2 Validation Accuracy: 0.9250
2025-01-17 01:02:08,109 - INFO - Training for fold 3/5
2025-01-17 01:02:08,221 - INFO - Epoch [1/100], Train Accuracy: 0.6958, Val Accuracy: 0.8562
2025-01-17 01:02:08,321 - INFO - Epoch [2/100], Train Accuracy: 0.9365, Val Accuracy: 0.9146
2025-01-17 01:02:08,418 - INFO - Epoch [3/100], Train Accuracy: 0.9734, Val Accuracy: 0.9167
2025-01-17 01:02:08,519 - INFO - Epoch [4/100], Train Accuracy: 0.9891, Val Accuracy: 0.9083
2025-01-17 01:02:08,617 - INFO - Epoch [5/100], Train Accuracy: 0.9958, Val Accuracy: 0.9083
2025-01-17 01:02:08,627 - INFO - Fold 3 Validation Accuracy: 0.9083
2025-01-17 01:02:08,627 - INFO - Training for fold 4/5
2025-01-17 01:02:08,740 - INFO - Epoch [1/100], Train Accuracy: 0.6880, Val Accuracy: 0.8896
2025-01-17 01:02:08,841 - INFO - Epoch [2/100], Train Accuracy: 0.9349, Val Accuracy: 0.9208
2025-01-17 01:02:08,942 - INFO - Epoch [3/100], Train Accuracy: 0.9729, Val Accuracy: 0.9208
2025-01-17 01:02:09,044 - INFO - Epoch [4/100], Train Accuracy: 0.9885, Val Accuracy: 0.9187
2025-01-17 01:02:09,141 - INFO - Epoch [5/100], Train Accuracy: 0.9943, Val Accuracy: 0.9229
2025-01-17 01:02:09,238 - INFO - Epoch [6/100], Train Accuracy: 0.9953, Val Accuracy: 0.9208
2025-01-17 01:02:09,337 - INFO - Epoch [7/100], Train Accuracy: 0.9964, Val Accuracy: 0.9208
2025-01-17 01:02:09,439 - INFO - Epoch [8/100], Train Accuracy: 0.9964, Val Accuracy: 0.9208
2025-01-17 01:02:09,535 - INFO - Epoch [9/100], Train Accuracy: 0.9964, Val Accuracy: 0.9229
2025-01-17 01:02:09,633 - INFO - Epoch [10/100], Train Accuracy: 0.9974, Val Accuracy: 0.9208
2025-01-17 01:02:09,735 - INFO - Epoch [11/100], Train Accuracy: 0.9979, Val Accuracy: 0.9250
2025-01-17 01:02:09,836 - INFO - Epoch [12/100], Train Accuracy: 0.9979, Val Accuracy: 0.9271
2025-01-17 01:02:09,933 - INFO - Epoch [13/100], Train Accuracy: 0.9979, Val Accuracy: 0.9250
2025-01-17 01:02:10,030 - INFO - Epoch [14/100], Train Accuracy: 0.9979, Val Accuracy: 0.9250
2025-01-17 01:02:10,128 - INFO - Epoch [15/100], Train Accuracy: 0.9979, Val Accuracy: 0.9250
2025-01-17 01:02:10,229 - INFO - Epoch [16/100], Train Accuracy: 0.9979, Val Accuracy: 0.9167
2025-01-17 01:02:10,238 - INFO - Fold 4 Validation Accuracy: 0.9167
2025-01-17 01:02:10,239 - INFO - Training for fold 5/5
2025-01-17 01:02:10,348 - INFO - Epoch [1/100], Train Accuracy: 0.7198, Val Accuracy: 0.8979
2025-01-17 01:02:10,447 - INFO - Epoch [2/100], Train Accuracy: 0.9281, Val Accuracy: 0.9271
2025-01-17 01:02:10,542 - INFO - Epoch [3/100], Train Accuracy: 0.9708, Val Accuracy: 0.9292
2025-01-17 01:02:10,636 - INFO - Epoch [4/100], Train Accuracy: 0.9901, Val Accuracy: 0.9250
2025-01-17 01:02:10,737 - INFO - Epoch [5/100], Train Accuracy: 0.9964, Val Accuracy: 0.9146
2025-01-17 01:02:10,745 - INFO - Fold 5 Validation Accuracy: 0.9146
2025-01-17 01:02:10,745 - INFO - Average Validation Accuracy (Over 5 folds): 0.9217 

2025-01-17 01:02:10,863 - INFO - Training with Vectorized Data 1000 features. Dropout Rate 0.768. Dataset Size 2400. 218 neurons. Leanring Rate 0.0025
2025-01-17 01:02:10,863 - INFO - Training for fold 1/5
2025-01-17 01:02:10,975 - INFO - Epoch [1/100], Train Accuracy: 0.6922, Val Accuracy: 0.9229
2025-01-17 01:02:11,073 - INFO - Epoch [2/100], Train Accuracy: 0.9297, Val Accuracy: 0.9250
2025-01-17 01:02:11,176 - INFO - Epoch [3/100], Train Accuracy: 0.9771, Val Accuracy: 0.9354
2025-01-17 01:02:11,276 - INFO - Epoch [4/100], Train Accuracy: 0.9891, Val Accuracy: 0.9333
2025-01-17 01:02:11,384 - INFO - Epoch [5/100], Train Accuracy: 0.9953, Val Accuracy: 0.9354
2025-01-17 01:02:11,486 - INFO - Epoch [6/100], Train Accuracy: 0.9974, Val Accuracy: 0.9354
2025-01-17 01:02:11,586 - INFO - Epoch [7/100], Train Accuracy: 0.9979, Val Accuracy: 0.9333
2025-01-17 01:02:11,692 - INFO - Epoch [8/100], Train Accuracy: 0.9979, Val Accuracy: 0.9333
2025-01-17 01:02:11,787 - INFO - Epoch [9/100], Train Accuracy: 0.9979, Val Accuracy: 0.9354
2025-01-17 01:02:11,889 - INFO - Epoch [10/100], Train Accuracy: 0.9984, Val Accuracy: 0.9354
2025-01-17 01:02:11,991 - INFO - Epoch [11/100], Train Accuracy: 0.9984, Val Accuracy: 0.9354
2025-01-17 01:02:12,090 - INFO - Epoch [12/100], Train Accuracy: 0.9984, Val Accuracy: 0.9313
2025-01-17 01:02:12,101 - INFO - Fold 1 Validation Accuracy: 0.9313
2025-01-17 01:02:12,101 - INFO - Training for fold 2/5
2025-01-17 01:02:12,216 - INFO - Epoch [1/100], Train Accuracy: 0.6557, Val Accuracy: 0.8875
2025-01-17 01:02:12,315 - INFO - Epoch [2/100], Train Accuracy: 0.9391, Val Accuracy: 0.9062
2025-01-17 01:02:12,414 - INFO - Epoch [3/100], Train Accuracy: 0.9734, Val Accuracy: 0.9167
2025-01-17 01:02:12,510 - INFO - Epoch [4/100], Train Accuracy: 0.9891, Val Accuracy: 0.9083
2025-01-17 01:02:12,609 - INFO - Epoch [5/100], Train Accuracy: 0.9948, Val Accuracy: 0.9062
2025-01-17 01:02:12,708 - INFO - Epoch [6/100], Train Accuracy: 0.9969, Val Accuracy: 0.9083
2025-01-17 01:02:12,717 - INFO - Fold 2 Validation Accuracy: 0.9083
2025-01-17 01:02:12,718 - INFO - Training for fold 3/5
2025-01-17 01:02:12,828 - INFO - Epoch [1/100], Train Accuracy: 0.6224, Val Accuracy: 0.8604
2025-01-17 01:02:12,925 - INFO - Epoch [2/100], Train Accuracy: 0.9297, Val Accuracy: 0.9042
2025-01-17 01:02:13,025 - INFO - Epoch [3/100], Train Accuracy: 0.9714, Val Accuracy: 0.9146
2025-01-17 01:02:13,123 - INFO - Epoch [4/100], Train Accuracy: 0.9875, Val Accuracy: 0.9187
2025-01-17 01:02:13,228 - INFO - Epoch [5/100], Train Accuracy: 0.9953, Val Accuracy: 0.9062
2025-01-17 01:02:13,238 - INFO - Fold 3 Validation Accuracy: 0.9062
2025-01-17 01:02:13,239 - INFO - Training for fold 4/5
2025-01-17 01:02:13,349 - INFO - Epoch [1/100], Train Accuracy: 0.6844, Val Accuracy: 0.9208
2025-01-17 01:02:13,449 - INFO - Epoch [2/100], Train Accuracy: 0.9328, Val Accuracy: 0.9500
2025-01-17 01:02:13,549 - INFO - Epoch [3/100], Train Accuracy: 0.9667, Val Accuracy: 0.9458
2025-01-17 01:02:13,653 - INFO - Epoch [4/100], Train Accuracy: 0.9870, Val Accuracy: 0.9375
2025-01-17 01:02:13,751 - INFO - Epoch [5/100], Train Accuracy: 0.9932, Val Accuracy: 0.9313
2025-01-17 01:02:13,760 - INFO - Fold 4 Validation Accuracy: 0.9313
2025-01-17 01:02:13,760 - INFO - Training for fold 5/5
2025-01-17 01:02:13,874 - INFO - Epoch [1/100], Train Accuracy: 0.7172, Val Accuracy: 0.9000
2025-01-17 01:02:13,972 - INFO - Epoch [2/100], Train Accuracy: 0.9307, Val Accuracy: 0.9208
2025-01-17 01:02:14,072 - INFO - Epoch [3/100], Train Accuracy: 0.9729, Val Accuracy: 0.9229
2025-01-17 01:02:14,172 - INFO - Epoch [4/100], Train Accuracy: 0.9911, Val Accuracy: 0.9313
2025-01-17 01:02:14,271 - INFO - Epoch [5/100], Train Accuracy: 0.9953, Val Accuracy: 0.9313
2025-01-17 01:02:14,369 - INFO - Epoch [6/100], Train Accuracy: 0.9964, Val Accuracy: 0.9292
2025-01-17 01:02:14,470 - INFO - Epoch [7/100], Train Accuracy: 0.9969, Val Accuracy: 0.9208
2025-01-17 01:02:14,484 - INFO - Fold 5 Validation Accuracy: 0.9208
2025-01-17 01:02:14,484 - INFO - Average Validation Accuracy (Over 5 folds): 0.9196 

2025-01-17 01:02:14,606 - INFO - Training with Vectorized Data 1000 features. Dropout Rate 0.768. Dataset Size 2400. 218 neurons. Leanring Rate 0.0025
2025-01-17 01:02:14,607 - INFO - Training for fold 1/5
2025-01-17 01:02:14,723 - INFO - Epoch [1/100], Train Accuracy: 0.7099, Val Accuracy: 0.9062
2025-01-17 01:02:14,829 - INFO - Epoch [2/100], Train Accuracy: 0.9349, Val Accuracy: 0.9250
2025-01-17 01:02:14,931 - INFO - Epoch [3/100], Train Accuracy: 0.9760, Val Accuracy: 0.9292
2025-01-17 01:02:15,038 - INFO - Epoch [4/100], Train Accuracy: 0.9901, Val Accuracy: 0.9271
2025-01-17 01:02:15,145 - INFO - Epoch [5/100], Train Accuracy: 0.9958, Val Accuracy: 0.9229
2025-01-17 01:02:15,157 - INFO - Fold 1 Validation Accuracy: 0.9229
2025-01-17 01:02:15,157 - INFO - Training for fold 2/5
2025-01-17 01:02:15,275 - INFO - Epoch [1/100], Train Accuracy: 0.6724, Val Accuracy: 0.8875
2025-01-17 01:02:15,381 - INFO - Epoch [2/100], Train Accuracy: 0.9339, Val Accuracy: 0.9021
2025-01-17 01:02:15,485 - INFO - Epoch [3/100], Train Accuracy: 0.9729, Val Accuracy: 0.9208
2025-01-17 01:02:15,592 - INFO - Epoch [4/100], Train Accuracy: 0.9896, Val Accuracy: 0.9104
2025-01-17 01:02:15,692 - INFO - Epoch [5/100], Train Accuracy: 0.9932, Val Accuracy: 0.9146
2025-01-17 01:02:15,794 - INFO - Epoch [6/100], Train Accuracy: 0.9958, Val Accuracy: 0.9125
2025-01-17 01:02:15,804 - INFO - Fold 2 Validation Accuracy: 0.9125
2025-01-17 01:02:15,804 - INFO - Training for fold 3/5
2025-01-17 01:02:15,922 - INFO - Epoch [1/100], Train Accuracy: 0.6891, Val Accuracy: 0.9062
2025-01-17 01:02:16,028 - INFO - Epoch [2/100], Train Accuracy: 0.9313, Val Accuracy: 0.9271
2025-01-17 01:02:16,134 - INFO - Epoch [3/100], Train Accuracy: 0.9693, Val Accuracy: 0.9375
2025-01-17 01:02:16,240 - INFO - Epoch [4/100], Train Accuracy: 0.9891, Val Accuracy: 0.9313
2025-01-17 01:02:16,346 - INFO - Epoch [5/100], Train Accuracy: 0.9953, Val Accuracy: 0.9333
2025-01-17 01:02:16,356 - INFO - Fold 3 Validation Accuracy: 0.9333
2025-01-17 01:02:16,356 - INFO - Training for fold 4/5
2025-01-17 01:02:16,540 - INFO - Epoch [1/100], Train Accuracy: 0.7203, Val Accuracy: 0.9083
2025-01-17 01:02:16,689 - INFO - Epoch [2/100], Train Accuracy: 0.9339, Val Accuracy: 0.9208
2025-01-17 01:02:16,796 - INFO - Epoch [3/100], Train Accuracy: 0.9724, Val Accuracy: 0.9313
2025-01-17 01:02:16,896 - INFO - Epoch [4/100], Train Accuracy: 0.9896, Val Accuracy: 0.9271
2025-01-17 01:02:16,992 - INFO - Epoch [5/100], Train Accuracy: 0.9953, Val Accuracy: 0.9313
2025-01-17 01:02:17,089 - INFO - Epoch [6/100], Train Accuracy: 0.9969, Val Accuracy: 0.9313
2025-01-17 01:02:17,186 - INFO - Epoch [7/100], Train Accuracy: 0.9969, Val Accuracy: 0.9313
2025-01-17 01:02:17,278 - INFO - Epoch [8/100], Train Accuracy: 0.9969, Val Accuracy: 0.9313
2025-01-17 01:02:17,377 - INFO - Epoch [9/100], Train Accuracy: 0.9969, Val Accuracy: 0.9313
2025-01-17 01:02:17,472 - INFO - Epoch [10/100], Train Accuracy: 0.9969, Val Accuracy: 0.9292
2025-01-17 01:02:17,572 - INFO - Epoch [11/100], Train Accuracy: 0.9969, Val Accuracy: 0.9229
2025-01-17 01:02:17,582 - INFO - Fold 4 Validation Accuracy: 0.9229
2025-01-17 01:02:17,582 - INFO - Training for fold 5/5
2025-01-17 01:02:17,701 - INFO - Epoch [1/100], Train Accuracy: 0.7146, Val Accuracy: 0.8854
2025-01-17 01:02:17,803 - INFO - Epoch [2/100], Train Accuracy: 0.9354, Val Accuracy: 0.9146
2025-01-17 01:02:17,903 - INFO - Epoch [3/100], Train Accuracy: 0.9740, Val Accuracy: 0.9187
2025-01-17 01:02:18,003 - INFO - Epoch [4/100], Train Accuracy: 0.9901, Val Accuracy: 0.9271
2025-01-17 01:02:18,108 - INFO - Epoch [5/100], Train Accuracy: 0.9948, Val Accuracy: 0.9250
2025-01-17 01:02:18,214 - INFO - Epoch [6/100], Train Accuracy: 0.9969, Val Accuracy: 0.9187
2025-01-17 01:02:18,224 - INFO - Fold 5 Validation Accuracy: 0.9187
2025-01-17 01:02:18,224 - INFO - Average Validation Accuracy (Over 5 folds): 0.9221 

2025-01-17 01:02:18,360 - INFO - Training with Vectorized Data 1000 features. Dropout Rate 0.768. Dataset Size 2400. 218 neurons. Leanring Rate 0.0025
2025-01-17 01:02:18,360 - INFO - Training for fold 1/5
2025-01-17 01:02:18,478 - INFO - Epoch [1/100], Train Accuracy: 0.7427, Val Accuracy: 0.9167
2025-01-17 01:02:18,577 - INFO - Epoch [2/100], Train Accuracy: 0.9307, Val Accuracy: 0.9437
2025-01-17 01:02:18,681 - INFO - Epoch [3/100], Train Accuracy: 0.9740, Val Accuracy: 0.9437
2025-01-17 01:02:18,780 - INFO - Epoch [4/100], Train Accuracy: 0.9891, Val Accuracy: 0.9354
2025-01-17 01:02:18,886 - INFO - Epoch [5/100], Train Accuracy: 0.9927, Val Accuracy: 0.9417
2025-01-17 01:02:18,988 - INFO - Epoch [6/100], Train Accuracy: 0.9964, Val Accuracy: 0.9333
2025-01-17 01:02:18,999 - INFO - Fold 1 Validation Accuracy: 0.9333
2025-01-17 01:02:18,999 - INFO - Training for fold 2/5
2025-01-17 01:02:19,112 - INFO - Epoch [1/100], Train Accuracy: 0.6646, Val Accuracy: 0.8958
2025-01-17 01:02:19,216 - INFO - Epoch [2/100], Train Accuracy: 0.9339, Val Accuracy: 0.9208
2025-01-17 01:02:19,318 - INFO - Epoch [3/100], Train Accuracy: 0.9755, Val Accuracy: 0.9208
2025-01-17 01:02:19,420 - INFO - Epoch [4/100], Train Accuracy: 0.9917, Val Accuracy: 0.9208
2025-01-17 01:02:19,525 - INFO - Epoch [5/100], Train Accuracy: 0.9953, Val Accuracy: 0.9187
2025-01-17 01:02:19,625 - INFO - Epoch [6/100], Train Accuracy: 0.9974, Val Accuracy: 0.9146
2025-01-17 01:02:19,637 - INFO - Fold 2 Validation Accuracy: 0.9146
2025-01-17 01:02:19,638 - INFO - Training for fold 3/5
2025-01-17 01:02:19,755 - INFO - Epoch [1/100], Train Accuracy: 0.7156, Val Accuracy: 0.9125
2025-01-17 01:02:19,859 - INFO - Epoch [2/100], Train Accuracy: 0.9302, Val Accuracy: 0.9250
2025-01-17 01:02:19,962 - INFO - Epoch [3/100], Train Accuracy: 0.9682, Val Accuracy: 0.9313
2025-01-17 01:02:20,071 - INFO - Epoch [4/100], Train Accuracy: 0.9870, Val Accuracy: 0.9292
2025-01-17 01:02:20,175 - INFO - Epoch [5/100], Train Accuracy: 0.9917, Val Accuracy: 0.9250
2025-01-17 01:02:20,285 - INFO - Epoch [6/100], Train Accuracy: 0.9958, Val Accuracy: 0.9313
2025-01-17 01:02:20,392 - INFO - Epoch [7/100], Train Accuracy: 0.9958, Val Accuracy: 0.9313
2025-01-17 01:02:20,495 - INFO - Epoch [8/100], Train Accuracy: 0.9969, Val Accuracy: 0.9313
2025-01-17 01:02:20,603 - INFO - Epoch [9/100], Train Accuracy: 0.9974, Val Accuracy: 0.9313
2025-01-17 01:02:20,708 - INFO - Epoch [10/100], Train Accuracy: 0.9974, Val Accuracy: 0.9333
2025-01-17 01:02:20,813 - INFO - Epoch [11/100], Train Accuracy: 0.9974, Val Accuracy: 0.9292
2025-01-17 01:02:20,822 - INFO - Fold 3 Validation Accuracy: 0.9292
2025-01-17 01:02:20,822 - INFO - Training for fold 4/5
2025-01-17 01:02:20,940 - INFO - Epoch [1/100], Train Accuracy: 0.6526, Val Accuracy: 0.9042
2025-01-17 01:02:21,045 - INFO - Epoch [2/100], Train Accuracy: 0.9323, Val Accuracy: 0.9333
2025-01-17 01:02:21,155 - INFO - Epoch [3/100], Train Accuracy: 0.9708, Val Accuracy: 0.9250
2025-01-17 01:02:21,258 - INFO - Epoch [4/100], Train Accuracy: 0.9891, Val Accuracy: 0.9292
2025-01-17 01:02:21,367 - INFO - Epoch [5/100], Train Accuracy: 0.9958, Val Accuracy: 0.9250
2025-01-17 01:02:21,377 - INFO - Fold 4 Validation Accuracy: 0.9250
2025-01-17 01:02:21,377 - INFO - Training for fold 5/5
2025-01-17 01:02:21,497 - INFO - Epoch [1/100], Train Accuracy: 0.7104, Val Accuracy: 0.8917
2025-01-17 01:02:21,601 - INFO - Epoch [2/100], Train Accuracy: 0.9333, Val Accuracy: 0.9146
2025-01-17 01:02:21,709 - INFO - Epoch [3/100], Train Accuracy: 0.9729, Val Accuracy: 0.9146
2025-01-17 01:02:21,825 - INFO - Epoch [4/100], Train Accuracy: 0.9880, Val Accuracy: 0.9083
2025-01-17 01:02:21,925 - INFO - Epoch [5/100], Train Accuracy: 0.9938, Val Accuracy: 0.9083
2025-01-17 01:02:22,036 - INFO - Epoch [6/100], Train Accuracy: 0.9953, Val Accuracy: 0.9146
2025-01-17 01:02:22,146 - INFO - Epoch [7/100], Train Accuracy: 0.9958, Val Accuracy: 0.9125
2025-01-17 01:02:22,238 - INFO - Epoch [8/100], Train Accuracy: 0.9964, Val Accuracy: 0.9083
2025-01-17 01:02:22,248 - INFO - Fold 5 Validation Accuracy: 0.9083
2025-01-17 01:02:22,248 - INFO - Average Validation Accuracy (Over 5 folds): 0.9221 

2025-01-17 01:02:22,370 - INFO - Training with Vectorized Data 1000 features. Dropout Rate 0.768. Dataset Size 2400. 218 neurons. Leanring Rate 0.0025
2025-01-17 01:02:22,371 - INFO - Training for fold 1/5
2025-01-17 01:02:22,486 - INFO - Epoch [1/100], Train Accuracy: 0.6667, Val Accuracy: 0.9000
2025-01-17 01:02:22,579 - INFO - Epoch [2/100], Train Accuracy: 0.9323, Val Accuracy: 0.9062
2025-01-17 01:02:22,680 - INFO - Epoch [3/100], Train Accuracy: 0.9724, Val Accuracy: 0.9229
2025-01-17 01:02:22,783 - INFO - Epoch [4/100], Train Accuracy: 0.9885, Val Accuracy: 0.9250
2025-01-17 01:02:22,897 - INFO - Epoch [5/100], Train Accuracy: 0.9938, Val Accuracy: 0.9208
2025-01-17 01:02:23,015 - INFO - Epoch [6/100], Train Accuracy: 0.9958, Val Accuracy: 0.9167
2025-01-17 01:02:23,029 - INFO - Fold 1 Validation Accuracy: 0.9167
2025-01-17 01:02:23,029 - INFO - Training for fold 2/5
2025-01-17 01:02:23,163 - INFO - Epoch [1/100], Train Accuracy: 0.6542, Val Accuracy: 0.9187
2025-01-17 01:02:23,271 - INFO - Epoch [2/100], Train Accuracy: 0.9339, Val Accuracy: 0.9458
2025-01-17 01:02:23,369 - INFO - Epoch [3/100], Train Accuracy: 0.9719, Val Accuracy: 0.9354
2025-01-17 01:02:23,473 - INFO - Epoch [4/100], Train Accuracy: 0.9870, Val Accuracy: 0.9292
2025-01-17 01:02:23,484 - INFO - Fold 2 Validation Accuracy: 0.9292
2025-01-17 01:02:23,484 - INFO - Training for fold 3/5
2025-01-17 01:02:23,604 - INFO - Epoch [1/100], Train Accuracy: 0.6807, Val Accuracy: 0.9187
2025-01-17 01:02:23,708 - INFO - Epoch [2/100], Train Accuracy: 0.9344, Val Accuracy: 0.9229
2025-01-17 01:02:23,803 - INFO - Epoch [3/100], Train Accuracy: 0.9729, Val Accuracy: 0.9167
2025-01-17 01:02:23,913 - INFO - Epoch [4/100], Train Accuracy: 0.9875, Val Accuracy: 0.9229
2025-01-17 01:02:24,021 - INFO - Epoch [5/100], Train Accuracy: 0.9948, Val Accuracy: 0.9271
2025-01-17 01:02:24,124 - INFO - Epoch [6/100], Train Accuracy: 0.9974, Val Accuracy: 0.9250
2025-01-17 01:02:24,237 - INFO - Epoch [7/100], Train Accuracy: 0.9979, Val Accuracy: 0.9229
2025-01-17 01:02:24,250 - INFO - Fold 3 Validation Accuracy: 0.9229
2025-01-17 01:02:24,250 - INFO - Training for fold 4/5
2025-01-17 01:02:24,369 - INFO - Epoch [1/100], Train Accuracy: 0.7318, Val Accuracy: 0.9042
2025-01-17 01:02:24,467 - INFO - Epoch [2/100], Train Accuracy: 0.9339, Val Accuracy: 0.9208
2025-01-17 01:02:24,577 - INFO - Epoch [3/100], Train Accuracy: 0.9750, Val Accuracy: 0.9146
2025-01-17 01:02:24,681 - INFO - Epoch [4/100], Train Accuracy: 0.9906, Val Accuracy: 0.9167
2025-01-17 01:02:24,776 - INFO - Epoch [5/100], Train Accuracy: 0.9964, Val Accuracy: 0.9104
2025-01-17 01:02:24,788 - INFO - Fold 4 Validation Accuracy: 0.9104
2025-01-17 01:02:24,788 - INFO - Training for fold 5/5
2025-01-17 01:02:24,899 - INFO - Epoch [1/100], Train Accuracy: 0.6672, Val Accuracy: 0.8583
2025-01-17 01:02:25,013 - INFO - Epoch [2/100], Train Accuracy: 0.9339, Val Accuracy: 0.9167
2025-01-17 01:02:25,109 - INFO - Epoch [3/100], Train Accuracy: 0.9776, Val Accuracy: 0.9208
2025-01-17 01:02:25,211 - INFO - Epoch [4/100], Train Accuracy: 0.9880, Val Accuracy: 0.9208
2025-01-17 01:02:25,303 - INFO - Epoch [5/100], Train Accuracy: 0.9938, Val Accuracy: 0.9292
2025-01-17 01:02:25,399 - INFO - Epoch [6/100], Train Accuracy: 0.9958, Val Accuracy: 0.9250
2025-01-17 01:02:25,409 - INFO - Fold 5 Validation Accuracy: 0.9250
2025-01-17 01:02:25,409 - INFO - Average Validation Accuracy (Over 5 folds): 0.9208 

2025-01-17 01:02:25,533 - INFO - Training with Vectorized Data 1000 features. Dropout Rate 0.768. Dataset Size 2400. 218 neurons. Leanring Rate 0.0025
2025-01-17 01:02:25,533 - INFO - Training for fold 1/5
2025-01-17 01:02:25,637 - INFO - Epoch [1/100], Train Accuracy: 0.7120, Val Accuracy: 0.8833
2025-01-17 01:02:25,739 - INFO - Epoch [2/100], Train Accuracy: 0.9380, Val Accuracy: 0.9208
2025-01-17 01:02:25,831 - INFO - Epoch [3/100], Train Accuracy: 0.9724, Val Accuracy: 0.9167
2025-01-17 01:02:25,921 - INFO - Epoch [4/100], Train Accuracy: 0.9875, Val Accuracy: 0.9208
2025-01-17 01:02:26,023 - INFO - Epoch [5/100], Train Accuracy: 0.9927, Val Accuracy: 0.9187
2025-01-17 01:02:26,120 - INFO - Epoch [6/100], Train Accuracy: 0.9953, Val Accuracy: 0.9208
2025-01-17 01:02:26,214 - INFO - Epoch [7/100], Train Accuracy: 0.9953, Val Accuracy: 0.9167
2025-01-17 01:02:26,226 - INFO - Fold 1 Validation Accuracy: 0.9167
2025-01-17 01:02:26,226 - INFO - Training for fold 2/5
2025-01-17 01:02:26,336 - INFO - Epoch [1/100], Train Accuracy: 0.6453, Val Accuracy: 0.9396
2025-01-17 01:02:26,430 - INFO - Epoch [2/100], Train Accuracy: 0.9297, Val Accuracy: 0.9375
2025-01-17 01:02:26,532 - INFO - Epoch [3/100], Train Accuracy: 0.9667, Val Accuracy: 0.9458
2025-01-17 01:02:26,623 - INFO - Epoch [4/100], Train Accuracy: 0.9885, Val Accuracy: 0.9437
2025-01-17 01:02:26,719 - INFO - Epoch [5/100], Train Accuracy: 0.9938, Val Accuracy: 0.9417
2025-01-17 01:02:26,834 - INFO - Epoch [6/100], Train Accuracy: 0.9958, Val Accuracy: 0.9458
2025-01-17 01:02:26,929 - INFO - Epoch [7/100], Train Accuracy: 0.9964, Val Accuracy: 0.9500
2025-01-17 01:02:27,041 - INFO - Epoch [8/100], Train Accuracy: 0.9969, Val Accuracy: 0.9479
2025-01-17 01:02:27,140 - INFO - Epoch [9/100], Train Accuracy: 0.9969, Val Accuracy: 0.9458
2025-01-17 01:02:27,155 - INFO - Fold 2 Validation Accuracy: 0.9458
2025-01-17 01:02:27,155 - INFO - Training for fold 3/5
2025-01-17 01:02:27,262 - INFO - Epoch [1/100], Train Accuracy: 0.7130, Val Accuracy: 0.9104
2025-01-17 01:02:27,350 - INFO - Epoch [2/100], Train Accuracy: 0.9396, Val Accuracy: 0.9208
2025-01-17 01:02:27,439 - INFO - Epoch [3/100], Train Accuracy: 0.9729, Val Accuracy: 0.9271
2025-01-17 01:02:27,547 - INFO - Epoch [4/100], Train Accuracy: 0.9901, Val Accuracy: 0.9292
2025-01-17 01:02:27,653 - INFO - Epoch [5/100], Train Accuracy: 0.9953, Val Accuracy: 0.9250
2025-01-17 01:02:27,663 - INFO - Fold 3 Validation Accuracy: 0.9250
2025-01-17 01:02:27,664 - INFO - Training for fold 4/5
2025-01-17 01:02:27,765 - INFO - Epoch [1/100], Train Accuracy: 0.7094, Val Accuracy: 0.8833
2025-01-17 01:02:27,856 - INFO - Epoch [2/100], Train Accuracy: 0.9391, Val Accuracy: 0.9021
2025-01-17 01:02:27,950 - INFO - Epoch [3/100], Train Accuracy: 0.9786, Val Accuracy: 0.9146
2025-01-17 01:02:28,065 - INFO - Epoch [4/100], Train Accuracy: 0.9911, Val Accuracy: 0.9208
2025-01-17 01:02:28,153 - INFO - Epoch [5/100], Train Accuracy: 0.9927, Val Accuracy: 0.9229
2025-01-17 01:02:28,245 - INFO - Epoch [6/100], Train Accuracy: 0.9958, Val Accuracy: 0.9125
2025-01-17 01:02:28,255 - INFO - Fold 4 Validation Accuracy: 0.9125
2025-01-17 01:02:28,255 - INFO - Training for fold 5/5
2025-01-17 01:02:28,358 - INFO - Epoch [1/100], Train Accuracy: 0.6323, Val Accuracy: 0.9250
2025-01-17 01:02:28,454 - INFO - Epoch [2/100], Train Accuracy: 0.9365, Val Accuracy: 0.9271
2025-01-17 01:02:28,541 - INFO - Epoch [3/100], Train Accuracy: 0.9682, Val Accuracy: 0.9333
2025-01-17 01:02:28,644 - INFO - Epoch [4/100], Train Accuracy: 0.9875, Val Accuracy: 0.9333
2025-01-17 01:02:28,735 - INFO - Epoch [5/100], Train Accuracy: 0.9958, Val Accuracy: 0.9333
2025-01-17 01:02:28,828 - INFO - Epoch [6/100], Train Accuracy: 0.9974, Val Accuracy: 0.9313
2025-01-17 01:02:28,925 - INFO - Epoch [7/100], Train Accuracy: 0.9979, Val Accuracy: 0.9271
2025-01-17 01:02:28,939 - INFO - Fold 5 Validation Accuracy: 0.9271
2025-01-17 01:02:28,940 - INFO - Average Validation Accuracy (Over 5 folds): 0.9254 

2025-01-17 01:02:29,059 - INFO - Training with Vectorized Data 1000 features. Dropout Rate 0.768. Dataset Size 2400. 218 neurons. Leanring Rate 0.0025
2025-01-17 01:02:29,060 - INFO - Training for fold 1/5
2025-01-17 01:02:29,174 - INFO - Epoch [1/100], Train Accuracy: 0.6880, Val Accuracy: 0.9000
2025-01-17 01:02:29,272 - INFO - Epoch [2/100], Train Accuracy: 0.9260, Val Accuracy: 0.9333
2025-01-17 01:02:29,360 - INFO - Epoch [3/100], Train Accuracy: 0.9724, Val Accuracy: 0.9333
2025-01-17 01:02:29,454 - INFO - Epoch [4/100], Train Accuracy: 0.9891, Val Accuracy: 0.9437
2025-01-17 01:02:29,543 - INFO - Epoch [5/100], Train Accuracy: 0.9943, Val Accuracy: 0.9375
2025-01-17 01:02:29,633 - INFO - Epoch [6/100], Train Accuracy: 0.9974, Val Accuracy: 0.9375
2025-01-17 01:02:29,642 - INFO - Fold 1 Validation Accuracy: 0.9375
2025-01-17 01:02:29,642 - INFO - Training for fold 2/5
2025-01-17 01:02:29,751 - INFO - Epoch [1/100], Train Accuracy: 0.6750, Val Accuracy: 0.8979
2025-01-17 01:02:29,842 - INFO - Epoch [2/100], Train Accuracy: 0.9354, Val Accuracy: 0.9146
2025-01-17 01:02:29,939 - INFO - Epoch [3/100], Train Accuracy: 0.9698, Val Accuracy: 0.9187
2025-01-17 01:02:30,028 - INFO - Epoch [4/100], Train Accuracy: 0.9885, Val Accuracy: 0.9167
2025-01-17 01:02:30,133 - INFO - Epoch [5/100], Train Accuracy: 0.9948, Val Accuracy: 0.9187
2025-01-17 01:02:30,239 - INFO - Epoch [6/100], Train Accuracy: 0.9964, Val Accuracy: 0.9146
2025-01-17 01:02:30,249 - INFO - Fold 2 Validation Accuracy: 0.9146
2025-01-17 01:02:30,249 - INFO - Training for fold 3/5
2025-01-17 01:02:30,362 - INFO - Epoch [1/100], Train Accuracy: 0.7104, Val Accuracy: 0.9000
2025-01-17 01:02:30,464 - INFO - Epoch [2/100], Train Accuracy: 0.9359, Val Accuracy: 0.9313
2025-01-17 01:02:30,570 - INFO - Epoch [3/100], Train Accuracy: 0.9698, Val Accuracy: 0.9313
2025-01-17 01:02:30,669 - INFO - Epoch [4/100], Train Accuracy: 0.9880, Val Accuracy: 0.9208
2025-01-17 01:02:30,759 - INFO - Epoch [5/100], Train Accuracy: 0.9953, Val Accuracy: 0.9292
2025-01-17 01:02:30,856 - INFO - Epoch [6/100], Train Accuracy: 0.9974, Val Accuracy: 0.9313
2025-01-17 01:02:30,963 - INFO - Epoch [7/100], Train Accuracy: 0.9979, Val Accuracy: 0.9333
2025-01-17 01:02:31,056 - INFO - Epoch [8/100], Train Accuracy: 0.9979, Val Accuracy: 0.9292
2025-01-17 01:02:31,067 - INFO - Fold 3 Validation Accuracy: 0.9292
2025-01-17 01:02:31,067 - INFO - Training for fold 4/5
2025-01-17 01:02:31,177 - INFO - Epoch [1/100], Train Accuracy: 0.7276, Val Accuracy: 0.9083
2025-01-17 01:02:31,268 - INFO - Epoch [2/100], Train Accuracy: 0.9323, Val Accuracy: 0.9229
2025-01-17 01:02:31,358 - INFO - Epoch [3/100], Train Accuracy: 0.9734, Val Accuracy: 0.9250
2025-01-17 01:02:31,447 - INFO - Epoch [4/100], Train Accuracy: 0.9865, Val Accuracy: 0.9250
2025-01-17 01:02:31,531 - INFO - Epoch [5/100], Train Accuracy: 0.9922, Val Accuracy: 0.9250
2025-01-17 01:02:31,623 - INFO - Epoch [6/100], Train Accuracy: 0.9969, Val Accuracy: 0.9292
2025-01-17 01:02:31,718 - INFO - Epoch [7/100], Train Accuracy: 0.9974, Val Accuracy: 0.9333
2025-01-17 01:02:31,820 - INFO - Epoch [8/100], Train Accuracy: 0.9974, Val Accuracy: 0.9292
2025-01-17 01:02:31,830 - INFO - Fold 4 Validation Accuracy: 0.9292
2025-01-17 01:02:31,830 - INFO - Training for fold 5/5
2025-01-17 01:02:31,933 - INFO - Epoch [1/100], Train Accuracy: 0.6932, Val Accuracy: 0.8958
2025-01-17 01:02:32,022 - INFO - Epoch [2/100], Train Accuracy: 0.9359, Val Accuracy: 0.9250
2025-01-17 01:02:32,122 - INFO - Epoch [3/100], Train Accuracy: 0.9724, Val Accuracy: 0.9292
2025-01-17 01:02:32,218 - INFO - Epoch [4/100], Train Accuracy: 0.9875, Val Accuracy: 0.9271
2025-01-17 01:02:32,325 - INFO - Epoch [5/100], Train Accuracy: 0.9927, Val Accuracy: 0.9187
2025-01-17 01:02:32,413 - INFO - Epoch [6/100], Train Accuracy: 0.9964, Val Accuracy: 0.9250
2025-01-17 01:02:32,423 - INFO - Fold 5 Validation Accuracy: 0.9250
2025-01-17 01:02:32,424 - INFO - Average Validation Accuracy (Over 5 folds): 0.9271 

2025-01-17 01:02:32,539 - INFO - Training with Vectorized Data 1000 features. Dropout Rate 0.768. Dataset Size 2400. 218 neurons. Leanring Rate 0.0025
2025-01-17 01:02:32,540 - INFO - Training for fold 1/5
2025-01-17 01:02:32,650 - INFO - Epoch [1/100], Train Accuracy: 0.6813, Val Accuracy: 0.8792
2025-01-17 01:02:32,739 - INFO - Epoch [2/100], Train Accuracy: 0.9307, Val Accuracy: 0.9292
2025-01-17 01:02:32,842 - INFO - Epoch [3/100], Train Accuracy: 0.9729, Val Accuracy: 0.9125
2025-01-17 01:02:32,853 - INFO - Fold 1 Validation Accuracy: 0.9125
2025-01-17 01:02:32,853 - INFO - Training for fold 2/5
2025-01-17 01:02:32,962 - INFO - Epoch [1/100], Train Accuracy: 0.7089, Val Accuracy: 0.8583
2025-01-17 01:02:33,057 - INFO - Epoch [2/100], Train Accuracy: 0.9313, Val Accuracy: 0.9083
2025-01-17 01:02:33,154 - INFO - Epoch [3/100], Train Accuracy: 0.9755, Val Accuracy: 0.9187
2025-01-17 01:02:33,243 - INFO - Epoch [4/100], Train Accuracy: 0.9875, Val Accuracy: 0.9083
2025-01-17 01:02:33,342 - INFO - Epoch [5/100], Train Accuracy: 0.9938, Val Accuracy: 0.9083
2025-01-17 01:02:33,435 - INFO - Epoch [6/100], Train Accuracy: 0.9964, Val Accuracy: 0.9104
2025-01-17 01:02:33,445 - INFO - Fold 2 Validation Accuracy: 0.9104
2025-01-17 01:02:33,445 - INFO - Training for fold 3/5
2025-01-17 01:02:33,545 - INFO - Epoch [1/100], Train Accuracy: 0.6599, Val Accuracy: 0.9208
2025-01-17 01:02:33,639 - INFO - Epoch [2/100], Train Accuracy: 0.9354, Val Accuracy: 0.9500
2025-01-17 01:02:33,735 - INFO - Epoch [3/100], Train Accuracy: 0.9714, Val Accuracy: 0.9417
2025-01-17 01:02:33,826 - INFO - Epoch [4/100], Train Accuracy: 0.9870, Val Accuracy: 0.9375
2025-01-17 01:02:33,915 - INFO - Epoch [5/100], Train Accuracy: 0.9938, Val Accuracy: 0.9313
2025-01-17 01:02:33,925 - INFO - Fold 3 Validation Accuracy: 0.9313
2025-01-17 01:02:33,926 - INFO - Training for fold 4/5
2025-01-17 01:02:34,033 - INFO - Epoch [1/100], Train Accuracy: 0.6672, Val Accuracy: 0.9000
2025-01-17 01:02:34,123 - INFO - Epoch [2/100], Train Accuracy: 0.9401, Val Accuracy: 0.9208
2025-01-17 01:02:34,216 - INFO - Epoch [3/100], Train Accuracy: 0.9724, Val Accuracy: 0.9292
2025-01-17 01:02:34,302 - INFO - Epoch [4/100], Train Accuracy: 0.9901, Val Accuracy: 0.9229
2025-01-17 01:02:34,391 - INFO - Epoch [5/100], Train Accuracy: 0.9943, Val Accuracy: 0.9146
2025-01-17 01:02:34,485 - INFO - Epoch [6/100], Train Accuracy: 0.9969, Val Accuracy: 0.9229
2025-01-17 01:02:34,495 - INFO - Fold 4 Validation Accuracy: 0.9229
2025-01-17 01:02:34,495 - INFO - Training for fold 5/5
2025-01-17 01:02:34,598 - INFO - Epoch [1/100], Train Accuracy: 0.7089, Val Accuracy: 0.9062
2025-01-17 01:02:34,686 - INFO - Epoch [2/100], Train Accuracy: 0.9302, Val Accuracy: 0.9208
2025-01-17 01:02:34,774 - INFO - Epoch [3/100], Train Accuracy: 0.9656, Val Accuracy: 0.9271
2025-01-17 01:02:34,863 - INFO - Epoch [4/100], Train Accuracy: 0.9859, Val Accuracy: 0.9354
2025-01-17 01:02:34,958 - INFO - Epoch [5/100], Train Accuracy: 0.9938, Val Accuracy: 0.9313
2025-01-17 01:02:35,052 - INFO - Epoch [6/100], Train Accuracy: 0.9948, Val Accuracy: 0.9313
2025-01-17 01:02:35,143 - INFO - Epoch [7/100], Train Accuracy: 0.9953, Val Accuracy: 0.9333
2025-01-17 01:02:35,237 - INFO - Epoch [8/100], Train Accuracy: 0.9969, Val Accuracy: 0.9333
2025-01-17 01:02:35,322 - INFO - Epoch [9/100], Train Accuracy: 0.9969, Val Accuracy: 0.9313
2025-01-17 01:02:35,332 - INFO - Fold 5 Validation Accuracy: 0.9313
2025-01-17 01:02:35,332 - INFO - Average Validation Accuracy (Over 5 folds): 0.9217 

2025-01-17 01:02:35,449 - INFO - Training with Vectorized Data 1000 features. Dropout Rate 0.768. Dataset Size 2400. 218 neurons. Leanring Rate 0.0025
2025-01-17 01:02:35,449 - INFO - Training for fold 1/5
2025-01-17 01:02:35,548 - INFO - Epoch [1/100], Train Accuracy: 0.7135, Val Accuracy: 0.9167
2025-01-17 01:02:35,635 - INFO - Epoch [2/100], Train Accuracy: 0.9307, Val Accuracy: 0.9250
2025-01-17 01:02:35,722 - INFO - Epoch [3/100], Train Accuracy: 0.9729, Val Accuracy: 0.9333
2025-01-17 01:02:35,821 - INFO - Epoch [4/100], Train Accuracy: 0.9859, Val Accuracy: 0.9229
2025-01-17 01:02:35,911 - INFO - Epoch [5/100], Train Accuracy: 0.9953, Val Accuracy: 0.9250
2025-01-17 01:02:35,924 - INFO - Fold 1 Validation Accuracy: 0.9250
2025-01-17 01:02:35,924 - INFO - Training for fold 2/5
2025-01-17 01:02:36,021 - INFO - Epoch [1/100], Train Accuracy: 0.6891, Val Accuracy: 0.8938
2025-01-17 01:02:36,109 - INFO - Epoch [2/100], Train Accuracy: 0.9365, Val Accuracy: 0.9104
2025-01-17 01:02:36,195 - INFO - Epoch [3/100], Train Accuracy: 0.9776, Val Accuracy: 0.9146
2025-01-17 01:02:36,283 - INFO - Epoch [4/100], Train Accuracy: 0.9880, Val Accuracy: 0.9083
2025-01-17 01:02:36,368 - INFO - Epoch [5/100], Train Accuracy: 0.9932, Val Accuracy: 0.9083
2025-01-17 01:02:36,457 - INFO - Epoch [6/100], Train Accuracy: 0.9969, Val Accuracy: 0.9042
2025-01-17 01:02:36,467 - INFO - Fold 2 Validation Accuracy: 0.9042
2025-01-17 01:02:36,468 - INFO - Training for fold 3/5
2025-01-17 01:02:36,564 - INFO - Epoch [1/100], Train Accuracy: 0.7208, Val Accuracy: 0.8875
2025-01-17 01:02:36,653 - INFO - Epoch [2/100], Train Accuracy: 0.9344, Val Accuracy: 0.9125
2025-01-17 01:02:36,742 - INFO - Epoch [3/100], Train Accuracy: 0.9740, Val Accuracy: 0.9146
2025-01-17 01:02:36,835 - INFO - Epoch [4/100], Train Accuracy: 0.9885, Val Accuracy: 0.9187
2025-01-17 01:02:36,929 - INFO - Epoch [5/100], Train Accuracy: 0.9932, Val Accuracy: 0.9229
2025-01-17 01:02:37,016 - INFO - Epoch [6/100], Train Accuracy: 0.9943, Val Accuracy: 0.9208
2025-01-17 01:02:37,104 - INFO - Epoch [7/100], Train Accuracy: 0.9958, Val Accuracy: 0.9167
2025-01-17 01:02:37,114 - INFO - Fold 3 Validation Accuracy: 0.9167
2025-01-17 01:02:37,114 - INFO - Training for fold 4/5
2025-01-17 01:02:37,213 - INFO - Epoch [1/100], Train Accuracy: 0.7047, Val Accuracy: 0.9021
2025-01-17 01:02:37,298 - INFO - Epoch [2/100], Train Accuracy: 0.9333, Val Accuracy: 0.9167
2025-01-17 01:02:37,387 - INFO - Epoch [3/100], Train Accuracy: 0.9703, Val Accuracy: 0.9229
2025-01-17 01:02:37,477 - INFO - Epoch [4/100], Train Accuracy: 0.9901, Val Accuracy: 0.9250
2025-01-17 01:02:37,569 - INFO - Epoch [5/100], Train Accuracy: 0.9953, Val Accuracy: 0.9208
2025-01-17 01:02:37,579 - INFO - Fold 4 Validation Accuracy: 0.9208
2025-01-17 01:02:37,579 - INFO - Training for fold 5/5
2025-01-17 01:02:37,680 - INFO - Epoch [1/100], Train Accuracy: 0.6604, Val Accuracy: 0.9000
2025-01-17 01:02:37,779 - INFO - Epoch [2/100], Train Accuracy: 0.9302, Val Accuracy: 0.9333
2025-01-17 01:02:37,889 - INFO - Epoch [3/100], Train Accuracy: 0.9677, Val Accuracy: 0.9417
2025-01-17 01:02:37,988 - INFO - Epoch [4/100], Train Accuracy: 0.9865, Val Accuracy: 0.9437
2025-01-17 01:02:38,080 - INFO - Epoch [5/100], Train Accuracy: 0.9927, Val Accuracy: 0.9396
2025-01-17 01:02:38,185 - INFO - Epoch [6/100], Train Accuracy: 0.9958, Val Accuracy: 0.9417
2025-01-17 01:02:38,284 - INFO - Epoch [7/100], Train Accuracy: 0.9969, Val Accuracy: 0.9396
2025-01-17 01:02:38,293 - INFO - Fold 5 Validation Accuracy: 0.9396
2025-01-17 01:02:38,294 - INFO - Average Validation Accuracy (Over 5 folds): 0.9213 

2025-01-17 01:02:38,420 - INFO - Training with Vectorized Data 1000 features. Dropout Rate 0.768. Dataset Size 2400. 218 neurons. Leanring Rate 0.0025
2025-01-17 01:02:38,421 - INFO - Training for fold 1/5
2025-01-17 01:02:38,522 - INFO - Epoch [1/100], Train Accuracy: 0.7078, Val Accuracy: 0.8833
2025-01-17 01:02:38,617 - INFO - Epoch [2/100], Train Accuracy: 0.9250, Val Accuracy: 0.9125
2025-01-17 01:02:38,725 - INFO - Epoch [3/100], Train Accuracy: 0.9714, Val Accuracy: 0.9187
2025-01-17 01:02:38,832 - INFO - Epoch [4/100], Train Accuracy: 0.9875, Val Accuracy: 0.9167
2025-01-17 01:02:38,936 - INFO - Epoch [5/100], Train Accuracy: 0.9932, Val Accuracy: 0.9187
2025-01-17 01:02:39,042 - INFO - Epoch [6/100], Train Accuracy: 0.9964, Val Accuracy: 0.9187
2025-01-17 01:02:39,142 - INFO - Epoch [7/100], Train Accuracy: 0.9969, Val Accuracy: 0.9187
2025-01-17 01:02:39,238 - INFO - Epoch [8/100], Train Accuracy: 0.9969, Val Accuracy: 0.9208
2025-01-17 01:02:39,345 - INFO - Epoch [9/100], Train Accuracy: 0.9974, Val Accuracy: 0.9187
2025-01-17 01:02:39,445 - INFO - Epoch [10/100], Train Accuracy: 0.9974, Val Accuracy: 0.9229
2025-01-17 01:02:39,549 - INFO - Epoch [11/100], Train Accuracy: 0.9974, Val Accuracy: 0.9187
2025-01-17 01:02:39,559 - INFO - Fold 1 Validation Accuracy: 0.9187
2025-01-17 01:02:39,559 - INFO - Training for fold 2/5
2025-01-17 01:02:39,683 - INFO - Epoch [1/100], Train Accuracy: 0.6891, Val Accuracy: 0.9167
2025-01-17 01:02:39,789 - INFO - Epoch [2/100], Train Accuracy: 0.9333, Val Accuracy: 0.9292
2025-01-17 01:02:39,882 - INFO - Epoch [3/100], Train Accuracy: 0.9682, Val Accuracy: 0.9396
2025-01-17 01:02:39,991 - INFO - Epoch [4/100], Train Accuracy: 0.9891, Val Accuracy: 0.9479
2025-01-17 01:02:40,089 - INFO - Epoch [5/100], Train Accuracy: 0.9948, Val Accuracy: 0.9437
2025-01-17 01:02:40,185 - INFO - Epoch [6/100], Train Accuracy: 0.9964, Val Accuracy: 0.9458
2025-01-17 01:02:40,280 - INFO - Epoch [7/100], Train Accuracy: 0.9964, Val Accuracy: 0.9396
2025-01-17 01:02:40,292 - INFO - Fold 2 Validation Accuracy: 0.9396
2025-01-17 01:02:40,292 - INFO - Training for fold 3/5
2025-01-17 01:02:40,401 - INFO - Epoch [1/100], Train Accuracy: 0.7349, Val Accuracy: 0.8938
2025-01-17 01:02:40,516 - INFO - Epoch [2/100], Train Accuracy: 0.9333, Val Accuracy: 0.9229
2025-01-17 01:02:40,611 - INFO - Epoch [3/100], Train Accuracy: 0.9750, Val Accuracy: 0.9333
2025-01-17 01:02:40,711 - INFO - Epoch [4/100], Train Accuracy: 0.9891, Val Accuracy: 0.9271
2025-01-17 01:02:40,815 - INFO - Epoch [5/100], Train Accuracy: 0.9943, Val Accuracy: 0.9250
2025-01-17 01:02:40,919 - INFO - Epoch [6/100], Train Accuracy: 0.9964, Val Accuracy: 0.9187
2025-01-17 01:02:40,929 - INFO - Fold 3 Validation Accuracy: 0.9187
2025-01-17 01:02:40,929 - INFO - Training for fold 4/5
2025-01-17 01:02:41,047 - INFO - Epoch [1/100], Train Accuracy: 0.7276, Val Accuracy: 0.9062
2025-01-17 01:02:41,156 - INFO - Epoch [2/100], Train Accuracy: 0.9370, Val Accuracy: 0.9313
2025-01-17 01:02:41,276 - INFO - Epoch [3/100], Train Accuracy: 0.9719, Val Accuracy: 0.9271
2025-01-17 01:02:41,372 - INFO - Epoch [4/100], Train Accuracy: 0.9896, Val Accuracy: 0.9250
2025-01-17 01:02:41,490 - INFO - Epoch [5/100], Train Accuracy: 0.9943, Val Accuracy: 0.9208
2025-01-17 01:02:41,604 - INFO - Epoch [6/100], Train Accuracy: 0.9974, Val Accuracy: 0.9187
2025-01-17 01:02:41,614 - INFO - Fold 4 Validation Accuracy: 0.9187
2025-01-17 01:02:41,614 - INFO - Training for fold 5/5
2025-01-17 01:02:41,722 - INFO - Epoch [1/100], Train Accuracy: 0.7021, Val Accuracy: 0.9125
2025-01-17 01:02:41,824 - INFO - Epoch [2/100], Train Accuracy: 0.9323, Val Accuracy: 0.9458
2025-01-17 01:02:41,928 - INFO - Epoch [3/100], Train Accuracy: 0.9698, Val Accuracy: 0.9375
2025-01-17 01:02:42,046 - INFO - Epoch [4/100], Train Accuracy: 0.9911, Val Accuracy: 0.9333
2025-01-17 01:02:42,160 - INFO - Epoch [5/100], Train Accuracy: 0.9953, Val Accuracy: 0.9271
2025-01-17 01:02:42,173 - INFO - Fold 5 Validation Accuracy: 0.9271
2025-01-17 01:02:42,175 - INFO - Average Validation Accuracy (Over 5 folds): 0.9246 

2025-01-17 01:02:42,317 - INFO - Training with Vectorized Data 1000 features. Dropout Rate 0.768. Dataset Size 2400. 218 neurons. Leanring Rate 0.0025
2025-01-17 01:02:42,317 - INFO - Training for fold 1/5
2025-01-17 01:02:42,433 - INFO - Epoch [1/100], Train Accuracy: 0.6870, Val Accuracy: 0.8958
2025-01-17 01:02:42,532 - INFO - Epoch [2/100], Train Accuracy: 0.9359, Val Accuracy: 0.9229
2025-01-17 01:02:42,636 - INFO - Epoch [3/100], Train Accuracy: 0.9682, Val Accuracy: 0.9229
2025-01-17 01:02:42,731 - INFO - Epoch [4/100], Train Accuracy: 0.9906, Val Accuracy: 0.9250
2025-01-17 01:02:42,817 - INFO - Epoch [5/100], Train Accuracy: 0.9953, Val Accuracy: 0.9313
2025-01-17 01:02:42,921 - INFO - Epoch [6/100], Train Accuracy: 0.9974, Val Accuracy: 0.9250
2025-01-17 01:02:42,934 - INFO - Fold 1 Validation Accuracy: 0.9250
2025-01-17 01:02:42,934 - INFO - Training for fold 2/5
2025-01-17 01:02:43,047 - INFO - Epoch [1/100], Train Accuracy: 0.7156, Val Accuracy: 0.9000
2025-01-17 01:02:43,162 - INFO - Epoch [2/100], Train Accuracy: 0.9385, Val Accuracy: 0.9125
2025-01-17 01:02:43,267 - INFO - Epoch [3/100], Train Accuracy: 0.9745, Val Accuracy: 0.9250
2025-01-17 01:02:43,359 - INFO - Epoch [4/100], Train Accuracy: 0.9891, Val Accuracy: 0.9250
2025-01-17 01:02:43,462 - INFO - Epoch [5/100], Train Accuracy: 0.9938, Val Accuracy: 0.9271
2025-01-17 01:02:43,562 - INFO - Epoch [6/100], Train Accuracy: 0.9948, Val Accuracy: 0.9250
2025-01-17 01:02:43,652 - INFO - Epoch [7/100], Train Accuracy: 0.9964, Val Accuracy: 0.9271
2025-01-17 01:02:43,746 - INFO - Epoch [8/100], Train Accuracy: 0.9969, Val Accuracy: 0.9229
2025-01-17 01:02:43,757 - INFO - Fold 2 Validation Accuracy: 0.9229
2025-01-17 01:02:43,757 - INFO - Training for fold 3/5
2025-01-17 01:02:43,868 - INFO - Epoch [1/100], Train Accuracy: 0.6911, Val Accuracy: 0.9104
2025-01-17 01:02:43,973 - INFO - Epoch [2/100], Train Accuracy: 0.9271, Val Accuracy: 0.9229
2025-01-17 01:02:44,079 - INFO - Epoch [3/100], Train Accuracy: 0.9719, Val Accuracy: 0.9396
2025-01-17 01:02:44,175 - INFO - Epoch [4/100], Train Accuracy: 0.9880, Val Accuracy: 0.9354
2025-01-17 01:02:44,272 - INFO - Epoch [5/100], Train Accuracy: 0.9922, Val Accuracy: 0.9292
2025-01-17 01:02:44,365 - INFO - Epoch [6/100], Train Accuracy: 0.9964, Val Accuracy: 0.9292
2025-01-17 01:02:44,375 - INFO - Fold 3 Validation Accuracy: 0.9292
2025-01-17 01:02:44,375 - INFO - Training for fold 4/5
2025-01-17 01:02:44,485 - INFO - Epoch [1/100], Train Accuracy: 0.6880, Val Accuracy: 0.8979
2025-01-17 01:02:44,580 - INFO - Epoch [2/100], Train Accuracy: 0.9339, Val Accuracy: 0.9333
2025-01-17 01:02:44,670 - INFO - Epoch [3/100], Train Accuracy: 0.9703, Val Accuracy: 0.9292
2025-01-17 01:02:44,765 - INFO - Epoch [4/100], Train Accuracy: 0.9911, Val Accuracy: 0.9396
2025-01-17 01:02:44,859 - INFO - Epoch [5/100], Train Accuracy: 0.9943, Val Accuracy: 0.9375
2025-01-17 01:02:44,965 - INFO - Epoch [6/100], Train Accuracy: 0.9953, Val Accuracy: 0.9271
2025-01-17 01:02:44,976 - INFO - Fold 4 Validation Accuracy: 0.9271
2025-01-17 01:02:44,976 - INFO - Training for fold 5/5
2025-01-17 01:02:45,099 - INFO - Epoch [1/100], Train Accuracy: 0.7094, Val Accuracy: 0.9125
2025-01-17 01:02:45,238 - INFO - Epoch [2/100], Train Accuracy: 0.9349, Val Accuracy: 0.9333
2025-01-17 01:02:45,348 - INFO - Epoch [3/100], Train Accuracy: 0.9734, Val Accuracy: 0.9271
2025-01-17 01:02:45,458 - INFO - Epoch [4/100], Train Accuracy: 0.9901, Val Accuracy: 0.9229
2025-01-17 01:02:45,566 - INFO - Epoch [5/100], Train Accuracy: 0.9953, Val Accuracy: 0.9187
2025-01-17 01:02:45,576 - INFO - Fold 5 Validation Accuracy: 0.9187
2025-01-17 01:02:45,576 - INFO - Average Validation Accuracy (Over 5 folds): 0.9246 

2025-01-17 01:02:45,703 - INFO - Training with Vectorized Data 1000 features. Dropout Rate 0.768. Dataset Size 2400. 218 neurons. Leanring Rate 0.0025
2025-01-17 01:02:45,705 - INFO - Training for fold 1/5
2025-01-17 01:02:45,832 - INFO - Epoch [1/100], Train Accuracy: 0.6646, Val Accuracy: 0.9167
2025-01-17 01:02:46,005 - INFO - Epoch [2/100], Train Accuracy: 0.9286, Val Accuracy: 0.9313
2025-01-17 01:02:46,137 - INFO - Epoch [3/100], Train Accuracy: 0.9724, Val Accuracy: 0.9417
2025-01-17 01:02:46,244 - INFO - Epoch [4/100], Train Accuracy: 0.9885, Val Accuracy: 0.9313
2025-01-17 01:02:46,349 - INFO - Epoch [5/100], Train Accuracy: 0.9943, Val Accuracy: 0.9354
2025-01-17 01:02:46,446 - INFO - Epoch [6/100], Train Accuracy: 0.9958, Val Accuracy: 0.9333
2025-01-17 01:02:46,457 - INFO - Fold 1 Validation Accuracy: 0.9333
2025-01-17 01:02:46,457 - INFO - Training for fold 2/5
2025-01-17 01:02:46,559 - INFO - Epoch [1/100], Train Accuracy: 0.7245, Val Accuracy: 0.9000
2025-01-17 01:02:46,663 - INFO - Epoch [2/100], Train Accuracy: 0.9391, Val Accuracy: 0.9104
2025-01-17 01:02:46,763 - INFO - Epoch [3/100], Train Accuracy: 0.9719, Val Accuracy: 0.9333
2025-01-17 01:02:46,865 - INFO - Epoch [4/100], Train Accuracy: 0.9849, Val Accuracy: 0.9333
2025-01-17 01:02:46,961 - INFO - Epoch [5/100], Train Accuracy: 0.9938, Val Accuracy: 0.9333
2025-01-17 01:02:47,052 - INFO - Epoch [6/100], Train Accuracy: 0.9953, Val Accuracy: 0.9313
2025-01-17 01:02:47,150 - INFO - Epoch [7/100], Train Accuracy: 0.9974, Val Accuracy: 0.9313
2025-01-17 01:02:47,241 - INFO - Epoch [8/100], Train Accuracy: 0.9974, Val Accuracy: 0.9250
2025-01-17 01:02:47,250 - INFO - Fold 2 Validation Accuracy: 0.9250
2025-01-17 01:02:47,250 - INFO - Training for fold 3/5
2025-01-17 01:02:47,357 - INFO - Epoch [1/100], Train Accuracy: 0.7000, Val Accuracy: 0.8792
2025-01-17 01:02:47,445 - INFO - Epoch [2/100], Train Accuracy: 0.9333, Val Accuracy: 0.9125
2025-01-17 01:02:47,535 - INFO - Epoch [3/100], Train Accuracy: 0.9724, Val Accuracy: 0.9146
2025-01-17 01:02:47,636 - INFO - Epoch [4/100], Train Accuracy: 0.9875, Val Accuracy: 0.9229
2025-01-17 01:02:47,726 - INFO - Epoch [5/100], Train Accuracy: 0.9932, Val Accuracy: 0.9250
2025-01-17 01:02:47,825 - INFO - Epoch [6/100], Train Accuracy: 0.9958, Val Accuracy: 0.9208
2025-01-17 01:02:47,834 - INFO - Fold 3 Validation Accuracy: 0.9208
2025-01-17 01:02:47,835 - INFO - Training for fold 4/5
2025-01-17 01:02:47,939 - INFO - Epoch [1/100], Train Accuracy: 0.7010, Val Accuracy: 0.9000
2025-01-17 01:02:48,029 - INFO - Epoch [2/100], Train Accuracy: 0.9328, Val Accuracy: 0.9250
2025-01-17 01:02:48,125 - INFO - Epoch [3/100], Train Accuracy: 0.9734, Val Accuracy: 0.9375
2025-01-17 01:02:48,212 - INFO - Epoch [4/100], Train Accuracy: 0.9885, Val Accuracy: 0.9292
2025-01-17 01:02:48,302 - INFO - Epoch [5/100], Train Accuracy: 0.9938, Val Accuracy: 0.9271
2025-01-17 01:02:48,393 - INFO - Epoch [6/100], Train Accuracy: 0.9969, Val Accuracy: 0.9396
2025-01-17 01:02:48,491 - INFO - Epoch [7/100], Train Accuracy: 0.9974, Val Accuracy: 0.9292
2025-01-17 01:02:48,501 - INFO - Fold 4 Validation Accuracy: 0.9292
2025-01-17 01:02:48,501 - INFO - Training for fold 5/5
2025-01-17 01:02:48,614 - INFO - Epoch [1/100], Train Accuracy: 0.7182, Val Accuracy: 0.8667
2025-01-17 01:02:48,706 - INFO - Epoch [2/100], Train Accuracy: 0.9328, Val Accuracy: 0.9104
2025-01-17 01:02:48,798 - INFO - Epoch [3/100], Train Accuracy: 0.9729, Val Accuracy: 0.9229
2025-01-17 01:02:48,890 - INFO - Epoch [4/100], Train Accuracy: 0.9906, Val Accuracy: 0.9229
2025-01-17 01:02:48,989 - INFO - Epoch [5/100], Train Accuracy: 0.9958, Val Accuracy: 0.9146
2025-01-17 01:02:48,999 - INFO - Fold 5 Validation Accuracy: 0.9146
2025-01-17 01:02:48,999 - INFO - Average Validation Accuracy (Over 5 folds): 0.9246 

2025-01-17 01:02:49,127 - INFO - Training with Vectorized Data 1000 features. Dropout Rate 0.768. Dataset Size 2400. 218 neurons. Leanring Rate 0.0025
2025-01-17 01:02:49,128 - INFO - Training for fold 1/5
2025-01-17 01:02:49,235 - INFO - Epoch [1/100], Train Accuracy: 0.7292, Val Accuracy: 0.8875
2025-01-17 01:02:49,329 - INFO - Epoch [2/100], Train Accuracy: 0.9375, Val Accuracy: 0.9250
2025-01-17 01:02:49,423 - INFO - Epoch [3/100], Train Accuracy: 0.9755, Val Accuracy: 0.9292
2025-01-17 01:02:49,523 - INFO - Epoch [4/100], Train Accuracy: 0.9922, Val Accuracy: 0.9187
2025-01-17 01:02:49,621 - INFO - Epoch [5/100], Train Accuracy: 0.9964, Val Accuracy: 0.9187
2025-01-17 01:02:49,633 - INFO - Fold 1 Validation Accuracy: 0.9187
2025-01-17 01:02:49,633 - INFO - Training for fold 2/5
2025-01-17 01:02:49,752 - INFO - Epoch [1/100], Train Accuracy: 0.7240, Val Accuracy: 0.9042
2025-01-17 01:02:49,856 - INFO - Epoch [2/100], Train Accuracy: 0.9385, Val Accuracy: 0.9167
2025-01-17 01:02:49,955 - INFO - Epoch [3/100], Train Accuracy: 0.9703, Val Accuracy: 0.9125
2025-01-17 01:02:50,042 - INFO - Epoch [4/100], Train Accuracy: 0.9906, Val Accuracy: 0.9125
2025-01-17 01:02:50,133 - INFO - Epoch [5/100], Train Accuracy: 0.9943, Val Accuracy: 0.9125
2025-01-17 01:02:50,242 - INFO - Epoch [6/100], Train Accuracy: 0.9964, Val Accuracy: 0.9167
2025-01-17 01:02:50,331 - INFO - Epoch [7/100], Train Accuracy: 0.9964, Val Accuracy: 0.9104
2025-01-17 01:02:50,340 - INFO - Fold 2 Validation Accuracy: 0.9104
2025-01-17 01:02:50,340 - INFO - Training for fold 3/5
2025-01-17 01:02:50,447 - INFO - Epoch [1/100], Train Accuracy: 0.7005, Val Accuracy: 0.9187
2025-01-17 01:02:50,545 - INFO - Epoch [2/100], Train Accuracy: 0.9219, Val Accuracy: 0.9354
2025-01-17 01:02:50,655 - INFO - Epoch [3/100], Train Accuracy: 0.9698, Val Accuracy: 0.9479
2025-01-17 01:02:50,746 - INFO - Epoch [4/100], Train Accuracy: 0.9859, Val Accuracy: 0.9396
2025-01-17 01:02:50,841 - INFO - Epoch [5/100], Train Accuracy: 0.9911, Val Accuracy: 0.9437
2025-01-17 01:02:50,933 - INFO - Epoch [6/100], Train Accuracy: 0.9943, Val Accuracy: 0.9313
2025-01-17 01:02:50,946 - INFO - Fold 3 Validation Accuracy: 0.9313
2025-01-17 01:02:50,946 - INFO - Training for fold 4/5
2025-01-17 01:02:51,054 - INFO - Epoch [1/100], Train Accuracy: 0.6604, Val Accuracy: 0.8958
2025-01-17 01:02:51,158 - INFO - Epoch [2/100], Train Accuracy: 0.9328, Val Accuracy: 0.9250
2025-01-17 01:02:51,250 - INFO - Epoch [3/100], Train Accuracy: 0.9708, Val Accuracy: 0.9250
2025-01-17 01:02:51,348 - INFO - Epoch [4/100], Train Accuracy: 0.9875, Val Accuracy: 0.9354
2025-01-17 01:02:51,447 - INFO - Epoch [5/100], Train Accuracy: 0.9948, Val Accuracy: 0.9333
2025-01-17 01:02:51,550 - INFO - Epoch [6/100], Train Accuracy: 0.9969, Val Accuracy: 0.9292
2025-01-17 01:02:51,561 - INFO - Fold 4 Validation Accuracy: 0.9292
2025-01-17 01:02:51,561 - INFO - Training for fold 5/5
2025-01-17 01:02:51,673 - INFO - Epoch [1/100], Train Accuracy: 0.6573, Val Accuracy: 0.9021
2025-01-17 01:02:51,768 - INFO - Epoch [2/100], Train Accuracy: 0.9339, Val Accuracy: 0.9313
2025-01-17 01:02:51,860 - INFO - Epoch [3/100], Train Accuracy: 0.9760, Val Accuracy: 0.9313
2025-01-17 01:02:51,955 - INFO - Epoch [4/100], Train Accuracy: 0.9870, Val Accuracy: 0.9333
2025-01-17 01:02:52,055 - INFO - Epoch [5/100], Train Accuracy: 0.9953, Val Accuracy: 0.9354
2025-01-17 01:02:52,147 - INFO - Epoch [6/100], Train Accuracy: 0.9964, Val Accuracy: 0.9354
2025-01-17 01:02:52,248 - INFO - Epoch [7/100], Train Accuracy: 0.9969, Val Accuracy: 0.9375
2025-01-17 01:02:52,349 - INFO - Epoch [8/100], Train Accuracy: 0.9979, Val Accuracy: 0.9354
2025-01-17 01:02:52,445 - INFO - Epoch [9/100], Train Accuracy: 0.9979, Val Accuracy: 0.9396
2025-01-17 01:02:52,546 - INFO - Epoch [10/100], Train Accuracy: 0.9979, Val Accuracy: 0.9375
2025-01-17 01:02:52,658 - INFO - Epoch [11/100], Train Accuracy: 0.9979, Val Accuracy: 0.9375
2025-01-17 01:02:52,773 - INFO - Epoch [12/100], Train Accuracy: 0.9979, Val Accuracy: 0.9333
2025-01-17 01:02:52,787 - INFO - Fold 5 Validation Accuracy: 0.9333
2025-01-17 01:02:52,787 - INFO - Average Validation Accuracy (Over 5 folds): 0.9246 

2025-01-17 01:02:52,920 - INFO - Training with Vectorized Data 1000 features. Dropout Rate 0.768. Dataset Size 2400. 218 neurons. Leanring Rate 0.0025
2025-01-17 01:02:52,921 - INFO - Training for fold 1/5
2025-01-17 01:02:53,045 - INFO - Epoch [1/100], Train Accuracy: 0.6849, Val Accuracy: 0.9146
2025-01-17 01:02:53,148 - INFO - Epoch [2/100], Train Accuracy: 0.9333, Val Accuracy: 0.9313
2025-01-17 01:02:53,267 - INFO - Epoch [3/100], Train Accuracy: 0.9688, Val Accuracy: 0.9271
2025-01-17 01:02:53,369 - INFO - Epoch [4/100], Train Accuracy: 0.9865, Val Accuracy: 0.9354
2025-01-17 01:02:53,493 - INFO - Epoch [5/100], Train Accuracy: 0.9932, Val Accuracy: 0.9313
2025-01-17 01:02:53,609 - INFO - Epoch [6/100], Train Accuracy: 0.9953, Val Accuracy: 0.9375
2025-01-17 01:02:53,713 - INFO - Epoch [7/100], Train Accuracy: 0.9958, Val Accuracy: 0.9396
2025-01-17 01:02:53,826 - INFO - Epoch [8/100], Train Accuracy: 0.9969, Val Accuracy: 0.9375
2025-01-17 01:02:53,951 - INFO - Epoch [9/100], Train Accuracy: 0.9969, Val Accuracy: 0.9417
2025-01-17 01:02:54,050 - INFO - Epoch [10/100], Train Accuracy: 0.9974, Val Accuracy: 0.9417
2025-01-17 01:02:54,182 - INFO - Epoch [11/100], Train Accuracy: 0.9979, Val Accuracy: 0.9396
2025-01-17 01:02:54,304 - INFO - Epoch [12/100], Train Accuracy: 0.9979, Val Accuracy: 0.9417
2025-01-17 01:02:54,408 - INFO - Epoch [13/100], Train Accuracy: 0.9979, Val Accuracy: 0.9354
2025-01-17 01:02:54,419 - INFO - Fold 1 Validation Accuracy: 0.9354
2025-01-17 01:02:54,419 - INFO - Training for fold 2/5
2025-01-17 01:02:54,543 - INFO - Epoch [1/100], Train Accuracy: 0.6953, Val Accuracy: 0.8958
2025-01-17 01:02:54,657 - INFO - Epoch [2/100], Train Accuracy: 0.9370, Val Accuracy: 0.9167
2025-01-17 01:02:54,763 - INFO - Epoch [3/100], Train Accuracy: 0.9745, Val Accuracy: 0.9146
2025-01-17 01:02:54,868 - INFO - Epoch [4/100], Train Accuracy: 0.9901, Val Accuracy: 0.9104
2025-01-17 01:02:54,965 - INFO - Epoch [5/100], Train Accuracy: 0.9938, Val Accuracy: 0.9167
2025-01-17 01:02:55,064 - INFO - Epoch [6/100], Train Accuracy: 0.9969, Val Accuracy: 0.9146
2025-01-17 01:02:55,167 - INFO - Epoch [7/100], Train Accuracy: 0.9974, Val Accuracy: 0.9104
2025-01-17 01:02:55,180 - INFO - Fold 2 Validation Accuracy: 0.9104
2025-01-17 01:02:55,180 - INFO - Training for fold 3/5
2025-01-17 01:02:55,302 - INFO - Epoch [1/100], Train Accuracy: 0.7141, Val Accuracy: 0.8958
2025-01-17 01:02:55,454 - INFO - Epoch [2/100], Train Accuracy: 0.9365, Val Accuracy: 0.9229
2025-01-17 01:02:55,569 - INFO - Epoch [3/100], Train Accuracy: 0.9760, Val Accuracy: 0.9313
2025-01-17 01:02:55,668 - INFO - Epoch [4/100], Train Accuracy: 0.9906, Val Accuracy: 0.9083
2025-01-17 01:02:55,678 - INFO - Fold 3 Validation Accuracy: 0.9083
2025-01-17 01:02:55,678 - INFO - Training for fold 4/5
2025-01-17 01:02:55,797 - INFO - Epoch [1/100], Train Accuracy: 0.7224, Val Accuracy: 0.9000
2025-01-17 01:02:55,905 - INFO - Epoch [2/100], Train Accuracy: 0.9354, Val Accuracy: 0.9417
2025-01-17 01:02:56,006 - INFO - Epoch [3/100], Train Accuracy: 0.9714, Val Accuracy: 0.9396
2025-01-17 01:02:56,106 - INFO - Epoch [4/100], Train Accuracy: 0.9875, Val Accuracy: 0.9292
2025-01-17 01:02:56,213 - INFO - Epoch [5/100], Train Accuracy: 0.9953, Val Accuracy: 0.9333
2025-01-17 01:02:56,223 - INFO - Fold 4 Validation Accuracy: 0.9333
2025-01-17 01:02:56,223 - INFO - Training for fold 5/5
2025-01-17 01:02:56,341 - INFO - Epoch [1/100], Train Accuracy: 0.6891, Val Accuracy: 0.8833
2025-01-17 01:02:56,446 - INFO - Epoch [2/100], Train Accuracy: 0.9302, Val Accuracy: 0.9125
2025-01-17 01:02:56,550 - INFO - Epoch [3/100], Train Accuracy: 0.9693, Val Accuracy: 0.9271
2025-01-17 01:02:56,648 - INFO - Epoch [4/100], Train Accuracy: 0.9885, Val Accuracy: 0.9313
2025-01-17 01:02:56,747 - INFO - Epoch [5/100], Train Accuracy: 0.9943, Val Accuracy: 0.9313
2025-01-17 01:02:56,848 - INFO - Epoch [6/100], Train Accuracy: 0.9958, Val Accuracy: 0.9333
2025-01-17 01:02:56,943 - INFO - Epoch [7/100], Train Accuracy: 0.9969, Val Accuracy: 0.9313
2025-01-17 01:02:57,034 - INFO - Epoch [8/100], Train Accuracy: 0.9969, Val Accuracy: 0.9313
2025-01-17 01:02:57,121 - INFO - Epoch [9/100], Train Accuracy: 0.9969, Val Accuracy: 0.9333
2025-01-17 01:02:57,216 - INFO - Epoch [10/100], Train Accuracy: 0.9969, Val Accuracy: 0.9333
2025-01-17 01:02:57,311 - INFO - Epoch [11/100], Train Accuracy: 0.9974, Val Accuracy: 0.9375
2025-01-17 01:02:57,412 - INFO - Epoch [12/100], Train Accuracy: 0.9974, Val Accuracy: 0.9354
2025-01-17 01:02:57,507 - INFO - Epoch [13/100], Train Accuracy: 0.9974, Val Accuracy: 0.9396
2025-01-17 01:02:57,599 - INFO - Epoch [14/100], Train Accuracy: 0.9974, Val Accuracy: 0.9396
2025-01-17 01:02:57,698 - INFO - Epoch [15/100], Train Accuracy: 0.9974, Val Accuracy: 0.9354
2025-01-17 01:02:57,708 - INFO - Fold 5 Validation Accuracy: 0.9354
2025-01-17 01:02:57,709 - INFO - Average Validation Accuracy (Over 5 folds): 0.9246 

2025-01-17 01:02:57,853 - INFO - Training with Vectorized Data 1000 features. Dropout Rate 0.768. Dataset Size 2400. 218 neurons. Leanring Rate 0.0025
2025-01-17 01:02:57,853 - INFO - Training for fold 1/5
2025-01-17 01:02:57,967 - INFO - Epoch [1/100], Train Accuracy: 0.6958, Val Accuracy: 0.8396
2025-01-17 01:02:58,072 - INFO - Epoch [2/100], Train Accuracy: 0.9401, Val Accuracy: 0.8771
2025-01-17 01:02:58,176 - INFO - Epoch [3/100], Train Accuracy: 0.9792, Val Accuracy: 0.8896
2025-01-17 01:02:58,276 - INFO - Epoch [4/100], Train Accuracy: 0.9927, Val Accuracy: 0.8896
2025-01-17 01:02:58,363 - INFO - Epoch [5/100], Train Accuracy: 0.9958, Val Accuracy: 0.8833
2025-01-17 01:02:58,375 - INFO - Fold 1 Validation Accuracy: 0.8833
2025-01-17 01:02:58,375 - INFO - Training for fold 2/5
2025-01-17 01:02:58,493 - INFO - Epoch [1/100], Train Accuracy: 0.7000, Val Accuracy: 0.9042
2025-01-17 01:02:58,597 - INFO - Epoch [2/100], Train Accuracy: 0.9354, Val Accuracy: 0.9125
2025-01-17 01:02:58,695 - INFO - Epoch [3/100], Train Accuracy: 0.9714, Val Accuracy: 0.9146
2025-01-17 01:02:58,783 - INFO - Epoch [4/100], Train Accuracy: 0.9885, Val Accuracy: 0.9167
2025-01-17 01:02:58,914 - INFO - Epoch [5/100], Train Accuracy: 0.9932, Val Accuracy: 0.9187
2025-01-17 01:02:59,011 - INFO - Epoch [6/100], Train Accuracy: 0.9974, Val Accuracy: 0.9167
2025-01-17 01:02:59,103 - INFO - Epoch [7/100], Train Accuracy: 0.9974, Val Accuracy: 0.9167
2025-01-17 01:02:59,200 - INFO - Epoch [8/100], Train Accuracy: 0.9979, Val Accuracy: 0.9208
2025-01-17 01:02:59,311 - INFO - Epoch [9/100], Train Accuracy: 0.9984, Val Accuracy: 0.9187
2025-01-17 01:02:59,410 - INFO - Epoch [10/100], Train Accuracy: 0.9984, Val Accuracy: 0.9208
2025-01-17 01:02:59,516 - INFO - Epoch [11/100], Train Accuracy: 0.9984, Val Accuracy: 0.9229
2025-01-17 01:02:59,607 - INFO - Epoch [12/100], Train Accuracy: 0.9984, Val Accuracy: 0.9271
2025-01-17 01:02:59,705 - INFO - Epoch [13/100], Train Accuracy: 0.9984, Val Accuracy: 0.9229
2025-01-17 01:02:59,717 - INFO - Fold 2 Validation Accuracy: 0.9229
2025-01-17 01:02:59,717 - INFO - Training for fold 3/5
2025-01-17 01:02:59,835 - INFO - Epoch [1/100], Train Accuracy: 0.7021, Val Accuracy: 0.9104
2025-01-17 01:02:59,939 - INFO - Epoch [2/100], Train Accuracy: 0.9339, Val Accuracy: 0.9417
2025-01-17 01:03:00,052 - INFO - Epoch [3/100], Train Accuracy: 0.9677, Val Accuracy: 0.9375
2025-01-17 01:03:00,155 - INFO - Epoch [4/100], Train Accuracy: 0.9875, Val Accuracy: 0.9333
2025-01-17 01:03:00,266 - INFO - Epoch [5/100], Train Accuracy: 0.9953, Val Accuracy: 0.9437
2025-01-17 01:03:00,364 - INFO - Epoch [6/100], Train Accuracy: 0.9964, Val Accuracy: 0.9417
2025-01-17 01:03:00,481 - INFO - Epoch [7/100], Train Accuracy: 0.9964, Val Accuracy: 0.9417
2025-01-17 01:03:00,615 - INFO - Epoch [8/100], Train Accuracy: 0.9969, Val Accuracy: 0.9375
2025-01-17 01:03:00,630 - INFO - Fold 3 Validation Accuracy: 0.9375
2025-01-17 01:03:00,630 - INFO - Training for fold 4/5
2025-01-17 01:03:00,746 - INFO - Epoch [1/100], Train Accuracy: 0.6734, Val Accuracy: 0.9187
2025-01-17 01:03:00,855 - INFO - Epoch [2/100], Train Accuracy: 0.9286, Val Accuracy: 0.9292
2025-01-17 01:03:00,962 - INFO - Epoch [3/100], Train Accuracy: 0.9734, Val Accuracy: 0.9229
2025-01-17 01:03:01,057 - INFO - Epoch [4/100], Train Accuracy: 0.9891, Val Accuracy: 0.9208
2025-01-17 01:03:01,166 - INFO - Epoch [5/100], Train Accuracy: 0.9943, Val Accuracy: 0.9187
2025-01-17 01:03:01,285 - INFO - Epoch [6/100], Train Accuracy: 0.9953, Val Accuracy: 0.9187
2025-01-17 01:03:01,300 - INFO - Fold 4 Validation Accuracy: 0.9187
2025-01-17 01:03:01,300 - INFO - Training for fold 5/5
2025-01-17 01:03:01,422 - INFO - Epoch [1/100], Train Accuracy: 0.6458, Val Accuracy: 0.9187
2025-01-17 01:03:01,546 - INFO - Epoch [2/100], Train Accuracy: 0.9313, Val Accuracy: 0.9437
2025-01-17 01:03:01,646 - INFO - Epoch [3/100], Train Accuracy: 0.9724, Val Accuracy: 0.9500
2025-01-17 01:03:01,746 - INFO - Epoch [4/100], Train Accuracy: 0.9870, Val Accuracy: 0.9417
2025-01-17 01:03:01,838 - INFO - Epoch [5/100], Train Accuracy: 0.9953, Val Accuracy: 0.9375
2025-01-17 01:03:01,850 - INFO - Fold 5 Validation Accuracy: 0.9375
2025-01-17 01:03:01,850 - INFO - Average Validation Accuracy (Over 5 folds): 0.9200 

2025-01-17 01:03:01,971 - INFO - Training with Vectorized Data 1000 features. Dropout Rate 0.768. Dataset Size 2400. 218 neurons. Leanring Rate 0.0025
2025-01-17 01:03:01,972 - INFO - Training for fold 1/5
2025-01-17 01:03:02,080 - INFO - Epoch [1/100], Train Accuracy: 0.6672, Val Accuracy: 0.9104
2025-01-17 01:03:02,189 - INFO - Epoch [2/100], Train Accuracy: 0.9307, Val Accuracy: 0.9354
2025-01-17 01:03:02,289 - INFO - Epoch [3/100], Train Accuracy: 0.9724, Val Accuracy: 0.9417
2025-01-17 01:03:02,387 - INFO - Epoch [4/100], Train Accuracy: 0.9901, Val Accuracy: 0.9354
2025-01-17 01:03:02,483 - INFO - Epoch [5/100], Train Accuracy: 0.9958, Val Accuracy: 0.9271
2025-01-17 01:03:02,494 - INFO - Fold 1 Validation Accuracy: 0.9271
2025-01-17 01:03:02,494 - INFO - Training for fold 2/5
2025-01-17 01:03:02,599 - INFO - Epoch [1/100], Train Accuracy: 0.7260, Val Accuracy: 0.9042
2025-01-17 01:03:02,703 - INFO - Epoch [2/100], Train Accuracy: 0.9359, Val Accuracy: 0.9187
2025-01-17 01:03:02,801 - INFO - Epoch [3/100], Train Accuracy: 0.9750, Val Accuracy: 0.9187
2025-01-17 01:03:02,912 - INFO - Epoch [4/100], Train Accuracy: 0.9880, Val Accuracy: 0.9146
2025-01-17 01:03:03,009 - INFO - Epoch [5/100], Train Accuracy: 0.9938, Val Accuracy: 0.9187
2025-01-17 01:03:03,096 - INFO - Epoch [6/100], Train Accuracy: 0.9943, Val Accuracy: 0.9229
2025-01-17 01:03:03,193 - INFO - Epoch [7/100], Train Accuracy: 0.9948, Val Accuracy: 0.9146
2025-01-17 01:03:03,284 - INFO - Epoch [8/100], Train Accuracy: 0.9958, Val Accuracy: 0.9167
2025-01-17 01:03:03,295 - INFO - Fold 2 Validation Accuracy: 0.9167
2025-01-17 01:03:03,295 - INFO - Training for fold 3/5
2025-01-17 01:03:03,405 - INFO - Epoch [1/100], Train Accuracy: 0.7240, Val Accuracy: 0.9083
2025-01-17 01:03:03,507 - INFO - Epoch [2/100], Train Accuracy: 0.9370, Val Accuracy: 0.9354
2025-01-17 01:03:03,620 - INFO - Epoch [3/100], Train Accuracy: 0.9745, Val Accuracy: 0.9375
2025-01-17 01:03:03,725 - INFO - Epoch [4/100], Train Accuracy: 0.9891, Val Accuracy: 0.9187
2025-01-17 01:03:03,735 - INFO - Fold 3 Validation Accuracy: 0.9187
2025-01-17 01:03:03,735 - INFO - Training for fold 4/5
2025-01-17 01:03:03,861 - INFO - Epoch [1/100], Train Accuracy: 0.7328, Val Accuracy: 0.9042
2025-01-17 01:03:03,963 - INFO - Epoch [2/100], Train Accuracy: 0.9323, Val Accuracy: 0.9229
2025-01-17 01:03:04,058 - INFO - Epoch [3/100], Train Accuracy: 0.9703, Val Accuracy: 0.9333
2025-01-17 01:03:04,152 - INFO - Epoch [4/100], Train Accuracy: 0.9870, Val Accuracy: 0.9333
2025-01-17 01:03:04,252 - INFO - Epoch [5/100], Train Accuracy: 0.9938, Val Accuracy: 0.9229
2025-01-17 01:03:04,343 - INFO - Epoch [6/100], Train Accuracy: 0.9969, Val Accuracy: 0.9167
2025-01-17 01:03:04,354 - INFO - Fold 4 Validation Accuracy: 0.9167
2025-01-17 01:03:04,354 - INFO - Training for fold 5/5
2025-01-17 01:03:04,464 - INFO - Epoch [1/100], Train Accuracy: 0.7078, Val Accuracy: 0.8792
2025-01-17 01:03:04,576 - INFO - Epoch [2/100], Train Accuracy: 0.9349, Val Accuracy: 0.9062
2025-01-17 01:03:04,696 - INFO - Epoch [3/100], Train Accuracy: 0.9708, Val Accuracy: 0.9187
2025-01-17 01:03:04,798 - INFO - Epoch [4/100], Train Accuracy: 0.9896, Val Accuracy: 0.9187
2025-01-17 01:03:04,892 - INFO - Epoch [5/100], Train Accuracy: 0.9948, Val Accuracy: 0.9125
2025-01-17 01:03:05,002 - INFO - Epoch [6/100], Train Accuracy: 0.9984, Val Accuracy: 0.9146
2025-01-17 01:03:05,012 - INFO - Fold 5 Validation Accuracy: 0.9146
2025-01-17 01:03:05,013 - INFO - Average Validation Accuracy (Over 5 folds): 0.9187 

2025-01-17 01:03:05,142 - INFO - Training with Vectorized Data 1000 features. Dropout Rate 0.768. Dataset Size 2400. 218 neurons. Leanring Rate 0.0025
2025-01-17 01:03:05,142 - INFO - Training for fold 1/5
2025-01-17 01:03:05,281 - INFO - Epoch [1/100], Train Accuracy: 0.7354, Val Accuracy: 0.8938
2025-01-17 01:03:05,387 - INFO - Epoch [2/100], Train Accuracy: 0.9339, Val Accuracy: 0.9167
2025-01-17 01:03:05,501 - INFO - Epoch [3/100], Train Accuracy: 0.9677, Val Accuracy: 0.9250
2025-01-17 01:03:05,612 - INFO - Epoch [4/100], Train Accuracy: 0.9906, Val Accuracy: 0.9187
2025-01-17 01:03:05,711 - INFO - Epoch [5/100], Train Accuracy: 0.9958, Val Accuracy: 0.9187
2025-01-17 01:03:05,723 - INFO - Fold 1 Validation Accuracy: 0.9187
2025-01-17 01:03:05,723 - INFO - Training for fold 2/5
2025-01-17 01:03:05,831 - INFO - Epoch [1/100], Train Accuracy: 0.7120, Val Accuracy: 0.9125
2025-01-17 01:03:05,943 - INFO - Epoch [2/100], Train Accuracy: 0.9385, Val Accuracy: 0.9271
2025-01-17 01:03:06,046 - INFO - Epoch [3/100], Train Accuracy: 0.9766, Val Accuracy: 0.9208
2025-01-17 01:03:06,148 - INFO - Epoch [4/100], Train Accuracy: 0.9906, Val Accuracy: 0.9250
2025-01-17 01:03:06,240 - INFO - Epoch [5/100], Train Accuracy: 0.9948, Val Accuracy: 0.9187
2025-01-17 01:03:06,342 - INFO - Epoch [6/100], Train Accuracy: 0.9964, Val Accuracy: 0.9125
2025-01-17 01:03:06,356 - INFO - Fold 2 Validation Accuracy: 0.9125
2025-01-17 01:03:06,356 - INFO - Training for fold 3/5
2025-01-17 01:03:06,461 - INFO - Epoch [1/100], Train Accuracy: 0.6557, Val Accuracy: 0.8875
2025-01-17 01:03:06,563 - INFO - Epoch [2/100], Train Accuracy: 0.9396, Val Accuracy: 0.9083
2025-01-17 01:03:06,667 - INFO - Epoch [3/100], Train Accuracy: 0.9755, Val Accuracy: 0.9125
2025-01-17 01:03:06,761 - INFO - Epoch [4/100], Train Accuracy: 0.9896, Val Accuracy: 0.9146
2025-01-17 01:03:06,868 - INFO - Epoch [5/100], Train Accuracy: 0.9938, Val Accuracy: 0.9167
2025-01-17 01:03:06,962 - INFO - Epoch [6/100], Train Accuracy: 0.9964, Val Accuracy: 0.9083
2025-01-17 01:03:06,973 - INFO - Fold 3 Validation Accuracy: 0.9083
2025-01-17 01:03:06,973 - INFO - Training for fold 4/5
2025-01-17 01:03:07,073 - INFO - Epoch [1/100], Train Accuracy: 0.6745, Val Accuracy: 0.9167
2025-01-17 01:03:07,176 - INFO - Epoch [2/100], Train Accuracy: 0.9307, Val Accuracy: 0.9437
2025-01-17 01:03:07,292 - INFO - Epoch [3/100], Train Accuracy: 0.9693, Val Accuracy: 0.9479
2025-01-17 01:03:07,384 - INFO - Epoch [4/100], Train Accuracy: 0.9870, Val Accuracy: 0.9375
2025-01-17 01:03:07,480 - INFO - Epoch [5/100], Train Accuracy: 0.9953, Val Accuracy: 0.9437
2025-01-17 01:03:07,491 - INFO - Fold 4 Validation Accuracy: 0.9437
2025-01-17 01:03:07,491 - INFO - Training for fold 5/5
2025-01-17 01:03:07,606 - INFO - Epoch [1/100], Train Accuracy: 0.6943, Val Accuracy: 0.9104
2025-01-17 01:03:07,699 - INFO - Epoch [2/100], Train Accuracy: 0.9271, Val Accuracy: 0.9354
2025-01-17 01:03:07,790 - INFO - Epoch [3/100], Train Accuracy: 0.9734, Val Accuracy: 0.9396
2025-01-17 01:03:07,887 - INFO - Epoch [4/100], Train Accuracy: 0.9870, Val Accuracy: 0.9396
2025-01-17 01:03:07,986 - INFO - Epoch [5/100], Train Accuracy: 0.9932, Val Accuracy: 0.9375
2025-01-17 01:03:08,085 - INFO - Epoch [6/100], Train Accuracy: 0.9958, Val Accuracy: 0.9437
2025-01-17 01:03:08,179 - INFO - Epoch [7/100], Train Accuracy: 0.9974, Val Accuracy: 0.9313
2025-01-17 01:03:08,189 - INFO - Fold 5 Validation Accuracy: 0.9313
2025-01-17 01:03:08,189 - INFO - Average Validation Accuracy (Over 5 folds): 0.9229 

2025-01-17 01:03:08,314 - INFO - Training with Vectorized Data 1000 features. Dropout Rate 0.768. Dataset Size 2400. 218 neurons. Leanring Rate 0.0025
2025-01-17 01:03:08,314 - INFO - Training for fold 1/5
2025-01-17 01:03:08,427 - INFO - Epoch [1/100], Train Accuracy: 0.7234, Val Accuracy: 0.9042
2025-01-17 01:03:08,533 - INFO - Epoch [2/100], Train Accuracy: 0.9318, Val Accuracy: 0.9208
2025-01-17 01:03:08,642 - INFO - Epoch [3/100], Train Accuracy: 0.9729, Val Accuracy: 0.9458
2025-01-17 01:03:08,744 - INFO - Epoch [4/100], Train Accuracy: 0.9880, Val Accuracy: 0.9354
2025-01-17 01:03:08,839 - INFO - Epoch [5/100], Train Accuracy: 0.9922, Val Accuracy: 0.9375
2025-01-17 01:03:08,945 - INFO - Epoch [6/100], Train Accuracy: 0.9948, Val Accuracy: 0.9333
2025-01-17 01:03:09,037 - INFO - Epoch [7/100], Train Accuracy: 0.9958, Val Accuracy: 0.9250
2025-01-17 01:03:09,048 - INFO - Fold 1 Validation Accuracy: 0.9250
2025-01-17 01:03:09,048 - INFO - Training for fold 2/5
2025-01-17 01:03:09,153 - INFO - Epoch [1/100], Train Accuracy: 0.6667, Val Accuracy: 0.9021
2025-01-17 01:03:09,249 - INFO - Epoch [2/100], Train Accuracy: 0.9385, Val Accuracy: 0.9292
2025-01-17 01:03:09,342 - INFO - Epoch [3/100], Train Accuracy: 0.9693, Val Accuracy: 0.9250
2025-01-17 01:03:09,434 - INFO - Epoch [4/100], Train Accuracy: 0.9906, Val Accuracy: 0.9271
2025-01-17 01:03:09,533 - INFO - Epoch [5/100], Train Accuracy: 0.9938, Val Accuracy: 0.9250
2025-01-17 01:03:09,625 - INFO - Epoch [6/100], Train Accuracy: 0.9969, Val Accuracy: 0.9271
2025-01-17 01:03:09,801 - INFO - Epoch [7/100], Train Accuracy: 0.9974, Val Accuracy: 0.9229
2025-01-17 01:03:09,823 - INFO - Fold 2 Validation Accuracy: 0.9229
2025-01-17 01:03:09,823 - INFO - Training for fold 3/5
2025-01-17 01:03:09,990 - INFO - Epoch [1/100], Train Accuracy: 0.6667, Val Accuracy: 0.8875
2025-01-17 01:03:10,106 - INFO - Epoch [2/100], Train Accuracy: 0.9339, Val Accuracy: 0.9187
2025-01-17 01:03:10,217 - INFO - Epoch [3/100], Train Accuracy: 0.9740, Val Accuracy: 0.9208
2025-01-17 01:03:10,388 - INFO - Epoch [4/100], Train Accuracy: 0.9922, Val Accuracy: 0.9146
2025-01-17 01:03:10,481 - INFO - Epoch [5/100], Train Accuracy: 0.9948, Val Accuracy: 0.9146
2025-01-17 01:03:10,572 - INFO - Epoch [6/100], Train Accuracy: 0.9958, Val Accuracy: 0.9104
2025-01-17 01:03:10,582 - INFO - Fold 3 Validation Accuracy: 0.9104
2025-01-17 01:03:10,582 - INFO - Training for fold 4/5
2025-01-17 01:03:10,698 - INFO - Epoch [1/100], Train Accuracy: 0.7203, Val Accuracy: 0.8875
2025-01-17 01:03:10,799 - INFO - Epoch [2/100], Train Accuracy: 0.9328, Val Accuracy: 0.9042
2025-01-17 01:03:10,892 - INFO - Epoch [3/100], Train Accuracy: 0.9766, Val Accuracy: 0.9250
2025-01-17 01:03:10,998 - INFO - Epoch [4/100], Train Accuracy: 0.9885, Val Accuracy: 0.9167
2025-01-17 01:03:11,090 - INFO - Epoch [5/100], Train Accuracy: 0.9953, Val Accuracy: 0.9167
2025-01-17 01:03:11,100 - INFO - Fold 4 Validation Accuracy: 0.9167
2025-01-17 01:03:11,100 - INFO - Training for fold 5/5
2025-01-17 01:03:11,207 - INFO - Epoch [1/100], Train Accuracy: 0.6906, Val Accuracy: 0.9250
2025-01-17 01:03:11,304 - INFO - Epoch [2/100], Train Accuracy: 0.9297, Val Accuracy: 0.9375
2025-01-17 01:03:11,400 - INFO - Epoch [3/100], Train Accuracy: 0.9714, Val Accuracy: 0.9313
2025-01-17 01:03:11,490 - INFO - Epoch [4/100], Train Accuracy: 0.9906, Val Accuracy: 0.9333
2025-01-17 01:03:11,588 - INFO - Epoch [5/100], Train Accuracy: 0.9964, Val Accuracy: 0.9292
2025-01-17 01:03:11,600 - INFO - Fold 5 Validation Accuracy: 0.9292
2025-01-17 01:03:11,601 - INFO - Average Validation Accuracy (Over 5 folds): 0.9208 

2025-01-17 01:03:11,738 - INFO - Training with Vectorized Data 1000 features. Dropout Rate 0.768. Dataset Size 2400. 218 neurons. Leanring Rate 0.0025
2025-01-17 01:03:11,738 - INFO - Training for fold 1/5
2025-01-17 01:03:11,853 - INFO - Epoch [1/100], Train Accuracy: 0.6927, Val Accuracy: 0.8979
2025-01-17 01:03:11,949 - INFO - Epoch [2/100], Train Accuracy: 0.9297, Val Accuracy: 0.9271
2025-01-17 01:03:12,046 - INFO - Epoch [3/100], Train Accuracy: 0.9745, Val Accuracy: 0.9313
2025-01-17 01:03:12,138 - INFO - Epoch [4/100], Train Accuracy: 0.9911, Val Accuracy: 0.9313
2025-01-17 01:03:12,250 - INFO - Epoch [5/100], Train Accuracy: 0.9948, Val Accuracy: 0.9292
2025-01-17 01:03:12,345 - INFO - Epoch [6/100], Train Accuracy: 0.9979, Val Accuracy: 0.9292
2025-01-17 01:03:12,443 - INFO - Epoch [7/100], Train Accuracy: 0.9979, Val Accuracy: 0.9292
2025-01-17 01:03:12,553 - INFO - Epoch [8/100], Train Accuracy: 0.9979, Val Accuracy: 0.9292
2025-01-17 01:03:12,646 - INFO - Epoch [9/100], Train Accuracy: 0.9979, Val Accuracy: 0.9271
2025-01-17 01:03:12,657 - INFO - Fold 1 Validation Accuracy: 0.9271
2025-01-17 01:03:12,658 - INFO - Training for fold 2/5
2025-01-17 01:03:12,759 - INFO - Epoch [1/100], Train Accuracy: 0.7370, Val Accuracy: 0.8479
2025-01-17 01:03:12,853 - INFO - Epoch [2/100], Train Accuracy: 0.9328, Val Accuracy: 0.9271
2025-01-17 01:03:12,948 - INFO - Epoch [3/100], Train Accuracy: 0.9724, Val Accuracy: 0.9396
2025-01-17 01:03:13,076 - INFO - Epoch [4/100], Train Accuracy: 0.9885, Val Accuracy: 0.9417
2025-01-17 01:03:13,175 - INFO - Epoch [5/100], Train Accuracy: 0.9948, Val Accuracy: 0.9458
2025-01-17 01:03:13,273 - INFO - Epoch [6/100], Train Accuracy: 0.9953, Val Accuracy: 0.9375
2025-01-17 01:03:13,283 - INFO - Fold 2 Validation Accuracy: 0.9375
2025-01-17 01:03:13,283 - INFO - Training for fold 3/5
2025-01-17 01:03:13,384 - INFO - Epoch [1/100], Train Accuracy: 0.7182, Val Accuracy: 0.9104
2025-01-17 01:03:13,477 - INFO - Epoch [2/100], Train Accuracy: 0.9286, Val Accuracy: 0.9333
2025-01-17 01:03:13,572 - INFO - Epoch [3/100], Train Accuracy: 0.9714, Val Accuracy: 0.9458
2025-01-17 01:03:13,667 - INFO - Epoch [4/100], Train Accuracy: 0.9885, Val Accuracy: 0.9458
2025-01-17 01:03:13,762 - INFO - Epoch [5/100], Train Accuracy: 0.9938, Val Accuracy: 0.9437
2025-01-17 01:03:13,862 - INFO - Epoch [6/100], Train Accuracy: 0.9953, Val Accuracy: 0.9458
2025-01-17 01:03:13,956 - INFO - Epoch [7/100], Train Accuracy: 0.9958, Val Accuracy: 0.9500
2025-01-17 01:03:14,053 - INFO - Epoch [8/100], Train Accuracy: 0.9974, Val Accuracy: 0.9458
2025-01-17 01:03:14,065 - INFO - Fold 3 Validation Accuracy: 0.9458
2025-01-17 01:03:14,065 - INFO - Training for fold 4/5
2025-01-17 01:03:14,166 - INFO - Epoch [1/100], Train Accuracy: 0.7198, Val Accuracy: 0.8917
2025-01-17 01:03:14,255 - INFO - Epoch [2/100], Train Accuracy: 0.9396, Val Accuracy: 0.9187
2025-01-17 01:03:14,350 - INFO - Epoch [3/100], Train Accuracy: 0.9708, Val Accuracy: 0.9146
2025-01-17 01:03:14,443 - INFO - Epoch [4/100], Train Accuracy: 0.9891, Val Accuracy: 0.9167
2025-01-17 01:03:14,551 - INFO - Epoch [5/100], Train Accuracy: 0.9943, Val Accuracy: 0.9187
2025-01-17 01:03:14,645 - INFO - Epoch [6/100], Train Accuracy: 0.9969, Val Accuracy: 0.9187
2025-01-17 01:03:14,742 - INFO - Epoch [7/100], Train Accuracy: 0.9974, Val Accuracy: 0.9167
2025-01-17 01:03:14,845 - INFO - Epoch [8/100], Train Accuracy: 0.9979, Val Accuracy: 0.9125
2025-01-17 01:03:14,855 - INFO - Fold 4 Validation Accuracy: 0.9125
2025-01-17 01:03:14,855 - INFO - Training for fold 5/5
2025-01-17 01:03:14,970 - INFO - Epoch [1/100], Train Accuracy: 0.7104, Val Accuracy: 0.8979
2025-01-17 01:03:15,075 - INFO - Epoch [2/100], Train Accuracy: 0.9333, Val Accuracy: 0.9292
2025-01-17 01:03:15,178 - INFO - Epoch [3/100], Train Accuracy: 0.9734, Val Accuracy: 0.9208
2025-01-17 01:03:15,283 - INFO - Epoch [4/100], Train Accuracy: 0.9885, Val Accuracy: 0.9083
2025-01-17 01:03:15,297 - INFO - Fold 5 Validation Accuracy: 0.9083
2025-01-17 01:03:15,297 - INFO - Average Validation Accuracy (Over 5 folds): 0.9263 

