2025-01-17 02:33:57,595 - INFO - Training with Vectorized Data 1000 features. Dropout Rate 0.768. Dataset Size 2400. 218 neurons. Leanring Rate 0.00264
2025-01-17 02:33:57,595 - INFO - Training for fold 1/5
2025-01-17 02:33:58,803 - INFO - Epoch [1/100], Train Accuracy: 0.6734, Val Accuracy: 0.9021
2025-01-17 02:33:58,907 - INFO - Epoch [2/100], Train Accuracy: 0.9339, Val Accuracy: 0.9333
2025-01-17 02:33:59,005 - INFO - Epoch [3/100], Train Accuracy: 0.9729, Val Accuracy: 0.9292
2025-01-17 02:33:59,105 - INFO - Epoch [4/100], Train Accuracy: 0.9906, Val Accuracy: 0.9208
2025-01-17 02:33:59,205 - INFO - Epoch [5/100], Train Accuracy: 0.9948, Val Accuracy: 0.9146
2025-01-17 02:33:59,218 - INFO - Fold 1 Validation Metrics - Accuracy: 0.9146, Precision: 0.9153, Recall: 0.9146, F1: 0.9146
2025-01-17 02:33:59,226 - INFO - Fold 1 Validation Accuracy: 0.9146
2025-01-17 02:33:59,227 - INFO - Training for fold 2/5
2025-01-17 02:33:59,338 - INFO - Epoch [1/100], Train Accuracy: 0.7229, Val Accuracy: 0.8792
2025-01-17 02:33:59,439 - INFO - Epoch [2/100], Train Accuracy: 0.9417, Val Accuracy: 0.9021
2025-01-17 02:33:59,536 - INFO - Epoch [3/100], Train Accuracy: 0.9771, Val Accuracy: 0.9062
2025-01-17 02:33:59,631 - INFO - Epoch [4/100], Train Accuracy: 0.9896, Val Accuracy: 0.9083
2025-01-17 02:33:59,731 - INFO - Epoch [5/100], Train Accuracy: 0.9938, Val Accuracy: 0.9104
2025-01-17 02:33:59,830 - INFO - Epoch [6/100], Train Accuracy: 0.9958, Val Accuracy: 0.9083
2025-01-17 02:33:59,933 - INFO - Epoch [7/100], Train Accuracy: 0.9979, Val Accuracy: 0.9042
2025-01-17 02:33:59,948 - INFO - Fold 2 Validation Metrics - Accuracy: 0.9042, Precision: 0.9042, Recall: 0.9042, F1: 0.9042
2025-01-17 02:33:59,961 - INFO - Fold 2 Validation Accuracy: 0.9042
2025-01-17 02:33:59,962 - INFO - Training for fold 3/5
2025-01-17 02:34:00,080 - INFO - Epoch [1/100], Train Accuracy: 0.6932, Val Accuracy: 0.9083
2025-01-17 02:34:00,176 - INFO - Epoch [2/100], Train Accuracy: 0.9375, Val Accuracy: 0.9187
2025-01-17 02:34:00,281 - INFO - Epoch [3/100], Train Accuracy: 0.9729, Val Accuracy: 0.9250
2025-01-17 02:34:00,402 - INFO - Epoch [4/100], Train Accuracy: 0.9896, Val Accuracy: 0.9292
2025-01-17 02:34:00,505 - INFO - Epoch [5/100], Train Accuracy: 0.9953, Val Accuracy: 0.9292
2025-01-17 02:34:00,603 - INFO - Epoch [6/100], Train Accuracy: 0.9969, Val Accuracy: 0.9271
2025-01-17 02:34:00,700 - INFO - Epoch [7/100], Train Accuracy: 0.9969, Val Accuracy: 0.9250
2025-01-17 02:34:00,713 - INFO - Fold 3 Validation Metrics - Accuracy: 0.9250, Precision: 0.9252, Recall: 0.9250, F1: 0.9250
2025-01-17 02:34:00,722 - INFO - Fold 3 Validation Accuracy: 0.9250
2025-01-17 02:34:00,722 - INFO - Training for fold 4/5
2025-01-17 02:34:00,837 - INFO - Epoch [1/100], Train Accuracy: 0.7396, Val Accuracy: 0.9167
2025-01-17 02:34:00,929 - INFO - Epoch [2/100], Train Accuracy: 0.9276, Val Accuracy: 0.9250
2025-01-17 02:34:01,020 - INFO - Epoch [3/100], Train Accuracy: 0.9729, Val Accuracy: 0.9333
2025-01-17 02:34:01,127 - INFO - Epoch [4/100], Train Accuracy: 0.9901, Val Accuracy: 0.9396
2025-01-17 02:34:01,232 - INFO - Epoch [5/100], Train Accuracy: 0.9958, Val Accuracy: 0.9396
2025-01-17 02:34:01,332 - INFO - Epoch [6/100], Train Accuracy: 0.9969, Val Accuracy: 0.9313
2025-01-17 02:34:01,345 - INFO - Fold 4 Validation Metrics - Accuracy: 0.9313, Precision: 0.9325, Recall: 0.9313, F1: 0.9313
2025-01-17 02:34:01,359 - INFO - Fold 4 Validation Accuracy: 0.9313
2025-01-17 02:34:01,359 - INFO - Training for fold 5/5
2025-01-17 02:34:01,467 - INFO - Epoch [1/100], Train Accuracy: 0.6937, Val Accuracy: 0.9146
2025-01-17 02:34:01,563 - INFO - Epoch [2/100], Train Accuracy: 0.9292, Val Accuracy: 0.9458
2025-01-17 02:34:01,661 - INFO - Epoch [3/100], Train Accuracy: 0.9698, Val Accuracy: 0.9500
2025-01-17 02:34:01,756 - INFO - Epoch [4/100], Train Accuracy: 0.9880, Val Accuracy: 0.9417
2025-01-17 02:34:01,856 - INFO - Epoch [5/100], Train Accuracy: 0.9932, Val Accuracy: 0.9396
2025-01-17 02:34:01,960 - INFO - Epoch [6/100], Train Accuracy: 0.9974, Val Accuracy: 0.9458
2025-01-17 02:34:01,972 - INFO - Fold 5 Validation Metrics - Accuracy: 0.9458, Precision: 0.9467, Recall: 0.9458, F1: 0.9460
2025-01-17 02:34:01,983 - INFO - Fold 5 Validation Accuracy: 0.9458
2025-01-17 02:34:01,983 - INFO - Average Validation Accuracy (Over 5 folds): 0.9241666666666667 

2025-01-17 02:34:01,983 - INFO - Error: Unknown format code 'f' for object of type 'str'
