2025-01-17 02:36:49,003 - INFO - Training with Vectorized Data 1000 features. Dropout Rate 0.768. Dataset Size 2400. 218 neurons. Leanring Rate 0.00264
2025-01-17 02:36:49,003 - INFO - Training for fold 1/5
2025-01-17 02:36:50,366 - INFO - Epoch [1/100], Train Accuracy: 0.7354, Val Accuracy: 0.8979
2025-01-17 02:36:50,466 - INFO - Epoch [2/100], Train Accuracy: 0.9380, Val Accuracy: 0.9229
2025-01-17 02:36:50,561 - INFO - Epoch [3/100], Train Accuracy: 0.9729, Val Accuracy: 0.9313
2025-01-17 02:36:50,661 - INFO - Epoch [4/100], Train Accuracy: 0.9901, Val Accuracy: 0.9229
2025-01-17 02:36:50,758 - INFO - Epoch [5/100], Train Accuracy: 0.9938, Val Accuracy: 0.9271
2025-01-17 02:36:50,857 - INFO - Epoch [6/100], Train Accuracy: 0.9964, Val Accuracy: 0.9146
2025-01-17 02:36:50,870 - INFO - Fold 1 Validation Metrics - Accuracy: 0.9146, Precision: 0.9147, Recall: 0.9146, F1: 0.9145
2025-01-17 02:36:50,879 - INFO - Fold 1 Validation Accuracy: 0.9146
2025-01-17 02:36:50,879 - INFO - Training for fold 2/5
2025-01-17 02:36:50,992 - INFO - Epoch [1/100], Train Accuracy: 0.6630, Val Accuracy: 0.9042
2025-01-17 02:36:51,101 - INFO - Epoch [2/100], Train Accuracy: 0.9385, Val Accuracy: 0.9187
2025-01-17 02:36:51,198 - INFO - Epoch [3/100], Train Accuracy: 0.9719, Val Accuracy: 0.9354
2025-01-17 02:36:51,298 - INFO - Epoch [4/100], Train Accuracy: 0.9885, Val Accuracy: 0.9354
2025-01-17 02:36:51,402 - INFO - Epoch [5/100], Train Accuracy: 0.9943, Val Accuracy: 0.9333
2025-01-17 02:36:51,499 - INFO - Epoch [6/100], Train Accuracy: 0.9948, Val Accuracy: 0.9333
2025-01-17 02:36:51,598 - INFO - Epoch [7/100], Train Accuracy: 0.9948, Val Accuracy: 0.9292
2025-01-17 02:36:51,699 - INFO - Epoch [8/100], Train Accuracy: 0.9958, Val Accuracy: 0.9292
2025-01-17 02:36:51,712 - INFO - Fold 2 Validation Metrics - Accuracy: 0.9292, Precision: 0.9291, Recall: 0.9292, F1: 0.9291
2025-01-17 02:36:51,720 - INFO - Fold 2 Validation Accuracy: 0.9292
2025-01-17 02:36:51,720 - INFO - Training for fold 3/5
2025-01-17 02:36:51,828 - INFO - Epoch [1/100], Train Accuracy: 0.6729, Val Accuracy: 0.9187
2025-01-17 02:36:51,926 - INFO - Epoch [2/100], Train Accuracy: 0.9333, Val Accuracy: 0.9437
2025-01-17 02:36:52,021 - INFO - Epoch [3/100], Train Accuracy: 0.9755, Val Accuracy: 0.9354
2025-01-17 02:36:52,115 - INFO - Epoch [4/100], Train Accuracy: 0.9891, Val Accuracy: 0.9313
2025-01-17 02:36:52,213 - INFO - Epoch [5/100], Train Accuracy: 0.9953, Val Accuracy: 0.9396
2025-01-17 02:36:52,226 - INFO - Fold 3 Validation Metrics - Accuracy: 0.9396, Precision: 0.9396, Recall: 0.9396, F1: 0.9395
2025-01-17 02:36:52,236 - INFO - Fold 3 Validation Accuracy: 0.9396
2025-01-17 02:36:52,236 - INFO - Training for fold 4/5
2025-01-17 02:36:52,342 - INFO - Epoch [1/100], Train Accuracy: 0.7328, Val Accuracy: 0.9125
2025-01-17 02:36:52,444 - INFO - Epoch [2/100], Train Accuracy: 0.9307, Val Accuracy: 0.9271
2025-01-17 02:36:52,543 - INFO - Epoch [3/100], Train Accuracy: 0.9734, Val Accuracy: 0.9313
2025-01-17 02:36:52,643 - INFO - Epoch [4/100], Train Accuracy: 0.9906, Val Accuracy: 0.9354
2025-01-17 02:36:52,747 - INFO - Epoch [5/100], Train Accuracy: 0.9943, Val Accuracy: 0.9333
2025-01-17 02:36:52,849 - INFO - Epoch [6/100], Train Accuracy: 0.9969, Val Accuracy: 0.9292
2025-01-17 02:36:52,863 - INFO - Fold 4 Validation Metrics - Accuracy: 0.9292, Precision: 0.9297, Recall: 0.9292, F1: 0.9294
2025-01-17 02:36:52,876 - INFO - Fold 4 Validation Accuracy: 0.9292
2025-01-17 02:36:52,876 - INFO - Training for fold 5/5
2025-01-17 02:36:52,985 - INFO - Epoch [1/100], Train Accuracy: 0.6760, Val Accuracy: 0.8854
2025-01-17 02:36:53,085 - INFO - Epoch [2/100], Train Accuracy: 0.9354, Val Accuracy: 0.9250
2025-01-17 02:36:53,183 - INFO - Epoch [3/100], Train Accuracy: 0.9740, Val Accuracy: 0.9250
2025-01-17 02:36:53,284 - INFO - Epoch [4/100], Train Accuracy: 0.9917, Val Accuracy: 0.9146
2025-01-17 02:36:53,383 - INFO - Epoch [5/100], Train Accuracy: 0.9943, Val Accuracy: 0.9167
2025-01-17 02:36:53,485 - INFO - Epoch [6/100], Train Accuracy: 0.9974, Val Accuracy: 0.9104
2025-01-17 02:36:53,498 - INFO - Fold 5 Validation Metrics - Accuracy: 0.9104, Precision: 0.9105, Recall: 0.9104, F1: 0.9105
2025-01-17 02:36:53,506 - INFO - Fold 5 Validation Accuracy: 0.9104
2025-01-17 02:36:53,506 - INFO - Average Validation Accuracy (Over 5 folds): 0.9245833333333333

2025-01-17 02:36:53,507 - INFO - Error: Unknown format code 'f' for object of type 'str'
