2025-01-17 02:45:16,085 - INFO - Training with Vectorized Data 1000 features. Dropout Rate 0.768. Dataset Size 2400. 218 neurons. Leanring Rate 0.00264
2025-01-17 02:45:16,085 - INFO - Training for fold 1/5
2025-01-17 02:45:17,308 - INFO - Epoch [1/100], Train Accuracy: 0.6927, Val Accuracy: 0.9000
2025-01-17 02:45:17,410 - INFO - Epoch [2/100], Train Accuracy: 0.9339, Val Accuracy: 0.9250
2025-01-17 02:45:17,524 - INFO - Epoch [3/100], Train Accuracy: 0.9698, Val Accuracy: 0.9417
2025-01-17 02:45:17,622 - INFO - Epoch [4/100], Train Accuracy: 0.9865, Val Accuracy: 0.9500
2025-01-17 02:45:17,725 - INFO - Epoch [5/100], Train Accuracy: 0.9932, Val Accuracy: 0.9375
2025-01-17 02:45:17,828 - INFO - Epoch [6/100], Train Accuracy: 0.9969, Val Accuracy: 0.9333
2025-01-17 02:45:17,841 - INFO - Fold 1 Validation Metrics - Accuracy: 0.9333, Precision: 0.9352, Recall: 0.9333, F1: 0.9332
2025-01-17 02:45:17,850 - INFO - Fold 1 Validation Accuracy: 0.9333
2025-01-17 02:45:17,850 - INFO - Training for fold 2/5
2025-01-17 02:45:17,959 - INFO - Epoch [1/100], Train Accuracy: 0.7427, Val Accuracy: 0.9187
2025-01-17 02:45:18,063 - INFO - Epoch [2/100], Train Accuracy: 0.9406, Val Accuracy: 0.9354
2025-01-17 02:45:18,169 - INFO - Epoch [3/100], Train Accuracy: 0.9786, Val Accuracy: 0.9229
2025-01-17 02:45:18,275 - INFO - Epoch [4/100], Train Accuracy: 0.9901, Val Accuracy: 0.9208
2025-01-17 02:45:18,377 - INFO - Epoch [5/100], Train Accuracy: 0.9953, Val Accuracy: 0.9146
2025-01-17 02:45:18,388 - INFO - Fold 2 Validation Metrics - Accuracy: 0.9146, Precision: 0.9152, Recall: 0.9146, F1: 0.9143
2025-01-17 02:45:18,397 - INFO - Fold 2 Validation Accuracy: 0.9146
2025-01-17 02:45:18,397 - INFO - Training for fold 3/5
2025-01-17 02:45:18,511 - INFO - Epoch [1/100], Train Accuracy: 0.7266, Val Accuracy: 0.9042
2025-01-17 02:45:18,611 - INFO - Epoch [2/100], Train Accuracy: 0.9411, Val Accuracy: 0.9292
2025-01-17 02:45:18,715 - INFO - Epoch [3/100], Train Accuracy: 0.9708, Val Accuracy: 0.9479
2025-01-17 02:45:18,815 - INFO - Epoch [4/100], Train Accuracy: 0.9906, Val Accuracy: 0.9396
2025-01-17 02:45:18,914 - INFO - Epoch [5/100], Train Accuracy: 0.9927, Val Accuracy: 0.9396
2025-01-17 02:45:19,016 - INFO - Epoch [6/100], Train Accuracy: 0.9958, Val Accuracy: 0.9333
2025-01-17 02:45:19,029 - INFO - Fold 3 Validation Metrics - Accuracy: 0.9333, Precision: 0.9334, Recall: 0.9333, F1: 0.9332
2025-01-17 02:45:19,038 - INFO - Fold 3 Validation Accuracy: 0.9333
2025-01-17 02:45:19,038 - INFO - Training for fold 4/5
2025-01-17 02:45:19,149 - INFO - Epoch [1/100], Train Accuracy: 0.6937, Val Accuracy: 0.9000
2025-01-17 02:45:19,250 - INFO - Epoch [2/100], Train Accuracy: 0.9354, Val Accuracy: 0.9187
2025-01-17 02:45:19,350 - INFO - Epoch [3/100], Train Accuracy: 0.9740, Val Accuracy: 0.9146
2025-01-17 02:45:19,453 - INFO - Epoch [4/100], Train Accuracy: 0.9854, Val Accuracy: 0.9187
2025-01-17 02:45:19,555 - INFO - Epoch [5/100], Train Accuracy: 0.9953, Val Accuracy: 0.9146
2025-01-17 02:45:19,571 - INFO - Fold 4 Validation Metrics - Accuracy: 0.9146, Precision: 0.9150, Recall: 0.9146, F1: 0.9144
2025-01-17 02:45:19,585 - INFO - Fold 4 Validation Accuracy: 0.9146
2025-01-17 02:45:19,585 - INFO - Training for fold 5/5
2025-01-17 02:45:19,696 - INFO - Epoch [1/100], Train Accuracy: 0.7182, Val Accuracy: 0.8750
2025-01-17 02:45:19,796 - INFO - Epoch [2/100], Train Accuracy: 0.9391, Val Accuracy: 0.9313
2025-01-17 02:45:19,899 - INFO - Epoch [3/100], Train Accuracy: 0.9792, Val Accuracy: 0.9229
2025-01-17 02:45:20,002 - INFO - Epoch [4/100], Train Accuracy: 0.9906, Val Accuracy: 0.9229
2025-01-17 02:45:20,109 - INFO - Epoch [5/100], Train Accuracy: 0.9969, Val Accuracy: 0.9187
2025-01-17 02:45:20,122 - INFO - Fold 5 Validation Metrics - Accuracy: 0.9187, Precision: 0.9204, Recall: 0.9187, F1: 0.9191
2025-01-17 02:45:20,133 - INFO - Fold 5 Validation Accuracy: 0.9187
2025-01-17 02:45:20,133 - INFO - Average Validation Accuracy (Over 5 folds): 0.9229166666666666

