2025-01-17 02:46:49,245 - INFO - Training with Vectorized Data 1000 features. Dropout Rate 0.768. Dataset Size 2400. 218 neurons. Leanring Rate 0.00264
2025-01-17 02:46:49,246 - INFO - Training for fold 1/5
2025-01-17 02:46:50,429 - INFO - Epoch [1/100], Train Accuracy: 0.7177, Val Accuracy: 0.9187
2025-01-17 02:46:50,528 - INFO - Epoch [2/100], Train Accuracy: 0.9354, Val Accuracy: 0.9333
2025-01-17 02:46:50,631 - INFO - Epoch [3/100], Train Accuracy: 0.9734, Val Accuracy: 0.9271
2025-01-17 02:46:50,731 - INFO - Epoch [4/100], Train Accuracy: 0.9906, Val Accuracy: 0.9229
2025-01-17 02:46:50,838 - INFO - Epoch [5/100], Train Accuracy: 0.9943, Val Accuracy: 0.9250
2025-01-17 02:46:50,943 - INFO - Epoch [6/100], Train Accuracy: 0.9953, Val Accuracy: 0.9250
2025-01-17 02:46:50,959 - INFO - Fold 1 Validation Metrics - Accuracy: 0.9250, Precision: 0.9266, Recall: 0.9250, F1: 0.9253
2025-01-17 02:46:50,968 - INFO - Fold 1 Validation Accuracy: 0.9250
2025-01-17 02:46:50,968 - INFO - Training for fold 2/5
2025-01-17 02:46:51,078 - INFO - Epoch [1/100], Train Accuracy: 0.7047, Val Accuracy: 0.8917
2025-01-17 02:46:51,186 - INFO - Epoch [2/100], Train Accuracy: 0.9391, Val Accuracy: 0.9250
2025-01-17 02:46:51,288 - INFO - Epoch [3/100], Train Accuracy: 0.9745, Val Accuracy: 0.9354
2025-01-17 02:46:51,389 - INFO - Epoch [4/100], Train Accuracy: 0.9865, Val Accuracy: 0.9271
2025-01-17 02:46:51,489 - INFO - Epoch [5/100], Train Accuracy: 0.9932, Val Accuracy: 0.9292
2025-01-17 02:46:51,596 - INFO - Epoch [6/100], Train Accuracy: 0.9958, Val Accuracy: 0.9208
2025-01-17 02:46:51,610 - INFO - Fold 2 Validation Metrics - Accuracy: 0.9208, Precision: 0.9220, Recall: 0.9208, F1: 0.9212
2025-01-17 02:46:51,620 - INFO - Fold 2 Validation Accuracy: 0.9208
2025-01-17 02:46:51,621 - INFO - Training for fold 3/5
2025-01-17 02:46:51,729 - INFO - Epoch [1/100], Train Accuracy: 0.6964, Val Accuracy: 0.9062
2025-01-17 02:46:51,830 - INFO - Epoch [2/100], Train Accuracy: 0.9349, Val Accuracy: 0.9375
2025-01-17 02:46:51,937 - INFO - Epoch [3/100], Train Accuracy: 0.9703, Val Accuracy: 0.9354
2025-01-17 02:46:52,040 - INFO - Epoch [4/100], Train Accuracy: 0.9896, Val Accuracy: 0.9292
2025-01-17 02:46:52,144 - INFO - Epoch [5/100], Train Accuracy: 0.9958, Val Accuracy: 0.9271
2025-01-17 02:46:52,158 - INFO - Fold 3 Validation Metrics - Accuracy: 0.9271, Precision: 0.9277, Recall: 0.9271, F1: 0.9271
2025-01-17 02:46:52,166 - INFO - Fold 3 Validation Accuracy: 0.9271
2025-01-17 02:46:52,167 - INFO - Training for fold 4/5
2025-01-17 02:46:52,281 - INFO - Epoch [1/100], Train Accuracy: 0.7411, Val Accuracy: 0.9125
2025-01-17 02:46:52,383 - INFO - Epoch [2/100], Train Accuracy: 0.9359, Val Accuracy: 0.9396
2025-01-17 02:46:52,483 - INFO - Epoch [3/100], Train Accuracy: 0.9734, Val Accuracy: 0.9417
2025-01-17 02:46:52,584 - INFO - Epoch [4/100], Train Accuracy: 0.9906, Val Accuracy: 0.9437
2025-01-17 02:46:52,684 - INFO - Epoch [5/100], Train Accuracy: 0.9953, Val Accuracy: 0.9375
2025-01-17 02:46:52,697 - INFO - Fold 4 Validation Metrics - Accuracy: 0.9375, Precision: 0.9377, Recall: 0.9375, F1: 0.9372
2025-01-17 02:46:52,706 - INFO - Fold 4 Validation Accuracy: 0.9375
2025-01-17 02:46:52,706 - INFO - Training for fold 5/5
2025-01-17 02:46:52,817 - INFO - Epoch [1/100], Train Accuracy: 0.6552, Val Accuracy: 0.8917
2025-01-17 02:46:52,919 - INFO - Epoch [2/100], Train Accuracy: 0.9365, Val Accuracy: 0.9042
2025-01-17 02:46:53,022 - INFO - Epoch [3/100], Train Accuracy: 0.9786, Val Accuracy: 0.9104
2025-01-17 02:46:53,121 - INFO - Epoch [4/100], Train Accuracy: 0.9880, Val Accuracy: 0.9083
2025-01-17 02:46:53,226 - INFO - Epoch [5/100], Train Accuracy: 0.9932, Val Accuracy: 0.9146
2025-01-17 02:46:53,327 - INFO - Epoch [6/100], Train Accuracy: 0.9953, Val Accuracy: 0.9125
2025-01-17 02:46:53,425 - INFO - Epoch [7/100], Train Accuracy: 0.9964, Val Accuracy: 0.9125
2025-01-17 02:46:53,522 - INFO - Epoch [8/100], Train Accuracy: 0.9974, Val Accuracy: 0.9146
2025-01-17 02:46:53,618 - INFO - Epoch [9/100], Train Accuracy: 0.9974, Val Accuracy: 0.9167
2025-01-17 02:46:53,717 - INFO - Epoch [10/100], Train Accuracy: 0.9974, Val Accuracy: 0.9167
2025-01-17 02:46:53,823 - INFO - Epoch [11/100], Train Accuracy: 0.9974, Val Accuracy: 0.9167
2025-01-17 02:46:53,925 - INFO - Epoch [12/100], Train Accuracy: 0.9974, Val Accuracy: 0.9167
2025-01-17 02:46:54,025 - INFO - Epoch [13/100], Train Accuracy: 0.9974, Val Accuracy: 0.9167
2025-01-17 02:46:54,122 - INFO - Epoch [14/100], Train Accuracy: 0.9974, Val Accuracy: 0.9167
2025-01-17 02:46:54,219 - INFO - Epoch [15/100], Train Accuracy: 0.9974, Val Accuracy: 0.9167
2025-01-17 02:46:54,316 - INFO - Epoch [16/100], Train Accuracy: 0.9974, Val Accuracy: 0.9167
2025-01-17 02:46:54,413 - INFO - Epoch [17/100], Train Accuracy: 0.9974, Val Accuracy: 0.9167
2025-01-17 02:46:54,511 - INFO - Epoch [18/100], Train Accuracy: 0.9974, Val Accuracy: 0.9167
2025-01-17 02:46:54,612 - INFO - Epoch [19/100], Train Accuracy: 0.9974, Val Accuracy: 0.9167
2025-01-17 02:46:54,707 - INFO - Epoch [20/100], Train Accuracy: 0.9974, Val Accuracy: 0.9167
2025-01-17 02:46:54,803 - INFO - Epoch [21/100], Train Accuracy: 0.9974, Val Accuracy: 0.9167
2025-01-17 02:46:54,902 - INFO - Epoch [22/100], Train Accuracy: 0.9974, Val Accuracy: 0.9146
2025-01-17 02:46:55,002 - INFO - Epoch [23/100], Train Accuracy: 0.9974, Val Accuracy: 0.9146
2025-01-17 02:46:55,101 - INFO - Epoch [24/100], Train Accuracy: 0.9974, Val Accuracy: 0.9146
2025-01-17 02:46:55,202 - INFO - Epoch [25/100], Train Accuracy: 0.9974, Val Accuracy: 0.9146
2025-01-17 02:46:55,299 - INFO - Epoch [26/100], Train Accuracy: 0.9974, Val Accuracy: 0.9167
2025-01-17 02:46:55,399 - INFO - Epoch [27/100], Train Accuracy: 0.9974, Val Accuracy: 0.9146
2025-01-17 02:46:55,493 - INFO - Epoch [28/100], Train Accuracy: 0.9974, Val Accuracy: 0.9125
2025-01-17 02:46:55,508 - INFO - Fold 5 Validation Metrics - Accuracy: 0.9125, Precision: 0.9128, Recall: 0.9125, F1: 0.9123
2025-01-17 02:46:55,519 - INFO - Fold 5 Validation Accuracy: 0.9125
2025-01-17 02:46:55,519 - INFO - Average Validation Accuracy (Over 5 folds): 0.9245833333333333

