2025-01-17 03:14:04,609 - INFO - Training with Vectorized Data 1000 features. Dropout Rate 0.768. Dataset Size 2400. 218 neurons. Leanring Rate 0.00264
2025-01-17 03:14:04,609 - INFO - Training for fold 1/5
2025-01-17 03:14:05,753 - INFO - Epoch [1/100], Train Accuracy: 0.6635, Val Accuracy: 0.9146
2025-01-17 03:14:05,856 - INFO - Epoch [2/100], Train Accuracy: 0.9339, Val Accuracy: 0.9396
2025-01-17 03:14:05,955 - INFO - Epoch [3/100], Train Accuracy: 0.9708, Val Accuracy: 0.9479
2025-01-17 03:14:06,051 - INFO - Epoch [4/100], Train Accuracy: 0.9891, Val Accuracy: 0.9437
2025-01-17 03:14:06,148 - INFO - Epoch [5/100], Train Accuracy: 0.9948, Val Accuracy: 0.9437
2025-01-17 03:14:06,244 - INFO - Epoch [6/100], Train Accuracy: 0.9958, Val Accuracy: 0.9458
2025-01-17 03:14:06,346 - INFO - Epoch [7/100], Train Accuracy: 0.9979, Val Accuracy: 0.9417
2025-01-17 03:14:06,366 - INFO -   Class political science: Precision: 0.9277, Recall: 0.9506, F1: 0.9390
2025-01-17 03:14:06,366 - INFO -   Class psychology: Precision: 0.9487, Recall: 0.9427, F1: 0.9457
2025-01-17 03:14:06,366 - INFO -   Class sociology: Precision: 0.9494, Recall: 0.9317, F1: 0.9404
2025-01-17 03:14:10,163 - INFO - Training for fold 2/5
2025-01-17 03:14:10,289 - INFO - Epoch [1/100], Train Accuracy: 0.7391, Val Accuracy: 0.8896
2025-01-17 03:14:10,391 - INFO - Epoch [2/100], Train Accuracy: 0.9365, Val Accuracy: 0.9146
2025-01-17 03:14:10,491 - INFO - Epoch [3/100], Train Accuracy: 0.9766, Val Accuracy: 0.9125
2025-01-17 03:14:10,596 - INFO - Epoch [4/100], Train Accuracy: 0.9906, Val Accuracy: 0.9125
2025-01-17 03:14:10,702 - INFO - Epoch [5/100], Train Accuracy: 0.9948, Val Accuracy: 0.9187
2025-01-17 03:14:10,800 - INFO - Epoch [6/100], Train Accuracy: 0.9964, Val Accuracy: 0.9187
2025-01-17 03:14:10,906 - INFO - Epoch [7/100], Train Accuracy: 0.9969, Val Accuracy: 0.9208
2025-01-17 03:14:11,000 - INFO - Epoch [8/100], Train Accuracy: 0.9969, Val Accuracy: 0.9229
2025-01-17 03:14:11,110 - INFO - Epoch [9/100], Train Accuracy: 0.9974, Val Accuracy: 0.9187
2025-01-17 03:14:11,125 - INFO -   Class political science: Precision: 0.9062, Recall: 0.9236, F1: 0.9148
2025-01-17 03:14:11,125 - INFO -   Class psychology: Precision: 0.9294, Recall: 0.9576, F1: 0.9433
2025-01-17 03:14:11,125 - INFO -   Class sociology: Precision: 0.9200, Recall: 0.8734, F1: 0.8961
2025-01-17 03:14:11,792 - INFO - Training for fold 3/5
2025-01-17 03:14:11,918 - INFO - Epoch [1/100], Train Accuracy: 0.6849, Val Accuracy: 0.9208
2025-01-17 03:14:12,028 - INFO - Epoch [2/100], Train Accuracy: 0.9349, Val Accuracy: 0.9458
2025-01-17 03:14:12,149 - INFO - Epoch [3/100], Train Accuracy: 0.9719, Val Accuracy: 0.9375
2025-01-17 03:14:12,255 - INFO - Epoch [4/100], Train Accuracy: 0.9911, Val Accuracy: 0.9354
2025-01-17 03:14:12,377 - INFO - Epoch [5/100], Train Accuracy: 0.9953, Val Accuracy: 0.9375
2025-01-17 03:14:12,396 - INFO -   Class political science: Precision: 0.9408, Recall: 0.9226, F1: 0.9316
2025-01-17 03:14:12,396 - INFO -   Class psychology: Precision: 0.9286, Recall: 0.9597, F1: 0.9439
2025-01-17 03:14:12,396 - INFO -   Class sociology: Precision: 0.9425, Recall: 0.9318, F1: 0.9371
2025-01-17 03:14:13,061 - INFO - Training for fold 4/5
2025-01-17 03:14:13,202 - INFO - Epoch [1/100], Train Accuracy: 0.7406, Val Accuracy: 0.9250
2025-01-17 03:14:13,309 - INFO - Epoch [2/100], Train Accuracy: 0.9354, Val Accuracy: 0.9375
2025-01-17 03:14:13,410 - INFO - Epoch [3/100], Train Accuracy: 0.9766, Val Accuracy: 0.9333
2025-01-17 03:14:13,512 - INFO - Epoch [4/100], Train Accuracy: 0.9880, Val Accuracy: 0.9271
2025-01-17 03:14:13,619 - INFO - Epoch [5/100], Train Accuracy: 0.9943, Val Accuracy: 0.9292
2025-01-17 03:14:13,726 - INFO - Epoch [6/100], Train Accuracy: 0.9958, Val Accuracy: 0.9250
2025-01-17 03:14:13,744 - INFO -   Class political science: Precision: 0.9434, Recall: 0.8929, F1: 0.9174
2025-01-17 03:14:13,744 - INFO -   Class psychology: Precision: 0.9290, Recall: 0.9691, F1: 0.9486
2025-01-17 03:14:13,744 - INFO -   Class sociology: Precision: 0.9013, Recall: 0.9133, F1: 0.9073
2025-01-17 03:14:14,359 - INFO - Training for fold 5/5
2025-01-17 03:14:14,521 - INFO - Epoch [1/100], Train Accuracy: 0.6786, Val Accuracy: 0.8875
2025-01-17 03:14:14,638 - INFO - Epoch [2/100], Train Accuracy: 0.9370, Val Accuracy: 0.9187
2025-01-17 03:14:14,759 - INFO - Epoch [3/100], Train Accuracy: 0.9750, Val Accuracy: 0.9250
2025-01-17 03:14:14,868 - INFO - Epoch [4/100], Train Accuracy: 0.9906, Val Accuracy: 0.9167
2025-01-17 03:14:14,975 - INFO - Epoch [5/100], Train Accuracy: 0.9964, Val Accuracy: 0.9229
2025-01-17 03:14:15,082 - INFO - Epoch [6/100], Train Accuracy: 0.9964, Val Accuracy: 0.9187
2025-01-17 03:14:15,101 - INFO -   Class political science: Precision: 0.9172, Recall: 0.9114, F1: 0.9143
2025-01-17 03:14:15,101 - INFO -   Class psychology: Precision: 0.9268, Recall: 0.9102, F1: 0.9184
2025-01-17 03:14:15,101 - INFO -   Class sociology: Precision: 0.9119, Recall: 0.9355, F1: 0.9236
2025-01-17 03:14:15,701 - INFO - Error: 'numpy.float64' object is not iterable
