2025-01-17 03:13:10,860 - INFO - Training with Vectorized Data 1000 features. Dropout Rate 0.768. Dataset Size 2400. 218 neurons. Leanring Rate 0.00264
2025-01-17 03:13:10,861 - INFO - Training for fold 1/5
2025-01-17 03:13:12,123 - INFO - Epoch [1/100], Train Accuracy: 0.7099, Val Accuracy: 0.9146
2025-01-17 03:13:12,222 - INFO - Epoch [2/100], Train Accuracy: 0.9328, Val Accuracy: 0.9396
2025-01-17 03:13:12,321 - INFO - Epoch [3/100], Train Accuracy: 0.9714, Val Accuracy: 0.9437
2025-01-17 03:13:12,418 - INFO - Epoch [4/100], Train Accuracy: 0.9896, Val Accuracy: 0.9313
2025-01-17 03:13:12,518 - INFO - Epoch [5/100], Train Accuracy: 0.9938, Val Accuracy: 0.9292
2025-01-17 03:13:12,622 - INFO - Epoch [6/100], Train Accuracy: 0.9964, Val Accuracy: 0.9271
2025-01-17 03:13:12,638 - INFO -   Class political science: Precision: 0.9211, Recall: 0.9032, F1: 0.9121
2025-01-17 03:13:12,638 - INFO -   Class psychology: Precision: 0.9529, Recall: 0.9419, F1: 0.9474
2025-01-17 03:13:12,638 - INFO -   Class sociology: Precision: 0.9051, Recall: 0.9346, F1: 0.9196
2025-01-17 03:13:17,425 - INFO - Training for fold 2/5
2025-01-17 03:13:17,574 - INFO - Epoch [1/100], Train Accuracy: 0.6443, Val Accuracy: 0.8917
2025-01-17 03:13:17,687 - INFO - Epoch [2/100], Train Accuracy: 0.9385, Val Accuracy: 0.9104
2025-01-17 03:13:17,793 - INFO - Epoch [3/100], Train Accuracy: 0.9714, Val Accuracy: 0.9354
2025-01-17 03:13:17,900 - INFO - Epoch [4/100], Train Accuracy: 0.9906, Val Accuracy: 0.9250
2025-01-17 03:13:18,004 - INFO - Epoch [5/100], Train Accuracy: 0.9969, Val Accuracy: 0.9271
2025-01-17 03:13:18,021 - INFO -   Class political science: Precision: 0.9408, Recall: 0.9108, F1: 0.9256
2025-01-17 03:13:18,021 - INFO -   Class psychology: Precision: 0.8916, Recall: 0.9487, F1: 0.9193
2025-01-17 03:13:18,021 - INFO -   Class sociology: Precision: 0.9506, Recall: 0.9222, F1: 0.9362
2025-01-17 03:13:18,709 - INFO - Training for fold 3/5
2025-01-17 03:13:18,858 - INFO - Epoch [1/100], Train Accuracy: 0.7172, Val Accuracy: 0.9021
2025-01-17 03:13:18,979 - INFO - Epoch [2/100], Train Accuracy: 0.9354, Val Accuracy: 0.9208
2025-01-17 03:13:19,090 - INFO - Epoch [3/100], Train Accuracy: 0.9745, Val Accuracy: 0.9250
2025-01-17 03:13:19,191 - INFO - Epoch [4/100], Train Accuracy: 0.9901, Val Accuracy: 0.9187
2025-01-17 03:13:19,292 - INFO - Epoch [5/100], Train Accuracy: 0.9943, Val Accuracy: 0.9167
2025-01-17 03:13:19,387 - INFO - Epoch [6/100], Train Accuracy: 0.9958, Val Accuracy: 0.9167
2025-01-17 03:13:19,406 - INFO -   Class political science: Precision: 0.9310, Recall: 0.8544, F1: 0.8911
2025-01-17 03:13:19,406 - INFO -   Class psychology: Precision: 0.9458, Recall: 0.9401, F1: 0.9429
2025-01-17 03:13:19,406 - INFO -   Class sociology: Precision: 0.8757, Recall: 0.9548, F1: 0.9136
2025-01-17 03:13:20,023 - INFO - Training for fold 4/5
2025-01-17 03:13:20,154 - INFO - Epoch [1/100], Train Accuracy: 0.6979, Val Accuracy: 0.9167
2025-01-17 03:13:20,266 - INFO - Epoch [2/100], Train Accuracy: 0.9349, Val Accuracy: 0.9292
2025-01-17 03:13:20,370 - INFO - Epoch [3/100], Train Accuracy: 0.9734, Val Accuracy: 0.9354
2025-01-17 03:13:20,477 - INFO - Epoch [4/100], Train Accuracy: 0.9922, Val Accuracy: 0.9208
2025-01-17 03:13:20,578 - INFO - Epoch [5/100], Train Accuracy: 0.9953, Val Accuracy: 0.9250
2025-01-17 03:13:20,596 - INFO -   Class political science: Precision: 0.9048, Recall: 0.9500, F1: 0.9268
2025-01-17 03:13:20,596 - INFO -   Class psychology: Precision: 0.9221, Recall: 0.9467, F1: 0.9342
2025-01-17 03:13:20,596 - INFO -   Class sociology: Precision: 0.9494, Recall: 0.8824, F1: 0.9146
2025-01-17 03:13:21,630 - INFO - Training for fold 5/5
2025-01-17 03:13:21,806 - INFO - Epoch [1/100], Train Accuracy: 0.6964, Val Accuracy: 0.8896
2025-01-17 03:13:21,924 - INFO - Epoch [2/100], Train Accuracy: 0.9380, Val Accuracy: 0.9208
2025-01-17 03:13:22,034 - INFO - Epoch [3/100], Train Accuracy: 0.9734, Val Accuracy: 0.9167
2025-01-17 03:13:22,136 - INFO - Epoch [4/100], Train Accuracy: 0.9891, Val Accuracy: 0.9146
2025-01-17 03:13:22,235 - INFO - Epoch [5/100], Train Accuracy: 0.9948, Val Accuracy: 0.9167
2025-01-17 03:13:22,326 - INFO - Epoch [6/100], Train Accuracy: 0.9969, Val Accuracy: 0.9229
2025-01-17 03:13:22,421 - INFO - Epoch [7/100], Train Accuracy: 0.9974, Val Accuracy: 0.9187
2025-01-17 03:13:22,439 - INFO -   Class political science: Precision: 0.9080, Recall: 0.9294, F1: 0.9186
2025-01-17 03:13:22,439 - INFO -   Class psychology: Precision: 0.9412, Recall: 0.9290, F1: 0.9351
2025-01-17 03:13:22,439 - INFO -   Class sociology: Precision: 0.9085, Recall: 0.8968, F1: 0.9026
2025-01-17 03:13:23,172 - INFO - Error: 'int' object is not iterable
