2025-01-17 03:31:43,887 - INFO - Training with Vectorized Data 1000 features. Dropout Rate 0.768. Dataset Size 2400. 218 neurons. Leanring Rate 0.00264
2025-01-17 03:31:43,888 - INFO - Training for fold 1/5
2025-01-17 03:31:45,153 - INFO - Epoch [1/100], Train Accuracy: 0.7109, Val Accuracy: 0.9125
2025-01-17 03:31:45,259 - INFO - Epoch [2/100], Train Accuracy: 0.9349, Val Accuracy: 0.9354
2025-01-17 03:31:45,369 - INFO - Epoch [3/100], Train Accuracy: 0.9734, Val Accuracy: 0.9354
2025-01-17 03:31:45,480 - INFO - Epoch [4/100], Train Accuracy: 0.9885, Val Accuracy: 0.9333
2025-01-17 03:31:45,584 - INFO - Epoch [5/100], Train Accuracy: 0.9953, Val Accuracy: 0.9333
2025-01-17 03:31:45,693 - INFO - Epoch [6/100], Train Accuracy: 0.9974, Val Accuracy: 0.9313
2025-01-17 03:31:45,710 - INFO -   Class political science: Precision: 0.9195, Recall: 0.9133, F1: 0.9164
2025-01-17 03:31:45,710 - INFO -   Class psychology: Precision: 0.9408, Recall: 0.9521, F1: 0.9464
2025-01-17 03:31:45,710 - INFO -   Class sociology: Precision: 0.9321, Recall: 0.9264, F1: 0.9292
2025-01-17 03:31:45,710 - INFO - Training for fold 2/5
2025-01-17 03:31:45,822 - INFO - Epoch [1/100], Train Accuracy: 0.6234, Val Accuracy: 0.8792
2025-01-17 03:31:45,921 - INFO - Epoch [2/100], Train Accuracy: 0.9365, Val Accuracy: 0.9062
2025-01-17 03:31:46,028 - INFO - Epoch [3/100], Train Accuracy: 0.9776, Val Accuracy: 0.9042
2025-01-17 03:31:46,147 - INFO - Epoch [4/100], Train Accuracy: 0.9896, Val Accuracy: 0.8854
2025-01-17 03:31:46,164 - INFO -   Class political science: Precision: 0.9067, Recall: 0.8344, F1: 0.8690
2025-01-17 03:31:46,164 - INFO -   Class psychology: Precision: 0.8603, Recall: 0.9506, F1: 0.9032
2025-01-17 03:31:46,164 - INFO -   Class sociology: Precision: 0.8940, Recall: 0.8710, F1: 0.8824
2025-01-17 03:31:46,164 - INFO - Training for fold 3/5
2025-01-17 03:31:46,283 - INFO - Epoch [1/100], Train Accuracy: 0.6823, Val Accuracy: 0.8875
2025-01-17 03:31:46,392 - INFO - Epoch [2/100], Train Accuracy: 0.9313, Val Accuracy: 0.9313
2025-01-17 03:31:46,502 - INFO - Epoch [3/100], Train Accuracy: 0.9745, Val Accuracy: 0.9313
2025-01-17 03:31:46,610 - INFO - Epoch [4/100], Train Accuracy: 0.9891, Val Accuracy: 0.9292
2025-01-17 03:31:46,715 - INFO - Epoch [5/100], Train Accuracy: 0.9943, Val Accuracy: 0.9271
2025-01-17 03:31:46,822 - INFO - Epoch [6/100], Train Accuracy: 0.9969, Val Accuracy: 0.9313
2025-01-17 03:31:46,927 - INFO - Epoch [7/100], Train Accuracy: 0.9974, Val Accuracy: 0.9292
2025-01-17 03:31:47,037 - INFO - Epoch [8/100], Train Accuracy: 0.9974, Val Accuracy: 0.9292
2025-01-17 03:31:47,145 - INFO - Epoch [9/100], Train Accuracy: 0.9974, Val Accuracy: 0.9292
2025-01-17 03:31:47,258 - INFO - Epoch [10/100], Train Accuracy: 0.9974, Val Accuracy: 0.9292
2025-01-17 03:31:47,364 - INFO - Epoch [11/100], Train Accuracy: 0.9974, Val Accuracy: 0.9313
2025-01-17 03:31:47,469 - INFO - Epoch [12/100], Train Accuracy: 0.9974, Val Accuracy: 0.9313
2025-01-17 03:31:47,580 - INFO - Epoch [13/100], Train Accuracy: 0.9974, Val Accuracy: 0.9333
2025-01-17 03:31:47,686 - INFO - Epoch [14/100], Train Accuracy: 0.9974, Val Accuracy: 0.9313
2025-01-17 03:31:47,787 - INFO - Epoch [15/100], Train Accuracy: 0.9974, Val Accuracy: 0.9313
2025-01-17 03:31:47,897 - INFO - Epoch [16/100], Train Accuracy: 0.9974, Val Accuracy: 0.9313
2025-01-17 03:31:48,001 - INFO - Epoch [17/100], Train Accuracy: 0.9974, Val Accuracy: 0.9313
2025-01-17 03:31:48,118 - INFO - Epoch [18/100], Train Accuracy: 0.9974, Val Accuracy: 0.9313
2025-01-17 03:31:48,223 - INFO - Epoch [19/100], Train Accuracy: 0.9979, Val Accuracy: 0.9229
2025-01-17 03:31:48,238 - INFO -   Class political science: Precision: 0.8862, Recall: 0.9427, F1: 0.9136
2025-01-17 03:31:48,238 - INFO -   Class psychology: Precision: 0.9739, Recall: 0.8976, F1: 0.9342
2025-01-17 03:31:48,238 - INFO -   Class sociology: Precision: 0.9125, Recall: 0.9299, F1: 0.9211
2025-01-17 03:31:48,239 - INFO - Training for fold 4/5
2025-01-17 03:31:48,352 - INFO - Epoch [1/100], Train Accuracy: 0.6833, Val Accuracy: 0.9187
2025-01-17 03:31:48,456 - INFO - Epoch [2/100], Train Accuracy: 0.9359, Val Accuracy: 0.9250
2025-01-17 03:31:48,565 - INFO - Epoch [3/100], Train Accuracy: 0.9766, Val Accuracy: 0.9313
2025-01-17 03:31:48,679 - INFO - Epoch [4/100], Train Accuracy: 0.9922, Val Accuracy: 0.9292
2025-01-17 03:31:48,785 - INFO - Epoch [5/100], Train Accuracy: 0.9974, Val Accuracy: 0.9271
2025-01-17 03:31:48,803 - INFO -   Class political science: Precision: 0.9277, Recall: 0.9222, F1: 0.9249
2025-01-17 03:31:48,803 - INFO -   Class psychology: Precision: 0.9298, Recall: 0.9464, F1: 0.9381
2025-01-17 03:31:48,803 - INFO -   Class sociology: Precision: 0.9231, Recall: 0.9103, F1: 0.9167
2025-01-17 03:31:48,803 - INFO - Training for fold 5/5
2025-01-17 03:31:48,926 - INFO - Epoch [1/100], Train Accuracy: 0.7198, Val Accuracy: 0.8896
2025-01-17 03:31:49,029 - INFO - Epoch [2/100], Train Accuracy: 0.9354, Val Accuracy: 0.9396
2025-01-17 03:31:49,140 - INFO - Epoch [3/100], Train Accuracy: 0.9724, Val Accuracy: 0.9479
2025-01-17 03:31:49,233 - INFO - Epoch [4/100], Train Accuracy: 0.9875, Val Accuracy: 0.9437
2025-01-17 03:31:49,329 - INFO - Epoch [5/100], Train Accuracy: 0.9932, Val Accuracy: 0.9313
2025-01-17 03:31:49,345 - INFO -   Class political science: Precision: 0.9423, Recall: 0.9018, F1: 0.9216
2025-01-17 03:31:49,345 - INFO -   Class psychology: Precision: 0.9489, Recall: 0.9489, F1: 0.9489
2025-01-17 03:31:49,345 - INFO -   Class sociology: Precision: 0.9091, Recall: 0.9444, F1: 0.9264
