2025-01-17 05:57:27,035 - INFO - Training with Vectorized Data 1000 features. Dropout Rate 0.768. Dataset Size 2400. 218 neurons. Leanring Rate 0.00264
2025-01-17 05:57:27,036 - INFO - Training for fold 1/5
2025-01-17 05:57:28,222 - INFO - Epoch [1/100], Train Accuracy: 0.7224, Val Accuracy: 0.9062
2025-01-17 05:57:28,336 - INFO - Epoch [2/100], Train Accuracy: 0.9354, Val Accuracy: 0.9208
2025-01-17 05:57:28,449 - INFO - Epoch [3/100], Train Accuracy: 0.9729, Val Accuracy: 0.9333
2025-01-17 05:57:28,559 - INFO - Epoch [4/100], Train Accuracy: 0.9865, Val Accuracy: 0.9229
2025-01-17 05:57:28,672 - INFO - Epoch [5/100], Train Accuracy: 0.9948, Val Accuracy: 0.9146
2025-01-17 05:57:28,690 - INFO -   Class political science: Precision: 0.9557, Recall: 0.8830, F1: 0.9179
2025-01-17 05:57:28,691 - INFO -   Class psychology: Precision: 0.9539, Recall: 0.9236, F1: 0.9385
2025-01-17 05:57:28,691 - INFO -   Class sociology: Precision: 0.8412, Recall: 0.9408, F1: 0.8882
2025-01-17 05:57:29,017 - INFO - Training for fold 2/5
2025-01-17 05:57:29,135 - INFO - Epoch [1/100], Train Accuracy: 0.7052, Val Accuracy: 0.9083
2025-01-17 05:57:29,243 - INFO - Epoch [2/100], Train Accuracy: 0.9359, Val Accuracy: 0.9292
2025-01-17 05:57:29,358 - INFO - Epoch [3/100], Train Accuracy: 0.9760, Val Accuracy: 0.9229
2025-01-17 05:57:29,468 - INFO - Epoch [4/100], Train Accuracy: 0.9875, Val Accuracy: 0.9229
2025-01-17 05:57:29,576 - INFO - Epoch [5/100], Train Accuracy: 0.9943, Val Accuracy: 0.9250
2025-01-17 05:57:29,683 - INFO - Epoch [6/100], Train Accuracy: 0.9964, Val Accuracy: 0.9271
2025-01-17 05:57:29,805 - INFO - Epoch [7/100], Train Accuracy: 0.9969, Val Accuracy: 0.9187
2025-01-17 05:57:29,824 - INFO -   Class political science: Precision: 0.9064, Recall: 0.9337, F1: 0.9199
2025-01-17 05:57:29,824 - INFO -   Class psychology: Precision: 0.9141, Recall: 0.9430, F1: 0.9283
2025-01-17 05:57:29,824 - INFO -   Class sociology: Precision: 0.9384, Recall: 0.8782, F1: 0.9073
2025-01-17 05:57:30,035 - INFO - Training for fold 3/5
2025-01-17 05:57:30,153 - INFO - Epoch [1/100], Train Accuracy: 0.7411, Val Accuracy: 0.8875
2025-01-17 05:57:30,261 - INFO - Epoch [2/100], Train Accuracy: 0.9385, Val Accuracy: 0.9208
2025-01-17 05:57:30,369 - INFO - Epoch [3/100], Train Accuracy: 0.9708, Val Accuracy: 0.9292
2025-01-17 05:57:30,475 - INFO - Epoch [4/100], Train Accuracy: 0.9870, Val Accuracy: 0.9250
2025-01-17 05:57:30,582 - INFO - Epoch [5/100], Train Accuracy: 0.9943, Val Accuracy: 0.9271
2025-01-17 05:57:30,689 - INFO - Epoch [6/100], Train Accuracy: 0.9958, Val Accuracy: 0.9250
2025-01-17 05:57:30,706 - INFO -   Class political science: Precision: 0.9286, Recall: 0.8725, F1: 0.8997
2025-01-17 05:57:30,707 - INFO -   Class psychology: Precision: 0.9152, Recall: 0.9742, F1: 0.9437
2025-01-17 05:57:30,707 - INFO -   Class sociology: Precision: 0.9314, Recall: 0.9261, F1: 0.9288
2025-01-17 05:57:30,950 - INFO - Training for fold 4/5
2025-01-17 05:57:31,070 - INFO - Epoch [1/100], Train Accuracy: 0.6875, Val Accuracy: 0.9083
2025-01-17 05:57:31,178 - INFO - Epoch [2/100], Train Accuracy: 0.9313, Val Accuracy: 0.9250
2025-01-17 05:57:31,284 - INFO - Epoch [3/100], Train Accuracy: 0.9734, Val Accuracy: 0.9333
2025-01-17 05:57:31,393 - INFO - Epoch [4/100], Train Accuracy: 0.9901, Val Accuracy: 0.9250
2025-01-17 05:57:31,501 - INFO - Epoch [5/100], Train Accuracy: 0.9938, Val Accuracy: 0.9187
2025-01-17 05:57:31,610 - INFO - Epoch [6/100], Train Accuracy: 0.9974, Val Accuracy: 0.9187
2025-01-17 05:57:31,627 - INFO -   Class political science: Precision: 0.9286, Recall: 0.8882, F1: 0.9079
2025-01-17 05:57:31,627 - INFO -   Class psychology: Precision: 0.9591, Recall: 0.9425, F1: 0.9507
2025-01-17 05:57:31,627 - INFO -   Class sociology: Precision: 0.8645, Recall: 0.9241, F1: 0.8933
2025-01-17 05:57:31,855 - INFO - Training for fold 5/5
2025-01-17 05:57:31,972 - INFO - Epoch [1/100], Train Accuracy: 0.7516, Val Accuracy: 0.9062
2025-01-17 05:57:32,087 - INFO - Epoch [2/100], Train Accuracy: 0.9349, Val Accuracy: 0.9396
2025-01-17 05:57:32,193 - INFO - Epoch [3/100], Train Accuracy: 0.9745, Val Accuracy: 0.9292
2025-01-17 05:57:32,298 - INFO - Epoch [4/100], Train Accuracy: 0.9906, Val Accuracy: 0.9292
2025-01-17 05:57:32,412 - INFO - Epoch [5/100], Train Accuracy: 0.9953, Val Accuracy: 0.9187
2025-01-17 05:57:32,428 - INFO -   Class political science: Precision: 0.9247, Recall: 0.8824, F1: 0.9030
2025-01-17 05:57:32,428 - INFO -   Class psychology: Precision: 0.9412, Recall: 0.9231, F1: 0.9320
2025-01-17 05:57:32,428 - INFO -   Class sociology: Precision: 0.8950, Recall: 0.9474, F1: 0.9205
2025-01-17 05:57:32,657 - INFO - Confussion matrices and ROC curves are saved in: C:\Users\LeoLi\OneDrive - äwçZñ@êlóßñΩäŸ\Ritsumei\4th_Semester\Artificial_Intelligence\final_project\code\FNN/model/2025-01-17/05-57-27//figures/

