2025-01-17 05:56:36,888 - INFO - Training with Vectorized Data 1000 features. Dropout Rate 0.768. Dataset Size 2400. 218 neurons. Leanring Rate 0.00264
2025-01-17 05:56:36,888 - INFO - Training for fold 1/5
2025-01-17 05:56:38,207 - INFO - Epoch [1/100], Train Accuracy: 0.7370, Val Accuracy: 0.9146
2025-01-17 05:56:38,331 - INFO - Epoch [2/100], Train Accuracy: 0.9328, Val Accuracy: 0.9354
2025-01-17 05:56:38,439 - INFO - Epoch [3/100], Train Accuracy: 0.9719, Val Accuracy: 0.9396
2025-01-17 05:56:38,550 - INFO - Epoch [4/100], Train Accuracy: 0.9885, Val Accuracy: 0.9354
2025-01-17 05:56:38,660 - INFO - Epoch [5/100], Train Accuracy: 0.9938, Val Accuracy: 0.9313
2025-01-17 05:56:38,773 - INFO - Epoch [6/100], Train Accuracy: 0.9964, Val Accuracy: 0.9271
2025-01-17 05:56:38,791 - INFO -   Class political science: Precision: 0.9130, Recall: 0.9245, F1: 0.9187
2025-01-17 05:56:38,791 - INFO -   Class psychology: Precision: 0.9539, Recall: 0.9416, F1: 0.9477
2025-01-17 05:56:38,791 - INFO -   Class sociology: Precision: 0.9162, Recall: 0.9162, F1: 0.9162
2025-01-17 05:56:39,147 - INFO - Training for fold 2/5
2025-01-17 05:56:39,266 - INFO - Epoch [1/100], Train Accuracy: 0.6964, Val Accuracy: 0.9187
2025-01-17 05:56:39,378 - INFO - Epoch [2/100], Train Accuracy: 0.9401, Val Accuracy: 0.9333
2025-01-17 05:56:39,500 - INFO - Epoch [3/100], Train Accuracy: 0.9729, Val Accuracy: 0.9271
2025-01-17 05:56:39,609 - INFO - Epoch [4/100], Train Accuracy: 0.9911, Val Accuracy: 0.9375
2025-01-17 05:56:39,721 - INFO - Epoch [5/100], Train Accuracy: 0.9953, Val Accuracy: 0.9417
2025-01-17 05:56:39,841 - INFO - Epoch [6/100], Train Accuracy: 0.9969, Val Accuracy: 0.9313
2025-01-17 05:56:39,859 - INFO -   Class political science: Precision: 0.9250, Recall: 0.9250, F1: 0.9250
2025-01-17 05:56:39,859 - INFO -   Class psychology: Precision: 0.9515, Recall: 0.9345, F1: 0.9429
2025-01-17 05:56:39,859 - INFO -   Class sociology: Precision: 0.9161, Recall: 0.9342, F1: 0.9251
2025-01-17 05:56:40,076 - INFO - Training for fold 3/5
2025-01-17 05:56:40,201 - INFO - Epoch [1/100], Train Accuracy: 0.7135, Val Accuracy: 0.8708
2025-01-17 05:56:40,305 - INFO - Epoch [2/100], Train Accuracy: 0.9385, Val Accuracy: 0.8979
2025-01-17 05:56:40,416 - INFO - Epoch [3/100], Train Accuracy: 0.9760, Val Accuracy: 0.9146
2025-01-17 05:56:40,526 - INFO - Epoch [4/100], Train Accuracy: 0.9885, Val Accuracy: 0.9271
2025-01-17 05:56:40,647 - INFO - Epoch [5/100], Train Accuracy: 0.9927, Val Accuracy: 0.9208
2025-01-17 05:56:40,757 - INFO - Epoch [6/100], Train Accuracy: 0.9943, Val Accuracy: 0.9104
2025-01-17 05:56:40,774 - INFO -   Class political science: Precision: 0.8757, Recall: 0.9281, F1: 0.9012
2025-01-17 05:56:40,775 - INFO -   Class psychology: Precision: 0.9500, Recall: 0.9048, F1: 0.9268
2025-01-17 05:56:40,775 - INFO -   Class sociology: Precision: 0.9141, Recall: 0.8976, F1: 0.9058
2025-01-17 05:56:40,994 - INFO - Training for fold 4/5
2025-01-17 05:56:41,107 - INFO - Epoch [1/100], Train Accuracy: 0.6625, Val Accuracy: 0.8750
2025-01-17 05:56:41,227 - INFO - Epoch [2/100], Train Accuracy: 0.9432, Val Accuracy: 0.9146
2025-01-17 05:56:41,340 - INFO - Epoch [3/100], Train Accuracy: 0.9724, Val Accuracy: 0.9292
2025-01-17 05:56:41,452 - INFO - Epoch [4/100], Train Accuracy: 0.9880, Val Accuracy: 0.9229
2025-01-17 05:56:41,554 - INFO - Epoch [5/100], Train Accuracy: 0.9943, Val Accuracy: 0.9229
2025-01-17 05:56:41,671 - INFO - Epoch [6/100], Train Accuracy: 0.9964, Val Accuracy: 0.9250
2025-01-17 05:56:41,693 - INFO -   Class political science: Precision: 0.9250, Recall: 0.9136, F1: 0.9193
2025-01-17 05:56:41,693 - INFO -   Class psychology: Precision: 0.9080, Recall: 0.9814, F1: 0.9433
2025-01-17 05:56:41,693 - INFO -   Class sociology: Precision: 0.9452, Recall: 0.8790, F1: 0.9109
2025-01-17 05:56:41,955 - INFO - Training for fold 5/5
2025-01-17 05:56:42,074 - INFO - Epoch [1/100], Train Accuracy: 0.6771, Val Accuracy: 0.9271
2025-01-17 05:56:42,180 - INFO - Epoch [2/100], Train Accuracy: 0.9370, Val Accuracy: 0.9479
2025-01-17 05:56:42,290 - INFO - Epoch [3/100], Train Accuracy: 0.9703, Val Accuracy: 0.9292
2025-01-17 05:56:42,306 - INFO -   Class political science: Precision: 0.9568, Recall: 0.8750, F1: 0.9141
2025-01-17 05:56:42,307 - INFO -   Class psychology: Precision: 0.9167, Recall: 0.9706, F1: 0.9429
2025-01-17 05:56:42,307 - INFO -   Class sociology: Precision: 0.9193, Recall: 0.9367, F1: 0.9279
2025-01-17 05:56:42,516 - INFO - Confussion matrices and ROC curves are saved in: C:\Users\LeoLi\OneDrive - äwçZñ@êlóßñΩäŸ\Ritsumei\4th_Semester\Artificial_Intelligence\final_project\code\FNN/model/2025-01-17/05-56-36//figures/

