2025-01-17 05:57:39,481 - INFO - Training with Vectorized Data 1000 features. Dropout Rate 0.768. Dataset Size 2400. 218 neurons. Leanring Rate 0.00264
2025-01-17 05:57:39,481 - INFO - Training for fold 1/5
2025-01-17 05:57:40,635 - INFO - Epoch [1/100], Train Accuracy: 0.7036, Val Accuracy: 0.8979
2025-01-17 05:57:40,742 - INFO - Epoch [2/100], Train Accuracy: 0.9349, Val Accuracy: 0.9271
2025-01-17 05:57:40,843 - INFO - Epoch [3/100], Train Accuracy: 0.9755, Val Accuracy: 0.9208
2025-01-17 05:57:40,949 - INFO - Epoch [4/100], Train Accuracy: 0.9906, Val Accuracy: 0.9146
2025-01-17 05:57:41,059 - INFO - Epoch [5/100], Train Accuracy: 0.9938, Val Accuracy: 0.9167
2025-01-17 05:57:41,165 - INFO - Epoch [6/100], Train Accuracy: 0.9969, Val Accuracy: 0.9167
2025-01-17 05:57:41,183 - INFO -   Class political science: Precision: 0.9167, Recall: 0.8994, F1: 0.9079
2025-01-17 05:57:41,183 - INFO -   Class psychology: Precision: 0.9435, Recall: 0.9543, F1: 0.9489
2025-01-17 05:57:41,183 - INFO -   Class sociology: Precision: 0.8844, Recall: 0.8904, F1: 0.8874
2025-01-17 05:57:41,518 - INFO - Training for fold 2/5
2025-01-17 05:57:41,634 - INFO - Epoch [1/100], Train Accuracy: 0.6755, Val Accuracy: 0.9354
2025-01-17 05:57:41,744 - INFO - Epoch [2/100], Train Accuracy: 0.9302, Val Accuracy: 0.9500
2025-01-17 05:57:41,848 - INFO - Epoch [3/100], Train Accuracy: 0.9724, Val Accuracy: 0.9500
2025-01-17 05:57:41,951 - INFO - Epoch [4/100], Train Accuracy: 0.9917, Val Accuracy: 0.9500
2025-01-17 05:57:42,058 - INFO - Epoch [5/100], Train Accuracy: 0.9964, Val Accuracy: 0.9437
2025-01-17 05:57:42,075 - INFO -   Class political science: Precision: 0.9490, Recall: 0.9313, F1: 0.9401
2025-01-17 05:57:42,075 - INFO -   Class psychology: Precision: 0.9500, Recall: 0.9560, F1: 0.9530
2025-01-17 05:57:42,075 - INFO -   Class sociology: Precision: 0.9325, Recall: 0.9441, F1: 0.9383
2025-01-17 05:57:42,286 - INFO - Training for fold 3/5
2025-01-17 05:57:42,404 - INFO - Epoch [1/100], Train Accuracy: 0.6953, Val Accuracy: 0.8833
2025-01-17 05:57:42,506 - INFO - Epoch [2/100], Train Accuracy: 0.9427, Val Accuracy: 0.9083
2025-01-17 05:57:42,615 - INFO - Epoch [3/100], Train Accuracy: 0.9776, Val Accuracy: 0.9083
2025-01-17 05:57:42,717 - INFO - Epoch [4/100], Train Accuracy: 0.9896, Val Accuracy: 0.9021
2025-01-17 05:57:42,824 - INFO - Epoch [5/100], Train Accuracy: 0.9953, Val Accuracy: 0.9062
2025-01-17 05:57:42,929 - INFO - Epoch [6/100], Train Accuracy: 0.9969, Val Accuracy: 0.9083
2025-01-17 05:57:43,029 - INFO - Epoch [7/100], Train Accuracy: 0.9984, Val Accuracy: 0.9062
2025-01-17 05:57:43,136 - INFO - Epoch [8/100], Train Accuracy: 0.9984, Val Accuracy: 0.9083
2025-01-17 05:57:43,252 - INFO - Epoch [9/100], Train Accuracy: 0.9984, Val Accuracy: 0.9042
2025-01-17 05:57:43,268 - INFO -   Class political science: Precision: 0.9130, Recall: 0.8802, F1: 0.8963
2025-01-17 05:57:43,268 - INFO -   Class psychology: Precision: 0.9038, Recall: 0.9338, F1: 0.9186
2025-01-17 05:57:43,268 - INFO -   Class sociology: Precision: 0.8957, Recall: 0.9012, F1: 0.8985
2025-01-17 05:57:43,515 - INFO - Training for fold 4/5
2025-01-17 05:57:43,657 - INFO - Epoch [1/100], Train Accuracy: 0.6714, Val Accuracy: 0.8958
2025-01-17 05:57:43,764 - INFO - Epoch [2/100], Train Accuracy: 0.9365, Val Accuracy: 0.9333
2025-01-17 05:57:43,868 - INFO - Epoch [3/100], Train Accuracy: 0.9740, Val Accuracy: 0.9354
2025-01-17 05:57:43,972 - INFO - Epoch [4/100], Train Accuracy: 0.9875, Val Accuracy: 0.9250
2025-01-17 05:57:44,079 - INFO - Epoch [5/100], Train Accuracy: 0.9948, Val Accuracy: 0.9250
2025-01-17 05:57:44,200 - INFO - Epoch [6/100], Train Accuracy: 0.9984, Val Accuracy: 0.9250
2025-01-17 05:57:44,221 - INFO -   Class political science: Precision: 0.8882, Recall: 0.9286, F1: 0.9079
2025-01-17 05:57:44,221 - INFO -   Class psychology: Precision: 0.9430, Recall: 0.9613, F1: 0.9521
2025-01-17 05:57:44,221 - INFO -   Class sociology: Precision: 0.9441, Recall: 0.8889, F1: 0.9157
2025-01-17 05:57:44,469 - INFO - Training for fold 5/5
2025-01-17 05:57:44,585 - INFO - Epoch [1/100], Train Accuracy: 0.7427, Val Accuracy: 0.9021
2025-01-17 05:57:44,691 - INFO - Epoch [2/100], Train Accuracy: 0.9349, Val Accuracy: 0.9354
2025-01-17 05:57:44,796 - INFO - Epoch [3/100], Train Accuracy: 0.9714, Val Accuracy: 0.9354
2025-01-17 05:57:44,904 - INFO - Epoch [4/100], Train Accuracy: 0.9859, Val Accuracy: 0.9396
2025-01-17 05:57:45,009 - INFO - Epoch [5/100], Train Accuracy: 0.9927, Val Accuracy: 0.9417
2025-01-17 05:57:45,117 - INFO - Epoch [6/100], Train Accuracy: 0.9958, Val Accuracy: 0.9437
2025-01-17 05:57:45,239 - INFO - Epoch [7/100], Train Accuracy: 0.9964, Val Accuracy: 0.9396
2025-01-17 05:57:45,256 - INFO -   Class political science: Precision: 0.9605, Recall: 0.9125, F1: 0.9359
2025-01-17 05:57:45,256 - INFO -   Class psychology: Precision: 0.9273, Recall: 0.9563, F1: 0.9415
2025-01-17 05:57:45,256 - INFO -   Class sociology: Precision: 0.9325, Recall: 0.9500, F1: 0.9412
2025-01-17 05:57:45,491 - INFO - Confussion matrices and ROC curves are saved in: C:\Users\LeoLi\OneDrive - äwçZñ@êlóßñΩäŸ\Ritsumei\4th_Semester\Artificial_Intelligence\final_project\code\FNN/model/2025-01-17/05-57-39//figures/

