2025-01-17 05:57:14,985 - INFO - Training with Vectorized Data 1000 features. Dropout Rate 0.768. Dataset Size 2400. 218 neurons. Leanring Rate 0.00264
2025-01-17 05:57:14,986 - INFO - Training for fold 1/5
2025-01-17 05:57:16,207 - INFO - Epoch [1/100], Train Accuracy: 0.7536, Val Accuracy: 0.9021
2025-01-17 05:57:16,314 - INFO - Epoch [2/100], Train Accuracy: 0.9354, Val Accuracy: 0.9167
2025-01-17 05:57:16,419 - INFO - Epoch [3/100], Train Accuracy: 0.9724, Val Accuracy: 0.9271
2025-01-17 05:57:16,526 - INFO - Epoch [4/100], Train Accuracy: 0.9901, Val Accuracy: 0.9167
2025-01-17 05:57:16,633 - INFO - Epoch [5/100], Train Accuracy: 0.9943, Val Accuracy: 0.9271
2025-01-17 05:57:16,739 - INFO - Epoch [6/100], Train Accuracy: 0.9953, Val Accuracy: 0.9271
2025-01-17 05:57:16,856 - INFO - Epoch [7/100], Train Accuracy: 0.9964, Val Accuracy: 0.9229
2025-01-17 05:57:16,876 - INFO -   Class political science: Precision: 0.8659, Recall: 0.9467, F1: 0.9045
2025-01-17 05:57:16,876 - INFO -   Class psychology: Precision: 0.9641, Recall: 0.9253, F1: 0.9443
2025-01-17 05:57:16,876 - INFO -   Class sociology: Precision: 0.9396, Recall: 0.8974, F1: 0.9180
2025-01-17 05:57:17,223 - INFO - Training for fold 2/5
2025-01-17 05:57:17,341 - INFO - Epoch [1/100], Train Accuracy: 0.6396, Val Accuracy: 0.9021
2025-01-17 05:57:17,457 - INFO - Epoch [2/100], Train Accuracy: 0.9328, Val Accuracy: 0.9187
2025-01-17 05:57:17,566 - INFO - Epoch [3/100], Train Accuracy: 0.9745, Val Accuracy: 0.9292
2025-01-17 05:57:17,678 - INFO - Epoch [4/100], Train Accuracy: 0.9880, Val Accuracy: 0.9229
2025-01-17 05:57:17,788 - INFO - Epoch [5/100], Train Accuracy: 0.9943, Val Accuracy: 0.9292
2025-01-17 05:57:17,901 - INFO - Epoch [6/100], Train Accuracy: 0.9964, Val Accuracy: 0.9229
2025-01-17 05:57:17,917 - INFO -   Class political science: Precision: 0.9103, Recall: 0.9103, F1: 0.9103
2025-01-17 05:57:17,918 - INFO -   Class psychology: Precision: 0.9281, Recall: 0.9404, F1: 0.9342
2025-01-17 05:57:17,918 - INFO -   Class sociology: Precision: 0.9298, Recall: 0.9191, F1: 0.9244
2025-01-17 05:57:18,184 - INFO - Training for fold 3/5
2025-01-17 05:57:18,346 - INFO - Epoch [1/100], Train Accuracy: 0.6698, Val Accuracy: 0.9021
2025-01-17 05:57:18,455 - INFO - Epoch [2/100], Train Accuracy: 0.9307, Val Accuracy: 0.9292
2025-01-17 05:57:18,560 - INFO - Epoch [3/100], Train Accuracy: 0.9734, Val Accuracy: 0.9271
2025-01-17 05:57:18,670 - INFO - Epoch [4/100], Train Accuracy: 0.9896, Val Accuracy: 0.9229
2025-01-17 05:57:18,775 - INFO - Epoch [5/100], Train Accuracy: 0.9953, Val Accuracy: 0.9229
2025-01-17 05:57:18,791 - INFO -   Class political science: Precision: 0.9503, Recall: 0.8743, F1: 0.9107
2025-01-17 05:57:18,791 - INFO -   Class psychology: Precision: 0.9412, Recall: 0.9412, F1: 0.9412
2025-01-17 05:57:18,791 - INFO -   Class sociology: Precision: 0.8795, Recall: 0.9605, F1: 0.9182
2025-01-17 05:57:19,032 - INFO - Training for fold 4/5
2025-01-17 05:57:19,148 - INFO - Epoch [1/100], Train Accuracy: 0.7266, Val Accuracy: 0.8938
2025-01-17 05:57:19,255 - INFO - Epoch [2/100], Train Accuracy: 0.9359, Val Accuracy: 0.9146
2025-01-17 05:57:19,359 - INFO - Epoch [3/100], Train Accuracy: 0.9766, Val Accuracy: 0.9292
2025-01-17 05:57:19,470 - INFO - Epoch [4/100], Train Accuracy: 0.9906, Val Accuracy: 0.9187
2025-01-17 05:57:19,585 - INFO - Epoch [5/100], Train Accuracy: 0.9953, Val Accuracy: 0.9083
2025-01-17 05:57:19,601 - INFO -   Class political science: Precision: 0.9026, Recall: 0.8910, F1: 0.8968
2025-01-17 05:57:19,601 - INFO -   Class psychology: Precision: 0.9091, Recall: 0.9554, F1: 0.9317
2025-01-17 05:57:19,601 - INFO -   Class sociology: Precision: 0.9130, Recall: 0.8802, F1: 0.8963
2025-01-17 05:57:19,808 - INFO - Training for fold 5/5
2025-01-17 05:57:19,922 - INFO - Epoch [1/100], Train Accuracy: 0.6599, Val Accuracy: 0.9146
2025-01-17 05:57:20,029 - INFO - Epoch [2/100], Train Accuracy: 0.9328, Val Accuracy: 0.9313
2025-01-17 05:57:20,133 - INFO - Epoch [3/100], Train Accuracy: 0.9714, Val Accuracy: 0.9458
2025-01-17 05:57:20,242 - INFO - Epoch [4/100], Train Accuracy: 0.9875, Val Accuracy: 0.9458
2025-01-17 05:57:20,355 - INFO - Epoch [5/100], Train Accuracy: 0.9958, Val Accuracy: 0.9375
2025-01-17 05:57:20,377 - INFO -   Class political science: Precision: 0.9434, Recall: 0.9202, F1: 0.9317
2025-01-17 05:57:20,377 - INFO -   Class psychology: Precision: 0.9357, Recall: 0.9697, F1: 0.9524
2025-01-17 05:57:20,377 - INFO -   Class sociology: Precision: 0.9333, Recall: 0.9211, F1: 0.9272
2025-01-17 05:57:20,619 - INFO - Confussion matrices and ROC curves are saved in: C:\Users\LeoLi\OneDrive - äwçZñ@êlóßñΩäŸ\Ritsumei\4th_Semester\Artificial_Intelligence\final_project\code\FNN/model/2025-01-17/05-57-14//figures/

