2025-01-17 05:55:59,421 - INFO - Training with Vectorized Data 1000 features. Dropout Rate 0.768. Dataset Size 2400. 218 neurons. Leanring Rate 0.00264
2025-01-17 05:55:59,421 - INFO - Training for fold 1/5
2025-01-17 05:56:00,577 - INFO - Epoch [1/100], Train Accuracy: 0.6740, Val Accuracy: 0.8938
2025-01-17 05:56:00,687 - INFO - Epoch [2/100], Train Accuracy: 0.9354, Val Accuracy: 0.9000
2025-01-17 05:56:00,796 - INFO - Epoch [3/100], Train Accuracy: 0.9760, Val Accuracy: 0.9229
2025-01-17 05:56:00,903 - INFO - Epoch [4/100], Train Accuracy: 0.9885, Val Accuracy: 0.9229
2025-01-17 05:56:01,008 - INFO - Epoch [5/100], Train Accuracy: 0.9943, Val Accuracy: 0.9333
2025-01-17 05:56:01,119 - INFO - Epoch [6/100], Train Accuracy: 0.9958, Val Accuracy: 0.9250
2025-01-17 05:56:01,136 - INFO -   Class political science: Precision: 0.9588, Recall: 0.8956, F1: 0.9261
2025-01-17 05:56:01,136 - INFO -   Class psychology: Precision: 0.9193, Recall: 0.9308, F1: 0.9250
2025-01-17 05:56:01,136 - INFO -   Class sociology: Precision: 0.8926, Recall: 0.9568, F1: 0.9236
2025-01-17 05:56:01,441 - INFO - Training for fold 2/5
2025-01-17 05:56:01,557 - INFO - Epoch [1/100], Train Accuracy: 0.7052, Val Accuracy: 0.8875
2025-01-17 05:56:01,665 - INFO - Epoch [2/100], Train Accuracy: 0.9344, Val Accuracy: 0.9354
2025-01-17 05:56:01,768 - INFO - Epoch [3/100], Train Accuracy: 0.9724, Val Accuracy: 0.9375
2025-01-17 05:56:01,870 - INFO - Epoch [4/100], Train Accuracy: 0.9906, Val Accuracy: 0.9250
2025-01-17 05:56:01,980 - INFO - Epoch [5/100], Train Accuracy: 0.9948, Val Accuracy: 0.9271
2025-01-17 05:56:02,088 - INFO - Epoch [6/100], Train Accuracy: 0.9958, Val Accuracy: 0.9313
2025-01-17 05:56:02,102 - INFO -   Class political science: Precision: 0.9313, Recall: 0.9141, F1: 0.9226
2025-01-17 05:56:02,103 - INFO -   Class psychology: Precision: 0.9295, Recall: 0.9667, F1: 0.9477
2025-01-17 05:56:02,103 - INFO -   Class sociology: Precision: 0.9329, Recall: 0.9162, F1: 0.9245
2025-01-17 05:56:02,298 - INFO - Training for fold 3/5
2025-01-17 05:56:02,415 - INFO - Epoch [1/100], Train Accuracy: 0.7125, Val Accuracy: 0.9083
2025-01-17 05:56:02,521 - INFO - Epoch [2/100], Train Accuracy: 0.9339, Val Accuracy: 0.9333
2025-01-17 05:56:02,629 - INFO - Epoch [3/100], Train Accuracy: 0.9719, Val Accuracy: 0.9354
2025-01-17 05:56:02,734 - INFO - Epoch [4/100], Train Accuracy: 0.9891, Val Accuracy: 0.9417
2025-01-17 05:56:02,839 - INFO - Epoch [5/100], Train Accuracy: 0.9948, Val Accuracy: 0.9354
2025-01-17 05:56:02,947 - INFO - Epoch [6/100], Train Accuracy: 0.9969, Val Accuracy: 0.9396
2025-01-17 05:56:03,056 - INFO - Epoch [7/100], Train Accuracy: 0.9974, Val Accuracy: 0.9417
2025-01-17 05:56:03,159 - INFO - Epoch [8/100], Train Accuracy: 0.9974, Val Accuracy: 0.9375
2025-01-17 05:56:03,175 - INFO -   Class political science: Precision: 0.8929, Recall: 0.9191, F1: 0.9058
2025-01-17 05:56:03,175 - INFO -   Class psychology: Precision: 0.9565, Recall: 0.9747, F1: 0.9655
2025-01-17 05:56:03,175 - INFO -   Class sociology: Precision: 0.9553, Recall: 0.9194, F1: 0.9370
2025-01-17 05:56:03,381 - INFO - Training for fold 4/5
2025-01-17 05:56:03,494 - INFO - Epoch [1/100], Train Accuracy: 0.7193, Val Accuracy: 0.9021
2025-01-17 05:56:03,624 - INFO - Epoch [2/100], Train Accuracy: 0.9286, Val Accuracy: 0.9313
2025-01-17 05:56:03,728 - INFO - Epoch [3/100], Train Accuracy: 0.9708, Val Accuracy: 0.9333
2025-01-17 05:56:03,834 - INFO - Epoch [4/100], Train Accuracy: 0.9885, Val Accuracy: 0.9167
2025-01-17 05:56:03,849 - INFO -   Class political science: Precision: 0.8631, Recall: 0.9603, F1: 0.9091
2025-01-17 05:56:03,849 - INFO -   Class psychology: Precision: 0.9688, Recall: 0.9118, F1: 0.9394
2025-01-17 05:56:03,849 - INFO -   Class sociology: Precision: 0.9211, Recall: 0.8805, F1: 0.9003
2025-01-17 05:56:04,059 - INFO - Training for fold 5/5
2025-01-17 05:56:04,175 - INFO - Epoch [1/100], Train Accuracy: 0.6589, Val Accuracy: 0.8917
2025-01-17 05:56:04,277 - INFO - Epoch [2/100], Train Accuracy: 0.9380, Val Accuracy: 0.9146
2025-01-17 05:56:04,379 - INFO - Epoch [3/100], Train Accuracy: 0.9750, Val Accuracy: 0.9083
2025-01-17 05:56:04,485 - INFO - Epoch [4/100], Train Accuracy: 0.9917, Val Accuracy: 0.9104
2025-01-17 05:56:04,586 - INFO - Epoch [5/100], Train Accuracy: 0.9964, Val Accuracy: 0.9146
2025-01-17 05:56:04,700 - INFO - Epoch [6/100], Train Accuracy: 0.9974, Val Accuracy: 0.9187
2025-01-17 05:56:04,805 - INFO - Epoch [7/100], Train Accuracy: 0.9974, Val Accuracy: 0.9208
2025-01-17 05:56:04,914 - INFO - Epoch [8/100], Train Accuracy: 0.9974, Val Accuracy: 0.9187
2025-01-17 05:56:05,026 - INFO - Epoch [9/100], Train Accuracy: 0.9974, Val Accuracy: 0.9229
2025-01-17 05:56:05,129 - INFO - Epoch [10/100], Train Accuracy: 0.9974, Val Accuracy: 0.9229
2025-01-17 05:56:05,240 - INFO - Epoch [11/100], Train Accuracy: 0.9974, Val Accuracy: 0.9208
2025-01-17 05:56:05,350 - INFO - Epoch [12/100], Train Accuracy: 0.9974, Val Accuracy: 0.9208
2025-01-17 05:56:05,457 - INFO - Epoch [13/100], Train Accuracy: 0.9974, Val Accuracy: 0.9167
2025-01-17 05:56:05,473 - INFO -   Class political science: Precision: 0.9000, Recall: 0.9107, F1: 0.9053
2025-01-17 05:56:05,473 - INFO -   Class psychology: Precision: 0.9444, Recall: 0.9387, F1: 0.9415
2025-01-17 05:56:05,473 - INFO -   Class sociology: Precision: 0.9054, Recall: 0.8993, F1: 0.9024
2025-01-17 05:56:05,683 - INFO - Confussion matrices and ROC curves are saved in: C:\Users\LeoLi\OneDrive - äwçZñ@êlóßñΩäŸ\Ritsumei\4th_Semester\Artificial_Intelligence\final_project\code\FNN/model/2025-01-17/05-55-59//figures/

