2025-01-14 10:53:24,735 - INFO - Training with Vectorized Data 2000 features. Dropout Rate 0.70. Dataset Size 2388. 128 neurons.
2025-01-14 10:53:24,736 - INFO - Training for fold 1/5
2025-01-14 10:53:26,031 - INFO - Epoch [1/100], Train Accuracy: 0.3335, Val Accuracy: 0.3285
2025-01-14 10:53:26,218 - INFO - Epoch [2/100], Train Accuracy: 0.6471, Val Accuracy: 0.9079
2025-01-14 10:53:26,370 - INFO - Epoch [3/100], Train Accuracy: 0.9445, Val Accuracy: 0.9226
2025-01-14 10:53:26,503 - INFO - Epoch [4/100], Train Accuracy: 0.9864, Val Accuracy: 0.9226
2025-01-14 10:53:26,644 - INFO - Epoch [5/100], Train Accuracy: 0.9932, Val Accuracy: 0.9372
2025-01-14 10:53:26,780 - INFO - Epoch [6/100], Train Accuracy: 0.9958, Val Accuracy: 0.9372
2025-01-14 10:53:26,916 - INFO - Epoch [7/100], Train Accuracy: 0.9969, Val Accuracy: 0.9351
2025-01-14 10:53:26,929 - INFO - Fold 1 Validation Accuracy: 0.9351
2025-01-14 10:53:34,612 - INFO - Training for fold 2/5
2025-01-14 10:53:34,732 - INFO - Epoch [1/100], Train Accuracy: 0.3325, Val Accuracy: 0.6213
2025-01-14 10:53:35,039 - INFO - Epoch [2/100], Train Accuracy: 0.6780, Val Accuracy: 0.8054
2025-01-14 10:53:35,343 - INFO - Epoch [3/100], Train Accuracy: 0.9309, Val Accuracy: 0.8996
2025-01-14 10:53:35,448 - INFO - Epoch [4/100], Train Accuracy: 0.9817, Val Accuracy: 0.8870
2025-01-14 10:53:35,601 - INFO - Epoch [5/100], Train Accuracy: 0.9911, Val Accuracy: 0.8828
2025-01-14 10:53:35,612 - INFO - Fold 2 Validation Accuracy: 0.8828
2025-01-14 10:53:49,274 - INFO - Training for fold 3/5
2025-01-14 10:53:49,449 - INFO - Epoch [1/100], Train Accuracy: 0.3382, Val Accuracy: 0.3075
2025-01-14 10:53:49,689 - INFO - Epoch [2/100], Train Accuracy: 0.5298, Val Accuracy: 0.7971
2025-01-14 10:53:49,990 - INFO - Epoch [3/100], Train Accuracy: 0.9230, Val Accuracy: 0.8996
2025-01-14 10:53:50,133 - INFO - Epoch [4/100], Train Accuracy: 0.9780, Val Accuracy: 0.8996
2025-01-14 10:53:50,393 - INFO - Epoch [5/100], Train Accuracy: 0.9880, Val Accuracy: 0.9121
2025-01-14 10:53:50,596 - INFO - Epoch [6/100], Train Accuracy: 0.9901, Val Accuracy: 0.9079
2025-01-14 10:53:50,608 - INFO - Fold 3 Validation Accuracy: 0.9079
2025-01-14 10:53:57,604 - INFO - Training for fold 4/5
2025-01-14 10:53:57,728 - INFO - Epoch [1/100], Train Accuracy: 0.3469, Val Accuracy: 0.3438
2025-01-14 10:53:57,882 - INFO - Epoch [2/100], Train Accuracy: 0.7405, Val Accuracy: 0.8994
2025-01-14 10:53:58,106 - INFO - Epoch [3/100], Train Accuracy: 0.9576, Val Accuracy: 0.9203
2025-01-14 10:53:58,250 - INFO - Epoch [4/100], Train Accuracy: 0.9885, Val Accuracy: 0.9099
2025-01-14 10:53:58,362 - INFO - Epoch [5/100], Train Accuracy: 0.9942, Val Accuracy: 0.9203
2025-01-14 10:53:58,465 - INFO - Epoch [6/100], Train Accuracy: 0.9953, Val Accuracy: 0.9140
2025-01-14 10:53:58,473 - INFO - Fold 4 Validation Accuracy: 0.9140
2025-01-14 10:54:00,807 - INFO - Training for fold 5/5
2025-01-14 10:54:00,928 - INFO - Epoch [1/100], Train Accuracy: 0.3417, Val Accuracy: 0.5639
2025-01-14 10:54:01,024 - INFO - Epoch [2/100], Train Accuracy: 0.6646, Val Accuracy: 0.8700
2025-01-14 10:54:01,122 - INFO - Epoch [3/100], Train Accuracy: 0.9508, Val Accuracy: 0.9182
2025-01-14 10:54:01,230 - INFO - Epoch [4/100], Train Accuracy: 0.9890, Val Accuracy: 0.9078
2025-01-14 10:54:01,358 - INFO - Epoch [5/100], Train Accuracy: 0.9942, Val Accuracy: 0.9140
2025-01-14 10:54:01,373 - INFO - Fold 5 Validation Accuracy: 0.9140
2025-01-14 10:54:02,857 - INFO - Average Validation Accuracy (Over 5 folds): 0.9108 

