2025-01-14 23:34:28,605 - INFO - Training with Vectorized Data 2000 features. Dropout Rate 0.70. Dataset Size 2388. 128 neurons.
2025-01-14 23:34:28,605 - INFO - Training for fold 1/5
2025-01-14 23:34:30,061 - INFO - Epoch [1/100], Train Accuracy: 0.5749, Val Accuracy: 0.8745
2025-01-14 23:34:30,170 - INFO - Epoch [2/100], Train Accuracy: 0.8874, Val Accuracy: 0.8745
2025-01-14 23:34:30,280 - INFO - Epoch [3/100], Train Accuracy: 0.9377, Val Accuracy: 0.9100
2025-01-14 23:34:30,385 - INFO - Epoch [4/100], Train Accuracy: 0.9644, Val Accuracy: 0.9100
2025-01-14 23:34:30,511 - INFO - Epoch [5/100], Train Accuracy: 0.9832, Val Accuracy: 0.9205
2025-01-14 23:34:30,617 - INFO - Epoch [6/100], Train Accuracy: 0.9885, Val Accuracy: 0.9247
2025-01-14 23:34:30,714 - INFO - Epoch [7/100], Train Accuracy: 0.9942, Val Accuracy: 0.9247
2025-01-14 23:34:30,824 - INFO - Epoch [8/100], Train Accuracy: 0.9958, Val Accuracy: 0.9247
2025-01-14 23:34:30,926 - INFO - Epoch [9/100], Train Accuracy: 0.9963, Val Accuracy: 0.9226
2025-01-14 23:34:30,934 - INFO - Fold 1 Validation Accuracy: 0.9226
2025-01-14 23:34:30,935 - INFO - Training for fold 2/5
2025-01-14 23:34:31,050 - INFO - Epoch [1/100], Train Accuracy: 0.5822, Val Accuracy: 0.8410
2025-01-14 23:34:31,165 - INFO - Epoch [2/100], Train Accuracy: 0.9052, Val Accuracy: 0.8724
2025-01-14 23:34:31,270 - INFO - Epoch [3/100], Train Accuracy: 0.9382, Val Accuracy: 0.8912
2025-01-14 23:34:31,397 - INFO - Epoch [4/100], Train Accuracy: 0.9654, Val Accuracy: 0.9059
2025-01-14 23:34:31,504 - INFO - Epoch [5/100], Train Accuracy: 0.9812, Val Accuracy: 0.9142
2025-01-14 23:34:31,630 - INFO - Epoch [6/100], Train Accuracy: 0.9906, Val Accuracy: 0.9205
2025-01-14 23:34:31,742 - INFO - Epoch [7/100], Train Accuracy: 0.9927, Val Accuracy: 0.9121
2025-01-14 23:34:31,752 - INFO - Fold 2 Validation Accuracy: 0.9121
2025-01-14 23:34:31,752 - INFO - Training for fold 3/5
2025-01-14 23:34:31,864 - INFO - Epoch [1/100], Train Accuracy: 0.6120, Val Accuracy: 0.8745
2025-01-14 23:34:31,971 - INFO - Epoch [2/100], Train Accuracy: 0.9126, Val Accuracy: 0.8766
2025-01-14 23:34:32,081 - INFO - Epoch [3/100], Train Accuracy: 0.9335, Val Accuracy: 0.8912
2025-01-14 23:34:32,198 - INFO - Epoch [4/100], Train Accuracy: 0.9581, Val Accuracy: 0.8954
2025-01-14 23:34:32,307 - INFO - Epoch [5/100], Train Accuracy: 0.9791, Val Accuracy: 0.9017
2025-01-14 23:34:32,431 - INFO - Epoch [6/100], Train Accuracy: 0.9911, Val Accuracy: 0.9100
2025-01-14 23:34:32,556 - INFO - Epoch [7/100], Train Accuracy: 0.9942, Val Accuracy: 0.9121
2025-01-14 23:34:32,679 - INFO - Epoch [8/100], Train Accuracy: 0.9958, Val Accuracy: 0.9121
2025-01-14 23:34:32,791 - INFO - Epoch [9/100], Train Accuracy: 0.9969, Val Accuracy: 0.9142
2025-01-14 23:34:32,896 - INFO - Epoch [10/100], Train Accuracy: 0.9979, Val Accuracy: 0.9163
2025-01-14 23:34:33,021 - INFO - Epoch [11/100], Train Accuracy: 0.9984, Val Accuracy: 0.9163
2025-01-14 23:34:33,127 - INFO - Epoch [12/100], Train Accuracy: 0.9990, Val Accuracy: 0.9184
2025-01-14 23:34:33,239 - INFO - Epoch [13/100], Train Accuracy: 0.9995, Val Accuracy: 0.9184
2025-01-14 23:34:33,248 - INFO - Fold 3 Validation Accuracy: 0.9184
2025-01-14 23:34:33,249 - INFO - Training for fold 4/5
2025-01-14 23:34:33,364 - INFO - Epoch [1/100], Train Accuracy: 0.5065, Val Accuracy: 0.9015
2025-01-14 23:34:33,469 - INFO - Epoch [2/100], Train Accuracy: 0.9126, Val Accuracy: 0.9078
2025-01-14 23:34:33,592 - INFO - Epoch [3/100], Train Accuracy: 0.9325, Val Accuracy: 0.9078
2025-01-14 23:34:33,693 - INFO - Epoch [4/100], Train Accuracy: 0.9665, Val Accuracy: 0.9161
2025-01-14 23:34:33,834 - INFO - Epoch [5/100], Train Accuracy: 0.9817, Val Accuracy: 0.9182
2025-01-14 23:34:34,004 - INFO - Epoch [6/100], Train Accuracy: 0.9906, Val Accuracy: 0.9203
2025-01-14 23:34:34,144 - INFO - Epoch [7/100], Train Accuracy: 0.9953, Val Accuracy: 0.9182
2025-01-14 23:34:34,159 - INFO - Fold 4 Validation Accuracy: 0.9182
2025-01-14 23:34:34,159 - INFO - Training for fold 5/5
2025-01-14 23:34:34,302 - INFO - Epoch [1/100], Train Accuracy: 0.6075, Val Accuracy: 0.8889
2025-01-14 23:34:34,417 - INFO - Epoch [2/100], Train Accuracy: 0.9100, Val Accuracy: 0.9036
2025-01-14 23:34:34,513 - INFO - Epoch [3/100], Train Accuracy: 0.9330, Val Accuracy: 0.9245
2025-01-14 23:34:34,704 - INFO - Epoch [4/100], Train Accuracy: 0.9649, Val Accuracy: 0.9203
2025-01-14 23:34:34,816 - INFO - Epoch [5/100], Train Accuracy: 0.9780, Val Accuracy: 0.9287
2025-01-14 23:34:34,954 - INFO - Epoch [6/100], Train Accuracy: 0.9885, Val Accuracy: 0.9224
2025-01-14 23:34:35,054 - INFO - Epoch [7/100], Train Accuracy: 0.9916, Val Accuracy: 0.9245
2025-01-14 23:34:35,065 - INFO - Fold 5 Validation Accuracy: 0.9245
2025-01-14 23:34:35,065 - INFO - Average Validation Accuracy (Over 5 folds): 0.9192 

