2025-01-15 02:08:42,783 - INFO - Training with Vectorized Data 2000 features. Dropout Rate 0.70. Dataset Size 2400. 128 neurons.
2025-01-15 02:08:42,784 - INFO - Training for fold 1/5
2025-01-15 02:08:44,414 - INFO - Epoch [1/100], Train Accuracy: 0.5302, Val Accuracy: 0.8812
2025-01-15 02:08:44,540 - INFO - Epoch [2/100], Train Accuracy: 0.9099, Val Accuracy: 0.8917
2025-01-15 02:08:44,660 - INFO - Epoch [3/100], Train Accuracy: 0.9365, Val Accuracy: 0.9125
2025-01-15 02:08:44,781 - INFO - Epoch [4/100], Train Accuracy: 0.9651, Val Accuracy: 0.9042
2025-01-15 02:08:44,900 - INFO - Epoch [5/100], Train Accuracy: 0.9839, Val Accuracy: 0.9146
2025-01-15 02:08:45,017 - INFO - Epoch [6/100], Train Accuracy: 0.9911, Val Accuracy: 0.9167
2025-01-15 02:08:45,181 - INFO - Epoch [7/100], Train Accuracy: 0.9953, Val Accuracy: 0.9146
2025-01-15 02:08:45,192 - INFO - Fold 1 Validation Accuracy: 0.9146
2025-01-15 02:08:45,192 - INFO - Training for fold 2/5
2025-01-15 02:08:45,316 - INFO - Epoch [1/100], Train Accuracy: 0.6630, Val Accuracy: 0.8375
2025-01-15 02:08:45,434 - INFO - Epoch [2/100], Train Accuracy: 0.9083, Val Accuracy: 0.8979
2025-01-15 02:08:45,555 - INFO - Epoch [3/100], Train Accuracy: 0.9391, Val Accuracy: 0.9104
2025-01-15 02:08:45,670 - INFO - Epoch [4/100], Train Accuracy: 0.9661, Val Accuracy: 0.9104
2025-01-15 02:08:45,782 - INFO - Epoch [5/100], Train Accuracy: 0.9854, Val Accuracy: 0.9167
2025-01-15 02:08:45,900 - INFO - Epoch [6/100], Train Accuracy: 0.9911, Val Accuracy: 0.9208
2025-01-15 02:08:46,013 - INFO - Epoch [7/100], Train Accuracy: 0.9953, Val Accuracy: 0.9187
2025-01-15 02:08:46,029 - INFO - Fold 2 Validation Accuracy: 0.9187
2025-01-15 02:08:46,030 - INFO - Training for fold 3/5
2025-01-15 02:08:46,147 - INFO - Epoch [1/100], Train Accuracy: 0.5193, Val Accuracy: 0.8104
2025-01-15 02:08:46,270 - INFO - Epoch [2/100], Train Accuracy: 0.8797, Val Accuracy: 0.8688
2025-01-15 02:08:46,389 - INFO - Epoch [3/100], Train Accuracy: 0.9359, Val Accuracy: 0.9292
2025-01-15 02:08:46,504 - INFO - Epoch [4/100], Train Accuracy: 0.9682, Val Accuracy: 0.9208
2025-01-15 02:08:46,624 - INFO - Epoch [5/100], Train Accuracy: 0.9823, Val Accuracy: 0.9437
2025-01-15 02:08:46,736 - INFO - Epoch [6/100], Train Accuracy: 0.9901, Val Accuracy: 0.9271
2025-01-15 02:08:46,748 - INFO - Fold 3 Validation Accuracy: 0.9271
2025-01-15 02:08:46,748 - INFO - Training for fold 4/5
2025-01-15 02:08:46,877 - INFO - Epoch [1/100], Train Accuracy: 0.6573, Val Accuracy: 0.8396
2025-01-15 02:08:46,996 - INFO - Epoch [2/100], Train Accuracy: 0.9219, Val Accuracy: 0.8646
2025-01-15 02:08:47,113 - INFO - Epoch [3/100], Train Accuracy: 0.9526, Val Accuracy: 0.8750
2025-01-15 02:08:47,229 - INFO - Epoch [4/100], Train Accuracy: 0.9755, Val Accuracy: 0.8833
2025-01-15 02:08:47,348 - INFO - Epoch [5/100], Train Accuracy: 0.9859, Val Accuracy: 0.9021
2025-01-15 02:08:47,459 - INFO - Epoch [6/100], Train Accuracy: 0.9901, Val Accuracy: 0.8917
2025-01-15 02:08:47,472 - INFO - Fold 4 Validation Accuracy: 0.8917
2025-01-15 02:08:47,472 - INFO - Training for fold 5/5
2025-01-15 02:08:47,593 - INFO - Epoch [1/100], Train Accuracy: 0.4958, Val Accuracy: 0.7562
2025-01-15 02:08:47,714 - INFO - Epoch [2/100], Train Accuracy: 0.8969, Val Accuracy: 0.9146
2025-01-15 02:08:47,826 - INFO - Epoch [3/100], Train Accuracy: 0.9432, Val Accuracy: 0.9313
2025-01-15 02:08:47,944 - INFO - Epoch [4/100], Train Accuracy: 0.9693, Val Accuracy: 0.9354
2025-01-15 02:08:48,075 - INFO - Epoch [5/100], Train Accuracy: 0.9849, Val Accuracy: 0.9375
2025-01-15 02:08:48,243 - INFO - Epoch [6/100], Train Accuracy: 0.9906, Val Accuracy: 0.9375
2025-01-15 02:08:48,374 - INFO - Epoch [7/100], Train Accuracy: 0.9948, Val Accuracy: 0.9313
2025-01-15 02:08:48,392 - INFO - Fold 5 Validation Accuracy: 0.9313
2025-01-15 02:08:48,393 - INFO - Average Validation Accuracy (Over 5 folds): 0.9167 

2025-01-15 02:08:48,394 - INFO - Error: too many indices for tensor of dimension 2
