2025-01-15 11:28:50,642 - INFO - Training with Vectorized Data 2000 features. Dropout Rate 0.09. Dataset Size 300. 128 neurons.
2025-01-15 11:28:50,642 - INFO - Training for fold 1/5
2025-01-15 11:28:51,859 - INFO - Epoch [1/100], Train Accuracy: 0.3333, Val Accuracy: 0.4000
2025-01-15 11:28:51,872 - INFO - Epoch [2/100], Train Accuracy: 0.8083, Val Accuracy: 0.7667
2025-01-15 11:28:51,886 - INFO - Epoch [3/100], Train Accuracy: 0.9875, Val Accuracy: 0.7333
2025-01-15 11:28:51,900 - INFO - Epoch [4/100], Train Accuracy: 1.0000, Val Accuracy: 0.7667
2025-01-15 11:28:51,901 - INFO - Fold 1 Validation Accuracy: 0.7667
2025-01-15 11:28:51,902 - INFO - Training for fold 2/5
2025-01-15 11:28:51,917 - INFO - Epoch [1/100], Train Accuracy: 0.3417, Val Accuracy: 0.3000
2025-01-15 11:28:51,932 - INFO - Epoch [2/100], Train Accuracy: 0.4417, Val Accuracy: 0.3333
2025-01-15 11:28:51,946 - INFO - Epoch [3/100], Train Accuracy: 0.7917, Val Accuracy: 0.5167
2025-01-15 11:28:51,961 - INFO - Epoch [4/100], Train Accuracy: 0.9542, Val Accuracy: 0.6833
2025-01-15 11:28:51,975 - INFO - Epoch [5/100], Train Accuracy: 0.9750, Val Accuracy: 0.7500
2025-01-15 11:28:51,988 - INFO - Epoch [6/100], Train Accuracy: 0.9917, Val Accuracy: 0.8000
2025-01-15 11:28:52,002 - INFO - Epoch [7/100], Train Accuracy: 0.9958, Val Accuracy: 0.8333
2025-01-15 11:28:52,016 - INFO - Epoch [8/100], Train Accuracy: 0.9958, Val Accuracy: 0.8833
2025-01-15 11:28:52,030 - INFO - Epoch [9/100], Train Accuracy: 0.9958, Val Accuracy: 0.9000
2025-01-15 11:28:52,043 - INFO - Epoch [10/100], Train Accuracy: 0.9958, Val Accuracy: 0.8667
2025-01-15 11:28:52,045 - INFO - Fold 2 Validation Accuracy: 0.8667
2025-01-15 11:28:52,045 - INFO - Training for fold 3/5
2025-01-15 11:28:52,066 - INFO - Epoch [1/100], Train Accuracy: 0.3583, Val Accuracy: 0.2333
2025-01-15 11:28:52,083 - INFO - Epoch [2/100], Train Accuracy: 0.4833, Val Accuracy: 0.3333
2025-01-15 11:28:52,100 - INFO - Epoch [3/100], Train Accuracy: 0.6708, Val Accuracy: 0.5167
2025-01-15 11:28:52,118 - INFO - Epoch [4/100], Train Accuracy: 0.9375, Val Accuracy: 0.7333
2025-01-15 11:28:52,131 - INFO - Epoch [5/100], Train Accuracy: 0.9917, Val Accuracy: 0.7500
2025-01-15 11:28:52,143 - INFO - Epoch [6/100], Train Accuracy: 0.9958, Val Accuracy: 0.7833
2025-01-15 11:28:52,156 - INFO - Epoch [7/100], Train Accuracy: 0.9958, Val Accuracy: 0.8167
2025-01-15 11:28:52,169 - INFO - Epoch [8/100], Train Accuracy: 1.0000, Val Accuracy: 0.8333
2025-01-15 11:28:52,170 - INFO - Fold 3 Validation Accuracy: 0.8333
2025-01-15 11:28:52,171 - INFO - Training for fold 4/5
2025-01-15 11:28:52,186 - INFO - Epoch [1/100], Train Accuracy: 0.3250, Val Accuracy: 0.3667
2025-01-15 11:28:52,200 - INFO - Epoch [2/100], Train Accuracy: 0.3833, Val Accuracy: 0.4667
2025-01-15 11:28:52,212 - INFO - Epoch [3/100], Train Accuracy: 0.6875, Val Accuracy: 0.5833
2025-01-15 11:28:52,227 - INFO - Epoch [4/100], Train Accuracy: 0.9500, Val Accuracy: 0.7000
2025-01-15 11:28:52,239 - INFO - Epoch [5/100], Train Accuracy: 0.9917, Val Accuracy: 0.7500
2025-01-15 11:28:52,250 - INFO - Epoch [6/100], Train Accuracy: 1.0000, Val Accuracy: 0.7667
2025-01-15 11:28:52,254 - INFO - Fold 4 Validation Accuracy: 0.7667
2025-01-15 11:28:52,254 - INFO - Training for fold 5/5
2025-01-15 11:28:52,270 - INFO - Epoch [1/100], Train Accuracy: 0.3292, Val Accuracy: 0.3500
2025-01-15 11:28:52,284 - INFO - Epoch [2/100], Train Accuracy: 0.5125, Val Accuracy: 0.5000
2025-01-15 11:28:52,297 - INFO - Epoch [3/100], Train Accuracy: 0.9417, Val Accuracy: 0.7333
2025-01-15 11:28:52,310 - INFO - Epoch [4/100], Train Accuracy: 0.9875, Val Accuracy: 0.7667
2025-01-15 11:28:52,322 - INFO - Epoch [5/100], Train Accuracy: 0.9875, Val Accuracy: 0.7333
2025-01-15 11:28:52,333 - INFO - Epoch [6/100], Train Accuracy: 0.9875, Val Accuracy: 0.7833
2025-01-15 11:28:52,346 - INFO - Epoch [7/100], Train Accuracy: 0.9958, Val Accuracy: 0.7167
2025-01-15 11:28:52,348 - INFO - Fold 5 Validation Accuracy: 0.7167
2025-01-15 11:28:52,348 - INFO - Average Validation Accuracy (Over 5 folds): 0.7900 

2025-01-15 11:28:52,367 - INFO - Training with Vectorized Data 2000 features. Dropout Rate 0.19. Dataset Size 300. 128 neurons.
2025-01-15 11:28:52,368 - INFO - Training for fold 1/5
2025-01-15 11:28:52,386 - INFO - Epoch [1/100], Train Accuracy: 0.3458, Val Accuracy: 0.2833
2025-01-15 11:28:52,401 - INFO - Epoch [2/100], Train Accuracy: 0.3500, Val Accuracy: 0.2833
2025-01-15 11:28:52,413 - INFO - Epoch [3/100], Train Accuracy: 0.5375, Val Accuracy: 0.4500
2025-01-15 11:28:52,424 - INFO - Epoch [4/100], Train Accuracy: 0.9250, Val Accuracy: 0.7000
2025-01-15 11:28:52,435 - INFO - Epoch [5/100], Train Accuracy: 0.9833, Val Accuracy: 0.7833
2025-01-15 11:28:52,446 - INFO - Epoch [6/100], Train Accuracy: 0.9958, Val Accuracy: 0.7833
2025-01-15 11:28:52,459 - INFO - Epoch [7/100], Train Accuracy: 0.9958, Val Accuracy: 0.8000
2025-01-15 11:28:52,471 - INFO - Epoch [8/100], Train Accuracy: 0.9958, Val Accuracy: 0.7833
2025-01-15 11:28:52,472 - INFO - Fold 1 Validation Accuracy: 0.7833
2025-01-15 11:28:52,472 - INFO - Training for fold 2/5
2025-01-15 11:28:52,486 - INFO - Epoch [1/100], Train Accuracy: 0.3208, Val Accuracy: 0.3833
2025-01-15 11:28:52,502 - INFO - Epoch [2/100], Train Accuracy: 0.3208, Val Accuracy: 0.3833
2025-01-15 11:28:52,516 - INFO - Epoch [3/100], Train Accuracy: 0.4875, Val Accuracy: 0.5167
2025-01-15 11:28:52,527 - INFO - Epoch [4/100], Train Accuracy: 0.9167, Val Accuracy: 0.7500
2025-01-15 11:28:52,542 - INFO - Epoch [5/100], Train Accuracy: 0.9875, Val Accuracy: 0.8000
2025-01-15 11:28:52,556 - INFO - Epoch [6/100], Train Accuracy: 1.0000, Val Accuracy: 0.8167
2025-01-15 11:28:52,557 - INFO - Fold 2 Validation Accuracy: 0.8167
2025-01-15 11:28:52,558 - INFO - Training for fold 3/5
2025-01-15 11:28:52,572 - INFO - Epoch [1/100], Train Accuracy: 0.3500, Val Accuracy: 0.2667
2025-01-15 11:28:52,585 - INFO - Epoch [2/100], Train Accuracy: 0.3583, Val Accuracy: 0.2667
2025-01-15 11:28:52,597 - INFO - Epoch [3/100], Train Accuracy: 0.6792, Val Accuracy: 0.4500
2025-01-15 11:28:52,610 - INFO - Epoch [4/100], Train Accuracy: 0.9542, Val Accuracy: 0.5167
2025-01-15 11:28:52,625 - INFO - Epoch [5/100], Train Accuracy: 0.9875, Val Accuracy: 0.6167
2025-01-15 11:28:52,638 - INFO - Epoch [6/100], Train Accuracy: 1.0000, Val Accuracy: 0.6833
2025-01-15 11:28:52,639 - INFO - Fold 3 Validation Accuracy: 0.6833
2025-01-15 11:28:52,640 - INFO - Training for fold 4/5
2025-01-15 11:28:52,654 - INFO - Epoch [1/100], Train Accuracy: 0.3167, Val Accuracy: 0.4333
2025-01-15 11:28:52,669 - INFO - Epoch [2/100], Train Accuracy: 0.6875, Val Accuracy: 0.7000
2025-01-15 11:28:52,683 - INFO - Epoch [3/100], Train Accuracy: 0.9708, Val Accuracy: 0.8333
2025-01-15 11:28:52,695 - INFO - Epoch [4/100], Train Accuracy: 0.9833, Val Accuracy: 0.7833
2025-01-15 11:28:52,708 - INFO - Epoch [5/100], Train Accuracy: 0.9833, Val Accuracy: 0.8000
2025-01-15 11:28:52,722 - INFO - Epoch [6/100], Train Accuracy: 0.9875, Val Accuracy: 0.7833
2025-01-15 11:28:52,738 - INFO - Epoch [7/100], Train Accuracy: 0.9875, Val Accuracy: 0.7667
2025-01-15 11:28:52,751 - INFO - Epoch [8/100], Train Accuracy: 0.9875, Val Accuracy: 0.7833
2025-01-15 11:28:52,762 - INFO - Epoch [9/100], Train Accuracy: 0.9958, Val Accuracy: 0.7667
2025-01-15 11:28:52,764 - INFO - Fold 4 Validation Accuracy: 0.7667
2025-01-15 11:28:52,764 - INFO - Training for fold 5/5
2025-01-15 11:28:52,779 - INFO - Epoch [1/100], Train Accuracy: 0.4333, Val Accuracy: 0.5667
2025-01-15 11:28:52,792 - INFO - Epoch [2/100], Train Accuracy: 0.9333, Val Accuracy: 0.7000
2025-01-15 11:28:52,807 - INFO - Epoch [3/100], Train Accuracy: 0.9792, Val Accuracy: 0.8167
2025-01-15 11:28:52,821 - INFO - Epoch [4/100], Train Accuracy: 0.9958, Val Accuracy: 0.8500
2025-01-15 11:28:52,833 - INFO - Epoch [5/100], Train Accuracy: 0.9958, Val Accuracy: 0.8500
2025-01-15 11:28:52,844 - INFO - Epoch [6/100], Train Accuracy: 1.0000, Val Accuracy: 0.8667
2025-01-15 11:28:52,845 - INFO - Fold 5 Validation Accuracy: 0.8667
2025-01-15 11:28:52,845 - INFO - Average Validation Accuracy (Over 5 folds): 0.7833 

2025-01-15 11:28:52,863 - INFO - Training with Vectorized Data 2000 features. Dropout Rate 0.29. Dataset Size 300. 128 neurons.
2025-01-15 11:28:52,863 - INFO - Training for fold 1/5
2025-01-15 11:28:52,885 - INFO - Epoch [1/100], Train Accuracy: 0.3375, Val Accuracy: 0.3667
2025-01-15 11:28:52,898 - INFO - Epoch [2/100], Train Accuracy: 0.7792, Val Accuracy: 0.6500
2025-01-15 11:28:52,911 - INFO - Epoch [3/100], Train Accuracy: 0.9792, Val Accuracy: 0.7167
2025-01-15 11:28:52,924 - INFO - Epoch [4/100], Train Accuracy: 0.9958, Val Accuracy: 0.7667
2025-01-15 11:28:52,935 - INFO - Epoch [5/100], Train Accuracy: 0.9875, Val Accuracy: 0.7667
2025-01-15 11:28:52,946 - INFO - Epoch [6/100], Train Accuracy: 0.9917, Val Accuracy: 0.8000
2025-01-15 11:28:52,957 - INFO - Epoch [7/100], Train Accuracy: 0.9917, Val Accuracy: 0.8167
2025-01-15 11:28:52,970 - INFO - Epoch [8/100], Train Accuracy: 1.0000, Val Accuracy: 0.8000
2025-01-15 11:28:52,972 - INFO - Fold 1 Validation Accuracy: 0.8000
2025-01-15 11:28:52,973 - INFO - Training for fold 2/5
2025-01-15 11:28:52,999 - INFO - Epoch [1/100], Train Accuracy: 0.3167, Val Accuracy: 0.4000
2025-01-15 11:28:53,012 - INFO - Epoch [2/100], Train Accuracy: 0.4125, Val Accuracy: 0.4667
2025-01-15 11:28:53,025 - INFO - Epoch [3/100], Train Accuracy: 0.8500, Val Accuracy: 0.7333
2025-01-15 11:28:53,039 - INFO - Epoch [4/100], Train Accuracy: 0.9833, Val Accuracy: 0.7667
2025-01-15 11:28:53,051 - INFO - Epoch [5/100], Train Accuracy: 0.9958, Val Accuracy: 0.7667
2025-01-15 11:28:53,063 - INFO - Epoch [6/100], Train Accuracy: 1.0000, Val Accuracy: 0.7667
2025-01-15 11:28:53,065 - INFO - Fold 2 Validation Accuracy: 0.7667
2025-01-15 11:28:53,065 - INFO - Training for fold 3/5
2025-01-15 11:28:53,080 - INFO - Epoch [1/100], Train Accuracy: 0.3708, Val Accuracy: 0.1833
2025-01-15 11:28:53,093 - INFO - Epoch [2/100], Train Accuracy: 0.3792, Val Accuracy: 0.1833
2025-01-15 11:28:53,106 - INFO - Epoch [3/100], Train Accuracy: 0.6042, Val Accuracy: 0.3667
2025-01-15 11:28:53,118 - INFO - Epoch [4/100], Train Accuracy: 0.8583, Val Accuracy: 0.5333
2025-01-15 11:28:53,130 - INFO - Epoch [5/100], Train Accuracy: 0.9583, Val Accuracy: 0.7000
2025-01-15 11:28:53,141 - INFO - Epoch [6/100], Train Accuracy: 0.9875, Val Accuracy: 0.7667
2025-01-15 11:28:53,152 - INFO - Epoch [7/100], Train Accuracy: 0.9917, Val Accuracy: 0.8333
2025-01-15 11:28:53,167 - INFO - Epoch [8/100], Train Accuracy: 0.9958, Val Accuracy: 0.8333
2025-01-15 11:28:53,181 - INFO - Epoch [9/100], Train Accuracy: 0.9958, Val Accuracy: 0.8667
2025-01-15 11:28:53,192 - INFO - Epoch [10/100], Train Accuracy: 1.0000, Val Accuracy: 0.8833
2025-01-15 11:28:53,193 - INFO - Fold 3 Validation Accuracy: 0.8833
2025-01-15 11:28:53,194 - INFO - Training for fold 4/5
2025-01-15 11:28:53,210 - INFO - Epoch [1/100], Train Accuracy: 0.3417, Val Accuracy: 0.3500
2025-01-15 11:28:53,223 - INFO - Epoch [2/100], Train Accuracy: 0.5792, Val Accuracy: 0.5167
2025-01-15 11:28:53,234 - INFO - Epoch [3/100], Train Accuracy: 0.8000, Val Accuracy: 0.6167
2025-01-15 11:28:53,247 - INFO - Epoch [4/100], Train Accuracy: 0.9458, Val Accuracy: 0.7167
2025-01-15 11:28:53,259 - INFO - Epoch [5/100], Train Accuracy: 0.9708, Val Accuracy: 0.7333
2025-01-15 11:28:53,272 - INFO - Epoch [6/100], Train Accuracy: 0.9792, Val Accuracy: 0.7833
2025-01-15 11:28:53,284 - INFO - Epoch [7/100], Train Accuracy: 0.9833, Val Accuracy: 0.8167
2025-01-15 11:28:53,295 - INFO - Epoch [8/100], Train Accuracy: 0.9875, Val Accuracy: 0.8500
2025-01-15 11:28:53,307 - INFO - Epoch [9/100], Train Accuracy: 0.9958, Val Accuracy: 0.8667
2025-01-15 11:28:53,318 - INFO - Epoch [10/100], Train Accuracy: 1.0000, Val Accuracy: 0.9000
2025-01-15 11:28:53,320 - INFO - Fold 4 Validation Accuracy: 0.9000
2025-01-15 11:28:53,320 - INFO - Training for fold 5/5
2025-01-15 11:28:53,337 - INFO - Epoch [1/100], Train Accuracy: 0.3458, Val Accuracy: 0.3333
2025-01-15 11:28:53,350 - INFO - Epoch [2/100], Train Accuracy: 0.6125, Val Accuracy: 0.4667
2025-01-15 11:28:53,362 - INFO - Epoch [3/100], Train Accuracy: 0.7292, Val Accuracy: 0.5667
2025-01-15 11:28:53,374 - INFO - Epoch [4/100], Train Accuracy: 0.9542, Val Accuracy: 0.7000
2025-01-15 11:28:53,386 - INFO - Epoch [5/100], Train Accuracy: 0.9917, Val Accuracy: 0.6667
2025-01-15 11:28:53,388 - INFO - Fold 5 Validation Accuracy: 0.6667
2025-01-15 11:28:53,388 - INFO - Average Validation Accuracy (Over 5 folds): 0.8033 

2025-01-15 11:28:53,406 - INFO - Training with Vectorized Data 2000 features. Dropout Rate 0.39. Dataset Size 300. 128 neurons.
2025-01-15 11:28:53,407 - INFO - Training for fold 1/5
2025-01-15 11:28:53,437 - INFO - Epoch [1/100], Train Accuracy: 0.3375, Val Accuracy: 0.3167
2025-01-15 11:28:53,459 - INFO - Epoch [2/100], Train Accuracy: 0.3375, Val Accuracy: 0.3167
2025-01-15 11:28:53,473 - INFO - Epoch [3/100], Train Accuracy: 0.5375, Val Accuracy: 0.4667
2025-01-15 11:28:53,486 - INFO - Epoch [4/100], Train Accuracy: 0.9625, Val Accuracy: 0.5667
2025-01-15 11:28:53,501 - INFO - Epoch [5/100], Train Accuracy: 0.9917, Val Accuracy: 0.6500
2025-01-15 11:28:53,515 - INFO - Epoch [6/100], Train Accuracy: 0.9917, Val Accuracy: 0.7000
2025-01-15 11:28:53,530 - INFO - Epoch [7/100], Train Accuracy: 0.9958, Val Accuracy: 0.7167
2025-01-15 11:28:53,542 - INFO - Epoch [8/100], Train Accuracy: 0.9958, Val Accuracy: 0.7333
2025-01-15 11:28:53,554 - INFO - Epoch [9/100], Train Accuracy: 1.0000, Val Accuracy: 0.7500
2025-01-15 11:28:53,556 - INFO - Fold 1 Validation Accuracy: 0.7500
2025-01-15 11:28:53,556 - INFO - Training for fold 2/5
2025-01-15 11:28:53,571 - INFO - Epoch [1/100], Train Accuracy: 0.3542, Val Accuracy: 0.4667
2025-01-15 11:28:53,584 - INFO - Epoch [2/100], Train Accuracy: 0.6458, Val Accuracy: 0.6333
2025-01-15 11:28:53,599 - INFO - Epoch [3/100], Train Accuracy: 0.9750, Val Accuracy: 0.7333
2025-01-15 11:28:53,615 - INFO - Epoch [4/100], Train Accuracy: 0.9833, Val Accuracy: 0.7167
2025-01-15 11:28:53,627 - INFO - Epoch [5/100], Train Accuracy: 0.9833, Val Accuracy: 0.6500
2025-01-15 11:28:53,638 - INFO - Epoch [6/100], Train Accuracy: 0.9875, Val Accuracy: 0.6500
2025-01-15 11:28:53,650 - INFO - Epoch [7/100], Train Accuracy: 0.9917, Val Accuracy: 0.6833
2025-01-15 11:28:53,652 - INFO - Fold 2 Validation Accuracy: 0.6833
2025-01-15 11:28:53,652 - INFO - Training for fold 3/5
2025-01-15 11:28:53,665 - INFO - Epoch [1/100], Train Accuracy: 0.3458, Val Accuracy: 0.2833
2025-01-15 11:28:53,679 - INFO - Epoch [2/100], Train Accuracy: 0.4167, Val Accuracy: 0.3333
2025-01-15 11:28:53,691 - INFO - Epoch [3/100], Train Accuracy: 0.8375, Val Accuracy: 0.4667
2025-01-15 11:28:53,704 - INFO - Epoch [4/100], Train Accuracy: 0.9542, Val Accuracy: 0.5167
2025-01-15 11:28:53,715 - INFO - Epoch [5/100], Train Accuracy: 0.9917, Val Accuracy: 0.5833
2025-01-15 11:28:53,727 - INFO - Epoch [6/100], Train Accuracy: 0.9917, Val Accuracy: 0.6167
2025-01-15 11:28:53,741 - INFO - Epoch [7/100], Train Accuracy: 0.9917, Val Accuracy: 0.6500
2025-01-15 11:28:53,753 - INFO - Epoch [8/100], Train Accuracy: 0.9958, Val Accuracy: 0.6333
2025-01-15 11:28:53,756 - INFO - Fold 3 Validation Accuracy: 0.6333
2025-01-15 11:28:53,756 - INFO - Training for fold 4/5
2025-01-15 11:28:53,776 - INFO - Epoch [1/100], Train Accuracy: 0.3417, Val Accuracy: 0.5000
2025-01-15 11:28:53,790 - INFO - Epoch [2/100], Train Accuracy: 0.7125, Val Accuracy: 0.5333
2025-01-15 11:28:53,803 - INFO - Epoch [3/100], Train Accuracy: 0.9208, Val Accuracy: 0.7667
2025-01-15 11:28:53,818 - INFO - Epoch [4/100], Train Accuracy: 0.9750, Val Accuracy: 0.7667
2025-01-15 11:28:53,831 - INFO - Epoch [5/100], Train Accuracy: 0.9958, Val Accuracy: 0.8000
2025-01-15 11:28:53,842 - INFO - Epoch [6/100], Train Accuracy: 0.9958, Val Accuracy: 0.8000
2025-01-15 11:28:53,854 - INFO - Epoch [7/100], Train Accuracy: 0.9958, Val Accuracy: 0.8000
2025-01-15 11:28:53,865 - INFO - Epoch [8/100], Train Accuracy: 1.0000, Val Accuracy: 0.8000
2025-01-15 11:28:53,867 - INFO - Fold 4 Validation Accuracy: 0.8000
2025-01-15 11:28:53,867 - INFO - Training for fold 5/5
2025-01-15 11:28:53,881 - INFO - Epoch [1/100], Train Accuracy: 0.4208, Val Accuracy: 0.5500
2025-01-15 11:28:53,893 - INFO - Epoch [2/100], Train Accuracy: 0.9375, Val Accuracy: 0.7333
2025-01-15 11:28:53,906 - INFO - Epoch [3/100], Train Accuracy: 0.9875, Val Accuracy: 0.8500
2025-01-15 11:28:53,921 - INFO - Epoch [4/100], Train Accuracy: 0.9958, Val Accuracy: 0.8500
2025-01-15 11:28:53,934 - INFO - Epoch [5/100], Train Accuracy: 0.9958, Val Accuracy: 0.8333
2025-01-15 11:28:53,936 - INFO - Fold 5 Validation Accuracy: 0.8333
2025-01-15 11:28:53,936 - INFO - Average Validation Accuracy (Over 5 folds): 0.7400 

2025-01-15 11:28:53,955 - INFO - Training with Vectorized Data 2000 features. Dropout Rate 0.49. Dataset Size 300. 128 neurons.
2025-01-15 11:28:53,956 - INFO - Training for fold 1/5
2025-01-15 11:28:53,975 - INFO - Epoch [1/100], Train Accuracy: 0.3458, Val Accuracy: 0.2833
2025-01-15 11:28:53,989 - INFO - Epoch [2/100], Train Accuracy: 0.4042, Val Accuracy: 0.3667
2025-01-15 11:28:54,002 - INFO - Epoch [3/100], Train Accuracy: 0.7375, Val Accuracy: 0.5333
2025-01-15 11:28:54,012 - INFO - Epoch [4/100], Train Accuracy: 0.9708, Val Accuracy: 0.6500
2025-01-15 11:28:54,023 - INFO - Epoch [5/100], Train Accuracy: 0.9958, Val Accuracy: 0.6833
2025-01-15 11:28:54,035 - INFO - Epoch [6/100], Train Accuracy: 1.0000, Val Accuracy: 0.7167
2025-01-15 11:28:54,036 - INFO - Fold 1 Validation Accuracy: 0.7167
2025-01-15 11:28:54,037 - INFO - Training for fold 2/5
2025-01-15 11:28:54,054 - INFO - Epoch [1/100], Train Accuracy: 0.3375, Val Accuracy: 0.3167
2025-01-15 11:28:54,068 - INFO - Epoch [2/100], Train Accuracy: 0.3375, Val Accuracy: 0.3167
2025-01-15 11:28:54,080 - INFO - Epoch [3/100], Train Accuracy: 0.5000, Val Accuracy: 0.4000
2025-01-15 11:28:54,093 - INFO - Epoch [4/100], Train Accuracy: 0.9083, Val Accuracy: 0.7000
2025-01-15 11:28:54,106 - INFO - Epoch [5/100], Train Accuracy: 0.9750, Val Accuracy: 0.8500
2025-01-15 11:28:54,117 - INFO - Epoch [6/100], Train Accuracy: 0.9833, Val Accuracy: 0.8833
2025-01-15 11:28:54,129 - INFO - Epoch [7/100], Train Accuracy: 0.9917, Val Accuracy: 0.9000
2025-01-15 11:28:54,141 - INFO - Epoch [8/100], Train Accuracy: 1.0000, Val Accuracy: 0.9167
2025-01-15 11:28:54,142 - INFO - Fold 2 Validation Accuracy: 0.9167
2025-01-15 11:28:54,142 - INFO - Training for fold 3/5
2025-01-15 11:28:54,157 - INFO - Epoch [1/100], Train Accuracy: 0.3958, Val Accuracy: 0.4833
2025-01-15 11:28:54,172 - INFO - Epoch [2/100], Train Accuracy: 0.6458, Val Accuracy: 0.5500
2025-01-15 11:28:54,185 - INFO - Epoch [3/100], Train Accuracy: 0.6792, Val Accuracy: 0.4500
2025-01-15 11:28:54,197 - INFO - Epoch [4/100], Train Accuracy: 0.8708, Val Accuracy: 0.5667
2025-01-15 11:28:54,213 - INFO - Epoch [5/100], Train Accuracy: 0.9583, Val Accuracy: 0.6667
2025-01-15 11:28:54,227 - INFO - Epoch [6/100], Train Accuracy: 0.9833, Val Accuracy: 0.7000
2025-01-15 11:28:54,239 - INFO - Epoch [7/100], Train Accuracy: 1.0000, Val Accuracy: 0.7333
2025-01-15 11:28:54,241 - INFO - Fold 3 Validation Accuracy: 0.7333
2025-01-15 11:28:54,242 - INFO - Training for fold 4/5
2025-01-15 11:28:54,259 - INFO - Epoch [1/100], Train Accuracy: 0.3417, Val Accuracy: 0.3333
2025-01-15 11:28:54,272 - INFO - Epoch [2/100], Train Accuracy: 0.5000, Val Accuracy: 0.4000
2025-01-15 11:28:54,284 - INFO - Epoch [3/100], Train Accuracy: 0.8125, Val Accuracy: 0.5167
2025-01-15 11:28:54,295 - INFO - Epoch [4/100], Train Accuracy: 0.9667, Val Accuracy: 0.6000
2025-01-15 11:28:54,307 - INFO - Epoch [5/100], Train Accuracy: 0.9917, Val Accuracy: 0.6833
2025-01-15 11:28:54,319 - INFO - Epoch [6/100], Train Accuracy: 0.9958, Val Accuracy: 0.7000
2025-01-15 11:28:54,330 - INFO - Epoch [7/100], Train Accuracy: 0.9958, Val Accuracy: 0.7000
2025-01-15 11:28:54,340 - INFO - Epoch [8/100], Train Accuracy: 0.9958, Val Accuracy: 0.7000
2025-01-15 11:28:54,352 - INFO - Epoch [9/100], Train Accuracy: 0.9958, Val Accuracy: 0.6833
2025-01-15 11:28:54,354 - INFO - Fold 4 Validation Accuracy: 0.6833
2025-01-15 11:28:54,354 - INFO - Training for fold 5/5
2025-01-15 11:28:54,369 - INFO - Epoch [1/100], Train Accuracy: 0.3458, Val Accuracy: 0.2833
2025-01-15 11:28:54,383 - INFO - Epoch [2/100], Train Accuracy: 0.3958, Val Accuracy: 0.3333
2025-01-15 11:28:54,394 - INFO - Epoch [3/100], Train Accuracy: 0.8042, Val Accuracy: 0.6167
2025-01-15 11:28:54,406 - INFO - Epoch [4/100], Train Accuracy: 0.9625, Val Accuracy: 0.7167
2025-01-15 11:28:54,418 - INFO - Epoch [5/100], Train Accuracy: 0.9833, Val Accuracy: 0.7333
2025-01-15 11:28:54,431 - INFO - Epoch [6/100], Train Accuracy: 0.9958, Val Accuracy: 0.7500
2025-01-15 11:28:54,444 - INFO - Epoch [7/100], Train Accuracy: 1.0000, Val Accuracy: 0.7667
2025-01-15 11:28:54,445 - INFO - Fold 5 Validation Accuracy: 0.7667
2025-01-15 11:28:54,446 - INFO - Average Validation Accuracy (Over 5 folds): 0.7633 

2025-01-15 11:28:54,466 - INFO - Training with Vectorized Data 2000 features. Dropout Rate 0.59. Dataset Size 300. 128 neurons.
2025-01-15 11:28:54,466 - INFO - Training for fold 1/5
2025-01-15 11:28:54,485 - INFO - Epoch [1/100], Train Accuracy: 0.3333, Val Accuracy: 0.3333
2025-01-15 11:28:54,500 - INFO - Epoch [2/100], Train Accuracy: 0.4208, Val Accuracy: 0.4167
2025-01-15 11:28:54,513 - INFO - Epoch [3/100], Train Accuracy: 0.8417, Val Accuracy: 0.6833
2025-01-15 11:28:54,526 - INFO - Epoch [4/100], Train Accuracy: 0.9750, Val Accuracy: 0.7500
2025-01-15 11:28:54,539 - INFO - Epoch [5/100], Train Accuracy: 1.0000, Val Accuracy: 0.8167
2025-01-15 11:28:54,540 - INFO - Fold 1 Validation Accuracy: 0.8167
2025-01-15 11:28:54,540 - INFO - Training for fold 2/5
2025-01-15 11:28:54,555 - INFO - Epoch [1/100], Train Accuracy: 0.3417, Val Accuracy: 0.3000
2025-01-15 11:28:54,573 - INFO - Epoch [2/100], Train Accuracy: 0.3417, Val Accuracy: 0.3000
2025-01-15 11:28:54,588 - INFO - Epoch [3/100], Train Accuracy: 0.4750, Val Accuracy: 0.4000
2025-01-15 11:28:54,601 - INFO - Epoch [4/100], Train Accuracy: 0.8292, Val Accuracy: 0.5667
2025-01-15 11:28:54,615 - INFO - Epoch [5/100], Train Accuracy: 0.9750, Val Accuracy: 0.6667
2025-01-15 11:28:54,627 - INFO - Epoch [6/100], Train Accuracy: 0.9958, Val Accuracy: 0.7667
2025-01-15 11:28:54,637 - INFO - Epoch [7/100], Train Accuracy: 0.9958, Val Accuracy: 0.8000
2025-01-15 11:28:54,649 - INFO - Epoch [8/100], Train Accuracy: 0.9958, Val Accuracy: 0.8000
2025-01-15 11:28:54,659 - INFO - Epoch [9/100], Train Accuracy: 1.0000, Val Accuracy: 0.8000
2025-01-15 11:28:54,661 - INFO - Fold 2 Validation Accuracy: 0.8000
2025-01-15 11:28:54,661 - INFO - Training for fold 3/5
2025-01-15 11:28:54,675 - INFO - Epoch [1/100], Train Accuracy: 0.3625, Val Accuracy: 0.3500
2025-01-15 11:28:54,689 - INFO - Epoch [2/100], Train Accuracy: 0.6500, Val Accuracy: 0.4333
2025-01-15 11:28:54,702 - INFO - Epoch [3/100], Train Accuracy: 0.7375, Val Accuracy: 0.4167
2025-01-15 11:28:54,715 - INFO - Epoch [4/100], Train Accuracy: 0.8875, Val Accuracy: 0.5000
2025-01-15 11:28:54,726 - INFO - Epoch [5/100], Train Accuracy: 0.9750, Val Accuracy: 0.6333
2025-01-15 11:28:54,739 - INFO - Epoch [6/100], Train Accuracy: 0.9958, Val Accuracy: 0.7000
2025-01-15 11:28:54,754 - INFO - Epoch [7/100], Train Accuracy: 1.0000, Val Accuracy: 0.7500
2025-01-15 11:28:54,756 - INFO - Fold 3 Validation Accuracy: 0.7500
2025-01-15 11:28:54,756 - INFO - Training for fold 4/5
2025-01-15 11:28:54,773 - INFO - Epoch [1/100], Train Accuracy: 0.3375, Val Accuracy: 0.3167
2025-01-15 11:28:54,785 - INFO - Epoch [2/100], Train Accuracy: 0.3375, Val Accuracy: 0.3167
2025-01-15 11:28:54,796 - INFO - Epoch [3/100], Train Accuracy: 0.4125, Val Accuracy: 0.3333
2025-01-15 11:28:54,808 - INFO - Epoch [4/100], Train Accuracy: 0.7333, Val Accuracy: 0.5667
2025-01-15 11:28:54,821 - INFO - Epoch [5/100], Train Accuracy: 0.9625, Val Accuracy: 0.7000
2025-01-15 11:28:54,835 - INFO - Epoch [6/100], Train Accuracy: 0.9958, Val Accuracy: 0.8000
2025-01-15 11:28:54,849 - INFO - Epoch [7/100], Train Accuracy: 0.9958, Val Accuracy: 0.8500
2025-01-15 11:28:54,859 - INFO - Epoch [8/100], Train Accuracy: 1.0000, Val Accuracy: 0.8333
2025-01-15 11:28:54,861 - INFO - Fold 4 Validation Accuracy: 0.8333
2025-01-15 11:28:54,861 - INFO - Training for fold 5/5
2025-01-15 11:28:54,874 - INFO - Epoch [1/100], Train Accuracy: 0.3417, Val Accuracy: 0.6500
2025-01-15 11:28:54,892 - INFO - Epoch [2/100], Train Accuracy: 0.7958, Val Accuracy: 0.9000
2025-01-15 11:28:54,903 - INFO - Epoch [3/100], Train Accuracy: 0.9875, Val Accuracy: 0.7833
2025-01-15 11:28:54,915 - INFO - Epoch [4/100], Train Accuracy: 0.9875, Val Accuracy: 0.7833
2025-01-15 11:28:54,926 - INFO - Epoch [5/100], Train Accuracy: 0.9958, Val Accuracy: 0.7833
2025-01-15 11:28:54,928 - INFO - Fold 5 Validation Accuracy: 0.7833
2025-01-15 11:28:54,928 - INFO - Average Validation Accuracy (Over 5 folds): 0.7967 

2025-01-15 11:28:54,946 - INFO - Training with Vectorized Data 2000 features. Dropout Rate 0.69. Dataset Size 300. 128 neurons.
2025-01-15 11:28:54,946 - INFO - Training for fold 1/5
2025-01-15 11:28:54,961 - INFO - Epoch [1/100], Train Accuracy: 0.3417, Val Accuracy: 0.3000
2025-01-15 11:28:54,973 - INFO - Epoch [2/100], Train Accuracy: 0.4458, Val Accuracy: 0.3500
2025-01-15 11:28:54,986 - INFO - Epoch [3/100], Train Accuracy: 0.8417, Val Accuracy: 0.6000
2025-01-15 11:28:54,999 - INFO - Epoch [4/100], Train Accuracy: 0.9583, Val Accuracy: 0.6500
2025-01-15 11:28:55,012 - INFO - Epoch [5/100], Train Accuracy: 0.9958, Val Accuracy: 0.7000
2025-01-15 11:28:55,024 - INFO - Epoch [6/100], Train Accuracy: 0.9958, Val Accuracy: 0.7000
2025-01-15 11:28:55,037 - INFO - Epoch [7/100], Train Accuracy: 0.9958, Val Accuracy: 0.7167
2025-01-15 11:28:55,049 - INFO - Epoch [8/100], Train Accuracy: 1.0000, Val Accuracy: 0.7333
2025-01-15 11:28:55,051 - INFO - Fold 1 Validation Accuracy: 0.7333
2025-01-15 11:28:55,051 - INFO - Training for fold 2/5
2025-01-15 11:28:55,068 - INFO - Epoch [1/100], Train Accuracy: 0.3375, Val Accuracy: 0.3167
2025-01-15 11:28:55,079 - INFO - Epoch [2/100], Train Accuracy: 0.3375, Val Accuracy: 0.3167
2025-01-15 11:28:55,092 - INFO - Epoch [3/100], Train Accuracy: 0.3375, Val Accuracy: 0.3167
2025-01-15 11:28:55,105 - INFO - Epoch [4/100], Train Accuracy: 0.6833, Val Accuracy: 0.5333
2025-01-15 11:28:55,120 - INFO - Epoch [5/100], Train Accuracy: 0.9708, Val Accuracy: 0.7500
2025-01-15 11:28:55,133 - INFO - Epoch [6/100], Train Accuracy: 0.9917, Val Accuracy: 0.7500
2025-01-15 11:28:55,146 - INFO - Epoch [7/100], Train Accuracy: 0.9958, Val Accuracy: 0.7333
2025-01-15 11:28:55,148 - INFO - Fold 2 Validation Accuracy: 0.7333
2025-01-15 11:28:55,148 - INFO - Training for fold 3/5
2025-01-15 11:28:55,163 - INFO - Epoch [1/100], Train Accuracy: 0.3542, Val Accuracy: 0.2500
2025-01-15 11:28:55,175 - INFO - Epoch [2/100], Train Accuracy: 0.3542, Val Accuracy: 0.2500
2025-01-15 11:28:55,189 - INFO - Epoch [3/100], Train Accuracy: 0.4417, Val Accuracy: 0.3000
2025-01-15 11:28:55,203 - INFO - Epoch [4/100], Train Accuracy: 0.8125, Val Accuracy: 0.4833
2025-01-15 11:28:55,216 - INFO - Epoch [5/100], Train Accuracy: 0.9583, Val Accuracy: 0.6833
2025-01-15 11:28:55,229 - INFO - Epoch [6/100], Train Accuracy: 0.9833, Val Accuracy: 0.7167
2025-01-15 11:28:55,242 - INFO - Epoch [7/100], Train Accuracy: 0.9875, Val Accuracy: 0.7500
2025-01-15 11:28:55,256 - INFO - Epoch [8/100], Train Accuracy: 0.9917, Val Accuracy: 0.7667
2025-01-15 11:28:55,270 - INFO - Epoch [9/100], Train Accuracy: 0.9958, Val Accuracy: 0.7667
2025-01-15 11:28:55,284 - INFO - Epoch [10/100], Train Accuracy: 0.9958, Val Accuracy: 0.7667
2025-01-15 11:28:55,297 - INFO - Epoch [11/100], Train Accuracy: 0.9958, Val Accuracy: 0.7667
2025-01-15 11:28:55,308 - INFO - Epoch [12/100], Train Accuracy: 1.0000, Val Accuracy: 0.7833
2025-01-15 11:28:55,310 - INFO - Fold 3 Validation Accuracy: 0.7833
2025-01-15 11:28:55,310 - INFO - Training for fold 4/5
2025-01-15 11:28:55,328 - INFO - Epoch [1/100], Train Accuracy: 0.3333, Val Accuracy: 0.3333
2025-01-15 11:28:55,341 - INFO - Epoch [2/100], Train Accuracy: 0.3625, Val Accuracy: 0.4500
2025-01-15 11:28:55,353 - INFO - Epoch [3/100], Train Accuracy: 0.6250, Val Accuracy: 0.5667
2025-01-15 11:28:55,367 - INFO - Epoch [4/100], Train Accuracy: 0.7750, Val Accuracy: 0.6500
2025-01-15 11:28:55,379 - INFO - Epoch [5/100], Train Accuracy: 0.9625, Val Accuracy: 0.7833
2025-01-15 11:28:55,391 - INFO - Epoch [6/100], Train Accuracy: 0.9875, Val Accuracy: 0.8333
2025-01-15 11:28:55,405 - INFO - Epoch [7/100], Train Accuracy: 0.9917, Val Accuracy: 0.8333
2025-01-15 11:28:55,418 - INFO - Epoch [8/100], Train Accuracy: 0.9958, Val Accuracy: 0.8167
2025-01-15 11:28:55,421 - INFO - Fold 4 Validation Accuracy: 0.8167
2025-01-15 11:28:55,421 - INFO - Training for fold 5/5
2025-01-15 11:28:55,435 - INFO - Epoch [1/100], Train Accuracy: 0.3417, Val Accuracy: 0.3667
2025-01-15 11:28:55,450 - INFO - Epoch [2/100], Train Accuracy: 0.4917, Val Accuracy: 0.5000
2025-01-15 11:28:55,462 - INFO - Epoch [3/100], Train Accuracy: 0.9042, Val Accuracy: 0.7167
2025-01-15 11:28:55,475 - INFO - Epoch [4/100], Train Accuracy: 0.9750, Val Accuracy: 0.8000
2025-01-15 11:28:55,486 - INFO - Epoch [5/100], Train Accuracy: 0.9917, Val Accuracy: 0.8500
2025-01-15 11:28:55,498 - INFO - Epoch [6/100], Train Accuracy: 0.9917, Val Accuracy: 0.8333
2025-01-15 11:28:55,500 - INFO - Fold 5 Validation Accuracy: 0.8333
2025-01-15 11:28:55,500 - INFO - Average Validation Accuracy (Over 5 folds): 0.7800 

2025-01-15 11:28:55,520 - INFO - Training with Vectorized Data 2000 features. Dropout Rate 0.79. Dataset Size 300. 128 neurons.
2025-01-15 11:28:55,520 - INFO - Training for fold 1/5
2025-01-15 11:28:55,541 - INFO - Epoch [1/100], Train Accuracy: 0.3167, Val Accuracy: 0.3500
2025-01-15 11:28:55,556 - INFO - Epoch [2/100], Train Accuracy: 0.3917, Val Accuracy: 0.4833
2025-01-15 11:28:55,570 - INFO - Epoch [3/100], Train Accuracy: 0.7333, Val Accuracy: 0.6833
2025-01-15 11:28:55,583 - INFO - Epoch [4/100], Train Accuracy: 0.9667, Val Accuracy: 0.7333
2025-01-15 11:28:55,594 - INFO - Epoch [5/100], Train Accuracy: 0.9917, Val Accuracy: 0.8333
2025-01-15 11:28:55,605 - INFO - Epoch [6/100], Train Accuracy: 1.0000, Val Accuracy: 0.8167
2025-01-15 11:28:55,606 - INFO - Fold 1 Validation Accuracy: 0.8167
2025-01-15 11:28:55,607 - INFO - Training for fold 2/5
2025-01-15 11:28:55,620 - INFO - Epoch [1/100], Train Accuracy: 0.4000, Val Accuracy: 0.3500
2025-01-15 11:28:55,634 - INFO - Epoch [2/100], Train Accuracy: 0.5792, Val Accuracy: 0.4333
2025-01-15 11:28:55,646 - INFO - Epoch [3/100], Train Accuracy: 0.6625, Val Accuracy: 0.4500
2025-01-15 11:28:55,659 - INFO - Epoch [4/100], Train Accuracy: 0.6750, Val Accuracy: 0.4667
2025-01-15 11:28:55,672 - INFO - Epoch [5/100], Train Accuracy: 0.8792, Val Accuracy: 0.5500
2025-01-15 11:28:55,685 - INFO - Epoch [6/100], Train Accuracy: 0.9625, Val Accuracy: 0.6000
2025-01-15 11:28:55,699 - INFO - Epoch [7/100], Train Accuracy: 0.9750, Val Accuracy: 0.7000
2025-01-15 11:28:55,712 - INFO - Epoch [8/100], Train Accuracy: 0.9875, Val Accuracy: 0.7500
2025-01-15 11:28:55,725 - INFO - Epoch [9/100], Train Accuracy: 0.9917, Val Accuracy: 0.8000
2025-01-15 11:28:55,737 - INFO - Epoch [10/100], Train Accuracy: 1.0000, Val Accuracy: 0.7833
2025-01-15 11:28:55,738 - INFO - Fold 2 Validation Accuracy: 0.7833
2025-01-15 11:28:55,738 - INFO - Training for fold 3/5
2025-01-15 11:28:55,753 - INFO - Epoch [1/100], Train Accuracy: 0.3458, Val Accuracy: 0.4000
2025-01-15 11:28:55,765 - INFO - Epoch [2/100], Train Accuracy: 0.7417, Val Accuracy: 0.6500
2025-01-15 11:28:55,778 - INFO - Epoch [3/100], Train Accuracy: 0.9750, Val Accuracy: 0.7000
2025-01-15 11:28:55,791 - INFO - Epoch [4/100], Train Accuracy: 0.9792, Val Accuracy: 0.7833
2025-01-15 11:28:55,805 - INFO - Epoch [5/100], Train Accuracy: 0.9958, Val Accuracy: 0.7667
2025-01-15 11:28:55,806 - INFO - Fold 3 Validation Accuracy: 0.7667
2025-01-15 11:28:55,806 - INFO - Training for fold 4/5
2025-01-15 11:28:55,820 - INFO - Epoch [1/100], Train Accuracy: 0.3292, Val Accuracy: 0.3667
2025-01-15 11:28:55,835 - INFO - Epoch [2/100], Train Accuracy: 0.3333, Val Accuracy: 0.3833
2025-01-15 11:28:55,848 - INFO - Epoch [3/100], Train Accuracy: 0.5875, Val Accuracy: 0.5333
2025-01-15 11:28:55,862 - INFO - Epoch [4/100], Train Accuracy: 0.9375, Val Accuracy: 0.7667
2025-01-15 11:28:55,875 - INFO - Epoch [5/100], Train Accuracy: 0.9917, Val Accuracy: 0.7833
2025-01-15 11:28:55,887 - INFO - Epoch [6/100], Train Accuracy: 0.9958, Val Accuracy: 0.8000
2025-01-15 11:28:55,900 - INFO - Epoch [7/100], Train Accuracy: 0.9958, Val Accuracy: 0.7667
2025-01-15 11:28:55,903 - INFO - Fold 4 Validation Accuracy: 0.7667
2025-01-15 11:28:55,903 - INFO - Training for fold 5/5
2025-01-15 11:28:55,918 - INFO - Epoch [1/100], Train Accuracy: 0.3125, Val Accuracy: 0.4167
2025-01-15 11:28:55,933 - INFO - Epoch [2/100], Train Accuracy: 0.3125, Val Accuracy: 0.4167
2025-01-15 11:28:55,948 - INFO - Epoch [3/100], Train Accuracy: 0.4042, Val Accuracy: 0.4500
2025-01-15 11:28:55,959 - INFO - Epoch [4/100], Train Accuracy: 0.7333, Val Accuracy: 0.5833
2025-01-15 11:28:55,972 - INFO - Epoch [5/100], Train Accuracy: 0.9333, Val Accuracy: 0.7167
2025-01-15 11:28:55,983 - INFO - Epoch [6/100], Train Accuracy: 0.9750, Val Accuracy: 0.8167
2025-01-15 11:28:55,995 - INFO - Epoch [7/100], Train Accuracy: 0.9875, Val Accuracy: 0.7833
2025-01-15 11:28:56,006 - INFO - Epoch [8/100], Train Accuracy: 0.9958, Val Accuracy: 0.7667
2025-01-15 11:28:56,007 - INFO - Fold 5 Validation Accuracy: 0.7667
2025-01-15 11:28:56,008 - INFO - Average Validation Accuracy (Over 5 folds): 0.7800 

2025-01-15 11:28:56,026 - INFO - Training with Vectorized Data 2000 features. Dropout Rate 0.89. Dataset Size 300. 128 neurons.
2025-01-15 11:28:56,027 - INFO - Training for fold 1/5
2025-01-15 11:28:56,044 - INFO - Epoch [1/100], Train Accuracy: 0.3333, Val Accuracy: 0.3333
2025-01-15 11:28:56,057 - INFO - Epoch [2/100], Train Accuracy: 0.3333, Val Accuracy: 0.3333
2025-01-15 11:28:56,072 - INFO - Epoch [3/100], Train Accuracy: 0.3333, Val Accuracy: 0.3333
2025-01-15 11:28:56,086 - INFO - Epoch [4/100], Train Accuracy: 0.3792, Val Accuracy: 0.3500
2025-01-15 11:28:56,100 - INFO - Epoch [5/100], Train Accuracy: 0.7333, Val Accuracy: 0.5500
2025-01-15 11:28:56,111 - INFO - Epoch [6/100], Train Accuracy: 0.9625, Val Accuracy: 0.6667
2025-01-15 11:28:56,126 - INFO - Epoch [7/100], Train Accuracy: 0.9958, Val Accuracy: 0.7333
2025-01-15 11:28:56,137 - INFO - Epoch [8/100], Train Accuracy: 1.0000, Val Accuracy: 0.7167
2025-01-15 11:28:56,138 - INFO - Fold 1 Validation Accuracy: 0.7167
2025-01-15 11:28:56,139 - INFO - Training for fold 2/5
2025-01-15 11:28:56,153 - INFO - Epoch [1/100], Train Accuracy: 0.3292, Val Accuracy: 0.3000
2025-01-15 11:28:56,166 - INFO - Epoch [2/100], Train Accuracy: 0.3417, Val Accuracy: 0.3000
2025-01-15 11:28:56,179 - INFO - Epoch [3/100], Train Accuracy: 0.4583, Val Accuracy: 0.3333
2025-01-15 11:28:56,195 - INFO - Epoch [4/100], Train Accuracy: 0.7792, Val Accuracy: 0.5000
2025-01-15 11:28:56,212 - INFO - Epoch [5/100], Train Accuracy: 0.9708, Val Accuracy: 0.5667
2025-01-15 11:28:56,223 - INFO - Epoch [6/100], Train Accuracy: 0.9958, Val Accuracy: 0.7167
2025-01-15 11:28:56,234 - INFO - Epoch [7/100], Train Accuracy: 0.9958, Val Accuracy: 0.7000
2025-01-15 11:28:56,235 - INFO - Fold 2 Validation Accuracy: 0.7000
2025-01-15 11:28:56,235 - INFO - Training for fold 3/5
2025-01-15 11:28:56,248 - INFO - Epoch [1/100], Train Accuracy: 0.3250, Val Accuracy: 0.2833
2025-01-15 11:28:56,260 - INFO - Epoch [2/100], Train Accuracy: 0.3542, Val Accuracy: 0.3000
2025-01-15 11:28:56,271 - INFO - Epoch [3/100], Train Accuracy: 0.7417, Val Accuracy: 0.6333
2025-01-15 11:28:56,283 - INFO - Epoch [4/100], Train Accuracy: 0.9875, Val Accuracy: 0.7833
2025-01-15 11:28:56,294 - INFO - Epoch [5/100], Train Accuracy: 0.9833, Val Accuracy: 0.7667
2025-01-15 11:28:56,306 - INFO - Epoch [6/100], Train Accuracy: 0.9875, Val Accuracy: 0.7500
2025-01-15 11:28:56,317 - INFO - Epoch [7/100], Train Accuracy: 0.9833, Val Accuracy: 0.7667
2025-01-15 11:28:56,330 - INFO - Epoch [8/100], Train Accuracy: 0.9917, Val Accuracy: 0.7667
2025-01-15 11:28:56,331 - INFO - Fold 3 Validation Accuracy: 0.7667
2025-01-15 11:28:56,332 - INFO - Training for fold 4/5
2025-01-15 11:28:56,349 - INFO - Epoch [1/100], Train Accuracy: 0.3792, Val Accuracy: 0.5167
2025-01-15 11:28:56,363 - INFO - Epoch [2/100], Train Accuracy: 0.6000, Val Accuracy: 0.5167
2025-01-15 11:28:56,375 - INFO - Epoch [3/100], Train Accuracy: 0.6750, Val Accuracy: 0.5167
2025-01-15 11:28:56,387 - INFO - Epoch [4/100], Train Accuracy: 0.7333, Val Accuracy: 0.5167
2025-01-15 11:28:56,399 - INFO - Epoch [5/100], Train Accuracy: 0.8792, Val Accuracy: 0.5667
2025-01-15 11:28:56,411 - INFO - Epoch [6/100], Train Accuracy: 0.9667, Val Accuracy: 0.6333
2025-01-15 11:28:56,422 - INFO - Epoch [7/100], Train Accuracy: 0.9875, Val Accuracy: 0.6667
2025-01-15 11:28:56,433 - INFO - Epoch [8/100], Train Accuracy: 0.9875, Val Accuracy: 0.7333
2025-01-15 11:28:56,445 - INFO - Epoch [9/100], Train Accuracy: 0.9958, Val Accuracy: 0.7167
2025-01-15 11:28:56,446 - INFO - Fold 4 Validation Accuracy: 0.7167
2025-01-15 11:28:56,446 - INFO - Training for fold 5/5
2025-01-15 11:28:56,468 - INFO - Epoch [1/100], Train Accuracy: 0.3125, Val Accuracy: 0.4667
2025-01-15 11:28:56,483 - INFO - Epoch [2/100], Train Accuracy: 0.5833, Val Accuracy: 0.6667
2025-01-15 11:28:56,495 - INFO - Epoch [3/100], Train Accuracy: 0.9333, Val Accuracy: 0.8000
2025-01-15 11:28:56,508 - INFO - Epoch [4/100], Train Accuracy: 0.9958, Val Accuracy: 0.8167
2025-01-15 11:28:56,520 - INFO - Epoch [5/100], Train Accuracy: 1.0000, Val Accuracy: 0.8000
2025-01-15 11:28:56,521 - INFO - Fold 5 Validation Accuracy: 0.8000
2025-01-15 11:28:56,521 - INFO - Average Validation Accuracy (Over 5 folds): 0.7400 

2025-01-15 11:28:56,539 - INFO - Training with Vectorized Data 2000 features. Dropout Rate 0.99. Dataset Size 300. 128 neurons.
2025-01-15 11:28:56,540 - INFO - Training for fold 1/5
2025-01-15 11:28:56,555 - INFO - Epoch [1/100], Train Accuracy: 0.3417, Val Accuracy: 0.2833
2025-01-15 11:28:56,568 - INFO - Epoch [2/100], Train Accuracy: 0.3458, Val Accuracy: 0.2833
2025-01-15 11:28:56,581 - INFO - Epoch [3/100], Train Accuracy: 0.3458, Val Accuracy: 0.2833
2025-01-15 11:28:56,592 - INFO - Epoch [4/100], Train Accuracy: 0.5167, Val Accuracy: 0.3333
2025-01-15 11:28:56,603 - INFO - Epoch [5/100], Train Accuracy: 0.8083, Val Accuracy: 0.5000
2025-01-15 11:28:56,615 - INFO - Epoch [6/100], Train Accuracy: 0.9792, Val Accuracy: 0.6500
2025-01-15 11:28:56,628 - INFO - Epoch [7/100], Train Accuracy: 1.0000, Val Accuracy: 0.7167
2025-01-15 11:28:56,630 - INFO - Fold 1 Validation Accuracy: 0.7167
2025-01-15 11:28:56,630 - INFO - Training for fold 2/5
2025-01-15 11:28:56,645 - INFO - Epoch [1/100], Train Accuracy: 0.3125, Val Accuracy: 0.5000
2025-01-15 11:28:56,657 - INFO - Epoch [2/100], Train Accuracy: 0.4250, Val Accuracy: 0.4333
2025-01-15 11:28:56,670 - INFO - Epoch [3/100], Train Accuracy: 0.6542, Val Accuracy: 0.2667
2025-01-15 11:28:56,682 - INFO - Epoch [4/100], Train Accuracy: 0.7792, Val Accuracy: 0.3167
2025-01-15 11:28:56,694 - INFO - Epoch [5/100], Train Accuracy: 0.9250, Val Accuracy: 0.4000
2025-01-15 11:28:56,706 - INFO - Epoch [6/100], Train Accuracy: 0.9625, Val Accuracy: 0.4500
2025-01-15 11:28:56,720 - INFO - Epoch [7/100], Train Accuracy: 0.9750, Val Accuracy: 0.4333
2025-01-15 11:28:56,732 - INFO - Epoch [8/100], Train Accuracy: 0.9792, Val Accuracy: 0.5333
2025-01-15 11:28:56,745 - INFO - Epoch [9/100], Train Accuracy: 0.9917, Val Accuracy: 0.6000
2025-01-15 11:28:56,756 - INFO - Epoch [10/100], Train Accuracy: 1.0000, Val Accuracy: 0.6333
2025-01-15 11:28:56,758 - INFO - Fold 2 Validation Accuracy: 0.6333
2025-01-15 11:28:56,758 - INFO - Training for fold 3/5
2025-01-15 11:28:56,772 - INFO - Epoch [1/100], Train Accuracy: 0.3417, Val Accuracy: 0.3833
2025-01-15 11:28:56,784 - INFO - Epoch [2/100], Train Accuracy: 0.4292, Val Accuracy: 0.5667
2025-01-15 11:28:56,797 - INFO - Epoch [3/100], Train Accuracy: 0.8000, Val Accuracy: 0.6333
2025-01-15 11:28:56,809 - INFO - Epoch [4/100], Train Accuracy: 0.9750, Val Accuracy: 0.7500
2025-01-15 11:28:56,822 - INFO - Epoch [5/100], Train Accuracy: 0.9917, Val Accuracy: 0.7833
2025-01-15 11:28:56,834 - INFO - Epoch [6/100], Train Accuracy: 0.9958, Val Accuracy: 0.8000
2025-01-15 11:28:56,848 - INFO - Epoch [7/100], Train Accuracy: 0.9958, Val Accuracy: 0.8000
2025-01-15 11:28:56,860 - INFO - Epoch [8/100], Train Accuracy: 1.0000, Val Accuracy: 0.8000
2025-01-15 11:28:56,862 - INFO - Fold 3 Validation Accuracy: 0.8000
2025-01-15 11:28:56,862 - INFO - Training for fold 4/5
2025-01-15 11:28:56,876 - INFO - Epoch [1/100], Train Accuracy: 0.3167, Val Accuracy: 0.3333
2025-01-15 11:28:56,890 - INFO - Epoch [2/100], Train Accuracy: 0.3875, Val Accuracy: 0.6167
2025-01-15 11:28:56,903 - INFO - Epoch [3/100], Train Accuracy: 0.9458, Val Accuracy: 0.7333
2025-01-15 11:28:56,915 - INFO - Epoch [4/100], Train Accuracy: 0.9958, Val Accuracy: 0.7833
2025-01-15 11:28:56,925 - INFO - Epoch [5/100], Train Accuracy: 1.0000, Val Accuracy: 0.8000
2025-01-15 11:28:56,927 - INFO - Fold 4 Validation Accuracy: 0.8000
2025-01-15 11:28:56,927 - INFO - Training for fold 5/5
2025-01-15 11:28:56,942 - INFO - Epoch [1/100], Train Accuracy: 0.3208, Val Accuracy: 0.3667
2025-01-15 11:28:56,953 - INFO - Epoch [2/100], Train Accuracy: 0.3250, Val Accuracy: 0.3667
2025-01-15 11:28:56,964 - INFO - Epoch [3/100], Train Accuracy: 0.3250, Val Accuracy: 0.3667
2025-01-15 11:28:56,976 - INFO - Epoch [4/100], Train Accuracy: 0.5125, Val Accuracy: 0.5833
2025-01-15 11:28:56,990 - INFO - Epoch [5/100], Train Accuracy: 0.9375, Val Accuracy: 0.7667
2025-01-15 11:28:57,003 - INFO - Epoch [6/100], Train Accuracy: 0.9917, Val Accuracy: 0.8333
2025-01-15 11:28:57,016 - INFO - Epoch [7/100], Train Accuracy: 0.9958, Val Accuracy: 0.8500
2025-01-15 11:28:57,027 - INFO - Epoch [8/100], Train Accuracy: 1.0000, Val Accuracy: 0.8333
2025-01-15 11:28:57,029 - INFO - Fold 5 Validation Accuracy: 0.8333
2025-01-15 11:28:57,029 - INFO - Average Validation Accuracy (Over 5 folds): 0.7567 

