2025-01-15 11:22:41,195 - INFO - Training with Vectorized Data 2000 features. Dropout Rate 0.70. Dataset Size 240. 128 neurons.
2025-01-15 11:22:41,196 - INFO - Training for fold 1/5
2025-01-15 11:22:43,647 - INFO - Epoch [1/100], Train Accuracy: 0.4115, Val Accuracy: 0.3958
2025-01-15 11:22:43,663 - INFO - Epoch [2/100], Train Accuracy: 0.8177, Val Accuracy: 0.6458
2025-01-15 11:22:43,678 - INFO - Epoch [3/100], Train Accuracy: 0.9948, Val Accuracy: 0.7292
2025-01-15 11:22:43,688 - INFO - Epoch [4/100], Train Accuracy: 0.9948, Val Accuracy: 0.7292
2025-01-15 11:22:43,699 - INFO - Epoch [5/100], Train Accuracy: 0.9948, Val Accuracy: 0.7500
2025-01-15 11:22:43,709 - INFO - Epoch [6/100], Train Accuracy: 1.0000, Val Accuracy: 0.7292
2025-01-15 11:22:43,711 - INFO - Fold 1 Validation Accuracy: 0.7292
2025-01-15 11:22:43,711 - INFO - Training for fold 2/5
2025-01-15 11:22:43,723 - INFO - Epoch [1/100], Train Accuracy: 0.3333, Val Accuracy: 0.3333
2025-01-15 11:22:43,733 - INFO - Epoch [2/100], Train Accuracy: 0.3333, Val Accuracy: 0.3333
2025-01-15 11:22:43,744 - INFO - Epoch [3/100], Train Accuracy: 0.3854, Val Accuracy: 0.3542
2025-01-15 11:22:43,758 - INFO - Epoch [4/100], Train Accuracy: 0.5990, Val Accuracy: 0.4375
2025-01-15 11:22:43,766 - INFO - Epoch [5/100], Train Accuracy: 0.7917, Val Accuracy: 0.5208
2025-01-15 11:22:43,775 - INFO - Epoch [6/100], Train Accuracy: 0.9375, Val Accuracy: 0.5625
2025-01-15 11:22:43,784 - INFO - Epoch [7/100], Train Accuracy: 0.9844, Val Accuracy: 0.6667
2025-01-15 11:22:43,793 - INFO - Epoch [8/100], Train Accuracy: 1.0000, Val Accuracy: 0.7083
2025-01-15 11:22:43,794 - INFO - Fold 2 Validation Accuracy: 0.7083
2025-01-15 11:22:43,794 - INFO - Training for fold 3/5
2025-01-15 11:22:43,805 - INFO - Epoch [1/100], Train Accuracy: 0.3385, Val Accuracy: 0.3125
2025-01-15 11:22:43,818 - INFO - Epoch [2/100], Train Accuracy: 0.3385, Val Accuracy: 0.3125
2025-01-15 11:22:43,830 - INFO - Epoch [3/100], Train Accuracy: 0.4844, Val Accuracy: 0.3333
2025-01-15 11:22:43,839 - INFO - Epoch [4/100], Train Accuracy: 0.7865, Val Accuracy: 0.4375
2025-01-15 11:22:43,850 - INFO - Epoch [5/100], Train Accuracy: 0.9792, Val Accuracy: 0.5833
2025-01-15 11:22:43,861 - INFO - Epoch [6/100], Train Accuracy: 1.0000, Val Accuracy: 0.6458
2025-01-15 11:22:43,862 - INFO - Fold 3 Validation Accuracy: 0.6458
2025-01-15 11:22:43,862 - INFO - Training for fold 4/5
2025-01-15 11:22:43,877 - INFO - Epoch [1/100], Train Accuracy: 0.3385, Val Accuracy: 0.3125
2025-01-15 11:22:43,887 - INFO - Epoch [2/100], Train Accuracy: 0.3385, Val Accuracy: 0.3125
2025-01-15 11:22:43,900 - INFO - Epoch [3/100], Train Accuracy: 0.4844, Val Accuracy: 0.4167
2025-01-15 11:22:43,910 - INFO - Epoch [4/100], Train Accuracy: 0.7917, Val Accuracy: 0.5625
2025-01-15 11:22:43,922 - INFO - Epoch [5/100], Train Accuracy: 0.9844, Val Accuracy: 0.7500
2025-01-15 11:22:43,932 - INFO - Epoch [6/100], Train Accuracy: 1.0000, Val Accuracy: 0.7500
2025-01-15 11:22:43,933 - INFO - Fold 4 Validation Accuracy: 0.7500
2025-01-15 11:22:43,934 - INFO - Training for fold 5/5
2025-01-15 11:22:43,946 - INFO - Epoch [1/100], Train Accuracy: 0.3385, Val Accuracy: 0.3125
2025-01-15 11:22:43,957 - INFO - Epoch [2/100], Train Accuracy: 0.3385, Val Accuracy: 0.3125
2025-01-15 11:22:43,967 - INFO - Epoch [3/100], Train Accuracy: 0.3385, Val Accuracy: 0.3125
2025-01-15 11:22:43,978 - INFO - Epoch [4/100], Train Accuracy: 0.5104, Val Accuracy: 0.3750
2025-01-15 11:22:43,989 - INFO - Epoch [5/100], Train Accuracy: 0.8177, Val Accuracy: 0.5417
2025-01-15 11:22:43,999 - INFO - Epoch [6/100], Train Accuracy: 0.9427, Val Accuracy: 0.6250
2025-01-15 11:22:44,011 - INFO - Epoch [7/100], Train Accuracy: 0.9792, Val Accuracy: 0.6042
2025-01-15 11:22:44,022 - INFO - Epoch [8/100], Train Accuracy: 0.9948, Val Accuracy: 0.6875
2025-01-15 11:22:44,033 - INFO - Epoch [9/100], Train Accuracy: 1.0000, Val Accuracy: 0.6875
2025-01-15 11:22:44,035 - INFO - Fold 5 Validation Accuracy: 0.6875
2025-01-15 11:22:44,035 - INFO - Average Validation Accuracy (Over 5 folds): 0.7042 

2025-01-15 11:22:44,094 - INFO - Training with Vectorized Data 2000 features. Dropout Rate 0.70. Dataset Size 480. 128 neurons.
2025-01-15 11:22:44,095 - INFO - Training for fold 1/5
2025-01-15 11:22:44,123 - INFO - Epoch [1/100], Train Accuracy: 0.3594, Val Accuracy: 0.3021
2025-01-15 11:22:44,149 - INFO - Epoch [2/100], Train Accuracy: 0.4219, Val Accuracy: 0.4167
2025-01-15 11:22:44,170 - INFO - Epoch [3/100], Train Accuracy: 0.7630, Val Accuracy: 0.5625
2025-01-15 11:22:44,192 - INFO - Epoch [4/100], Train Accuracy: 0.9349, Val Accuracy: 0.7292
2025-01-15 11:22:44,212 - INFO - Epoch [5/100], Train Accuracy: 0.9766, Val Accuracy: 0.7708
2025-01-15 11:22:44,228 - INFO - Epoch [6/100], Train Accuracy: 0.9948, Val Accuracy: 0.7917
2025-01-15 11:22:44,245 - INFO - Epoch [7/100], Train Accuracy: 0.9948, Val Accuracy: 0.8125
2025-01-15 11:22:44,263 - INFO - Epoch [8/100], Train Accuracy: 0.9948, Val Accuracy: 0.8229
2025-01-15 11:22:44,281 - INFO - Epoch [9/100], Train Accuracy: 0.9974, Val Accuracy: 0.8125
2025-01-15 11:22:44,283 - INFO - Fold 1 Validation Accuracy: 0.8125
2025-01-15 11:22:44,283 - INFO - Training for fold 2/5
2025-01-15 11:22:44,303 - INFO - Epoch [1/100], Train Accuracy: 0.3411, Val Accuracy: 0.3021
2025-01-15 11:22:44,333 - INFO - Epoch [2/100], Train Accuracy: 0.3594, Val Accuracy: 0.3333
2025-01-15 11:22:44,359 - INFO - Epoch [3/100], Train Accuracy: 0.6380, Val Accuracy: 0.4583
2025-01-15 11:22:44,382 - INFO - Epoch [4/100], Train Accuracy: 0.8854, Val Accuracy: 0.6458
2025-01-15 11:22:44,404 - INFO - Epoch [5/100], Train Accuracy: 0.9531, Val Accuracy: 0.7708
2025-01-15 11:22:44,428 - INFO - Epoch [6/100], Train Accuracy: 0.9844, Val Accuracy: 0.8125
2025-01-15 11:22:44,452 - INFO - Epoch [7/100], Train Accuracy: 0.9896, Val Accuracy: 0.8125
2025-01-15 11:22:44,471 - INFO - Epoch [8/100], Train Accuracy: 0.9974, Val Accuracy: 0.8229
2025-01-15 11:22:44,491 - INFO - Epoch [9/100], Train Accuracy: 0.9974, Val Accuracy: 0.8438
2025-01-15 11:22:44,513 - INFO - Epoch [10/100], Train Accuracy: 0.9974, Val Accuracy: 0.8333
2025-01-15 11:22:44,516 - INFO - Fold 2 Validation Accuracy: 0.8333
2025-01-15 11:22:44,516 - INFO - Training for fold 3/5
2025-01-15 11:22:44,541 - INFO - Epoch [1/100], Train Accuracy: 0.3411, Val Accuracy: 0.3021
2025-01-15 11:22:44,563 - INFO - Epoch [2/100], Train Accuracy: 0.3438, Val Accuracy: 0.3021
2025-01-15 11:22:44,585 - INFO - Epoch [3/100], Train Accuracy: 0.5885, Val Accuracy: 0.7083
2025-01-15 11:22:44,607 - INFO - Epoch [4/100], Train Accuracy: 0.9505, Val Accuracy: 0.8021
2025-01-15 11:22:44,627 - INFO - Epoch [5/100], Train Accuracy: 0.9792, Val Accuracy: 0.8438
2025-01-15 11:22:44,650 - INFO - Epoch [6/100], Train Accuracy: 0.9922, Val Accuracy: 0.8438
2025-01-15 11:22:44,672 - INFO - Epoch [7/100], Train Accuracy: 0.9922, Val Accuracy: 0.8438
2025-01-15 11:22:44,695 - INFO - Epoch [8/100], Train Accuracy: 0.9948, Val Accuracy: 0.8438
2025-01-15 11:22:44,716 - INFO - Epoch [9/100], Train Accuracy: 0.9948, Val Accuracy: 0.8333
2025-01-15 11:22:44,718 - INFO - Fold 3 Validation Accuracy: 0.8333
2025-01-15 11:22:44,718 - INFO - Training for fold 4/5
2025-01-15 11:22:44,738 - INFO - Epoch [1/100], Train Accuracy: 0.3411, Val Accuracy: 0.3021
2025-01-15 11:22:44,759 - INFO - Epoch [2/100], Train Accuracy: 0.3411, Val Accuracy: 0.3021
2025-01-15 11:22:44,782 - INFO - Epoch [3/100], Train Accuracy: 0.4583, Val Accuracy: 0.5000
2025-01-15 11:22:44,803 - INFO - Epoch [4/100], Train Accuracy: 0.8464, Val Accuracy: 0.6667
2025-01-15 11:22:44,822 - INFO - Epoch [5/100], Train Accuracy: 0.9557, Val Accuracy: 0.8229
2025-01-15 11:22:44,843 - INFO - Epoch [6/100], Train Accuracy: 0.9818, Val Accuracy: 0.8438
2025-01-15 11:22:44,865 - INFO - Epoch [7/100], Train Accuracy: 0.9896, Val Accuracy: 0.8958
2025-01-15 11:22:44,886 - INFO - Epoch [8/100], Train Accuracy: 0.9922, Val Accuracy: 0.8750
2025-01-15 11:22:44,888 - INFO - Fold 4 Validation Accuracy: 0.8750
2025-01-15 11:22:44,888 - INFO - Training for fold 5/5
2025-01-15 11:22:44,913 - INFO - Epoch [1/100], Train Accuracy: 0.3385, Val Accuracy: 0.3438
2025-01-15 11:22:44,937 - INFO - Epoch [2/100], Train Accuracy: 0.4661, Val Accuracy: 0.5208
2025-01-15 11:22:44,957 - INFO - Epoch [3/100], Train Accuracy: 0.7865, Val Accuracy: 0.7500
2025-01-15 11:22:44,977 - INFO - Epoch [4/100], Train Accuracy: 0.9714, Val Accuracy: 0.8333
2025-01-15 11:22:44,999 - INFO - Epoch [5/100], Train Accuracy: 0.9896, Val Accuracy: 0.8542
2025-01-15 11:22:45,020 - INFO - Epoch [6/100], Train Accuracy: 0.9922, Val Accuracy: 0.8854
2025-01-15 11:22:45,040 - INFO - Epoch [7/100], Train Accuracy: 0.9922, Val Accuracy: 0.8854
2025-01-15 11:22:45,062 - INFO - Epoch [8/100], Train Accuracy: 0.9948, Val Accuracy: 0.8958
2025-01-15 11:22:45,087 - INFO - Epoch [9/100], Train Accuracy: 1.0000, Val Accuracy: 0.8854
2025-01-15 11:22:45,090 - INFO - Fold 5 Validation Accuracy: 0.8854
2025-01-15 11:22:45,091 - INFO - Average Validation Accuracy (Over 5 folds): 0.8479 

2025-01-15 11:22:45,162 - INFO - Training with Vectorized Data 2000 features. Dropout Rate 0.70. Dataset Size 720. 128 neurons.
2025-01-15 11:22:45,162 - INFO - Training for fold 1/5
2025-01-15 11:22:45,191 - INFO - Epoch [1/100], Train Accuracy: 0.4583, Val Accuracy: 0.6181
2025-01-15 11:22:45,224 - INFO - Epoch [2/100], Train Accuracy: 0.8681, Val Accuracy: 0.7222
2025-01-15 11:22:45,257 - INFO - Epoch [3/100], Train Accuracy: 0.9444, Val Accuracy: 0.7847
2025-01-15 11:22:45,289 - INFO - Epoch [4/100], Train Accuracy: 0.9531, Val Accuracy: 0.7708
2025-01-15 11:22:45,319 - INFO - Epoch [5/100], Train Accuracy: 0.9757, Val Accuracy: 0.7500
2025-01-15 11:22:45,350 - INFO - Epoch [6/100], Train Accuracy: 0.9826, Val Accuracy: 0.7778
2025-01-15 11:22:45,378 - INFO - Epoch [7/100], Train Accuracy: 0.9861, Val Accuracy: 0.7847
2025-01-15 11:22:45,411 - INFO - Epoch [8/100], Train Accuracy: 0.9913, Val Accuracy: 0.7847
2025-01-15 11:22:45,439 - INFO - Epoch [9/100], Train Accuracy: 0.9931, Val Accuracy: 0.7917
2025-01-15 11:22:45,470 - INFO - Epoch [10/100], Train Accuracy: 0.9965, Val Accuracy: 0.7917
2025-01-15 11:22:45,501 - INFO - Epoch [11/100], Train Accuracy: 1.0000, Val Accuracy: 0.7917
2025-01-15 11:22:45,504 - INFO - Fold 1 Validation Accuracy: 0.7917
2025-01-15 11:22:45,504 - INFO - Training for fold 2/5
2025-01-15 11:22:45,538 - INFO - Epoch [1/100], Train Accuracy: 0.3524, Val Accuracy: 0.3333
2025-01-15 11:22:45,567 - INFO - Epoch [2/100], Train Accuracy: 0.5382, Val Accuracy: 0.6597
2025-01-15 11:22:45,599 - INFO - Epoch [3/100], Train Accuracy: 0.9132, Val Accuracy: 0.7986
2025-01-15 11:22:45,636 - INFO - Epoch [4/100], Train Accuracy: 0.9618, Val Accuracy: 0.8333
2025-01-15 11:22:45,667 - INFO - Epoch [5/100], Train Accuracy: 0.9792, Val Accuracy: 0.8333
2025-01-15 11:22:45,700 - INFO - Epoch [6/100], Train Accuracy: 0.9826, Val Accuracy: 0.8472
2025-01-15 11:22:45,733 - INFO - Epoch [7/100], Train Accuracy: 0.9931, Val Accuracy: 0.8681
2025-01-15 11:22:45,766 - INFO - Epoch [8/100], Train Accuracy: 0.9948, Val Accuracy: 0.8611
2025-01-15 11:22:45,769 - INFO - Fold 2 Validation Accuracy: 0.8611
2025-01-15 11:22:45,769 - INFO - Training for fold 3/5
2025-01-15 11:22:45,807 - INFO - Epoch [1/100], Train Accuracy: 0.3524, Val Accuracy: 0.4444
2025-01-15 11:22:45,837 - INFO - Epoch [2/100], Train Accuracy: 0.6892, Val Accuracy: 0.8611
2025-01-15 11:22:45,869 - INFO - Epoch [3/100], Train Accuracy: 0.9184, Val Accuracy: 0.8472
2025-01-15 11:22:45,899 - INFO - Epoch [4/100], Train Accuracy: 0.9670, Val Accuracy: 0.8333
2025-01-15 11:22:45,927 - INFO - Epoch [5/100], Train Accuracy: 0.9792, Val Accuracy: 0.8264
2025-01-15 11:22:45,958 - INFO - Epoch [6/100], Train Accuracy: 0.9844, Val Accuracy: 0.8125
2025-01-15 11:22:45,988 - INFO - Epoch [7/100], Train Accuracy: 0.9878, Val Accuracy: 0.7986
2025-01-15 11:22:46,018 - INFO - Epoch [8/100], Train Accuracy: 0.9948, Val Accuracy: 0.7986
2025-01-15 11:22:46,021 - INFO - Fold 3 Validation Accuracy: 0.7986
2025-01-15 11:22:46,022 - INFO - Training for fold 4/5
2025-01-15 11:22:46,055 - INFO - Epoch [1/100], Train Accuracy: 0.4236, Val Accuracy: 0.5278
2025-01-15 11:22:46,087 - INFO - Epoch [2/100], Train Accuracy: 0.6667, Val Accuracy: 0.5764
2025-01-15 11:22:46,119 - INFO - Epoch [3/100], Train Accuracy: 0.7569, Val Accuracy: 0.6528
2025-01-15 11:22:46,152 - INFO - Epoch [4/100], Train Accuracy: 0.8733, Val Accuracy: 0.7431
2025-01-15 11:22:46,183 - INFO - Epoch [5/100], Train Accuracy: 0.9410, Val Accuracy: 0.8403
2025-01-15 11:22:46,213 - INFO - Epoch [6/100], Train Accuracy: 0.9688, Val Accuracy: 0.8403
2025-01-15 11:22:46,245 - INFO - Epoch [7/100], Train Accuracy: 0.9878, Val Accuracy: 0.8403
2025-01-15 11:22:46,274 - INFO - Epoch [8/100], Train Accuracy: 0.9948, Val Accuracy: 0.8472
2025-01-15 11:22:46,302 - INFO - Epoch [9/100], Train Accuracy: 0.9948, Val Accuracy: 0.8542
2025-01-15 11:22:46,335 - INFO - Epoch [10/100], Train Accuracy: 0.9983, Val Accuracy: 0.8542
2025-01-15 11:22:46,363 - INFO - Epoch [11/100], Train Accuracy: 1.0000, Val Accuracy: 0.8472
2025-01-15 11:22:46,366 - INFO - Fold 4 Validation Accuracy: 0.8472
2025-01-15 11:22:46,366 - INFO - Training for fold 5/5
2025-01-15 11:22:46,401 - INFO - Epoch [1/100], Train Accuracy: 0.3455, Val Accuracy: 0.2847
2025-01-15 11:22:46,435 - INFO - Epoch [2/100], Train Accuracy: 0.4097, Val Accuracy: 0.4653
2025-01-15 11:22:46,467 - INFO - Epoch [3/100], Train Accuracy: 0.7986, Val Accuracy: 0.7778
2025-01-15 11:22:46,498 - INFO - Epoch [4/100], Train Accuracy: 0.9358, Val Accuracy: 0.8056
2025-01-15 11:22:46,529 - INFO - Epoch [5/100], Train Accuracy: 0.9601, Val Accuracy: 0.8403
2025-01-15 11:22:46,559 - INFO - Epoch [6/100], Train Accuracy: 0.9670, Val Accuracy: 0.8611
2025-01-15 11:22:46,589 - INFO - Epoch [7/100], Train Accuracy: 0.9861, Val Accuracy: 0.8681
2025-01-15 11:22:46,619 - INFO - Epoch [8/100], Train Accuracy: 0.9878, Val Accuracy: 0.8681
2025-01-15 11:22:46,649 - INFO - Epoch [9/100], Train Accuracy: 0.9948, Val Accuracy: 0.8819
2025-01-15 11:22:46,681 - INFO - Epoch [10/100], Train Accuracy: 0.9965, Val Accuracy: 0.8819
2025-01-15 11:22:46,710 - INFO - Epoch [11/100], Train Accuracy: 0.9983, Val Accuracy: 0.8819
2025-01-15 11:22:46,739 - INFO - Epoch [12/100], Train Accuracy: 0.9983, Val Accuracy: 0.8889
2025-01-15 11:22:46,768 - INFO - Epoch [13/100], Train Accuracy: 1.0000, Val Accuracy: 0.8958
2025-01-15 11:22:46,772 - INFO - Fold 5 Validation Accuracy: 0.8958
2025-01-15 11:22:46,772 - INFO - Average Validation Accuracy (Over 5 folds): 0.8389 

2025-01-15 11:22:46,849 - INFO - Training with Vectorized Data 2000 features. Dropout Rate 0.70. Dataset Size 960. 128 neurons.
2025-01-15 11:22:46,850 - INFO - Training for fold 1/5
2025-01-15 11:22:46,897 - INFO - Epoch [1/100], Train Accuracy: 0.3607, Val Accuracy: 0.4115
2025-01-15 11:22:46,936 - INFO - Epoch [2/100], Train Accuracy: 0.6211, Val Accuracy: 0.7396
2025-01-15 11:22:46,970 - INFO - Epoch [3/100], Train Accuracy: 0.9062, Val Accuracy: 0.8333
2025-01-15 11:22:47,004 - INFO - Epoch [4/100], Train Accuracy: 0.9570, Val Accuracy: 0.8490
2025-01-15 11:22:47,045 - INFO - Epoch [5/100], Train Accuracy: 0.9779, Val Accuracy: 0.8646
2025-01-15 11:22:47,080 - INFO - Epoch [6/100], Train Accuracy: 0.9844, Val Accuracy: 0.8750
2025-01-15 11:22:47,119 - INFO - Epoch [7/100], Train Accuracy: 0.9896, Val Accuracy: 0.8750
2025-01-15 11:22:47,156 - INFO - Epoch [8/100], Train Accuracy: 0.9961, Val Accuracy: 0.8854
2025-01-15 11:22:47,194 - INFO - Epoch [9/100], Train Accuracy: 0.9987, Val Accuracy: 0.8698
2025-01-15 11:22:47,198 - INFO - Fold 1 Validation Accuracy: 0.8698
2025-01-15 11:22:47,198 - INFO - Training for fold 2/5
2025-01-15 11:22:47,240 - INFO - Epoch [1/100], Train Accuracy: 0.3984, Val Accuracy: 0.5417
2025-01-15 11:22:47,280 - INFO - Epoch [2/100], Train Accuracy: 0.7331, Val Accuracy: 0.8333
2025-01-15 11:22:47,319 - INFO - Epoch [3/100], Train Accuracy: 0.9648, Val Accuracy: 0.8333
2025-01-15 11:22:47,353 - INFO - Epoch [4/100], Train Accuracy: 0.9714, Val Accuracy: 0.8229
2025-01-15 11:22:47,386 - INFO - Epoch [5/100], Train Accuracy: 0.9792, Val Accuracy: 0.8281
2025-01-15 11:22:47,419 - INFO - Epoch [6/100], Train Accuracy: 0.9857, Val Accuracy: 0.8438
2025-01-15 11:22:47,455 - INFO - Epoch [7/100], Train Accuracy: 0.9896, Val Accuracy: 0.8542
2025-01-15 11:22:47,489 - INFO - Epoch [8/100], Train Accuracy: 0.9935, Val Accuracy: 0.8438
2025-01-15 11:22:47,493 - INFO - Fold 2 Validation Accuracy: 0.8438
2025-01-15 11:22:47,493 - INFO - Training for fold 3/5
2025-01-15 11:22:47,536 - INFO - Epoch [1/100], Train Accuracy: 0.4531, Val Accuracy: 0.5938
2025-01-15 11:22:47,577 - INFO - Epoch [2/100], Train Accuracy: 0.7057, Val Accuracy: 0.7708
2025-01-15 11:22:47,611 - INFO - Epoch [3/100], Train Accuracy: 0.9284, Val Accuracy: 0.8490
2025-01-15 11:22:47,646 - INFO - Epoch [4/100], Train Accuracy: 0.9518, Val Accuracy: 0.8542
2025-01-15 11:22:47,701 - INFO - Epoch [5/100], Train Accuracy: 0.9792, Val Accuracy: 0.8698
2025-01-15 11:22:47,738 - INFO - Epoch [6/100], Train Accuracy: 0.9870, Val Accuracy: 0.8646
2025-01-15 11:22:47,771 - INFO - Epoch [7/100], Train Accuracy: 0.9935, Val Accuracy: 0.8594
2025-01-15 11:22:47,775 - INFO - Fold 3 Validation Accuracy: 0.8594
2025-01-15 11:22:47,775 - INFO - Training for fold 4/5
2025-01-15 11:22:47,817 - INFO - Epoch [1/100], Train Accuracy: 0.3919, Val Accuracy: 0.3490
2025-01-15 11:22:47,863 - INFO - Epoch [2/100], Train Accuracy: 0.7201, Val Accuracy: 0.7344
2025-01-15 11:22:47,896 - INFO - Epoch [3/100], Train Accuracy: 0.9219, Val Accuracy: 0.8281
2025-01-15 11:22:47,931 - INFO - Epoch [4/100], Train Accuracy: 0.9661, Val Accuracy: 0.8698
2025-01-15 11:22:47,966 - INFO - Epoch [5/100], Train Accuracy: 0.9779, Val Accuracy: 0.8802
2025-01-15 11:22:48,006 - INFO - Epoch [6/100], Train Accuracy: 0.9831, Val Accuracy: 0.8854
2025-01-15 11:22:48,044 - INFO - Epoch [7/100], Train Accuracy: 0.9909, Val Accuracy: 0.8750
2025-01-15 11:22:48,049 - INFO - Fold 4 Validation Accuracy: 0.8750
2025-01-15 11:22:48,049 - INFO - Training for fold 5/5
2025-01-15 11:22:48,094 - INFO - Epoch [1/100], Train Accuracy: 0.3841, Val Accuracy: 0.5000
2025-01-15 11:22:48,130 - INFO - Epoch [2/100], Train Accuracy: 0.7852, Val Accuracy: 0.8750
2025-01-15 11:22:48,166 - INFO - Epoch [3/100], Train Accuracy: 0.9531, Val Accuracy: 0.8281
2025-01-15 11:22:48,200 - INFO - Epoch [4/100], Train Accuracy: 0.9583, Val Accuracy: 0.8594
2025-01-15 11:22:48,236 - INFO - Epoch [5/100], Train Accuracy: 0.9740, Val Accuracy: 0.8542
2025-01-15 11:22:48,271 - INFO - Epoch [6/100], Train Accuracy: 0.9818, Val Accuracy: 0.8594
2025-01-15 11:22:48,307 - INFO - Epoch [7/100], Train Accuracy: 0.9883, Val Accuracy: 0.8646
2025-01-15 11:22:48,342 - INFO - Epoch [8/100], Train Accuracy: 0.9922, Val Accuracy: 0.8646
2025-01-15 11:22:48,346 - INFO - Fold 5 Validation Accuracy: 0.8646
2025-01-15 11:22:48,346 - INFO - Average Validation Accuracy (Over 5 folds): 0.8625 

2025-01-15 11:22:48,456 - INFO - Training with Vectorized Data 2000 features. Dropout Rate 0.70. Dataset Size 1200. 128 neurons.
2025-01-15 11:22:48,456 - INFO - Training for fold 1/5
2025-01-15 11:22:48,511 - INFO - Epoch [1/100], Train Accuracy: 0.3906, Val Accuracy: 0.5000
2025-01-15 11:22:48,556 - INFO - Epoch [2/100], Train Accuracy: 0.7812, Val Accuracy: 0.8417
2025-01-15 11:22:48,603 - INFO - Epoch [3/100], Train Accuracy: 0.9344, Val Accuracy: 0.8833
2025-01-15 11:22:48,655 - INFO - Epoch [4/100], Train Accuracy: 0.9552, Val Accuracy: 0.8750
2025-01-15 11:22:48,703 - INFO - Epoch [5/100], Train Accuracy: 0.9750, Val Accuracy: 0.8708
2025-01-15 11:22:48,750 - INFO - Epoch [6/100], Train Accuracy: 0.9865, Val Accuracy: 0.8833
2025-01-15 11:22:48,797 - INFO - Epoch [7/100], Train Accuracy: 0.9938, Val Accuracy: 0.8875
2025-01-15 11:22:48,840 - INFO - Epoch [8/100], Train Accuracy: 0.9948, Val Accuracy: 0.8958
2025-01-15 11:22:48,886 - INFO - Epoch [9/100], Train Accuracy: 0.9969, Val Accuracy: 0.8917
2025-01-15 11:22:48,892 - INFO - Fold 1 Validation Accuracy: 0.8917
2025-01-15 11:22:48,892 - INFO - Training for fold 2/5
2025-01-15 11:22:48,946 - INFO - Epoch [1/100], Train Accuracy: 0.3854, Val Accuracy: 0.5708
2025-01-15 11:22:48,992 - INFO - Epoch [2/100], Train Accuracy: 0.8656, Val Accuracy: 0.8833
2025-01-15 11:22:49,039 - INFO - Epoch [3/100], Train Accuracy: 0.9344, Val Accuracy: 0.8833
2025-01-15 11:22:49,085 - INFO - Epoch [4/100], Train Accuracy: 0.9542, Val Accuracy: 0.8875
2025-01-15 11:22:49,130 - INFO - Epoch [5/100], Train Accuracy: 0.9729, Val Accuracy: 0.8958
2025-01-15 11:22:49,188 - INFO - Epoch [6/100], Train Accuracy: 0.9833, Val Accuracy: 0.9000
2025-01-15 11:22:49,233 - INFO - Epoch [7/100], Train Accuracy: 0.9938, Val Accuracy: 0.9125
2025-01-15 11:22:49,275 - INFO - Epoch [8/100], Train Accuracy: 0.9979, Val Accuracy: 0.9167
2025-01-15 11:22:49,327 - INFO - Epoch [9/100], Train Accuracy: 0.9990, Val Accuracy: 0.9125
2025-01-15 11:22:49,332 - INFO - Fold 2 Validation Accuracy: 0.9125
2025-01-15 11:22:49,333 - INFO - Training for fold 3/5
2025-01-15 11:22:49,384 - INFO - Epoch [1/100], Train Accuracy: 0.4750, Val Accuracy: 0.6250
2025-01-15 11:22:49,432 - INFO - Epoch [2/100], Train Accuracy: 0.8260, Val Accuracy: 0.8917
2025-01-15 11:22:49,476 - INFO - Epoch [3/100], Train Accuracy: 0.9479, Val Accuracy: 0.8917
2025-01-15 11:22:49,522 - INFO - Epoch [4/100], Train Accuracy: 0.9573, Val Accuracy: 0.8833
2025-01-15 11:22:49,570 - INFO - Epoch [5/100], Train Accuracy: 0.9708, Val Accuracy: 0.9042
2025-01-15 11:22:49,616 - INFO - Epoch [6/100], Train Accuracy: 0.9844, Val Accuracy: 0.9083
2025-01-15 11:22:49,660 - INFO - Epoch [7/100], Train Accuracy: 0.9927, Val Accuracy: 0.9042
2025-01-15 11:22:49,666 - INFO - Fold 3 Validation Accuracy: 0.9042
2025-01-15 11:22:49,666 - INFO - Training for fold 4/5
2025-01-15 11:22:49,720 - INFO - Epoch [1/100], Train Accuracy: 0.4813, Val Accuracy: 0.7292
2025-01-15 11:22:49,765 - INFO - Epoch [2/100], Train Accuracy: 0.8927, Val Accuracy: 0.8625
2025-01-15 11:22:49,809 - INFO - Epoch [3/100], Train Accuracy: 0.9552, Val Accuracy: 0.8667
2025-01-15 11:22:49,858 - INFO - Epoch [4/100], Train Accuracy: 0.9625, Val Accuracy: 0.8625
2025-01-15 11:22:49,904 - INFO - Epoch [5/100], Train Accuracy: 0.9771, Val Accuracy: 0.8792
2025-01-15 11:22:49,953 - INFO - Epoch [6/100], Train Accuracy: 0.9885, Val Accuracy: 0.8917
2025-01-15 11:22:49,997 - INFO - Epoch [7/100], Train Accuracy: 0.9958, Val Accuracy: 0.8833
2025-01-15 11:22:50,003 - INFO - Fold 4 Validation Accuracy: 0.8833
2025-01-15 11:22:50,003 - INFO - Training for fold 5/5
2025-01-15 11:22:50,055 - INFO - Epoch [1/100], Train Accuracy: 0.4604, Val Accuracy: 0.7833
2025-01-15 11:22:50,103 - INFO - Epoch [2/100], Train Accuracy: 0.9042, Val Accuracy: 0.8083
2025-01-15 11:22:50,148 - INFO - Epoch [3/100], Train Accuracy: 0.9250, Val Accuracy: 0.8083
2025-01-15 11:22:50,192 - INFO - Epoch [4/100], Train Accuracy: 0.9490, Val Accuracy: 0.8875
2025-01-15 11:22:50,235 - INFO - Epoch [5/100], Train Accuracy: 0.9760, Val Accuracy: 0.8958
2025-01-15 11:22:50,278 - INFO - Epoch [6/100], Train Accuracy: 0.9875, Val Accuracy: 0.8833
2025-01-15 11:22:50,322 - INFO - Epoch [7/100], Train Accuracy: 0.9958, Val Accuracy: 0.8875
2025-01-15 11:22:50,327 - INFO - Fold 5 Validation Accuracy: 0.8875
2025-01-15 11:22:50,328 - INFO - Average Validation Accuracy (Over 5 folds): 0.8958 

2025-01-15 11:22:50,429 - INFO - Training with Vectorized Data 2000 features. Dropout Rate 0.70. Dataset Size 1440. 128 neurons.
2025-01-15 11:22:50,430 - INFO - Training for fold 1/5
2025-01-15 11:22:50,501 - INFO - Epoch [1/100], Train Accuracy: 0.3481, Val Accuracy: 0.3542
2025-01-15 11:22:50,557 - INFO - Epoch [2/100], Train Accuracy: 0.7491, Val Accuracy: 0.8194
2025-01-15 11:22:50,611 - INFO - Epoch [3/100], Train Accuracy: 0.9175, Val Accuracy: 0.9062
2025-01-15 11:22:50,664 - INFO - Epoch [4/100], Train Accuracy: 0.9670, Val Accuracy: 0.9097
2025-01-15 11:22:50,716 - INFO - Epoch [5/100], Train Accuracy: 0.9844, Val Accuracy: 0.9132
2025-01-15 11:22:50,770 - INFO - Epoch [6/100], Train Accuracy: 0.9913, Val Accuracy: 0.9062
2025-01-15 11:22:50,777 - INFO - Fold 1 Validation Accuracy: 0.9062
2025-01-15 11:22:50,777 - INFO - Training for fold 2/5
2025-01-15 11:22:50,842 - INFO - Epoch [1/100], Train Accuracy: 0.4418, Val Accuracy: 0.6736
2025-01-15 11:22:50,896 - INFO - Epoch [2/100], Train Accuracy: 0.8689, Val Accuracy: 0.8542
2025-01-15 11:22:50,953 - INFO - Epoch [3/100], Train Accuracy: 0.9384, Val Accuracy: 0.8715
2025-01-15 11:22:51,013 - INFO - Epoch [4/100], Train Accuracy: 0.9688, Val Accuracy: 0.8854
2025-01-15 11:22:51,067 - INFO - Epoch [5/100], Train Accuracy: 0.9826, Val Accuracy: 0.9028
2025-01-15 11:22:51,122 - INFO - Epoch [6/100], Train Accuracy: 0.9896, Val Accuracy: 0.9097
2025-01-15 11:22:51,176 - INFO - Epoch [7/100], Train Accuracy: 0.9939, Val Accuracy: 0.9097
2025-01-15 11:22:51,236 - INFO - Epoch [8/100], Train Accuracy: 0.9948, Val Accuracy: 0.9167
2025-01-15 11:22:51,290 - INFO - Epoch [9/100], Train Accuracy: 0.9974, Val Accuracy: 0.9132
2025-01-15 11:22:51,297 - INFO - Fold 2 Validation Accuracy: 0.9132
2025-01-15 11:22:51,298 - INFO - Training for fold 3/5
2025-01-15 11:22:51,362 - INFO - Epoch [1/100], Train Accuracy: 0.5269, Val Accuracy: 0.7500
2025-01-15 11:22:51,417 - INFO - Epoch [2/100], Train Accuracy: 0.9062, Val Accuracy: 0.8681
2025-01-15 11:22:51,475 - INFO - Epoch [3/100], Train Accuracy: 0.9410, Val Accuracy: 0.8750
2025-01-15 11:22:51,530 - INFO - Epoch [4/100], Train Accuracy: 0.9731, Val Accuracy: 0.8889
2025-01-15 11:22:51,582 - INFO - Epoch [5/100], Train Accuracy: 0.9861, Val Accuracy: 0.8819
2025-01-15 11:22:51,645 - INFO - Epoch [6/100], Train Accuracy: 0.9948, Val Accuracy: 0.8889
2025-01-15 11:22:51,705 - INFO - Epoch [7/100], Train Accuracy: 0.9965, Val Accuracy: 0.8924
2025-01-15 11:22:51,767 - INFO - Epoch [8/100], Train Accuracy: 0.9965, Val Accuracy: 0.8924
2025-01-15 11:22:51,822 - INFO - Epoch [9/100], Train Accuracy: 0.9983, Val Accuracy: 0.8889
2025-01-15 11:22:51,828 - INFO - Fold 3 Validation Accuracy: 0.8889
2025-01-15 11:22:51,829 - INFO - Training for fold 4/5
2025-01-15 11:22:51,894 - INFO - Epoch [1/100], Train Accuracy: 0.4627, Val Accuracy: 0.7951
2025-01-15 11:22:51,948 - INFO - Epoch [2/100], Train Accuracy: 0.9236, Val Accuracy: 0.8854
2025-01-15 11:22:52,000 - INFO - Epoch [3/100], Train Accuracy: 0.9523, Val Accuracy: 0.8646
2025-01-15 11:22:52,063 - INFO - Epoch [4/100], Train Accuracy: 0.9670, Val Accuracy: 0.8681
2025-01-15 11:22:52,116 - INFO - Epoch [5/100], Train Accuracy: 0.9835, Val Accuracy: 0.8785
2025-01-15 11:22:52,172 - INFO - Epoch [6/100], Train Accuracy: 0.9931, Val Accuracy: 0.8785
2025-01-15 11:22:52,179 - INFO - Fold 4 Validation Accuracy: 0.8785
2025-01-15 11:22:52,179 - INFO - Training for fold 5/5
2025-01-15 11:22:52,250 - INFO - Epoch [1/100], Train Accuracy: 0.5252, Val Accuracy: 0.8681
2025-01-15 11:22:52,304 - INFO - Epoch [2/100], Train Accuracy: 0.9175, Val Accuracy: 0.8924
2025-01-15 11:22:52,369 - INFO - Epoch [3/100], Train Accuracy: 0.9514, Val Accuracy: 0.8958
2025-01-15 11:22:52,429 - INFO - Epoch [4/100], Train Accuracy: 0.9661, Val Accuracy: 0.8993
2025-01-15 11:22:52,489 - INFO - Epoch [5/100], Train Accuracy: 0.9844, Val Accuracy: 0.9028
2025-01-15 11:22:52,545 - INFO - Epoch [6/100], Train Accuracy: 0.9905, Val Accuracy: 0.9062
2025-01-15 11:22:52,624 - INFO - Epoch [7/100], Train Accuracy: 0.9939, Val Accuracy: 0.9028
2025-01-15 11:22:52,631 - INFO - Fold 5 Validation Accuracy: 0.9028
2025-01-15 11:22:52,631 - INFO - Average Validation Accuracy (Over 5 folds): 0.8979 

2025-01-15 11:22:52,740 - INFO - Training with Vectorized Data 2000 features. Dropout Rate 0.70. Dataset Size 1680. 128 neurons.
2025-01-15 11:22:52,741 - INFO - Training for fold 1/5
2025-01-15 11:22:52,848 - INFO - Epoch [1/100], Train Accuracy: 0.4874, Val Accuracy: 0.7827
2025-01-15 11:22:52,920 - INFO - Epoch [2/100], Train Accuracy: 0.8795, Val Accuracy: 0.8512
2025-01-15 11:22:53,002 - INFO - Epoch [3/100], Train Accuracy: 0.9368, Val Accuracy: 0.8423
2025-01-15 11:22:53,084 - INFO - Epoch [4/100], Train Accuracy: 0.9576, Val Accuracy: 0.8690
2025-01-15 11:22:53,159 - INFO - Epoch [5/100], Train Accuracy: 0.9740, Val Accuracy: 0.8631
2025-01-15 11:22:53,226 - INFO - Epoch [6/100], Train Accuracy: 0.9881, Val Accuracy: 0.8661
2025-01-15 11:22:53,289 - INFO - Epoch [7/100], Train Accuracy: 0.9926, Val Accuracy: 0.8750
2025-01-15 11:22:53,354 - INFO - Epoch [8/100], Train Accuracy: 0.9948, Val Accuracy: 0.8720
2025-01-15 11:22:53,361 - INFO - Fold 1 Validation Accuracy: 0.8720
2025-01-15 11:22:53,362 - INFO - Training for fold 2/5
2025-01-15 11:22:53,459 - INFO - Epoch [1/100], Train Accuracy: 0.5246, Val Accuracy: 0.7887
2025-01-15 11:22:53,526 - INFO - Epoch [2/100], Train Accuracy: 0.8832, Val Accuracy: 0.8750
2025-01-15 11:22:53,590 - INFO - Epoch [3/100], Train Accuracy: 0.9330, Val Accuracy: 0.8988
2025-01-15 11:22:53,654 - INFO - Epoch [4/100], Train Accuracy: 0.9576, Val Accuracy: 0.9018
2025-01-15 11:22:53,722 - INFO - Epoch [5/100], Train Accuracy: 0.9740, Val Accuracy: 0.9077
2025-01-15 11:22:53,795 - INFO - Epoch [6/100], Train Accuracy: 0.9844, Val Accuracy: 0.9137
2025-01-15 11:22:53,861 - INFO - Epoch [7/100], Train Accuracy: 0.9918, Val Accuracy: 0.9226
2025-01-15 11:22:53,930 - INFO - Epoch [8/100], Train Accuracy: 0.9948, Val Accuracy: 0.9345
2025-01-15 11:22:53,992 - INFO - Epoch [9/100], Train Accuracy: 0.9970, Val Accuracy: 0.9196
2025-01-15 11:22:54,000 - INFO - Fold 2 Validation Accuracy: 0.9196
2025-01-15 11:22:54,000 - INFO - Training for fold 3/5
2025-01-15 11:22:54,078 - INFO - Epoch [1/100], Train Accuracy: 0.3638, Val Accuracy: 0.4524
2025-01-15 11:22:54,142 - INFO - Epoch [2/100], Train Accuracy: 0.8586, Val Accuracy: 0.8393
2025-01-15 11:22:54,210 - INFO - Epoch [3/100], Train Accuracy: 0.9442, Val Accuracy: 0.8661
2025-01-15 11:22:54,280 - INFO - Epoch [4/100], Train Accuracy: 0.9635, Val Accuracy: 0.8869
2025-01-15 11:22:54,349 - INFO - Epoch [5/100], Train Accuracy: 0.9784, Val Accuracy: 0.8929
2025-01-15 11:22:54,415 - INFO - Epoch [6/100], Train Accuracy: 0.9859, Val Accuracy: 0.8929
2025-01-15 11:22:54,490 - INFO - Epoch [7/100], Train Accuracy: 0.9926, Val Accuracy: 0.8958
2025-01-15 11:22:54,555 - INFO - Epoch [8/100], Train Accuracy: 0.9955, Val Accuracy: 0.8899
2025-01-15 11:22:54,563 - INFO - Fold 3 Validation Accuracy: 0.8899
2025-01-15 11:22:54,563 - INFO - Training for fold 4/5
2025-01-15 11:22:54,639 - INFO - Epoch [1/100], Train Accuracy: 0.4375, Val Accuracy: 0.7560
2025-01-15 11:22:54,705 - INFO - Epoch [2/100], Train Accuracy: 0.8735, Val Accuracy: 0.9018
2025-01-15 11:22:54,772 - INFO - Epoch [3/100], Train Accuracy: 0.9338, Val Accuracy: 0.8988
2025-01-15 11:22:54,857 - INFO - Epoch [4/100], Train Accuracy: 0.9621, Val Accuracy: 0.9226
2025-01-15 11:22:54,937 - INFO - Epoch [5/100], Train Accuracy: 0.9777, Val Accuracy: 0.9196
2025-01-15 11:22:54,999 - INFO - Epoch [6/100], Train Accuracy: 0.9888, Val Accuracy: 0.9167
2025-01-15 11:22:55,061 - INFO - Epoch [7/100], Train Accuracy: 0.9948, Val Accuracy: 0.9196
2025-01-15 11:22:55,068 - INFO - Fold 4 Validation Accuracy: 0.9196
2025-01-15 11:22:55,068 - INFO - Training for fold 5/5
2025-01-15 11:22:55,146 - INFO - Epoch [1/100], Train Accuracy: 0.4933, Val Accuracy: 0.7589
2025-01-15 11:22:55,212 - INFO - Epoch [2/100], Train Accuracy: 0.8743, Val Accuracy: 0.8810
2025-01-15 11:22:55,276 - INFO - Epoch [3/100], Train Accuracy: 0.9427, Val Accuracy: 0.8869
2025-01-15 11:22:55,338 - INFO - Epoch [4/100], Train Accuracy: 0.9591, Val Accuracy: 0.8839
2025-01-15 11:22:55,404 - INFO - Epoch [5/100], Train Accuracy: 0.9792, Val Accuracy: 0.8869
2025-01-15 11:22:55,466 - INFO - Epoch [6/100], Train Accuracy: 0.9881, Val Accuracy: 0.8958
2025-01-15 11:22:55,530 - INFO - Epoch [7/100], Train Accuracy: 0.9955, Val Accuracy: 0.8988
2025-01-15 11:22:55,591 - INFO - Epoch [8/100], Train Accuracy: 0.9963, Val Accuracy: 0.8958
2025-01-15 11:22:55,598 - INFO - Fold 5 Validation Accuracy: 0.8958
2025-01-15 11:22:55,599 - INFO - Average Validation Accuracy (Over 5 folds): 0.8994 

2025-01-15 11:22:55,727 - INFO - Training with Vectorized Data 2000 features. Dropout Rate 0.70. Dataset Size 1920. 128 neurons.
2025-01-15 11:22:55,727 - INFO - Training for fold 1/5
2025-01-15 11:22:55,860 - INFO - Epoch [1/100], Train Accuracy: 0.5820, Val Accuracy: 0.8776
2025-01-15 11:22:55,942 - INFO - Epoch [2/100], Train Accuracy: 0.8802, Val Accuracy: 0.9036
2025-01-15 11:22:56,011 - INFO - Epoch [3/100], Train Accuracy: 0.9401, Val Accuracy: 0.9062
2025-01-15 11:22:56,091 - INFO - Epoch [4/100], Train Accuracy: 0.9622, Val Accuracy: 0.9062
2025-01-15 11:22:56,168 - INFO - Epoch [5/100], Train Accuracy: 0.9805, Val Accuracy: 0.9115
2025-01-15 11:22:56,240 - INFO - Epoch [6/100], Train Accuracy: 0.9902, Val Accuracy: 0.9089
2025-01-15 11:22:56,249 - INFO - Fold 1 Validation Accuracy: 0.9089
2025-01-15 11:22:56,249 - INFO - Training for fold 2/5
2025-01-15 11:22:56,348 - INFO - Epoch [1/100], Train Accuracy: 0.4811, Val Accuracy: 0.8542
2025-01-15 11:22:56,418 - INFO - Epoch [2/100], Train Accuracy: 0.9069, Val Accuracy: 0.8672
2025-01-15 11:22:56,492 - INFO - Epoch [3/100], Train Accuracy: 0.9349, Val Accuracy: 0.8828
2025-01-15 11:22:56,570 - INFO - Epoch [4/100], Train Accuracy: 0.9603, Val Accuracy: 0.8906
2025-01-15 11:22:56,648 - INFO - Epoch [5/100], Train Accuracy: 0.9837, Val Accuracy: 0.9010
2025-01-15 11:22:56,721 - INFO - Epoch [6/100], Train Accuracy: 0.9889, Val Accuracy: 0.9036
2025-01-15 11:22:56,790 - INFO - Epoch [7/100], Train Accuracy: 0.9928, Val Accuracy: 0.9089
2025-01-15 11:22:56,870 - INFO - Epoch [8/100], Train Accuracy: 0.9948, Val Accuracy: 0.9089
2025-01-15 11:22:56,941 - INFO - Epoch [9/100], Train Accuracy: 0.9961, Val Accuracy: 0.9141
2025-01-15 11:22:57,016 - INFO - Epoch [10/100], Train Accuracy: 0.9974, Val Accuracy: 0.9141
2025-01-15 11:22:57,087 - INFO - Epoch [11/100], Train Accuracy: 0.9980, Val Accuracy: 0.9115
2025-01-15 11:22:57,095 - INFO - Fold 2 Validation Accuracy: 0.9115
2025-01-15 11:22:57,095 - INFO - Training for fold 3/5
2025-01-15 11:22:57,178 - INFO - Epoch [1/100], Train Accuracy: 0.4551, Val Accuracy: 0.8229
2025-01-15 11:22:57,252 - INFO - Epoch [2/100], Train Accuracy: 0.8822, Val Accuracy: 0.8880
2025-01-15 11:22:57,324 - INFO - Epoch [3/100], Train Accuracy: 0.9329, Val Accuracy: 0.8958
2025-01-15 11:22:57,398 - INFO - Epoch [4/100], Train Accuracy: 0.9661, Val Accuracy: 0.9115
2025-01-15 11:22:57,466 - INFO - Epoch [5/100], Train Accuracy: 0.9844, Val Accuracy: 0.9167
2025-01-15 11:22:57,537 - INFO - Epoch [6/100], Train Accuracy: 0.9902, Val Accuracy: 0.9167
2025-01-15 11:22:57,608 - INFO - Epoch [7/100], Train Accuracy: 0.9928, Val Accuracy: 0.9115
2025-01-15 11:22:57,616 - INFO - Fold 3 Validation Accuracy: 0.9115
2025-01-15 11:22:57,617 - INFO - Training for fold 4/5
2025-01-15 11:22:57,699 - INFO - Epoch [1/100], Train Accuracy: 0.5540, Val Accuracy: 0.7995
2025-01-15 11:22:57,785 - INFO - Epoch [2/100], Train Accuracy: 0.9102, Val Accuracy: 0.8646
2025-01-15 11:22:57,858 - INFO - Epoch [3/100], Train Accuracy: 0.9401, Val Accuracy: 0.8854
2025-01-15 11:22:57,936 - INFO - Epoch [4/100], Train Accuracy: 0.9622, Val Accuracy: 0.8854
2025-01-15 11:22:58,006 - INFO - Epoch [5/100], Train Accuracy: 0.9818, Val Accuracy: 0.8802
2025-01-15 11:22:58,077 - INFO - Epoch [6/100], Train Accuracy: 0.9922, Val Accuracy: 0.8828
2025-01-15 11:22:58,086 - INFO - Fold 4 Validation Accuracy: 0.8828
2025-01-15 11:22:58,087 - INFO - Training for fold 5/5
2025-01-15 11:22:58,166 - INFO - Epoch [1/100], Train Accuracy: 0.4701, Val Accuracy: 0.7891
2025-01-15 11:22:58,237 - INFO - Epoch [2/100], Train Accuracy: 0.9004, Val Accuracy: 0.8750
2025-01-15 11:22:58,307 - INFO - Epoch [3/100], Train Accuracy: 0.9342, Val Accuracy: 0.9115
2025-01-15 11:22:58,379 - INFO - Epoch [4/100], Train Accuracy: 0.9583, Val Accuracy: 0.9089
2025-01-15 11:22:58,449 - INFO - Epoch [5/100], Train Accuracy: 0.9779, Val Accuracy: 0.9115
2025-01-15 11:22:58,516 - INFO - Epoch [6/100], Train Accuracy: 0.9870, Val Accuracy: 0.9115
2025-01-15 11:22:58,584 - INFO - Epoch [7/100], Train Accuracy: 0.9915, Val Accuracy: 0.9115
2025-01-15 11:22:58,654 - INFO - Epoch [8/100], Train Accuracy: 0.9935, Val Accuracy: 0.9141
2025-01-15 11:22:58,722 - INFO - Epoch [9/100], Train Accuracy: 0.9954, Val Accuracy: 0.9115
2025-01-15 11:22:58,732 - INFO - Fold 5 Validation Accuracy: 0.9115
2025-01-15 11:22:58,732 - INFO - Average Validation Accuracy (Over 5 folds): 0.9052 

2025-01-15 11:22:58,887 - INFO - Training with Vectorized Data 2000 features. Dropout Rate 0.70. Dataset Size 2160. 128 neurons.
2025-01-15 11:22:58,887 - INFO - Training for fold 1/5
2025-01-15 11:22:58,978 - INFO - Epoch [1/100], Train Accuracy: 0.5446, Val Accuracy: 0.7685
2025-01-15 11:22:59,055 - INFO - Epoch [2/100], Train Accuracy: 0.8675, Val Accuracy: 0.8704
2025-01-15 11:22:59,132 - INFO - Epoch [3/100], Train Accuracy: 0.9334, Val Accuracy: 0.9051
2025-01-15 11:22:59,209 - INFO - Epoch [4/100], Train Accuracy: 0.9624, Val Accuracy: 0.9190
2025-01-15 11:22:59,285 - INFO - Epoch [5/100], Train Accuracy: 0.9774, Val Accuracy: 0.9329
2025-01-15 11:22:59,379 - INFO - Epoch [6/100], Train Accuracy: 0.9878, Val Accuracy: 0.9421
2025-01-15 11:22:59,490 - INFO - Epoch [7/100], Train Accuracy: 0.9907, Val Accuracy: 0.9259
2025-01-15 11:22:59,501 - INFO - Fold 1 Validation Accuracy: 0.9259
2025-01-15 11:22:59,502 - INFO - Training for fold 2/5
2025-01-15 11:22:59,616 - INFO - Epoch [1/100], Train Accuracy: 0.4896, Val Accuracy: 0.8194
2025-01-15 11:22:59,716 - INFO - Epoch [2/100], Train Accuracy: 0.8848, Val Accuracy: 0.8565
2025-01-15 11:22:59,822 - INFO - Epoch [3/100], Train Accuracy: 0.9288, Val Accuracy: 0.9051
2025-01-15 11:22:59,919 - INFO - Epoch [4/100], Train Accuracy: 0.9664, Val Accuracy: 0.9190
2025-01-15 11:23:00,010 - INFO - Epoch [5/100], Train Accuracy: 0.9803, Val Accuracy: 0.9190
2025-01-15 11:23:00,118 - INFO - Epoch [6/100], Train Accuracy: 0.9873, Val Accuracy: 0.9144
2025-01-15 11:23:00,214 - INFO - Epoch [7/100], Train Accuracy: 0.9913, Val Accuracy: 0.9259
2025-01-15 11:23:00,312 - INFO - Epoch [8/100], Train Accuracy: 0.9959, Val Accuracy: 0.9167
2025-01-15 11:23:00,326 - INFO - Fold 2 Validation Accuracy: 0.9167
2025-01-15 11:23:00,327 - INFO - Training for fold 3/5
2025-01-15 11:23:00,444 - INFO - Epoch [1/100], Train Accuracy: 0.5683, Val Accuracy: 0.8657
2025-01-15 11:23:00,541 - INFO - Epoch [2/100], Train Accuracy: 0.9086, Val Accuracy: 0.8796
2025-01-15 11:23:00,650 - INFO - Epoch [3/100], Train Accuracy: 0.9352, Val Accuracy: 0.8704
2025-01-15 11:23:00,758 - INFO - Epoch [4/100], Train Accuracy: 0.9670, Val Accuracy: 0.8912
2025-01-15 11:23:00,857 - INFO - Epoch [5/100], Train Accuracy: 0.9826, Val Accuracy: 0.8935
2025-01-15 11:23:00,960 - INFO - Epoch [6/100], Train Accuracy: 0.9890, Val Accuracy: 0.9005
2025-01-15 11:23:01,056 - INFO - Epoch [7/100], Train Accuracy: 0.9948, Val Accuracy: 0.8981
2025-01-15 11:23:01,067 - INFO - Fold 3 Validation Accuracy: 0.8981
2025-01-15 11:23:01,067 - INFO - Training for fold 4/5
2025-01-15 11:23:01,185 - INFO - Epoch [1/100], Train Accuracy: 0.5174, Val Accuracy: 0.7894
2025-01-15 11:23:01,293 - INFO - Epoch [2/100], Train Accuracy: 0.8866, Val Accuracy: 0.9051
2025-01-15 11:23:01,396 - INFO - Epoch [3/100], Train Accuracy: 0.9317, Val Accuracy: 0.9074
2025-01-15 11:23:01,502 - INFO - Epoch [4/100], Train Accuracy: 0.9589, Val Accuracy: 0.9259
2025-01-15 11:23:01,602 - INFO - Epoch [5/100], Train Accuracy: 0.9763, Val Accuracy: 0.9375
2025-01-15 11:23:01,707 - INFO - Epoch [6/100], Train Accuracy: 0.9878, Val Accuracy: 0.9398
2025-01-15 11:23:01,804 - INFO - Epoch [7/100], Train Accuracy: 0.9913, Val Accuracy: 0.9421
2025-01-15 11:23:01,904 - INFO - Epoch [8/100], Train Accuracy: 0.9965, Val Accuracy: 0.9398
2025-01-15 11:23:01,913 - INFO - Fold 4 Validation Accuracy: 0.9398
2025-01-15 11:23:01,914 - INFO - Training for fold 5/5
2025-01-15 11:23:02,031 - INFO - Epoch [1/100], Train Accuracy: 0.5532, Val Accuracy: 0.8981
2025-01-15 11:23:02,137 - INFO - Epoch [2/100], Train Accuracy: 0.9196, Val Accuracy: 0.8889
2025-01-15 11:23:02,238 - INFO - Epoch [3/100], Train Accuracy: 0.9421, Val Accuracy: 0.8981
2025-01-15 11:23:02,338 - INFO - Epoch [4/100], Train Accuracy: 0.9693, Val Accuracy: 0.9051
2025-01-15 11:23:02,431 - INFO - Epoch [5/100], Train Accuracy: 0.9797, Val Accuracy: 0.9120
2025-01-15 11:23:02,533 - INFO - Epoch [6/100], Train Accuracy: 0.9873, Val Accuracy: 0.9144
2025-01-15 11:23:02,635 - INFO - Epoch [7/100], Train Accuracy: 0.9942, Val Accuracy: 0.9190
2025-01-15 11:23:02,736 - INFO - Epoch [8/100], Train Accuracy: 0.9954, Val Accuracy: 0.9236
2025-01-15 11:23:02,835 - INFO - Epoch [9/100], Train Accuracy: 0.9971, Val Accuracy: 0.9236
2025-01-15 11:23:02,937 - INFO - Epoch [10/100], Train Accuracy: 0.9971, Val Accuracy: 0.9190
2025-01-15 11:23:02,951 - INFO - Fold 5 Validation Accuracy: 0.9190
2025-01-15 11:23:02,951 - INFO - Average Validation Accuracy (Over 5 folds): 0.9199 

