2025-01-15 11:27:49,140 - INFO - Training with Vectorized Data 2000 features. Dropout Rate 0.01. Dataset Size 300. 128 neurons.
2025-01-15 11:27:49,140 - INFO - Training for fold 1/5
2025-01-15 11:27:50,358 - INFO - Epoch [1/100], Train Accuracy: 0.3250, Val Accuracy: 0.3667
2025-01-15 11:27:50,370 - INFO - Epoch [2/100], Train Accuracy: 0.4375, Val Accuracy: 0.4333
2025-01-15 11:27:50,382 - INFO - Epoch [3/100], Train Accuracy: 0.9333, Val Accuracy: 0.6167
2025-01-15 11:27:50,392 - INFO - Epoch [4/100], Train Accuracy: 0.9917, Val Accuracy: 0.7500
2025-01-15 11:27:50,402 - INFO - Epoch [5/100], Train Accuracy: 0.9917, Val Accuracy: 0.7833
2025-01-15 11:27:50,414 - INFO - Epoch [6/100], Train Accuracy: 1.0000, Val Accuracy: 0.8000
2025-01-15 11:27:50,417 - INFO - Fold 1 Validation Accuracy: 0.8000
2025-01-15 11:27:50,418 - INFO - Training for fold 2/5
2025-01-15 11:27:50,434 - INFO - Epoch [1/100], Train Accuracy: 0.4000, Val Accuracy: 0.6000
2025-01-15 11:27:50,452 - INFO - Epoch [2/100], Train Accuracy: 0.7125, Val Accuracy: 0.5667
2025-01-15 11:27:50,466 - INFO - Epoch [3/100], Train Accuracy: 0.9417, Val Accuracy: 0.6833
2025-01-15 11:27:50,477 - INFO - Epoch [4/100], Train Accuracy: 0.9833, Val Accuracy: 0.7167
2025-01-15 11:27:50,489 - INFO - Epoch [5/100], Train Accuracy: 0.9917, Val Accuracy: 0.7667
2025-01-15 11:27:50,500 - INFO - Epoch [6/100], Train Accuracy: 0.9958, Val Accuracy: 0.8167
2025-01-15 11:27:50,512 - INFO - Epoch [7/100], Train Accuracy: 0.9958, Val Accuracy: 0.8167
2025-01-15 11:27:50,526 - INFO - Epoch [8/100], Train Accuracy: 1.0000, Val Accuracy: 0.8167
2025-01-15 11:27:50,528 - INFO - Fold 2 Validation Accuracy: 0.8167
2025-01-15 11:27:50,528 - INFO - Training for fold 3/5
2025-01-15 11:27:50,544 - INFO - Epoch [1/100], Train Accuracy: 0.3417, Val Accuracy: 0.3000
2025-01-15 11:27:50,559 - INFO - Epoch [2/100], Train Accuracy: 0.3542, Val Accuracy: 0.3167
2025-01-15 11:27:50,572 - INFO - Epoch [3/100], Train Accuracy: 0.6750, Val Accuracy: 0.5000
2025-01-15 11:27:50,587 - INFO - Epoch [4/100], Train Accuracy: 0.9417, Val Accuracy: 0.5833
2025-01-15 11:27:50,600 - INFO - Epoch [5/100], Train Accuracy: 0.9792, Val Accuracy: 0.6667
2025-01-15 11:27:50,612 - INFO - Epoch [6/100], Train Accuracy: 1.0000, Val Accuracy: 0.7333
2025-01-15 11:27:50,614 - INFO - Fold 3 Validation Accuracy: 0.7333
2025-01-15 11:27:50,614 - INFO - Training for fold 4/5
2025-01-15 11:27:50,631 - INFO - Epoch [1/100], Train Accuracy: 0.4583, Val Accuracy: 0.5500
2025-01-15 11:27:50,646 - INFO - Epoch [2/100], Train Accuracy: 0.7667, Val Accuracy: 0.6833
2025-01-15 11:27:50,659 - INFO - Epoch [3/100], Train Accuracy: 0.9875, Val Accuracy: 0.8000
2025-01-15 11:27:50,679 - INFO - Epoch [4/100], Train Accuracy: 0.9958, Val Accuracy: 0.8333
2025-01-15 11:27:50,694 - INFO - Epoch [5/100], Train Accuracy: 1.0000, Val Accuracy: 0.8333
2025-01-15 11:27:50,696 - INFO - Fold 4 Validation Accuracy: 0.8333
2025-01-15 11:27:50,697 - INFO - Training for fold 5/5
2025-01-15 11:27:50,711 - INFO - Epoch [1/100], Train Accuracy: 0.3583, Val Accuracy: 0.2333
2025-01-15 11:27:50,723 - INFO - Epoch [2/100], Train Accuracy: 0.4917, Val Accuracy: 0.2500
2025-01-15 11:27:50,737 - INFO - Epoch [3/100], Train Accuracy: 0.5917, Val Accuracy: 0.2667
2025-01-15 11:27:50,749 - INFO - Epoch [4/100], Train Accuracy: 0.8458, Val Accuracy: 0.3667
2025-01-15 11:27:50,760 - INFO - Epoch [5/100], Train Accuracy: 0.9333, Val Accuracy: 0.5167
2025-01-15 11:27:50,772 - INFO - Epoch [6/100], Train Accuracy: 0.9792, Val Accuracy: 0.6000
2025-01-15 11:27:50,785 - INFO - Epoch [7/100], Train Accuracy: 0.9958, Val Accuracy: 0.6500
2025-01-15 11:27:50,796 - INFO - Epoch [8/100], Train Accuracy: 0.9958, Val Accuracy: 0.7167
2025-01-15 11:27:50,808 - INFO - Epoch [9/100], Train Accuracy: 1.0000, Val Accuracy: 0.7667
2025-01-15 11:27:50,809 - INFO - Fold 5 Validation Accuracy: 0.7667
2025-01-15 11:27:50,810 - INFO - Average Validation Accuracy (Over 5 folds): 0.7900 

2025-01-15 11:27:50,830 - INFO - Training with Vectorized Data 2000 features. Dropout Rate 0.11. Dataset Size 300. 128 neurons.
2025-01-15 11:27:50,831 - INFO - Training for fold 1/5
2025-01-15 11:27:50,846 - INFO - Epoch [1/100], Train Accuracy: 0.3875, Val Accuracy: 0.4500
2025-01-15 11:27:50,859 - INFO - Epoch [2/100], Train Accuracy: 0.6917, Val Accuracy: 0.5333
2025-01-15 11:27:50,871 - INFO - Epoch [3/100], Train Accuracy: 0.9333, Val Accuracy: 0.6833
2025-01-15 11:27:50,882 - INFO - Epoch [4/100], Train Accuracy: 0.9875, Val Accuracy: 0.7500
2025-01-15 11:27:50,893 - INFO - Epoch [5/100], Train Accuracy: 0.9917, Val Accuracy: 0.7333
2025-01-15 11:27:50,895 - INFO - Fold 1 Validation Accuracy: 0.7333
2025-01-15 11:27:50,895 - INFO - Training for fold 2/5
2025-01-15 11:27:50,909 - INFO - Epoch [1/100], Train Accuracy: 0.3333, Val Accuracy: 0.3333
2025-01-15 11:27:50,931 - INFO - Epoch [2/100], Train Accuracy: 0.3708, Val Accuracy: 0.3667
2025-01-15 11:27:50,945 - INFO - Epoch [3/100], Train Accuracy: 0.9125, Val Accuracy: 0.6500
2025-01-15 11:27:50,958 - INFO - Epoch [4/100], Train Accuracy: 0.9958, Val Accuracy: 0.8500
2025-01-15 11:27:50,972 - INFO - Epoch [5/100], Train Accuracy: 0.9958, Val Accuracy: 0.8333
2025-01-15 11:27:50,974 - INFO - Fold 2 Validation Accuracy: 0.8333
2025-01-15 11:27:50,974 - INFO - Training for fold 3/5
2025-01-15 11:27:50,988 - INFO - Epoch [1/100], Train Accuracy: 0.3167, Val Accuracy: 0.4000
2025-01-15 11:27:51,002 - INFO - Epoch [2/100], Train Accuracy: 0.4542, Val Accuracy: 0.4500
2025-01-15 11:27:51,013 - INFO - Epoch [3/100], Train Accuracy: 0.7750, Val Accuracy: 0.6000
2025-01-15 11:27:51,026 - INFO - Epoch [4/100], Train Accuracy: 0.9667, Val Accuracy: 0.7500
2025-01-15 11:27:51,039 - INFO - Epoch [5/100], Train Accuracy: 0.9958, Val Accuracy: 0.8667
2025-01-15 11:27:51,050 - INFO - Epoch [6/100], Train Accuracy: 1.0000, Val Accuracy: 0.8667
2025-01-15 11:27:51,052 - INFO - Fold 3 Validation Accuracy: 0.8667
2025-01-15 11:27:51,052 - INFO - Training for fold 4/5
2025-01-15 11:27:51,065 - INFO - Epoch [1/100], Train Accuracy: 0.3208, Val Accuracy: 0.3833
2025-01-15 11:27:51,076 - INFO - Epoch [2/100], Train Accuracy: 0.3292, Val Accuracy: 0.3833
2025-01-15 11:27:51,092 - INFO - Epoch [3/100], Train Accuracy: 0.7042, Val Accuracy: 0.5667
2025-01-15 11:27:51,106 - INFO - Epoch [4/100], Train Accuracy: 0.9875, Val Accuracy: 0.7333
2025-01-15 11:27:51,119 - INFO - Epoch [5/100], Train Accuracy: 0.9958, Val Accuracy: 0.7833
2025-01-15 11:27:51,133 - INFO - Epoch [6/100], Train Accuracy: 1.0000, Val Accuracy: 0.8500
2025-01-15 11:27:51,135 - INFO - Fold 4 Validation Accuracy: 0.8500
2025-01-15 11:27:51,135 - INFO - Training for fold 5/5
2025-01-15 11:27:51,152 - INFO - Epoch [1/100], Train Accuracy: 0.3333, Val Accuracy: 0.3333
2025-01-15 11:27:51,166 - INFO - Epoch [2/100], Train Accuracy: 0.4167, Val Accuracy: 0.4167
2025-01-15 11:27:51,178 - INFO - Epoch [3/100], Train Accuracy: 0.7292, Val Accuracy: 0.5000
2025-01-15 11:27:51,190 - INFO - Epoch [4/100], Train Accuracy: 0.9500, Val Accuracy: 0.5833
2025-01-15 11:27:51,202 - INFO - Epoch [5/100], Train Accuracy: 0.9875, Val Accuracy: 0.7000
2025-01-15 11:27:51,214 - INFO - Epoch [6/100], Train Accuracy: 0.9917, Val Accuracy: 0.6833
2025-01-15 11:27:51,215 - INFO - Fold 5 Validation Accuracy: 0.6833
2025-01-15 11:27:51,215 - INFO - Average Validation Accuracy (Over 5 folds): 0.7933 

2025-01-15 11:27:51,239 - INFO - Training with Vectorized Data 2000 features. Dropout Rate 0.21. Dataset Size 300. 128 neurons.
2025-01-15 11:27:51,239 - INFO - Training for fold 1/5
2025-01-15 11:27:51,254 - INFO - Epoch [1/100], Train Accuracy: 0.3458, Val Accuracy: 0.2833
2025-01-15 11:27:51,273 - INFO - Epoch [2/100], Train Accuracy: 0.7042, Val Accuracy: 0.5833
2025-01-15 11:27:51,285 - INFO - Epoch [3/100], Train Accuracy: 0.9583, Val Accuracy: 0.7167
2025-01-15 11:27:51,299 - INFO - Epoch [4/100], Train Accuracy: 0.9875, Val Accuracy: 0.8333
2025-01-15 11:27:51,314 - INFO - Epoch [5/100], Train Accuracy: 0.9958, Val Accuracy: 0.8833
2025-01-15 11:27:51,325 - INFO - Epoch [6/100], Train Accuracy: 1.0000, Val Accuracy: 0.8667
2025-01-15 11:27:51,327 - INFO - Fold 1 Validation Accuracy: 0.8667
2025-01-15 11:27:51,327 - INFO - Training for fold 2/5
2025-01-15 11:27:51,340 - INFO - Epoch [1/100], Train Accuracy: 0.3792, Val Accuracy: 0.1667
2025-01-15 11:27:51,352 - INFO - Epoch [2/100], Train Accuracy: 0.4375, Val Accuracy: 0.1667
2025-01-15 11:27:51,365 - INFO - Epoch [3/100], Train Accuracy: 0.7750, Val Accuracy: 0.2500
2025-01-15 11:27:51,376 - INFO - Epoch [4/100], Train Accuracy: 0.9375, Val Accuracy: 0.4000
2025-01-15 11:27:51,389 - INFO - Epoch [5/100], Train Accuracy: 0.9708, Val Accuracy: 0.5333
2025-01-15 11:27:51,404 - INFO - Epoch [6/100], Train Accuracy: 0.9875, Val Accuracy: 0.6667
2025-01-15 11:27:51,418 - INFO - Epoch [7/100], Train Accuracy: 0.9917, Val Accuracy: 0.6667
2025-01-15 11:27:51,431 - INFO - Epoch [8/100], Train Accuracy: 0.9917, Val Accuracy: 0.7500
2025-01-15 11:27:51,446 - INFO - Epoch [9/100], Train Accuracy: 1.0000, Val Accuracy: 0.7500
2025-01-15 11:27:51,448 - INFO - Fold 2 Validation Accuracy: 0.7500
2025-01-15 11:27:51,448 - INFO - Training for fold 3/5
2025-01-15 11:27:51,465 - INFO - Epoch [1/100], Train Accuracy: 0.3208, Val Accuracy: 0.3833
2025-01-15 11:27:51,478 - INFO - Epoch [2/100], Train Accuracy: 0.6417, Val Accuracy: 0.6333
2025-01-15 11:27:51,495 - INFO - Epoch [3/100], Train Accuracy: 0.9792, Val Accuracy: 0.8500
2025-01-15 11:27:51,508 - INFO - Epoch [4/100], Train Accuracy: 0.9917, Val Accuracy: 0.8667
2025-01-15 11:27:51,519 - INFO - Epoch [5/100], Train Accuracy: 0.9958, Val Accuracy: 0.8500
2025-01-15 11:27:51,521 - INFO - Fold 3 Validation Accuracy: 0.8500
2025-01-15 11:27:51,522 - INFO - Training for fold 4/5
2025-01-15 11:27:51,536 - INFO - Epoch [1/100], Train Accuracy: 0.3292, Val Accuracy: 0.3500
2025-01-15 11:27:51,549 - INFO - Epoch [2/100], Train Accuracy: 0.3583, Val Accuracy: 0.3500
2025-01-15 11:27:51,565 - INFO - Epoch [3/100], Train Accuracy: 0.7750, Val Accuracy: 0.5833
2025-01-15 11:27:51,577 - INFO - Epoch [4/100], Train Accuracy: 0.9792, Val Accuracy: 0.7167
2025-01-15 11:27:51,589 - INFO - Epoch [5/100], Train Accuracy: 0.9875, Val Accuracy: 0.7500
2025-01-15 11:27:51,600 - INFO - Epoch [6/100], Train Accuracy: 0.9917, Val Accuracy: 0.8000
2025-01-15 11:27:51,612 - INFO - Epoch [7/100], Train Accuracy: 0.9958, Val Accuracy: 0.7833
2025-01-15 11:27:51,613 - INFO - Fold 4 Validation Accuracy: 0.7833
2025-01-15 11:27:51,613 - INFO - Training for fold 5/5
2025-01-15 11:27:51,626 - INFO - Epoch [1/100], Train Accuracy: 0.4292, Val Accuracy: 0.5667
2025-01-15 11:27:51,638 - INFO - Epoch [2/100], Train Accuracy: 0.8042, Val Accuracy: 0.5167
2025-01-15 11:27:51,650 - INFO - Epoch [3/100], Train Accuracy: 0.9542, Val Accuracy: 0.6167
2025-01-15 11:27:51,663 - INFO - Epoch [4/100], Train Accuracy: 0.9917, Val Accuracy: 0.6667
2025-01-15 11:27:51,675 - INFO - Epoch [5/100], Train Accuracy: 0.9917, Val Accuracy: 0.6833
2025-01-15 11:27:51,688 - INFO - Epoch [6/100], Train Accuracy: 0.9958, Val Accuracy: 0.7000
2025-01-15 11:27:51,701 - INFO - Epoch [7/100], Train Accuracy: 1.0000, Val Accuracy: 0.6833
2025-01-15 11:27:51,702 - INFO - Fold 5 Validation Accuracy: 0.6833
2025-01-15 11:27:51,702 - INFO - Average Validation Accuracy (Over 5 folds): 0.7867 

2025-01-15 11:27:51,720 - INFO - Training with Vectorized Data 2000 features. Dropout Rate 0.31. Dataset Size 300. 128 neurons.
2025-01-15 11:27:51,721 - INFO - Training for fold 1/5
2025-01-15 11:27:51,739 - INFO - Epoch [1/100], Train Accuracy: 0.3333, Val Accuracy: 0.3500
2025-01-15 11:27:51,752 - INFO - Epoch [2/100], Train Accuracy: 0.6125, Val Accuracy: 0.5667
2025-01-15 11:27:51,764 - INFO - Epoch [3/100], Train Accuracy: 0.9708, Val Accuracy: 0.7000
2025-01-15 11:27:51,776 - INFO - Epoch [4/100], Train Accuracy: 0.9833, Val Accuracy: 0.7667
2025-01-15 11:27:51,789 - INFO - Epoch [5/100], Train Accuracy: 0.9875, Val Accuracy: 0.7667
2025-01-15 11:27:51,801 - INFO - Epoch [6/100], Train Accuracy: 0.9917, Val Accuracy: 0.7667
2025-01-15 11:27:51,814 - INFO - Epoch [7/100], Train Accuracy: 0.9958, Val Accuracy: 0.7667
2025-01-15 11:27:51,830 - INFO - Epoch [8/100], Train Accuracy: 1.0000, Val Accuracy: 0.7500
2025-01-15 11:27:51,831 - INFO - Fold 1 Validation Accuracy: 0.7500
2025-01-15 11:27:51,831 - INFO - Training for fold 2/5
2025-01-15 11:27:51,846 - INFO - Epoch [1/100], Train Accuracy: 0.3625, Val Accuracy: 0.2167
2025-01-15 11:27:51,870 - INFO - Epoch [2/100], Train Accuracy: 0.3625, Val Accuracy: 0.2167
2025-01-15 11:27:51,888 - INFO - Epoch [3/100], Train Accuracy: 0.4167, Val Accuracy: 0.2667
2025-01-15 11:27:51,903 - INFO - Epoch [4/100], Train Accuracy: 0.7292, Val Accuracy: 0.3833
2025-01-15 11:27:51,918 - INFO - Epoch [5/100], Train Accuracy: 0.8958, Val Accuracy: 0.5000
2025-01-15 11:27:51,933 - INFO - Epoch [6/100], Train Accuracy: 0.9708, Val Accuracy: 0.5667
2025-01-15 11:27:51,947 - INFO - Epoch [7/100], Train Accuracy: 0.9875, Val Accuracy: 0.6500
2025-01-15 11:27:51,963 - INFO - Epoch [8/100], Train Accuracy: 0.9917, Val Accuracy: 0.7167
2025-01-15 11:27:51,973 - INFO - Epoch [9/100], Train Accuracy: 0.9958, Val Accuracy: 0.8000
2025-01-15 11:27:51,986 - INFO - Epoch [10/100], Train Accuracy: 0.9958, Val Accuracy: 0.8167
2025-01-15 11:27:51,999 - INFO - Epoch [11/100], Train Accuracy: 1.0000, Val Accuracy: 0.8167
2025-01-15 11:27:52,000 - INFO - Fold 2 Validation Accuracy: 0.8167
2025-01-15 11:27:52,000 - INFO - Training for fold 3/5
2025-01-15 11:27:52,015 - INFO - Epoch [1/100], Train Accuracy: 0.3250, Val Accuracy: 0.3667
2025-01-15 11:27:52,029 - INFO - Epoch [2/100], Train Accuracy: 0.4125, Val Accuracy: 0.4500
2025-01-15 11:27:52,041 - INFO - Epoch [3/100], Train Accuracy: 0.8458, Val Accuracy: 0.7833
2025-01-15 11:27:52,054 - INFO - Epoch [4/100], Train Accuracy: 0.9958, Val Accuracy: 0.8333
2025-01-15 11:27:52,067 - INFO - Epoch [5/100], Train Accuracy: 0.9958, Val Accuracy: 0.8000
2025-01-15 11:27:52,069 - INFO - Fold 3 Validation Accuracy: 0.8000
2025-01-15 11:27:52,069 - INFO - Training for fold 4/5
2025-01-15 11:27:52,086 - INFO - Epoch [1/100], Train Accuracy: 0.4542, Val Accuracy: 0.5000
2025-01-15 11:27:52,101 - INFO - Epoch [2/100], Train Accuracy: 0.7208, Val Accuracy: 0.5333
2025-01-15 11:27:52,114 - INFO - Epoch [3/100], Train Accuracy: 0.9167, Val Accuracy: 0.5833
2025-01-15 11:27:52,127 - INFO - Epoch [4/100], Train Accuracy: 0.9792, Val Accuracy: 0.6500
2025-01-15 11:27:52,139 - INFO - Epoch [5/100], Train Accuracy: 0.9875, Val Accuracy: 0.6833
2025-01-15 11:27:52,151 - INFO - Epoch [6/100], Train Accuracy: 0.9917, Val Accuracy: 0.7000
2025-01-15 11:27:52,163 - INFO - Epoch [7/100], Train Accuracy: 0.9958, Val Accuracy: 0.7167
2025-01-15 11:27:52,174 - INFO - Epoch [8/100], Train Accuracy: 0.9958, Val Accuracy: 0.7333
2025-01-15 11:27:52,185 - INFO - Epoch [9/100], Train Accuracy: 0.9958, Val Accuracy: 0.7667
2025-01-15 11:27:52,196 - INFO - Epoch [10/100], Train Accuracy: 1.0000, Val Accuracy: 0.7667
2025-01-15 11:27:52,198 - INFO - Fold 4 Validation Accuracy: 0.7667
2025-01-15 11:27:52,198 - INFO - Training for fold 5/5
2025-01-15 11:27:52,214 - INFO - Epoch [1/100], Train Accuracy: 0.3333, Val Accuracy: 0.3333
2025-01-15 11:27:52,227 - INFO - Epoch [2/100], Train Accuracy: 0.3958, Val Accuracy: 0.4500
2025-01-15 11:27:52,240 - INFO - Epoch [3/100], Train Accuracy: 0.7833, Val Accuracy: 0.6500
2025-01-15 11:27:52,252 - INFO - Epoch [4/100], Train Accuracy: 0.9792, Val Accuracy: 0.7833
2025-01-15 11:27:52,264 - INFO - Epoch [5/100], Train Accuracy: 0.9917, Val Accuracy: 0.7833
2025-01-15 11:27:52,275 - INFO - Epoch [6/100], Train Accuracy: 0.9917, Val Accuracy: 0.8000
2025-01-15 11:27:52,286 - INFO - Epoch [7/100], Train Accuracy: 0.9917, Val Accuracy: 0.7833
2025-01-15 11:27:52,287 - INFO - Fold 5 Validation Accuracy: 0.7833
2025-01-15 11:27:52,287 - INFO - Average Validation Accuracy (Over 5 folds): 0.7833 

2025-01-15 11:27:52,306 - INFO - Training with Vectorized Data 2000 features. Dropout Rate 0.41. Dataset Size 300. 128 neurons.
2025-01-15 11:27:52,307 - INFO - Training for fold 1/5
2025-01-15 11:27:52,324 - INFO - Epoch [1/100], Train Accuracy: 0.3167, Val Accuracy: 0.4000
2025-01-15 11:27:52,341 - INFO - Epoch [2/100], Train Accuracy: 0.3167, Val Accuracy: 0.4000
2025-01-15 11:27:52,362 - INFO - Epoch [3/100], Train Accuracy: 0.5250, Val Accuracy: 0.4833
2025-01-15 11:27:52,384 - INFO - Epoch [4/100], Train Accuracy: 0.9167, Val Accuracy: 0.7000
2025-01-15 11:27:52,394 - INFO - Epoch [5/100], Train Accuracy: 0.9917, Val Accuracy: 0.7500
2025-01-15 11:27:52,406 - INFO - Epoch [6/100], Train Accuracy: 0.9958, Val Accuracy: 0.7500
2025-01-15 11:27:52,417 - INFO - Epoch [7/100], Train Accuracy: 1.0000, Val Accuracy: 0.7667
2025-01-15 11:27:52,418 - INFO - Fold 1 Validation Accuracy: 0.7667
2025-01-15 11:27:52,418 - INFO - Training for fold 2/5
2025-01-15 11:27:52,432 - INFO - Epoch [1/100], Train Accuracy: 0.3750, Val Accuracy: 0.6167
2025-01-15 11:27:52,443 - INFO - Epoch [2/100], Train Accuracy: 0.7875, Val Accuracy: 0.7167
2025-01-15 11:27:52,456 - INFO - Epoch [3/100], Train Accuracy: 0.9958, Val Accuracy: 0.7667
2025-01-15 11:27:52,467 - INFO - Epoch [4/100], Train Accuracy: 1.0000, Val Accuracy: 0.7500
2025-01-15 11:27:52,469 - INFO - Fold 2 Validation Accuracy: 0.7500
2025-01-15 11:27:52,469 - INFO - Training for fold 3/5
2025-01-15 11:27:52,483 - INFO - Epoch [1/100], Train Accuracy: 0.3458, Val Accuracy: 0.2833
2025-01-15 11:27:52,494 - INFO - Epoch [2/100], Train Accuracy: 0.3583, Val Accuracy: 0.2833
2025-01-15 11:27:52,508 - INFO - Epoch [3/100], Train Accuracy: 0.6042, Val Accuracy: 0.3667
2025-01-15 11:27:52,520 - INFO - Epoch [4/100], Train Accuracy: 0.8625, Val Accuracy: 0.5833
2025-01-15 11:27:52,533 - INFO - Epoch [5/100], Train Accuracy: 0.9875, Val Accuracy: 0.7500
2025-01-15 11:27:52,544 - INFO - Epoch [6/100], Train Accuracy: 0.9958, Val Accuracy: 0.8000
2025-01-15 11:27:52,556 - INFO - Epoch [7/100], Train Accuracy: 1.0000, Val Accuracy: 0.8500
2025-01-15 11:27:52,558 - INFO - Fold 3 Validation Accuracy: 0.8500
2025-01-15 11:27:52,558 - INFO - Training for fold 4/5
2025-01-15 11:27:52,571 - INFO - Epoch [1/100], Train Accuracy: 0.3792, Val Accuracy: 0.6000
2025-01-15 11:27:52,585 - INFO - Epoch [2/100], Train Accuracy: 0.7792, Val Accuracy: 0.7833
2025-01-15 11:27:52,599 - INFO - Epoch [3/100], Train Accuracy: 0.9958, Val Accuracy: 0.8667
2025-01-15 11:27:52,611 - INFO - Epoch [4/100], Train Accuracy: 1.0000, Val Accuracy: 0.8500
2025-01-15 11:27:52,612 - INFO - Fold 4 Validation Accuracy: 0.8500
2025-01-15 11:27:52,612 - INFO - Training for fold 5/5
2025-01-15 11:27:52,629 - INFO - Epoch [1/100], Train Accuracy: 0.3708, Val Accuracy: 0.2000
2025-01-15 11:27:52,642 - INFO - Epoch [2/100], Train Accuracy: 0.3833, Val Accuracy: 0.2000
2025-01-15 11:27:52,656 - INFO - Epoch [3/100], Train Accuracy: 0.5500, Val Accuracy: 0.3167
2025-01-15 11:27:52,670 - INFO - Epoch [4/100], Train Accuracy: 0.8833, Val Accuracy: 0.5667
2025-01-15 11:27:52,681 - INFO - Epoch [5/100], Train Accuracy: 0.9833, Val Accuracy: 0.6333
2025-01-15 11:27:52,693 - INFO - Epoch [6/100], Train Accuracy: 0.9917, Val Accuracy: 0.6667
2025-01-15 11:27:52,706 - INFO - Epoch [7/100], Train Accuracy: 0.9917, Val Accuracy: 0.6667
2025-01-15 11:27:52,719 - INFO - Epoch [8/100], Train Accuracy: 0.9958, Val Accuracy: 0.7333
2025-01-15 11:27:52,732 - INFO - Epoch [9/100], Train Accuracy: 1.0000, Val Accuracy: 0.7500
2025-01-15 11:27:52,733 - INFO - Fold 5 Validation Accuracy: 0.7500
2025-01-15 11:27:52,734 - INFO - Average Validation Accuracy (Over 5 folds): 0.7933 

2025-01-15 11:27:52,752 - INFO - Training with Vectorized Data 2000 features. Dropout Rate 0.51. Dataset Size 300. 128 neurons.
2025-01-15 11:27:52,753 - INFO - Training for fold 1/5
2025-01-15 11:27:52,770 - INFO - Epoch [1/100], Train Accuracy: 0.3542, Val Accuracy: 0.5167
2025-01-15 11:27:52,782 - INFO - Epoch [2/100], Train Accuracy: 0.7208, Val Accuracy: 0.6833
2025-01-15 11:27:52,800 - INFO - Epoch [3/100], Train Accuracy: 0.9667, Val Accuracy: 0.8167
2025-01-15 11:27:52,814 - INFO - Epoch [4/100], Train Accuracy: 0.9875, Val Accuracy: 0.8833
2025-01-15 11:27:52,827 - INFO - Epoch [5/100], Train Accuracy: 1.0000, Val Accuracy: 0.9000
2025-01-15 11:27:52,829 - INFO - Fold 1 Validation Accuracy: 0.9000
2025-01-15 11:27:52,829 - INFO - Training for fold 2/5
2025-01-15 11:27:52,845 - INFO - Epoch [1/100], Train Accuracy: 0.3125, Val Accuracy: 0.4167
2025-01-15 11:27:52,857 - INFO - Epoch [2/100], Train Accuracy: 0.3500, Val Accuracy: 0.6000
2025-01-15 11:27:52,869 - INFO - Epoch [3/100], Train Accuracy: 0.9000, Val Accuracy: 0.8000
2025-01-15 11:27:52,882 - INFO - Epoch [4/100], Train Accuracy: 0.9917, Val Accuracy: 0.8000
2025-01-15 11:27:52,894 - INFO - Epoch [5/100], Train Accuracy: 1.0000, Val Accuracy: 0.7667
2025-01-15 11:27:52,895 - INFO - Fold 2 Validation Accuracy: 0.7667
2025-01-15 11:27:52,896 - INFO - Training for fold 3/5
2025-01-15 11:27:52,913 - INFO - Epoch [1/100], Train Accuracy: 0.3375, Val Accuracy: 0.3333
2025-01-15 11:27:52,926 - INFO - Epoch [2/100], Train Accuracy: 0.4917, Val Accuracy: 0.4500
2025-01-15 11:27:52,938 - INFO - Epoch [3/100], Train Accuracy: 0.6750, Val Accuracy: 0.5167
2025-01-15 11:27:52,952 - INFO - Epoch [4/100], Train Accuracy: 0.8750, Val Accuracy: 0.6500
2025-01-15 11:27:52,964 - INFO - Epoch [5/100], Train Accuracy: 0.9792, Val Accuracy: 0.7167
2025-01-15 11:27:52,975 - INFO - Epoch [6/100], Train Accuracy: 0.9958, Val Accuracy: 0.7500
2025-01-15 11:27:52,985 - INFO - Epoch [7/100], Train Accuracy: 0.9958, Val Accuracy: 0.7667
2025-01-15 11:27:52,998 - INFO - Epoch [8/100], Train Accuracy: 0.9958, Val Accuracy: 0.7667
2025-01-15 11:27:53,013 - INFO - Epoch [9/100], Train Accuracy: 0.9958, Val Accuracy: 0.7833
2025-01-15 11:27:53,025 - INFO - Epoch [10/100], Train Accuracy: 0.9958, Val Accuracy: 0.7833
2025-01-15 11:27:53,037 - INFO - Epoch [11/100], Train Accuracy: 0.9958, Val Accuracy: 0.7833
2025-01-15 11:27:53,056 - INFO - Epoch [12/100], Train Accuracy: 0.9958, Val Accuracy: 0.7833
2025-01-15 11:27:53,069 - INFO - Epoch [13/100], Train Accuracy: 0.9958, Val Accuracy: 0.8000
2025-01-15 11:27:53,082 - INFO - Epoch [14/100], Train Accuracy: 0.9958, Val Accuracy: 0.8000
2025-01-15 11:27:53,094 - INFO - Epoch [15/100], Train Accuracy: 0.9958, Val Accuracy: 0.8000
2025-01-15 11:27:53,107 - INFO - Epoch [16/100], Train Accuracy: 1.0000, Val Accuracy: 0.8000
2025-01-15 11:27:53,108 - INFO - Fold 3 Validation Accuracy: 0.8000
2025-01-15 11:27:53,108 - INFO - Training for fold 4/5
2025-01-15 11:27:53,123 - INFO - Epoch [1/100], Train Accuracy: 0.4083, Val Accuracy: 0.5333
2025-01-15 11:27:53,137 - INFO - Epoch [2/100], Train Accuracy: 0.6625, Val Accuracy: 0.5667
2025-01-15 11:27:53,151 - INFO - Epoch [3/100], Train Accuracy: 0.7250, Val Accuracy: 0.6000
2025-01-15 11:27:53,167 - INFO - Epoch [4/100], Train Accuracy: 0.9458, Val Accuracy: 0.7333
2025-01-15 11:27:53,181 - INFO - Epoch [5/100], Train Accuracy: 0.9875, Val Accuracy: 0.7167
2025-01-15 11:27:53,192 - INFO - Epoch [6/100], Train Accuracy: 0.9958, Val Accuracy: 0.7500
2025-01-15 11:27:53,203 - INFO - Epoch [7/100], Train Accuracy: 1.0000, Val Accuracy: 0.7500
2025-01-15 11:27:53,204 - INFO - Fold 4 Validation Accuracy: 0.7500
2025-01-15 11:27:53,204 - INFO - Training for fold 5/5
2025-01-15 11:27:53,218 - INFO - Epoch [1/100], Train Accuracy: 0.3208, Val Accuracy: 0.3833
2025-01-15 11:27:53,231 - INFO - Epoch [2/100], Train Accuracy: 0.3833, Val Accuracy: 0.4833
2025-01-15 11:27:53,244 - INFO - Epoch [3/100], Train Accuracy: 0.6708, Val Accuracy: 0.5667
2025-01-15 11:27:53,256 - INFO - Epoch [4/100], Train Accuracy: 0.8333, Val Accuracy: 0.5833
2025-01-15 11:27:53,268 - INFO - Epoch [5/100], Train Accuracy: 0.9792, Val Accuracy: 0.7500
2025-01-15 11:27:53,279 - INFO - Epoch [6/100], Train Accuracy: 0.9958, Val Accuracy: 0.7333
2025-01-15 11:27:53,280 - INFO - Fold 5 Validation Accuracy: 0.7333
2025-01-15 11:27:53,280 - INFO - Average Validation Accuracy (Over 5 folds): 0.7900 

2025-01-15 11:27:53,301 - INFO - Training with Vectorized Data 2000 features. Dropout Rate 0.61. Dataset Size 300. 128 neurons.
2025-01-15 11:27:53,301 - INFO - Training for fold 1/5
2025-01-15 11:27:53,320 - INFO - Epoch [1/100], Train Accuracy: 0.3292, Val Accuracy: 0.3500
2025-01-15 11:27:53,333 - INFO - Epoch [2/100], Train Accuracy: 0.3875, Val Accuracy: 0.4333
2025-01-15 11:27:53,348 - INFO - Epoch [3/100], Train Accuracy: 0.6583, Val Accuracy: 0.5167
2025-01-15 11:27:53,359 - INFO - Epoch [4/100], Train Accuracy: 0.8208, Val Accuracy: 0.6333
2025-01-15 11:27:53,371 - INFO - Epoch [5/100], Train Accuracy: 0.9875, Val Accuracy: 0.7333
2025-01-15 11:27:53,384 - INFO - Epoch [6/100], Train Accuracy: 1.0000, Val Accuracy: 0.8333
2025-01-15 11:27:53,385 - INFO - Fold 1 Validation Accuracy: 0.8333
2025-01-15 11:27:53,385 - INFO - Training for fold 2/5
2025-01-15 11:27:53,402 - INFO - Epoch [1/100], Train Accuracy: 0.3375, Val Accuracy: 0.3333
2025-01-15 11:27:53,417 - INFO - Epoch [2/100], Train Accuracy: 0.3833, Val Accuracy: 0.4167
2025-01-15 11:27:53,431 - INFO - Epoch [3/100], Train Accuracy: 0.8250, Val Accuracy: 0.6667
2025-01-15 11:27:53,443 - INFO - Epoch [4/100], Train Accuracy: 0.9708, Val Accuracy: 0.8167
2025-01-15 11:27:53,454 - INFO - Epoch [5/100], Train Accuracy: 0.9917, Val Accuracy: 0.8500
2025-01-15 11:27:53,465 - INFO - Epoch [6/100], Train Accuracy: 0.9958, Val Accuracy: 0.8667
2025-01-15 11:27:53,476 - INFO - Epoch [7/100], Train Accuracy: 1.0000, Val Accuracy: 0.8667
2025-01-15 11:27:53,477 - INFO - Fold 2 Validation Accuracy: 0.8667
2025-01-15 11:27:53,478 - INFO - Training for fold 3/5
2025-01-15 11:27:53,491 - INFO - Epoch [1/100], Train Accuracy: 0.3292, Val Accuracy: 0.3667
2025-01-15 11:27:53,502 - INFO - Epoch [2/100], Train Accuracy: 0.3667, Val Accuracy: 0.4000
2025-01-15 11:27:53,514 - INFO - Epoch [3/100], Train Accuracy: 0.8750, Val Accuracy: 0.6167
2025-01-15 11:27:53,529 - INFO - Epoch [4/100], Train Accuracy: 0.9833, Val Accuracy: 0.6833
2025-01-15 11:27:53,542 - INFO - Epoch [5/100], Train Accuracy: 0.9917, Val Accuracy: 0.6333
2025-01-15 11:27:53,543 - INFO - Fold 3 Validation Accuracy: 0.6333
2025-01-15 11:27:53,543 - INFO - Training for fold 4/5
2025-01-15 11:27:53,557 - INFO - Epoch [1/100], Train Accuracy: 0.3333, Val Accuracy: 0.3167
2025-01-15 11:27:53,570 - INFO - Epoch [2/100], Train Accuracy: 0.3917, Val Accuracy: 0.3833
2025-01-15 11:27:53,583 - INFO - Epoch [3/100], Train Accuracy: 0.8542, Val Accuracy: 0.7167
2025-01-15 11:27:53,595 - INFO - Epoch [4/100], Train Accuracy: 0.9917, Val Accuracy: 0.9000
2025-01-15 11:27:53,606 - INFO - Epoch [5/100], Train Accuracy: 0.9917, Val Accuracy: 0.9000
2025-01-15 11:27:53,617 - INFO - Epoch [6/100], Train Accuracy: 0.9958, Val Accuracy: 0.9000
2025-01-15 11:27:53,632 - INFO - Epoch [7/100], Train Accuracy: 0.9958, Val Accuracy: 0.9000
2025-01-15 11:27:53,645 - INFO - Epoch [8/100], Train Accuracy: 0.9958, Val Accuracy: 0.9000
2025-01-15 11:27:53,656 - INFO - Epoch [9/100], Train Accuracy: 0.9958, Val Accuracy: 0.9000
2025-01-15 11:27:53,668 - INFO - Epoch [10/100], Train Accuracy: 0.9958, Val Accuracy: 0.8833
2025-01-15 11:27:53,670 - INFO - Fold 4 Validation Accuracy: 0.8833
2025-01-15 11:27:53,670 - INFO - Training for fold 5/5
2025-01-15 11:27:53,694 - INFO - Epoch [1/100], Train Accuracy: 0.3500, Val Accuracy: 0.2667
2025-01-15 11:27:53,706 - INFO - Epoch [2/100], Train Accuracy: 0.3500, Val Accuracy: 0.2667
2025-01-15 11:27:53,719 - INFO - Epoch [3/100], Train Accuracy: 0.3625, Val Accuracy: 0.2833
2025-01-15 11:27:53,731 - INFO - Epoch [4/100], Train Accuracy: 0.8083, Val Accuracy: 0.5667
2025-01-15 11:27:53,743 - INFO - Epoch [5/100], Train Accuracy: 0.9875, Val Accuracy: 0.7500
2025-01-15 11:27:53,754 - INFO - Epoch [6/100], Train Accuracy: 0.9958, Val Accuracy: 0.7333
2025-01-15 11:27:53,755 - INFO - Fold 5 Validation Accuracy: 0.7333
2025-01-15 11:27:53,755 - INFO - Average Validation Accuracy (Over 5 folds): 0.7900 

2025-01-15 11:27:53,774 - INFO - Training with Vectorized Data 2000 features. Dropout Rate 0.71. Dataset Size 300. 128 neurons.
2025-01-15 11:27:53,774 - INFO - Training for fold 1/5
2025-01-15 11:27:53,790 - INFO - Epoch [1/100], Train Accuracy: 0.3333, Val Accuracy: 0.3500
2025-01-15 11:27:53,804 - INFO - Epoch [2/100], Train Accuracy: 0.3375, Val Accuracy: 0.3500
2025-01-15 11:27:53,818 - INFO - Epoch [3/100], Train Accuracy: 0.6458, Val Accuracy: 0.6167
2025-01-15 11:27:53,830 - INFO - Epoch [4/100], Train Accuracy: 0.9500, Val Accuracy: 0.7500
2025-01-15 11:27:53,842 - INFO - Epoch [5/100], Train Accuracy: 0.9792, Val Accuracy: 0.7667
2025-01-15 11:27:53,853 - INFO - Epoch [6/100], Train Accuracy: 0.9875, Val Accuracy: 0.7333
2025-01-15 11:27:53,865 - INFO - Epoch [7/100], Train Accuracy: 0.9958, Val Accuracy: 0.7667
2025-01-15 11:27:53,877 - INFO - Epoch [8/100], Train Accuracy: 0.9958, Val Accuracy: 0.8000
2025-01-15 11:27:53,888 - INFO - Epoch [9/100], Train Accuracy: 0.9958, Val Accuracy: 0.8167
2025-01-15 11:27:53,902 - INFO - Epoch [10/100], Train Accuracy: 0.9958, Val Accuracy: 0.8667
2025-01-15 11:27:53,916 - INFO - Epoch [11/100], Train Accuracy: 0.9958, Val Accuracy: 0.8833
2025-01-15 11:27:53,930 - INFO - Epoch [12/100], Train Accuracy: 0.9958, Val Accuracy: 0.8833
2025-01-15 11:27:53,943 - INFO - Epoch [13/100], Train Accuracy: 1.0000, Val Accuracy: 0.8833
2025-01-15 11:27:53,944 - INFO - Fold 1 Validation Accuracy: 0.8833
2025-01-15 11:27:53,944 - INFO - Training for fold 2/5
2025-01-15 11:27:53,959 - INFO - Epoch [1/100], Train Accuracy: 0.3208, Val Accuracy: 0.3833
2025-01-15 11:27:53,971 - INFO - Epoch [2/100], Train Accuracy: 0.5250, Val Accuracy: 0.5667
2025-01-15 11:27:53,984 - INFO - Epoch [3/100], Train Accuracy: 0.9542, Val Accuracy: 0.8000
2025-01-15 11:27:53,995 - INFO - Epoch [4/100], Train Accuracy: 0.9917, Val Accuracy: 0.7833
2025-01-15 11:27:53,997 - INFO - Fold 2 Validation Accuracy: 0.7833
2025-01-15 11:27:53,997 - INFO - Training for fold 3/5
2025-01-15 11:27:54,011 - INFO - Epoch [1/100], Train Accuracy: 0.3333, Val Accuracy: 0.3333
2025-01-15 11:27:54,023 - INFO - Epoch [2/100], Train Accuracy: 0.3333, Val Accuracy: 0.3333
2025-01-15 11:27:54,036 - INFO - Epoch [3/100], Train Accuracy: 0.5000, Val Accuracy: 0.4000
2025-01-15 11:27:54,048 - INFO - Epoch [4/100], Train Accuracy: 0.9375, Val Accuracy: 0.6500
2025-01-15 11:27:54,060 - INFO - Epoch [5/100], Train Accuracy: 0.9917, Val Accuracy: 0.6500
2025-01-15 11:27:54,071 - INFO - Epoch [6/100], Train Accuracy: 1.0000, Val Accuracy: 0.6500
2025-01-15 11:27:54,073 - INFO - Fold 3 Validation Accuracy: 0.6500
2025-01-15 11:27:54,073 - INFO - Training for fold 4/5
2025-01-15 11:27:54,086 - INFO - Epoch [1/100], Train Accuracy: 0.3500, Val Accuracy: 0.5333
2025-01-15 11:27:54,104 - INFO - Epoch [2/100], Train Accuracy: 0.6333, Val Accuracy: 0.6333
2025-01-15 11:27:54,121 - INFO - Epoch [3/100], Train Accuracy: 0.9667, Val Accuracy: 0.7667
2025-01-15 11:27:54,134 - INFO - Epoch [4/100], Train Accuracy: 0.9958, Val Accuracy: 0.7833
2025-01-15 11:27:54,146 - INFO - Epoch [5/100], Train Accuracy: 0.9917, Val Accuracy: 0.7833
2025-01-15 11:27:54,161 - INFO - Epoch [6/100], Train Accuracy: 0.9917, Val Accuracy: 0.7500
2025-01-15 11:27:54,163 - INFO - Fold 4 Validation Accuracy: 0.7500
2025-01-15 11:27:54,163 - INFO - Training for fold 5/5
2025-01-15 11:27:54,179 - INFO - Epoch [1/100], Train Accuracy: 0.3458, Val Accuracy: 0.2833
2025-01-15 11:27:54,193 - INFO - Epoch [2/100], Train Accuracy: 0.3458, Val Accuracy: 0.2833
2025-01-15 11:27:54,209 - INFO - Epoch [3/100], Train Accuracy: 0.3750, Val Accuracy: 0.3000
2025-01-15 11:27:54,225 - INFO - Epoch [4/100], Train Accuracy: 0.7000, Val Accuracy: 0.4667
2025-01-15 11:27:54,239 - INFO - Epoch [5/100], Train Accuracy: 0.9667, Val Accuracy: 0.6833
2025-01-15 11:27:54,249 - INFO - Epoch [6/100], Train Accuracy: 0.9917, Val Accuracy: 0.7500
2025-01-15 11:27:54,261 - INFO - Epoch [7/100], Train Accuracy: 1.0000, Val Accuracy: 0.8167
2025-01-15 11:27:54,262 - INFO - Fold 5 Validation Accuracy: 0.8167
2025-01-15 11:27:54,263 - INFO - Average Validation Accuracy (Over 5 folds): 0.7767 

2025-01-15 11:27:54,281 - INFO - Training with Vectorized Data 2000 features. Dropout Rate 0.81. Dataset Size 300. 128 neurons.
2025-01-15 11:27:54,281 - INFO - Training for fold 1/5
2025-01-15 11:27:54,297 - INFO - Epoch [1/100], Train Accuracy: 0.3292, Val Accuracy: 0.3333
2025-01-15 11:27:54,309 - INFO - Epoch [2/100], Train Accuracy: 0.3375, Val Accuracy: 0.3500
2025-01-15 11:27:54,322 - INFO - Epoch [3/100], Train Accuracy: 0.4875, Val Accuracy: 0.4167
2025-01-15 11:27:54,335 - INFO - Epoch [4/100], Train Accuracy: 0.8250, Val Accuracy: 0.5833
2025-01-15 11:27:54,347 - INFO - Epoch [5/100], Train Accuracy: 0.9667, Val Accuracy: 0.6833
2025-01-15 11:27:54,359 - INFO - Epoch [6/100], Train Accuracy: 0.9958, Val Accuracy: 0.7667
2025-01-15 11:27:54,370 - INFO - Epoch [7/100], Train Accuracy: 0.9958, Val Accuracy: 0.8167
2025-01-15 11:27:54,383 - INFO - Epoch [8/100], Train Accuracy: 0.9958, Val Accuracy: 0.8667
2025-01-15 11:27:54,396 - INFO - Epoch [9/100], Train Accuracy: 0.9958, Val Accuracy: 0.8667
2025-01-15 11:27:54,409 - INFO - Epoch [10/100], Train Accuracy: 0.9958, Val Accuracy: 0.8833
2025-01-15 11:27:54,420 - INFO - Epoch [11/100], Train Accuracy: 1.0000, Val Accuracy: 0.8833
2025-01-15 11:27:54,421 - INFO - Fold 1 Validation Accuracy: 0.8833
2025-01-15 11:27:54,421 - INFO - Training for fold 2/5
2025-01-15 11:27:54,437 - INFO - Epoch [1/100], Train Accuracy: 0.3583, Val Accuracy: 0.2500
2025-01-15 11:27:54,452 - INFO - Epoch [2/100], Train Accuracy: 0.3542, Val Accuracy: 0.2500
2025-01-15 11:27:54,463 - INFO - Epoch [3/100], Train Accuracy: 0.4917, Val Accuracy: 0.3167
2025-01-15 11:27:54,476 - INFO - Epoch [4/100], Train Accuracy: 0.8833, Val Accuracy: 0.4333
2025-01-15 11:27:54,487 - INFO - Epoch [5/100], Train Accuracy: 0.9708, Val Accuracy: 0.5500
2025-01-15 11:27:54,498 - INFO - Epoch [6/100], Train Accuracy: 0.9833, Val Accuracy: 0.6333
2025-01-15 11:27:54,508 - INFO - Epoch [7/100], Train Accuracy: 0.9917, Val Accuracy: 0.8000
2025-01-15 11:27:54,520 - INFO - Epoch [8/100], Train Accuracy: 0.9917, Val Accuracy: 0.8000
2025-01-15 11:27:54,531 - INFO - Epoch [9/100], Train Accuracy: 0.9958, Val Accuracy: 0.8167
2025-01-15 11:27:54,544 - INFO - Epoch [10/100], Train Accuracy: 0.9958, Val Accuracy: 0.8833
2025-01-15 11:27:54,556 - INFO - Epoch [11/100], Train Accuracy: 1.0000, Val Accuracy: 0.8833
2025-01-15 11:27:54,559 - INFO - Fold 2 Validation Accuracy: 0.8833
2025-01-15 11:27:54,559 - INFO - Training for fold 3/5
2025-01-15 11:27:54,575 - INFO - Epoch [1/100], Train Accuracy: 0.3333, Val Accuracy: 0.3333
2025-01-15 11:27:54,591 - INFO - Epoch [2/100], Train Accuracy: 0.3333, Val Accuracy: 0.3333
2025-01-15 11:27:54,606 - INFO - Epoch [3/100], Train Accuracy: 0.4958, Val Accuracy: 0.4333
2025-01-15 11:27:54,621 - INFO - Epoch [4/100], Train Accuracy: 0.9417, Val Accuracy: 0.6500
2025-01-15 11:27:54,636 - INFO - Epoch [5/100], Train Accuracy: 0.9958, Val Accuracy: 0.7500
2025-01-15 11:27:54,651 - INFO - Epoch [6/100], Train Accuracy: 1.0000, Val Accuracy: 0.8000
2025-01-15 11:27:54,653 - INFO - Fold 3 Validation Accuracy: 0.8000
2025-01-15 11:27:54,653 - INFO - Training for fold 4/5
2025-01-15 11:27:54,675 - INFO - Epoch [1/100], Train Accuracy: 0.3250, Val Accuracy: 0.4333
2025-01-15 11:27:54,690 - INFO - Epoch [2/100], Train Accuracy: 0.3167, Val Accuracy: 0.4833
2025-01-15 11:27:54,703 - INFO - Epoch [3/100], Train Accuracy: 0.8208, Val Accuracy: 0.7333
2025-01-15 11:27:54,714 - INFO - Epoch [4/100], Train Accuracy: 0.9917, Val Accuracy: 0.8500
2025-01-15 11:27:54,725 - INFO - Epoch [5/100], Train Accuracy: 1.0000, Val Accuracy: 0.8167
2025-01-15 11:27:54,727 - INFO - Fold 4 Validation Accuracy: 0.8167
2025-01-15 11:27:54,727 - INFO - Training for fold 5/5
2025-01-15 11:27:54,744 - INFO - Epoch [1/100], Train Accuracy: 0.3375, Val Accuracy: 0.3833
2025-01-15 11:27:54,756 - INFO - Epoch [2/100], Train Accuracy: 0.5375, Val Accuracy: 0.4167
2025-01-15 11:27:54,768 - INFO - Epoch [3/100], Train Accuracy: 0.6833, Val Accuracy: 0.4833
2025-01-15 11:27:54,779 - INFO - Epoch [4/100], Train Accuracy: 0.9250, Val Accuracy: 0.5500
2025-01-15 11:27:54,791 - INFO - Epoch [5/100], Train Accuracy: 0.9875, Val Accuracy: 0.6500
2025-01-15 11:27:54,803 - INFO - Epoch [6/100], Train Accuracy: 0.9958, Val Accuracy: 0.6333
2025-01-15 11:27:54,804 - INFO - Fold 5 Validation Accuracy: 0.6333
2025-01-15 11:27:54,805 - INFO - Average Validation Accuracy (Over 5 folds): 0.8033 

2025-01-15 11:27:54,823 - INFO - Training with Vectorized Data 2000 features. Dropout Rate 0.91. Dataset Size 300. 128 neurons.
2025-01-15 11:27:54,824 - INFO - Training for fold 1/5
2025-01-15 11:27:54,839 - INFO - Epoch [1/100], Train Accuracy: 0.3708, Val Accuracy: 0.5167
2025-01-15 11:27:54,852 - INFO - Epoch [2/100], Train Accuracy: 0.6458, Val Accuracy: 0.6500
2025-01-15 11:27:54,865 - INFO - Epoch [3/100], Train Accuracy: 0.9333, Val Accuracy: 0.7333
2025-01-15 11:27:54,876 - INFO - Epoch [4/100], Train Accuracy: 0.9958, Val Accuracy: 0.7667
2025-01-15 11:27:54,888 - INFO - Epoch [5/100], Train Accuracy: 1.0000, Val Accuracy: 0.8000
2025-01-15 11:27:54,889 - INFO - Fold 1 Validation Accuracy: 0.8000
2025-01-15 11:27:54,889 - INFO - Training for fold 2/5
2025-01-15 11:27:54,903 - INFO - Epoch [1/100], Train Accuracy: 0.3292, Val Accuracy: 0.3500
2025-01-15 11:27:54,917 - INFO - Epoch [2/100], Train Accuracy: 0.3333, Val Accuracy: 0.3833
2025-01-15 11:27:54,930 - INFO - Epoch [3/100], Train Accuracy: 0.6833, Val Accuracy: 0.5833
2025-01-15 11:27:54,942 - INFO - Epoch [4/100], Train Accuracy: 0.9833, Val Accuracy: 0.8000
2025-01-15 11:27:54,954 - INFO - Epoch [5/100], Train Accuracy: 0.9958, Val Accuracy: 0.8500
2025-01-15 11:27:54,965 - INFO - Epoch [6/100], Train Accuracy: 1.0000, Val Accuracy: 0.8667
2025-01-15 11:27:54,966 - INFO - Fold 2 Validation Accuracy: 0.8667
2025-01-15 11:27:54,966 - INFO - Training for fold 3/5
2025-01-15 11:27:54,981 - INFO - Epoch [1/100], Train Accuracy: 0.3333, Val Accuracy: 0.3500
2025-01-15 11:27:54,993 - INFO - Epoch [2/100], Train Accuracy: 0.3292, Val Accuracy: 0.3500
2025-01-15 11:27:55,005 - INFO - Epoch [3/100], Train Accuracy: 0.4250, Val Accuracy: 0.4167
2025-01-15 11:27:55,017 - INFO - Epoch [4/100], Train Accuracy: 0.8417, Val Accuracy: 0.6833
2025-01-15 11:27:55,028 - INFO - Epoch [5/100], Train Accuracy: 0.9875, Val Accuracy: 0.8333
2025-01-15 11:27:55,039 - INFO - Epoch [6/100], Train Accuracy: 1.0000, Val Accuracy: 0.7833
2025-01-15 11:27:55,041 - INFO - Fold 3 Validation Accuracy: 0.7833
2025-01-15 11:27:55,041 - INFO - Training for fold 4/5
2025-01-15 11:27:55,055 - INFO - Epoch [1/100], Train Accuracy: 0.3125, Val Accuracy: 0.3500
2025-01-15 11:27:55,067 - INFO - Epoch [2/100], Train Accuracy: 0.4542, Val Accuracy: 0.4833
2025-01-15 11:27:55,078 - INFO - Epoch [3/100], Train Accuracy: 0.6708, Val Accuracy: 0.5500
2025-01-15 11:27:55,090 - INFO - Epoch [4/100], Train Accuracy: 0.7750, Val Accuracy: 0.7167
2025-01-15 11:27:55,101 - INFO - Epoch [5/100], Train Accuracy: 0.9750, Val Accuracy: 0.7833
2025-01-15 11:27:55,113 - INFO - Epoch [6/100], Train Accuracy: 0.9958, Val Accuracy: 0.7833
2025-01-15 11:27:55,126 - INFO - Epoch [7/100], Train Accuracy: 0.9958, Val Accuracy: 0.7833
2025-01-15 11:27:55,139 - INFO - Epoch [8/100], Train Accuracy: 0.9958, Val Accuracy: 0.7667
2025-01-15 11:27:55,141 - INFO - Fold 4 Validation Accuracy: 0.7667
2025-01-15 11:27:55,141 - INFO - Training for fold 5/5
2025-01-15 11:27:55,155 - INFO - Epoch [1/100], Train Accuracy: 0.3083, Val Accuracy: 0.4333
2025-01-15 11:27:55,169 - INFO - Epoch [2/100], Train Accuracy: 0.3083, Val Accuracy: 0.4333
2025-01-15 11:27:55,182 - INFO - Epoch [3/100], Train Accuracy: 0.3167, Val Accuracy: 0.4333
2025-01-15 11:27:55,197 - INFO - Epoch [4/100], Train Accuracy: 0.6458, Val Accuracy: 0.6167
2025-01-15 11:27:55,211 - INFO - Epoch [5/100], Train Accuracy: 0.9542, Val Accuracy: 0.7833
2025-01-15 11:27:55,223 - INFO - Epoch [6/100], Train Accuracy: 0.9958, Val Accuracy: 0.8500
2025-01-15 11:27:55,235 - INFO - Epoch [7/100], Train Accuracy: 0.9958, Val Accuracy: 0.8000
2025-01-15 11:27:55,237 - INFO - Fold 5 Validation Accuracy: 0.8000
2025-01-15 11:27:55,237 - INFO - Average Validation Accuracy (Over 5 folds): 0.8033 

