2025-01-15 23:55:20,636 - INFO - Training with Vectorized Data 2000 features. Dropout Rate 0.56. Dataset Size 2400. 128 neurons. Leanring Rate 0.001
2025-01-15 23:55:20,636 - INFO - Training for fold 1/5
2025-01-15 23:55:21,940 - INFO - Epoch [1/100], Train Accuracy: 0.6422, Val Accuracy: 0.8771
2025-01-15 23:55:22,043 - INFO - Epoch [2/100], Train Accuracy: 0.9115, Val Accuracy: 0.9062
2025-01-15 23:55:22,148 - INFO - Epoch [3/100], Train Accuracy: 0.9432, Val Accuracy: 0.8958
2025-01-15 23:55:22,251 - INFO - Epoch [4/100], Train Accuracy: 0.9688, Val Accuracy: 0.9104
2025-01-15 23:55:22,348 - INFO - Epoch [5/100], Train Accuracy: 0.9849, Val Accuracy: 0.9187
2025-01-15 23:55:22,448 - INFO - Epoch [6/100], Train Accuracy: 0.9896, Val Accuracy: 0.9146
2025-01-15 23:55:22,548 - INFO - Epoch [7/100], Train Accuracy: 0.9927, Val Accuracy: 0.9104
2025-01-15 23:55:22,559 - INFO - Fold 1 Validation Accuracy: 0.9104
2025-01-15 23:55:22,559 - INFO - Training for fold 2/5
2025-01-15 23:55:22,678 - INFO - Epoch [1/100], Train Accuracy: 0.5505, Val Accuracy: 0.8521
2025-01-15 23:55:22,773 - INFO - Epoch [2/100], Train Accuracy: 0.8938, Val Accuracy: 0.8771
2025-01-15 23:55:22,875 - INFO - Epoch [3/100], Train Accuracy: 0.9443, Val Accuracy: 0.8958
2025-01-15 23:55:22,973 - INFO - Epoch [4/100], Train Accuracy: 0.9677, Val Accuracy: 0.9042
2025-01-15 23:55:23,068 - INFO - Epoch [5/100], Train Accuracy: 0.9849, Val Accuracy: 0.9062
2025-01-15 23:55:23,165 - INFO - Epoch [6/100], Train Accuracy: 0.9917, Val Accuracy: 0.9104
2025-01-15 23:55:23,264 - INFO - Epoch [7/100], Train Accuracy: 0.9948, Val Accuracy: 0.9104
2025-01-15 23:55:23,361 - INFO - Epoch [8/100], Train Accuracy: 0.9953, Val Accuracy: 0.9062
2025-01-15 23:55:23,370 - INFO - Fold 2 Validation Accuracy: 0.9062
2025-01-15 23:55:23,370 - INFO - Training for fold 3/5
2025-01-15 23:55:23,483 - INFO - Epoch [1/100], Train Accuracy: 0.6406, Val Accuracy: 0.8896
2025-01-15 23:55:23,591 - INFO - Epoch [2/100], Train Accuracy: 0.9031, Val Accuracy: 0.9000
2025-01-15 23:55:23,695 - INFO - Epoch [3/100], Train Accuracy: 0.9370, Val Accuracy: 0.9271
2025-01-15 23:55:23,800 - INFO - Epoch [4/100], Train Accuracy: 0.9651, Val Accuracy: 0.9208
2025-01-15 23:55:23,904 - INFO - Epoch [5/100], Train Accuracy: 0.9812, Val Accuracy: 0.9292
2025-01-15 23:55:24,001 - INFO - Epoch [6/100], Train Accuracy: 0.9917, Val Accuracy: 0.9292
2025-01-15 23:55:24,108 - INFO - Epoch [7/100], Train Accuracy: 0.9943, Val Accuracy: 0.9187
2025-01-15 23:55:24,117 - INFO - Fold 3 Validation Accuracy: 0.9187
2025-01-15 23:55:24,117 - INFO - Training for fold 4/5
2025-01-15 23:55:24,228 - INFO - Epoch [1/100], Train Accuracy: 0.4854, Val Accuracy: 0.7917
2025-01-15 23:55:24,332 - INFO - Epoch [2/100], Train Accuracy: 0.8943, Val Accuracy: 0.8729
2025-01-15 23:55:24,424 - INFO - Epoch [3/100], Train Accuracy: 0.9490, Val Accuracy: 0.8875
2025-01-15 23:55:24,522 - INFO - Epoch [4/100], Train Accuracy: 0.9693, Val Accuracy: 0.9021
2025-01-15 23:55:24,615 - INFO - Epoch [5/100], Train Accuracy: 0.9870, Val Accuracy: 0.8979
2025-01-15 23:55:24,714 - INFO - Epoch [6/100], Train Accuracy: 0.9901, Val Accuracy: 0.9000
2025-01-15 23:55:24,724 - INFO - Fold 4 Validation Accuracy: 0.9000
2025-01-15 23:55:24,724 - INFO - Training for fold 5/5
2025-01-15 23:55:24,838 - INFO - Epoch [1/100], Train Accuracy: 0.6917, Val Accuracy: 0.8562
2025-01-15 23:55:24,942 - INFO - Epoch [2/100], Train Accuracy: 0.9198, Val Accuracy: 0.8792
2025-01-15 23:55:25,047 - INFO - Epoch [3/100], Train Accuracy: 0.9443, Val Accuracy: 0.8875
2025-01-15 23:55:25,143 - INFO - Epoch [4/100], Train Accuracy: 0.9703, Val Accuracy: 0.8938
2025-01-15 23:55:25,246 - INFO - Epoch [5/100], Train Accuracy: 0.9839, Val Accuracy: 0.8938
2025-01-15 23:55:25,351 - INFO - Epoch [6/100], Train Accuracy: 0.9880, Val Accuracy: 0.8979
2025-01-15 23:55:25,452 - INFO - Epoch [7/100], Train Accuracy: 0.9932, Val Accuracy: 0.9021
2025-01-15 23:55:25,560 - INFO - Epoch [8/100], Train Accuracy: 0.9958, Val Accuracy: 0.9083
2025-01-15 23:55:25,664 - INFO - Epoch [9/100], Train Accuracy: 0.9969, Val Accuracy: 0.9146
2025-01-15 23:55:25,754 - INFO - Epoch [10/100], Train Accuracy: 0.9979, Val Accuracy: 0.9146
2025-01-15 23:55:25,845 - INFO - Epoch [11/100], Train Accuracy: 0.9984, Val Accuracy: 0.9083
2025-01-15 23:55:25,855 - INFO - Fold 5 Validation Accuracy: 0.9083
2025-01-15 23:55:25,856 - INFO - Average Validation Accuracy (Over 5 folds): 0.9088 

2025-01-15 23:55:26,013 - INFO - Training with Vectorized Data 2000 features. Dropout Rate 0.56. Dataset Size 2400. 128 neurons. Leanring Rate 0.001
2025-01-15 23:55:26,013 - INFO - Training for fold 1/5
2025-01-15 23:55:26,123 - INFO - Epoch [1/100], Train Accuracy: 0.5104, Val Accuracy: 0.8729
2025-01-15 23:55:26,209 - INFO - Epoch [2/100], Train Accuracy: 0.9057, Val Accuracy: 0.8979
2025-01-15 23:55:26,301 - INFO - Epoch [3/100], Train Accuracy: 0.9406, Val Accuracy: 0.9125
2025-01-15 23:55:26,395 - INFO - Epoch [4/100], Train Accuracy: 0.9677, Val Accuracy: 0.9187
2025-01-15 23:55:26,485 - INFO - Epoch [5/100], Train Accuracy: 0.9812, Val Accuracy: 0.9187
2025-01-15 23:55:26,577 - INFO - Epoch [6/100], Train Accuracy: 0.9922, Val Accuracy: 0.9229
2025-01-15 23:55:26,668 - INFO - Epoch [7/100], Train Accuracy: 0.9964, Val Accuracy: 0.9208
2025-01-15 23:55:26,678 - INFO - Fold 1 Validation Accuracy: 0.9208
2025-01-15 23:55:26,678 - INFO - Training for fold 2/5
2025-01-15 23:55:26,788 - INFO - Epoch [1/100], Train Accuracy: 0.5464, Val Accuracy: 0.8625
2025-01-15 23:55:26,876 - INFO - Epoch [2/100], Train Accuracy: 0.9068, Val Accuracy: 0.8812
2025-01-15 23:55:26,963 - INFO - Epoch [3/100], Train Accuracy: 0.9443, Val Accuracy: 0.8854
2025-01-15 23:55:27,055 - INFO - Epoch [4/100], Train Accuracy: 0.9708, Val Accuracy: 0.8979
2025-01-15 23:55:27,146 - INFO - Epoch [5/100], Train Accuracy: 0.9828, Val Accuracy: 0.9000
2025-01-15 23:55:27,235 - INFO - Epoch [6/100], Train Accuracy: 0.9901, Val Accuracy: 0.9000
2025-01-15 23:55:27,326 - INFO - Epoch [7/100], Train Accuracy: 0.9943, Val Accuracy: 0.9042
2025-01-15 23:55:27,417 - INFO - Epoch [8/100], Train Accuracy: 0.9958, Val Accuracy: 0.9000
2025-01-15 23:55:27,428 - INFO - Fold 2 Validation Accuracy: 0.9000
2025-01-15 23:55:27,428 - INFO - Training for fold 3/5
2025-01-15 23:55:27,541 - INFO - Epoch [1/100], Train Accuracy: 0.6099, Val Accuracy: 0.8708
2025-01-15 23:55:27,639 - INFO - Epoch [2/100], Train Accuracy: 0.9026, Val Accuracy: 0.8833
2025-01-15 23:55:27,731 - INFO - Epoch [3/100], Train Accuracy: 0.9458, Val Accuracy: 0.9042
2025-01-15 23:55:27,823 - INFO - Epoch [4/100], Train Accuracy: 0.9719, Val Accuracy: 0.9208
2025-01-15 23:55:27,916 - INFO - Epoch [5/100], Train Accuracy: 0.9833, Val Accuracy: 0.9208
2025-01-15 23:55:28,008 - INFO - Epoch [6/100], Train Accuracy: 0.9896, Val Accuracy: 0.9167
2025-01-15 23:55:28,104 - INFO - Epoch [7/100], Train Accuracy: 0.9958, Val Accuracy: 0.9187
2025-01-15 23:55:28,114 - INFO - Fold 3 Validation Accuracy: 0.9187
2025-01-15 23:55:28,115 - INFO - Training for fold 4/5
2025-01-15 23:55:28,236 - INFO - Epoch [1/100], Train Accuracy: 0.6109, Val Accuracy: 0.8771
2025-01-15 23:55:28,334 - INFO - Epoch [2/100], Train Accuracy: 0.9161, Val Accuracy: 0.8979
2025-01-15 23:55:28,438 - INFO - Epoch [3/100], Train Accuracy: 0.9391, Val Accuracy: 0.9021
2025-01-15 23:55:28,537 - INFO - Epoch [4/100], Train Accuracy: 0.9698, Val Accuracy: 0.9167
2025-01-15 23:55:28,635 - INFO - Epoch [5/100], Train Accuracy: 0.9844, Val Accuracy: 0.9208
2025-01-15 23:55:28,731 - INFO - Epoch [6/100], Train Accuracy: 0.9896, Val Accuracy: 0.9313
2025-01-15 23:55:28,829 - INFO - Epoch [7/100], Train Accuracy: 0.9938, Val Accuracy: 0.9292
2025-01-15 23:55:28,840 - INFO - Fold 4 Validation Accuracy: 0.9292
2025-01-15 23:55:28,840 - INFO - Training for fold 5/5
2025-01-15 23:55:28,971 - INFO - Epoch [1/100], Train Accuracy: 0.6214, Val Accuracy: 0.8500
2025-01-15 23:55:29,070 - INFO - Epoch [2/100], Train Accuracy: 0.9125, Val Accuracy: 0.8625
2025-01-15 23:55:29,174 - INFO - Epoch [3/100], Train Accuracy: 0.9411, Val Accuracy: 0.8833
2025-01-15 23:55:29,275 - INFO - Epoch [4/100], Train Accuracy: 0.9693, Val Accuracy: 0.9042
2025-01-15 23:55:29,376 - INFO - Epoch [5/100], Train Accuracy: 0.9839, Val Accuracy: 0.9104
2025-01-15 23:55:29,516 - INFO - Epoch [6/100], Train Accuracy: 0.9901, Val Accuracy: 0.9146
2025-01-15 23:55:29,644 - INFO - Epoch [7/100], Train Accuracy: 0.9932, Val Accuracy: 0.9146
2025-01-15 23:55:29,753 - INFO - Epoch [8/100], Train Accuracy: 0.9958, Val Accuracy: 0.9208
2025-01-15 23:55:29,853 - INFO - Epoch [9/100], Train Accuracy: 0.9964, Val Accuracy: 0.9208
2025-01-15 23:55:29,956 - INFO - Epoch [10/100], Train Accuracy: 0.9964, Val Accuracy: 0.9167
2025-01-15 23:55:29,966 - INFO - Fold 5 Validation Accuracy: 0.9167
2025-01-15 23:55:29,966 - INFO - Average Validation Accuracy (Over 5 folds): 0.9171 

2025-01-15 23:55:29,966 - INFO - Error: unsupported format string passed to list.__format__
